2023-06-29 13:34:20,827 CRIT Supervisor is running as root.  Privileges were not dropped because no user is specified in the config file.  If you intend to run as root, you can set user=root in the config file to avoid this message.
2023-06-29 13:34:20,828 INFO supervisord started with pid 8
2023-06-29 13:34:21,831 INFO spawned: 'nginx' with pid 11
2023-06-29 13:34:21,832 INFO spawned: 'app' with pid 12
Traceback (most recent call last):
  File "/app/main.py", line 14, in <module>
    app.register()
  File "/app/engine/app.py", line 202, in register
    state.register()
  File "/app/apps/svd/app.py", line 22, in register
    self.register_transition('initial_pca', Role.BOTH)
  File "/app/engine/app.py", line 424, in register_transition
    self._app.register_transition(f'{self.name}_{name}', self.name, target, participant, coordinator)
  File "/app/engine/app.py", line 293, in register_transition
    self.log(f'target state {target} not found', level=LogLevel.FATAL)
  File "/app/engine/app.py", line 340, in log
    raise RuntimeError(msg)
RuntimeError: [Time: 29.06.23 13:34:22] [Level: fatal] target state initial_pca not found
2023-06-29 13:34:22,258 INFO exited: app (exit status 1; not expected)
2023-06-29 13:34:23,260 INFO success: nginx entered RUNNING state, process has stayed up for > than 1 seconds (startsecs)
2023-06-29 13:34:23,263 INFO spawned: 'app' with pid 48
Traceback (most recent call last):
  File "/app/main.py", line 14, in <module>
    app.register()
  File "/app/engine/app.py", line 202, in register
    state.register()
  File "/app/apps/svd/app.py", line 22, in register
    self.register_transition('initial_pca', Role.BOTH)
  File "/app/engine/app.py", line 424, in register_transition
    self._app.register_transition(f'{self.name}_{name}', self.name, target, participant, coordinator)
  File "/app/engine/app.py", line 293, in register_transition
    self.log(f'target state {target} not found', level=LogLevel.FATAL)
  File "/app/engine/app.py", line 340, in log
    raise RuntimeError(msg)
RuntimeError: [Time: 29.06.23 13:34:23] [Level: fatal] target state initial_pca not found
2023-06-29 13:34:23,687 INFO exited: app (exit status 1; not expected)
2023-06-29 13:34:25,692 INFO spawned: 'app' with pid 72
Traceback (most recent call last):
  File "/app/main.py", line 14, in <module>
    app.register()
  File "/app/engine/app.py", line 202, in register
    state.register()
  File "/app/apps/svd/app.py", line 22, in register
    self.register_transition('initial_pca', Role.BOTH)
  File "/app/engine/app.py", line 424, in register_transition
    self._app.register_transition(f'{self.name}_{name}', self.name, target, participant, coordinator)
  File "/app/engine/app.py", line 293, in register_transition
    self.log(f'target state {target} not found', level=LogLevel.FATAL)
  File "/app/engine/app.py", line 340, in log
    raise RuntimeError(msg)
RuntimeError: [Time: 29.06.23 13:34:26] [Level: fatal] target state initial_pca not found
2023-06-29 13:34:26,086 INFO exited: app (exit status 1; not expected)
2023-06-29 13:34:29,093 INFO spawned: 'app' with pid 96
Traceback (most recent call last):
  File "/app/main.py", line 14, in <module>
    app.register()
  File "/app/engine/app.py", line 202, in register
    state.register()
  File "/app/apps/svd/app.py", line 22, in register
    self.register_transition('initial_pca', Role.BOTH)
  File "/app/engine/app.py", line 424, in register_transition
    self._app.register_transition(f'{self.name}_{name}', self.name, target, participant, coordinator)
  File "/app/engine/app.py", line 293, in register_transition
    self.log(f'target state {target} not found', level=LogLevel.FATAL)
  File "/app/engine/app.py", line 340, in log
    raise RuntimeError(msg)
RuntimeError: [Time: 29.06.23 13:34:29] [Level: fatal] target state initial_pca not found
2023-06-29 13:34:29,492 INFO exited: app (exit status 1; not expected)
2023-06-29 13:34:30,494 INFO gave up: app entered FATAL state, too many start retries too quickly
