2023-06-28 07:11:37,491 CRIT Supervisor is running as root.  Privileges were not dropped because no user is specified in the config file.  If you intend to run as root, you can set user=root in the config file to avoid this message.
2023-06-28 07:11:37,492 INFO supervisord started with pid 7
2023-06-28 07:11:38,493 INFO spawned: 'nginx' with pid 10
2023-06-28 07:11:38,495 INFO spawned: 'app' with pid 11
2023-06-28 07:11:39,512 INFO success: nginx entered RUNNING state, process has stayed up for > than 1 seconds (startsecs)
2023-06-28 07:11:39,512 INFO success: app entered RUNNING state, process has stayed up for > than 1 seconds (startsecs)
[CTRL] POST /setup
[Time: 28.06.23 07:11:41] [Level: info] id: 50760d78ebec9c01
[Time: 28.06.23 07:11:41] [Level: info] coordinator: False
[Time: 28.06.23 07:11:41] [Level: info] clients: ['4d8bc2d994db4636', '50760d78ebec9c01']
[Time: 28.06.23 07:11:41] [Level: info] state: initial
[CLIENT] Parsing parameter file...
[API] /setup parsing parameter file 
[API] /setup config file found ... parsing file: /mnt/input/config.yaml
YAML file does not follow specification: missing key: eigenvalues
Setting default: eigenvalues.tsv
YAML file does not follow specification: missing key: explained_variance
Setting default: eigenvalues.tsv
YAML file does not follow specification: missing key: output delimiter
Setting default: tab
[API] /setup config file found ... parsing done
[CLIENT] finished parsing parameter file.
[STARTUP] Instantiate SVD
[STARTUP] Copy configuration and create dir
[STARTUP] Configuration copied
Log Transform performed
[[ 6.74542027e-02  1.81002875e-01  1.61967477e-01 ...  5.41621673e-02
   2.44542698e-01 -2.60220260e-01]
 [-4.61545797e-01 -1.99712471e-03  2.53967477e-01 ...  8.65162167e-01
  -9.04573017e-02  1.22779740e-01]
 [ 1.17454203e-01  1.64002875e-01 -1.81032523e-01 ...  1.16216733e-03
   2.59542698e-01 -1.47220260e-01]
 ...
 [ 6.77109851e-01  5.27812409e-01  8.69196496e-01 ...  1.60968399e+00
   4.71524132e-01  6.26844003e-01]
 [-2.01389015e+00  7.88124088e-02  9.97196496e-01 ...  5.29683994e-01
   6.37524132e-01  1.15884400e+00]
 [-9.82890149e-01  4.64312409e-01  1.32619650e+00 ...  1.64683994e-01
   2.29524132e-01  5.23344003e-01]]
/app/apps/svd/FC_Federated_MFA.py:126: RuntimeWarning: invalid value encountered in log2
  tabdata.scaled = np.log2(tabdata.scaled+1)
[[ 9.41741748e-02  2.40012477e-01  2.16569689e-01 ...  7.60968214e-02
   3.15615728e-01 -4.34832304e-01]
 [-8.93104451e-01 -2.88412285e-03  3.26499931e-01 ...  8.99301072e-01
  -1.36786728e-01  1.67074937e-01]
 [ 1.60215706e-01  2.19094622e-01 -2.88121934e-01 ...  1.67567952e-03
   3.32900030e-01 -2.29754931e-01]
 ...
 [ 7.45977189e-01  6.11467414e-01  9.02418238e-01 ...  1.38387512e+00
   5.57311202e-01  7.02075918e-01]
 [            nan  1.09444021e-01  9.97976281e-01 ...  6.13233648e-01
   7.11516168e-01  1.11025900e+00]
 [-5.86902895e+00  5.50223383e-01  1.21797297e+00 ...  2.19938570e-01
   2.98100052e-01  6.07241769e-01]]
Log Transform performed
[[ 6.74542027e-02  1.81002875e-01  1.61967477e-01 ...  5.41621673e-02
   2.44542698e-01 -2.60220260e-01]
/app/apps/svd/FC_Federated_MFA.py:126: RuntimeWarning: invalid value encountered in log2
  tabdata.scaled = np.log2(tabdata.scaled+1)
 [-4.61545797e-01 -1.99712471e-03  2.53967477e-01 ...  8.65162167e-01
  -9.04573017e-02  1.22779740e-01]
 [ 1.17454203e-01  1.64002875e-01 -1.81032523e-01 ...  1.16216733e-03
   2.59542698e-01 -1.47220260e-01]
 ...
 [ 6.77109851e-01  5.27812409e-01  8.69196496e-01 ...  1.60968399e+00
   4.71524132e-01  6.26844003e-01]
 [-2.01389015e+00  7.88124088e-02  9.97196496e-01 ...  5.29683994e-01
   6.37524132e-01  1.15884400e+00]
 [-9.82890149e-01  4.64312409e-01  1.32619650e+00 ...  1.64683994e-01
   2.29524132e-01  5.23344003e-01]]
[[ 9.41741748e-02  2.40012477e-01  2.16569689e-01 ...  7.60968214e-02
   3.15615728e-01 -4.34832304e-01]
 [-8.93104451e-01 -2.88412285e-03  3.26499931e-01 ...  8.99301072e-01
  -1.36786728e-01  1.67074937e-01]
 [ 1.60215706e-01  2.19094622e-01 -2.88121934e-01 ...  1.67567952e-03
   3.32900030e-01 -2.29754931e-01]
 ...
 [ 7.45977189e-01  6.11467414e-01  9.02418238e-01 ...  1.38387512e+00
   5.57311202e-01  7.02075918e-01]
 [            nan  1.09444021e-01  9.97976281e-01 ...  6.13233648e-01
   7.11516168e-01  1.11025900e+00]
 [-5.86902895e+00  5.50223383e-01  1.21797297e+00 ...  2.19938570e-01
   2.98100052e-01  6.07241769e-01]]
Log Transform performed
[[ 6.74542027e-02  1.81002875e-01  1.61967477e-01  3.25515479e-02
  -8.70944698e-02  1.83038274e-01 -1.44086331e-01  1.81932079e-01
  -4.51918150e-02 -7.97581867e-02  1.56924697e-03 -2.35802434e-01
  -3.88147567e-01 -8.48201336e-02 -2.78333408e-01  5.10843583e-01
   4.66994026e-01  2.92994026e-01  3.33480080e-02  2.86135619e-01
   7.14463052e-01  2.73365707e-01  5.66002875e-01  5.41621673e-02
   2.44542698e-01 -2.60220260e-01]
 [-4.61545797e-01 -1.99712471e-03  2.53967477e-01  2.55551548e-01
  -1.70094470e-01 -1.54961726e-01  1.05913669e-01  2.29932079e-01
   4.03808185e-01 -6.81758187e-01  2.77569247e-01 -5.29802434e-01
  -3.47147567e-01 -1.55820134e-01 -2.13333408e-01  3.58435833e-02
   1.07994026e-01  7.29940257e-02  8.22348008e-01  4.16135619e-01
   5.89463052e-01  2.45365707e-01  4.78002875e-01  8.65162167e-01
  -9.04573017e-02  1.22779740e-01]
 [ 1.17454203e-01  1.64002875e-01 -1.81032523e-01  6.55515479e-02
   1.91905530e-01 -1.06961726e-01 -6.26086331e-01 -4.85067921e-01
  -4.45191815e-01 -5.87758187e-01 -3.91430753e-01 -1.41802434e-01
  -8.64147567e-01  5.41798664e-02 -2.00333408e-01 -3.71156417e-01
   3.57994026e-01 -5.61005974e-01  4.94348008e-01  2.42135619e-01
  -1.74536948e-01 -7.86342928e-02  6.00287529e-03  1.16216733e-03
   2.59542698e-01 -1.47220260e-01]
 [-2.50545797e-01 -3.06997125e-01  1.58967477e-01  2.84551548e-01
   3.48905530e-01 -1.33961726e-01  1.79136686e-02  4.40932079e-01
   7.41808185e-01  2.77241813e-01  4.31569247e-01  6.61975656e-02
   2.70852433e-01  3.04179866e-01 -5.33334079e-02  3.82843583e-01
  -4.44005974e-01  2.55994026e-01  5.53480080e-02  4.25135619e-01
   3.65463052e-01  4.09365707e-01  1.99002875e-01  4.14162167e-01
   1.10542698e-01  1.69779740e-01]
 [-2.05545797e-01  1.54002875e-01 -4.60032523e-01  1.91551548e-01
  -9.68094470e-01 -6.63961726e-01  4.49136686e-02 -3.16067921e-01
  -6.69191815e-01 -7.51758187e-01 -7.59430753e-01 -1.26980243e+00
  -1.00314757e+00 -8.86820134e-01 -5.28333408e-01 -1.30156417e-01
   1.92994026e-01 -3.48005974e-01 -2.62651992e-01 -2.91864381e-01
  -6.55369477e-02 -8.16342928e-02 -4.83997125e-01  4.90162167e-01
  -1.85457302e-01 -4.32220260e-01]
 [ 2.84542027e-02  3.26002875e-01 -1.81032523e-01  3.30551548e-01
  -4.31094470e-01 -4.89961726e-01 -1.33086331e-01 -2.79067921e-01
  -1.19191815e-01 -6.66758187e-01 -3.43430753e-01 -4.91802434e-01
  -5.52147567e-01 -2.61820134e-01 -1.53333408e-01  2.38843583e-01
   7.02994026e-01 -1.00597427e-03 -2.36519920e-02 -1.86438134e-03
   3.26463052e-01  1.91365707e-01 -1.35997125e-01  2.58162167e-01
   4.97542698e-01  1.51779740e-01]
 [ 2.26454203e-01  2.50028753e-02 -4.25032523e-01  3.62551548e-01
  -7.98094470e-01 -8.81961726e-01 -1.50086331e-01 -1.09506792e+00
  -4.94191815e-01 -1.04775819e+00 -4.84430753e-01 -9.11802434e-01
/app/apps/svd/FC_Federated_MFA.py:126: RuntimeWarning: invalid value encountered in log2
  tabdata.scaled = np.log2(tabdata.scaled+1)
  -1.17714757e+00 -5.60820134e-01 -7.90333408e-01 -3.36156417e-01
   4.38994026e-01 -4.56005974e-01 -3.57651992e-01 -3.54864381e-01
  -2.51536948e-01 -2.22634293e-01 -7.39971247e-02  6.30162167e-01
   2.65426983e-02  3.17797400e-02]]
[[ 9.41741748e-02  2.40012477e-01  2.16569689e-01  4.62138068e-02
  -1.31462521e-01  2.42496748e-01 -2.24462808e-01  2.41147132e-01
  -6.67171610e-02 -1.19915085e-01  2.26217034e-03 -3.87982433e-01
  -7.08744351e-01 -1.27872781e-01 -4.70595625e-01  5.95354307e-01
   5.52862996e-01  3.70715609e-01  4.73262028e-02  3.63042778e-01
   7.77756814e-01  3.48646817e-01  6.47086862e-01  7.60968214e-02
   3.15615728e-01 -4.34832304e-01]
 [-8.93104451e-01 -2.88412285e-03  3.26499931e-01  3.28321261e-01
  -2.68980974e-01 -2.42911409e-01  1.45238768e-01  2.98578647e-01
   4.89345821e-01 -1.65180469e+00  3.53401490e-01 -1.08866103e+00
  -6.15171165e-01 -2.44377673e-01 -3.46175778e-01  5.08061664e-02
   1.47950102e-01  1.01642043e-01  8.65798492e-01  5.01959434e-01
   6.68539481e-01  3.16569458e-01  5.63649076e-01  8.99301072e-01
  -1.36786728e-01  1.67074937e-01]
 [ 1.60215706e-01  2.19094622e-01 -2.88121934e-01  9.16003876e-02
   2.53269893e-01 -1.63206088e-01 -1.41922288e+00 -9.57545946e-01
  -8.49939023e-01 -1.27843725e+00 -7.16506663e-01 -2.20618286e-01
  -2.87988769e+00  7.61210437e-02 -3.22529478e-01 -6.69226885e-01
   4.41477133e-01 -1.18772679e+00  5.79516166e-01  3.12822698e-01
  -2.76724453e-01 -1.18154192e-01  8.63442857e-03  1.67567952e-03
   3.32900030e-01 -2.29754931e-01]
 [-4.16087774e-01 -5.29066757e-01  2.12840082e-01  3.61264785e-01
   4.31789313e-01 -2.07497310e-01  2.56152086e-02  5.27002333e-01
   8.00585757e-01  3.53031689e-01  5.17597457e-01  9.24747931e-02
   3.45796519e-01  3.83142853e-01 -7.90716846e-02  4.67637979e-01
  -8.46858714e-01  3.28829602e-01  7.77188157e-02  5.11099215e-01
   4.49390277e-01  4.95046016e-01  2.61835118e-01  4.99947569e-01
   1.51264863e-01  2.26236908e-01]
 [-3.31964039e-01  2.06646819e-01 -8.89055580e-01  2.52841365e-01
  -4.97004968e+00 -1.57330253e+00  6.33837509e-02 -5.48075036e-01
  -1.59593316e+00 -2.01018195e+00 -2.05547587e+00             nan
              nan -3.14331075e+00 -1.08416068e+00 -2.01172098e-01
   2.54586818e-01 -6.17069350e-01 -4.39582402e-01 -4.97902410e-01
  -9.77904725e-02 -1.22859324e-01 -9.54548990e-01  5.75469341e-01
  -2.95937768e-01 -8.16596724e-01]
 [ 4.04775518e-02  4.07083904e-01 -2.88121934e-01  4.12024404e-01
  -8.13738990e-01 -9.71322583e-01 -2.06039765e-01 -4.72064750e-01
  -1.83100219e-01 -1.58535866e+00 -6.06980918e-01 -9.76538630e-01
  -1.15890465e+00 -4.37955706e-01 -2.40134131e-01  3.08994044e-01
   7.68073374e-01 -1.45204457e-03 -3.45326234e-02 -2.69224419e-03
   4.07584491e-01  2.52616338e-01 -2.10891981e-01  3.31317886e-01
   5.82597138e-01  2.03864850e-01]
 [ 2.94493363e-01  3.56279567e-02 -7.98447742e-01  4.46310811e-01
  -2.30824767e+00 -3.08267337e+00 -2.34611790e-01             nan
  -9.83337712e-01             nan -9.55761883e-01 -3.50311735e+00
              nan -1.18711618e+00 -2.25383109e+00 -5.91084745e-01
   5.25060602e-01 -8.78337287e-01 -6.38572970e-01 -6.32325623e-01
  -4.17996995e-01 -3.63334629e-01 -1.10911422e-01  7.05015490e-01
   3.77936366e-02  4.51350232e-02]]
[Time: 28.06.23 07:11:41] [Level: info] transition: wait_for_params
[Time: 28.06.23 07:11:42] [Level: info] state: wait_for_params
[CTRL] GET /data
[CTRL] POST /data
setting parameters
INCOMING
{'PCs': [43, 43, 43], <COParams.SEND_PROJ: ('Send projections', False)>: False, 'Row names': ['DIP2C', 'AKR1C1', 'PARD3', 'SVIL', 'MGC39606', 'SPAG6', 'ADARB2', 'EXT1']}
K
[43, 43, 43]
incoming[COParams.PCS.n]
[43, 43, 43]
INCOMING
{'PCs': [43, 43, 43], <COParams.SEND_PROJ: ('Send projections', False)>: False, 'Row names': ['DIP2C', 'PARD3', 'SVIL', 'MGC39606', 'SPAG6', 'ADARB2', 'EXT1']}
K
[[43, 43, 43], 43, 43]
incoming[COParams.PCS.n]
[43, 43, 43]
INCOMING
{'Row names': array(['EXT1', 'DIP2C', 'SVIL', 'MGC39606', 'ADARB2', 'PARD3', 'SPAG6',
       'AKR1C1'], dtype=object), 'Sample count': 17, 'Nans': array([0, 0, 0, 1, 2, 0, 2, 0])}
K
[[43, 43, 43], [43, 43, 43], 43]
incoming[COParams.PCS.n]
[Time: 28.06.23 07:11:45] [Level: info] Traceback (most recent call last):
  File "/app/engine/app.py", line 169, in guarded_run
    self.run()
  File "/app/engine/app.py", line 184, in run
    transition = self.current_state.run()
  File "/app/apps/svd/app.py", line 102, in run
    self.load('mfa').set_parameters(incoming)
  File "/app/apps/svd/FC_Federated_MFA.py", line 151, in set_parameters
    print(incoming[COParams.PCS.n])
KeyError: 'PCs'

