2023-06-30 08:22:56,648 CRIT Supervisor is running as root.  Privileges were not dropped because no user is specified in the config file.  If you intend to run as root, you can set user=root in the config file to avoid this message.
2023-06-30 08:22:56,650 INFO supervisord started with pid 7
2023-06-30 08:22:57,652 INFO spawned: 'nginx' with pid 10
2023-06-30 08:22:57,655 INFO spawned: 'app' with pid 11
2023-06-30 08:22:58,680 INFO success: nginx entered RUNNING state, process has stayed up for > than 1 seconds (startsecs)
2023-06-30 08:22:58,680 INFO success: app entered RUNNING state, process has stayed up for > than 1 seconds (startsecs)
[CTRL] POST /setup
[Time: 30.06.23 08:23:00] [Level: info] id: ad0c16ffd5bbe9b3
[Time: 30.06.23 08:23:00] [Level: info] coordinator: False
[Time: 30.06.23 08:23:00] [Level: info] clients: ['ad0c16ffd5bbe9b3', '5005f854928da1d3']
[Time: 30.06.23 08:23:00] [Level: info] state: initial
[CLIENT] Parsing parameter file...
[API] /setup parsing parameter file 
[API] /setup config file found ... parsing file: /mnt/input/config.yaml
YAML file does not follow specification: missing key: eigenvalues
Setting default: eigenvalues.tsv
YAML file does not follow specification: missing key: explained_variance
Setting default: eigenvalues.tsv
YAML file does not follow specification: missing key: output delimiter
Setting default: tab
[API] /setup config file found ... parsing done
[CLIENT] finished parsing parameter file.
[STARTUP] Instantiate SVD
[Time: 30.06.23 08:23:00] [Level: info] transition: init_pca
[Time: 30.06.23 08:23:01] [Level: info] state: init_pca
[STARTUP] Copy configuration and create dir
/mnt/input/hospital_data_bredel_1.csv
TEST: ['/mnt/input/hospital_data_bredel_1 - Copy.csv', '/mnt/input/hospital_data_bredel_1.csv']
RUNNING ON:  /mnt/input/hospital_data_bredel_1 - Copy.csv
number of omics:  2
[STARTUP] Configuration copied
Log Transform performed
/app/apps/svd/FC_Federated_PCA.py:97: RuntimeWarning: invalid value encountered in log2
  self.tabdata.scaled = np.log2(self.tabdata.scaled+1)
[Time: 30.06.23 08:23:01] [Level: info] transition: wait_for_params
[Time: 30.06.23 08:23:02] [Level: info] state: wait_for_params
[CTRL] GET /data
[CTRL] POST /data
setting parameters
[API] Setting parameters
['KNS2', 'EPHB1', 'ACAD8', 'NR4A1', 'RAB11FIP4', 'CD44', 'LILRA1', 'ID3', 'COL9A2', 'A2BP1', 'LTF', 'LOC57228', 'D21S2089E', 'MAPKBP1', 'LAPTM5', 'PYCR1', 'KCNMA1', 'TncRNA', 'NCF1', 'CYR61', 'ADCY1', 'LOC388610', 'SNRPN', 'PRSS1', 'HMOX1', 'UBE4B', 'PALLD', 'GPNMB', 'AIF1', 'HCLS1', 'ZNF226', 'MAL2', 'IGF2BP3', 'KCNJ1', 'DIP2C', 'AA598555', 'LSP1', 'VAMP2', 'STXBP1', 'GABBR1', 'PEG3', 'SBP1', 'ZNF217', 'EDNRB', 'KLRC2', 'PLAU', 'IGFBP5', 'ANXA1', 'TSPAN4', 'DUS3L', 'SETD5', 'C8orf4', 'RFXAP', 'MGC39606', 'RPS19BP1', 'FAS', 'EMP3', 'MSN', 'H91845', 'APOC1', 'KCNK6', 'AI005038', 'PHLDA1', 'CLSTN3', 'SYNGR3', 'F13A1', 'IFI30', 'C1orf187', 'AP4B1', 'EDG3', 'PRKAR1B', 'X37864', 'PYHIN1', 'FLJ38984', 'DYNLT1', 'HLA.A', 'PLOD2', 'LOC541471', 'HLA.G', 'C1R', 'UBA52', 'FLJ35740', 'C1orf63', 'LGALS3', 'DDIT4', 'APOC2', 'PLP2', 'AA181288', 'KCNQ2', 'S100A11', 'KIAA1543', 'FAM84B', 'SUV39H1', 'FBXL16', 'BNIP2', 'DLL3', 'LOC283070', 'FBXO2', 'AI357047', 'LAMB1', 'R61377', 'AI002301', 'AA669383', 'COL1A1', 'ZNF549', 'WASF1', 'MB', 'IMAGE.33267', 'SERPINH1', 'USP6NL', 'DES', 'IGHG1', 'DDN', 'PCDHGC3', 'GAS1', 'CLTB', 'NDUFB11', 'FN1', 'GBP1', 'H78560', 'GYPC', 'IQSEC1', 'WWTR1', 'YWHAH', 'RTN3', 'STK17A', 'EGLN2', 'VASP', 'LOC389831', 'ADAM19', 'NPTX1', 'AA479357', 'KLRC3', 'SERPINA3', 'TBC1D7', 'CEAL1', 'DCLRE1B', 'TFDP2', 'PDXP', 'LOC283130', 'DEF6', 'ZNF233', 'FCGR2B', 'AA424849', 'AA131320', 'CCL2', 'CAPG', 'TLL2', 'PPP3CB', 'COL3A1', 'NLGN1', 'CAMKK2', 'PLTP', 'MRC2', 'TNC', 'KIAA0963', 'HPCA', 'H41096', 'PPP3CA', 'SLC35A2', 'TSPAN6', 'CSPG2', 'LOC613212', 'FGF13', 'HAMP', 'MST150', 'HNRNPG.T', 'AA489629', 'PDLIM7', 'C9orf48', 'NPL', 'ITGA3', 'PCP4', 'USP3', 'LRBA', 'AI262682', 'NUAK1', 'FREQ', 'IGFBP3', 'PRKCG', 'N98591', 'H86813', 'PNCK', 'CYBA', 'SERPING1', 'PARD3', 'ABCA5', 'EFHB', 'CASP1', 'H10054', 'NPC2', 'COX6A2', 'DNASE1L1', 'PRSS3', 'CHI3L2', 'R52960', 'LOC146795', 'HK2', 'PRKCZ', 'GBP2', 'TGFBI', 'L3MBTL4', 'VSNL1', 'HSPG2', 'AA401952', 'CCR1', 'YWHAG', 'SAA2', 'LYN', 'H24428', 'ESM1', 'AI871056', 'FAM84A', 'DDEF1', 'TMEM146', 'EDG1', 'CDKN2D', 'MGC42367', 'CACNB3', 'T97457', 'MVP', 'NMNAT2', 'ANXA5', 'RUNX1', 'PYGL', 'URP2', 'ADARB2', 'SORT1', 'PSG1', 'LOC400451', 'SLC16A3', 'OSR1', 'MYBPC2', 'HBA1', 'MGC18216', 'NDST1', 'MGC26694', 'NSF', 'SPAG6', 'TTC23', 'PDE2A', 'CD58', 'IL32', 'LHFPL2', 'PTPRZ1', 'MGP', 'CDC20B', 'NY.SAR.48', 'MOAP1', 'SPARC', 'SNCG', 'CKMT1A', 'SP100', 'OSBPL1A', 'ASPA', 'H20822', 'PSD3', 'PRKCB1', 'RPS3A', 'PDPN', 'GOT1', 'TCF7L1', 'AI335002', 'MSTP9', 'FBL', 'GPSM2', 'DPYD', 'ARPP.19', 'AKR1C2', 'CA12', 'CLCA3', 'COL4A2', 'ATP6V1C1', 'CACNB2', 'CCDC3', 'HLA.F', 'HLA.DRB1', 'CALM1', 'AA975768', 'MASP1', 'APCS', 'BLVRB', 'T62491', 'BCAM', 'C6orf12', 'PLA2G2A', 'SPINT2', 'VEGF', 'L1CAM', 'ITGA9', 'C16orf5', 'MED11', 'SYT7', 'FBXO32', 'FCGRT', 'LY96', 'FAM46A', 'TSPYL1', 'INPP5F', 'AA906888', 'TCTEX1D1', 'MYCBP2', 'CAV1', 'ZNF160', 'CA11', 'PDE4DIP', 'NLK', 'BCL2A1', 'T51726', 'PRG1', 'W93688', 'TIMP1', 'RAB30', 'GYPA', 'IL21R', 'RALY', 'MST1', 'RND3', 'CAP2', 'STEAP3', 'IL1RAP', 'SRPX', 'CHN1', 'ABCC3', 'EID.3', 'STC1', 'LMO7', 'AEBP1', 'NEFH', 'S100A1', 'COL6A2', 'RGS16', 'STMN1', 'COX7A1', 'RBP4', 'TNFAIP3', 'COL1A2', 'AA029415', 'TOMM40', 'IGF1R', 'MYC', 'PPP1R14A', 'LAMA4', 'NOTCH1', 'CDKN1A', 'MDK', 'PARP14', 'LUM', 'KIAA1644', 'DECR2', 'RAB20', 'H08563', 'ZFHX1B', 'PLAUR', 'CTHRC1', 'GADD45B', 'MDFI', 'SOX4', 'SERPINI1', 'PSG5', 'SVIL', 'S100A10', 'AA398420', 'SOCS3', 'ZNF329', 'DMN', 'DSCR1L1', 'CAMK2A', 'ADM', 'MMP2', 'AA281932', 'SCAMP5', 'IGSF3', 'TNFRSF12A', 'R70684', 'FABP3', 'MTHFD2', 'CD47', 'MICAL2', 'DKFZp313A2432', 'CLIC1', 'RAB27B', 'AA490257', 'CBLN2', 'UGCG', 'AI263051', 'WDR7', 'TXNDC', 'FZD7', 'C4A', 'EXT1', 'AI822135', 'HBXIP', 'ZNF419B', 'KLRC1', 'NNMT', 'R70506', 'CD53', 'POSTN', 'ITGA5', 'CBX6', 'SCN2B', 'HPRT1', 'FBXW7', 'SLC15A2', 'ITPKA', 'ID4', 'BGN', 'TAP1', 'TMEM49', 'TIMP3', 'AA598631', 'ANK3', 'RBP7', 'EPB49', 'ADFP', 'NCF2', 'AKR1C1', 'AI350724', 'HEY1', 'PRRX1', 'X38595']
INDEX
[245, 191, 13, 392, 282, 305, 47, 356, 197, 216, 232, 137, 42, 170, 326, 220, 228, 409, 351, 370, 303, 203, 244, 368, 175, 60, 397, 309, 365, 209, 24, 333, 250, 34, 1, 354, 211, 147, 206, 146, 139, 39, 233, 111, 117, 184, 219, 179, 330, 21, 91, 315, 164, 3, 162, 306, 74, 68, 298, 51, 56, 301, 260, 271, 372, 340, 104, 361, 44, 321, 212, 127, 297, 242, 387, 217, 268, 79, 329, 189, 93, 201, 14, 113, 293, 178, 89, 249, 277, 90, 22, 96, 163, 188, 410, 94, 27, 312, 207, 320, 185, 350, 270, 102, 29, 149, 238, 84, 143, 15, 363, 381, 336, 229, 388, 214, 61, 202, 246, 80, 263, 362, 190, 344, 75, 415, 48, 12, 235, 375, 422, 231, 116, 198, 129, 19, 28, 57, 168, 414, 254, 58, 240, 391, 136, 274, 72, 53, 78, 152, 154, 295, 318, 130, 165, 280, 384, 383, 112, 299, 258, 148, 98, 205, 304, 138, 43, 180, 253, 109, 119, 373, 379, 256, 46, 194, 307, 345, 115, 416, 419, 181, 125, 355, 173, 5, 131, 262, 252, 401, 364, 59, 308, 317, 87, 342, 195, 291, 200, 338, 358, 222, 313, 161, 386, 332, 213, 369, 395, 279, 390, 204, 382, 32, 55, 25, 269, 40, 172, 92, 273, 145, 192, 107, 243, 285, 4, 26, 66, 156, 142, 41, 67, 310, 35, 402, 210, 281, 6, 62, 121, 133, 247, 108, 302, 423, 265, 353, 169, 403, 218, 278, 208, 294, 81, 224, 106, 339, 183, 86, 261, 132, 215, 230, 413, 50, 223, 120, 9, 110, 17, 122, 105, 16, 8, 366, 417, 251, 236, 88, 287, 65, 311, 49, 335, 276, 314, 100, 296, 331, 155, 406, 405, 37, 300, 248, 275, 95, 322, 193, 10, 73, 399, 45, 352, 323, 348, 343, 371, 418, 255, 82, 239, 11, 284, 97, 134, 174, 319, 114, 328, 380, 374, 221, 20, 167, 226, 157, 186, 341, 159, 76, 187, 18, 292, 266, 158, 199, 360, 52, 264, 420, 289, 237, 259, 272, 407, 378, 153, 135, 389, 69, 400, 124, 385, 412, 394, 196, 347, 36, 2, 325, 83, 85, 38, 33, 334, 286, 144, 324, 101, 182, 64, 71, 398, 141, 176, 103, 408, 166, 99, 151, 234, 337, 346, 359, 126, 396, 411, 241, 0, 225, 23, 31, 118, 128, 177, 283, 267, 77, 150, 404, 288, 376, 421, 290, 171, 70, 357, 140, 123, 377, 349, 63, 393, 227, 316, 7, 367, 160, 327, 257]
[Time: 30.06.23 08:23:04] [Level: info] transition: compute_std
[Time: 30.06.23 08:23:05] [Level: info] state: compute_std
[CTRL] GET /data
[CTRL] POST /data
(422, 1)
[Time: 30.06.23 08:23:07] [Level: info] transition: apply_scaling
[Time: 30.06.23 08:23:08] [Level: info] state: apply_scaling
[CTRL] GET /data
[CTRL] POST /data
[193  23 347 270 276 303 265 294 152 204 291  26 228 135 141 300  53 227
 390  41 372 420 313 406 324 144 416 126 338 142 136 309 339 411  81 166
 277  28 346 137  37 214 322  30 170 306 191  34 215 192 184 408 180 293
 386 249   8 213 106  14 371 231  42 185 161 116 404 263  90  78 359 283
  65 212  60 272 134 417 123 243 274 225 253 365 122 129 118   9 182  29
 121 254 389   2 176 111  39 255 305 360 280 284 183 375 190 331 273 113
  52 304 207 381  12 177 258 171 233 397 235 206 355 315  32  69 101   0
 343 267 209 216   6 220 167 198 393 104 163 208 400  74 138  71  13  94
 337 127 396 199 350  57 341 244 248 217 281 318  55 148 153 415 362  24
 159 351  10 151  70 374 383 131  38 112 239 238  47  89  72  68 414 310
  85 325 196 124  56 157 150 395 382  59 419 237  75 146  46  79 342 221
 232 100 320 145 133  43 388 194  87  49   1  11 329  66 358  51  80 290
 226 311 282 201 380 392  88 143  82 266 188 367 260 268 361  20  63 368
 139 107 236 296 210  92 373 174   4 149 387 363 125 109 251 330 354  48
 172  67 140 327 410  33 179 289 164 223 120 246 186 271 366 279  73 298
 348  22 418 218 102 117 230 321 252 259  35 278 195 403 405  18 317 105
 292 257 409 377  93 110  15 344 234 165 312 353 203 333  97 287 385 301
  54 285  27 402 379 169 407 308  76  84 323  25 370 245 378 202   7 224
  83 319 288 247  64 119 326 401 332   3 307 189  50 108  96 160 376 229
  44 158 222 219 132 421 413 262 336 242 181 187 286 269 114 295  21 349
  77 302 130  17 103 205 275 154 250 369  16 335  45  61 197 256 147 384
 412]
(array([ 23, 193]),)
CURRENT DATA:  [[ 0.26203785  0.80088133  1.00510706 ...  0.80080532  0.39248005
  -0.39843465]
 [ 0.82385951  0.81040601  0.14494792 ...  0.34466032  0.24445882
  -0.98543328]
 [-0.22854988  0.0161102  -0.01622374 ...  0.87672172 -0.15755201
   0.33462656]
 ...
 [ 1.3084452   0.73338753 -1.52131083 ...  0.24374797  0.70303784
   0.26870571]
 [ 0.036726    0.42666168 -1.23361623 ... -0.1727543  -0.71720515
   0.78831612]
 [ 0.20809358  0.56585173  0.72859368 ...  0.57352973  0.31069503
  -0.02331338]]
[Time: 30.06.23 08:23:10] [Level: info] transition: mfa_prerequisites
[Time: 30.06.23 08:23:11] [Level: info] state: mfa_prerequisites
Calling start_power_iteration
[Time: 30.06.23 08:23:11] [Level: info] transition: start_power_iteration
[Time: 30.06.23 08:23:12] [Level: info] state: start_power_iteration
[STARTUP] Computing covariance matrix
[STARTUP] Random initialisation
TABDATA SCALED
[[ 0.26203785  0.80088133  1.00510706 ...  0.80080532  0.39248005
  -0.39843465]
 [ 0.82385951  0.81040601  0.14494792 ...  0.34466032  0.24445882
  -0.98543328]
 [-0.22854988  0.0161102  -0.01622374 ...  0.87672172 -0.15755201
   0.33462656]
 ...
 [ 1.3084452   0.73338753 -1.52131083 ...  0.24374797  0.70303784
   0.26870571]
 [ 0.036726    0.42666168 -1.23361623 ... -0.1727543  -0.71720515
   0.78831612]
 [ 0.20809358  0.56585173  0.72859368 ...  0.57352973  0.31069503
  -0.02331338]]
[Time: 30.06.23 08:23:12] [Level: info] transition: compute_final_h_cov
[Time: 30.06.23 08:23:13] [Level: info] state: compute_final_h_cov
[CTRL] GET /data
[CTRL] POST /data
Setting k
starting eigenvector norms
17
[Time: 30.06.23 08:23:16] [Level: info] transition: compute_local_conorm
[Time: 30.06.23 08:23:17] [Level: info] state: compute_local_conorm
[CTRL] GET /data
[CTRL] POST /data
[Time: 30.06.23 08:23:19] [Level: info] transition: compute_local_norm
[Time: 30.06.23 08:23:20] [Level: info] state: compute_local_norm
[CTRL] GET /data
[CTRL] POST /data
starting orthogonalise_current
ending orthogonalise_current
starting eigenvector norms
17
[Time: 30.06.23 08:23:22] [Level: info] transition: compute_local_conorm
[Time: 30.06.23 08:23:23] [Level: info] state: compute_local_conorm
[CTRL] GET /data
[CTRL] POST /data
[Time: 30.06.23 08:23:25] [Level: info] transition: compute_local_norm
[Time: 30.06.23 08:23:26] [Level: info] state: compute_local_norm
[CTRL] GET /data
[CTRL] POST /data
starting orthogonalise_current
ending orthogonalise_current
starting eigenvector norms
17
[Time: 30.06.23 08:23:28] [Level: info] transition: compute_local_conorm
[Time: 30.06.23 08:23:29] [Level: info] state: compute_local_conorm
[CTRL] GET /data
[CTRL] POST /data
[Time: 30.06.23 08:23:31] [Level: info] transition: compute_local_norm
[Time: 30.06.23 08:23:32] [Level: info] state: compute_local_norm
[CTRL] GET /data
[CTRL] POST /data
starting orthogonalise_current
ending orthogonalise_current
starting eigenvector norms
17
[Time: 30.06.23 08:23:34] [Level: info] transition: compute_local_conorm
[Time: 30.06.23 08:23:35] [Level: info] state: compute_local_conorm
[CTRL] GET /data
[CTRL] POST /data
[Time: 30.06.23 08:23:37] [Level: info] transition: compute_local_norm
[Time: 30.06.23 08:23:38] [Level: info] state: compute_local_norm
[CTRL] GET /data
[CTRL] POST /data
starting orthogonalise_current
ending orthogonalise_current
starting eigenvector norms
17
[Time: 30.06.23 08:23:40] [Level: info] transition: compute_local_conorm
[Time: 30.06.23 08:23:41] [Level: info] state: compute_local_conorm
[CTRL] GET /data
[CTRL] POST /data
[Time: 30.06.23 08:23:43] [Level: info] transition: compute_local_norm
[Time: 30.06.23 08:23:44] [Level: info] state: compute_local_norm
[CTRL] GET /data
[CTRL] POST /data
starting orthogonalise_current
ending orthogonalise_current
starting eigenvector norms
17
[Time: 30.06.23 08:23:46] [Level: info] transition: compute_local_conorm
[Time: 30.06.23 08:23:47] [Level: info] state: compute_local_conorm
[CTRL] GET /data
[CTRL] POST /data
[Time: 30.06.23 08:23:49] [Level: info] transition: compute_local_norm
[Time: 30.06.23 08:23:50] [Level: info] state: compute_local_norm
[CTRL] GET /data
[CTRL] POST /data
starting orthogonalise_current
ending orthogonalise_current
starting eigenvector norms
17
[Time: 30.06.23 08:23:52] [Level: info] transition: compute_local_conorm
[Time: 30.06.23 08:23:53] [Level: info] state: compute_local_conorm
[CTRL] GET /data
[CTRL] POST /data
[Time: 30.06.23 08:23:55] [Level: info] transition: compute_local_norm
[Time: 30.06.23 08:23:56] [Level: info] state: compute_local_norm
[CTRL] GET /data
[CTRL] POST /data
starting orthogonalise_current
ending orthogonalise_current
starting eigenvector norms
17
[Time: 30.06.23 08:23:58] [Level: info] transition: compute_local_conorm
[Time: 30.06.23 08:23:59] [Level: info] state: compute_local_conorm
[CTRL] GET /data
[CTRL] POST /data
[Time: 30.06.23 08:24:01] [Level: info] transition: compute_local_norm
[Time: 30.06.23 08:24:02] [Level: info] state: compute_local_norm
[CTRL] GET /data
[CTRL] POST /data
starting orthogonalise_current
ending orthogonalise_current
starting eigenvector norms
17
[Time: 30.06.23 08:24:04] [Level: info] transition: compute_local_conorm
[Time: 30.06.23 08:24:05] [Level: info] state: compute_local_conorm
[CTRL] GET /data
[CTRL] POST /data
[Time: 30.06.23 08:24:07] [Level: info] transition: compute_local_norm
[Time: 30.06.23 08:24:08] [Level: info] state: compute_local_norm
[CTRL] GET /data
[CTRL] POST /data
starting orthogonalise_current
ending orthogonalise_current
starting eigenvector norms
17
[Time: 30.06.23 08:24:10] [Level: info] transition: compute_local_conorm
[Time: 30.06.23 08:24:11] [Level: info] state: compute_local_conorm
[CTRL] GET /data
[CTRL] POST /data
[Time: 30.06.23 08:24:13] [Level: info] transition: compute_local_norm
[Time: 30.06.23 08:24:14] [Level: info] state: compute_local_norm
[CTRL] GET /data
[CTRL] POST /data
starting orthogonalise_current
ending orthogonalise_current
starting eigenvector norms
17
[Time: 30.06.23 08:24:16] [Level: info] transition: compute_local_conorm
[Time: 30.06.23 08:24:17] [Level: info] state: compute_local_conorm
[CTRL] GET /data
[CTRL] POST /data
[Time: 30.06.23 08:24:19] [Level: info] transition: compute_local_norm
[Time: 30.06.23 08:24:20] [Level: info] state: compute_local_norm
[CTRL] GET /data
[CTRL] POST /data
starting orthogonalise_current
ending orthogonalise_current
starting eigenvector norms
17
[Time: 30.06.23 08:24:22] [Level: info] transition: compute_local_conorm
[Time: 30.06.23 08:24:23] [Level: info] state: compute_local_conorm
[CTRL] GET /data
[CTRL] POST /data
[Time: 30.06.23 08:24:25] [Level: info] transition: compute_local_norm
[Time: 30.06.23 08:24:26] [Level: info] state: compute_local_norm
[CTRL] GET /data
[CTRL] POST /data
starting orthogonalise_current
ending orthogonalise_current
starting eigenvector norms
17
[Time: 30.06.23 08:24:28] [Level: info] transition: compute_local_conorm
[Time: 30.06.23 08:24:29] [Level: info] state: compute_local_conorm
[CTRL] GET /data
[CTRL] POST /data
[Time: 30.06.23 08:24:31] [Level: info] transition: compute_local_norm
[Time: 30.06.23 08:24:32] [Level: info] state: compute_local_norm
[CTRL] GET /data
[CTRL] POST /data
starting orthogonalise_current
ending orthogonalise_current
starting eigenvector norms
17
[Time: 30.06.23 08:24:34] [Level: info] transition: compute_local_conorm
[Time: 30.06.23 08:24:35] [Level: info] state: compute_local_conorm
[CTRL] GET /data
[CTRL] POST /data
[Time: 30.06.23 08:24:37] [Level: info] transition: compute_local_norm
[Time: 30.06.23 08:24:38] [Level: info] state: compute_local_norm
[CTRL] GET /data
[CTRL] POST /data
starting orthogonalise_current
ending orthogonalise_current
starting eigenvector norms
17
[Time: 30.06.23 08:24:40] [Level: info] transition: compute_local_conorm
[Time: 30.06.23 08:24:41] [Level: info] state: compute_local_conorm
[CTRL] GET /data
[CTRL] POST /data
[Time: 30.06.23 08:24:43] [Level: info] transition: compute_local_norm
[Time: 30.06.23 08:24:44] [Level: info] state: compute_local_norm
[CTRL] GET /data
[CTRL] POST /data
starting orthogonalise_current
ending orthogonalise_current
starting eigenvector norms
17
[Time: 30.06.23 08:24:46] [Level: info] transition: compute_local_conorm
[Time: 30.06.23 08:24:47] [Level: info] state: compute_local_conorm
[CTRL] GET /data
[CTRL] POST /data
[Time: 30.06.23 08:24:49] [Level: info] transition: compute_local_norm
[Time: 30.06.23 08:24:50] [Level: info] state: compute_local_norm
[CTRL] GET /data
[CTRL] POST /data
starting orthogonalise_current
ending orthogonalise_current
starting eigenvector norms
17
[Time: 30.06.23 08:24:53] [Level: info] transition: normalize_g
[Time: 30.06.23 08:24:54] [Level: info] state: normalize_g
[CTRL] GET /data
[CTRL] POST /data
Normalising
(26, 17)
17
End normalising
(26, 17)
(17, 17)
(17,)
(26, 17)
[Time: 30.06.23 08:24:56] [Level: info] transition: separate_pca
[Time: 30.06.23 08:24:57] [Level: info] state: separate_pca
EIGEN_VALUES [array([ 0.80417308,  0.34207297,  0.28812353, -0.08870702,  0.21721266,
        0.40415415,  0.84911806,  1.09592725,  0.30340001,  2.36319979,
       -0.79680536, -0.38288431,  1.58100466, -0.87776311,  1.99961073,
        0.15988906,  1.10375943,  1.25663462, -1.10446268,  0.98852807,
       -0.21012851,  1.79664377, -0.5905854 , -0.30295896,  1.20183446,
        1.04575232])]
DATA:  None
[Time: 30.06.23 08:24:57] [Level: info] transition: init_pca
[Time: 30.06.23 08:24:58] [Level: info] state: init_pca
[STARTUP] Copy configuration and create dir
/mnt/input/hospital_data_bredel_1.csv
TEST: ['/mnt/input/hospital_data_bredel_1 - Copy.csv', '/mnt/input/hospital_data_bredel_1.csv']
RUNNING ON:  /mnt/input/hospital_data_bredel_1.csv
number of omics:  2
[STARTUP] Configuration copied
Log Transform performed
/app/apps/svd/FC_Federated_PCA.py:97: RuntimeWarning: invalid value encountered in log2
  self.tabdata.scaled = np.log2(self.tabdata.scaled+1)
[Time: 30.06.23 08:24:58] [Level: info] transition: wait_for_params
[Time: 30.06.23 08:24:59] [Level: info] state: wait_for_params
[CTRL] GET /data
[CTRL] POST /data
setting parameters
[API] Setting parameters
['KNS2', 'EPHB1', 'ACAD8', 'NR4A1', 'RAB11FIP4', 'CD44', 'LILRA1', 'ID3', 'COL9A2', 'A2BP1', 'LTF', 'LOC57228', 'D21S2089E', 'MAPKBP1', 'LAPTM5', 'PYCR1', 'KCNMA1', 'TncRNA', 'NCF1', 'CYR61', 'ADCY1', 'LOC388610', 'SNRPN', 'PRSS1', 'HMOX1', 'UBE4B', 'PALLD', 'GPNMB', 'AIF1', 'HCLS1', 'ZNF226', 'MAL2', 'IGF2BP3', 'KCNJ1', 'DIP2C', 'AA598555', 'LSP1', 'VAMP2', 'STXBP1', 'GABBR1', 'PEG3', 'SBP1', 'ZNF217', 'EDNRB', 'KLRC2', 'PLAU', 'IGFBP5', 'ANXA1', 'TSPAN4', 'DUS3L', 'SETD5', 'C8orf4', 'RFXAP', 'MGC39606', 'RPS19BP1', 'FAS', 'EMP3', 'MSN', 'H91845', 'APOC1', 'KCNK6', 'AI005038', 'PHLDA1', 'CLSTN3', 'SYNGR3', 'F13A1', 'IFI30', 'C1orf187', 'AP4B1', 'EDG3', 'PRKAR1B', 'X37864', 'PYHIN1', 'FLJ38984', 'DYNLT1', 'HLA.A', 'PLOD2', 'LOC541471', 'HLA.G', 'C1R', 'UBA52', 'FLJ35740', 'C1orf63', 'LGALS3', 'DDIT4', 'APOC2', 'PLP2', 'AA181288', 'KCNQ2', 'S100A11', 'KIAA1543', 'FAM84B', 'SUV39H1', 'FBXL16', 'BNIP2', 'DLL3', 'LOC283070', 'FBXO2', 'AI357047', 'LAMB1', 'R61377', 'AI002301', 'AA669383', 'COL1A1', 'ZNF549', 'WASF1', 'MB', 'IMAGE.33267', 'SERPINH1', 'USP6NL', 'DES', 'IGHG1', 'DDN', 'PCDHGC3', 'GAS1', 'CLTB', 'NDUFB11', 'FN1', 'GBP1', 'H78560', 'GYPC', 'IQSEC1', 'WWTR1', 'YWHAH', 'RTN3', 'STK17A', 'EGLN2', 'VASP', 'LOC389831', 'ADAM19', 'NPTX1', 'AA479357', 'KLRC3', 'SERPINA3', 'TBC1D7', 'CEAL1', 'DCLRE1B', 'TFDP2', 'PDXP', 'LOC283130', 'DEF6', 'ZNF233', 'FCGR2B', 'AA424849', 'AA131320', 'CCL2', 'CAPG', 'TLL2', 'PPP3CB', 'COL3A1', 'NLGN1', 'CAMKK2', 'PLTP', 'MRC2', 'TNC', 'KIAA0963', 'HPCA', 'H41096', 'PPP3CA', 'SLC35A2', 'TSPAN6', 'CSPG2', 'LOC613212', 'FGF13', 'HAMP', 'MST150', 'HNRNPG.T', 'AA489629', 'PDLIM7', 'C9orf48', 'NPL', 'ITGA3', 'PCP4', 'USP3', 'LRBA', 'AI262682', 'NUAK1', 'FREQ', 'IGFBP3', 'PRKCG', 'N98591', 'H86813', 'PNCK', 'CYBA', 'SERPING1', 'PARD3', 'ABCA5', 'EFHB', 'CASP1', 'H10054', 'NPC2', 'COX6A2', 'DNASE1L1', 'PRSS3', 'CHI3L2', 'R52960', 'LOC146795', 'HK2', 'PRKCZ', 'GBP2', 'TGFBI', 'L3MBTL4', 'VSNL1', 'HSPG2', 'AA401952', 'CCR1', 'YWHAG', 'SAA2', 'LYN', 'H24428', 'ESM1', 'AI871056', 'FAM84A', 'DDEF1', 'TMEM146', 'EDG1', 'CDKN2D', 'MGC42367', 'CACNB3', 'T97457', 'MVP', 'NMNAT2', 'ANXA5', 'RUNX1', 'PYGL', 'URP2', 'ADARB2', 'SORT1', 'PSG1', 'LOC400451', 'SLC16A3', 'OSR1', 'MYBPC2', 'HBA1', 'MGC18216', 'NDST1', 'MGC26694', 'NSF', 'SPAG6', 'TTC23', 'PDE2A', 'CD58', 'IL32', 'LHFPL2', 'PTPRZ1', 'MGP', 'CDC20B', 'NY.SAR.48', 'MOAP1', 'SPARC', 'SNCG', 'CKMT1A', 'SP100', 'OSBPL1A', 'ASPA', 'H20822', 'PSD3', 'PRKCB1', 'RPS3A', 'PDPN', 'GOT1', 'TCF7L1', 'AI335002', 'MSTP9', 'FBL', 'GPSM2', 'DPYD', 'ARPP.19', 'AKR1C2', 'CA12', 'CLCA3', 'COL4A2', 'ATP6V1C1', 'CACNB2', 'CCDC3', 'HLA.F', 'HLA.DRB1', 'CALM1', 'AA975768', 'MASP1', 'APCS', 'BLVRB', 'T62491', 'BCAM', 'C6orf12', 'PLA2G2A', 'SPINT2', 'VEGF', 'L1CAM', 'ITGA9', 'C16orf5', 'MED11', 'SYT7', 'FBXO32', 'FCGRT', 'LY96', 'FAM46A', 'TSPYL1', 'INPP5F', 'AA906888', 'TCTEX1D1', 'MYCBP2', 'CAV1', 'ZNF160', 'CA11', 'PDE4DIP', 'NLK', 'BCL2A1', 'T51726', 'PRG1', 'W93688', 'TIMP1', 'RAB30', 'GYPA', 'IL21R', 'RALY', 'MST1', 'RND3', 'CAP2', 'STEAP3', 'IL1RAP', 'SRPX', 'CHN1', 'ABCC3', 'EID.3', 'STC1', 'LMO7', 'AEBP1', 'NEFH', 'S100A1', 'COL6A2', 'RGS16', 'STMN1', 'COX7A1', 'RBP4', 'TNFAIP3', 'COL1A2', 'AA029415', 'TOMM40', 'IGF1R', 'MYC', 'PPP1R14A', 'LAMA4', 'NOTCH1', 'CDKN1A', 'MDK', 'PARP14', 'LUM', 'KIAA1644', 'DECR2', 'RAB20', 'H08563', 'ZFHX1B', 'PLAUR', 'CTHRC1', 'GADD45B', 'MDFI', 'SOX4', 'SERPINI1', 'PSG5', 'SVIL', 'S100A10', 'AA398420', 'SOCS3', 'ZNF329', 'DMN', 'DSCR1L1', 'CAMK2A', 'ADM', 'MMP2', 'AA281932', 'SCAMP5', 'IGSF3', 'TNFRSF12A', 'R70684', 'FABP3', 'MTHFD2', 'CD47', 'MICAL2', 'DKFZp313A2432', 'CLIC1', 'RAB27B', 'AA490257', 'CBLN2', 'UGCG', 'AI263051', 'WDR7', 'TXNDC', 'FZD7', 'C4A', 'EXT1', 'AI822135', 'HBXIP', 'ZNF419B', 'KLRC1', 'NNMT', 'R70506', 'CD53', 'POSTN', 'ITGA5', 'CBX6', 'SCN2B', 'HPRT1', 'FBXW7', 'SLC15A2', 'ITPKA', 'ID4', 'BGN', 'TAP1', 'TMEM49', 'TIMP3', 'AA598631', 'ANK3', 'RBP7', 'EPB49', 'ADFP', 'NCF2', 'AKR1C1', 'AI350724', 'HEY1', 'PRRX1', 'X38595']
INDEX
[245, 191, 13, 392, 282, 305, 47, 356, 197, 216, 232, 137, 42, 170, 326, 220, 228, 409, 351, 370, 303, 203, 244, 368, 175, 60, 397, 309, 365, 209, 24, 333, 250, 34, 1, 354, 211, 147, 206, 146, 139, 39, 233, 111, 117, 184, 219, 179, 330, 21, 91, 315, 164, 3, 162, 306, 74, 68, 298, 51, 56, 301, 260, 271, 372, 340, 104, 361, 44, 321, 212, 127, 297, 242, 387, 217, 268, 79, 329, 189, 93, 201, 14, 113, 293, 178, 89, 249, 277, 90, 22, 96, 163, 188, 410, 94, 27, 312, 207, 320, 185, 350, 270, 102, 29, 149, 238, 84, 143, 15, 363, 381, 336, 229, 388, 214, 61, 202, 246, 80, 263, 362, 190, 344, 75, 415, 48, 12, 235, 375, 422, 231, 116, 198, 129, 19, 28, 57, 168, 414, 254, 58, 240, 391, 136, 274, 72, 53, 78, 152, 154, 295, 318, 130, 165, 280, 384, 383, 112, 299, 258, 148, 98, 205, 304, 138, 43, 180, 253, 109, 119, 373, 379, 256, 46, 194, 307, 345, 115, 416, 419, 181, 125, 355, 173, 5, 131, 262, 252, 401, 364, 59, 308, 317, 87, 342, 195, 291, 200, 338, 358, 222, 313, 161, 386, 332, 213, 369, 395, 279, 390, 204, 382, 32, 55, 25, 269, 40, 172, 92, 273, 145, 192, 107, 243, 285, 4, 26, 66, 156, 142, 41, 67, 310, 35, 402, 210, 281, 6, 62, 121, 133, 247, 108, 302, 423, 265, 353, 169, 403, 218, 278, 208, 294, 81, 224, 106, 339, 183, 86, 261, 132, 215, 230, 413, 50, 223, 120, 9, 110, 17, 122, 105, 16, 8, 366, 417, 251, 236, 88, 287, 65, 311, 49, 335, 276, 314, 100, 296, 331, 155, 406, 405, 37, 300, 248, 275, 95, 322, 193, 10, 73, 399, 45, 352, 323, 348, 343, 371, 418, 255, 82, 239, 11, 284, 97, 134, 174, 319, 114, 328, 380, 374, 221, 20, 167, 226, 157, 186, 341, 159, 76, 187, 18, 292, 266, 158, 199, 360, 52, 264, 420, 289, 237, 259, 272, 407, 378, 153, 135, 389, 69, 400, 124, 385, 412, 394, 196, 347, 36, 2, 325, 83, 85, 38, 33, 334, 286, 144, 324, 101, 182, 64, 71, 398, 141, 176, 103, 408, 166, 99, 151, 234, 337, 346, 359, 126, 396, 411, 241, 0, 225, 23, 31, 118, 128, 177, 283, 267, 77, 150, 404, 288, 376, 421, 290, 171, 70, 357, 140, 123, 377, 349, 63, 393, 227, 316, 7, 367, 160, 327, 257]
[Time: 30.06.23 08:25:01] [Level: info] transition: compute_std
[Time: 30.06.23 08:25:02] [Level: info] state: compute_std
[CTRL] GET /data
[CTRL] POST /data
(422, 1)
[Time: 30.06.23 08:25:04] [Level: info] transition: apply_scaling
[Time: 30.06.23 08:25:05] [Level: info] state: apply_scaling
[CTRL] GET /data
[CTRL] POST /data
[193  23 347 270 276 303 265 294 152 204 291  26 228 135 141 300  53 227
 390  41 372 420 313 406 324 144 416 126 338 142 136 309 339 411  81 166
 277  28 346 137  37 214 322  30 170 306 191  34 215 192 184 408 180 293
 386 249   8 213 106  14 371 231  42 185 161 116 404 263  90  78 359 283
  65 212  60 272 134 417 123 243 274 225 253 365 122 129 118   9 182  29
 121 254 389   2 176 111  39 255 305 360 280 284 183 375 190 331 273 113
  52 304 207 381  12 177 258 171 233 397 235 206 355 315  32  69 101   0
 343 267 209 216   6 220 167 198 393 104 163 208 400  74 138  71  13  94
 337 127 396 199 350  57 341 244 248 217 281 318  55 148 153 415 362  24
 159 351  10 151  70 374 383 131  38 112 239 238  47  89  72  68 414 310
  85 325 196 124  56 157 150 395 382  59 419 237  75 146  46  79 342 221
 232 100 320 145 133  43 388 194  87  49   1  11 329  66 358  51  80 290
 226 311 282 201 380 392  88 143  82 266 188 367 260 268 361  20  63 368
 139 107 236 296 210  92 373 174   4 149 387 363 125 109 251 330 354  48
 172  67 140 327 410  33 179 289 164 223 120 246 186 271 366 279  73 298
 348  22 418 218 102 117 230 321 252 259  35 278 195 403 405  18 317 105
 292 257 409 377  93 110  15 344 234 165 312 353 203 333  97 287 385 301
  54 285  27 402 379 169 407 308  76  84 323  25 370 245 378 202   7 224
  83 319 288 247  64 119 326 401 332   3 307 189  50 108  96 160 376 229
  44 158 222 219 132 421 413 262 336 242 181 187 286 269 114 295  21 349
  77 302 130  17 103 205 275 154 250 369  16 335  45  61 197 256 147 384
 412]
(array([ 23, 193]),)
CURRENT DATA:  [[ 0.26203785  0.80088133  1.00510706 ...  0.80080532  0.39248005
  -0.39843465]
 [ 0.82385951  0.81040601  0.14494792 ...  0.34466032  0.24445882
  -0.98543328]
 [-0.22854988  0.0161102  -0.01622374 ...  0.87672172 -0.15755201
   0.33462656]
 ...
 [ 1.3084452   0.73338753 -1.52131083 ...  0.24374797  0.70303784
   0.26870571]
 [ 0.036726    0.42666168 -1.23361623 ... -0.1727543  -0.71720515
   0.78831612]
 [ 0.20809358  0.56585173  0.72859368 ...  0.57352973  0.31069503
  -0.02331338]]
[Time: 30.06.23 08:25:07] [Level: info] transition: mfa_prerequisites
[Time: 30.06.23 08:25:08] [Level: info] state: mfa_prerequisites
Calling start_power_iteration
[Time: 30.06.23 08:25:08] [Level: info] transition: start_power_iteration
[Time: 30.06.23 08:25:09] [Level: info] state: start_power_iteration
[STARTUP] Computing covariance matrix
[STARTUP] Random initialisation
TABDATA SCALED
[[ 0.26203785  0.80088133  1.00510706 ...  0.80080532  0.39248005
  -0.39843465]
 [ 0.82385951  0.81040601  0.14494792 ...  0.34466032  0.24445882
  -0.98543328]
 [-0.22854988  0.0161102  -0.01622374 ...  0.87672172 -0.15755201
   0.33462656]
 ...
 [ 1.3084452   0.73338753 -1.52131083 ...  0.24374797  0.70303784
   0.26870571]
 [ 0.036726    0.42666168 -1.23361623 ... -0.1727543  -0.71720515
   0.78831612]
 [ 0.20809358  0.56585173  0.72859368 ...  0.57352973  0.31069503
  -0.02331338]]
[Time: 30.06.23 08:25:09] [Level: info] transition: compute_final_h_cov
[CTRL] GET /data
[Time: 30.06.23 08:25:10] [Level: info] state: compute_final_h_cov
[CTRL] POST /data
Setting k
starting eigenvector norms
17
[Time: 30.06.23 08:25:14] [Level: info] transition: compute_local_conorm
[Time: 30.06.23 08:25:15] [Level: info] state: compute_local_conorm
[CTRL] GET /data
[CTRL] POST /data
[Time: 30.06.23 08:25:17] [Level: info] transition: compute_local_norm
[Time: 30.06.23 08:25:18] [Level: info] state: compute_local_norm
[CTRL] GET /data
[CTRL] POST /data
starting orthogonalise_current
ending orthogonalise_current
starting eigenvector norms
17
[Time: 30.06.23 08:25:20] [Level: info] transition: compute_local_conorm
[Time: 30.06.23 08:25:21] [Level: info] state: compute_local_conorm
[CTRL] GET /data
[CTRL] POST /data
[Time: 30.06.23 08:25:23] [Level: info] transition: compute_local_norm
[Time: 30.06.23 08:25:24] [Level: info] state: compute_local_norm
[CTRL] GET /data
[CTRL] POST /data
starting orthogonalise_current
ending orthogonalise_current
starting eigenvector norms
17
[Time: 30.06.23 08:25:26] [Level: info] transition: compute_local_conorm
[Time: 30.06.23 08:25:27] [Level: info] state: compute_local_conorm
[CTRL] GET /data
[CTRL] POST /data
[Time: 30.06.23 08:25:29] [Level: info] transition: compute_local_norm
[Time: 30.06.23 08:25:30] [Level: info] state: compute_local_norm
[CTRL] GET /data
[CTRL] POST /data
starting orthogonalise_current
ending orthogonalise_current
starting eigenvector norms
17
[Time: 30.06.23 08:25:32] [Level: info] transition: compute_local_conorm
[Time: 30.06.23 08:25:33] [Level: info] state: compute_local_conorm
[CTRL] GET /data
[CTRL] POST /data
[Time: 30.06.23 08:25:35] [Level: info] transition: compute_local_norm
[Time: 30.06.23 08:25:36] [Level: info] state: compute_local_norm
[CTRL] GET /data
[CTRL] POST /data
starting orthogonalise_current
ending orthogonalise_current
starting eigenvector norms
17
[Time: 30.06.23 08:25:38] [Level: info] transition: compute_local_conorm
[Time: 30.06.23 08:25:39] [Level: info] state: compute_local_conorm
[CTRL] GET /data
[CTRL] POST /data
[Time: 30.06.23 08:25:41] [Level: info] transition: compute_local_norm
[Time: 30.06.23 08:25:42] [Level: info] state: compute_local_norm
[CTRL] GET /data
[CTRL] POST /data
starting orthogonalise_current
ending orthogonalise_current
starting eigenvector norms
17
[Time: 30.06.23 08:25:44] [Level: info] transition: compute_local_conorm
[Time: 30.06.23 08:25:45] [Level: info] state: compute_local_conorm
[CTRL] GET /data
[CTRL] POST /data
[Time: 30.06.23 08:25:47] [Level: info] transition: compute_local_norm
[Time: 30.06.23 08:25:48] [Level: info] state: compute_local_norm
[CTRL] GET /data
[CTRL] POST /data
starting orthogonalise_current
ending orthogonalise_current
starting eigenvector norms
17
[Time: 30.06.23 08:25:50] [Level: info] transition: compute_local_conorm
[Time: 30.06.23 08:25:51] [Level: info] state: compute_local_conorm
[CTRL] GET /data
[CTRL] POST /data
[Time: 30.06.23 08:25:53] [Level: info] transition: compute_local_norm
[Time: 30.06.23 08:25:54] [Level: info] state: compute_local_norm
[CTRL] GET /data
[CTRL] POST /data
starting orthogonalise_current
ending orthogonalise_current
starting eigenvector norms
17
[Time: 30.06.23 08:25:56] [Level: info] transition: compute_local_conorm
[Time: 30.06.23 08:25:57] [Level: info] state: compute_local_conorm
[CTRL] GET /data
[CTRL] POST /data
[Time: 30.06.23 08:25:59] [Level: info] transition: compute_local_norm
[Time: 30.06.23 08:26:00] [Level: info] state: compute_local_norm
[CTRL] GET /data
[CTRL] POST /data
starting orthogonalise_current
ending orthogonalise_current
starting eigenvector norms
17
[Time: 30.06.23 08:26:02] [Level: info] transition: compute_local_conorm
[Time: 30.06.23 08:26:03] [Level: info] state: compute_local_conorm
[CTRL] GET /data
[CTRL] POST /data
[Time: 30.06.23 08:26:05] [Level: info] transition: compute_local_norm
[Time: 30.06.23 08:26:06] [Level: info] state: compute_local_norm
[CTRL] GET /data
[CTRL] POST /data
starting orthogonalise_current
ending orthogonalise_current
starting eigenvector norms
17
[Time: 30.06.23 08:26:08] [Level: info] transition: compute_local_conorm
[Time: 30.06.23 08:26:09] [Level: info] state: compute_local_conorm
[CTRL] GET /data
[CTRL] POST /data
[Time: 30.06.23 08:26:11] [Level: info] transition: compute_local_norm
[Time: 30.06.23 08:26:12] [Level: info] state: compute_local_norm
[CTRL] GET /data
[CTRL] POST /data
starting orthogonalise_current
ending orthogonalise_current
starting eigenvector norms
17
[Time: 30.06.23 08:26:14] [Level: info] transition: compute_local_conorm
[Time: 30.06.23 08:26:15] [Level: info] state: compute_local_conorm
[CTRL] GET /data
[CTRL] POST /data
[Time: 30.06.23 08:26:17] [Level: info] transition: compute_local_norm
[Time: 30.06.23 08:26:18] [Level: info] state: compute_local_norm
[CTRL] GET /data
[CTRL] POST /data
starting orthogonalise_current
ending orthogonalise_current
starting eigenvector norms
17
[Time: 30.06.23 08:26:20] [Level: info] transition: compute_local_conorm
[Time: 30.06.23 08:26:21] [Level: info] state: compute_local_conorm
[CTRL] GET /data
[CTRL] POST /data
[Time: 30.06.23 08:26:23] [Level: info] transition: compute_local_norm
[Time: 30.06.23 08:26:24] [Level: info] state: compute_local_norm
[CTRL] GET /data
[CTRL] POST /data
starting orthogonalise_current
ending orthogonalise_current
starting eigenvector norms
17
[Time: 30.06.23 08:26:26] [Level: info] transition: compute_local_conorm
[Time: 30.06.23 08:26:27] [Level: info] state: compute_local_conorm
[CTRL] GET /data
[CTRL] POST /data
[Time: 30.06.23 08:26:29] [Level: info] transition: compute_local_norm
[Time: 30.06.23 08:26:30] [Level: info] state: compute_local_norm
[CTRL] GET /data
[CTRL] POST /data
starting orthogonalise_current
ending orthogonalise_current
starting eigenvector norms
17
[Time: 30.06.23 08:26:32] [Level: info] transition: compute_local_conorm
[Time: 30.06.23 08:26:33] [Level: info] state: compute_local_conorm
[CTRL] GET /data
[CTRL] POST /data
[Time: 30.06.23 08:26:35] [Level: info] transition: compute_local_norm
[Time: 30.06.23 08:26:36] [Level: info] state: compute_local_norm
[CTRL] GET /data
[CTRL] POST /data
starting orthogonalise_current
ending orthogonalise_current
starting eigenvector norms
17
[Time: 30.06.23 08:26:38] [Level: info] transition: compute_local_conorm
[Time: 30.06.23 08:26:39] [Level: info] state: compute_local_conorm
[CTRL] GET /data
[CTRL] POST /data
[Time: 30.06.23 08:26:41] [Level: info] transition: compute_local_norm
[Time: 30.06.23 08:26:42] [Level: info] state: compute_local_norm
[CTRL] GET /data
[CTRL] POST /data
starting orthogonalise_current
ending orthogonalise_current
starting eigenvector norms
17
[Time: 30.06.23 08:26:44] [Level: info] transition: compute_local_conorm
[Time: 30.06.23 08:26:45] [Level: info] state: compute_local_conorm
[CTRL] GET /data
[CTRL] POST /data
[Time: 30.06.23 08:26:47] [Level: info] transition: compute_local_norm
[Time: 30.06.23 08:26:48] [Level: info] state: compute_local_norm
[CTRL] GET /data
[CTRL] POST /data
starting orthogonalise_current
ending orthogonalise_current
starting eigenvector norms
17
[Time: 30.06.23 08:26:50] [Level: info] transition: normalize_g
[Time: 30.06.23 08:26:51] [Level: info] state: normalize_g
[CTRL] GET /data
[CTRL] POST /data
Normalising
(26, 17)
17
End normalising
(26, 17)
(17, 17)
(17,)
(26, 17)
[Time: 30.06.23 08:26:53] [Level: info] transition: separate_pca
[Time: 30.06.23 08:26:54] [Level: info] state: separate_pca
EIGEN_VALUES [array([ 0.80417308,  0.34207297,  0.28812353, -0.08870702,  0.21721266,
        0.40415415,  0.84911806,  1.09592725,  0.30340001,  2.36319979,
       -0.79680536, -0.38288431,  1.58100466, -0.87776311,  1.99961073,
        0.15988906,  1.10375943,  1.25663462, -1.10446268,  0.98852807,
       -0.21012851,  1.79664377, -0.5905854 , -0.30295896,  1.20183446,
        1.04575232]), array([ 0.82336684, -0.7830299 ,  0.24057492, -1.64494884, -0.40354288,
        2.30906626, -0.20331968, -0.42049218, -0.62780037,  1.02686244,
        0.9652408 ,  0.10440788, -0.623936  , -0.69969905,  0.54460122,
       -0.43448345,  0.40014154, -0.23782586,  0.78348117,  1.028894  ,
       -0.14498997,  0.53028496, -0.97133764, -0.29836019, -0.23537256,
        1.31879603])]
DATA:  None
Starting factor analysis
[Time: 30.06.23 08:26:54] [Level: info] transition: factor_analysis
[Time: 30.06.23 08:26:55] [Level: info] state: factor_analysis
Starting MFA final
[Time: 30.06.23 08:26:55] [Level: info] transition: mfa_final
[Time: 30.06.23 08:26:56] [Level: info] state: mfa_final
Starting save results
[Time: 30.06.23 08:26:56] [Level: info] transition: save_results
[Time: 30.06.23 08:26:57] [Level: info] state: save_results
SAVING RESULTS
saving pca/mnt/output/pca/left_eigenvectors.tsv
	
MOVE INPUT TO OUTPUT
[Time: 30.06.23 08:26:57] [Level: info] transition: finalize
[Time: 30.06.23 08:26:58] [Level: info] state: finalize
[Time: 30.06.23 08:26:58] [Level: info] transition: terminal
[Time: 30.06.23 08:26:58] [Level: info] done
[CTRL] GET /data
