2023-06-28 07:46:03,056 CRIT Supervisor is running as root.  Privileges were not dropped because no user is specified in the config file.  If you intend to run as root, you can set user=root in the config file to avoid this message.
2023-06-28 07:46:03,058 INFO supervisord started with pid 7
2023-06-28 07:46:04,061 INFO spawned: 'nginx' with pid 10
2023-06-28 07:46:04,064 INFO spawned: 'app' with pid 11
2023-06-28 07:46:05,092 INFO success: nginx entered RUNNING state, process has stayed up for > than 1 seconds (startsecs)
2023-06-28 07:46:05,092 INFO success: app entered RUNNING state, process has stayed up for > than 1 seconds (startsecs)
[CTRL] POST /setup
[Time: 28.06.23 07:46:12] [Level: info] id: 6b957b5a26628c71
[Time: 28.06.23 07:46:12] [Level: info] coordinator: True
[Time: 28.06.23 07:46:12] [Level: info] clients: ['6c554856a6de6a4b', '6b957b5a26628c71']
[Time: 28.06.23 07:46:12] [Level: info] state: initial
[CLIENT] Parsing parameter file...
[API] /setup parsing parameter file 
[API] /setup config file found ... parsing file: /mnt/input/config.yaml
YAML file does not follow specification: missing key: eigenvalues
Setting default: eigenvalues.tsv
YAML file does not follow specification: missing key: explained_variance
Setting default: eigenvalues.tsv
YAML file does not follow specification: missing key: output delimiter
Setting default: tab
[API] /setup config file found ... parsing done
[CLIENT] finished parsing parameter file.
[STARTUP] Instantiate SVD
[STARTUP] Copy configuration and create dir
[STARTUP] Configuration copied
Log Transform performed
[[ 0.2305604   0.71134801  0.358525   ... -0.418475    0.02686903
   0.43296748]
 [ 0.7685604   0.49434801  0.623525   ...  0.158525    0.30886903
   0.68796748]
 [ 0.2005604   0.18034801  0.617525   ... -0.303475    0.14986903
   0.50396748]
 ...
 [ 0.33603731  1.17897856  1.95058322 ...  1.26352924  1.74509741
   0.99718212]
 [ 0.13803731 -1.54702144 -0.67241678 ... -1.63047076 -4.82490259
  -0.95181788]
 [ 0.76753731  2.08097856 -0.60541678 ...  2.45852924  1.20309741
   2.93318212]]
/app/apps/svd/FC_Federated_MFA.py:126: RuntimeWarning: invalid value encountered in log2
  tabdata.scaled = np.log2(tabdata.scaled+1)
[[ 0.29931547  0.77513317  0.44204111 ... -0.78208688  0.03825218
   0.51900587]
 [ 0.82257549  0.57951617  0.6991296  ...  0.21228918  0.38832074
   0.75528711]
 [ 0.26370798  0.23921228  0.69378801 ... -0.52175296  0.20146954
   0.58877337]
 ...
 [ 0.41796029  1.123652    1.56100015 ...  1.17857395  1.45685734
   0.99796589]
 [ 0.18654785         nan -1.61006665 ...         nan         nan
  -4.37535846]
 [ 0.82174067  1.62338864 -1.3415985  ...  1.79015866  1.13953329
   1.97569699]]
Log Transform performed
[[ 0.2305604   0.71134801  0.358525   ... -0.418475    0.02686903
/app/apps/svd/FC_Federated_MFA.py:126: RuntimeWarning: invalid value encountered in log2
  tabdata.scaled = np.log2(tabdata.scaled+1)
   0.43296748]
 [ 0.7685604   0.49434801  0.623525   ...  0.158525    0.30886903
   0.68796748]
 [ 0.2005604   0.18034801  0.617525   ... -0.303475    0.14986903
   0.50396748]
 ...
 [ 0.33603731  1.17897856  1.95058322 ...  1.26352924  1.74509741
   0.99718212]
 [ 0.13803731 -1.54702144 -0.67241678 ... -1.63047076 -4.82490259
  -0.95181788]
 [ 0.76753731  2.08097856 -0.60541678 ...  2.45852924  1.20309741
   2.93318212]]
[[ 0.29931547  0.77513317  0.44204111 ... -0.78208688  0.03825218
   0.51900587]
 [ 0.82257549  0.57951617  0.6991296  ...  0.21228918  0.38832074
   0.75528711]
 [ 0.26370798  0.23921228  0.69378801 ... -0.52175296  0.20146954
   0.58877337]
 ...
 [ 0.41796029  1.123652    1.56100015 ...  1.17857395  1.45685734
   0.99796589]
 [ 0.18654785         nan -1.61006665 ...         nan         nan
  -4.37535846]
 [ 0.82174067  1.62338864 -1.3415985  ...  1.79015866  1.13953329
   1.97569699]]
[Time: 28.06.23 07:46:12] [Level: info] transition: check_row_names
[Time: 28.06.23 07:46:13] [Level: info] state: check_row_names
gathering
[CTRL] POST /data
unifying row names
[{'Row names': array(['EXT1', 'DIP2C', 'SVIL', 'MGC39606', 'ADARB2', 'PARD3', 'SPAG6',
       'AKR1C1', 'CCDC3', 'AKR1C2', 'TCTEX1D1', 'GYPA', 'VASP', 'ACAD8',
       'C1orf63', 'USP6NL', 'CACNB2', 'CLCA3', 'COX7A1', 'CEAL1', 'EID.3',
       'DUS3L', 'KIAA1543', 'HBXIP', 'ZNF226', 'EDG1', 'SORT1',
       'LOC283070', 'DCLRE1B', 'ZNF549', 'KLRC3', 'ZNF419B', 'DDEF1',
       'DMN', 'KCNJ1', 'MGC18216', 'PSG5', 'FBXO32', 'ZNF329', 'SBP1',
       'MGC42367', 'OSR1', 'D21S2089E', 'HNRNPG.T', 'AP4B1', 'ZNF160',
       'LRBA', 'LILRA1', 'EGLN2', 'BCAM', 'GPSM2', 'APOC1', 'IGF1R',
       'TLL2', 'CA11', 'TMEM146', 'KCNK6', 'TFDP2', 'ZNF233', 'COX6A2',
       'UBE4B', 'NDUFB11', 'TTC23', 'RBP7', 'IGSF3', 'BLVRB', 'PSG1',
       'MYBPC2', 'MSN', 'H08563', 'BGN', 'TNFRSF12A', 'CAPG', 'MYCBP2',
       'EMP3', 'RTN3', 'RGS16', 'ITGA5', 'PPP3CB', 'LOC541471', 'H78560',
       'ASPA', 'TIMP1', 'AA398420', 'IMAGE.33267', 'SOCS3', 'PDPN',
       'CHI3L2', 'MASP1', 'PLP2', 'S100A11', 'SETD5', 'T97457', 'UBA52',
       'DLL3', 'TSPYL1', 'FAM84B', 'RALY', 'LOC613212', 'CLIC1', 'VEGF',
       'AA281932', 'COL1A1', 'CD47', 'IFI30', 'ATP6V1C1', 'PSD3', 'RUNX1',
       'LHFPL2', 'C9orf48', 'CA12', 'EDNRB', 'PPP3CA', 'LGALS3', 'STEAP3',
       'IGFBP3', 'KLRC3', 'KLRC2', 'KLRC1', 'NPL', 'ARPP.19', 'PDE2A',
       'COL4A2', 'TIMP3', 'PLAUR', 'PNCK', 'WDR7', 'X37864', 'NNMT',
       'TBC1D7', 'MRC2', 'ABCA5', 'TCF7L1', 'CD58', 'MST1', 'DECR2',
       'AA131320', 'LOC57228', 'MST150', 'PEG3', 'TMEM49', 'FABP3',
       'SLC16A3', 'SERPINH1', 'ADM', 'NMNAT2', 'GABBR1', 'VAMP2', 'CSPG2',
       'WASF1', 'CBX6', 'RAB27B', 'COL3A1', 'KIAA1644', 'NLGN1',
       'C16orf5', 'LOC400451', 'AEBP1', 'COL1A2', 'COL6A2', 'HEY1',
       'HSPG2', 'RPS19BP1', 'SUV39H1', 'RFXAP', 'TNC', 'DKFZp313A2432',
       'STC1', 'PDXP', 'MOAP1', 'MAPKBP1', 'ID4', 'CACNB3', 'SERPING1',
       'RND3', 'HMOX1', 'MTHFD2', 'R70506', 'APOC2', 'ANXA1', 'AA489629',
       'H86813', 'SCAMP5', 'RPS3A', 'PLAU', 'R61377', 'NEFH', 'STMN1',
       'FBXL16', 'C1R', 'WWTR1', 'EPHB1', 'ANXA5', 'AA906888', 'AI262682',
       'LOC146795', 'SOX4', 'COL9A2', 'SERPINA3', 'AA029415', 'PRKCZ',
       'FLJ35740', 'FN1', 'LOC388610', 'AI871056', 'FGF13', 'STXBP1',
       'AI357047', 'SP100', 'HCLS1', 'MGC26694', 'LSP1', 'PRKAR1B',
       'YWHAG', 'CLTB', 'AI335002', 'A2BP1', 'HLA.A', 'SNCG', 'IGFBP5',
       'PYCR1', 'ABCC3', 'L3MBTL4', 'DPYD', 'H20822', 'AI822135', 'LMO7',
       'ADFP', 'KCNMA1', 'PCDHGC3', 'MSTP9', 'AA479357', 'LTF', 'ZNF217',
       'AA490257', 'LOC389831', 'AA975768', 'NOTCH1', 'MB', 'RAB30',
       'FCGR2B', 'C4A', 'FLJ38984', 'PYGL', 'SNRPN', 'KNS2', 'GBP1',
       'IL32', 'LY96', 'AA181288', 'IGF2BP3', 'CALM1', 'CASP1', 'PDLIM7',
       'DEF6', 'W93688', 'USP3', 'X38595', 'TSPAN6', 'CDKN1A', 'PHLDA1',
       'GOT1', 'EFHB', 'GYPC', 'MYC', 'CDC20B', 'TNFAIP3', 'POSTN',
       'PLOD2', 'CDKN2D', 'AA669383', 'CLSTN3', 'MDK', 'MVP', 'CCL2',
       'FAM46A', 'PLA2G2A', 'KCNQ2', 'CKMT1A', 'H24428', 'KIAA0963',
       'NSF', 'RAB11FIP4', 'CD53', 'IL21R', 'URP2', 'CAMK2A', 'APCS',
       'HPRT1', 'LAMA4', 'ITPKA', 'HK2', 'RBP4', 'DDIT4', 'OSBPL1A',
       'CAMKK2', 'L1CAM', 'PYHIN1', 'H91845', 'SLC35A2', 'FCGRT',
       'AI005038', 'PTPRZ1', 'ADCY1', 'HAMP', 'CD44', 'FAS', 'NUAK1',
       'DNASE1L1', 'GPNMB', 'HBA1', 'T62491', 'FBXO2', 'VSNL1', 'SPINT2',
       'C8orf4', 'NCF2', 'PRSS3', 'PLTP', 'CAP2', 'LAMB1', 'EDG3',
       'INPP5F', 'PDE4DIP', 'MMP2', 'S100A10', 'LAPTM5', 'PRRX1',
       'IL1RAP', 'HLA.G', 'TSPAN4', 'ITGA9', 'CCR1', 'MAL2', 'DSCR1L1',
       'C6orf12', 'DDN', 'CBLN2', 'GBP2', 'PRKCB1', 'F13A1', 'S100A1',
       'R52960', 'BCL2A1', 'YWHAH', 'FREQ', 'UGCG', 'SERPINI1', 'NLK',
       'ANK3', 'AI002301', 'NCF1', 'CA11', 'NY.SAR.48', 'AA598555',
       'CYBA', 'ID3', 'TAP1', 'TGFBI', 'AI263051', 'TOMM40', 'C1orf187',
       'IQSEC1', 'DES', 'NPC2', 'AIF1', 'HLA.F', 'AI350724', 'PRSS1',
       'SAA2', 'CYR61', 'T51726', 'SYNGR3', 'ITGA3', 'CHN1', 'ADAM19',
       'FBXW7', 'AA598631', 'LUM', 'PCP4', 'SRPX', 'IGHG1', 'FAM84A',
       'H41096', 'HPCA', 'CTHRC1', 'AA401952', 'DYNLT1', 'GAS1', 'RAB20',
       'ESM1', 'AA424849', 'NR4A1', 'EPB49', 'MDFI', 'LYN', 'TXNDC',
       'PALLD', 'R70684', 'CAV1', 'ZFHX1B', 'H10054', 'NDST1', 'SPARC',
       'SCN2B', 'SYT7', 'MED11', 'PARP14', 'MICAL2', 'TncRNA', 'BNIP2',
       'FZD7', 'GADD45B', 'FBL', 'LOC283130', 'STK17A', 'PRKCG',
       'HLA.DRB1', 'PRG1', 'N98591', 'PPP1R14A', 'SLC15A2', 'NPTX1',
       'MGP'], dtype=object), 'Sample count': 17, 'Nans': array([ 0,  0,  0,  1,  2,  0,  2,  0,  0,  0,  1,  1,  0,  0,  1,  0,  0,
        0,  1,  0,  0,  3,  0,  1,  0,  0,  1,  1,  0,  1,  0,  0,  0,  0,
        0,  1,  0,  0,  1,  0,  1,  0,  0,  3,  2,  0,  1,  1,  1,  0,  0,
        1,  0,  6,  1,  0,  0,  0,  0,  0,  1,  1,  1,  5,  0,  3,  0,  1,
        6, 11,  1, 12,  2,  0, 12,  1,  1, 13,  1,  9,  8,  0,  6,  0,  8,
        1,  2,  2,  3, 16, 10,  6, 11,  4,  5,  4,  5,  0,  0, 13,  7,  2,
        4,  0,  5,  0,  9,  6,  0,  1,  5,  1,  1, 11,  4, 15,  7,  8,  8,
        0,  0,  3,  2,  1, 11,  0,  0,  0, 13,  0,  2,  6,  1,  9,  9,  6,
        0,  0,  3,  5, 10,  0, 13, 13, 12,  0,  0,  0,  0,  1,  0,  8,  0,
        6,  0,  0,  7,  4,  9, 12,  3,  6,  2,  0,  0,  4,  3, 15,  5,  0,
        0,  0,  4,  0,  8,  0, 10,  3,  3,  8,  0,  6,  0,  3,  6,  6,  4,
        5,  1,  1,  1,  0,  2,  7,  8,  1,  7,  0,  0,  7,  2,  0,  9,  7,
       17,  6,  4,  8,  3,  0,  0,  8,  4,  0,  1,  2,  0,  0,  5,  1, 12,
        5, 11,  1,  0,  8, 10, 11,  1,  1,  0,  1,  0, 16,  0,  6,  0,  0,
        1, 11,  0,  0,  0,  7,  1,  0,  0, 16,  0,  5, 15,  0,  2,  8,  1,
        1, 12,  2,  0,  0,  2,  5,  6, 13, 11, 17,  5,  1, 12,  3,  7,  0,
       12,  0,  1,  5,  6,  2,  4,  0,  0,  0,  2,  0,  8,  0,  0,  1, 14,
        0,  5, 12, 17,  9,  1,  1,  9,  0,  8,  1,  0,  4,  0,  7,  6,  9,
        1,  0,  0,  7,  0,  5,  0,  2, 14,  4,  0, 17,  0,  3,  9,  0,  0,
        3, 13,  8,  0,  0,  0,  1,  4,  0,  3, 13,  2,  0,  1,  1,  0,  0,
        0,  2,  9,  6,  0,  0, 10,  1,  0,  4,  0,  2,  0,  3, 15, 12,  1,
        1, 11,  0,  0,  7,  0,  0,  0,  0,  1,  2, 17,  0,  7,  6, 12,  0,
        0,  0,  0,  0, 16,  2,  3,  1,  0,  0,  3,  9,  0,  0,  1,  3,  6,
        7,  7,  6,  3,  1,  0,  0,  0, 16, 12,  1,  0,  0,  1,  1,  0,  0,
        6,  9,  0,  6,  0,  3,  5,  5,  1,  0,  0,  0,  0,  0,  8,  0])}, {'Row names': array(['EXT1', 'DIP2C', 'SVIL', 'MGC39606', 'ADARB2', 'PARD3', 'SPAG6',
       'AKR1C1', 'CCDC3', 'AKR1C2', 'TCTEX1D1', 'GYPA', 'VASP', 'ACAD8',
       'C1orf63', 'USP6NL', 'CACNB2', 'CLCA3', 'COX7A1', 'CEAL1', 'EID.3',
       'DUS3L', 'KIAA1543', 'HBXIP', 'ZNF226', 'EDG1', 'SORT1',
       'LOC283070', 'DCLRE1B', 'ZNF549', 'KLRC3', 'ZNF419B', 'DDEF1',
       'DMN', 'KCNJ1', 'MGC18216', 'PSG5', 'FBXO32', 'ZNF329', 'SBP1',
       'MGC42367', 'OSR1', 'D21S2089E', 'HNRNPG.T', 'AP4B1', 'ZNF160',
       'LRBA', 'LILRA1', 'EGLN2', 'BCAM', 'GPSM2', 'APOC1', 'IGF1R',
       'TLL2', 'CA11', 'TMEM146', 'KCNK6', 'TFDP2', 'ZNF233', 'COX6A2',
       'UBE4B', 'NDUFB11', 'TTC23', 'RBP7', 'IGSF3', 'BLVRB', 'PSG1',
       'MYBPC2', 'MSN', 'H08563', 'BGN', 'TNFRSF12A', 'CAPG', 'MYCBP2',
       'EMP3', 'RTN3', 'RGS16', 'ITGA5', 'PPP3CB', 'LOC541471', 'H78560',
       'ASPA', 'TIMP1', 'AA398420', 'IMAGE.33267', 'SOCS3', 'PDPN',
       'CHI3L2', 'MASP1', 'PLP2', 'S100A11', 'SETD5', 'T97457', 'UBA52',
       'DLL3', 'TSPYL1', 'FAM84B', 'RALY', 'LOC613212', 'CLIC1', 'VEGF',
       'AA281932', 'COL1A1', 'CD47', 'IFI30', 'ATP6V1C1', 'PSD3', 'RUNX1',
       'LHFPL2', 'C9orf48', 'CA12', 'EDNRB', 'PPP3CA', 'LGALS3', 'STEAP3',
       'IGFBP3', 'KLRC3', 'KLRC2', 'KLRC1', 'NPL', 'ARPP.19', 'PDE2A',
       'COL4A2', 'TIMP3', 'PLAUR', 'PNCK', 'WDR7', 'X37864', 'NNMT',
       'TBC1D7', 'MRC2', 'ABCA5', 'TCF7L1', 'CD58', 'MST1', 'DECR2',
       'AA131320', 'LOC57228', 'MST150', 'PEG3', 'TMEM49', 'FABP3',
       'SLC16A3', 'SERPINH1', 'ADM', 'NMNAT2', 'GABBR1', 'VAMP2', 'CSPG2',
       'WASF1', 'CBX6', 'RAB27B', 'COL3A1', 'KIAA1644', 'NLGN1',
       'C16orf5', 'LOC400451', 'AEBP1', 'COL1A2', 'COL6A2', 'HEY1',
       'HSPG2', 'RPS19BP1', 'SUV39H1', 'RFXAP', 'TNC', 'DKFZp313A2432',
       'STC1', 'PDXP', 'MOAP1', 'MAPKBP1', 'ID4', 'CACNB3', 'SERPING1',
       'RND3', 'HMOX1', 'MTHFD2', 'R70506', 'APOC2', 'ANXA1', 'AA489629',
       'H86813', 'SCAMP5', 'RPS3A', 'PLAU', 'R61377', 'NEFH', 'STMN1',
       'FBXL16', 'C1R', 'WWTR1', 'EPHB1', 'ANXA5', 'AA906888', 'AI262682',
       'LOC146795', 'SOX4', 'COL9A2', 'SERPINA3', 'AA029415', 'PRKCZ',
       'FLJ35740', 'FN1', 'LOC388610', 'AI871056', 'FGF13', 'STXBP1',
       'AI357047', 'SP100', 'HCLS1', 'MGC26694', 'LSP1', 'PRKAR1B',
       'YWHAG', 'CLTB', 'AI335002', 'A2BP1', 'HLA.A', 'SNCG', 'IGFBP5',
       'PYCR1', 'ABCC3', 'L3MBTL4', 'DPYD', 'H20822', 'AI822135', 'LMO7',
       'ADFP', 'KCNMA1', 'PCDHGC3', 'MSTP9', 'AA479357', 'LTF', 'ZNF217',
       'AA490257', 'LOC389831', 'AA975768', 'NOTCH1', 'MB', 'RAB30',
       'FCGR2B', 'C4A', 'FLJ38984', 'PYGL', 'SNRPN', 'KNS2', 'GBP1',
       'IL32', 'LY96', 'AA181288', 'IGF2BP3', 'CALM1', 'CASP1', 'PDLIM7',
       'DEF6', 'W93688', 'USP3', 'X38595', 'TSPAN6', 'CDKN1A', 'PHLDA1',
       'GOT1', 'EFHB', 'GYPC', 'MYC', 'CDC20B', 'TNFAIP3', 'POSTN',
       'PLOD2', 'CDKN2D', 'AA669383', 'CLSTN3', 'MDK', 'MVP', 'CCL2',
       'FAM46A', 'PLA2G2A', 'KCNQ2', 'CKMT1A', 'H24428', 'KIAA0963',
       'NSF', 'RAB11FIP4', 'CD53', 'IL21R', 'URP2', 'CAMK2A', 'APCS',
       'HPRT1', 'LAMA4', 'ITPKA', 'HK2', 'RBP4', 'DDIT4', 'OSBPL1A',
       'CAMKK2', 'L1CAM', 'PYHIN1', 'H91845', 'SLC35A2', 'FCGRT',
       'AI005038', 'PTPRZ1', 'ADCY1', 'HAMP', 'CD44', 'FAS', 'NUAK1',
       'DNASE1L1', 'GPNMB', 'HBA1', 'T62491', 'FBXO2', 'VSNL1', 'SPINT2',
       'C8orf4', 'NCF2', 'PRSS3', 'PLTP', 'CAP2', 'LAMB1', 'EDG3',
       'INPP5F', 'PDE4DIP', 'MMP2', 'S100A10', 'LAPTM5', 'PRRX1',
       'IL1RAP', 'HLA.G', 'TSPAN4', 'ITGA9', 'CCR1', 'MAL2', 'DSCR1L1',
       'C6orf12', 'DDN', 'CBLN2', 'GBP2', 'PRKCB1', 'F13A1', 'S100A1',
       'R52960', 'BCL2A1', 'YWHAH', 'FREQ', 'UGCG', 'SERPINI1', 'NLK',
       'ANK3', 'AI002301', 'NCF1', 'CA11', 'NY.SAR.48', 'AA598555',
       'CYBA', 'ID3', 'TAP1', 'TGFBI', 'AI263051', 'TOMM40', 'C1orf187',
       'IQSEC1', 'DES', 'NPC2', 'AIF1', 'HLA.F', 'AI350724', 'PRSS1',
       'SAA2', 'CYR61', 'T51726', 'SYNGR3', 'ITGA3', 'CHN1', 'ADAM19',
       'FBXW7', 'AA598631', 'LUM', 'PCP4', 'SRPX', 'IGHG1', 'FAM84A',
       'H41096', 'HPCA', 'CTHRC1', 'AA401952', 'DYNLT1', 'GAS1', 'RAB20',
       'ESM1', 'AA424849', 'NR4A1', 'EPB49', 'MDFI', 'LYN', 'TXNDC',
       'PALLD', 'R70684', 'CAV1', 'ZFHX1B', 'H10054', 'NDST1', 'SPARC',
       'SCN2B', 'SYT7', 'MED11', 'PARP14', 'MICAL2', 'TncRNA', 'BNIP2',
       'FZD7', 'GADD45B', 'FBL', 'LOC283130', 'STK17A', 'PRKCG',
       'HLA.DRB1', 'PRG1', 'N98591', 'PPP1R14A', 'SLC15A2', 'NPTX1',
       'MGP'], dtype=object), 'Sample count': 17, 'Nans': array([ 0,  0,  0,  1,  2,  0,  2,  0,  0,  0,  1,  1,  0,  0,  1,  0,  0,
        0,  1,  0,  0,  3,  0,  1,  0,  0,  1,  1,  0,  1,  0,  0,  0,  0,
        0,  1,  0,  0,  1,  0,  1,  0,  0,  3,  2,  0,  1,  1,  1,  0,  0,
        1,  0,  6,  1,  0,  0,  0,  0,  0,  1,  1,  1,  5,  0,  3,  0,  1,
        6, 11,  1, 12,  2,  0, 12,  1,  1, 13,  1,  9,  8,  0,  6,  0,  8,
        1,  2,  2,  3, 16, 10,  6, 11,  4,  5,  4,  5,  0,  0, 13,  7,  2,
        4,  0,  5,  0,  9,  6,  0,  1,  5,  1,  1, 11,  4, 15,  7,  8,  8,
        0,  0,  3,  2,  1, 11,  0,  0,  0, 13,  0,  2,  6,  1,  9,  9,  6,
        0,  0,  3,  5, 10,  0, 13, 13, 12,  0,  0,  0,  0,  1,  0,  8,  0,
        6,  0,  0,  7,  4,  9, 12,  3,  6,  2,  0,  0,  4,  3, 15,  5,  0,
        0,  0,  4,  0,  8,  0, 10,  3,  3,  8,  0,  6,  0,  3,  6,  6,  4,
        5,  1,  1,  1,  0,  2,  7,  8,  1,  7,  0,  0,  7,  2,  0,  9,  7,
       17,  6,  4,  8,  3,  0,  0,  8,  4,  0,  1,  2,  0,  0,  5,  1, 12,
        5, 11,  1,  0,  8, 10, 11,  1,  1,  0,  1,  0, 16,  0,  6,  0,  0,
        1, 11,  0,  0,  0,  7,  1,  0,  0, 16,  0,  5, 15,  0,  2,  8,  1,
        1, 12,  2,  0,  0,  2,  5,  6, 13, 11, 17,  5,  1, 12,  3,  7,  0,
       12,  0,  1,  5,  6,  2,  4,  0,  0,  0,  2,  0,  8,  0,  0,  1, 14,
        0,  5, 12, 17,  9,  1,  1,  9,  0,  8,  1,  0,  4,  0,  7,  6,  9,
        1,  0,  0,  7,  0,  5,  0,  2, 14,  4,  0, 17,  0,  3,  9,  0,  0,
        3, 13,  8,  0,  0,  0,  1,  4,  0,  3, 13,  2,  0,  1,  1,  0,  0,
        0,  2,  9,  6,  0,  0, 10,  1,  0,  4,  0,  2,  0,  3, 15, 12,  1,
        1, 11,  0,  0,  7,  0,  0,  0,  0,  1,  2, 17,  0,  7,  6, 12,  0,
        0,  0,  0,  0, 16,  2,  3,  1,  0,  0,  3,  9,  0,  0,  1,  3,  6,
        7,  7,  6,  3,  1,  0,  0,  0, 16, 12,  1,  0,  0,  1,  1,  0,  0,
        6,  9,  0,  6,  0,  3,  5,  5,  1,  0,  0,  0,  0,  0,  8,  0])}]
['EXT1', 'DIP2C', 'SVIL', 'MGC39606', 'ADARB2', 'PARD3', 'SPAG6', 'AKR1C1', 'CCDC3', 'AKR1C2', 'TCTEX1D1', 'GYPA', 'VASP', 'ACAD8', 'C1orf63', 'USP6NL', 'CACNB2', 'CLCA3', 'COX7A1', 'CEAL1', 'EID.3', 'DUS3L', 'KIAA1543', 'HBXIP', 'ZNF226', 'EDG1', 'SORT1', 'LOC283070', 'DCLRE1B', 'ZNF549', 'KLRC3', 'ZNF419B', 'DDEF1', 'DMN', 'KCNJ1', 'MGC18216', 'PSG5', 'FBXO32', 'ZNF329', 'SBP1', 'MGC42367', 'OSR1', 'D21S2089E', 'HNRNPG.T', 'AP4B1', 'ZNF160', 'LRBA', 'LILRA1', 'EGLN2', 'BCAM', 'GPSM2', 'APOC1', 'IGF1R', 'TLL2', 'CA11', 'TMEM146', 'KCNK6', 'TFDP2', 'ZNF233', 'COX6A2', 'UBE4B', 'NDUFB11', 'TTC23', 'RBP7', 'IGSF3', 'BLVRB', 'PSG1', 'MYBPC2', 'MSN', 'H08563', 'BGN', 'TNFRSF12A', 'CAPG', 'MYCBP2', 'EMP3', 'RTN3', 'RGS16', 'ITGA5', 'PPP3CB', 'LOC541471', 'H78560', 'ASPA', 'TIMP1', 'AA398420', 'IMAGE.33267', 'SOCS3', 'PDPN', 'CHI3L2', 'MASP1', 'PLP2', 'S100A11', 'SETD5', 'T97457', 'UBA52', 'DLL3', 'TSPYL1', 'FAM84B', 'RALY', 'LOC613212', 'CLIC1', 'VEGF', 'AA281932', 'COL1A1', 'CD47', 'IFI30', 'ATP6V1C1', 'PSD3', 'RUNX1', 'LHFPL2', 'C9orf48', 'CA12', 'EDNRB', 'PPP3CA', 'LGALS3', 'STEAP3', 'IGFBP3', 'KLRC2', 'KLRC1', 'NPL', 'ARPP.19', 'PDE2A', 'COL4A2', 'TIMP3', 'PLAUR', 'PNCK', 'WDR7', 'X37864', 'NNMT', 'TBC1D7', 'MRC2', 'ABCA5', 'TCF7L1', 'CD58', 'MST1', 'DECR2', 'AA131320', 'LOC57228', 'MST150', 'PEG3', 'TMEM49', 'FABP3', 'SLC16A3', 'SERPINH1', 'ADM', 'NMNAT2', 'GABBR1', 'VAMP2', 'CSPG2', 'WASF1', 'CBX6', 'RAB27B', 'COL3A1', 'KIAA1644', 'NLGN1', 'C16orf5', 'LOC400451', 'AEBP1', 'COL1A2', 'COL6A2', 'HEY1', 'HSPG2', 'RPS19BP1', 'SUV39H1', 'RFXAP', 'TNC', 'DKFZp313A2432', 'STC1', 'PDXP', 'MOAP1', 'MAPKBP1', 'ID4', 'CACNB3', 'SERPING1', 'RND3', 'HMOX1', 'MTHFD2', 'R70506', 'APOC2', 'ANXA1', 'AA489629', 'H86813', 'SCAMP5', 'RPS3A', 'PLAU', 'R61377', 'NEFH', 'STMN1', 'FBXL16', 'C1R', 'WWTR1', 'EPHB1', 'ANXA5', 'AA906888', 'AI262682', 'LOC146795', 'SOX4', 'COL9A2', 'SERPINA3', 'AA029415', 'PRKCZ', 'FLJ35740', 'FN1', 'LOC388610', 'AI871056', 'FGF13', 'STXBP1', 'AI357047', 'SP100', 'HCLS1', 'MGC26694', 'LSP1', 'PRKAR1B', 'YWHAG', 'CLTB', 'AI335002', 'A2BP1', 'HLA.A', 'SNCG', 'IGFBP5', 'PYCR1', 'ABCC3', 'L3MBTL4', 'DPYD', 'H20822', 'AI822135', 'LMO7', 'ADFP', 'KCNMA1', 'PCDHGC3', 'MSTP9', 'AA479357', 'LTF', 'ZNF217', 'AA490257', 'LOC389831', 'AA975768', 'NOTCH1', 'MB', 'RAB30', 'FCGR2B', 'C4A', 'FLJ38984', 'PYGL', 'SNRPN', 'KNS2', 'GBP1', 'IL32', 'LY96', 'AA181288', 'IGF2BP3', 'CALM1', 'CASP1', 'PDLIM7', 'DEF6', 'W93688', 'USP3', 'X38595', 'TSPAN6', 'CDKN1A', 'PHLDA1', 'GOT1', 'EFHB', 'GYPC', 'MYC', 'CDC20B', 'TNFAIP3', 'POSTN', 'PLOD2', 'CDKN2D', 'AA669383', 'CLSTN3', 'MDK', 'MVP', 'CCL2', 'FAM46A', 'PLA2G2A', 'KCNQ2', 'CKMT1A', 'H24428', 'KIAA0963', 'NSF', 'RAB11FIP4', 'CD53', 'IL21R', 'URP2', 'CAMK2A', 'APCS', 'HPRT1', 'LAMA4', 'ITPKA', 'HK2', 'RBP4', 'DDIT4', 'OSBPL1A', 'CAMKK2', 'L1CAM', 'PYHIN1', 'H91845', 'SLC35A2', 'FCGRT', 'AI005038', 'PTPRZ1', 'ADCY1', 'HAMP', 'CD44', 'FAS', 'NUAK1', 'DNASE1L1', 'GPNMB', 'HBA1', 'T62491', 'FBXO2', 'VSNL1', 'SPINT2', 'C8orf4', 'NCF2', 'PRSS3', 'PLTP', 'CAP2', 'LAMB1', 'EDG3', 'INPP5F', 'PDE4DIP', 'MMP2', 'S100A10', 'LAPTM5', 'PRRX1', 'IL1RAP', 'HLA.G', 'TSPAN4', 'ITGA9', 'CCR1', 'MAL2', 'DSCR1L1', 'C6orf12', 'DDN', 'CBLN2', 'GBP2', 'PRKCB1', 'F13A1', 'S100A1', 'R52960', 'BCL2A1', 'YWHAH', 'FREQ', 'UGCG', 'SERPINI1', 'NLK', 'ANK3', 'AI002301', 'NCF1', 'NY.SAR.48', 'AA598555', 'CYBA', 'ID3', 'TAP1', 'TGFBI', 'AI263051', 'TOMM40', 'C1orf187', 'IQSEC1', 'DES', 'NPC2', 'AIF1', 'HLA.F', 'AI350724', 'PRSS1', 'SAA2', 'CYR61', 'T51726', 'SYNGR3', 'ITGA3', 'CHN1', 'ADAM19', 'FBXW7', 'AA598631', 'LUM', 'PCP4', 'SRPX', 'IGHG1', 'FAM84A', 'H41096', 'HPCA', 'CTHRC1', 'AA401952', 'DYNLT1', 'GAS1', 'RAB20', 'ESM1', 'AA424849', 'NR4A1', 'EPB49', 'MDFI', 'LYN', 'TXNDC', 'PALLD', 'R70684', 'CAV1', 'ZFHX1B', 'H10054', 'NDST1', 'SPARC', 'SCN2B', 'SYT7', 'MED11', 'PARP14', 'MICAL2', 'TncRNA', 'BNIP2', 'FZD7', 'GADD45B', 'FBL', 'LOC283130', 'STK17A', 'PRKCG', 'HLA.DRB1', 'PRG1', 'N98591', 'PPP1R14A', 'SLC15A2', 'NPTX1', 'MGP']
['IGF1R', 'PTPRZ1', 'EPB49', 'TFDP2', 'ITGA5', 'SYT7', 'SVIL', 'T51726', 'SETD5', 'TOMM40', 'PRKCZ', 'SAA2', 'LOC57228', 'AI335002', 'PRSS3', 'ZNF419B', 'HBA1', 'L3MBTL4', 'PALLD', 'RND3', 'KIAA1543', 'PCP4', 'HAMP', 'ZNF226', 'TncRNA', 'LMO7', 'LILRA1', 'PNCK', 'OSBPL1A', 'DKFZp313A2432', 'GOT1', 'RBP7', 'RTN3', 'ADFP', 'STEAP3', 'ADARB2', 'COL9A2', 'KLRC3', 'APOC1', 'EID.3', 'CD53', 'GBP1', 'AI002301', 'COL1A2', 'MSTP9', 'ID3', 'PLA2G2A', 'SLC15A2', 'PRKAR1B', 'ZNF217', 'STC1', 'CCL2', 'CDC20B', 'MAPKBP1', 'LGALS3', 'FREQ', 'MAL2', 'PARP14', 'COL6A2', 'X37864', 'FZD7', 'AA281932', 'BCL2A1', 'CASP1', 'TMEM49', 'W93688', 'CEAL1', 'H86813', 'NNMT', 'CSPG2', 'CBX6', 'TCTEX1D1', 'NOTCH1', 'TSPAN4', 'AI822135', 'UBA52', 'AI357047', 'CALM1', 'INPP5F', 'PRSS1', 'R70684', 'MYCBP2', 'MGC26694', 'SBP1', 'D21S2089E', 'MB', 'PDLIM7', 'EPHB1', 'ITGA3', 'H78560', 'HK2', 'FCGRT', 'UGCG', 'NPC2', 'BNIP2', 'SPARC', 'HNRNPG.T', 'OSR1', 'PARD3', 'TNFAIP3', 'TXNDC', 'ANK3', 'DNASE1L1', 'SERPINI1', 'FCGR2B', 'IL21R', 'DLL3', 'FAS', 'CCR1', 'PDPN', 'CAMK2A', 'CHI3L2', 'CLSTN3', 'PDE4DIP', 'NPTX1', 'VASP', 'R70506', 'GADD45B', 'AKR1C2', 'DYNLT1', 'CKMT1A', 'TLL2', 'USP6NL', 'GPSM2', 'FGF13', 'CAMKK2', 'N98591', 'TNC', 'DECR2', 'CLTB', 'PYCR1', 'GBP2', 'HEY1', 'KCNQ2', 'DCLRE1B', 'CAPG', 'PLTP', 'PCDHGC3', 'RUNX1', 'SCN2B', 'MASP1', 'PYHIN1', 'SLC35A2', 'ADAM19', 'NMNAT2', 'MGC39606', 'GABBR1', 'WDR7', 'COL3A1', 'TIMP1', 'RAB11FIP4', 'SCAMP5', 'MSN', 'NEFH', 'LOC541471', 'EFHB', 'X38595', 'SNRPN', 'R61377', 'ANXA5', 'SNCG', 'SPINT2', 'C4A', 'ACAD8', 'AIF1', 'ZNF160', 'SOCS3', 'GYPA', 'RPS19BP1', 'MTHFD2', 'NLGN1', 'NY.SAR.48', 'AI262682', 'YWHAH', 'HLA.F', 'H08563', 'HLA.A', 'TMEM146', 'MGC42367', 'NPL', 'AA598555', 'AA131320', 'DIP2C', 'DES', 'H91845', 'IL1RAP', 'KIAA0963', 'SRPX', 'COL4A2', 'RAB20', 'PRKCG', 'FABP3', 'AA490257', 'HLA.DRB1', 'ITPKA', 'ARPP.19', 'H10054', 'PLP2', 'CD47', 'PHLDA1', 'AA424849', 'WASF1', 'TSPAN6', 'MRC2', 'KCNMA1', 'SYNGR3', 'AI350724', 'LHFPL2', 'SERPINA3', 'FAM84B', 'RFXAP', 'FBXL16', 'CACNB2', 'DSCR1L1', 'C1orf187', 'TGFBI', 'VEGF', 'LAMB1', 'EDG1', 'ZFHX1B', 'IGHG1', 'LRBA', 'NSF', 'STXBP1', 'LOC389831', 'C1orf63', 'KCNK6', 'IL32', 'BCAM', 'ZNF233', 'DMN', 'LOC400451', 'ADCY1', 'C9orf48', 'DDEF1', 'COX7A1', 'FBXO2', 'CACNB3', 'STMN1', 'HLA.G', 'SORT1', 'USP3', 'AKR1C1', 'FLJ38984', 'AP4B1', 'AA598631', 'POSTN', 'NCF1', 'ANXA1', 'NLK', 'RAB30', 'CYR61', 'TAP1', 'CAV1', 'PRRX1', 'CLIC1', 'MST1', 'KIAA1644', 'IQSEC1', 'AI005038', 'VAMP2', 'MST150', 'S100A10', 'SPAG6', 'APOC2', 'CHN1', 'LOC283130', 'FBXO32', 'CYBA', 'PRG1', 'LOC146795', 'HBXIP', 'COL1A1', 'AA398420', 'AA975768', 'AEBP1', 'L1CAM', 'H20822', 'LOC388610', 'HPRT1', 'MGP', 'AA906888', 'TSPYL1', 'AA181288', 'LSP1', 'TCF7L1', 'DUS3L', 'TBC1D7', 'LUM', 'H41096', 'PPP1R14A', 'ASPA', 'PYGL', 'AA401952', 'LY96', 'ESM1', 'S100A11', 'SP100', 'HSPG2', 'SLC16A3', 'FLJ35740', 'NDUFB11', 'SOX4', 'F13A1', 'SERPINH1', 'CD44', 'CD58', 'LYN', 'GPNMB', 'RALY', 'IFI30', 'ID4', 'CLCA3', 'BGN', 'PDXP', 'RAB27B', 'TTC23', 'RBP4', 'KLRC1', 'AI263051', 'ZNF329', 'MICAL2', 'URP2', 'HCLS1', 'ATP6V1C1', 'PSG5', 'MYC', 'LOC283070', 'EGLN2', 'C16orf5', 'RGS16', 'HPCA', 'CA11', 'PLOD2', 'KCNJ1', 'SERPING1', 'T62491', 'NDST1', 'MVP', 'KNS2', 'CDKN1A', 'PEG3', 'ABCC3', 'A2BP1', 'C1R', 'HMOX1', 'CA12', 'EDG3', 'C8orf4', 'AA489629', 'IGFBP5', 'LOC613212', 'IMAGE.33267', 'FN1', 'IGF2BP3', 'T97457', 'MDK', 'IGFBP3', 'DPYD', 'ABCA5', 'CBLN2', 'PPP3CB', 'SUV39H1', 'EMP3', 'FAM46A', 'GYPC', 'ADM', 'WWTR1', 'PLAUR', 'FBXW7', 'APCS', 'YWHAG', 'AA479357', 'PRKCB1', 'EDNRB', 'DDIT4', 'STK17A', 'VSNL1', 'MYBPC2', 'COX6A2', 'UBE4B', 'H24428', 'ITGA9', 'FAM84A', 'RPS3A', 'IGSF3', 'PSG1', 'DEF6', 'LAMA4', 'NR4A1', 'R52960', 'ZNF549', 'TNFRSF12A', 'AA669383', 'MDFI', 'KLRC2', 'C6orf12', 'CDKN2D', 'CCDC3', 'TIMP3', 'PSD3', 'EXT1', 'CTHRC1', 'MED11', 'DDN', 'BLVRB', 'PPP3CA', 'NUAK1', 'AI871056', 'FBL', 'MMP2', 'NCF2', 'CAP2', 'LTF', 'AA029415', 'GAS1', 'MOAP1', 'LAPTM5', 'PDE2A', 'S100A1', 'PLAU', 'MGC18216']
[34, 34, 22, 34, 8, 32, 34, 22, 22, 34, 30, 34, 34, 30, 0, 34, 34, 12, 34, 18, 34, 30, 22, 34, 16, 14, 32, 34, 32, 28, 24, 24, 32, 12, 26, 30, 34, 20, 32, 34, 34, 34, 34, 16, 34, 32, 22, 34, 26, 2, 4, 32, 0, 34, 12, 34, 8, 34, 10, 34, 22, 30, 22, 30, 14, 32, 34, 22, 8, 34, 34, 32, 34, 26, 18, 26, 18, 34, 34, 0, 34, 34, 34, 34, 34, 32, 18, 34, 34, 18, 10, 34, 14, 34, 34, 34, 28, 34, 34, 24, 34, 26, 34, 32, 34, 18, 24, 32, 28, 30, 34, 30, 34, 28, 18, 34, 28, 34, 34, 34, 26, 22, 34, 34, 22, 32, 34, 26, 22, 32, 10, 34, 28, 30, 34, 30, 34, 32, 22, 32, 28, 34, 32, 34, 34, 32, 34, 34, 34, 22, 30, 34, 22, 26, 16, 22, 30, 32, 22, 30, 24, 6, 34, 34, 34, 34, 32, 32, 30, 14, 34, 28, 18, 34, 32, 12, 34, 34, 32, 34, 4, 34, 34, 34, 18, 34, 34, 28, 30, 28, 32, 34, 34, 34, 24, 34, 32, 2, 34, 30, 20, 32, 34, 30, 32, 10, 30, 34, 34, 24, 34, 32, 34, 30, 20, 12, 20, 16, 34, 10, 32, 32, 34, 26, 22, 32, 34, 2, 34, 34, 34, 20, 20, 32, 34, 32, 34, 26, 24, 32, 32, 10, 34, 34, 30, 34, 32, 30, 18, 34, 12, 20, 32, 2, 34, 8, 16, 22, 34, 26, 34, 28, 18, 30, 28, 34, 24, 34, 10, 34, 32, 32, 26, 34, 34, 26, 16, 34, 20, 6, 34, 20, 26, 24, 18, 32, 28, 34, 2, 34, 34, 34, 20, 34, 34, 22, 14, 28, 22, 8, 34, 32, 20, 34, 8, 16, 16, 32, 20, 34, 24, 34, 34, 32, 24, 18, 32, 0, 18, 34, 32, 22, 34, 34, 34, 34, 12, 32, 32, 34, 32, 28, 32, 10, 34, 34, 24, 34, 34, 34, 34, 24, 24, 34, 32, 34, 24, 34, 26, 34, 32, 34, 18, 16, 4, 12, 10, 4, 32, 22, 32, 32, 34, 10, 24, 8, 10, 32, 12, 34, 32, 34, 32, 34, 32, 16, 24, 30, 32, 34, 32, 34, 34, 34, 28, 34, 34, 32, 34, 20, 16, 32, 10, 20, 28, 18, 34, 28, 34, 32, 16, 34, 16, 34, 32, 28, 32, 34, 0, 28, 8, 34, 28, 34, 20, 32, 34, 34, 28, 30, 22, 32]
[API] [COORDINATOR] row names identified!
[{'Row names': array(['EXT1', 'DIP2C', 'SVIL', 'MGC39606', 'ADARB2', 'PARD3', 'SPAG6',
       'AKR1C1', 'CCDC3', 'AKR1C2', 'TCTEX1D1', 'GYPA', 'VASP', 'ACAD8',
       'C1orf63', 'USP6NL', 'CACNB2', 'CLCA3', 'COX7A1', 'CEAL1', 'EID.3',
       'DUS3L', 'KIAA1543', 'HBXIP', 'ZNF226', 'EDG1', 'SORT1',
       'LOC283070', 'DCLRE1B', 'ZNF549', 'KLRC3', 'ZNF419B', 'DDEF1',
       'DMN', 'KCNJ1', 'MGC18216', 'PSG5', 'FBXO32', 'ZNF329', 'SBP1',
       'MGC42367', 'OSR1', 'D21S2089E', 'HNRNPG.T', 'AP4B1', 'ZNF160',
       'LRBA', 'LILRA1', 'EGLN2', 'BCAM', 'GPSM2', 'APOC1', 'IGF1R',
       'TLL2', 'CA11', 'TMEM146', 'KCNK6', 'TFDP2', 'ZNF233', 'COX6A2',
       'UBE4B', 'NDUFB11', 'TTC23', 'RBP7', 'IGSF3', 'BLVRB', 'PSG1',
       'MYBPC2', 'MSN', 'H08563', 'BGN', 'TNFRSF12A', 'CAPG', 'MYCBP2',
       'EMP3', 'RTN3', 'RGS16', 'ITGA5', 'PPP3CB', 'LOC541471', 'H78560',
       'ASPA', 'TIMP1', 'AA398420', 'IMAGE.33267', 'SOCS3', 'PDPN',
       'CHI3L2', 'MASP1', 'PLP2', 'S100A11', 'SETD5', 'T97457', 'UBA52',
       'DLL3', 'TSPYL1', 'FAM84B', 'RALY', 'LOC613212', 'CLIC1', 'VEGF',
       'AA281932', 'COL1A1', 'CD47', 'IFI30', 'ATP6V1C1', 'PSD3', 'RUNX1',
       'LHFPL2', 'C9orf48', 'CA12', 'EDNRB', 'PPP3CA', 'LGALS3', 'STEAP3',
       'IGFBP3', 'KLRC3', 'KLRC2', 'KLRC1', 'NPL', 'ARPP.19', 'PDE2A',
       'COL4A2', 'TIMP3', 'PLAUR', 'PNCK', 'WDR7', 'X37864', 'NNMT',
       'TBC1D7', 'MRC2', 'ABCA5', 'TCF7L1', 'CD58', 'MST1', 'DECR2',
       'AA131320', 'LOC57228', 'MST150', 'PEG3', 'TMEM49', 'FABP3',
       'SLC16A3', 'SERPINH1', 'ADM', 'NMNAT2', 'GABBR1', 'VAMP2', 'CSPG2',
       'WASF1', 'CBX6', 'RAB27B', 'COL3A1', 'KIAA1644', 'NLGN1',
       'C16orf5', 'LOC400451', 'AEBP1', 'COL1A2', 'COL6A2', 'HEY1',
       'HSPG2', 'RPS19BP1', 'SUV39H1', 'RFXAP', 'TNC', 'DKFZp313A2432',
       'STC1', 'PDXP', 'MOAP1', 'MAPKBP1', 'ID4', 'CACNB3', 'SERPING1',
       'RND3', 'HMOX1', 'MTHFD2', 'R70506', 'APOC2', 'ANXA1', 'AA489629',
       'H86813', 'SCAMP5', 'RPS3A', 'PLAU', 'R61377', 'NEFH', 'STMN1',
       'FBXL16', 'C1R', 'WWTR1', 'EPHB1', 'ANXA5', 'AA906888', 'AI262682',
       'LOC146795', 'SOX4', 'COL9A2', 'SERPINA3', 'AA029415', 'PRKCZ',
       'FLJ35740', 'FN1', 'LOC388610', 'AI871056', 'FGF13', 'STXBP1',
       'AI357047', 'SP100', 'HCLS1', 'MGC26694', 'LSP1', 'PRKAR1B',
       'YWHAG', 'CLTB', 'AI335002', 'A2BP1', 'HLA.A', 'SNCG', 'IGFBP5',
       'PYCR1', 'ABCC3', 'L3MBTL4', 'DPYD', 'H20822', 'AI822135', 'LMO7',
       'ADFP', 'KCNMA1', 'PCDHGC3', 'MSTP9', 'AA479357', 'LTF', 'ZNF217',
       'AA490257', 'LOC389831', 'AA975768', 'NOTCH1', 'MB', 'RAB30',
       'FCGR2B', 'C4A', 'FLJ38984', 'PYGL', 'SNRPN', 'KNS2', 'GBP1',
       'IL32', 'LY96', 'AA181288', 'IGF2BP3', 'CALM1', 'CASP1', 'PDLIM7',
       'DEF6', 'W93688', 'USP3', 'X38595', 'TSPAN6', 'CDKN1A', 'PHLDA1',
       'GOT1', 'EFHB', 'GYPC', 'MYC', 'CDC20B', 'TNFAIP3', 'POSTN',
       'PLOD2', 'CDKN2D', 'AA669383', 'CLSTN3', 'MDK', 'MVP', 'CCL2',
       'FAM46A', 'PLA2G2A', 'KCNQ2', 'CKMT1A', 'H24428', 'KIAA0963',
       'NSF', 'RAB11FIP4', 'CD53', 'IL21R', 'URP2', 'CAMK2A', 'APCS',
       'HPRT1', 'LAMA4', 'ITPKA', 'HK2', 'RBP4', 'DDIT4', 'OSBPL1A',
       'CAMKK2', 'L1CAM', 'PYHIN1', 'H91845', 'SLC35A2', 'FCGRT',
       'AI005038', 'PTPRZ1', 'ADCY1', 'HAMP', 'CD44', 'FAS', 'NUAK1',
       'DNASE1L1', 'GPNMB', 'HBA1', 'T62491', 'FBXO2', 'VSNL1', 'SPINT2',
       'C8orf4', 'NCF2', 'PRSS3', 'PLTP', 'CAP2', 'LAMB1', 'EDG3',
       'INPP5F', 'PDE4DIP', 'MMP2', 'S100A10', 'LAPTM5', 'PRRX1',
       'IL1RAP', 'HLA.G', 'TSPAN4', 'ITGA9', 'CCR1', 'MAL2', 'DSCR1L1',
       'C6orf12', 'DDN', 'CBLN2', 'GBP2', 'PRKCB1', 'F13A1', 'S100A1',
       'R52960', 'BCL2A1', 'YWHAH', 'FREQ', 'UGCG', 'SERPINI1', 'NLK',
       'ANK3', 'AI002301', 'NCF1', 'CA11', 'NY.SAR.48', 'AA598555',
       'CYBA', 'ID3', 'TAP1', 'TGFBI', 'AI263051', 'TOMM40', 'C1orf187',
       'IQSEC1', 'DES', 'NPC2', 'AIF1', 'HLA.F', 'AI350724', 'PRSS1',
       'SAA2', 'CYR61', 'T51726', 'SYNGR3', 'ITGA3', 'CHN1', 'ADAM19',
       'FBXW7', 'AA598631', 'LUM', 'PCP4', 'SRPX', 'IGHG1', 'FAM84A',
       'H41096', 'HPCA', 'CTHRC1', 'AA401952', 'DYNLT1', 'GAS1', 'RAB20',
       'ESM1', 'AA424849', 'NR4A1', 'EPB49', 'MDFI', 'LYN', 'TXNDC',
       'PALLD', 'R70684', 'CAV1', 'ZFHX1B', 'H10054', 'NDST1', 'SPARC',
       'SCN2B', 'SYT7', 'MED11', 'PARP14', 'MICAL2', 'TncRNA', 'BNIP2',
       'FZD7', 'GADD45B', 'FBL', 'LOC283130', 'STK17A', 'PRKCG',
       'HLA.DRB1', 'PRG1', 'N98591', 'PPP1R14A', 'SLC15A2', 'NPTX1',
       'MGP'], dtype=object), 'Sample count': 26, 'Nans': array([ 0,  0,  0,  0,  2,  0,  3,  0,  0,  3,  3,  0,  0,  0,  0,  4,  0,
        0,  1,  0,  0,  2,  0,  0,  1,  1,  0,  4,  0,  1,  0,  0,  1,  0,
        4,  2,  0,  0,  5,  0,  0,  0,  0,  2,  1,  0,  3,  3,  0,  0,  0,
        1,  0,  9,  0,  0,  0,  1,  0,  0,  1,  0,  0,  8,  0,  2,  0,  3,
        8, 12,  2, 16,  1,  1, 18,  0,  0, 20,  0, 14, 12,  0, 11,  0, 12,
        6,  6,  2,  4, 22, 17,  5, 14,  7,  7, 10,  5,  0,  0, 22, 10,  7,
       10,  0,  6,  0, 15,  6,  0,  5,  9,  0,  0, 12,  9, 19, 16, 17, 16,
        0,  0,  1,  3,  0, 11,  0,  0,  0, 18,  0,  1, 10,  7,  7, 17, 11,
        0,  1,  2,  4, 15,  1, 24, 18, 12,  0,  0,  0,  0,  2,  0, 16,  0,
       10,  1,  1, 12,  1, 15, 15,  0, 11,  0,  2,  1,  7,  5, 17,  7,  0,
        0,  0,  4,  0,  8,  0, 18,  1,  1, 10,  0, 13,  0,  3, 11,  9,  5,
        9,  1,  0,  0,  0,  4, 16, 15,  0, 16,  0,  1, 17,  0,  0, 15,  6,
       25,  7,  6, 10,  3,  0,  1, 12,  1,  0,  4,  5,  0,  0,  6,  0, 24,
        5, 15,  1,  0, 13, 12, 17,  0,  0,  0,  0,  0, 25,  0, 14,  1,  0,
        0, 14,  0,  0,  0, 10,  2,  0,  0, 22,  2, 11, 25,  0,  4, 18,  3,
        3, 23,  3,  4,  1,  3,  0, 10, 22, 23, 24, 10,  4, 12,  4, 11,  0,
       13,  0,  1,  7, 14,  0,  4,  0,  4,  1,  4,  0, 12,  0,  0,  0, 19,
        3,  3, 16, 25, 15,  0,  2,  8,  2, 20,  0,  0,  7,  0,  5,  8, 14,
        0,  0,  0,  8,  0,  3,  3,  1, 19,  3,  0, 26,  0,  2, 17,  0,  0,
        6, 17, 10,  0,  0,  0,  0, 11,  2,  1, 15,  2,  0,  2,  1,  0,  3,
        0,  4, 16, 11,  0,  0, 17,  1,  0,  2,  2,  2,  0,  8, 20, 21,  6,
        0, 15,  4,  0, 10,  0,  1,  0,  0,  0,  4, 26,  0, 11, 12,  9,  0,
        0,  0,  1,  0, 25,  2,  3,  0,  0,  2,  3, 11,  0,  0,  3,  2, 15,
        7,  6,  2,  6,  0,  4,  0,  0, 19, 15,  0,  0,  0,  1,  7,  0,  0,
        6, 17,  2,  8,  0,  7,  3,  7,  0,  0,  0,  0,  0,  0,  8,  2])}, {'Row names': array(['EXT1', 'DIP2C', 'SVIL', 'MGC39606', 'ADARB2', 'PARD3', 'SPAG6',
       'AKR1C1', 'CCDC3', 'AKR1C2', 'TCTEX1D1', 'GYPA', 'VASP', 'ACAD8',
       'C1orf63', 'USP6NL', 'CACNB2', 'CLCA3', 'COX7A1', 'CEAL1', 'EID.3',
       'DUS3L', 'KIAA1543', 'HBXIP', 'ZNF226', 'EDG1', 'SORT1',
       'LOC283070', 'DCLRE1B', 'ZNF549', 'KLRC3', 'ZNF419B', 'DDEF1',
       'DMN', 'KCNJ1', 'MGC18216', 'PSG5', 'FBXO32', 'ZNF329', 'SBP1',
       'MGC42367', 'OSR1', 'D21S2089E', 'HNRNPG.T', 'AP4B1', 'ZNF160',
       'LRBA', 'LILRA1', 'EGLN2', 'BCAM', 'GPSM2', 'APOC1', 'IGF1R',
       'TLL2', 'CA11', 'TMEM146', 'KCNK6', 'TFDP2', 'ZNF233', 'COX6A2',
       'UBE4B', 'NDUFB11', 'TTC23', 'RBP7', 'IGSF3', 'BLVRB', 'PSG1',
       'MYBPC2', 'MSN', 'H08563', 'BGN', 'TNFRSF12A', 'CAPG', 'MYCBP2',
       'EMP3', 'RTN3', 'RGS16', 'ITGA5', 'PPP3CB', 'LOC541471', 'H78560',
       'ASPA', 'TIMP1', 'AA398420', 'IMAGE.33267', 'SOCS3', 'PDPN',
       'CHI3L2', 'MASP1', 'PLP2', 'S100A11', 'SETD5', 'T97457', 'UBA52',
       'DLL3', 'TSPYL1', 'FAM84B', 'RALY', 'LOC613212', 'CLIC1', 'VEGF',
       'AA281932', 'COL1A1', 'CD47', 'IFI30', 'ATP6V1C1', 'PSD3', 'RUNX1',
       'LHFPL2', 'C9orf48', 'CA12', 'EDNRB', 'PPP3CA', 'LGALS3', 'STEAP3',
       'IGFBP3', 'KLRC3', 'KLRC2', 'KLRC1', 'NPL', 'ARPP.19', 'PDE2A',
       'COL4A2', 'TIMP3', 'PLAUR', 'PNCK', 'WDR7', 'X37864', 'NNMT',
       'TBC1D7', 'MRC2', 'ABCA5', 'TCF7L1', 'CD58', 'MST1', 'DECR2',
       'AA131320', 'LOC57228', 'MST150', 'PEG3', 'TMEM49', 'FABP3',
       'SLC16A3', 'SERPINH1', 'ADM', 'NMNAT2', 'GABBR1', 'VAMP2', 'CSPG2',
       'WASF1', 'CBX6', 'RAB27B', 'COL3A1', 'KIAA1644', 'NLGN1',
       'C16orf5', 'LOC400451', 'AEBP1', 'COL1A2', 'COL6A2', 'HEY1',
       'HSPG2', 'RPS19BP1', 'SUV39H1', 'RFXAP', 'TNC', 'DKFZp313A2432',
       'STC1', 'PDXP', 'MOAP1', 'MAPKBP1', 'ID4', 'CACNB3', 'SERPING1',
       'RND3', 'HMOX1', 'MTHFD2', 'R70506', 'APOC2', 'ANXA1', 'AA489629',
       'H86813', 'SCAMP5', 'RPS3A', 'PLAU', 'R61377', 'NEFH', 'STMN1',
       'FBXL16', 'C1R', 'WWTR1', 'EPHB1', 'ANXA5', 'AA906888', 'AI262682',
       'LOC146795', 'SOX4', 'COL9A2', 'SERPINA3', 'AA029415', 'PRKCZ',
       'FLJ35740', 'FN1', 'LOC388610', 'AI871056', 'FGF13', 'STXBP1',
       'AI357047', 'SP100', 'HCLS1', 'MGC26694', 'LSP1', 'PRKAR1B',
       'YWHAG', 'CLTB', 'AI335002', 'A2BP1', 'HLA.A', 'SNCG', 'IGFBP5',
       'PYCR1', 'ABCC3', 'L3MBTL4', 'DPYD', 'H20822', 'AI822135', 'LMO7',
       'ADFP', 'KCNMA1', 'PCDHGC3', 'MSTP9', 'AA479357', 'LTF', 'ZNF217',
       'AA490257', 'LOC389831', 'AA975768', 'NOTCH1', 'MB', 'RAB30',
       'FCGR2B', 'C4A', 'FLJ38984', 'PYGL', 'SNRPN', 'KNS2', 'GBP1',
       'IL32', 'LY96', 'AA181288', 'IGF2BP3', 'CALM1', 'CASP1', 'PDLIM7',
       'DEF6', 'W93688', 'USP3', 'X38595', 'TSPAN6', 'CDKN1A', 'PHLDA1',
       'GOT1', 'EFHB', 'GYPC', 'MYC', 'CDC20B', 'TNFAIP3', 'POSTN',
       'PLOD2', 'CDKN2D', 'AA669383', 'CLSTN3', 'MDK', 'MVP', 'CCL2',
       'FAM46A', 'PLA2G2A', 'KCNQ2', 'CKMT1A', 'H24428', 'KIAA0963',
       'NSF', 'RAB11FIP4', 'CD53', 'IL21R', 'URP2', 'CAMK2A', 'APCS',
       'HPRT1', 'LAMA4', 'ITPKA', 'HK2', 'RBP4', 'DDIT4', 'OSBPL1A',
       'CAMKK2', 'L1CAM', 'PYHIN1', 'H91845', 'SLC35A2', 'FCGRT',
       'AI005038', 'PTPRZ1', 'ADCY1', 'HAMP', 'CD44', 'FAS', 'NUAK1',
       'DNASE1L1', 'GPNMB', 'HBA1', 'T62491', 'FBXO2', 'VSNL1', 'SPINT2',
       'C8orf4', 'NCF2', 'PRSS3', 'PLTP', 'CAP2', 'LAMB1', 'EDG3',
       'INPP5F', 'PDE4DIP', 'MMP2', 'S100A10', 'LAPTM5', 'PRRX1',
       'IL1RAP', 'HLA.G', 'TSPAN4', 'ITGA9', 'CCR1', 'MAL2', 'DSCR1L1',
       'C6orf12', 'DDN', 'CBLN2', 'GBP2', 'PRKCB1', 'F13A1', 'S100A1',
       'R52960', 'BCL2A1', 'YWHAH', 'FREQ', 'UGCG', 'SERPINI1', 'NLK',
       'ANK3', 'AI002301', 'NCF1', 'CA11', 'NY.SAR.48', 'AA598555',
       'CYBA', 'ID3', 'TAP1', 'TGFBI', 'AI263051', 'TOMM40', 'C1orf187',
       'IQSEC1', 'DES', 'NPC2', 'AIF1', 'HLA.F', 'AI350724', 'PRSS1',
       'SAA2', 'CYR61', 'T51726', 'SYNGR3', 'ITGA3', 'CHN1', 'ADAM19',
       'FBXW7', 'AA598631', 'LUM', 'PCP4', 'SRPX', 'IGHG1', 'FAM84A',
       'H41096', 'HPCA', 'CTHRC1', 'AA401952', 'DYNLT1', 'GAS1', 'RAB20',
       'ESM1', 'AA424849', 'NR4A1', 'EPB49', 'MDFI', 'LYN', 'TXNDC',
       'PALLD', 'R70684', 'CAV1', 'ZFHX1B', 'H10054', 'NDST1', 'SPARC',
       'SCN2B', 'SYT7', 'MED11', 'PARP14', 'MICAL2', 'TncRNA', 'BNIP2',
       'FZD7', 'GADD45B', 'FBL', 'LOC283130', 'STK17A', 'PRKCG',
       'HLA.DRB1', 'PRG1', 'N98591', 'PPP1R14A', 'SLC15A2', 'NPTX1',
       'MGP'], dtype=object), 'Sample count': 26, 'Nans': array([ 0,  0,  0,  0,  2,  0,  3,  0,  0,  3,  3,  0,  0,  0,  0,  4,  0,
        0,  1,  0,  0,  2,  0,  0,  1,  1,  0,  4,  0,  1,  0,  0,  1,  0,
        4,  2,  0,  0,  5,  0,  0,  0,  0,  2,  1,  0,  3,  3,  0,  0,  0,
        1,  0,  9,  0,  0,  0,  1,  0,  0,  1,  0,  0,  8,  0,  2,  0,  3,
        8, 12,  2, 16,  1,  1, 18,  0,  0, 20,  0, 14, 12,  0, 11,  0, 12,
        6,  6,  2,  4, 22, 17,  5, 14,  7,  7, 10,  5,  0,  0, 22, 10,  7,
       10,  0,  6,  0, 15,  6,  0,  5,  9,  0,  0, 12,  9, 19, 16, 17, 16,
        0,  0,  1,  3,  0, 11,  0,  0,  0, 18,  0,  1, 10,  7,  7, 17, 11,
        0,  1,  2,  4, 15,  1, 24, 18, 12,  0,  0,  0,  0,  2,  0, 16,  0,
       10,  1,  1, 12,  1, 15, 15,  0, 11,  0,  2,  1,  7,  5, 17,  7,  0,
        0,  0,  4,  0,  8,  0, 18,  1,  1, 10,  0, 13,  0,  3, 11,  9,  5,
        9,  1,  0,  0,  0,  4, 16, 15,  0, 16,  0,  1, 17,  0,  0, 15,  6,
       25,  7,  6, 10,  3,  0,  1, 12,  1,  0,  4,  5,  0,  0,  6,  0, 24,
        5, 15,  1,  0, 13, 12, 17,  0,  0,  0,  0,  0, 25,  0, 14,  1,  0,
        0, 14,  0,  0,  0, 10,  2,  0,  0, 22,  2, 11, 25,  0,  4, 18,  3,
        3, 23,  3,  4,  1,  3,  0, 10, 22, 23, 24, 10,  4, 12,  4, 11,  0,
       13,  0,  1,  7, 14,  0,  4,  0,  4,  1,  4,  0, 12,  0,  0,  0, 19,
        3,  3, 16, 25, 15,  0,  2,  8,  2, 20,  0,  0,  7,  0,  5,  8, 14,
        0,  0,  0,  8,  0,  3,  3,  1, 19,  3,  0, 26,  0,  2, 17,  0,  0,
        6, 17, 10,  0,  0,  0,  0, 11,  2,  1, 15,  2,  0,  2,  1,  0,  3,
        0,  4, 16, 11,  0,  0, 17,  1,  0,  2,  2,  2,  0,  8, 20, 21,  6,
        0, 15,  4,  0, 10,  0,  1,  0,  0,  0,  4, 26,  0, 11, 12,  9,  0,
        0,  0,  1,  0, 25,  2,  3,  0,  0,  2,  3, 11,  0,  0,  3,  2, 15,
        7,  6,  2,  6,  0,  4,  0,  0, 19, 15,  0,  0,  0,  1,  7,  0,  0,
        6, 17,  2,  8,  0,  7,  3,  7,  0,  0,  0,  0,  0,  0,  8,  2])}]
['EXT1', 'DIP2C', 'SVIL', 'MGC39606', 'ADARB2', 'PARD3', 'SPAG6', 'AKR1C1', 'CCDC3', 'AKR1C2', 'TCTEX1D1', 'GYPA', 'VASP', 'ACAD8', 'C1orf63', 'USP6NL', 'CACNB2', 'CLCA3', 'COX7A1', 'CEAL1', 'EID.3', 'DUS3L', 'KIAA1543', 'HBXIP', 'ZNF226', 'EDG1', 'SORT1', 'LOC283070', 'DCLRE1B', 'ZNF549', 'KLRC3', 'ZNF419B', 'DDEF1', 'DMN', 'KCNJ1', 'MGC18216', 'PSG5', 'FBXO32', 'ZNF329', 'SBP1', 'MGC42367', 'OSR1', 'D21S2089E', 'HNRNPG.T', 'AP4B1', 'ZNF160', 'LRBA', 'LILRA1', 'EGLN2', 'BCAM', 'GPSM2', 'APOC1', 'IGF1R', 'TLL2', 'CA11', 'TMEM146', 'KCNK6', 'TFDP2', 'ZNF233', 'COX6A2', 'UBE4B', 'NDUFB11', 'TTC23', 'RBP7', 'IGSF3', 'BLVRB', 'PSG1', 'MYBPC2', 'MSN', 'H08563', 'BGN', 'TNFRSF12A', 'CAPG', 'MYCBP2', 'EMP3', 'RTN3', 'RGS16', 'ITGA5', 'PPP3CB', 'LOC541471', 'H78560', 'ASPA', 'TIMP1', 'AA398420', 'IMAGE.33267', 'SOCS3', 'PDPN', 'CHI3L2', 'MASP1', 'PLP2', 'S100A11', 'SETD5', 'T97457', 'UBA52', 'DLL3', 'TSPYL1', 'FAM84B', 'RALY', 'LOC613212', 'CLIC1', 'VEGF', 'AA281932', 'COL1A1', 'CD47', 'IFI30', 'ATP6V1C1', 'PSD3', 'RUNX1', 'LHFPL2', 'C9orf48', 'CA12', 'EDNRB', 'PPP3CA', 'LGALS3', 'STEAP3', 'IGFBP3', 'KLRC2', 'KLRC1', 'NPL', 'ARPP.19', 'PDE2A', 'COL4A2', 'TIMP3', 'PLAUR', 'PNCK', 'WDR7', 'X37864', 'NNMT', 'TBC1D7', 'MRC2', 'ABCA5', 'TCF7L1', 'CD58', 'MST1', 'DECR2', 'AA131320', 'LOC57228', 'MST150', 'PEG3', 'TMEM49', 'FABP3', 'SLC16A3', 'SERPINH1', 'ADM', 'NMNAT2', 'GABBR1', 'VAMP2', 'CSPG2', 'WASF1', 'CBX6', 'RAB27B', 'COL3A1', 'KIAA1644', 'NLGN1', 'C16orf5', 'LOC400451', 'AEBP1', 'COL1A2', 'COL6A2', 'HEY1', 'HSPG2', 'RPS19BP1', 'SUV39H1', 'RFXAP', 'TNC', 'DKFZp313A2432', 'STC1', 'PDXP', 'MOAP1', 'MAPKBP1', 'ID4', 'CACNB3', 'SERPING1', 'RND3', 'HMOX1', 'MTHFD2', 'R70506', 'APOC2', 'ANXA1', 'AA489629', 'H86813', 'SCAMP5', 'RPS3A', 'PLAU', 'R61377', 'NEFH', 'STMN1', 'FBXL16', 'C1R', 'WWTR1', 'EPHB1', 'ANXA5', 'AA906888', 'AI262682', 'LOC146795', 'SOX4', 'COL9A2', 'SERPINA3', 'AA029415', 'PRKCZ', 'FLJ35740', 'FN1', 'LOC388610', 'AI871056', 'FGF13', 'STXBP1', 'AI357047', 'SP100', 'HCLS1', 'MGC26694', 'LSP1', 'PRKAR1B', 'YWHAG', 'CLTB', 'AI335002', 'A2BP1', 'HLA.A', 'SNCG', 'IGFBP5', 'PYCR1', 'ABCC3', 'L3MBTL4', 'DPYD', 'H20822', 'AI822135', 'LMO7', 'ADFP', 'KCNMA1', 'PCDHGC3', 'MSTP9', 'AA479357', 'LTF', 'ZNF217', 'AA490257', 'LOC389831', 'AA975768', 'NOTCH1', 'MB', 'RAB30', 'FCGR2B', 'C4A', 'FLJ38984', 'PYGL', 'SNRPN', 'KNS2', 'GBP1', 'IL32', 'LY96', 'AA181288', 'IGF2BP3', 'CALM1', 'CASP1', 'PDLIM7', 'DEF6', 'W93688', 'USP3', 'X38595', 'TSPAN6', 'CDKN1A', 'PHLDA1', 'GOT1', 'EFHB', 'GYPC', 'MYC', 'CDC20B', 'TNFAIP3', 'POSTN', 'PLOD2', 'CDKN2D', 'AA669383', 'CLSTN3', 'MDK', 'MVP', 'CCL2', 'FAM46A', 'PLA2G2A', 'KCNQ2', 'CKMT1A', 'H24428', 'KIAA0963', 'NSF', 'RAB11FIP4', 'CD53', 'IL21R', 'URP2', 'CAMK2A', 'APCS', 'HPRT1', 'LAMA4', 'ITPKA', 'HK2', 'RBP4', 'DDIT4', 'OSBPL1A', 'CAMKK2', 'L1CAM', 'PYHIN1', 'H91845', 'SLC35A2', 'FCGRT', 'AI005038', 'PTPRZ1', 'ADCY1', 'HAMP', 'CD44', 'FAS', 'NUAK1', 'DNASE1L1', 'GPNMB', 'HBA1', 'T62491', 'FBXO2', 'VSNL1', 'SPINT2', 'C8orf4', 'NCF2', 'PRSS3', 'PLTP', 'CAP2', 'LAMB1', 'EDG3', 'INPP5F', 'PDE4DIP', 'MMP2', 'S100A10', 'LAPTM5', 'PRRX1', 'IL1RAP', 'HLA.G', 'TSPAN4', 'ITGA9', 'CCR1', 'MAL2', 'DSCR1L1', 'C6orf12', 'DDN', 'CBLN2', 'GBP2', 'PRKCB1', 'F13A1', 'S100A1', 'R52960', 'BCL2A1', 'YWHAH', 'FREQ', 'UGCG', 'SERPINI1', 'NLK', 'ANK3', 'AI002301', 'NCF1', 'NY.SAR.48', 'AA598555', 'CYBA', 'ID3', 'TAP1', 'TGFBI', 'AI263051', 'TOMM40', 'C1orf187', 'IQSEC1', 'DES', 'NPC2', 'AIF1', 'HLA.F', 'AI350724', 'PRSS1', 'SAA2', 'CYR61', 'T51726', 'SYNGR3', 'ITGA3', 'CHN1', 'ADAM19', 'FBXW7', 'AA598631', 'LUM', 'PCP4', 'SRPX', 'IGHG1', 'FAM84A', 'H41096', 'HPCA', 'CTHRC1', 'AA401952', 'DYNLT1', 'GAS1', 'RAB20', 'ESM1', 'AA424849', 'NR4A1', 'EPB49', 'MDFI', 'LYN', 'TXNDC', 'PALLD', 'R70684', 'CAV1', 'ZFHX1B', 'H10054', 'NDST1', 'SPARC', 'SCN2B', 'SYT7', 'MED11', 'PARP14', 'MICAL2', 'TncRNA', 'BNIP2', 'FZD7', 'GADD45B', 'FBL', 'LOC283130', 'STK17A', 'PRKCG', 'HLA.DRB1', 'PRG1', 'N98591', 'PPP1R14A', 'SLC15A2', 'NPTX1', 'MGP']
['IGF1R', 'PTPRZ1', 'EPB49', 'TFDP2', 'ITGA5', 'SYT7', 'SVIL', 'T51726', 'SETD5', 'TOMM40', 'PRKCZ', 'SAA2', 'LOC57228', 'AI335002', 'PRSS3', 'ZNF419B', 'HBA1', 'L3MBTL4', 'PALLD', 'RND3', 'KIAA1543', 'PCP4', 'HAMP', 'ZNF226', 'TncRNA', 'LMO7', 'LILRA1', 'PNCK', 'OSBPL1A', 'DKFZp313A2432', 'GOT1', 'RBP7', 'RTN3', 'ADFP', 'STEAP3', 'ADARB2', 'COL9A2', 'KLRC3', 'APOC1', 'EID.3', 'CD53', 'GBP1', 'AI002301', 'COL1A2', 'MSTP9', 'ID3', 'PLA2G2A', 'SLC15A2', 'PRKAR1B', 'ZNF217', 'STC1', 'CCL2', 'CDC20B', 'MAPKBP1', 'LGALS3', 'FREQ', 'MAL2', 'PARP14', 'COL6A2', 'X37864', 'FZD7', 'AA281932', 'BCL2A1', 'CASP1', 'TMEM49', 'W93688', 'CEAL1', 'H86813', 'NNMT', 'CSPG2', 'CBX6', 'TCTEX1D1', 'NOTCH1', 'TSPAN4', 'AI822135', 'UBA52', 'AI357047', 'CALM1', 'INPP5F', 'PRSS1', 'R70684', 'MYCBP2', 'MGC26694', 'SBP1', 'D21S2089E', 'MB', 'PDLIM7', 'EPHB1', 'ITGA3', 'H78560', 'HK2', 'FCGRT', 'UGCG', 'NPC2', 'BNIP2', 'SPARC', 'HNRNPG.T', 'OSR1', 'PARD3', 'TNFAIP3', 'TXNDC', 'ANK3', 'DNASE1L1', 'SERPINI1', 'FCGR2B', 'IL21R', 'DLL3', 'FAS', 'CCR1', 'PDPN', 'CAMK2A', 'CHI3L2', 'CLSTN3', 'PDE4DIP', 'NPTX1', 'VASP', 'R70506', 'GADD45B', 'AKR1C2', 'DYNLT1', 'CKMT1A', 'TLL2', 'USP6NL', 'GPSM2', 'FGF13', 'CAMKK2', 'N98591', 'TNC', 'DECR2', 'CLTB', 'PYCR1', 'GBP2', 'HEY1', 'KCNQ2', 'DCLRE1B', 'CAPG', 'PLTP', 'PCDHGC3', 'RUNX1', 'SCN2B', 'MASP1', 'PYHIN1', 'SLC35A2', 'ADAM19', 'NMNAT2', 'MGC39606', 'GABBR1', 'WDR7', 'COL3A1', 'TIMP1', 'RAB11FIP4', 'SCAMP5', 'MSN', 'NEFH', 'LOC541471', 'EFHB', 'X38595', 'SNRPN', 'R61377', 'ANXA5', 'SNCG', 'SPINT2', 'C4A', 'ACAD8', 'AIF1', 'ZNF160', 'SOCS3', 'GYPA', 'RPS19BP1', 'MTHFD2', 'NLGN1', 'NY.SAR.48', 'AI262682', 'YWHAH', 'HLA.F', 'H08563', 'HLA.A', 'TMEM146', 'MGC42367', 'NPL', 'AA598555', 'AA131320', 'DIP2C', 'DES', 'H91845', 'IL1RAP', 'KIAA0963', 'SRPX', 'COL4A2', 'RAB20', 'PRKCG', 'FABP3', 'AA490257', 'HLA.DRB1', 'ITPKA', 'ARPP.19', 'H10054', 'PLP2', 'CD47', 'PHLDA1', 'AA424849', 'WASF1', 'TSPAN6', 'MRC2', 'KCNMA1', 'SYNGR3', 'AI350724', 'LHFPL2', 'SERPINA3', 'FAM84B', 'RFXAP', 'FBXL16', 'CACNB2', 'DSCR1L1', 'C1orf187', 'TGFBI', 'VEGF', 'LAMB1', 'EDG1', 'ZFHX1B', 'IGHG1', 'LRBA', 'NSF', 'STXBP1', 'LOC389831', 'C1orf63', 'KCNK6', 'IL32', 'BCAM', 'ZNF233', 'DMN', 'LOC400451', 'ADCY1', 'C9orf48', 'DDEF1', 'COX7A1', 'FBXO2', 'CACNB3', 'STMN1', 'HLA.G', 'SORT1', 'USP3', 'AKR1C1', 'FLJ38984', 'AP4B1', 'AA598631', 'POSTN', 'NCF1', 'ANXA1', 'NLK', 'RAB30', 'CYR61', 'TAP1', 'CAV1', 'PRRX1', 'CLIC1', 'MST1', 'KIAA1644', 'IQSEC1', 'AI005038', 'VAMP2', 'MST150', 'S100A10', 'SPAG6', 'APOC2', 'CHN1', 'LOC283130', 'FBXO32', 'CYBA', 'PRG1', 'LOC146795', 'HBXIP', 'COL1A1', 'AA398420', 'AA975768', 'AEBP1', 'L1CAM', 'H20822', 'LOC388610', 'HPRT1', 'MGP', 'AA906888', 'TSPYL1', 'AA181288', 'LSP1', 'TCF7L1', 'DUS3L', 'TBC1D7', 'LUM', 'H41096', 'PPP1R14A', 'ASPA', 'PYGL', 'AA401952', 'LY96', 'ESM1', 'S100A11', 'SP100', 'HSPG2', 'SLC16A3', 'FLJ35740', 'NDUFB11', 'SOX4', 'F13A1', 'SERPINH1', 'CD44', 'CD58', 'LYN', 'GPNMB', 'RALY', 'IFI30', 'ID4', 'CLCA3', 'BGN', 'PDXP', 'RAB27B', 'TTC23', 'RBP4', 'KLRC1', 'AI263051', 'ZNF329', 'MICAL2', 'URP2', 'HCLS1', 'ATP6V1C1', 'PSG5', 'MYC', 'LOC283070', 'EGLN2', 'C16orf5', 'RGS16', 'HPCA', 'CA11', 'PLOD2', 'KCNJ1', 'SERPING1', 'T62491', 'NDST1', 'MVP', 'KNS2', 'CDKN1A', 'PEG3', 'ABCC3', 'A2BP1', 'C1R', 'HMOX1', 'CA12', 'EDG3', 'C8orf4', 'AA489629', 'IGFBP5', 'LOC613212', 'IMAGE.33267', 'FN1', 'IGF2BP3', 'T97457', 'MDK', 'IGFBP3', 'DPYD', 'ABCA5', 'CBLN2', 'PPP3CB', 'SUV39H1', 'EMP3', 'FAM46A', 'GYPC', 'ADM', 'WWTR1', 'PLAUR', 'FBXW7', 'APCS', 'YWHAG', 'AA479357', 'PRKCB1', 'EDNRB', 'DDIT4', 'STK17A', 'VSNL1', 'MYBPC2', 'COX6A2', 'UBE4B', 'H24428', 'ITGA9', 'FAM84A', 'RPS3A', 'IGSF3', 'PSG1', 'DEF6', 'LAMA4', 'NR4A1', 'R52960', 'ZNF549', 'TNFRSF12A', 'AA669383', 'MDFI', 'KLRC2', 'C6orf12', 'CDKN2D', 'CCDC3', 'TIMP3', 'PSD3', 'EXT1', 'CTHRC1', 'MED11', 'DDN', 'BLVRB', 'PPP3CA', 'NUAK1', 'AI871056', 'FBL', 'MMP2', 'NCF2', 'CAP2', 'LTF', 'AA029415', 'GAS1', 'MOAP1', 'LAPTM5', 'PDE2A', 'S100A1', 'PLAU', 'MGC18216']
[52, 52, 48, 50, 12, 38, 52, 28, 42, 52, 52, 52, 50, 42, 0, 52, 52, 22, 52, 36, 52, 48, 36, 50, 18, 28, 46, 52, 52, 42, 52, 36, 52, 18, 34, 48, 52, 20, 50, 52, 52, 52, 48, 22, 52, 40, 24, 52, 50, 2, 18, 50, 4, 52, 28, 52, 22, 52, 22, 52, 36, 38, 30, 44, 22, 46, 52, 26, 16, 52, 52, 46, 52, 30, 26, 38, 32, 52, 52, 0, 52, 50, 50, 52, 52, 52, 16, 52, 52, 28, 20, 52, 18, 52, 48, 52, 48, 52, 52, 32, 44, 48, 52, 50, 52, 28, 38, 52, 50, 40, 52, 48, 52, 40, 36, 52, 50, 52, 46, 52, 44, 34, 44, 52, 38, 48, 52, 38, 30, 44, 4, 52, 52, 52, 52, 50, 52, 52, 40, 50, 44, 48, 52, 52, 52, 52, 52, 52, 52, 30, 44, 52, 36, 42, 24, 32, 46, 48, 34, 44, 40, 14, 52, 52, 52, 52, 40, 52, 52, 16, 50, 36, 22, 52, 52, 28, 52, 52, 52, 52, 12, 52, 52, 50, 12, 52, 44, 46, 46, 48, 52, 50, 52, 52, 46, 52, 52, 8, 52, 46, 38, 48, 44, 50, 52, 34, 44, 52, 50, 42, 50, 50, 52, 48, 32, 22, 32, 18, 50, 22, 52, 46, 50, 40, 24, 52, 52, 8, 52, 52, 52, 28, 42, 42, 50, 50, 46, 44, 34, 52, 52, 6, 52, 52, 50, 52, 44, 48, 32, 52, 24, 30, 52, 14, 52, 8, 18, 32, 52, 38, 52, 48, 32, 46, 50, 52, 46, 52, 10, 52, 52, 52, 32, 52, 50, 50, 36, 52, 40, 14, 48, 20, 32, 30, 28, 38, 48, 52, 2, 48, 52, 52, 32, 52, 48, 22, 18, 46, 30, 4, 52, 52, 20, 52, 16, 24, 38, 52, 36, 52, 40, 52, 52, 48, 38, 20, 52, 2, 20, 44, 42, 40, 52, 52, 52, 52, 6, 44, 52, 50, 52, 46, 52, 28, 44, 52, 46, 52, 52, 52, 50, 44, 42, 52, 52, 52, 34, 52, 46, 52, 52, 52, 28, 22, 2, 24, 26, 14, 50, 32, 50, 52, 48, 16, 38, 8, 28, 52, 30, 50, 52, 52, 52, 46, 52, 22, 38, 50, 46, 52, 50, 52, 48, 52, 46, 52, 52, 46, 46, 40, 20, 50, 20, 30, 40, 18, 52, 44, 52, 52, 22, 52, 30, 52, 48, 48, 52, 52, 2, 38, 18, 52, 48, 52, 18, 46, 52, 52, 50, 44, 30, 48]
[API] [COORDINATOR] row names identified!
OUTS
[{'PCs': 43, <COParams.SEND_PROJ: ('Send projections', False)>: False, 'Row names': ['IGF1R', 'PTPRZ1', 'EPB49', 'TFDP2', 'ITGA5', 'SYT7', 'SVIL', 'T51726', 'SETD5', 'TOMM40', 'PRKCZ', 'SAA2', 'LOC57228', 'AI335002', 'PRSS3', 'ZNF419B', 'HBA1', 'L3MBTL4', 'PALLD', 'RND3', 'KIAA1543', 'PCP4', 'HAMP', 'ZNF226', 'TncRNA', 'LMO7', 'LILRA1', 'PNCK', 'OSBPL1A', 'DKFZp313A2432', 'GOT1', 'RBP7', 'RTN3', 'ADFP', 'STEAP3', 'ADARB2', 'COL9A2', 'KLRC3', 'APOC1', 'EID.3', 'CD53', 'GBP1', 'AI002301', 'COL1A2', 'MSTP9', 'ID3', 'PLA2G2A', 'SLC15A2', 'PRKAR1B', 'ZNF217', 'STC1', 'CCL2', 'CDC20B', 'MAPKBP1', 'LGALS3', 'FREQ', 'MAL2', 'PARP14', 'COL6A2', 'X37864', 'FZD7', 'AA281932', 'BCL2A1', 'CASP1', 'TMEM49', 'W93688', 'CEAL1', 'H86813', 'NNMT', 'CSPG2', 'CBX6', 'TCTEX1D1', 'NOTCH1', 'TSPAN4', 'AI822135', 'UBA52', 'AI357047', 'CALM1', 'INPP5F', 'PRSS1', 'R70684', 'MYCBP2', 'MGC26694', 'SBP1', 'D21S2089E', 'MB', 'PDLIM7', 'EPHB1', 'ITGA3', 'H78560', 'HK2', 'FCGRT', 'UGCG', 'NPC2', 'BNIP2', 'SPARC', 'HNRNPG.T', 'OSR1', 'PARD3', 'TNFAIP3', 'TXNDC', 'ANK3', 'DNASE1L1', 'SERPINI1', 'FCGR2B', 'IL21R', 'DLL3', 'FAS', 'CCR1', 'PDPN', 'CAMK2A', 'CHI3L2', 'CLSTN3', 'PDE4DIP', 'NPTX1', 'VASP', 'R70506', 'GADD45B', 'AKR1C2', 'DYNLT1', 'CKMT1A', 'TLL2', 'USP6NL', 'GPSM2', 'FGF13', 'CAMKK2', 'N98591', 'TNC', 'DECR2', 'CLTB', 'PYCR1', 'GBP2', 'HEY1', 'KCNQ2', 'DCLRE1B', 'CAPG', 'PLTP', 'PCDHGC3', 'RUNX1', 'SCN2B', 'MASP1', 'PYHIN1', 'SLC35A2', 'ADAM19', 'NMNAT2', 'MGC39606', 'GABBR1', 'WDR7', 'COL3A1', 'TIMP1', 'RAB11FIP4', 'SCAMP5', 'MSN', 'NEFH', 'LOC541471', 'EFHB', 'X38595', 'SNRPN', 'R61377', 'ANXA5', 'SNCG', 'SPINT2', 'C4A', 'ACAD8', 'AIF1', 'ZNF160', 'SOCS3', 'GYPA', 'RPS19BP1', 'MTHFD2', 'NLGN1', 'NY.SAR.48', 'AI262682', 'YWHAH', 'HLA.F', 'H08563', 'HLA.A', 'TMEM146', 'MGC42367', 'NPL', 'AA598555', 'AA131320', 'DIP2C', 'DES', 'H91845', 'IL1RAP', 'KIAA0963', 'SRPX', 'COL4A2', 'RAB20', 'PRKCG', 'FABP3', 'AA490257', 'HLA.DRB1', 'ITPKA', 'ARPP.19', 'H10054', 'PLP2', 'CD47', 'PHLDA1', 'AA424849', 'WASF1', 'TSPAN6', 'MRC2', 'KCNMA1', 'SYNGR3', 'AI350724', 'LHFPL2', 'SERPINA3', 'FAM84B', 'RFXAP', 'FBXL16', 'CACNB2', 'DSCR1L1', 'C1orf187', 'TGFBI', 'VEGF', 'LAMB1', 'EDG1', 'ZFHX1B', 'IGHG1', 'LRBA', 'NSF', 'STXBP1', 'LOC389831', 'C1orf63', 'KCNK6', 'IL32', 'BCAM', 'ZNF233', 'DMN', 'LOC400451', 'ADCY1', 'C9orf48', 'DDEF1', 'COX7A1', 'FBXO2', 'CACNB3', 'STMN1', 'HLA.G', 'SORT1', 'USP3', 'AKR1C1', 'FLJ38984', 'AP4B1', 'AA598631', 'POSTN', 'NCF1', 'ANXA1', 'NLK', 'RAB30', 'CYR61', 'TAP1', 'CAV1', 'PRRX1', 'CLIC1', 'MST1', 'KIAA1644', 'IQSEC1', 'AI005038', 'VAMP2', 'MST150', 'S100A10', 'SPAG6', 'APOC2', 'CHN1', 'LOC283130', 'FBXO32', 'CYBA', 'PRG1', 'LOC146795', 'HBXIP', 'COL1A1', 'AA398420', 'AA975768', 'AEBP1', 'L1CAM', 'H20822', 'LOC388610', 'HPRT1', 'MGP', 'AA906888', 'TSPYL1', 'AA181288', 'LSP1', 'TCF7L1', 'DUS3L', 'TBC1D7', 'LUM', 'H41096', 'PPP1R14A', 'ASPA', 'PYGL', 'AA401952', 'LY96', 'ESM1', 'S100A11', 'SP100', 'HSPG2', 'SLC16A3', 'FLJ35740', 'NDUFB11', 'SOX4', 'F13A1', 'SERPINH1', 'CD44', 'CD58', 'LYN', 'GPNMB', 'RALY', 'IFI30', 'ID4', 'CLCA3', 'BGN', 'PDXP', 'RAB27B', 'TTC23', 'RBP4', 'KLRC1', 'AI263051', 'ZNF329', 'MICAL2', 'URP2', 'HCLS1', 'ATP6V1C1', 'PSG5', 'MYC', 'LOC283070', 'EGLN2', 'C16orf5', 'RGS16', 'HPCA', 'CA11', 'PLOD2', 'KCNJ1', 'SERPING1', 'T62491', 'NDST1', 'MVP', 'KNS2', 'CDKN1A', 'PEG3', 'ABCC3', 'A2BP1', 'C1R', 'HMOX1', 'CA12', 'EDG3', 'C8orf4', 'AA489629', 'IGFBP5', 'LOC613212', 'IMAGE.33267', 'FN1', 'IGF2BP3', 'T97457', 'MDK', 'IGFBP3', 'DPYD', 'ABCA5', 'CBLN2', 'PPP3CB', 'SUV39H1', 'EMP3', 'FAM46A', 'GYPC', 'ADM', 'WWTR1', 'PLAUR', 'FBXW7', 'APCS', 'YWHAG', 'AA479357', 'PRKCB1', 'EDNRB', 'DDIT4', 'STK17A', 'VSNL1', 'MYBPC2', 'COX6A2', 'UBE4B', 'H24428', 'ITGA9', 'FAM84A', 'RPS3A', 'IGSF3', 'PSG1', 'DEF6', 'LAMA4', 'NR4A1', 'R52960', 'ZNF549', 'TNFRSF12A', 'AA669383', 'MDFI', 'KLRC2', 'C6orf12', 'CDKN2D', 'CCDC3', 'TIMP3', 'PSD3', 'EXT1', 'CTHRC1', 'MED11', 'DDN', 'BLVRB', 'PPP3CA', 'NUAK1', 'AI871056', 'FBL', 'MMP2', 'NCF2', 'CAP2', 'LTF', 'AA029415', 'GAS1', 'MOAP1', 'LAPTM5', 'PDE2A', 'S100A1', 'PLAU', 'MGC18216']}, {'PCs': 43, <COParams.SEND_PROJ: ('Send projections', False)>: False, 'Row names': ['IGF1R', 'PTPRZ1', 'EPB49', 'TFDP2', 'ITGA5', 'SYT7', 'SVIL', 'T51726', 'SETD5', 'TOMM40', 'PRKCZ', 'SAA2', 'LOC57228', 'AI335002', 'PRSS3', 'ZNF419B', 'HBA1', 'L3MBTL4', 'PALLD', 'RND3', 'KIAA1543', 'PCP4', 'HAMP', 'ZNF226', 'TncRNA', 'LMO7', 'LILRA1', 'PNCK', 'OSBPL1A', 'DKFZp313A2432', 'GOT1', 'RBP7', 'RTN3', 'ADFP', 'STEAP3', 'ADARB2', 'COL9A2', 'KLRC3', 'APOC1', 'EID.3', 'CD53', 'GBP1', 'AI002301', 'COL1A2', 'MSTP9', 'ID3', 'PLA2G2A', 'SLC15A2', 'PRKAR1B', 'ZNF217', 'STC1', 'CCL2', 'CDC20B', 'MAPKBP1', 'LGALS3', 'FREQ', 'MAL2', 'PARP14', 'COL6A2', 'X37864', 'FZD7', 'AA281932', 'BCL2A1', 'CASP1', 'TMEM49', 'W93688', 'CEAL1', 'H86813', 'NNMT', 'CSPG2', 'CBX6', 'TCTEX1D1', 'NOTCH1', 'TSPAN4', 'AI822135', 'UBA52', 'AI357047', 'CALM1', 'INPP5F', 'PRSS1', 'R70684', 'MYCBP2', 'MGC26694', 'SBP1', 'D21S2089E', 'MB', 'PDLIM7', 'EPHB1', 'ITGA3', 'H78560', 'HK2', 'FCGRT', 'UGCG', 'NPC2', 'BNIP2', 'SPARC', 'HNRNPG.T', 'OSR1', 'PARD3', 'TNFAIP3', 'TXNDC', 'ANK3', 'DNASE1L1', 'SERPINI1', 'FCGR2B', 'IL21R', 'DLL3', 'FAS', 'CCR1', 'PDPN', 'CAMK2A', 'CHI3L2', 'CLSTN3', 'PDE4DIP', 'NPTX1', 'VASP', 'R70506', 'GADD45B', 'AKR1C2', 'DYNLT1', 'CKMT1A', 'TLL2', 'USP6NL', 'GPSM2', 'FGF13', 'CAMKK2', 'N98591', 'TNC', 'DECR2', 'CLTB', 'PYCR1', 'GBP2', 'HEY1', 'KCNQ2', 'DCLRE1B', 'CAPG', 'PLTP', 'PCDHGC3', 'RUNX1', 'SCN2B', 'MASP1', 'PYHIN1', 'SLC35A2', 'ADAM19', 'NMNAT2', 'MGC39606', 'GABBR1', 'WDR7', 'COL3A1', 'TIMP1', 'RAB11FIP4', 'SCAMP5', 'MSN', 'NEFH', 'LOC541471', 'EFHB', 'X38595', 'SNRPN', 'R61377', 'ANXA5', 'SNCG', 'SPINT2', 'C4A', 'ACAD8', 'AIF1', 'ZNF160', 'SOCS3', 'GYPA', 'RPS19BP1', 'MTHFD2', 'NLGN1', 'NY.SAR.48', 'AI262682', 'YWHAH', 'HLA.F', 'H08563', 'HLA.A', 'TMEM146', 'MGC42367', 'NPL', 'AA598555', 'AA131320', 'DIP2C', 'DES', 'H91845', 'IL1RAP', 'KIAA0963', 'SRPX', 'COL4A2', 'RAB20', 'PRKCG', 'FABP3', 'AA490257', 'HLA.DRB1', 'ITPKA', 'ARPP.19', 'H10054', 'PLP2', 'CD47', 'PHLDA1', 'AA424849', 'WASF1', 'TSPAN6', 'MRC2', 'KCNMA1', 'SYNGR3', 'AI350724', 'LHFPL2', 'SERPINA3', 'FAM84B', 'RFXAP', 'FBXL16', 'CACNB2', 'DSCR1L1', 'C1orf187', 'TGFBI', 'VEGF', 'LAMB1', 'EDG1', 'ZFHX1B', 'IGHG1', 'LRBA', 'NSF', 'STXBP1', 'LOC389831', 'C1orf63', 'KCNK6', 'IL32', 'BCAM', 'ZNF233', 'DMN', 'LOC400451', 'ADCY1', 'C9orf48', 'DDEF1', 'COX7A1', 'FBXO2', 'CACNB3', 'STMN1', 'HLA.G', 'SORT1', 'USP3', 'AKR1C1', 'FLJ38984', 'AP4B1', 'AA598631', 'POSTN', 'NCF1', 'ANXA1', 'NLK', 'RAB30', 'CYR61', 'TAP1', 'CAV1', 'PRRX1', 'CLIC1', 'MST1', 'KIAA1644', 'IQSEC1', 'AI005038', 'VAMP2', 'MST150', 'S100A10', 'SPAG6', 'APOC2', 'CHN1', 'LOC283130', 'FBXO32', 'CYBA', 'PRG1', 'LOC146795', 'HBXIP', 'COL1A1', 'AA398420', 'AA975768', 'AEBP1', 'L1CAM', 'H20822', 'LOC388610', 'HPRT1', 'MGP', 'AA906888', 'TSPYL1', 'AA181288', 'LSP1', 'TCF7L1', 'DUS3L', 'TBC1D7', 'LUM', 'H41096', 'PPP1R14A', 'ASPA', 'PYGL', 'AA401952', 'LY96', 'ESM1', 'S100A11', 'SP100', 'HSPG2', 'SLC16A3', 'FLJ35740', 'NDUFB11', 'SOX4', 'F13A1', 'SERPINH1', 'CD44', 'CD58', 'LYN', 'GPNMB', 'RALY', 'IFI30', 'ID4', 'CLCA3', 'BGN', 'PDXP', 'RAB27B', 'TTC23', 'RBP4', 'KLRC1', 'AI263051', 'ZNF329', 'MICAL2', 'URP2', 'HCLS1', 'ATP6V1C1', 'PSG5', 'MYC', 'LOC283070', 'EGLN2', 'C16orf5', 'RGS16', 'HPCA', 'CA11', 'PLOD2', 'KCNJ1', 'SERPING1', 'T62491', 'NDST1', 'MVP', 'KNS2', 'CDKN1A', 'PEG3', 'ABCC3', 'A2BP1', 'C1R', 'HMOX1', 'CA12', 'EDG3', 'C8orf4', 'AA489629', 'IGFBP5', 'LOC613212', 'IMAGE.33267', 'FN1', 'IGF2BP3', 'T97457', 'MDK', 'IGFBP3', 'DPYD', 'ABCA5', 'CBLN2', 'PPP3CB', 'SUV39H1', 'EMP3', 'FAM46A', 'GYPC', 'ADM', 'WWTR1', 'PLAUR', 'FBXW7', 'APCS', 'YWHAG', 'AA479357', 'PRKCB1', 'EDNRB', 'DDIT4', 'STK17A', 'VSNL1', 'MYBPC2', 'COX6A2', 'UBE4B', 'H24428', 'ITGA9', 'FAM84A', 'RPS3A', 'IGSF3', 'PSG1', 'DEF6', 'LAMA4', 'NR4A1', 'R52960', 'ZNF549', 'TNFRSF12A', 'AA669383', 'MDFI', 'KLRC2', 'C6orf12', 'CDKN2D', 'CCDC3', 'TIMP3', 'PSD3', 'EXT1', 'CTHRC1', 'MED11', 'DDN', 'BLVRB', 'PPP3CA', 'NUAK1', 'AI871056', 'FBL', 'MMP2', 'NCF2', 'CAP2', 'LTF', 'AA029415', 'GAS1', 'MOAP1', 'LAPTM5', 'PDE2A', 'S100A1', 'PLAU', 'MGC18216']}]
[Time: 28.06.23 07:46:17] [Level: info] transition: wait_for_params
[CTRL] GET /data
[Time: 28.06.23 07:46:18] [Level: info] state: wait_for_params
setting parameters
INCOMINGS
[{'PCs': 43, <COParams.SEND_PROJ: ('Send projections', False)>: False, 'Row names': ['IGF1R', 'PTPRZ1', 'EPB49', 'TFDP2', 'ITGA5', 'SYT7', 'SVIL', 'T51726', 'SETD5', 'TOMM40', 'PRKCZ', 'SAA2', 'LOC57228', 'AI335002', 'PRSS3', 'ZNF419B', 'HBA1', 'L3MBTL4', 'PALLD', 'RND3', 'KIAA1543', 'PCP4', 'HAMP', 'ZNF226', 'TncRNA', 'LMO7', 'LILRA1', 'PNCK', 'OSBPL1A', 'DKFZp313A2432', 'GOT1', 'RBP7', 'RTN3', 'ADFP', 'STEAP3', 'ADARB2', 'COL9A2', 'KLRC3', 'APOC1', 'EID.3', 'CD53', 'GBP1', 'AI002301', 'COL1A2', 'MSTP9', 'ID3', 'PLA2G2A', 'SLC15A2', 'PRKAR1B', 'ZNF217', 'STC1', 'CCL2', 'CDC20B', 'MAPKBP1', 'LGALS3', 'FREQ', 'MAL2', 'PARP14', 'COL6A2', 'X37864', 'FZD7', 'AA281932', 'BCL2A1', 'CASP1', 'TMEM49', 'W93688', 'CEAL1', 'H86813', 'NNMT', 'CSPG2', 'CBX6', 'TCTEX1D1', 'NOTCH1', 'TSPAN4', 'AI822135', 'UBA52', 'AI357047', 'CALM1', 'INPP5F', 'PRSS1', 'R70684', 'MYCBP2', 'MGC26694', 'SBP1', 'D21S2089E', 'MB', 'PDLIM7', 'EPHB1', 'ITGA3', 'H78560', 'HK2', 'FCGRT', 'UGCG', 'NPC2', 'BNIP2', 'SPARC', 'HNRNPG.T', 'OSR1', 'PARD3', 'TNFAIP3', 'TXNDC', 'ANK3', 'DNASE1L1', 'SERPINI1', 'FCGR2B', 'IL21R', 'DLL3', 'FAS', 'CCR1', 'PDPN', 'CAMK2A', 'CHI3L2', 'CLSTN3', 'PDE4DIP', 'NPTX1', 'VASP', 'R70506', 'GADD45B', 'AKR1C2', 'DYNLT1', 'CKMT1A', 'TLL2', 'USP6NL', 'GPSM2', 'FGF13', 'CAMKK2', 'N98591', 'TNC', 'DECR2', 'CLTB', 'PYCR1', 'GBP2', 'HEY1', 'KCNQ2', 'DCLRE1B', 'CAPG', 'PLTP', 'PCDHGC3', 'RUNX1', 'SCN2B', 'MASP1', 'PYHIN1', 'SLC35A2', 'ADAM19', 'NMNAT2', 'MGC39606', 'GABBR1', 'WDR7', 'COL3A1', 'TIMP1', 'RAB11FIP4', 'SCAMP5', 'MSN', 'NEFH', 'LOC541471', 'EFHB', 'X38595', 'SNRPN', 'R61377', 'ANXA5', 'SNCG', 'SPINT2', 'C4A', 'ACAD8', 'AIF1', 'ZNF160', 'SOCS3', 'GYPA', 'RPS19BP1', 'MTHFD2', 'NLGN1', 'NY.SAR.48', 'AI262682', 'YWHAH', 'HLA.F', 'H08563', 'HLA.A', 'TMEM146', 'MGC42367', 'NPL', 'AA598555', 'AA131320', 'DIP2C', 'DES', 'H91845', 'IL1RAP', 'KIAA0963', 'SRPX', 'COL4A2', 'RAB20', 'PRKCG', 'FABP3', 'AA490257', 'HLA.DRB1', 'ITPKA', 'ARPP.19', 'H10054', 'PLP2', 'CD47', 'PHLDA1', 'AA424849', 'WASF1', 'TSPAN6', 'MRC2', 'KCNMA1', 'SYNGR3', 'AI350724', 'LHFPL2', 'SERPINA3', 'FAM84B', 'RFXAP', 'FBXL16', 'CACNB2', 'DSCR1L1', 'C1orf187', 'TGFBI', 'VEGF', 'LAMB1', 'EDG1', 'ZFHX1B', 'IGHG1', 'LRBA', 'NSF', 'STXBP1', 'LOC389831', 'C1orf63', 'KCNK6', 'IL32', 'BCAM', 'ZNF233', 'DMN', 'LOC400451', 'ADCY1', 'C9orf48', 'DDEF1', 'COX7A1', 'FBXO2', 'CACNB3', 'STMN1', 'HLA.G', 'SORT1', 'USP3', 'AKR1C1', 'FLJ38984', 'AP4B1', 'AA598631', 'POSTN', 'NCF1', 'ANXA1', 'NLK', 'RAB30', 'CYR61', 'TAP1', 'CAV1', 'PRRX1', 'CLIC1', 'MST1', 'KIAA1644', 'IQSEC1', 'AI005038', 'VAMP2', 'MST150', 'S100A10', 'SPAG6', 'APOC2', 'CHN1', 'LOC283130', 'FBXO32', 'CYBA', 'PRG1', 'LOC146795', 'HBXIP', 'COL1A1', 'AA398420', 'AA975768', 'AEBP1', 'L1CAM', 'H20822', 'LOC388610', 'HPRT1', 'MGP', 'AA906888', 'TSPYL1', 'AA181288', 'LSP1', 'TCF7L1', 'DUS3L', 'TBC1D7', 'LUM', 'H41096', 'PPP1R14A', 'ASPA', 'PYGL', 'AA401952', 'LY96', 'ESM1', 'S100A11', 'SP100', 'HSPG2', 'SLC16A3', 'FLJ35740', 'NDUFB11', 'SOX4', 'F13A1', 'SERPINH1', 'CD44', 'CD58', 'LYN', 'GPNMB', 'RALY', 'IFI30', 'ID4', 'CLCA3', 'BGN', 'PDXP', 'RAB27B', 'TTC23', 'RBP4', 'KLRC1', 'AI263051', 'ZNF329', 'MICAL2', 'URP2', 'HCLS1', 'ATP6V1C1', 'PSG5', 'MYC', 'LOC283070', 'EGLN2', 'C16orf5', 'RGS16', 'HPCA', 'CA11', 'PLOD2', 'KCNJ1', 'SERPING1', 'T62491', 'NDST1', 'MVP', 'KNS2', 'CDKN1A', 'PEG3', 'ABCC3', 'A2BP1', 'C1R', 'HMOX1', 'CA12', 'EDG3', 'C8orf4', 'AA489629', 'IGFBP5', 'LOC613212', 'IMAGE.33267', 'FN1', 'IGF2BP3', 'T97457', 'MDK', 'IGFBP3', 'DPYD', 'ABCA5', 'CBLN2', 'PPP3CB', 'SUV39H1', 'EMP3', 'FAM46A', 'GYPC', 'ADM', 'WWTR1', 'PLAUR', 'FBXW7', 'APCS', 'YWHAG', 'AA479357', 'PRKCB1', 'EDNRB', 'DDIT4', 'STK17A', 'VSNL1', 'MYBPC2', 'COX6A2', 'UBE4B', 'H24428', 'ITGA9', 'FAM84A', 'RPS3A', 'IGSF3', 'PSG1', 'DEF6', 'LAMA4', 'NR4A1', 'R52960', 'ZNF549', 'TNFRSF12A', 'AA669383', 'MDFI', 'KLRC2', 'C6orf12', 'CDKN2D', 'CCDC3', 'TIMP3', 'PSD3', 'EXT1', 'CTHRC1', 'MED11', 'DDN', 'BLVRB', 'PPP3CA', 'NUAK1', 'AI871056', 'FBL', 'MMP2', 'NCF2', 'CAP2', 'LTF', 'AA029415', 'GAS1', 'MOAP1', 'LAPTM5', 'PDE2A', 'S100A1', 'PLAU', 'MGC18216']}, {'PCs': 43, <COParams.SEND_PROJ: ('Send projections', False)>: False, 'Row names': ['IGF1R', 'PTPRZ1', 'EPB49', 'TFDP2', 'ITGA5', 'SYT7', 'SVIL', 'T51726', 'SETD5', 'TOMM40', 'PRKCZ', 'SAA2', 'LOC57228', 'AI335002', 'PRSS3', 'ZNF419B', 'HBA1', 'L3MBTL4', 'PALLD', 'RND3', 'KIAA1543', 'PCP4', 'HAMP', 'ZNF226', 'TncRNA', 'LMO7', 'LILRA1', 'PNCK', 'OSBPL1A', 'DKFZp313A2432', 'GOT1', 'RBP7', 'RTN3', 'ADFP', 'STEAP3', 'ADARB2', 'COL9A2', 'KLRC3', 'APOC1', 'EID.3', 'CD53', 'GBP1', 'AI002301', 'COL1A2', 'MSTP9', 'ID3', 'PLA2G2A', 'SLC15A2', 'PRKAR1B', 'ZNF217', 'STC1', 'CCL2', 'CDC20B', 'MAPKBP1', 'LGALS3', 'FREQ', 'MAL2', 'PARP14', 'COL6A2', 'X37864', 'FZD7', 'AA281932', 'BCL2A1', 'CASP1', 'TMEM49', 'W93688', 'CEAL1', 'H86813', 'NNMT', 'CSPG2', 'CBX6', 'TCTEX1D1', 'NOTCH1', 'TSPAN4', 'AI822135', 'UBA52', 'AI357047', 'CALM1', 'INPP5F', 'PRSS1', 'R70684', 'MYCBP2', 'MGC26694', 'SBP1', 'D21S2089E', 'MB', 'PDLIM7', 'EPHB1', 'ITGA3', 'H78560', 'HK2', 'FCGRT', 'UGCG', 'NPC2', 'BNIP2', 'SPARC', 'HNRNPG.T', 'OSR1', 'PARD3', 'TNFAIP3', 'TXNDC', 'ANK3', 'DNASE1L1', 'SERPINI1', 'FCGR2B', 'IL21R', 'DLL3', 'FAS', 'CCR1', 'PDPN', 'CAMK2A', 'CHI3L2', 'CLSTN3', 'PDE4DIP', 'NPTX1', 'VASP', 'R70506', 'GADD45B', 'AKR1C2', 'DYNLT1', 'CKMT1A', 'TLL2', 'USP6NL', 'GPSM2', 'FGF13', 'CAMKK2', 'N98591', 'TNC', 'DECR2', 'CLTB', 'PYCR1', 'GBP2', 'HEY1', 'KCNQ2', 'DCLRE1B', 'CAPG', 'PLTP', 'PCDHGC3', 'RUNX1', 'SCN2B', 'MASP1', 'PYHIN1', 'SLC35A2', 'ADAM19', 'NMNAT2', 'MGC39606', 'GABBR1', 'WDR7', 'COL3A1', 'TIMP1', 'RAB11FIP4', 'SCAMP5', 'MSN', 'NEFH', 'LOC541471', 'EFHB', 'X38595', 'SNRPN', 'R61377', 'ANXA5', 'SNCG', 'SPINT2', 'C4A', 'ACAD8', 'AIF1', 'ZNF160', 'SOCS3', 'GYPA', 'RPS19BP1', 'MTHFD2', 'NLGN1', 'NY.SAR.48', 'AI262682', 'YWHAH', 'HLA.F', 'H08563', 'HLA.A', 'TMEM146', 'MGC42367', 'NPL', 'AA598555', 'AA131320', 'DIP2C', 'DES', 'H91845', 'IL1RAP', 'KIAA0963', 'SRPX', 'COL4A2', 'RAB20', 'PRKCG', 'FABP3', 'AA490257', 'HLA.DRB1', 'ITPKA', 'ARPP.19', 'H10054', 'PLP2', 'CD47', 'PHLDA1', 'AA424849', 'WASF1', 'TSPAN6', 'MRC2', 'KCNMA1', 'SYNGR3', 'AI350724', 'LHFPL2', 'SERPINA3', 'FAM84B', 'RFXAP', 'FBXL16', 'CACNB2', 'DSCR1L1', 'C1orf187', 'TGFBI', 'VEGF', 'LAMB1', 'EDG1', 'ZFHX1B', 'IGHG1', 'LRBA', 'NSF', 'STXBP1', 'LOC389831', 'C1orf63', 'KCNK6', 'IL32', 'BCAM', 'ZNF233', 'DMN', 'LOC400451', 'ADCY1', 'C9orf48', 'DDEF1', 'COX7A1', 'FBXO2', 'CACNB3', 'STMN1', 'HLA.G', 'SORT1', 'USP3', 'AKR1C1', 'FLJ38984', 'AP4B1', 'AA598631', 'POSTN', 'NCF1', 'ANXA1', 'NLK', 'RAB30', 'CYR61', 'TAP1', 'CAV1', 'PRRX1', 'CLIC1', 'MST1', 'KIAA1644', 'IQSEC1', 'AI005038', 'VAMP2', 'MST150', 'S100A10', 'SPAG6', 'APOC2', 'CHN1', 'LOC283130', 'FBXO32', 'CYBA', 'PRG1', 'LOC146795', 'HBXIP', 'COL1A1', 'AA398420', 'AA975768', 'AEBP1', 'L1CAM', 'H20822', 'LOC388610', 'HPRT1', 'MGP', 'AA906888', 'TSPYL1', 'AA181288', 'LSP1', 'TCF7L1', 'DUS3L', 'TBC1D7', 'LUM', 'H41096', 'PPP1R14A', 'ASPA', 'PYGL', 'AA401952', 'LY96', 'ESM1', 'S100A11', 'SP100', 'HSPG2', 'SLC16A3', 'FLJ35740', 'NDUFB11', 'SOX4', 'F13A1', 'SERPINH1', 'CD44', 'CD58', 'LYN', 'GPNMB', 'RALY', 'IFI30', 'ID4', 'CLCA3', 'BGN', 'PDXP', 'RAB27B', 'TTC23', 'RBP4', 'KLRC1', 'AI263051', 'ZNF329', 'MICAL2', 'URP2', 'HCLS1', 'ATP6V1C1', 'PSG5', 'MYC', 'LOC283070', 'EGLN2', 'C16orf5', 'RGS16', 'HPCA', 'CA11', 'PLOD2', 'KCNJ1', 'SERPING1', 'T62491', 'NDST1', 'MVP', 'KNS2', 'CDKN1A', 'PEG3', 'ABCC3', 'A2BP1', 'C1R', 'HMOX1', 'CA12', 'EDG3', 'C8orf4', 'AA489629', 'IGFBP5', 'LOC613212', 'IMAGE.33267', 'FN1', 'IGF2BP3', 'T97457', 'MDK', 'IGFBP3', 'DPYD', 'ABCA5', 'CBLN2', 'PPP3CB', 'SUV39H1', 'EMP3', 'FAM46A', 'GYPC', 'ADM', 'WWTR1', 'PLAUR', 'FBXW7', 'APCS', 'YWHAG', 'AA479357', 'PRKCB1', 'EDNRB', 'DDIT4', 'STK17A', 'VSNL1', 'MYBPC2', 'COX6A2', 'UBE4B', 'H24428', 'ITGA9', 'FAM84A', 'RPS3A', 'IGSF3', 'PSG1', 'DEF6', 'LAMA4', 'NR4A1', 'R52960', 'ZNF549', 'TNFRSF12A', 'AA669383', 'MDFI', 'KLRC2', 'C6orf12', 'CDKN2D', 'CCDC3', 'TIMP3', 'PSD3', 'EXT1', 'CTHRC1', 'MED11', 'DDN', 'BLVRB', 'PPP3CA', 'NUAK1', 'AI871056', 'FBL', 'MMP2', 'NCF2', 'CAP2', 'LTF', 'AA029415', 'GAS1', 'MOAP1', 'LAPTM5', 'PDE2A', 'S100A1', 'PLAU', 'MGC18216']}]
INCOMING
{'PCs': 43, <COParams.SEND_PROJ: ('Send projections', False)>: False, 'Row names': ['IGF1R', 'PTPRZ1', 'EPB49', 'TFDP2', 'ITGA5', 'SYT7', 'SVIL', 'T51726', 'SETD5', 'TOMM40', 'PRKCZ', 'SAA2', 'LOC57228', 'AI335002', 'PRSS3', 'ZNF419B', 'HBA1', 'L3MBTL4', 'PALLD', 'RND3', 'KIAA1543', 'PCP4', 'HAMP', 'ZNF226', 'TncRNA', 'LMO7', 'LILRA1', 'PNCK', 'OSBPL1A', 'DKFZp313A2432', 'GOT1', 'RBP7', 'RTN3', 'ADFP', 'STEAP3', 'ADARB2', 'COL9A2', 'KLRC3', 'APOC1', 'EID.3', 'CD53', 'GBP1', 'AI002301', 'COL1A2', 'MSTP9', 'ID3', 'PLA2G2A', 'SLC15A2', 'PRKAR1B', 'ZNF217', 'STC1', 'CCL2', 'CDC20B', 'MAPKBP1', 'LGALS3', 'FREQ', 'MAL2', 'PARP14', 'COL6A2', 'X37864', 'FZD7', 'AA281932', 'BCL2A1', 'CASP1', 'TMEM49', 'W93688', 'CEAL1', 'H86813', 'NNMT', 'CSPG2', 'CBX6', 'TCTEX1D1', 'NOTCH1', 'TSPAN4', 'AI822135', 'UBA52', 'AI357047', 'CALM1', 'INPP5F', 'PRSS1', 'R70684', 'MYCBP2', 'MGC26694', 'SBP1', 'D21S2089E', 'MB', 'PDLIM7', 'EPHB1', 'ITGA3', 'H78560', 'HK2', 'FCGRT', 'UGCG', 'NPC2', 'BNIP2', 'SPARC', 'HNRNPG.T', 'OSR1', 'PARD3', 'TNFAIP3', 'TXNDC', 'ANK3', 'DNASE1L1', 'SERPINI1', 'FCGR2B', 'IL21R', 'DLL3', 'FAS', 'CCR1', 'PDPN', 'CAMK2A', 'CHI3L2', 'CLSTN3', 'PDE4DIP', 'NPTX1', 'VASP', 'R70506', 'GADD45B', 'AKR1C2', 'DYNLT1', 'CKMT1A', 'TLL2', 'USP6NL', 'GPSM2', 'FGF13', 'CAMKK2', 'N98591', 'TNC', 'DECR2', 'CLTB', 'PYCR1', 'GBP2', 'HEY1', 'KCNQ2', 'DCLRE1B', 'CAPG', 'PLTP', 'PCDHGC3', 'RUNX1', 'SCN2B', 'MASP1', 'PYHIN1', 'SLC35A2', 'ADAM19', 'NMNAT2', 'MGC39606', 'GABBR1', 'WDR7', 'COL3A1', 'TIMP1', 'RAB11FIP4', 'SCAMP5', 'MSN', 'NEFH', 'LOC541471', 'EFHB', 'X38595', 'SNRPN', 'R61377', 'ANXA5', 'SNCG', 'SPINT2', 'C4A', 'ACAD8', 'AIF1', 'ZNF160', 'SOCS3', 'GYPA', 'RPS19BP1', 'MTHFD2', 'NLGN1', 'NY.SAR.48', 'AI262682', 'YWHAH', 'HLA.F', 'H08563', 'HLA.A', 'TMEM146', 'MGC42367', 'NPL', 'AA598555', 'AA131320', 'DIP2C', 'DES', 'H91845', 'IL1RAP', 'KIAA0963', 'SRPX', 'COL4A2', 'RAB20', 'PRKCG', 'FABP3', 'AA490257', 'HLA.DRB1', 'ITPKA', 'ARPP.19', 'H10054', 'PLP2', 'CD47', 'PHLDA1', 'AA424849', 'WASF1', 'TSPAN6', 'MRC2', 'KCNMA1', 'SYNGR3', 'AI350724', 'LHFPL2', 'SERPINA3', 'FAM84B', 'RFXAP', 'FBXL16', 'CACNB2', 'DSCR1L1', 'C1orf187', 'TGFBI', 'VEGF', 'LAMB1', 'EDG1', 'ZFHX1B', 'IGHG1', 'LRBA', 'NSF', 'STXBP1', 'LOC389831', 'C1orf63', 'KCNK6', 'IL32', 'BCAM', 'ZNF233', 'DMN', 'LOC400451', 'ADCY1', 'C9orf48', 'DDEF1', 'COX7A1', 'FBXO2', 'CACNB3', 'STMN1', 'HLA.G', 'SORT1', 'USP3', 'AKR1C1', 'FLJ38984', 'AP4B1', 'AA598631', 'POSTN', 'NCF1', 'ANXA1', 'NLK', 'RAB30', 'CYR61', 'TAP1', 'CAV1', 'PRRX1', 'CLIC1', 'MST1', 'KIAA1644', 'IQSEC1', 'AI005038', 'VAMP2', 'MST150', 'S100A10', 'SPAG6', 'APOC2', 'CHN1', 'LOC283130', 'FBXO32', 'CYBA', 'PRG1', 'LOC146795', 'HBXIP', 'COL1A1', 'AA398420', 'AA975768', 'AEBP1', 'L1CAM', 'H20822', 'LOC388610', 'HPRT1', 'MGP', 'AA906888', 'TSPYL1', 'AA181288', 'LSP1', 'TCF7L1', 'DUS3L', 'TBC1D7', 'LUM', 'H41096', 'PPP1R14A', 'ASPA', 'PYGL', 'AA401952', 'LY96', 'ESM1', 'S100A11', 'SP100', 'HSPG2', 'SLC16A3', 'FLJ35740', 'NDUFB11', 'SOX4', 'F13A1', 'SERPINH1', 'CD44', 'CD58', 'LYN', 'GPNMB', 'RALY', 'IFI30', 'ID4', 'CLCA3', 'BGN', 'PDXP', 'RAB27B', 'TTC23', 'RBP4', 'KLRC1', 'AI263051', 'ZNF329', 'MICAL2', 'URP2', 'HCLS1', 'ATP6V1C1', 'PSG5', 'MYC', 'LOC283070', 'EGLN2', 'C16orf5', 'RGS16', 'HPCA', 'CA11', 'PLOD2', 'KCNJ1', 'SERPING1', 'T62491', 'NDST1', 'MVP', 'KNS2', 'CDKN1A', 'PEG3', 'ABCC3', 'A2BP1', 'C1R', 'HMOX1', 'CA12', 'EDG3', 'C8orf4', 'AA489629', 'IGFBP5', 'LOC613212', 'IMAGE.33267', 'FN1', 'IGF2BP3', 'T97457', 'MDK', 'IGFBP3', 'DPYD', 'ABCA5', 'CBLN2', 'PPP3CB', 'SUV39H1', 'EMP3', 'FAM46A', 'GYPC', 'ADM', 'WWTR1', 'PLAUR', 'FBXW7', 'APCS', 'YWHAG', 'AA479357', 'PRKCB1', 'EDNRB', 'DDIT4', 'STK17A', 'VSNL1', 'MYBPC2', 'COX6A2', 'UBE4B', 'H24428', 'ITGA9', 'FAM84A', 'RPS3A', 'IGSF3', 'PSG1', 'DEF6', 'LAMA4', 'NR4A1', 'R52960', 'ZNF549', 'TNFRSF12A', 'AA669383', 'MDFI', 'KLRC2', 'C6orf12', 'CDKN2D', 'CCDC3', 'TIMP3', 'PSD3', 'EXT1', 'CTHRC1', 'MED11', 'DDN', 'BLVRB', 'PPP3CA', 'NUAK1', 'AI871056', 'FBL', 'MMP2', 'NCF2', 'CAP2', 'LTF', 'AA029415', 'GAS1', 'MOAP1', 'LAPTM5', 'PDE2A', 'S100A1', 'PLAU', 'MGC18216']}
K
[43, 43]
incoming[COParams.PCS.n]
43
INCOMING
{'PCs': 43, <COParams.SEND_PROJ: ('Send projections', False)>: False, 'Row names': ['IGF1R', 'PTPRZ1', 'EPB49', 'TFDP2', 'ITGA5', 'SYT7', 'SVIL', 'T51726', 'SETD5', 'TOMM40', 'PRKCZ', 'SAA2', 'LOC57228', 'AI335002', 'PRSS3', 'ZNF419B', 'HBA1', 'L3MBTL4', 'PALLD', 'RND3', 'KIAA1543', 'PCP4', 'HAMP', 'ZNF226', 'TncRNA', 'LMO7', 'LILRA1', 'PNCK', 'OSBPL1A', 'DKFZp313A2432', 'GOT1', 'RBP7', 'RTN3', 'ADFP', 'STEAP3', 'ADARB2', 'COL9A2', 'KLRC3', 'APOC1', 'EID.3', 'CD53', 'GBP1', 'AI002301', 'COL1A2', 'MSTP9', 'ID3', 'PLA2G2A', 'SLC15A2', 'PRKAR1B', 'ZNF217', 'STC1', 'CCL2', 'CDC20B', 'MAPKBP1', 'LGALS3', 'FREQ', 'MAL2', 'PARP14', 'COL6A2', 'X37864', 'FZD7', 'AA281932', 'BCL2A1', 'CASP1', 'TMEM49', 'W93688', 'CEAL1', 'H86813', 'NNMT', 'CSPG2', 'CBX6', 'TCTEX1D1', 'NOTCH1', 'TSPAN4', 'AI822135', 'UBA52', 'AI357047', 'CALM1', 'INPP5F', 'PRSS1', 'R70684', 'MYCBP2', 'MGC26694', 'SBP1', 'D21S2089E', 'MB', 'PDLIM7', 'EPHB1', 'ITGA3', 'H78560', 'HK2', 'FCGRT', 'UGCG', 'NPC2', 'BNIP2', 'SPARC', 'HNRNPG.T', 'OSR1', 'PARD3', 'TNFAIP3', 'TXNDC', 'ANK3', 'DNASE1L1', 'SERPINI1', 'FCGR2B', 'IL21R', 'DLL3', 'FAS', 'CCR1', 'PDPN', 'CAMK2A', 'CHI3L2', 'CLSTN3', 'PDE4DIP', 'NPTX1', 'VASP', 'R70506', 'GADD45B', 'AKR1C2', 'DYNLT1', 'CKMT1A', 'TLL2', 'USP6NL', 'GPSM2', 'FGF13', 'CAMKK2', 'N98591', 'TNC', 'DECR2', 'CLTB', 'PYCR1', 'GBP2', 'HEY1', 'KCNQ2', 'DCLRE1B', 'CAPG', 'PLTP', 'PCDHGC3', 'RUNX1', 'SCN2B', 'MASP1', 'PYHIN1', 'SLC35A2', 'ADAM19', 'NMNAT2', 'MGC39606', 'GABBR1', 'WDR7', 'COL3A1', 'TIMP1', 'RAB11FIP4', 'SCAMP5', 'MSN', 'NEFH', 'LOC541471', 'EFHB', 'X38595', 'SNRPN', 'R61377', 'ANXA5', 'SNCG', 'SPINT2', 'C4A', 'ACAD8', 'AIF1', 'ZNF160', 'SOCS3', 'GYPA', 'RPS19BP1', 'MTHFD2', 'NLGN1', 'NY.SAR.48', 'AI262682', 'YWHAH', 'HLA.F', 'H08563', 'HLA.A', 'TMEM146', 'MGC42367', 'NPL', 'AA598555', 'AA131320', 'DIP2C', 'DES', 'H91845', 'IL1RAP', 'KIAA0963', 'SRPX', 'COL4A2', 'RAB20', 'PRKCG', 'FABP3', 'AA490257', 'HLA.DRB1', 'ITPKA', 'ARPP.19', 'H10054', 'PLP2', 'CD47', 'PHLDA1', 'AA424849', 'WASF1', 'TSPAN6', 'MRC2', 'KCNMA1', 'SYNGR3', 'AI350724', 'LHFPL2', 'SERPINA3', 'FAM84B', 'RFXAP', 'FBXL16', 'CACNB2', 'DSCR1L1', 'C1orf187', 'TGFBI', 'VEGF', 'LAMB1', 'EDG1', 'ZFHX1B', 'IGHG1', 'LRBA', 'NSF', 'STXBP1', 'LOC389831', 'C1orf63', 'KCNK6', 'IL32', 'BCAM', 'ZNF233', 'DMN', 'LOC400451', 'ADCY1', 'C9orf48', 'DDEF1', 'COX7A1', 'FBXO2', 'CACNB3', 'STMN1', 'HLA.G', 'SORT1', 'USP3', 'AKR1C1', 'FLJ38984', 'AP4B1', 'AA598631', 'POSTN', 'NCF1', 'ANXA1', 'NLK', 'RAB30', 'CYR61', 'TAP1', 'CAV1', 'PRRX1', 'CLIC1', 'MST1', 'KIAA1644', 'IQSEC1', 'AI005038', 'VAMP2', 'MST150', 'S100A10', 'SPAG6', 'APOC2', 'CHN1', 'LOC283130', 'FBXO32', 'CYBA', 'PRG1', 'LOC146795', 'HBXIP', 'COL1A1', 'AA398420', 'AA975768', 'AEBP1', 'L1CAM', 'H20822', 'LOC388610', 'HPRT1', 'MGP', 'AA906888', 'TSPYL1', 'AA181288', 'LSP1', 'TCF7L1', 'DUS3L', 'TBC1D7', 'LUM', 'H41096', 'PPP1R14A', 'ASPA', 'PYGL', 'AA401952', 'LY96', 'ESM1', 'S100A11', 'SP100', 'HSPG2', 'SLC16A3', 'FLJ35740', 'NDUFB11', 'SOX4', 'F13A1', 'SERPINH1', 'CD44', 'CD58', 'LYN', 'GPNMB', 'RALY', 'IFI30', 'ID4', 'CLCA3', 'BGN', 'PDXP', 'RAB27B', 'TTC23', 'RBP4', 'KLRC1', 'AI263051', 'ZNF329', 'MICAL2', 'URP2', 'HCLS1', 'ATP6V1C1', 'PSG5', 'MYC', 'LOC283070', 'EGLN2', 'C16orf5', 'RGS16', 'HPCA', 'CA11', 'PLOD2', 'KCNJ1', 'SERPING1', 'T62491', 'NDST1', 'MVP', 'KNS2', 'CDKN1A', 'PEG3', 'ABCC3', 'A2BP1', 'C1R', 'HMOX1', 'CA12', 'EDG3', 'C8orf4', 'AA489629', 'IGFBP5', 'LOC613212', 'IMAGE.33267', 'FN1', 'IGF2BP3', 'T97457', 'MDK', 'IGFBP3', 'DPYD', 'ABCA5', 'CBLN2', 'PPP3CB', 'SUV39H1', 'EMP3', 'FAM46A', 'GYPC', 'ADM', 'WWTR1', 'PLAUR', 'FBXW7', 'APCS', 'YWHAG', 'AA479357', 'PRKCB1', 'EDNRB', 'DDIT4', 'STK17A', 'VSNL1', 'MYBPC2', 'COX6A2', 'UBE4B', 'H24428', 'ITGA9', 'FAM84A', 'RPS3A', 'IGSF3', 'PSG1', 'DEF6', 'LAMA4', 'NR4A1', 'R52960', 'ZNF549', 'TNFRSF12A', 'AA669383', 'MDFI', 'KLRC2', 'C6orf12', 'CDKN2D', 'CCDC3', 'TIMP3', 'PSD3', 'EXT1', 'CTHRC1', 'MED11', 'DDN', 'BLVRB', 'PPP3CA', 'NUAK1', 'AI871056', 'FBL', 'MMP2', 'NCF2', 'CAP2', 'LTF', 'AA029415', 'GAS1', 'MOAP1', 'LAPTM5', 'PDE2A', 'S100A1', 'PLAU', 'MGC18216']}
K
[43, 43]
incoming[COParams.PCS.n]
43
['IGF1R', 'PTPRZ1', 'EPB49', 'TFDP2', 'ITGA5', 'SYT7', 'SVIL', 'T51726', 'SETD5', 'TOMM40', 'PRKCZ', 'SAA2', 'LOC57228', 'AI335002', 'PRSS3', 'ZNF419B', 'HBA1', 'L3MBTL4', 'PALLD', 'RND3', 'KIAA1543', 'PCP4', 'HAMP', 'ZNF226', 'TncRNA', 'LMO7', 'LILRA1', 'PNCK', 'OSBPL1A', 'DKFZp313A2432', 'GOT1', 'RBP7', 'RTN3', 'ADFP', 'STEAP3', 'ADARB2', 'COL9A2', 'KLRC3', 'APOC1', 'EID.3', 'CD53', 'GBP1', 'AI002301', 'COL1A2', 'MSTP9', 'ID3', 'PLA2G2A', 'SLC15A2', 'PRKAR1B', 'ZNF217', 'STC1', 'CCL2', 'CDC20B', 'MAPKBP1', 'LGALS3', 'FREQ', 'MAL2', 'PARP14', 'COL6A2', 'X37864', 'FZD7', 'AA281932', 'BCL2A1', 'CASP1', 'TMEM49', 'W93688', 'CEAL1', 'H86813', 'NNMT', 'CSPG2', 'CBX6', 'TCTEX1D1', 'NOTCH1', 'TSPAN4', 'AI822135', 'UBA52', 'AI357047', 'CALM1', 'INPP5F', 'PRSS1', 'R70684', 'MYCBP2', 'MGC26694', 'SBP1', 'D21S2089E', 'MB', 'PDLIM7', 'EPHB1', 'ITGA3', 'H78560', 'HK2', 'FCGRT', 'UGCG', 'NPC2', 'BNIP2', 'SPARC', 'HNRNPG.T', 'OSR1', 'PARD3', 'TNFAIP3', 'TXNDC', 'ANK3', 'DNASE1L1', 'SERPINI1', 'FCGR2B', 'IL21R', 'DLL3', 'FAS', 'CCR1', 'PDPN', 'CAMK2A', 'CHI3L2', 'CLSTN3', 'PDE4DIP', 'NPTX1', 'VASP', 'R70506', 'GADD45B', 'AKR1C2', 'DYNLT1', 'CKMT1A', 'TLL2', 'USP6NL', 'GPSM2', 'FGF13', 'CAMKK2', 'N98591', 'TNC', 'DECR2', 'CLTB', 'PYCR1', 'GBP2', 'HEY1', 'KCNQ2', 'DCLRE1B', 'CAPG', 'PLTP', 'PCDHGC3', 'RUNX1', 'SCN2B', 'MASP1', 'PYHIN1', 'SLC35A2', 'ADAM19', 'NMNAT2', 'MGC39606', 'GABBR1', 'WDR7', 'COL3A1', 'TIMP1', 'RAB11FIP4', 'SCAMP5', 'MSN', 'NEFH', 'LOC541471', 'EFHB', 'X38595', 'SNRPN', 'R61377', 'ANXA5', 'SNCG', 'SPINT2', 'C4A', 'ACAD8', 'AIF1', 'ZNF160', 'SOCS3', 'GYPA', 'RPS19BP1', 'MTHFD2', 'NLGN1', 'NY.SAR.48', 'AI262682', 'YWHAH', 'HLA.F', 'H08563', 'HLA.A', 'TMEM146', 'MGC42367', 'NPL', 'AA598555', 'AA131320', 'DIP2C', 'DES', 'H91845', 'IL1RAP', 'KIAA0963', 'SRPX', 'COL4A2', 'RAB20', 'PRKCG', 'FABP3', 'AA490257', 'HLA.DRB1', 'ITPKA', 'ARPP.19', 'H10054', 'PLP2', 'CD47', 'PHLDA1', 'AA424849', 'WASF1', 'TSPAN6', 'MRC2', 'KCNMA1', 'SYNGR3', 'AI350724', 'LHFPL2', 'SERPINA3', 'FAM84B', 'RFXAP', 'FBXL16', 'CACNB2', 'DSCR1L1', 'C1orf187', 'TGFBI', 'VEGF', 'LAMB1', 'EDG1', 'ZFHX1B', 'IGHG1', 'LRBA', 'NSF', 'STXBP1', 'LOC389831', 'C1orf63', 'KCNK6', 'IL32', 'BCAM', 'ZNF233', 'DMN', 'LOC400451', 'ADCY1', 'C9orf48', 'DDEF1', 'COX7A1', 'FBXO2', 'CACNB3', 'STMN1', 'HLA.G', 'SORT1', 'USP3', 'AKR1C1', 'FLJ38984', 'AP4B1', 'AA598631', 'POSTN', 'NCF1', 'ANXA1', 'NLK', 'RAB30', 'CYR61', 'TAP1', 'CAV1', 'PRRX1', 'CLIC1', 'MST1', 'KIAA1644', 'IQSEC1', 'AI005038', 'VAMP2', 'MST150', 'S100A10', 'SPAG6', 'APOC2', 'CHN1', 'LOC283130', 'FBXO32', 'CYBA', 'PRG1', 'LOC146795', 'HBXIP', 'COL1A1', 'AA398420', 'AA975768', 'AEBP1', 'L1CAM', 'H20822', 'LOC388610', 'HPRT1', 'MGP', 'AA906888', 'TSPYL1', 'AA181288', 'LSP1', 'TCF7L1', 'DUS3L', 'TBC1D7', 'LUM', 'H41096', 'PPP1R14A', 'ASPA', 'PYGL', 'AA401952', 'LY96', 'ESM1', 'S100A11', 'SP100', 'HSPG2', 'SLC16A3', 'FLJ35740', 'NDUFB11', 'SOX4', 'F13A1', 'SERPINH1', 'CD44', 'CD58', 'LYN', 'GPNMB', 'RALY', 'IFI30', 'ID4', 'CLCA3', 'BGN', 'PDXP', 'RAB27B', 'TTC23', 'RBP4', 'KLRC1', 'AI263051', 'ZNF329', 'MICAL2', 'URP2', 'HCLS1', 'ATP6V1C1', 'PSG5', 'MYC', 'LOC283070', 'EGLN2', 'C16orf5', 'RGS16', 'HPCA', 'CA11', 'PLOD2', 'KCNJ1', 'SERPING1', 'T62491', 'NDST1', 'MVP', 'KNS2', 'CDKN1A', 'PEG3', 'ABCC3', 'A2BP1', 'C1R', 'HMOX1', 'CA12', 'EDG3', 'C8orf4', 'AA489629', 'IGFBP5', 'LOC613212', 'IMAGE.33267', 'FN1', 'IGF2BP3', 'T97457', 'MDK', 'IGFBP3', 'DPYD', 'ABCA5', 'CBLN2', 'PPP3CB', 'SUV39H1', 'EMP3', 'FAM46A', 'GYPC', 'ADM', 'WWTR1', 'PLAUR', 'FBXW7', 'APCS', 'YWHAG', 'AA479357', 'PRKCB1', 'EDNRB', 'DDIT4', 'STK17A', 'VSNL1', 'MYBPC2', 'COX6A2', 'UBE4B', 'H24428', 'ITGA9', 'FAM84A', 'RPS3A', 'IGSF3', 'PSG1', 'DEF6', 'LAMA4', 'NR4A1', 'R52960', 'ZNF549', 'TNFRSF12A', 'AA669383', 'MDFI', 'KLRC2', 'C6orf12', 'CDKN2D', 'CCDC3', 'TIMP3', 'PSD3', 'EXT1', 'CTHRC1', 'MED11', 'DDN', 'BLVRB', 'PPP3CA', 'NUAK1', 'AI871056', 'FBL', 'MMP2', 'NCF2', 'CAP2', 'LTF', 'AA029415', 'GAS1', 'MOAP1', 'LAPTM5', 'PDE2A', 'S100A1', 'PLAU', 'MGC18216']
[Time: 28.06.23 07:46:18] [Level: info] Traceback (most recent call last):
  File "/app/engine/app.py", line 169, in guarded_run
    self.run()
  File "/app/engine/app.py", line 184, in run
    transition = self.current_state.run()
  File "/app/apps/svd/app.py", line 103, in run
    self.load('mfa').select_rows(incoming)
  File "/app/apps/svd/FC_Federated_MFA.py", line 162, in select_rows
    d = {k: v for v, k in enumerate(self.tabdata.rows)}
AttributeError: 'AggregatorFCFederatedMFA' object has no attribute 'tabdata'

