2023-07-02 08:14:40,377 CRIT Supervisor is running as root.  Privileges were not dropped because no user is specified in the config file.  If you intend to run as root, you can set user=root in the config file to avoid this message.
2023-07-02 08:14:40,378 INFO supervisord started with pid 7
2023-07-02 08:14:41,380 INFO spawned: 'nginx' with pid 10
2023-07-02 08:14:41,382 INFO spawned: 'app' with pid 11
2023-07-02 08:14:42,400 INFO success: nginx entered RUNNING state, process has stayed up for > than 1 seconds (startsecs)
2023-07-02 08:14:42,401 INFO success: app entered RUNNING state, process has stayed up for > than 1 seconds (startsecs)
[CTRL] POST /setup
[Time: 02.07.23 08:14:50] [Level: info] id: 9ec6f430f77740b8
[Time: 02.07.23 08:14:50] [Level: info] coordinator: True
[Time: 02.07.23 08:14:50] [Level: info] clients: ['bdc82eb745aec85f', '9ec6f430f77740b8']
[Time: 02.07.23 08:14:50] [Level: info] state: initial
[CLIENT] Parsing parameter file...
[API] /setup parsing parameter file 
[API] /setup config file found ... parsing file: /mnt/input/config.yaml
YAML file does not follow specification: missing key: eigenvalues
Setting default: eigenvalues.tsv
YAML file does not follow specification: missing key: explained_variance
Setting default: eigenvalues.tsv
YAML file does not follow specification: missing key: output delimiter
Setting default: tab
YAML file does not follow specification: missing key: inertia
Setting default: inertia.tsv
YAML file does not follow specification: missing key: global_factor_score
Setting default: global_factor_score.tsv
YAML file does not follow specification: missing key: omic_factor_score
Setting default: omic_factor_score.tsv
YAML file does not follow specification: missing key: projection_matrix
Setting default: projection_matrix.tsv
[API] /setup config file found ... parsing done
[CLIENT] finished parsing parameter file.
[STARTUP] Instantiate SVD
[Time: 02.07.23 08:14:50] [Level: info] transition: init_pca
[Time: 02.07.23 08:14:51] [Level: info] state: init_pca
[STARTUP] Copy configuration and create dir
/mnt/input/hospital_data_bredel_1.csv
TEST: ['/mnt/input/data_wine_1.csv', '/mnt/input/data_wine_2.csv', '/mnt/input/data_wine_3.csv']
[STARTUP] Configuration copied
Log Transform performed
out {'Row names': array(['fruity', 'woody', 'coffee'], dtype=object), 'Sample count': 3, 'Nans': array([0, 0, 0])}
[Time: 02.07.23 08:14:51] [Level: info] transition: check_row_names
[Time: 02.07.23 08:14:52] [Level: info] state: check_row_names
gathering
[CTRL] POST /data
unifying row names
[{'Row names': array(['fruity', 'woody', 'coffee'], dtype=object), 'Sample count': 3, 'Nans': array([0, 0, 0])}, {'Row names': array(['fruity', 'woody', 'coffee'], dtype=object), 'Sample count': 3, 'Nans': array([0, 0, 0])}]
['fruity', 'woody', 'coffee']
['coffee', 'fruity', 'woody']
[6, 6, 6]
[API] [COORDINATOR] row names identified!
[Time: 02.07.23 08:14:56] [Level: info] transition: wait_for_params
[CTRL] GET /data
[Time: 02.07.23 08:14:57] [Level: info] state: wait_for_params
setting parameters
[API] Setting parameters
['coffee', 'fruity', 'woody']
INDEX
[2, 0, 1]
[Time: 02.07.23 08:14:57] [Level: info] transition: aggregate_sums
[Time: 02.07.23 08:14:58] [Level: info] state: aggregate_sums
[CTRL] POST /data
setting parameters
[{'Sums': array([5.5849625 , 6.39231742, 5.80735492]), 'Sample count': 3}, {'Sums': array([6.22881869, 6.5849625 , 5.9068906 ]), 'Sample count': 3}]
SUMS
[1.96896353 2.16287999 1.95237425]
[Time: 02.07.23 08:14:59] [Level: info] transition: compute_std
[CTRL] GET /data
[Time: 02.07.23 08:15:00] [Level: info] state: compute_std
(3, 1)
[Time: 02.07.23 08:15:00] [Level: info] transition: aggregate_stds
[Time: 02.07.23 08:15:01] [Level: info] state: aggregate_stds
[CTRL] POST /data
setting parameters
[2.14938332 1.94579145 1.64027687]
[0.39662476 1.06128843 1.44375465]
COMPUTE STD
[2.54600807 3.00707988 3.08403153]
STD
[0.71358364 0.77551014 0.78537017]
[0 1]
['coffee' 'fruity']
(array([], dtype=int64),)
[]
[Time: 02.07.23 08:15:02] [Level: info] transition: apply_scaling
[CTRL] GET /data
[Time: 02.07.23 08:15:03] [Level: info] state: apply_scaling
[0 1]
(array([], dtype=int64),)
CURRENT DATA:  <apps.svd.TabData.TabData object at 0x7f9d8d6da190>
[Time: 02.07.23 08:15:03] [Level: info] transition: mfa_prerequisites
[Time: 02.07.23 08:15:04] [Level: info] state: mfa_prerequisites
Calling start_power_iteration
[Time: 02.07.23 08:15:04] [Level: info] transition: start_power_iteration
[Time: 02.07.23 08:15:05] [Level: info] state: start_power_iteration
[STARTUP] Computing covariance matrix
[STARTUP] Random initialisation
TABDATA SCALED
[[ 1.44487122 -0.53813037 -1.35788361]
 [-1.49950327  0.54426434  0.83103354]
 [ 1.088634    0.06064115 -1.21264378]]
[Time: 02.07.23 08:15:05] [Level: info] transition: aggregate_randomized_projections_cov
[Time: 02.07.23 08:15:06] [Level: info] state: aggregate_randomized_projections_cov
[CTRL] POST /data
3
Global cov
[[ 1.         -0.9282598   0.89413101]
 [-0.9282598   1.         -0.9230407 ]
 [ 0.89413101 -0.9230407   1.        ]]
resetting k
[Time: 02.07.23 08:15:08] [Level: info] transition: compute_final_h_cov
[CTRL] GET /data
[Time: 02.07.23 08:15:09] [Level: info] state: compute_final_h_cov
Setting k
starting eigenvector norms
2
[Time: 02.07.23 08:15:09] [Level: info] transition: aggregate_local_norm
[Time: 02.07.23 08:15:10] [Level: info] state: aggregate_local_norm
[CTRL] POST /data
[{'Local Eigenvector norm': 9.626454740879916}, {'Local Eigenvector norm': 4.525391084925005}]
[Time: 02.07.23 08:15:11] [Level: info] transition: compute_local_conorm
[CTRL] GET /data
[Time: 02.07.23 08:15:12] [Level: info] state: compute_local_conorm
[Time: 02.07.23 08:15:12] [Level: info] transition: aggregate_local_conorm
[Time: 02.07.23 08:15:13] [Level: info] state: aggregate_local_conorm
[CTRL] POST /data
aggregating co norms
[{'Local Conorms': [-0.2698767637488996]}, {'Local Conorms': [0.26987676374889913]}]
[Time: 02.07.23 08:15:14] [Level: info] transition: compute_local_norm
[CTRL] GET /data
[Time: 02.07.23 08:15:15] [Level: info] state: compute_local_norm
starting orthogonalise_current
ending orthogonalise_current
starting eigenvector norms
2
[Time: 02.07.23 08:15:15] [Level: info] transition: aggregate_local_norm
[Time: 02.07.23 08:15:16] [Level: info] state: aggregate_local_norm
[CTRL] POST /data
[{'Local Eigenvector norm': 0.2670862051248485}, {'Local Eigenvector norm': 0.26331493842382153}]
[Time: 02.07.23 08:15:17] [Level: info] transition: normalize_g
[CTRL] GET /data
[Time: 02.07.23 08:15:18] [Level: info] state: normalize_g
Normalising
(3, 2)
2
End normalising
(3, 2)
(2, 2)
(2,)
(3, 2)
[Time: 02.07.23 08:15:18] [Level: info] transition: separate_pca
[Time: 02.07.23 08:15:19] [Level: info] state: separate_pca
[Time: 02.07.23 08:15:19] [Level: info] transition: init_pca
[Time: 02.07.23 08:15:20] [Level: info] state: init_pca
[STARTUP] Copy configuration and create dir
/mnt/input/hospital_data_bredel_1.csv
TEST: ['/mnt/input/data_wine_1.csv', '/mnt/input/data_wine_2.csv', '/mnt/input/data_wine_3.csv']
[STARTUP] Configuration copied
Log Transform performed
out {'Row names': array(['red_fruit', 'roasted', 'vanillin', 'woody_2'], dtype=object), 'Sample count': 3, 'Nans': array([0, 0, 0, 0])}
[Time: 02.07.23 08:15:20] [Level: info] transition: check_row_names
[Time: 02.07.23 08:15:21] [Level: info] state: check_row_names
gathering
[CTRL] POST /data
unifying row names
[{'Row names': array(['red_fruit', 'roasted', 'vanillin', 'woody_2'], dtype=object), 'Sample count': 3, 'Nans': array([0, 0, 0, 0])}, {'Row names': array(['red_fruit', 'roasted', 'vanillin', 'woody_2'], dtype=object), 'Sample count': 3, 'Nans': array([0, 0, 0, 0])}]
['red_fruit', 'roasted', 'vanillin', 'woody_2']
['woody_2', 'vanillin', 'red_fruit', 'roasted']
[6, 6, 6, 6]
[API] [COORDINATOR] row names identified!
[Time: 02.07.23 08:15:22] [Level: info] transition: wait_for_params
[CTRL] GET /data
[Time: 02.07.23 08:15:23] [Level: info] state: wait_for_params
setting parameters
[API] Setting parameters
['woody_2', 'vanillin', 'red_fruit', 'roasted']
INDEX
[3, 2, 0, 1]
[Time: 02.07.23 08:15:23] [Level: info] transition: aggregate_sums
[Time: 02.07.23 08:15:24] [Level: info] state: aggregate_sums
[CTRL] POST /data
setting parameters
[{'Sums': array([5.39231742, 6.32192809, 6.4918531 , 6.4918531 ]), 'Sample count': 3}, {'Sums': array([6.7548875 , 6.12928302, 7.        , 6.7548875 ]), 'Sample count': 3}]
SUMS
[2.02453415 2.07520185 2.24864218 2.2077901 ]
[Time: 02.07.23 08:15:26] [Level: info] transition: compute_std
[CTRL] GET /data
[Time: 02.07.23 08:15:27] [Level: info] state: compute_std
(4, 1)
[Time: 02.07.23 08:15:27] [Level: info] transition: aggregate_stds
[Time: 02.07.23 08:15:28] [Level: info] state: aggregate_stds
[CTRL] POST /data
setting parameters
[1.85570183 2.07218448 0.5589529  0.54320072]
[0.8213831  1.75298098 0.68818444 0.67243226]
COMPUTE STD
[2.67708493 3.82516546 1.24713734 1.21563298]
STD
[0.73172193 0.8746617  0.49942714 0.49307869]
[3 2 0]
['roasted' 'red_fruit' 'woody_2']
(array([], dtype=int64),)
[]
[Time: 02.07.23 08:15:29] [Level: info] transition: apply_scaling
[CTRL] GET /data
[Time: 02.07.23 08:15:30] [Level: info] state: apply_scaling
[3 2 0]
(array([], dtype=int64),)
CURRENT DATA:  <apps.svd.TabData.TabData object at 0x7f9d8d5ceb20>
[Time: 02.07.23 08:15:30] [Level: info] transition: mfa_prerequisites
[Time: 02.07.23 08:15:31] [Level: info] state: mfa_prerequisites
Calling start_power_iteration
[Time: 02.07.23 08:15:31] [Level: info] transition: start_power_iteration
[Time: 02.07.23 08:15:32] [Level: info] state: start_power_iteration
[STARTUP] Computing covariance matrix
[STARTUP] Random initialisation
TABDATA SCALED
[[ 1.06983368 -0.60073593 -1.40016871]
 [ 1.05732096  0.28208191 -1.22927739]
 [-1.32888189  0.14673995  0.67341218]
 [ 0.76493348  0.23148028 -1.26314037]]
[Time: 02.07.23 08:15:32] [Level: info] transition: aggregate_randomized_projections_cov
[Time: 02.07.23 08:15:33] [Level: info] state: aggregate_randomized_projections_cov
[CTRL] POST /data
3
Global cov
[[ 1.          0.85570599 -0.82382266  0.87568938]
 [ 0.85570599  1.         -0.91960414  0.96713063]
 [-0.82382266 -0.91960414  1.         -0.89902451]
 [ 0.87568938  0.96713063 -0.89902451  1.        ]]
[Time: 02.07.23 08:15:35] [Level: info] transition: compute_final_h_cov
[CTRL] GET /data
[Time: 02.07.23 08:15:36] [Level: info] state: compute_final_h_cov
Setting k
starting eigenvector norms
3
[Time: 02.07.23 08:15:36] [Level: info] transition: aggregate_local_norm
[Time: 02.07.23 08:15:37] [Level: info] state: aggregate_local_norm
[CTRL] POST /data
[{'Local Eigenvector norm': 9.65241613687937}, {'Local Eigenvector norm': 8.708671126667001}]
[Time: 02.07.23 08:15:38] [Level: info] transition: compute_local_conorm
[CTRL] GET /data
[Time: 02.07.23 08:15:39] [Level: info] state: compute_local_conorm
[Time: 02.07.23 08:15:39] [Level: info] transition: aggregate_local_conorm
[Time: 02.07.23 08:15:40] [Level: info] state: aggregate_local_conorm
[CTRL] POST /data
aggregating co norms
[{'Local Conorms': [-0.2183088987223186]}, {'Local Conorms': [0.2183088987223187]}]
[Time: 02.07.23 08:15:41] [Level: info] transition: compute_local_norm
[CTRL] GET /data
[Time: 02.07.23 08:15:42] [Level: info] state: compute_local_norm
starting orthogonalise_current
ending orthogonalise_current
starting eigenvector norms
3
[Time: 02.07.23 08:15:42] [Level: info] transition: aggregate_local_norm
[Time: 02.07.23 08:15:43] [Level: info] state: aggregate_local_norm
[CTRL] POST /data
[{'Local Eigenvector norm': 0.48060235950336383}, {'Local Eigenvector norm': 0.4750369465723107}]
[Time: 02.07.23 08:15:44] [Level: info] transition: compute_local_conorm
[CTRL] GET /data
[Time: 02.07.23 08:15:45] [Level: info] state: compute_local_conorm
[Time: 02.07.23 08:15:45] [Level: info] transition: aggregate_local_conorm
[Time: 02.07.23 08:15:46] [Level: info] state: aggregate_local_conorm
[CTRL] POST /data
aggregating co norms
[{'Local Conorms': [0.014001542080087151, -0.08102233772145984]}, {'Local Conorms': [-0.014001542080087486, 0.08102233772146689]}]
[Time: 02.07.23 08:15:47] [Level: info] transition: compute_local_norm
[CTRL] GET /data
[Time: 02.07.23 08:15:48] [Level: info] state: compute_local_norm
starting orthogonalise_current
ending orthogonalise_current
starting eigenvector norms
3
[Time: 02.07.23 08:15:48] [Level: info] transition: aggregate_local_norm
[Time: 02.07.23 08:15:49] [Level: info] state: aggregate_local_norm
[CTRL] POST /data
[{'Local Eigenvector norm': 0.48583469480803754}, {'Local Eigenvector norm': 0.04834002498153962}]
[Time: 02.07.23 08:15:50] [Level: info] transition: normalize_g
[CTRL] GET /data
[Time: 02.07.23 08:15:51] [Level: info] state: normalize_g
Normalising
(3, 3)
3
End normalising
(3, 3)
(3, 3)
(3,)
(3, 3)
[Time: 02.07.23 08:15:51] [Level: info] transition: separate_pca
[Time: 02.07.23 08:15:52] [Level: info] state: separate_pca
[Time: 02.07.23 08:15:52] [Level: info] transition: init_pca
[Time: 02.07.23 08:15:53] [Level: info] state: init_pca
[STARTUP] Copy configuration and create dir
/mnt/input/hospital_data_bredel_1.csv
TEST: ['/mnt/input/data_wine_1.csv', '/mnt/input/data_wine_2.csv', '/mnt/input/data_wine_3.csv']
[STARTUP] Configuration copied
Log Transform performed
out {'Row names': array(['fruity_2', 'butter', 'woody_3'], dtype=object), 'Sample count': 3, 'Nans': array([0, 0, 0])}
[Time: 02.07.23 08:15:53] [Level: info] transition: check_row_names
[Time: 02.07.23 08:15:54] [Level: info] state: check_row_names
gathering
[CTRL] POST /data
unifying row names
[{'Row names': array(['fruity_2', 'butter', 'woody_3'], dtype=object), 'Sample count': 3, 'Nans': array([0, 0, 0])}, {'Row names': array(['fruity_2', 'butter', 'woody_3'], dtype=object), 'Sample count': 3, 'Nans': array([0, 0, 0])}]
['fruity_2', 'butter', 'woody_3']
['butter', 'fruity_2', 'woody_3']
[6, 6, 6]
[API] [COORDINATOR] row names identified!
[Time: 02.07.23 08:15:56] [Level: info] transition: wait_for_params
[CTRL] GET /data
[Time: 02.07.23 08:15:57] [Level: info] state: wait_for_params
setting parameters
[API] Setting parameters
['butter', 'fruity_2', 'woody_3']
INDEX
[1, 0, 2]
[Time: 02.07.23 08:15:57] [Level: info] transition: aggregate_sums
[Time: 02.07.23 08:15:58] [Level: info] state: aggregate_sums
[CTRL] POST /data
setting parameters
[{'Sums': array([6.12928302, 7.32192809, 6.        ]), 'Sample count': 3}, {'Sums': array([7.39231742, 4.169925  , 6.97727992]), 'Sample count': 3}]
SUMS
[2.25360007 1.91530885 2.16287999]
[Time: 02.07.23 08:15:59] [Level: info] transition: compute_std
[CTRL] GET /data
[Time: 02.07.23 08:16:00] [Level: info] state: compute_std
(3, 1)
[Time: 02.07.23 08:16:00] [Level: info] transition: aggregate_stds
[Time: 02.07.23 08:16:01] [Level: info] state: aggregate_stds
[CTRL] POST /data
setting parameters
[1.88282629 1.34906669 2.07958967]
[1.31083349 1.05604771 0.92749021]
COMPUTE STD
[3.19365978 2.4051144  3.00707988]
STD
[0.79920708 0.69355813 0.77551014]
[1 2]
['fruity_2' 'woody_3']
(array([], dtype=int64),)
[]
[Time: 02.07.23 08:16:02] [Level: info] transition: apply_scaling
[CTRL] GET /data
[Time: 02.07.23 08:16:03] [Level: info] state: apply_scaling
[1 2]
(array([], dtype=int64),)
CURRENT DATA:  <apps.svd.TabData.TabData object at 0x7f9d8d6dabb0>
[Time: 02.07.23 08:16:03] [Level: info] transition: mfa_prerequisites
[Time: 02.07.23 08:16:04] [Level: info] state: mfa_prerequisites
Calling start_power_iteration
[Time: 02.07.23 08:16:04] [Level: info] transition: start_power_iteration
[Time: 02.07.23 08:16:05] [Level: info] state: start_power_iteration
[STARTUP] Computing covariance matrix
[STARTUP] Random initialisation
TABDATA SCALED
[[ 0.69288031  0.08549477 -1.56855477]
 [ 0.12211111  0.58627998  1.56395131]
 [ 1.07944432 -0.21002947 -1.49950327]]
[Time: 02.07.23 08:16:05] [Level: info] transition: aggregate_randomized_projections_cov
[Time: 02.07.23 08:16:06] [Level: info] state: aggregate_randomized_projections_cov
[CTRL] POST /data
3
Global cov
[[ 1.         -0.69649453  0.95791864]
 [-0.69649453  1.         -0.61912682]
 [ 0.95791864 -0.61912682  1.        ]]
resetting k
[Time: 02.07.23 08:16:08] [Level: info] transition: compute_final_h_cov
[CTRL] GET /data
[Time: 02.07.23 08:16:09] [Level: info] state: compute_final_h_cov
Setting k
starting eigenvector norms
2
[Time: 02.07.23 08:16:09] [Level: info] transition: aggregate_local_norm
[Time: 02.07.23 08:16:10] [Level: info] state: aggregate_local_norm
[CTRL] POST /data
[{'Local Eigenvector norm': 8.26140239750662}, {'Local Eigenvector norm': 4.366739072353801}]
[Time: 02.07.23 08:16:11] [Level: info] transition: compute_local_conorm
[CTRL] GET /data
[Time: 02.07.23 08:16:12] [Level: info] state: compute_local_conorm
[Time: 02.07.23 08:16:12] [Level: info] transition: aggregate_local_conorm
[Time: 02.07.23 08:16:13] [Level: info] state: aggregate_local_conorm
[CTRL] POST /data
aggregating co norms
[{'Local Conorms': [-0.02190485000890444]}, {'Local Conorms': [0.021904850008905127]}]
[Time: 02.07.23 08:16:14] [Level: info] transition: compute_local_norm
[CTRL] GET /data
[Time: 02.07.23 08:16:15] [Level: info] state: compute_local_norm
starting orthogonalise_current
ending orthogonalise_current
starting eigenvector norms
2
[Time: 02.07.23 08:16:15] [Level: info] transition: aggregate_local_norm
[Time: 02.07.23 08:16:16] [Level: info] state: aggregate_local_norm
[CTRL] POST /data
[{'Local Eigenvector norm': 0.8407091183139682}, {'Local Eigenvector norm': 1.3498905664774647}]
[Time: 02.07.23 08:16:17] [Level: info] transition: normalize_g
[CTRL] GET /data
[Time: 02.07.23 08:16:18] [Level: info] state: normalize_g
Normalising
(3, 2)
2
End normalising
(3, 2)
(2, 2)
(2,)
(3, 2)
[Time: 02.07.23 08:16:18] [Level: info] transition: separate_pca
[Time: 02.07.23 08:16:19] [Level: info] state: separate_pca
Starting scale tabdata
[Time: 02.07.23 08:16:19] [Level: info] transition: scale_tabdata
[Time: 02.07.23 08:16:20] [Level: info] state: scale_tabdata
Starting merge tabdata
[Time: 02.07.23 08:16:20] [Level: info] transition: merging_tabdata
[Time: 02.07.23 08:16:21] [Level: info] state: merging_tabdata
Starting global pca
[Time: 02.07.23 08:16:21] [Level: info] transition: init_pca
[Time: 02.07.23 08:16:22] [Level: info] state: init_pca
[STARTUP] Copy configuration and create dir
/mnt/input/hospital_data_bredel_1.csv
TEST: ['/mnt/input/data_wine_1.csv', '/mnt/input/data_wine_2.csv', '/mnt/input/data_wine_3.csv']
Log Transform performed
out {'Row names': array(['coffee', 'fruity', 'woody', 'woody_2', 'vanillin', 'red_fruit',
       'roasted', 'butter', 'fruity_2', 'woody_3'], dtype=object), 'Sample count': 3, 'Nans': array([0, 0, 0, 0, 0, 0, 0, 0, 0, 0])}
[Time: 02.07.23 08:16:22] [Level: info] transition: check_row_names
[CTRL] POST /data
[Time: 02.07.23 08:16:23] [Level: info] state: check_row_names
gathering
unifying row names
[{'Row names': array(['coffee', 'fruity', 'woody', 'woody_2', 'vanillin', 'red_fruit',
       'roasted', 'butter', 'fruity_2', 'woody_3'], dtype=object), 'Sample count': 3, 'Nans': array([0, 0, 0, 0, 0, 0, 0, 0, 0, 0])}, {'Row names': array(['coffee', 'fruity', 'woody', 'woody_2', 'vanillin', 'red_fruit',
       'roasted', 'butter', 'fruity_2', 'woody_3'], dtype=object), 'Sample count': 3, 'Nans': array([0, 0, 0, 0, 0, 0, 0, 0, 0, 0])}]
['coffee', 'fruity', 'woody', 'woody_2', 'vanillin', 'red_fruit', 'roasted', 'butter', 'fruity_2', 'woody_3']
['coffee', 'fruity_2', 'woody_3', 'fruity', 'red_fruit', 'roasted', 'butter', 'woody_2', 'vanillin', 'woody']
[6, 6, 6, 6, 6, 6, 6, 6, 6, 6]
[API] [COORDINATOR] row names identified!
[Time: 02.07.23 08:16:23] [Level: info] transition: wait_for_params
[CTRL] GET /data
[Time: 02.07.23 08:16:24] [Level: info] state: wait_for_params
setting parameters
[API] Setting parameters
['coffee', 'fruity_2', 'woody_3', 'fruity', 'red_fruit', 'roasted', 'butter', 'woody_2', 'vanillin', 'woody']
INDEX
[0, 8, 9, 1, 5, 6, 7, 3, 4, 2]
[Time: 02.07.23 08:16:24] [Level: info] transition: aggregate_sums
[Time: 02.07.23 08:16:25] [Level: info] state: aggregate_sums
[CTRL] POST /data
setting parameters
[{'Sums': array([-1.40308646,  1.35278446, -1.80672058, -1.26866805, -0.97668506,
       -0.75260883, -2.05856002, -1.52121028, -0.52031074, -0.72872427]), 'Sample count': 3}, {'Sums': array([ 0.18660243, -2.57772897,  0.16710561, -0.22650852, -0.00570335,
       -0.45185842,  0.18580577,  0.41381638, -0.62567151, -0.60141028]), 'Sample count': 3}]
SUMS
[-0.20274734 -0.20415742 -0.27326916 -0.24919609 -0.1637314  -0.20074454
 -0.31212571 -0.18456565 -0.19099704 -0.22168909]
[Time: 02.07.23 08:16:26] [Level: info] transition: compute_std
[CTRL] GET /data
[Time: 02.07.23 08:16:27] [Level: info] state: compute_std
(10, 1)
[Time: 02.07.23 08:16:27] [Level: info] transition: aggregate_stds
[Time: 02.07.23 08:16:28] [Level: info] state: aggregate_stds
[CTRL] POST /data
setting parameters
[3.4379803  1.59784258 4.93393237 4.52546733 2.13128906 1.89542063
 5.84149263 2.79600251 1.98878656 2.24409247]
[0.6335832  2.44406639 1.25361057 0.99753289 1.01467294 2.1986069
 1.66554996 0.91205493 1.83419946 2.23475901]
COMPUTE STD
[4.0715635  4.04190898 6.18754293 5.52300021 3.145962   4.09402753
 7.50704259 3.70805744 3.82298602 4.47885147]
STD
[0.90239276 0.89910055 1.11243363 1.05099954 0.79321649 0.90487872
 1.22531976 0.86116868 0.87441249 0.94645142]
[4 7 8 1 0 5 9 3 2]
['red_fruit' 'woody_2' 'vanillin' 'fruity_2' 'coffee' 'roasted' 'woody'
 'fruity' 'woody_3']
(array([], dtype=int64),)
[]
[Time: 02.07.23 08:16:29] [Level: info] transition: apply_scaling
[CTRL] GET /data
[Time: 02.07.23 08:16:30] [Level: info] state: apply_scaling
[4 7 8 1 0 5 9 3 2]
(array([], dtype=int64),)
CURRENT DATA:  <apps.svd.TabData.TabData object at 0x7f9d8d5edb80>
[Time: 02.07.23 08:16:30] [Level: info] transition: mfa_prerequisites
[Time: 02.07.23 08:16:31] [Level: info] state: mfa_prerequisites
Calling start_power_iteration
[Time: 02.07.23 08:16:31] [Level: info] transition: start_power_iteration
[Time: 02.07.23 08:16:32] [Level: info] state: start_power_iteration
[STARTUP] Computing covariance matrix
[STARTUP] Random initialisation
TABDATA SCALED
[[ 1.11473772 -0.29486351 -1.70069294]
 [ 0.32778161  0.66158656  1.19643488]
 [ 0.83280286  0.09245508 -1.81242375]
 [-1.79902197  0.57662232  0.72660518]
 [-1.66171362  0.33098055  0.71867966]
 [ 0.72321829  0.39085286 -1.28025387]
 [ 0.62328667  0.30695311 -1.8460684 ]
 [ 0.91226984 -0.35993602 -1.67582258]
 [ 0.89921953  0.42920577 -1.26817869]
 [ 0.91332448  0.28116051 -1.26174359]]
[Time: 02.07.23 08:16:32] [Level: info] transition: aggregate_randomized_projections_cov
[Time: 02.07.23 08:16:33] [Level: info] state: aggregate_randomized_projections_cov
[CTRL] POST /data
3
Global cov
[[ 1.         -0.58745535  0.97280373 -0.77303312 -0.77432484  0.81920885
   0.93341934  0.99025666  0.82332622  0.84686719]
 [-0.58745535  1.         -0.57785066  0.08502732  0.16354382 -0.42710933
  -0.61773274 -0.66013298 -0.3105805  -0.37371643]
 [ 0.97280373 -0.57785066  1.         -0.67353397 -0.70484694  0.88306234
   0.9875193   0.97397486  0.88192445  0.89215792]
 [-0.77303312  0.08502732 -0.67353397  1.          0.96366251 -0.66785165
  -0.57255634 -0.72579521 -0.73240816 -0.74907249]
 [-0.77432484  0.16354382 -0.70484694  0.96366251  1.         -0.79078124
  -0.63627492 -0.74147726 -0.82808028 -0.84721622]
 [ 0.81920885 -0.42710933  0.88306234 -0.66785165 -0.79078124  1.
   0.89400271  0.8396432   0.98777365  0.99245766]
 [ 0.93341934 -0.61773274  0.9875193  -0.57255634 -0.63627492  0.89400271
   1.          0.94227818  0.87686598  0.8845561 ]
 [ 0.99025666 -0.66013298  0.97397486 -0.72579521 -0.74147726  0.8396432
   0.94227818  1.          0.82869762  0.85726827]
 [ 0.82332622 -0.3105805   0.88192445 -0.73240816 -0.82808028  0.98777365
   0.87686598  0.82869762  1.          0.99590445]
 [ 0.84686719 -0.37371643  0.89215792 -0.74907249 -0.84721622  0.99245766
   0.8845561   0.85726827  0.99590445  1.        ]]
[Time: 02.07.23 08:16:35] [Level: info] transition: compute_final_h_cov
[CTRL] GET /data
[Time: 02.07.23 08:16:36] [Level: info] state: compute_final_h_cov
Setting k
starting eigenvector norms
3
[Time: 02.07.23 08:16:36] [Level: info] transition: aggregate_local_norm
[Time: 02.07.23 08:16:37] [Level: info] state: aggregate_local_norm
[CTRL] POST /data
[{'Local Eigenvector norm': 27.375931567327555}, {'Local Eigenvector norm': 12.56741236517842}]
[Time: 02.07.23 08:16:38] [Level: info] transition: compute_local_conorm
[CTRL] GET /data
[Time: 02.07.23 08:16:39] [Level: info] state: compute_local_conorm
[Time: 02.07.23 08:16:39] [Level: info] transition: aggregate_local_conorm
[Time: 02.07.23 08:16:40] [Level: info] state: aggregate_local_conorm
[CTRL] POST /data
aggregating co norms
[{'Local Conorms': [-0.0066116487178399345]}, {'Local Conorms': [0.006611648717840918]}]
[Time: 02.07.23 08:16:41] [Level: info] transition: compute_local_norm
[CTRL] GET /data
[Time: 02.07.23 08:16:42] [Level: info] state: compute_local_norm
starting orthogonalise_current
ending orthogonalise_current
starting eigenvector norms
3
[Time: 02.07.23 08:16:42] [Level: info] transition: aggregate_local_norm
[Time: 02.07.23 08:16:43] [Level: info] state: aggregate_local_norm
[CTRL] POST /data
[{'Local Eigenvector norm': 3.054572103101803}, {'Local Eigenvector norm': 3.293372270919754}]
[Time: 02.07.23 08:16:44] [Level: info] transition: compute_local_conorm
[CTRL] GET /data
[Time: 02.07.23 08:16:45] [Level: info] state: compute_local_conorm
[Time: 02.07.23 08:16:45] [Level: info] transition: aggregate_local_conorm
[Time: 02.07.23 08:16:46] [Level: info] state: aggregate_local_conorm
[CTRL] POST /data
aggregating co norms
[{'Local Conorms': [-0.32298921562750027, -0.32925537488888384]}, {'Local Conorms': [0.32298921562750055, 0.3292553748888821]}]
[Time: 02.07.23 08:16:47] [Level: info] transition: compute_local_norm
[CTRL] GET /data
[Time: 02.07.23 08:16:48] [Level: info] state: compute_local_norm
starting orthogonalise_current
ending orthogonalise_current
starting eigenvector norms
3
[Time: 02.07.23 08:16:48] [Level: info] transition: aggregate_local_norm
[Time: 02.07.23 08:16:49] [Level: info] state: aggregate_local_norm
[CTRL] POST /data
[{'Local Eigenvector norm': 1.968613917319092}, {'Local Eigenvector norm': 0.537423146941323}]
[Time: 02.07.23 08:16:50] [Level: info] transition: normalize_g
[CTRL] GET /data
[Time: 02.07.23 08:16:51] [Level: info] state: normalize_g
Normalising
(3, 3)
3
End normalising
(3, 3)
(3, 3)
(3,)
(3, 3)
[Time: 02.07.23 08:16:51] [Level: info] transition: separate_pca
[Time: 02.07.23 08:16:52] [Level: info] state: separate_pca
Starting factor analysis
[Time: 02.07.23 08:16:52] [Level: info] transition: projection_matrix
[Time: 02.07.23 08:16:53] [Level: info] state: projection_matrix
M [[0.33333333 0.         0.        ]
 [0.         0.33333333 0.        ]
 [0.         0.         0.33333333]]
U [[ 0.33965956 -0.18233542  0.3419617  -0.28017363 -0.30009765  0.33396841
   0.33363891  0.34037026  0.3340651   0.3399857 ]
 [-0.10503168  0.70122115 -0.15141082 -0.44047841 -0.40335673  0.04425568
  -0.2243364  -0.17191602  0.14849195  0.11714845]
 [-0.29159055  0.26761499  0.02264127  0.50035931  0.26863869  0.42045221
   0.18091409 -0.23331966  0.39627335  0.31517894]]
S [[0.39777629 0.         0.         0.         0.         0.
  0.         0.         0.         0.        ]
 [0.         0.6300017  0.         0.         0.         0.
  0.         0.         0.         0.        ]
 [0.         0.         0.79479134 0.         0.         0.
  0.         0.         0.         0.        ]
 [0.         0.         0.         0.         0.         0.
  0.         0.         0.         0.        ]
 [0.         0.         0.         0.         0.         0.
  0.         0.         0.         0.        ]
 [0.         0.         0.         0.         0.         0.
  0.         0.         0.         0.        ]
 [0.         0.         0.         0.         0.         0.
  0.         0.         0.         0.        ]
 [0.         0.         0.         0.         0.         0.
  0.         0.         0.         0.        ]
 [0.         0.         0.         0.         0.         0.
  0.         0.         0.         0.        ]
 [0.         0.         0.         0.         0.         0.
  0.         0.         0.         0.        ]]
P [[ 0.23401483 -0.19896349  0.47075097  0.          0.          0.
   0.          0.          0.          0.        ]
 [-0.07236354  0.76516899 -0.20843501  0.          0.          0.
   0.          0.          0.          0.        ]
 [-0.20089677  0.29202013  0.03116841  0.          0.          0.
   0.          0.          0.          0.        ]]
[Time: 02.07.23 08:16:53] [Level: info] transition: factor_scores
[CTRL] GET /data
[Time: 02.07.23 08:16:54] [Level: info] state: factor_scores
P: [[ 0.23401483 -0.19896349  0.47075097  0.          0.          0.
   0.          0.          0.          0.        ]
 [-0.07236354  0.76516899 -0.20843501  0.          0.          0.
   0.          0.          0.          0.        ]
 [-0.20089677  0.29202013  0.03116841  0.          0.          0.
   0.          0.          0.          0.        ]]
Z [[ 0.74494785 -0.27744968 -0.7000987 ]
 [-0.77311508  0.28061224  0.42846493]
 [ 0.56127878  0.03126541 -0.62521584]]
Z [[ 0.74494785 -0.27744968 -0.7000987 ]
 [-0.77311508  0.28061224  0.42846493]
 [ 0.56127878  0.03126541 -0.62521584]]
Z [[ 0.74494785 -0.27744968 -0.7000987 ]
 [-0.77311508  0.28061224  0.42846493]
 [ 0.56127878  0.03126541 -0.62521584]]
[Time: 02.07.23 08:16:54] [Level: info] transition: global_factor_score
[Time: 02.07.23 08:16:55] [Level: info] state: global_factor_score
M [[0.33333333 0.         0.        ]
 [0.         0.33333333 0.        ]
 [0.         0.         0.33333333]]
U [[ 0.33965956 -0.18233542  0.3419617  -0.28017363 -0.30009765  0.33396841
   0.33363891  0.34037026  0.3340651   0.3399857 ]
 [-0.10503168  0.70122115 -0.15141082 -0.44047841 -0.40335673  0.04425568
  -0.2243364  -0.17191602  0.14849195  0.11714845]
 [-0.29159055  0.26761499  0.02264127  0.50035931  0.26863869  0.42045221
   0.18091409 -0.23331966  0.39627335  0.31517894]]
S [[2.51397587 0.         0.         0.         0.         0.
  0.         0.         0.         0.        ]
 [0.         1.5872973  0.         0.         0.         0.
  0.         0.         0.         0.        ]
 [0.         0.         1.25819186 0.         0.         0.
  0.         0.         0.         0.        ]
 [0.         0.         0.         0.         0.         0.
  0.         0.         0.         0.        ]
 [0.         0.         0.         0.         0.         0.
  0.         0.         0.         0.        ]
 [0.         0.         0.         0.         0.         0.
  0.         0.         0.         0.        ]
 [0.         0.         0.         0.         0.         0.
  0.         0.         0.         0.        ]
 [0.         0.         0.         0.         0.         0.
  0.         0.         0.         0.        ]
 [0.         0.         0.         0.         0.         0.
  0.         0.         0.         0.        ]
 [0.         0.         0.         0.         0.         0.
  0.         0.         0.         0.        ]]
P [[ 1.47899117 -0.50129104  0.74522081  0.          0.          0.
   0.          0.          0.          0.        ]
 [-0.457343    1.927853   -0.32996237  0.          0.          0.
   0.          0.          0.          0.        ]
 [-1.26968262  0.73574842  0.04934105  0.          0.          0.
   0.          0.          0.          0.        ]]
[Time: 02.07.23 08:16:55] [Level: info] transition: inertia
[Time: 02.07.23 08:16:56] [Level: info] state: inertia
[Time: 02.07.23 08:16:56] [Level: info] transition: mfa_final
[CTRL] GET /data
[Time: 02.07.23 08:16:57] [Level: info] state: mfa_final
Starting save results
[Time: 02.07.23 08:16:57] [Level: info] transition: save_results
[Time: 02.07.23 08:16:58] [Level: info] state: save_results
SAVING RESULTS
[Time: 02.07.23 08:16:58] [Level: info] Traceback (most recent call last):
  File "/app/engine/app.py", line 169, in guarded_run
    self.run()
  File "/app/engine/app.py", line 184, in run
    transition = self.current_state.run()
  File "/app/apps/svd/app.py", line 783, in run
    self.load('svd').save_MFA(inertia, F, F_omics, P)
  File "/app/apps/svd/FC_Federated_PCA.py", line 229, in save_MFA
    F_omics.to_csv(path + str(idx) + extension, header=False, index=False, sep=str(self.output_delimiter))
AttributeError: 'list' object has no attribute 'to_csv'

