2023-06-30 13:53:42,078 CRIT Supervisor is running as root.  Privileges were not dropped because no user is specified in the config file.  If you intend to run as root, you can set user=root in the config file to avoid this message.
2023-06-30 13:53:42,082 INFO supervisord started with pid 7
2023-06-30 13:53:43,085 INFO spawned: 'nginx' with pid 10
2023-06-30 13:53:43,088 INFO spawned: 'app' with pid 11
2023-06-30 13:53:44,132 INFO success: nginx entered RUNNING state, process has stayed up for > than 1 seconds (startsecs)
2023-06-30 13:53:44,132 INFO success: app entered RUNNING state, process has stayed up for > than 1 seconds (startsecs)
[CTRL] POST /setup
[Time: 30.06.23 13:53:45] [Level: info] id: 81148422fa487136
[Time: 30.06.23 13:53:45] [Level: info] coordinator: False
[Time: 30.06.23 13:53:45] [Level: info] clients: ['80afcec690f71768', '81148422fa487136']
[Time: 30.06.23 13:53:45] [Level: info] state: initial
[CLIENT] Parsing parameter file...
[API] /setup parsing parameter file 
[API] /setup config file found ... parsing file: /mnt/input/config.yaml
YAML file does not follow specification: missing key: eigenvalues
Setting default: eigenvalues.tsv
YAML file does not follow specification: missing key: explained_variance
Setting default: eigenvalues.tsv
YAML file does not follow specification: missing key: output delimiter
Setting default: tab
[API] /setup config file found ... parsing done
[CLIENT] finished parsing parameter file.
[STARTUP] Instantiate SVD
[Time: 30.06.23 13:53:45] [Level: info] transition: init_pca
[Time: 30.06.23 13:53:46] [Level: info] state: init_pca
[STARTUP] Copy configuration and create dir
/mnt/input/hospital_data_bredel_1.csv
TEST: ['/mnt/input/hospital_data_bredel_1 - Copy.csv', '/mnt/input/hospital_data_bredel_1.csv']
[STARTUP] Configuration copied
Log Transform performed
/app/apps/svd/FC_Federated_PCA.py:104: RuntimeWarning: invalid value encountered in log2
  self.tabdata.scaled = np.log2(self.tabdata.scaled+1)
[Time: 30.06.23 13:53:46] [Level: info] transition: wait_for_params
[Time: 30.06.23 13:53:47] [Level: info] state: wait_for_params
[CTRL] GET /data
[CTRL] POST /data
setting parameters
[API] Setting parameters
['MMP2', 'CHN1', 'IGF2BP3', 'CA12', 'DDEF1', 'MAPKBP1', 'DMN', 'H91845', 'HSPG2', 'MGP', 'ZNF419B', 'NCF2', 'ZNF329', 'ANK3', 'MSN', 'NR4A1', 'GPSM2', 'FAS', 'TCTEX1D1', 'HPRT1', 'T97457', 'AI871056', 'KIAA1543', 'IMAGE.33267', 'OSR1', 'CDKN2D', 'GPNMB', 'YWHAG', 'AA598631', 'PDLIM7', 'SCN2B', 'MGC42367', 'SP100', 'ADM', 'ITGA9', 'ESM1', 'D21S2089E', 'PDE2A', 'RALY', 'PRSS3', 'LAMB1', 'H24428', 'HBA1', 'LOC613212', 'EXT1', 'VASP', 'FLJ38984', 'SERPINI1', 'NSF', 'MB', 'VAMP2', 'C4A', 'EDG1', 'MGC26694', 'AEBP1', 'CAMK2A', 'SERPINH1', 'MAL2', 'WDR7', 'R70506', 'COX7A1', 'CDC20B', 'ACAD8', 'SBP1', 'KCNMA1', 'C6orf12', 'KIAA1644', 'DES', 'LOC541471', 'AA281932', 'CLIC1', 'N98591', 'APCS', 'H41096', 'SUV39H1', 'OSBPL1A', 'ASPA', 'UBE4B', 'HAMP', 'SLC35A2', 'ID4', 'PTPRZ1', 'MDK', 'KNS2', 'IL32', 'HNRNPG.T', 'ADFP', 'ZNF549', 'AA975768', 'AI263051', 'DPYD', 'PCDHGC3', 'PSD3', 'SLC16A3', 'GAS1', 'LOC146795', 'KCNJ1', 'LOC283130', 'INPP5F', 'KCNQ2', 'APOC1', 'WWTR1', 'HLA.DRB1', 'SPAG6', 'NEFH', 'AI262682', 'PLP2', 'FAM84A', 'PCP4', 'BNIP2', 'TNFAIP3', 'MED11', 'AI357047', 'ARPP.19', 'SOX4', 'ADARB2', 'TNFRSF12A', 'EFHB', 'AA398420', 'COL1A1', 'GYPC', 'DYNLT1', 'LOC400451', 'MST1', 'MSTP9', 'HPCA', 'EID.3', 'RUNX1', 'RBP4', 'PLA2G2A', 'PALLD', 'DCLRE1B', 'AA906888', 'GYPA', 'CYBA', 'USP6NL', 'C1orf63', 'X38595', 'TSPAN4', 'DIP2C', 'SLC15A2', 'RBP7', 'AA479357', 'AI002301', 'APOC2', 'CKMT1A', 'EDG3', 'COL4A2', 'PYHIN1', 'SERPING1', 'IGSF3', 'C1orf187', 'ZNF160', 'ZNF217', 'IL21R', 'UGCG', 'DNASE1L1', 'R52960', 'BCAM', 'KLRC2', 'SETD5', 'TTC23', 'GBP1', 'PLOD2', 'CDKN1A', 'EPB49', 'MASP1', 'PDPN', 'DUS3L', 'LY96', 'SRPX', 'LOC57228', 'TFDP2', 'RTN3', 'NDUFB11', 'PRKCB1', 'SCAMP5', 'S100A10', 'LYN', 'LOC389831', 'TMEM49', 'NLK', 'H08563', 'MTHFD2', 'CALM1', 'FREQ', 'SERPINA3', 'ABCC3', 'CASP1', 'CACNB2', 'TIMP1', 'DDN', 'MYBPC2', 'C16orf5', 'H78560', 'LGALS3', 'CCL2', 'MST150', 'H86813', 'ITPKA', 'CEAL1', 'FBL', 'CD47', 'DKFZp313A2432', 'PRSS1', 'TXNDC', 'MYC', 'CBX6', 'HMOX1', 'NUAK1', 'GBP2', 'STC1', 'LAMA4', 'TNC', 'PPP1R14A', 'TCF7L1', 'ANXA5', 'AKR1C2', 'VSNL1', 'AA490257', 'PARP14', 'TGFBI', 'SPARC', 'CAP2', 'FZD7', 'PHLDA1', 'RAB30', 'PSG5', 'T62491', 'AA598555', 'COL9A2', 'PDXP', 'CD53', 'ITGA5', 'ZNF233', 'PYCR1', 'SOCS3', 'CACNB3', 'CLTB', 'FCGRT', 'NCF1', 'USP3', 'PEG3', 'NDST1', 'GABBR1', 'FBXL16', 'IL1RAP', 'STEAP3', 'HCLS1', 'RPS3A', 'PYGL', 'DLL3', 'AI822135', 'MGC18216', 'URP2', 'S100A1', 'STMN1', 'HEY1', 'HBXIP', 'TSPYL1', 'ABCA5', 'SNCG', 'TAP1', 'ADCY1', 'RGS16', 'IGHG1', 'STXBP1', 'CYR61', 'PDE4DIP', 'CBLN2', 'BLVRB', 'VEGF', 'DEF6', 'STK17A', 'AI005038', 'FCGR2B', 'LHFPL2', 'R70684', 'RND3', 'PRG1', 'H10054', 'NPL', 'X37864', 'C9orf48', 'TOMM40', 'C8orf4', 'AA424849', 'C1R', 'CTHRC1', 'TIMP3', 'AA401952', 'MYCBP2', 'FBXO32', 'PLTP', 'HK2', 'SYT7', 'TncRNA', 'AA029415', 'HLA.A', 'NPTX1', 'W93688', 'COL1A2', 'R61377', 'CA11', 'TLL2', 'IGF1R', 'EMP3', 'PPP3CA', 'PRKAR1B', 'AKR1C1', 'H20822', 'COL6A2', 'TSPAN6', 'WASF1', 'ZFHX1B', 'CCDC3', 'MDFI', 'MRC2', 'FAM84B', 'PARD3', 'DECR2', 'AA131320', 'FGF13', 'PRKCZ', 'TBC1D7', 'MICAL2', 'LOC283070', 'LTF', 'GOT1', 'LMO7', 'PRRX1', 'KLRC1', 'CHI3L2', 'LRBA', 'KIAA0963', 'CLSTN3', 'AP4B1', 'LAPTM5', 'IQSEC1', 'COX6A2', 'TMEM146', 'LUM', 'FABP3', 'CAMKK2', 'SVIL', 'CSPG2', 'IGFBP5', 'AIF1', 'PPP3CB', 'RAB11FIP4', 'ZNF226', 'LILRA1', 'LSP1', 'POSTN', 'BGN', 'ITGA3', 'NLGN1', 'PSG1', 'AA669383', 'S100A11', 'PLAUR', 'NPC2', 'ANXA1', 'NNMT', 'ADAM19', 'PLAU', 'CAPG', 'EDNRB', 'RFXAP', 'FBXO2', 'AI335002', 'AA181288', 'IGFBP3', 'HLA.G', 'SNRPN', 'CD44', 'SPINT2', 'EPHB1', 'NY.SAR.48', 'CCR1', 'FLJ35740', 'CD58', 'FN1', 'CAV1', 'IFI30', 'DSCR1L1', 'FBXW7', 'A2BP1', 'SAA2', 'FAM46A', 'SORT1', 'ATP6V1C1', 'BCL2A1', 'DDIT4', 'MGC39606', 'SYNGR3', 'AI350724', 'RAB20', 'T51726', 'KLRC3', 'NOTCH1', 'AA489629', 'L3MBTL4', 'F13A1', 'RAB27B', 'KCNK6', 'ID3', 'MVP', 'NMNAT2', 'PRKCG', 'RPS19BP1', 'MOAP1', 'LOC388610', 'COL3A1', 'EGLN2', 'PNCK', 'GADD45B', 'UBA52', 'CLCA3', 'L1CAM', 'YWHAH', 'HLA.F']
INDEX
[324, 374, 250, 110, 32, 170, 33, 298, 161, 423, 31, 316, 38, 349, 68, 392, 50, 306, 10, 288, 92, 204, 22, 84, 41, 269, 309, 213, 377, 253, 404, 40, 208, 144, 331, 390, 42, 121, 97, 317, 320, 279, 310, 98, 0, 12, 242, 347, 281, 238, 147, 241, 25, 210, 157, 286, 143, 333, 126, 177, 18, 265, 13, 39, 228, 335, 153, 363, 79, 101, 99, 419, 287, 383, 163, 294, 81, 60, 304, 299, 171, 302, 272, 245, 247, 43, 227, 29, 236, 359, 223, 229, 106, 142, 388, 195, 34, 414, 322, 277, 51, 190, 417, 6, 186, 194, 89, 382, 379, 410, 266, 406, 207, 120, 196, 4, 71, 262, 83, 102, 263, 387, 156, 134, 230, 384, 20, 107, 292, 276, 397, 28, 193, 11, 355, 15, 14, 257, 330, 1, 421, 63, 231, 350, 178, 278, 321, 122, 297, 173, 64, 361, 45, 233, 284, 346, 308, 342, 49, 117, 91, 62, 246, 268, 259, 393, 88, 86, 21, 248, 380, 137, 57, 75, 61, 339, 182, 325, 395, 235, 140, 348, 69, 176, 251, 345, 198, 221, 252, 16, 82, 336, 67, 155, 80, 113, 274, 138, 181, 290, 19, 413, 103, 166, 368, 396, 264, 150, 175, 307, 338, 167, 289, 165, 420, 132, 192, 9, 313, 234, 407, 358, 403, 319, 411, 260, 239, 36, 311, 354, 197, 168, 283, 77, 58, 220, 85, 172, 214, 300, 351, 256, 139, 402, 146, 188, 328, 114, 209, 183, 243, 94, 225, 35, 285, 341, 187, 160, 23, 95, 131, 218, 357, 303, 76, 381, 206, 370, 323, 337, 65, 100, 254, 415, 301, 240, 108, 398, 174, 418, 401, 119, 127, 109, 360, 315, 391, 189, 385, 123, 386, 73, 37, 318, 291, 405, 409, 199, 217, 422, 255, 158, 185, 352, 53, 52, 74, 112, 212, 7, 224, 159, 258, 149, 400, 8, 394, 130, 96, 5, 135, 136, 205, 200, 129, 408, 27, 232, 261, 226, 327, 118, 87, 46, 280, 271, 44, 326, 362, 59, 55, 378, 141, 295, 2, 148, 219, 365, 78, 282, 24, 47, 211, 267, 70, 373, 154, 66, 270, 90, 124, 364, 179, 128, 375, 184, 72, 111, 164, 312, 215, 249, 115, 329, 244, 305, 314, 191, 353, 332, 201, 133, 202, 399, 104, 334, 376, 216, 369, 275, 26, 105, 343, 293, 3, 372, 367, 389, 371, 116, 237, 180, 222, 340, 151, 56, 356, 273, 145, 416, 162, 169, 203, 152, 48, 125, 412, 93, 17, 296, 344, 366]
[Time: 30.06.23 13:53:49] [Level: info] transition: compute_std
[Time: 30.06.23 13:53:51] [Level: info] state: compute_std
[CTRL] GET /data
[CTRL] POST /data
(422, 1)
[Time: 30.06.23 13:53:53] [Level: info] transition: apply_scaling
[Time: 30.06.23 13:53:54] [Level: info] state: apply_scaling
[CTRL] GET /data
[CTRL] POST /data
[204  39 341 418 102 152  16 239 293 290 111 130 357 200 234  18 394 390
  44  63 150 330 133  80 126 321  11 414 284 275 131 279 305  28 380  85
 184 347 220 172  50 340   1 350 281 181 339 139  52 156 149 262  71 292
  58 222 230   4  49 337 176  24 153 319 345 174 140 124  22 373 227 158
 403 107 405 391 324 309 420 276 315 254  75   6 101 364 162 387 415 248
 338  76  51  62 209 265 244 310 268 344  72  65 134 342 361 264 189  91
 368 303 388 404  36 185 249 355  42 232 243  27 416  38   2 146 143  83
 400 113  41  25 351 407 401 323  10  87 322 178 207 121 231 282   5 109
 297  45  59 210 397  14 214  81 411  31 270 223  17 348 317  86 118 208
  79 182 327 343 308 277 269 142 266 191 161 103 362 359 148 336 165 300
 144 211  95 173 306  73 356 363 219 100 257  48 298 366 346 287 212 408
 192 302 246 196 186 367 224 332 371 168 377 171 255 384  47 285 417 193
 115 190 228 402  70 258  99 286 136  90 188  55 328 217 177 263 335  33
  97  23  53 389  35  74 116 333 349 413 205 236 273 135 145 311 288 138
 108 151 272  54 289  96 409  34  78 127 120  61 260 147 385 166  46  98
  66 374 396 237 358 382  93 170  32 167 229  88 157 386 199 240 278 313
 295 175 180 202 245  67 235 164 253 197 226 360   8  60 369 271  89 291
 410 129  26  19 203 283 354 398 163 393 187  77  69   9 325 218 406 250
 195 247 419 378 395 194 329  30 256  15 392 280 160  56 326 312 183 122
 159 307 216  20 399 137 141 370 301  84 198 117 376   3  94 169 412 320
  68 383 299 296 119 379 421 213 261   0  64 110 365 274 294  92 304 155
  13]
(array([ 39, 204]),)
CURRENT DATA:  <apps.svd.TabData.TabData object at 0x7ff2f521f3a0>
[Time: 30.06.23 13:53:56] [Level: info] transition: mfa_prerequisites
[Time: 30.06.23 13:53:57] [Level: info] state: mfa_prerequisites
Calling start_power_iteration
[Time: 30.06.23 13:53:57] [Level: info] transition: start_power_iteration
[Time: 30.06.23 13:53:58] [Level: info] state: start_power_iteration
[STARTUP] Computing covariance matrix
[STARTUP] Random initialisation
TABDATA SCALED
[[ 1.67770296  0.         -0.55223778 ...  0.         -0.34381363
   0.53465602]
 [ 0.04503427  0.45106833  1.38944185 ...  1.23890513 -0.61053321
  -1.4241931 ]
 [ 0.          0.          0.         ...  0.          0.
   0.        ]
 ...
 [ 0.          0.04785206  0.68012853 ...  0.06126214  0.57938518
   0.48596604]
 [-0.34563441  0.8980298   1.30489791 ...  1.25168178 -0.0871024
  -0.1062404 ]
 [ 0.33826021 -0.27307575  0.30606594 ...  0.07123705  0.07179508
   0.36166062]]
[Time: 30.06.23 13:53:58] [Level: info] transition: compute_final_h_cov
[Time: 30.06.23 13:53:59] [Level: info] state: compute_final_h_cov
[CTRL] GET /data
[CTRL] POST /data
Setting k
starting eigenvector norms
17
[Time: 30.06.23 13:54:05] [Level: info] transition: compute_local_conorm
[Time: 30.06.23 13:54:06] [Level: info] state: compute_local_conorm
[CTRL] GET /data
[CTRL] POST /data
[Time: 30.06.23 13:54:08] [Level: info] transition: compute_local_norm
[Time: 30.06.23 13:54:09] [Level: info] state: compute_local_norm
[CTRL] GET /data
[CTRL] POST /data
starting orthogonalise_current
ending orthogonalise_current
starting eigenvector norms
17
[Time: 30.06.23 13:54:11] [Level: info] transition: compute_local_conorm
[Time: 30.06.23 13:54:12] [Level: info] state: compute_local_conorm
[CTRL] GET /data
[CTRL] POST /data
[Time: 30.06.23 13:54:14] [Level: info] transition: compute_local_norm
[Time: 30.06.23 13:54:15] [Level: info] state: compute_local_norm
[CTRL] GET /data
[CTRL] POST /data
starting orthogonalise_current
ending orthogonalise_current
starting eigenvector norms
17
[Time: 30.06.23 13:54:17] [Level: info] transition: compute_local_conorm
[Time: 30.06.23 13:54:18] [Level: info] state: compute_local_conorm
[CTRL] GET /data
[CTRL] POST /data
[Time: 30.06.23 13:54:20] [Level: info] transition: compute_local_norm
[Time: 30.06.23 13:54:21] [Level: info] state: compute_local_norm
[CTRL] GET /data
[CTRL] POST /data
starting orthogonalise_current
ending orthogonalise_current
starting eigenvector norms
17
[Time: 30.06.23 13:54:23] [Level: info] transition: compute_local_conorm
[Time: 30.06.23 13:54:24] [Level: info] state: compute_local_conorm
[CTRL] GET /data
[CTRL] POST /data
[Time: 30.06.23 13:54:26] [Level: info] transition: compute_local_norm
[Time: 30.06.23 13:54:27] [Level: info] state: compute_local_norm
[CTRL] GET /data
[CTRL] POST /data
starting orthogonalise_current
ending orthogonalise_current
starting eigenvector norms
17
[Time: 30.06.23 13:54:29] [Level: info] transition: compute_local_conorm
[Time: 30.06.23 13:54:30] [Level: info] state: compute_local_conorm
[CTRL] GET /data
[CTRL] POST /data
[Time: 30.06.23 13:54:32] [Level: info] transition: compute_local_norm
[Time: 30.06.23 13:54:33] [Level: info] state: compute_local_norm
[CTRL] GET /data
[CTRL] POST /data
starting orthogonalise_current
ending orthogonalise_current
starting eigenvector norms
17
[Time: 30.06.23 13:54:35] [Level: info] transition: compute_local_conorm
[Time: 30.06.23 13:54:36] [Level: info] state: compute_local_conorm
[CTRL] GET /data
[CTRL] POST /data
[Time: 30.06.23 13:54:38] [Level: info] transition: compute_local_norm
[Time: 30.06.23 13:54:39] [Level: info] state: compute_local_norm
[CTRL] GET /data
[CTRL] POST /data
starting orthogonalise_current
ending orthogonalise_current
starting eigenvector norms
17
[Time: 30.06.23 13:54:41] [Level: info] transition: compute_local_conorm
[Time: 30.06.23 13:54:42] [Level: info] state: compute_local_conorm
[CTRL] GET /data
[CTRL] POST /data
[Time: 30.06.23 13:54:44] [Level: info] transition: compute_local_norm
[Time: 30.06.23 13:54:45] [Level: info] state: compute_local_norm
[CTRL] GET /data
[CTRL] POST /data
starting orthogonalise_current
ending orthogonalise_current
starting eigenvector norms
17
[Time: 30.06.23 13:54:47] [Level: info] transition: compute_local_conorm
[Time: 30.06.23 13:54:48] [Level: info] state: compute_local_conorm
[CTRL] GET /data
[CTRL] POST /data
[Time: 30.06.23 13:54:50] [Level: info] transition: compute_local_norm
[Time: 30.06.23 13:54:51] [Level: info] state: compute_local_norm
[CTRL] GET /data
[CTRL] POST /data
starting orthogonalise_current
ending orthogonalise_current
starting eigenvector norms
17
[Time: 30.06.23 13:54:53] [Level: info] transition: compute_local_conorm
[Time: 30.06.23 13:54:54] [Level: info] state: compute_local_conorm
[CTRL] GET /data
[CTRL] POST /data
[Time: 30.06.23 13:54:56] [Level: info] transition: compute_local_norm
[Time: 30.06.23 13:54:57] [Level: info] state: compute_local_norm
[CTRL] GET /data
[CTRL] POST /data
starting orthogonalise_current
ending orthogonalise_current
starting eigenvector norms
17
[Time: 30.06.23 13:54:59] [Level: info] transition: compute_local_conorm
[Time: 30.06.23 13:55:00] [Level: info] state: compute_local_conorm
[CTRL] GET /data
[CTRL] POST /data
[Time: 30.06.23 13:55:02] [Level: info] transition: compute_local_norm
[Time: 30.06.23 13:55:03] [Level: info] state: compute_local_norm
[CTRL] GET /data
[CTRL] POST /data
starting orthogonalise_current
ending orthogonalise_current
starting eigenvector norms
17
[Time: 30.06.23 13:55:05] [Level: info] transition: compute_local_conorm
[Time: 30.06.23 13:55:06] [Level: info] state: compute_local_conorm
[CTRL] GET /data
[CTRL] POST /data
[Time: 30.06.23 13:55:08] [Level: info] transition: compute_local_norm
[Time: 30.06.23 13:55:09] [Level: info] state: compute_local_norm
[CTRL] GET /data
[CTRL] POST /data
starting orthogonalise_current
ending orthogonalise_current
starting eigenvector norms
17
[Time: 30.06.23 13:55:11] [Level: info] transition: compute_local_conorm
[Time: 30.06.23 13:55:12] [Level: info] state: compute_local_conorm
[CTRL] GET /data
[CTRL] POST /data
[Time: 30.06.23 13:55:14] [Level: info] transition: compute_local_norm
[Time: 30.06.23 13:55:15] [Level: info] state: compute_local_norm
[CTRL] GET /data
[CTRL] POST /data
starting orthogonalise_current
ending orthogonalise_current
starting eigenvector norms
17
[Time: 30.06.23 13:55:17] [Level: info] transition: compute_local_conorm
[Time: 30.06.23 13:55:18] [Level: info] state: compute_local_conorm
[CTRL] GET /data
[CTRL] POST /data
[Time: 30.06.23 13:55:20] [Level: info] transition: compute_local_norm
[Time: 30.06.23 13:55:21] [Level: info] state: compute_local_norm
[CTRL] GET /data
[CTRL] POST /data
starting orthogonalise_current
ending orthogonalise_current
starting eigenvector norms
17
[Time: 30.06.23 13:55:23] [Level: info] transition: compute_local_conorm
[Time: 30.06.23 13:55:24] [Level: info] state: compute_local_conorm
[CTRL] GET /data
[CTRL] POST /data
[Time: 30.06.23 13:55:26] [Level: info] transition: compute_local_norm
[Time: 30.06.23 13:55:27] [Level: info] state: compute_local_norm
[CTRL] GET /data
[CTRL] POST /data
starting orthogonalise_current
ending orthogonalise_current
starting eigenvector norms
17
[Time: 30.06.23 13:55:29] [Level: info] transition: compute_local_conorm
[Time: 30.06.23 13:55:30] [Level: info] state: compute_local_conorm
[CTRL] GET /data
[CTRL] POST /data
[Time: 30.06.23 13:55:32] [Level: info] transition: compute_local_norm
[Time: 30.06.23 13:55:33] [Level: info] state: compute_local_norm
[CTRL] GET /data
[CTRL] POST /data
starting orthogonalise_current
ending orthogonalise_current
starting eigenvector norms
17
[Time: 30.06.23 13:55:35] [Level: info] transition: compute_local_conorm
[Time: 30.06.23 13:55:36] [Level: info] state: compute_local_conorm
[CTRL] GET /data
[CTRL] POST /data
[Time: 30.06.23 13:55:38] [Level: info] transition: compute_local_norm
[Time: 30.06.23 13:55:39] [Level: info] state: compute_local_norm
[CTRL] GET /data
[CTRL] POST /data
starting orthogonalise_current
ending orthogonalise_current
starting eigenvector norms
17
[Time: 30.06.23 13:55:41] [Level: info] transition: normalize_g
[Time: 30.06.23 13:55:42] [Level: info] state: normalize_g
[CTRL] GET /data
[CTRL] POST /data
Normalising
(26, 17)
17
End normalising
(26, 17)
(17, 17)
(17,)
(26, 17)
[Time: 30.06.23 13:55:44] [Level: info] transition: separate_pca
[Time: 30.06.23 13:55:45] [Level: info] state: separate_pca
[Time: 30.06.23 13:55:45] [Level: info] transition: init_pca
[Time: 30.06.23 13:55:46] [Level: info] state: init_pca
[STARTUP] Copy configuration and create dir
/mnt/input/hospital_data_bredel_1.csv
TEST: ['/mnt/input/hospital_data_bredel_1 - Copy.csv', '/mnt/input/hospital_data_bredel_1.csv']
[STARTUP] Configuration copied
Log Transform performed
/app/apps/svd/FC_Federated_PCA.py:104: RuntimeWarning: invalid value encountered in log2
  self.tabdata.scaled = np.log2(self.tabdata.scaled+1)
[Time: 30.06.23 13:55:46] [Level: info] transition: wait_for_params
[CTRL] GET /data
[Time: 30.06.23 13:55:47] [Level: info] state: wait_for_params
[CTRL] POST /data
setting parameters
[API] Setting parameters
['MMP2', 'CHN1', 'IGF2BP3', 'CA12', 'DDEF1', 'MAPKBP1', 'DMN', 'H91845', 'HSPG2', 'MGP', 'ZNF419B', 'NCF2', 'ZNF329', 'ANK3', 'MSN', 'NR4A1', 'GPSM2', 'FAS', 'TCTEX1D1', 'HPRT1', 'T97457', 'AI871056', 'KIAA1543', 'IMAGE.33267', 'OSR1', 'CDKN2D', 'GPNMB', 'YWHAG', 'AA598631', 'PDLIM7', 'SCN2B', 'MGC42367', 'SP100', 'ADM', 'ITGA9', 'ESM1', 'D21S2089E', 'PDE2A', 'RALY', 'PRSS3', 'LAMB1', 'H24428', 'HBA1', 'LOC613212', 'EXT1', 'VASP', 'FLJ38984', 'SERPINI1', 'NSF', 'MB', 'VAMP2', 'C4A', 'EDG1', 'MGC26694', 'AEBP1', 'CAMK2A', 'SERPINH1', 'MAL2', 'WDR7', 'R70506', 'COX7A1', 'CDC20B', 'ACAD8', 'SBP1', 'KCNMA1', 'C6orf12', 'KIAA1644', 'DES', 'LOC541471', 'AA281932', 'CLIC1', 'N98591', 'APCS', 'H41096', 'SUV39H1', 'OSBPL1A', 'ASPA', 'UBE4B', 'HAMP', 'SLC35A2', 'ID4', 'PTPRZ1', 'MDK', 'KNS2', 'IL32', 'HNRNPG.T', 'ADFP', 'ZNF549', 'AA975768', 'AI263051', 'DPYD', 'PCDHGC3', 'PSD3', 'SLC16A3', 'GAS1', 'LOC146795', 'KCNJ1', 'LOC283130', 'INPP5F', 'KCNQ2', 'APOC1', 'WWTR1', 'HLA.DRB1', 'SPAG6', 'NEFH', 'AI262682', 'PLP2', 'FAM84A', 'PCP4', 'BNIP2', 'TNFAIP3', 'MED11', 'AI357047', 'ARPP.19', 'SOX4', 'ADARB2', 'TNFRSF12A', 'EFHB', 'AA398420', 'COL1A1', 'GYPC', 'DYNLT1', 'LOC400451', 'MST1', 'MSTP9', 'HPCA', 'EID.3', 'RUNX1', 'RBP4', 'PLA2G2A', 'PALLD', 'DCLRE1B', 'AA906888', 'GYPA', 'CYBA', 'USP6NL', 'C1orf63', 'X38595', 'TSPAN4', 'DIP2C', 'SLC15A2', 'RBP7', 'AA479357', 'AI002301', 'APOC2', 'CKMT1A', 'EDG3', 'COL4A2', 'PYHIN1', 'SERPING1', 'IGSF3', 'C1orf187', 'ZNF160', 'ZNF217', 'IL21R', 'UGCG', 'DNASE1L1', 'R52960', 'BCAM', 'KLRC2', 'SETD5', 'TTC23', 'GBP1', 'PLOD2', 'CDKN1A', 'EPB49', 'MASP1', 'PDPN', 'DUS3L', 'LY96', 'SRPX', 'LOC57228', 'TFDP2', 'RTN3', 'NDUFB11', 'PRKCB1', 'SCAMP5', 'S100A10', 'LYN', 'LOC389831', 'TMEM49', 'NLK', 'H08563', 'MTHFD2', 'CALM1', 'FREQ', 'SERPINA3', 'ABCC3', 'CASP1', 'CACNB2', 'TIMP1', 'DDN', 'MYBPC2', 'C16orf5', 'H78560', 'LGALS3', 'CCL2', 'MST150', 'H86813', 'ITPKA', 'CEAL1', 'FBL', 'CD47', 'DKFZp313A2432', 'PRSS1', 'TXNDC', 'MYC', 'CBX6', 'HMOX1', 'NUAK1', 'GBP2', 'STC1', 'LAMA4', 'TNC', 'PPP1R14A', 'TCF7L1', 'ANXA5', 'AKR1C2', 'VSNL1', 'AA490257', 'PARP14', 'TGFBI', 'SPARC', 'CAP2', 'FZD7', 'PHLDA1', 'RAB30', 'PSG5', 'T62491', 'AA598555', 'COL9A2', 'PDXP', 'CD53', 'ITGA5', 'ZNF233', 'PYCR1', 'SOCS3', 'CACNB3', 'CLTB', 'FCGRT', 'NCF1', 'USP3', 'PEG3', 'NDST1', 'GABBR1', 'FBXL16', 'IL1RAP', 'STEAP3', 'HCLS1', 'RPS3A', 'PYGL', 'DLL3', 'AI822135', 'MGC18216', 'URP2', 'S100A1', 'STMN1', 'HEY1', 'HBXIP', 'TSPYL1', 'ABCA5', 'SNCG', 'TAP1', 'ADCY1', 'RGS16', 'IGHG1', 'STXBP1', 'CYR61', 'PDE4DIP', 'CBLN2', 'BLVRB', 'VEGF', 'DEF6', 'STK17A', 'AI005038', 'FCGR2B', 'LHFPL2', 'R70684', 'RND3', 'PRG1', 'H10054', 'NPL', 'X37864', 'C9orf48', 'TOMM40', 'C8orf4', 'AA424849', 'C1R', 'CTHRC1', 'TIMP3', 'AA401952', 'MYCBP2', 'FBXO32', 'PLTP', 'HK2', 'SYT7', 'TncRNA', 'AA029415', 'HLA.A', 'NPTX1', 'W93688', 'COL1A2', 'R61377', 'CA11', 'TLL2', 'IGF1R', 'EMP3', 'PPP3CA', 'PRKAR1B', 'AKR1C1', 'H20822', 'COL6A2', 'TSPAN6', 'WASF1', 'ZFHX1B', 'CCDC3', 'MDFI', 'MRC2', 'FAM84B', 'PARD3', 'DECR2', 'AA131320', 'FGF13', 'PRKCZ', 'TBC1D7', 'MICAL2', 'LOC283070', 'LTF', 'GOT1', 'LMO7', 'PRRX1', 'KLRC1', 'CHI3L2', 'LRBA', 'KIAA0963', 'CLSTN3', 'AP4B1', 'LAPTM5', 'IQSEC1', 'COX6A2', 'TMEM146', 'LUM', 'FABP3', 'CAMKK2', 'SVIL', 'CSPG2', 'IGFBP5', 'AIF1', 'PPP3CB', 'RAB11FIP4', 'ZNF226', 'LILRA1', 'LSP1', 'POSTN', 'BGN', 'ITGA3', 'NLGN1', 'PSG1', 'AA669383', 'S100A11', 'PLAUR', 'NPC2', 'ANXA1', 'NNMT', 'ADAM19', 'PLAU', 'CAPG', 'EDNRB', 'RFXAP', 'FBXO2', 'AI335002', 'AA181288', 'IGFBP3', 'HLA.G', 'SNRPN', 'CD44', 'SPINT2', 'EPHB1', 'NY.SAR.48', 'CCR1', 'FLJ35740', 'CD58', 'FN1', 'CAV1', 'IFI30', 'DSCR1L1', 'FBXW7', 'A2BP1', 'SAA2', 'FAM46A', 'SORT1', 'ATP6V1C1', 'BCL2A1', 'DDIT4', 'MGC39606', 'SYNGR3', 'AI350724', 'RAB20', 'T51726', 'KLRC3', 'NOTCH1', 'AA489629', 'L3MBTL4', 'F13A1', 'RAB27B', 'KCNK6', 'ID3', 'MVP', 'NMNAT2', 'PRKCG', 'RPS19BP1', 'MOAP1', 'LOC388610', 'COL3A1', 'EGLN2', 'PNCK', 'GADD45B', 'UBA52', 'CLCA3', 'L1CAM', 'YWHAH', 'HLA.F']
INDEX
[324, 374, 250, 110, 32, 170, 33, 298, 161, 423, 31, 316, 38, 349, 68, 392, 50, 306, 10, 288, 92, 204, 22, 84, 41, 269, 309, 213, 377, 253, 404, 40, 208, 144, 331, 390, 42, 121, 97, 317, 320, 279, 310, 98, 0, 12, 242, 347, 281, 238, 147, 241, 25, 210, 157, 286, 143, 333, 126, 177, 18, 265, 13, 39, 228, 335, 153, 363, 79, 101, 99, 419, 287, 383, 163, 294, 81, 60, 304, 299, 171, 302, 272, 245, 247, 43, 227, 29, 236, 359, 223, 229, 106, 142, 388, 195, 34, 414, 322, 277, 51, 190, 417, 6, 186, 194, 89, 382, 379, 410, 266, 406, 207, 120, 196, 4, 71, 262, 83, 102, 263, 387, 156, 134, 230, 384, 20, 107, 292, 276, 397, 28, 193, 11, 355, 15, 14, 257, 330, 1, 421, 63, 231, 350, 178, 278, 321, 122, 297, 173, 64, 361, 45, 233, 284, 346, 308, 342, 49, 117, 91, 62, 246, 268, 259, 393, 88, 86, 21, 248, 380, 137, 57, 75, 61, 339, 182, 325, 395, 235, 140, 348, 69, 176, 251, 345, 198, 221, 252, 16, 82, 336, 67, 155, 80, 113, 274, 138, 181, 290, 19, 413, 103, 166, 368, 396, 264, 150, 175, 307, 338, 167, 289, 165, 420, 132, 192, 9, 313, 234, 407, 358, 403, 319, 411, 260, 239, 36, 311, 354, 197, 168, 283, 77, 58, 220, 85, 172, 214, 300, 351, 256, 139, 402, 146, 188, 328, 114, 209, 183, 243, 94, 225, 35, 285, 341, 187, 160, 23, 95, 131, 218, 357, 303, 76, 381, 206, 370, 323, 337, 65, 100, 254, 415, 301, 240, 108, 398, 174, 418, 401, 119, 127, 109, 360, 315, 391, 189, 385, 123, 386, 73, 37, 318, 291, 405, 409, 199, 217, 422, 255, 158, 185, 352, 53, 52, 74, 112, 212, 7, 224, 159, 258, 149, 400, 8, 394, 130, 96, 5, 135, 136, 205, 200, 129, 408, 27, 232, 261, 226, 327, 118, 87, 46, 280, 271, 44, 326, 362, 59, 55, 378, 141, 295, 2, 148, 219, 365, 78, 282, 24, 47, 211, 267, 70, 373, 154, 66, 270, 90, 124, 364, 179, 128, 375, 184, 72, 111, 164, 312, 215, 249, 115, 329, 244, 305, 314, 191, 353, 332, 201, 133, 202, 399, 104, 334, 376, 216, 369, 275, 26, 105, 343, 293, 3, 372, 367, 389, 371, 116, 237, 180, 222, 340, 151, 56, 356, 273, 145, 416, 162, 169, 203, 152, 48, 125, 412, 93, 17, 296, 344, 366]
[Time: 30.06.23 13:55:50] [Level: info] transition: compute_std
[Time: 30.06.23 13:55:51] [Level: info] state: compute_std
[CTRL] GET /data
[CTRL] POST /data
(422, 1)
[Time: 30.06.23 13:55:53] [Level: info] transition: apply_scaling
[Time: 30.06.23 13:55:54] [Level: info] state: apply_scaling
[CTRL] GET /data
[CTRL] POST /data
[204  39 341 418 102 152  16 239 293 290 111 130 357 200 234  18 394 390
  44  63 150 330 133  80 126 321  11 414 284 275 131 279 305  28 380  85
 184 347 220 172  50 340   1 350 281 181 339 139  52 156 149 262  71 292
  58 222 230   4  49 337 176  24 153 319 345 174 140 124  22 373 227 158
 403 107 405 391 324 309 420 276 315 254  75   6 101 364 162 387 415 248
 338  76  51  62 209 265 244 310 268 344  72  65 134 342 361 264 189  91
 368 303 388 404  36 185 249 355  42 232 243  27 416  38   2 146 143  83
 400 113  41  25 351 407 401 323  10  87 322 178 207 121 231 282   5 109
 297  45  59 210 397  14 214  81 411  31 270 223  17 348 317  86 118 208
  79 182 327 343 308 277 269 142 266 191 161 103 362 359 148 336 165 300
 144 211  95 173 306  73 356 363 219 100 257  48 298 366 346 287 212 408
 192 302 246 196 186 367 224 332 371 168 377 171 255 384  47 285 417 193
 115 190 228 402  70 258  99 286 136  90 188  55 328 217 177 263 335  33
  97  23  53 389  35  74 116 333 349 413 205 236 273 135 145 311 288 138
 108 151 272  54 289  96 409  34  78 127 120  61 260 147 385 166  46  98
  66 374 396 237 358 382  93 170  32 167 229  88 157 386 199 240 278 313
 295 175 180 202 245  67 235 164 253 197 226 360   8  60 369 271  89 291
 410 129  26  19 203 283 354 398 163 393 187  77  69   9 325 218 406 250
 195 247 419 378 395 194 329  30 256  15 392 280 160  56 326 312 183 122
 159 307 216  20 399 137 141 370 301  84 198 117 376   3  94 169 412 320
  68 383 299 296 119 379 421 213 261   0  64 110 365 274 294  92 304 155
  13]
(array([ 39, 204]),)
CURRENT DATA:  <apps.svd.TabData.TabData object at 0x7ff2f521b880>
[Time: 30.06.23 13:55:56] [Level: info] transition: mfa_prerequisites
[Time: 30.06.23 13:55:57] [Level: info] state: mfa_prerequisites
Calling start_power_iteration
[Time: 30.06.23 13:55:57] [Level: info] transition: start_power_iteration
[Time: 30.06.23 13:55:58] [Level: info] state: start_power_iteration
[STARTUP] Computing covariance matrix
[STARTUP] Random initialisation
TABDATA SCALED
[[ 1.67770296  0.         -0.55223778 ...  0.         -0.34381363
   0.53465602]
 [ 0.04503427  0.45106833  1.38944185 ...  1.23890513 -0.61053321
  -1.4241931 ]
 [ 0.          0.          0.         ...  0.          0.
   0.        ]
 ...
 [ 0.          0.04785206  0.68012853 ...  0.06126214  0.57938518
   0.48596604]
 [-0.34563441  0.8980298   1.30489791 ...  1.25168178 -0.0871024
  -0.1062404 ]
 [ 0.33826021 -0.27307575  0.30606594 ...  0.07123705  0.07179508
   0.36166062]]
[Time: 30.06.23 13:55:58] [Level: info] transition: compute_final_h_cov
[CTRL] GET /data
[Time: 30.06.23 13:55:59] [Level: info] state: compute_final_h_cov
[CTRL] POST /data
Setting k
starting eigenvector norms
17
[Time: 30.06.23 13:56:02] [Level: info] transition: compute_local_conorm
[Time: 30.06.23 13:56:03] [Level: info] state: compute_local_conorm
[CTRL] GET /data
[CTRL] POST /data
[Time: 30.06.23 13:56:05] [Level: info] transition: compute_local_norm
[Time: 30.06.23 13:56:06] [Level: info] state: compute_local_norm
[CTRL] GET /data
[CTRL] POST /data
starting orthogonalise_current
ending orthogonalise_current
starting eigenvector norms
17
[Time: 30.06.23 13:56:08] [Level: info] transition: compute_local_conorm
[Time: 30.06.23 13:56:09] [Level: info] state: compute_local_conorm
[CTRL] GET /data
[CTRL] POST /data
[Time: 30.06.23 13:56:11] [Level: info] transition: compute_local_norm
[Time: 30.06.23 13:56:12] [Level: info] state: compute_local_norm
[CTRL] GET /data
[CTRL] POST /data
starting orthogonalise_current
ending orthogonalise_current
starting eigenvector norms
17
[Time: 30.06.23 13:56:14] [Level: info] transition: compute_local_conorm
[Time: 30.06.23 13:56:15] [Level: info] state: compute_local_conorm
[CTRL] GET /data
[CTRL] POST /data
[Time: 30.06.23 13:56:17] [Level: info] transition: compute_local_norm
[Time: 30.06.23 13:56:18] [Level: info] state: compute_local_norm
[CTRL] GET /data
[CTRL] POST /data
starting orthogonalise_current
ending orthogonalise_current
starting eigenvector norms
17
[Time: 30.06.23 13:56:20] [Level: info] transition: compute_local_conorm
[Time: 30.06.23 13:56:21] [Level: info] state: compute_local_conorm
[CTRL] GET /data
[CTRL] POST /data
[Time: 30.06.23 13:56:23] [Level: info] transition: compute_local_norm
[Time: 30.06.23 13:56:24] [Level: info] state: compute_local_norm
[CTRL] GET /data
[CTRL] POST /data
starting orthogonalise_current
ending orthogonalise_current
starting eigenvector norms
17
[Time: 30.06.23 13:56:26] [Level: info] transition: compute_local_conorm
[Time: 30.06.23 13:56:27] [Level: info] state: compute_local_conorm
[CTRL] GET /data
[CTRL] POST /data
[Time: 30.06.23 13:56:29] [Level: info] transition: compute_local_norm
[Time: 30.06.23 13:56:30] [Level: info] state: compute_local_norm
[CTRL] GET /data
[CTRL] POST /data
starting orthogonalise_current
ending orthogonalise_current
starting eigenvector norms
17
[Time: 30.06.23 13:56:32] [Level: info] transition: compute_local_conorm
[Time: 30.06.23 13:56:33] [Level: info] state: compute_local_conorm
[CTRL] GET /data
[CTRL] POST /data
[Time: 30.06.23 13:56:35] [Level: info] transition: compute_local_norm
[Time: 30.06.23 13:56:36] [Level: info] state: compute_local_norm
[CTRL] GET /data
[CTRL] POST /data
starting orthogonalise_current
ending orthogonalise_current
starting eigenvector norms
17
[Time: 30.06.23 13:56:38] [Level: info] transition: compute_local_conorm
[Time: 30.06.23 13:56:39] [Level: info] state: compute_local_conorm
[CTRL] GET /data
[CTRL] POST /data
[Time: 30.06.23 13:56:41] [Level: info] transition: compute_local_norm
[Time: 30.06.23 13:56:42] [Level: info] state: compute_local_norm
[CTRL] GET /data
[CTRL] POST /data
starting orthogonalise_current
ending orthogonalise_current
starting eigenvector norms
17
[Time: 30.06.23 13:56:44] [Level: info] transition: compute_local_conorm
[Time: 30.06.23 13:56:45] [Level: info] state: compute_local_conorm
[CTRL] GET /data
[CTRL] POST /data
[Time: 30.06.23 13:56:47] [Level: info] transition: compute_local_norm
[Time: 30.06.23 13:56:48] [Level: info] state: compute_local_norm
[CTRL] GET /data
[CTRL] POST /data
starting orthogonalise_current
ending orthogonalise_current
starting eigenvector norms
17
[Time: 30.06.23 13:56:50] [Level: info] transition: compute_local_conorm
[Time: 30.06.23 13:56:51] [Level: info] state: compute_local_conorm
[CTRL] GET /data
[CTRL] POST /data
[Time: 30.06.23 13:56:53] [Level: info] transition: compute_local_norm
[Time: 30.06.23 13:56:54] [Level: info] state: compute_local_norm
[CTRL] GET /data
[CTRL] POST /data
starting orthogonalise_current
ending orthogonalise_current
starting eigenvector norms
17
[Time: 30.06.23 13:56:56] [Level: info] transition: compute_local_conorm
[Time: 30.06.23 13:56:57] [Level: info] state: compute_local_conorm
[CTRL] GET /data
[CTRL] POST /data
[Time: 30.06.23 13:56:59] [Level: info] transition: compute_local_norm
[Time: 30.06.23 13:57:00] [Level: info] state: compute_local_norm
[CTRL] GET /data
[CTRL] POST /data
starting orthogonalise_current
ending orthogonalise_current
starting eigenvector norms
17
[Time: 30.06.23 13:57:02] [Level: info] transition: compute_local_conorm
[Time: 30.06.23 13:57:03] [Level: info] state: compute_local_conorm
[CTRL] GET /data
[CTRL] POST /data
[Time: 30.06.23 13:57:05] [Level: info] transition: compute_local_norm
[Time: 30.06.23 13:57:06] [Level: info] state: compute_local_norm
[CTRL] GET /data
[CTRL] POST /data
starting orthogonalise_current
ending orthogonalise_current
starting eigenvector norms
17
[Time: 30.06.23 13:57:08] [Level: info] transition: compute_local_conorm
[Time: 30.06.23 13:57:09] [Level: info] state: compute_local_conorm
[CTRL] GET /data
[CTRL] POST /data
[Time: 30.06.23 13:57:11] [Level: info] transition: compute_local_norm
[Time: 30.06.23 13:57:12] [Level: info] state: compute_local_norm
[CTRL] GET /data
[CTRL] POST /data
starting orthogonalise_current
ending orthogonalise_current
starting eigenvector norms
17
[Time: 30.06.23 13:57:14] [Level: info] transition: compute_local_conorm
[Time: 30.06.23 13:57:15] [Level: info] state: compute_local_conorm
[CTRL] GET /data
[CTRL] POST /data
[Time: 30.06.23 13:57:17] [Level: info] transition: compute_local_norm
[Time: 30.06.23 13:57:18] [Level: info] state: compute_local_norm
[CTRL] GET /data
[CTRL] POST /data
starting orthogonalise_current
ending orthogonalise_current
starting eigenvector norms
17
[Time: 30.06.23 13:57:20] [Level: info] transition: compute_local_conorm
[Time: 30.06.23 13:57:21] [Level: info] state: compute_local_conorm
[CTRL] GET /data
[CTRL] POST /data
[Time: 30.06.23 13:57:23] [Level: info] transition: compute_local_norm
[Time: 30.06.23 13:57:24] [Level: info] state: compute_local_norm
[CTRL] GET /data
[CTRL] POST /data
starting orthogonalise_current
ending orthogonalise_current
starting eigenvector norms
17
[Time: 30.06.23 13:57:26] [Level: info] transition: compute_local_conorm
[Time: 30.06.23 13:57:27] [Level: info] state: compute_local_conorm
[CTRL] GET /data
[CTRL] POST /data
[Time: 30.06.23 13:57:29] [Level: info] transition: compute_local_norm
[Time: 30.06.23 13:57:30] [Level: info] state: compute_local_norm
[CTRL] GET /data
[CTRL] POST /data
starting orthogonalise_current
ending orthogonalise_current
starting eigenvector norms
17
[Time: 30.06.23 13:57:32] [Level: info] transition: compute_local_conorm
[Time: 30.06.23 13:57:33] [Level: info] state: compute_local_conorm
[CTRL] GET /data
[CTRL] POST /data
[Time: 30.06.23 13:57:35] [Level: info] transition: compute_local_norm
[Time: 30.06.23 13:57:36] [Level: info] state: compute_local_norm
[CTRL] GET /data
[CTRL] POST /data
starting orthogonalise_current
ending orthogonalise_current
starting eigenvector norms
17
[Time: 30.06.23 13:57:38] [Level: info] transition: normalize_g
[Time: 30.06.23 13:57:39] [Level: info] state: normalize_g
[CTRL] GET /data
[CTRL] POST /data
Normalising
(26, 17)
17
End normalising
(26, 17)
(17, 17)
(17,)
(26, 17)
[Time: 30.06.23 13:57:41] [Level: info] transition: separate_pca
[Time: 30.06.23 13:57:42] [Level: info] state: separate_pca
Starting factor analysis
[Time: 30.06.23 13:57:42] [Level: info] transition: scale_tabdata
[Time: 30.06.23 13:57:43] [Level: info] state: scale_tabdata
[Time: 30.06.23 13:57:43] [Level: info] transition: merging_tabdata
[Time: 30.06.23 13:57:44] [Level: info] state: merging_tabdata
MERGED TABDATA [[ 0.21480405  0.         -0.07070555 ...  0.         -0.04402005
   0.06845448]
 [ 0.00576595  0.05775236  0.17789665 ...  0.15862274 -0.07816938
  -0.18234601]
 [ 0.          0.          0.         ...  0.          0.
   0.        ]
 ...
 [ 0.          0.00612672  0.08707999 ...  0.00784367  0.07418136
   0.06222047]
 [-0.04425317  0.1149789   0.1670721  ...  0.16025859 -0.01115212
  -0.01360245]
 [ 0.04330902 -0.03496315  0.03918703 ...  0.00912081  0.00919226
   0.04630508]]
merged tabdata len 844
merged tabdata len[0] 26
[Time: 30.06.23 13:57:44] [Level: info] transition: global_pca
[Time: 30.06.23 13:57:45] [Level: info] state: global_pca
[Time: 30.06.23 13:57:45] [Level: info] transition: init_pca
[Time: 30.06.23 13:57:46] [Level: info] state: init_pca
[STARTUP] Copy configuration and create dir
/mnt/input/hospital_data_bredel_1.csv
TEST: ['/mnt/input/hospital_data_bredel_1 - Copy.csv', '/mnt/input/hospital_data_bredel_1.csv']
[Time: 30.06.23 13:57:46] [Level: info] transition: wait_for_params
[CTRL] GET /data
[Time: 30.06.23 13:57:47] [Level: info] state: wait_for_params
