2023-06-30 08:32:02,765 CRIT Supervisor is running as root.  Privileges were not dropped because no user is specified in the config file.  If you intend to run as root, you can set user=root in the config file to avoid this message.
2023-06-30 08:32:02,766 INFO supervisord started with pid 7
2023-06-30 08:32:03,768 INFO spawned: 'nginx' with pid 10
2023-06-30 08:32:03,771 INFO spawned: 'app' with pid 11
2023-06-30 08:32:04,794 INFO success: nginx entered RUNNING state, process has stayed up for > than 1 seconds (startsecs)
2023-06-30 08:32:04,795 INFO success: app entered RUNNING state, process has stayed up for > than 1 seconds (startsecs)
[CTRL] POST /setup
[Time: 30.06.23 08:32:06] [Level: info] id: 1bea2fff85b8e920
[Time: 30.06.23 08:32:06] [Level: info] coordinator: False
[Time: 30.06.23 08:32:06] [Level: info] clients: ['1bea2fff85b8e920', '11962f886137828b']
[Time: 30.06.23 08:32:06] [Level: info] state: initial
[CLIENT] Parsing parameter file...
[API] /setup parsing parameter file 
[API] /setup config file found ... parsing file: /mnt/input/config.yaml
YAML file does not follow specification: missing key: eigenvalues
Setting default: eigenvalues.tsv
YAML file does not follow specification: missing key: explained_variance
Setting default: eigenvalues.tsv
YAML file does not follow specification: missing key: output delimiter
Setting default: tab
[API] /setup config file found ... parsing done
[CLIENT] finished parsing parameter file.
[STARTUP] Instantiate SVD
[Time: 30.06.23 08:32:06] [Level: info] transition: init_pca
[Time: 30.06.23 08:32:07] [Level: info] state: init_pca
[STARTUP] Copy configuration and create dir
/mnt/input/hospital_data_bredel_1.csv
TEST: ['/mnt/input/hospital_data_bredel_1 - Copy.csv', '/mnt/input/hospital_data_bredel_1.csv']
RUNNING ON:  /mnt/input/hospital_data_bredel_1 - Copy.csv
number of omics:  2
[STARTUP] Configuration copied
Log Transform performed
/app/apps/svd/FC_Federated_PCA.py:97: RuntimeWarning: invalid value encountered in log2
  self.tabdata.scaled = np.log2(self.tabdata.scaled+1)
[Time: 30.06.23 08:32:07] [Level: info] transition: wait_for_params
[Time: 30.06.23 08:32:08] [Level: info] state: wait_for_params
[CTRL] GET /data
[CTRL] POST /data
setting parameters
[API] Setting parameters
['HEY1', 'HAMP', 'CLSTN3', 'AA029415', 'SLC15A2', 'H08563', 'MGP', 'SVIL', 'SORT1', 'H41096', 'C1orf63', 'AP4B1', 'TSPAN6', 'UBE4B', 'SNCG', 'ATP6V1C1', 'LOC388610', 'AI002301', 'LY96', 'CCDC3', 'MGC26694', 'IL32', 'MSTP9', 'SERPINI1', 'MDFI', 'TncRNA', 'STEAP3', 'NUAK1', 'BCAM', 'RPS3A', 'DMN', 'AA975768', 'C8orf4', 'MICAL2', 'PARP14', 'TSPYL1', 'FBXO32', 'CBX6', 'TMEM49', 'TCTEX1D1', 'DLL3', 'BCL2A1', 'ABCC3', 'PDLIM7', 'MAPKBP1', 'LILRA1', 'CD58', 'DDN', 'RBP7', 'PCP4', 'A2BP1', 'LOC541471', 'PSG1', 'PRKCB1', 'GADD45B', 'SPINT2', 'H20822', 'BNIP2', 'TLL2', 'HPCA', 'IFI30', 'INPP5F', 'FABP3', 'GYPA', 'ZNF160', 'KLRC1', 'KCNQ2', 'FAM84A', 'RAB20', 'PPP3CB', 'MVP', 'H86813', 'COL3A1', 'L1CAM', 'AA131320', 'AA598631', 'CAPG', 'R52960', 'PPP3CA', 'LOC146795', 'HLA.F', 'ZNF226', 'FGF13', 'PLP2', 'S100A10', 'RAB11FIP4', 'STK17A', 'CAP2', 'GBP2', 'NDUFB11', 'DES', 'SOCS3', 'ANXA1', 'DDIT4', 'PYGL', 'APCS', 'FAS', 'LOC57228', 'AA401952', 'MGC42367', 'LMO7', 'EXT1', 'KNS2', 'RBP4', 'TAP1', 'MOAP1', 'EFHB', 'SYT7', 'OSR1', 'MYBPC2', 'IGF2BP3', 'FLJ35740', 'DECR2', 'DNASE1L1', 'AEBP1', 'VASP', 'ESM1', 'MED11', 'VSNL1', 'NNMT', 'H91845', 'H10054', 'RFXAP', 'PYCR1', 'KIAA1644', 'PSD3', 'PDPN', 'GPSM2', 'HMOX1', 'RTN3', 'MASP1', 'T51726', 'CDC20B', 'NPTX1', 'NMNAT2', 'EDNRB', 'POSTN', 'AA490257', 'LAPTM5', 'COL1A2', 'IQSEC1', 'AI335002', 'AA281932', 'C16orf5', 'SP100', 'CA12', 'TFDP2', 'MGC18216', 'UBA52', 'AA669383', 'SOX4', 'HBXIP', 'PLAUR', 'ZNF419B', 'MDK', 'MAL2', 'LOC400451', 'WDR7', 'D21S2089E', 'RAB27B', 'DDEF1', 'ID3', 'KIAA1543', 'USP3', 'KLRC2', 'T97457', 'PALLD', 'PRKCZ', 'ITPKA', 'X38595', 'W93688', 'TMEM146', 'X37864', 'TCF7L1', 'MST150', 'ANXA5', 'NY.SAR.48', 'LOC283130', 'YWHAG', 'CASP1', 'DSCR1L1', 'TSPAN4', 'KCNJ1', 'RND3', 'FCGR2B', 'CSPG2', 'NR4A1', 'NLK', 'KLRC3', 'COX6A2', 'R61377', 'PRRX1', 'COL6A2', 'TNC', 'STMN1', 'AA424849', 'LTF', 'MYC', 'ADARB2', 'TIMP1', 'IMAGE.33267', 'PRSS1', 'SPAG6', 'KIAA0963', 'SLC16A3', 'CYBA', 'IGHG1', 'UGCG', 'NDST1', 'ID4', 'PTPRZ1', 'AI350724', 'CCR1', 'DCLRE1B', 'LOC283070', 'SRPX', 'EGLN2', 'CCL2', 'RALY', 'AA598555', 'AA181288', 'C1R', 'COL4A2', 'APOC1', 'H78560', 'EID.3', 'PHLDA1', 'PDXP', 'AA479357', 'HK2', 'GABBR1', 'ADCY1', 'SYNGR3', 'TXNDC', 'ZNF329', 'EDG1', 'LOC613212', 'WWTR1', 'ZNF233', 'CA11', 'AI357047', 'C9orf48', 'PDE4DIP', 'MSN', 'VAMP2', 'LYN', 'RUNX1', 'DPYD', 'COX7A1', 'ZNF549', 'LOC389831', 'CAMKK2', 'ADAM19', 'HNRNPG.T', 'NLGN1', 'PRKAR1B', 'FAM46A', 'DYNLT1', 'WASF1', 'ITGA9', 'HSPG2', 'COL9A2', 'CACNB3', 'PLTP', 'PEG3', 'LUM', 'NPC2', 'NSF', 'IGF1R', 'LGALS3', 'FLJ38984', 'CHI3L2', 'SBP1', 'CD53', 'SPARC', 'DEF6', 'ABCA5', 'ADM', 'H24428', 'FAM84B', 'CDKN2D', 'CAV1', 'SERPING1', 'SCAMP5', 'LAMA4', 'URP2', 'PPP1R14A', 'EDG3', 'HPRT1', 'OSBPL1A', 'DKFZp313A2432', 'DUS3L', 'AKR1C2', 'LSP1', 'AI822135', 'RAB30', 'AI263051', 'PNCK', 'LAMB1', 'USP6NL', 'HLA.DRB1', 'AI005038', 'T62491', 'MGC39606', 'MST1', 'APOC2', 'S100A1', 'PARD3', 'R70684', 'MB', 'CLTB', 'FZD7', 'PYHIN1', 'HLA.A', 'ZFHX1B', 'PRKCG', 'CHN1', 'L3MBTL4', 'COL1A1', 'S100A11', 'PDE2A', 'SAA2', 'PLA2G2A', 'SETD5', 'F13A1', 'FBL', 'AA906888', 'FCGRT', 'NPL', 'PRG1', 'GPNMB', 'FREQ', 'NCF2', 'SUV39H1', 'ARPP.19', 'IGSF3', 'R70506', 'PRSS3', 'BLVRB', 'TTC23', 'CACNB2', 'STXBP1', 'NOTCH1', 'CD44', 'NCF1', 'IGFBP3', 'EPHB1', 'EPB49', 'CEAL1', 'TIMP3', 'MRC2', 'PLOD2', 'TGFBI', 'PCDHGC3', 'AKR1C1', 'SLC35A2', 'C1orf187', 'SCN2B', 'GOT1', 'AA398420', 'CTHRC1', 'AI262682', 'HCLS1', 'SERPINA3', 'CDKN1A', 'KCNMA1', 'VEGF', 'ANK3', 'TOMM40', 'ASPA', 'DIP2C', 'ZNF217', 'CKMT1A', 'MYCBP2', 'ADFP', 'FN1', 'CAMK2A', 'PLAU', 'NEFH', 'IL1RAP', 'MMP2', 'C6orf12', 'MTHFD2', 'TNFRSF12A', 'N98591', 'TBC1D7', 'GYPC', 'AA489629', 'EMP3', 'ACAD8', 'SERPINH1', 'CLIC1', 'ITGA3', 'CBLN2', 'ITGA5', 'HLA.G', 'HBA1', 'SNRPN', 'FBXW7', 'LRBA', 'BGN', 'GBP1', 'RPS19BP1', 'CD47', 'IL21R', 'FBXL16', 'CLCA3', 'FBXO2', 'AI871056', 'IGFBP5', 'GAS1', 'CALM1', 'LHFPL2', 'AIF1', 'KCNK6', 'PSG5', 'STC1', 'YWHAH', 'C4A', 'RGS16', 'CYR61', 'TNFAIP3']
INDEX
[160, 304, 271, 199, 421, 69, 423, 2, 26, 383, 14, 44, 258, 60, 218, 105, 203, 350, 248, 8, 210, 247, 230, 347, 394, 409, 114, 307, 49, 183, 33, 236, 315, 408, 407, 95, 37, 150, 140, 10, 94, 343, 221, 253, 170, 47, 133, 336, 63, 379, 216, 79, 66, 339, 412, 314, 224, 410, 53, 384, 104, 322, 141, 11, 45, 118, 277, 382, 389, 78, 273, 181, 152, 296, 136, 377, 72, 342, 112, 195, 366, 24, 205, 89, 325, 282, 415, 319, 338, 61, 363, 85, 179, 293, 243, 287, 306, 137, 386, 40, 226, 0, 245, 292, 357, 169, 262, 405, 41, 67, 250, 201, 135, 308, 157, 12, 390, 406, 313, 128, 298, 401, 164, 220, 153, 106, 86, 50, 175, 75, 88, 371, 265, 422, 145, 111, 267, 234, 326, 158, 362, 215, 101, 155, 208, 110, 57, 35, 93, 270, 196, 23, 124, 31, 272, 333, 156, 126, 42, 151, 32, 356, 22, 256, 117, 92, 397, 200, 290, 257, 255, 55, 127, 132, 138, 192, 353, 414, 213, 252, 334, 330, 34, 174, 240, 148, 392, 348, 116, 59, 185, 327, 159, 165, 187, 391, 232, 264, 4, 82, 84, 368, 6, 280, 142, 355, 381, 346, 402, 171, 302, 367, 332, 28, 27, 380, 48, 274, 97, 354, 249, 189, 122, 51, 80, 20, 260, 168, 231, 291, 146, 303, 372, 396, 38, 25, 98, 190, 58, 352, 207, 109, 323, 68, 147, 395, 107, 223, 18, 29, 235, 295, 375, 43, 154, 212, 275, 387, 149, 331, 161, 197, 172, 318, 139, 378, 364, 281, 52, 113, 242, 87, 39, 283, 403, 254, 131, 144, 279, 96, 269, 399, 173, 182, 289, 285, 420, 321, 288, 294, 166, 21, 9, 211, 225, 239, 359, 125, 320, 15, 417, 301, 311, 3, 134, 178, 341, 5, 398, 238, 214, 411, 297, 217, 400, 416, 374, 222, 102, 90, 121, 369, 276, 91, 340, 413, 193, 300, 119, 418, 309, 345, 316, 163, 120, 64, 177, 317, 65, 62, 16, 206, 237, 305, 351, 115, 191, 393, 19, 123, 130, 268, 358, 229, 7, 299, 361, 404, 261, 83, 385, 194, 209, 198, 259, 228, 100, 349, 360, 81, 1, 233, 278, 73, 227, 202, 286, 184, 186, 328, 324, 335, 176, 71, 419, 129, 263, 180, 74, 13, 143, 99, 373, 337, 77, 329, 310, 244, 376, 46, 70, 246, 162, 103, 284, 188, 17, 312, 204, 219, 388, 251, 108, 365, 56, 36, 167, 344, 241, 76, 370, 266]
[Time: 30.06.23 08:32:10] [Level: info] transition: compute_std
[Time: 30.06.23 08:32:11] [Level: info] state: compute_std
[CTRL] GET /data
[CTRL] POST /data
(422, 1)
[Time: 30.06.23 08:32:13] [Level: info] transition: apply_scaling
[Time: 30.06.23 08:32:14] [Level: info] state: apply_scaling
[CTRL] GET /data
[CTRL] POST /data
[337 201 265 406 300  64 127 327 263  98 117 166  52 348 238  39 303   8
 101 272 335 191  63 209 225  74 332 216 368 184 213 329 268  75 111 253
 411 413  34 146 244 171 316  81 328 187 189 370 235 113 282 104 384  36
 157 274 261 160 309 138 283 108 371 307 185  89   4  22 162 395 415  28
 324  67 414  15 385 354 417 412  19 285 289  30 237 252 401  50 297 362
 140 369 418 389  27 206 230  56 242   7  95 381 205  62 266 419 340 353
 122 239 321 159 158 331  29 392 396 273 208 178  54 218 110 287  17 102
 342 334 278 280  45  70 387 167 153 249  82 245  37 257 227 172  44  57
   3 115 336  88  68 243 286 210 105  99 338  87  96  69 350 374 359 128
 355   5 196 251 255 308 393 228 341  47 339 202  92 319 312  11 347 170
 305 416  79 129 388   9 254 119 137 223   0 267 313  76 409 221 284 134
 109 190 379 217 363 135 311 271 220 291 346  97 306  60  23  32 148 143
 198 199 302 317 391 151  66 195  10 247 179 376 358 292  84 231   2 277
 177 200  20 256 116 333 383 399  85  72 233  91  86 299 372 192 360 181
  49 356 275 114 349 182 315 259   1 246 386 132 276 222 180 130 270  61
 124 397 211 262 149 375 204 215 144 126 219  31  77 398 168 344 183 258
 107  53  38 403 405  90 123 364 147 174 295 152 260 248 407 366 296 373
 402 322 330 288 290 241 400 131 351  93  42  13 142   6  33 118 161  94
 269  26  73 176 232 224 100 357 194 186  41 121 323 390 214  12 382 156
 164  78 175 165 188 169  48 141 139  21  71 106  55 145 410  18  16 112
  51 281 133  25 318 212  80 193  14 380 365 421 377 301 229 125  58 207
 367]
(array([201, 337]),)
CURRENT DATA:  [[ 1.3084452   0.73338753 -1.52131083 ...  0.24374797  0.70303784
   0.26870571]
 [ 0.         -0.14529103  0.         ... -0.6335629   0.
   0.5495044 ]
 [ 0.08880026  0.43256585  0.93451951 ...  0.8073514   0.53024717
   0.40568327]
 ...
 [ 0.56607022 -0.54591481 -1.04564423 ...  0.05787131  0.18594074
   1.4036181 ]
 [ 0.          0.          0.         ...  0.52519571 -0.61202011
  -0.04800904]
 [ 0.          0.         -0.07821736 ... -0.34003245  0.
   0.60156189]]
[Time: 30.06.23 08:32:16] [Level: info] transition: mfa_prerequisites
[Time: 30.06.23 08:32:17] [Level: info] state: mfa_prerequisites
Calling start_power_iteration
[Time: 30.06.23 08:32:17] [Level: info] transition: start_power_iteration
[Time: 30.06.23 08:32:18] [Level: info] state: start_power_iteration
[STARTUP] Computing covariance matrix
[STARTUP] Random initialisation
TABDATA SCALED
[[ 1.3084452   0.73338753 -1.52131083 ...  0.24374797  0.70303784
   0.26870571]
 [ 0.         -0.14529103  0.         ... -0.6335629   0.
   0.5495044 ]
 [ 0.08880026  0.43256585  0.93451951 ...  0.8073514   0.53024717
   0.40568327]
 ...
 [ 0.56607022 -0.54591481 -1.04564423 ...  0.05787131  0.18594074
   1.4036181 ]
 [ 0.          0.          0.         ...  0.52519571 -0.61202011
  -0.04800904]
 [ 0.          0.         -0.07821736 ... -0.34003245  0.
   0.60156189]]
[Time: 30.06.23 08:32:18] [Level: info] transition: compute_final_h_cov
[Time: 30.06.23 08:32:19] [Level: info] state: compute_final_h_cov
[CTRL] GET /data
[CTRL] POST /data
Setting k
starting eigenvector norms
17
[Time: 30.06.23 08:32:22] [Level: info] transition: compute_local_conorm
[Time: 30.06.23 08:32:23] [Level: info] state: compute_local_conorm
[CTRL] GET /data
[CTRL] POST /data
[Time: 30.06.23 08:32:25] [Level: info] transition: compute_local_norm
[Time: 30.06.23 08:32:26] [Level: info] state: compute_local_norm
[CTRL] GET /data
[CTRL] POST /data
starting orthogonalise_current
ending orthogonalise_current
starting eigenvector norms
17
[Time: 30.06.23 08:32:28] [Level: info] transition: compute_local_conorm
[Time: 30.06.23 08:32:29] [Level: info] state: compute_local_conorm
[CTRL] GET /data
[CTRL] POST /data
[Time: 30.06.23 08:32:31] [Level: info] transition: compute_local_norm
[Time: 30.06.23 08:32:32] [Level: info] state: compute_local_norm
[CTRL] GET /data
[CTRL] POST /data
starting orthogonalise_current
ending orthogonalise_current
starting eigenvector norms
17
[Time: 30.06.23 08:32:34] [Level: info] transition: compute_local_conorm
[Time: 30.06.23 08:32:35] [Level: info] state: compute_local_conorm
[CTRL] GET /data
[CTRL] POST /data
[Time: 30.06.23 08:32:37] [Level: info] transition: compute_local_norm
[Time: 30.06.23 08:32:38] [Level: info] state: compute_local_norm
[CTRL] GET /data
[CTRL] POST /data
starting orthogonalise_current
ending orthogonalise_current
starting eigenvector norms
17
[Time: 30.06.23 08:32:40] [Level: info] transition: compute_local_conorm
[Time: 30.06.23 08:32:41] [Level: info] state: compute_local_conorm
[CTRL] GET /data
[CTRL] POST /data
[Time: 30.06.23 08:32:43] [Level: info] transition: compute_local_norm
[Time: 30.06.23 08:32:44] [Level: info] state: compute_local_norm
[CTRL] GET /data
[CTRL] POST /data
starting orthogonalise_current
ending orthogonalise_current
starting eigenvector norms
17
[Time: 30.06.23 08:32:46] [Level: info] transition: compute_local_conorm
[Time: 30.06.23 08:32:47] [Level: info] state: compute_local_conorm
[CTRL] GET /data
[CTRL] POST /data
[Time: 30.06.23 08:32:49] [Level: info] transition: compute_local_norm
[Time: 30.06.23 08:32:50] [Level: info] state: compute_local_norm
[CTRL] GET /data
[CTRL] POST /data
starting orthogonalise_current
ending orthogonalise_current
starting eigenvector norms
17
[Time: 30.06.23 08:32:52] [Level: info] transition: compute_local_conorm
[Time: 30.06.23 08:32:53] [Level: info] state: compute_local_conorm
[CTRL] GET /data
[CTRL] POST /data
[Time: 30.06.23 08:32:55] [Level: info] transition: compute_local_norm
[Time: 30.06.23 08:32:56] [Level: info] state: compute_local_norm
[CTRL] GET /data
[CTRL] POST /data
starting orthogonalise_current
ending orthogonalise_current
starting eigenvector norms
17
[Time: 30.06.23 08:32:58] [Level: info] transition: compute_local_conorm
[Time: 30.06.23 08:32:59] [Level: info] state: compute_local_conorm
[CTRL] GET /data
[CTRL] POST /data
[Time: 30.06.23 08:33:01] [Level: info] transition: compute_local_norm
[Time: 30.06.23 08:33:02] [Level: info] state: compute_local_norm
[CTRL] GET /data
[CTRL] POST /data
starting orthogonalise_current
ending orthogonalise_current
starting eigenvector norms
17
[Time: 30.06.23 08:33:04] [Level: info] transition: compute_local_conorm
[Time: 30.06.23 08:33:05] [Level: info] state: compute_local_conorm
[CTRL] GET /data
[CTRL] POST /data
[Time: 30.06.23 08:33:07] [Level: info] transition: compute_local_norm
[Time: 30.06.23 08:33:08] [Level: info] state: compute_local_norm
[CTRL] GET /data
[CTRL] POST /data
starting orthogonalise_current
ending orthogonalise_current
starting eigenvector norms
17
[Time: 30.06.23 08:33:10] [Level: info] transition: compute_local_conorm
[Time: 30.06.23 08:33:11] [Level: info] state: compute_local_conorm
[CTRL] GET /data
[CTRL] POST /data
[Time: 30.06.23 08:33:13] [Level: info] transition: compute_local_norm
[Time: 30.06.23 08:33:14] [Level: info] state: compute_local_norm
[CTRL] GET /data
[CTRL] POST /data
starting orthogonalise_current
ending orthogonalise_current
starting eigenvector norms
17
[Time: 30.06.23 08:33:16] [Level: info] transition: compute_local_conorm
[Time: 30.06.23 08:33:17] [Level: info] state: compute_local_conorm
[CTRL] GET /data
[CTRL] POST /data
[Time: 30.06.23 08:33:19] [Level: info] transition: compute_local_norm
[Time: 30.06.23 08:33:20] [Level: info] state: compute_local_norm
[CTRL] GET /data
[CTRL] POST /data
starting orthogonalise_current
ending orthogonalise_current
starting eigenvector norms
17
[Time: 30.06.23 08:33:22] [Level: info] transition: compute_local_conorm
[Time: 30.06.23 08:33:23] [Level: info] state: compute_local_conorm
[CTRL] GET /data
[CTRL] POST /data
[Time: 30.06.23 08:33:25] [Level: info] transition: compute_local_norm
[Time: 30.06.23 08:33:26] [Level: info] state: compute_local_norm
[CTRL] GET /data
[CTRL] POST /data
starting orthogonalise_current
ending orthogonalise_current
starting eigenvector norms
17
[Time: 30.06.23 08:33:29] [Level: info] transition: compute_local_conorm
[Time: 30.06.23 08:33:30] [Level: info] state: compute_local_conorm
[CTRL] GET /data
[CTRL] POST /data
[Time: 30.06.23 08:33:32] [Level: info] transition: compute_local_norm
[Time: 30.06.23 08:33:33] [Level: info] state: compute_local_norm
[CTRL] GET /data
[CTRL] POST /data
starting orthogonalise_current
ending orthogonalise_current
starting eigenvector norms
17
[Time: 30.06.23 08:33:35] [Level: info] transition: compute_local_conorm
[Time: 30.06.23 08:33:36] [Level: info] state: compute_local_conorm
[CTRL] GET /data
[CTRL] POST /data
[Time: 30.06.23 08:33:38] [Level: info] transition: compute_local_norm
[Time: 30.06.23 08:33:39] [Level: info] state: compute_local_norm
[CTRL] GET /data
[CTRL] POST /data
starting orthogonalise_current
ending orthogonalise_current
starting eigenvector norms
17
[Time: 30.06.23 08:33:41] [Level: info] transition: compute_local_conorm
[Time: 30.06.23 08:33:42] [Level: info] state: compute_local_conorm
[CTRL] GET /data
[CTRL] POST /data
[Time: 30.06.23 08:33:44] [Level: info] transition: compute_local_norm
[Time: 30.06.23 08:33:45] [Level: info] state: compute_local_norm
[CTRL] GET /data
[CTRL] POST /data
starting orthogonalise_current
ending orthogonalise_current
starting eigenvector norms
17
[Time: 30.06.23 08:33:47] [Level: info] transition: compute_local_conorm
[Time: 30.06.23 08:33:48] [Level: info] state: compute_local_conorm
[CTRL] GET /data
[CTRL] POST /data
[Time: 30.06.23 08:33:50] [Level: info] transition: compute_local_norm
[Time: 30.06.23 08:33:51] [Level: info] state: compute_local_norm
[CTRL] GET /data
[CTRL] POST /data
starting orthogonalise_current
ending orthogonalise_current
starting eigenvector norms
17
[Time: 30.06.23 08:33:53] [Level: info] transition: compute_local_conorm
[Time: 30.06.23 08:33:54] [Level: info] state: compute_local_conorm
[CTRL] GET /data
[CTRL] POST /data
[Time: 30.06.23 08:33:56] [Level: info] transition: compute_local_norm
[Time: 30.06.23 08:33:57] [Level: info] state: compute_local_norm
[CTRL] GET /data
[CTRL] POST /data
starting orthogonalise_current
ending orthogonalise_current
starting eigenvector norms
17
[Time: 30.06.23 08:33:59] [Level: info] transition: normalize_g
[Time: 30.06.23 08:34:00] [Level: info] state: normalize_g
[CTRL] GET /data
[CTRL] POST /data
Normalising
(26, 17)
17
End normalising
(26, 17)
(17, 17)
(17,)
(26, 17)
[Time: 30.06.23 08:34:02] [Level: info] transition: separate_pca
[Time: 30.06.23 08:34:03] [Level: info] state: separate_pca
TEST:  []
EIGEN_VALUES [array([-0.37722576, -0.38495633, -0.39296031,  0.37688953, -2.19062775,
        0.14190428,  0.60124969,  0.7031204 ,  1.00073172, -2.42176078,
        0.02638511,  0.83532112,  0.63787321, -0.51997893, -1.73041634,
        0.02000224,  0.74546857,  1.89867503,  0.13090352, -1.06799959,
        0.58551149, -0.73540819,  0.43664612, -0.18633663, -1.75756463,
        1.03298631])]
DATA:  None
[Time: 30.06.23 08:34:03] [Level: info] transition: init_pca
[Time: 30.06.23 08:34:04] [Level: info] state: init_pca
[STARTUP] Copy configuration and create dir
/mnt/input/hospital_data_bredel_1.csv
TEST: ['/mnt/input/hospital_data_bredel_1 - Copy.csv', '/mnt/input/hospital_data_bredel_1.csv']
RUNNING ON:  /mnt/input/hospital_data_bredel_1.csv
number of omics:  2
[STARTUP] Configuration copied
Log Transform performed
/app/apps/svd/FC_Federated_PCA.py:97: RuntimeWarning: invalid value encountered in log2
  self.tabdata.scaled = np.log2(self.tabdata.scaled+1)
[Time: 30.06.23 08:34:04] [Level: info] transition: wait_for_params
[CTRL] GET /data
[Time: 30.06.23 08:34:05] [Level: info] state: wait_for_params
[CTRL] POST /data
setting parameters
[API] Setting parameters
['HEY1', 'HAMP', 'CLSTN3', 'AA029415', 'SLC15A2', 'H08563', 'MGP', 'SVIL', 'SORT1', 'H41096', 'C1orf63', 'AP4B1', 'TSPAN6', 'UBE4B', 'SNCG', 'ATP6V1C1', 'LOC388610', 'AI002301', 'LY96', 'CCDC3', 'MGC26694', 'IL32', 'MSTP9', 'SERPINI1', 'MDFI', 'TncRNA', 'STEAP3', 'NUAK1', 'BCAM', 'RPS3A', 'DMN', 'AA975768', 'C8orf4', 'MICAL2', 'PARP14', 'TSPYL1', 'FBXO32', 'CBX6', 'TMEM49', 'TCTEX1D1', 'DLL3', 'BCL2A1', 'ABCC3', 'PDLIM7', 'MAPKBP1', 'LILRA1', 'CD58', 'DDN', 'RBP7', 'PCP4', 'A2BP1', 'LOC541471', 'PSG1', 'PRKCB1', 'GADD45B', 'SPINT2', 'H20822', 'BNIP2', 'TLL2', 'HPCA', 'IFI30', 'INPP5F', 'FABP3', 'GYPA', 'ZNF160', 'KLRC1', 'KCNQ2', 'FAM84A', 'RAB20', 'PPP3CB', 'MVP', 'H86813', 'COL3A1', 'L1CAM', 'AA131320', 'AA598631', 'CAPG', 'R52960', 'PPP3CA', 'LOC146795', 'HLA.F', 'ZNF226', 'FGF13', 'PLP2', 'S100A10', 'RAB11FIP4', 'STK17A', 'CAP2', 'GBP2', 'NDUFB11', 'DES', 'SOCS3', 'ANXA1', 'DDIT4', 'PYGL', 'APCS', 'FAS', 'LOC57228', 'AA401952', 'MGC42367', 'LMO7', 'EXT1', 'KNS2', 'RBP4', 'TAP1', 'MOAP1', 'EFHB', 'SYT7', 'OSR1', 'MYBPC2', 'IGF2BP3', 'FLJ35740', 'DECR2', 'DNASE1L1', 'AEBP1', 'VASP', 'ESM1', 'MED11', 'VSNL1', 'NNMT', 'H91845', 'H10054', 'RFXAP', 'PYCR1', 'KIAA1644', 'PSD3', 'PDPN', 'GPSM2', 'HMOX1', 'RTN3', 'MASP1', 'T51726', 'CDC20B', 'NPTX1', 'NMNAT2', 'EDNRB', 'POSTN', 'AA490257', 'LAPTM5', 'COL1A2', 'IQSEC1', 'AI335002', 'AA281932', 'C16orf5', 'SP100', 'CA12', 'TFDP2', 'MGC18216', 'UBA52', 'AA669383', 'SOX4', 'HBXIP', 'PLAUR', 'ZNF419B', 'MDK', 'MAL2', 'LOC400451', 'WDR7', 'D21S2089E', 'RAB27B', 'DDEF1', 'ID3', 'KIAA1543', 'USP3', 'KLRC2', 'T97457', 'PALLD', 'PRKCZ', 'ITPKA', 'X38595', 'W93688', 'TMEM146', 'X37864', 'TCF7L1', 'MST150', 'ANXA5', 'NY.SAR.48', 'LOC283130', 'YWHAG', 'CASP1', 'DSCR1L1', 'TSPAN4', 'KCNJ1', 'RND3', 'FCGR2B', 'CSPG2', 'NR4A1', 'NLK', 'KLRC3', 'COX6A2', 'R61377', 'PRRX1', 'COL6A2', 'TNC', 'STMN1', 'AA424849', 'LTF', 'MYC', 'ADARB2', 'TIMP1', 'IMAGE.33267', 'PRSS1', 'SPAG6', 'KIAA0963', 'SLC16A3', 'CYBA', 'IGHG1', 'UGCG', 'NDST1', 'ID4', 'PTPRZ1', 'AI350724', 'CCR1', 'DCLRE1B', 'LOC283070', 'SRPX', 'EGLN2', 'CCL2', 'RALY', 'AA598555', 'AA181288', 'C1R', 'COL4A2', 'APOC1', 'H78560', 'EID.3', 'PHLDA1', 'PDXP', 'AA479357', 'HK2', 'GABBR1', 'ADCY1', 'SYNGR3', 'TXNDC', 'ZNF329', 'EDG1', 'LOC613212', 'WWTR1', 'ZNF233', 'CA11', 'AI357047', 'C9orf48', 'PDE4DIP', 'MSN', 'VAMP2', 'LYN', 'RUNX1', 'DPYD', 'COX7A1', 'ZNF549', 'LOC389831', 'CAMKK2', 'ADAM19', 'HNRNPG.T', 'NLGN1', 'PRKAR1B', 'FAM46A', 'DYNLT1', 'WASF1', 'ITGA9', 'HSPG2', 'COL9A2', 'CACNB3', 'PLTP', 'PEG3', 'LUM', 'NPC2', 'NSF', 'IGF1R', 'LGALS3', 'FLJ38984', 'CHI3L2', 'SBP1', 'CD53', 'SPARC', 'DEF6', 'ABCA5', 'ADM', 'H24428', 'FAM84B', 'CDKN2D', 'CAV1', 'SERPING1', 'SCAMP5', 'LAMA4', 'URP2', 'PPP1R14A', 'EDG3', 'HPRT1', 'OSBPL1A', 'DKFZp313A2432', 'DUS3L', 'AKR1C2', 'LSP1', 'AI822135', 'RAB30', 'AI263051', 'PNCK', 'LAMB1', 'USP6NL', 'HLA.DRB1', 'AI005038', 'T62491', 'MGC39606', 'MST1', 'APOC2', 'S100A1', 'PARD3', 'R70684', 'MB', 'CLTB', 'FZD7', 'PYHIN1', 'HLA.A', 'ZFHX1B', 'PRKCG', 'CHN1', 'L3MBTL4', 'COL1A1', 'S100A11', 'PDE2A', 'SAA2', 'PLA2G2A', 'SETD5', 'F13A1', 'FBL', 'AA906888', 'FCGRT', 'NPL', 'PRG1', 'GPNMB', 'FREQ', 'NCF2', 'SUV39H1', 'ARPP.19', 'IGSF3', 'R70506', 'PRSS3', 'BLVRB', 'TTC23', 'CACNB2', 'STXBP1', 'NOTCH1', 'CD44', 'NCF1', 'IGFBP3', 'EPHB1', 'EPB49', 'CEAL1', 'TIMP3', 'MRC2', 'PLOD2', 'TGFBI', 'PCDHGC3', 'AKR1C1', 'SLC35A2', 'C1orf187', 'SCN2B', 'GOT1', 'AA398420', 'CTHRC1', 'AI262682', 'HCLS1', 'SERPINA3', 'CDKN1A', 'KCNMA1', 'VEGF', 'ANK3', 'TOMM40', 'ASPA', 'DIP2C', 'ZNF217', 'CKMT1A', 'MYCBP2', 'ADFP', 'FN1', 'CAMK2A', 'PLAU', 'NEFH', 'IL1RAP', 'MMP2', 'C6orf12', 'MTHFD2', 'TNFRSF12A', 'N98591', 'TBC1D7', 'GYPC', 'AA489629', 'EMP3', 'ACAD8', 'SERPINH1', 'CLIC1', 'ITGA3', 'CBLN2', 'ITGA5', 'HLA.G', 'HBA1', 'SNRPN', 'FBXW7', 'LRBA', 'BGN', 'GBP1', 'RPS19BP1', 'CD47', 'IL21R', 'FBXL16', 'CLCA3', 'FBXO2', 'AI871056', 'IGFBP5', 'GAS1', 'CALM1', 'LHFPL2', 'AIF1', 'KCNK6', 'PSG5', 'STC1', 'YWHAH', 'C4A', 'RGS16', 'CYR61', 'TNFAIP3']
INDEX
[160, 304, 271, 199, 421, 69, 423, 2, 26, 383, 14, 44, 258, 60, 218, 105, 203, 350, 248, 8, 210, 247, 230, 347, 394, 409, 114, 307, 49, 183, 33, 236, 315, 408, 407, 95, 37, 150, 140, 10, 94, 343, 221, 253, 170, 47, 133, 336, 63, 379, 216, 79, 66, 339, 412, 314, 224, 410, 53, 384, 104, 322, 141, 11, 45, 118, 277, 382, 389, 78, 273, 181, 152, 296, 136, 377, 72, 342, 112, 195, 366, 24, 205, 89, 325, 282, 415, 319, 338, 61, 363, 85, 179, 293, 243, 287, 306, 137, 386, 40, 226, 0, 245, 292, 357, 169, 262, 405, 41, 67, 250, 201, 135, 308, 157, 12, 390, 406, 313, 128, 298, 401, 164, 220, 153, 106, 86, 50, 175, 75, 88, 371, 265, 422, 145, 111, 267, 234, 326, 158, 362, 215, 101, 155, 208, 110, 57, 35, 93, 270, 196, 23, 124, 31, 272, 333, 156, 126, 42, 151, 32, 356, 22, 256, 117, 92, 397, 200, 290, 257, 255, 55, 127, 132, 138, 192, 353, 414, 213, 252, 334, 330, 34, 174, 240, 148, 392, 348, 116, 59, 185, 327, 159, 165, 187, 391, 232, 264, 4, 82, 84, 368, 6, 280, 142, 355, 381, 346, 402, 171, 302, 367, 332, 28, 27, 380, 48, 274, 97, 354, 249, 189, 122, 51, 80, 20, 260, 168, 231, 291, 146, 303, 372, 396, 38, 25, 98, 190, 58, 352, 207, 109, 323, 68, 147, 395, 107, 223, 18, 29, 235, 295, 375, 43, 154, 212, 275, 387, 149, 331, 161, 197, 172, 318, 139, 378, 364, 281, 52, 113, 242, 87, 39, 283, 403, 254, 131, 144, 279, 96, 269, 399, 173, 182, 289, 285, 420, 321, 288, 294, 166, 21, 9, 211, 225, 239, 359, 125, 320, 15, 417, 301, 311, 3, 134, 178, 341, 5, 398, 238, 214, 411, 297, 217, 400, 416, 374, 222, 102, 90, 121, 369, 276, 91, 340, 413, 193, 300, 119, 418, 309, 345, 316, 163, 120, 64, 177, 317, 65, 62, 16, 206, 237, 305, 351, 115, 191, 393, 19, 123, 130, 268, 358, 229, 7, 299, 361, 404, 261, 83, 385, 194, 209, 198, 259, 228, 100, 349, 360, 81, 1, 233, 278, 73, 227, 202, 286, 184, 186, 328, 324, 335, 176, 71, 419, 129, 263, 180, 74, 13, 143, 99, 373, 337, 77, 329, 310, 244, 376, 46, 70, 246, 162, 103, 284, 188, 17, 312, 204, 219, 388, 251, 108, 365, 56, 36, 167, 344, 241, 76, 370, 266]
[Time: 30.06.23 08:34:08] [Level: info] transition: compute_std
[Time: 30.06.23 08:34:09] [Level: info] state: compute_std
[CTRL] GET /data
[CTRL] POST /data
(422, 1)
[Time: 30.06.23 08:34:11] [Level: info] transition: apply_scaling
[Time: 30.06.23 08:34:12] [Level: info] state: apply_scaling
[CTRL] GET /data
[CTRL] POST /data
[337 201 265 406 300  64 127 327 263  98 117 166  52 348 238  39 303   8
 101 272 335 191  63 209 225  74 332 216 368 184 213 329 268  75 111 253
 411 413  34 146 244 171 316  81 328 187 189 370 235 113 282 104 384  36
 157 274 261 160 309 138 283 108 371 307 185  89   4  22 162 395 415  28
 324  67 414  15 385 354 417 412  19 285 289  30 237 252 401  50 297 362
 140 369 418 389  27 206 230  56 242   7  95 381 205  62 266 419 340 353
 122 239 321 159 158 331  29 392 396 273 208 178  54 218 110 287  17 102
 342 334 278 280  45  70 387 167 153 249  82 245  37 257 227 172  44  57
   3 115 336  88  68 243 286 210 105  99 338  87  96  69 350 374 359 128
 355   5 196 251 255 308 393 228 341  47 339 202  92 319 312  11 347 170
 305 416  79 129 388   9 254 119 137 223   0 267 313  76 409 221 284 134
 109 190 379 217 363 135 311 271 220 291 346  97 306  60  23  32 148 143
 198 199 302 317 391 151  66 195  10 247 179 376 358 292  84 231   2 277
 177 200  20 256 116 333 383 399  85  72 233  91  86 299 372 192 360 181
  49 356 275 114 349 182 315 259   1 246 386 132 276 222 180 130 270  61
 124 397 211 262 149 375 204 215 144 126 219  31  77 398 168 344 183 258
 107  53  38 403 405  90 123 364 147 174 295 152 260 248 407 366 296 373
 402 322 330 288 290 241 400 131 351  93  42  13 142   6  33 118 161  94
 269  26  73 176 232 224 100 357 194 186  41 121 323 390 214  12 382 156
 164  78 175 165 188 169  48 141 139  21  71 106  55 145 410  18  16 112
  51 281 133  25 318 212  80 193  14 380 365 421 377 301 229 125  58 207
 367]
(array([201, 337]),)
CURRENT DATA:  [[ 1.3084452   0.73338753 -1.52131083 ...  0.24374797  0.70303784
   0.26870571]
 [ 0.         -0.14529103  0.         ... -0.6335629   0.
   0.5495044 ]
 [ 0.08880026  0.43256585  0.93451951 ...  0.8073514   0.53024717
   0.40568327]
 ...
 [ 0.56607022 -0.54591481 -1.04564423 ...  0.05787131  0.18594074
   1.4036181 ]
 [ 0.          0.          0.         ...  0.52519571 -0.61202011
  -0.04800904]
 [ 0.          0.         -0.07821736 ... -0.34003245  0.
   0.60156189]]
[Time: 30.06.23 08:34:14] [Level: info] transition: mfa_prerequisites
[Time: 30.06.23 08:34:15] [Level: info] state: mfa_prerequisites
Calling start_power_iteration
[Time: 30.06.23 08:34:15] [Level: info] transition: start_power_iteration
[Time: 30.06.23 08:34:16] [Level: info] state: start_power_iteration
[STARTUP] Computing covariance matrix
[STARTUP] Random initialisation
TABDATA SCALED
[[ 1.3084452   0.73338753 -1.52131083 ...  0.24374797  0.70303784
   0.26870571]
 [ 0.         -0.14529103  0.         ... -0.6335629   0.
   0.5495044 ]
 [ 0.08880026  0.43256585  0.93451951 ...  0.8073514   0.53024717
   0.40568327]
 ...
 [ 0.56607022 -0.54591481 -1.04564423 ...  0.05787131  0.18594074
   1.4036181 ]
 [ 0.          0.          0.         ...  0.52519571 -0.61202011
  -0.04800904]
 [ 0.          0.         -0.07821736 ... -0.34003245  0.
   0.60156189]]
[Time: 30.06.23 08:34:16] [Level: info] transition: compute_final_h_cov
[CTRL] GET /data
[Time: 30.06.23 08:34:17] [Level: info] state: compute_final_h_cov
[CTRL] POST /data
Setting k
starting eigenvector norms
17
[Time: 30.06.23 08:34:20] [Level: info] transition: compute_local_conorm
[Time: 30.06.23 08:34:21] [Level: info] state: compute_local_conorm
[CTRL] GET /data
[CTRL] POST /data
[Time: 30.06.23 08:34:23] [Level: info] transition: compute_local_norm
[Time: 30.06.23 08:34:24] [Level: info] state: compute_local_norm
[CTRL] GET /data
[CTRL] POST /data
starting orthogonalise_current
ending orthogonalise_current
starting eigenvector norms
17
[Time: 30.06.23 08:34:26] [Level: info] transition: compute_local_conorm
[Time: 30.06.23 08:34:27] [Level: info] state: compute_local_conorm
[CTRL] GET /data
[CTRL] POST /data
[Time: 30.06.23 08:34:29] [Level: info] transition: compute_local_norm
[Time: 30.06.23 08:34:30] [Level: info] state: compute_local_norm
[CTRL] GET /data
[CTRL] POST /data
starting orthogonalise_current
ending orthogonalise_current
starting eigenvector norms
17
[Time: 30.06.23 08:34:32] [Level: info] transition: compute_local_conorm
[Time: 30.06.23 08:34:33] [Level: info] state: compute_local_conorm
[CTRL] GET /data
[CTRL] POST /data
[Time: 30.06.23 08:34:35] [Level: info] transition: compute_local_norm
[Time: 30.06.23 08:34:36] [Level: info] state: compute_local_norm
[CTRL] GET /data
[CTRL] POST /data
starting orthogonalise_current
ending orthogonalise_current
starting eigenvector norms
17
[Time: 30.06.23 08:34:38] [Level: info] transition: compute_local_conorm
[Time: 30.06.23 08:34:39] [Level: info] state: compute_local_conorm
[CTRL] GET /data
[CTRL] POST /data
[Time: 30.06.23 08:34:41] [Level: info] transition: compute_local_norm
[Time: 30.06.23 08:34:42] [Level: info] state: compute_local_norm
[CTRL] GET /data
[CTRL] POST /data
starting orthogonalise_current
ending orthogonalise_current
starting eigenvector norms
17
[Time: 30.06.23 08:34:44] [Level: info] transition: compute_local_conorm
[Time: 30.06.23 08:34:45] [Level: info] state: compute_local_conorm
[CTRL] GET /data
[CTRL] POST /data
[Time: 30.06.23 08:34:47] [Level: info] transition: compute_local_norm
[Time: 30.06.23 08:34:48] [Level: info] state: compute_local_norm
[CTRL] GET /data
[CTRL] POST /data
starting orthogonalise_current
ending orthogonalise_current
starting eigenvector norms
17
[Time: 30.06.23 08:34:50] [Level: info] transition: compute_local_conorm
[Time: 30.06.23 08:34:51] [Level: info] state: compute_local_conorm
[CTRL] GET /data
[CTRL] POST /data
[Time: 30.06.23 08:34:53] [Level: info] transition: compute_local_norm
[Time: 30.06.23 08:34:54] [Level: info] state: compute_local_norm
[CTRL] GET /data
[CTRL] POST /data
starting orthogonalise_current
ending orthogonalise_current
starting eigenvector norms
17
[Time: 30.06.23 08:34:56] [Level: info] transition: compute_local_conorm
[Time: 30.06.23 08:34:57] [Level: info] state: compute_local_conorm
[CTRL] GET /data
[CTRL] POST /data
[Time: 30.06.23 08:34:59] [Level: info] transition: compute_local_norm
[Time: 30.06.23 08:35:00] [Level: info] state: compute_local_norm
[CTRL] GET /data
[CTRL] POST /data
starting orthogonalise_current
ending orthogonalise_current
starting eigenvector norms
17
[Time: 30.06.23 08:35:02] [Level: info] transition: compute_local_conorm
[Time: 30.06.23 08:35:03] [Level: info] state: compute_local_conorm
[CTRL] GET /data
[CTRL] POST /data
[Time: 30.06.23 08:35:05] [Level: info] transition: compute_local_norm
[Time: 30.06.23 08:35:06] [Level: info] state: compute_local_norm
[CTRL] GET /data
[CTRL] POST /data
starting orthogonalise_current
ending orthogonalise_current
starting eigenvector norms
17
[Time: 30.06.23 08:35:08] [Level: info] transition: compute_local_conorm
[Time: 30.06.23 08:35:09] [Level: info] state: compute_local_conorm
[CTRL] GET /data
[CTRL] POST /data
[Time: 30.06.23 08:35:11] [Level: info] transition: compute_local_norm
[Time: 30.06.23 08:35:12] [Level: info] state: compute_local_norm
[CTRL] GET /data
[CTRL] POST /data
starting orthogonalise_current
ending orthogonalise_current
starting eigenvector norms
17
[Time: 30.06.23 08:35:14] [Level: info] transition: compute_local_conorm
[Time: 30.06.23 08:35:15] [Level: info] state: compute_local_conorm
[CTRL] GET /data
[CTRL] POST /data
[Time: 30.06.23 08:35:17] [Level: info] transition: compute_local_norm
[Time: 30.06.23 08:35:18] [Level: info] state: compute_local_norm
[CTRL] GET /data
[CTRL] POST /data
starting orthogonalise_current
ending orthogonalise_current
starting eigenvector norms
17
[Time: 30.06.23 08:35:20] [Level: info] transition: compute_local_conorm
[Time: 30.06.23 08:35:21] [Level: info] state: compute_local_conorm
[CTRL] GET /data
[CTRL] POST /data
[Time: 30.06.23 08:35:23] [Level: info] transition: compute_local_norm
[Time: 30.06.23 08:35:24] [Level: info] state: compute_local_norm
[CTRL] GET /data
[CTRL] POST /data
starting orthogonalise_current
ending orthogonalise_current
starting eigenvector norms
17
[Time: 30.06.23 08:35:26] [Level: info] transition: compute_local_conorm
[Time: 30.06.23 08:35:27] [Level: info] state: compute_local_conorm
[CTRL] GET /data
[CTRL] POST /data
[Time: 30.06.23 08:35:29] [Level: info] transition: compute_local_norm
[Time: 30.06.23 08:35:30] [Level: info] state: compute_local_norm
[CTRL] GET /data
[CTRL] POST /data
starting orthogonalise_current
ending orthogonalise_current
starting eigenvector norms
17
[Time: 30.06.23 08:35:32] [Level: info] transition: compute_local_conorm
[Time: 30.06.23 08:35:33] [Level: info] state: compute_local_conorm
[CTRL] GET /data
[CTRL] POST /data
[Time: 30.06.23 08:35:35] [Level: info] transition: compute_local_norm
[Time: 30.06.23 08:35:36] [Level: info] state: compute_local_norm
[CTRL] GET /data
[CTRL] POST /data
starting orthogonalise_current
ending orthogonalise_current
starting eigenvector norms
17
[Time: 30.06.23 08:35:38] [Level: info] transition: compute_local_conorm
[Time: 30.06.23 08:35:39] [Level: info] state: compute_local_conorm
[CTRL] GET /data
[CTRL] POST /data
[Time: 30.06.23 08:35:41] [Level: info] transition: compute_local_norm
[Time: 30.06.23 08:35:42] [Level: info] state: compute_local_norm
[CTRL] GET /data
[CTRL] POST /data
starting orthogonalise_current
ending orthogonalise_current
starting eigenvector norms
17
[Time: 30.06.23 08:35:44] [Level: info] transition: compute_local_conorm
[Time: 30.06.23 08:35:45] [Level: info] state: compute_local_conorm
[CTRL] GET /data
[CTRL] POST /data
[Time: 30.06.23 08:35:47] [Level: info] transition: compute_local_norm
[Time: 30.06.23 08:35:48] [Level: info] state: compute_local_norm
[CTRL] GET /data
[CTRL] POST /data
starting orthogonalise_current
ending orthogonalise_current
starting eigenvector norms
17
[Time: 30.06.23 08:35:50] [Level: info] transition: compute_local_conorm
[Time: 30.06.23 08:35:51] [Level: info] state: compute_local_conorm
[CTRL] GET /data
[CTRL] POST /data
[Time: 30.06.23 08:35:53] [Level: info] transition: compute_local_norm
[Time: 30.06.23 08:35:54] [Level: info] state: compute_local_norm
[CTRL] GET /data
[CTRL] POST /data
starting orthogonalise_current
ending orthogonalise_current
starting eigenvector norms
17
[Time: 30.06.23 08:35:56] [Level: info] transition: normalize_g
[Time: 30.06.23 08:35:57] [Level: info] state: normalize_g
[CTRL] GET /data
[CTRL] POST /data
Normalising
(26, 17)
17
End normalising
(26, 17)
(17, 17)
(17,)
(26, 17)
[Time: 30.06.23 08:35:59] [Level: info] transition: separate_pca
[Time: 30.06.23 08:36:00] [Level: info] state: separate_pca
TEST:  [array([[ 1.3084452 ,  0.73338753, -1.52131083, ...,  0.24374797,
         0.70303784,  0.26870571],
       [ 0.        , -0.14529103,  0.        , ..., -0.6335629 ,
         0.        ,  0.5495044 ],
       [ 0.08880026,  0.43256585,  0.93451951, ...,  0.8073514 ,
         0.53024717,  0.40568327],
       ...,
       [ 0.56607022, -0.54591481, -1.04564423, ...,  0.05787131,
         0.18594074,  1.4036181 ],
       [ 0.        ,  0.        ,  0.        , ...,  0.52519571,
        -0.61202011, -0.04800904],
       [ 0.        ,  0.        , -0.07821736, ..., -0.34003245,
         0.        ,  0.60156189]])]
EIGEN_VALUES [array([-0.37722576, -0.38495633, -0.39296031,  0.37688953, -2.19062775,
        0.14190428,  0.60124969,  0.7031204 ,  1.00073172, -2.42176078,
        0.02638511,  0.83532112,  0.63787321, -0.51997893, -1.73041634,
        0.02000224,  0.74546857,  1.89867503,  0.13090352, -1.06799959,
        0.58551149, -0.73540819,  0.43664612, -0.18633663, -1.75756463,
        1.03298631]), array([ 0.31405136,  0.28683348,  0.18450571,  0.74199009,  0.42890058,
        0.6314521 ,  1.00226324,  0.61562999,  1.0351311 ,  0.25155365,
        0.55496617, -0.0389569 ,  0.34044654, -0.97676863,  0.84382557,
        0.18269046,  0.01370082,  0.04146509, -0.09470587,  0.8080852 ,
       -0.21673347,  0.24059135, -0.80152601, -0.00396494, -0.42139565,
        0.98943215])]
DATA:  None
Starting factor analysis
[Time: 30.06.23 08:36:00] [Level: info] transition: factor_analysis
[Time: 30.06.23 08:36:01] [Level: info] state: factor_analysis
Starting MFA final
[Time: 30.06.23 08:36:01] [Level: info] transition: mfa_final
[Time: 30.06.23 08:36:02] [Level: info] state: mfa_final
Starting save results
[Time: 30.06.23 08:36:02] [Level: info] transition: save_results
[Time: 30.06.23 08:36:03] [Level: info] state: save_results
SAVING RESULTS
saving pca/mnt/output/pca/left_eigenvectors.tsv
	
MOVE INPUT TO OUTPUT
[Time: 30.06.23 08:36:03] [Level: info] transition: finalize
[Time: 30.06.23 08:36:04] [Level: info] state: finalize
[Time: 30.06.23 08:36:04] [Level: info] transition: terminal
[Time: 30.06.23 08:36:04] [Level: info] done
[CTRL] GET /data
