2023-06-30 08:39:28,492 CRIT Supervisor is running as root.  Privileges were not dropped because no user is specified in the config file.  If you intend to run as root, you can set user=root in the config file to avoid this message.
2023-06-30 08:39:28,493 INFO supervisord started with pid 7
2023-06-30 08:39:29,496 INFO spawned: 'nginx' with pid 10
2023-06-30 08:39:29,498 INFO spawned: 'app' with pid 11
2023-06-30 08:39:30,525 INFO success: nginx entered RUNNING state, process has stayed up for > than 1 seconds (startsecs)
2023-06-30 08:39:30,526 INFO success: app entered RUNNING state, process has stayed up for > than 1 seconds (startsecs)
[CTRL] POST /setup
[Time: 30.06.23 08:39:32] [Level: info] id: 3683b3c80580cbc1
[Time: 30.06.23 08:39:32] [Level: info] coordinator: False
[Time: 30.06.23 08:39:32] [Level: info] clients: ['3683b3c80580cbc1', '308df6d49e73ab51']
[Time: 30.06.23 08:39:32] [Level: info] state: initial
[CLIENT] Parsing parameter file...
[API] /setup parsing parameter file 
[API] /setup config file found ... parsing file: /mnt/input/config.yaml
YAML file does not follow specification: missing key: eigenvalues
Setting default: eigenvalues.tsv
YAML file does not follow specification: missing key: explained_variance
Setting default: eigenvalues.tsv
YAML file does not follow specification: missing key: output delimiter
Setting default: tab
[API] /setup config file found ... parsing done
[CLIENT] finished parsing parameter file.
[STARTUP] Instantiate SVD
[Time: 30.06.23 08:39:32] [Level: info] transition: init_pca
[Time: 30.06.23 08:39:33] [Level: info] state: init_pca
[STARTUP] Copy configuration and create dir
/mnt/input/hospital_data_bredel_1.csv
TEST: ['/mnt/input/hospital_data_bredel_1 - Copy.csv', '/mnt/input/hospital_data_bredel_1.csv']
RUNNING ON:  /mnt/input/hospital_data_bredel_1 - Copy.csv
number of omics:  2
[STARTUP] Configuration copied
Log Transform performed
/app/apps/svd/FC_Federated_PCA.py:97: RuntimeWarning: invalid value encountered in log2
  self.tabdata.scaled = np.log2(self.tabdata.scaled+1)
[Time: 30.06.23 08:39:33] [Level: info] transition: wait_for_params
[Time: 30.06.23 08:39:34] [Level: info] state: wait_for_params
[CTRL] GET /data
[CTRL] POST /data
setting parameters
[API] Setting parameters
['FBXW7', 'MDFI', 'ZFHX1B', 'MAPKBP1', 'RAB30', 'ZNF160', 'CKMT1A', 'IMAGE.33267', 'FBXO32', 'VSNL1', 'PNCK', 'X38595', 'RUNX1', 'AA598631', 'ZNF329', 'D21S2089E', 'C9orf48', 'L3MBTL4', 'LOC389831', 'SERPINA3', 'TNFAIP3', 'R52960', 'AIF1', 'NR4A1', 'CLSTN3', 'CAV1', 'BLVRB', 'GYPA', 'AA029415', 'NDST1', 'APOC2', 'PSD3', 'ITGA9', 'AI002301', 'TGFBI', 'T97457', 'HNRNPG.T', 'CACNB2', 'SOX4', 'NPTX1', 'PPP3CB', 'HLA.F', 'NEFH', 'MMP2', 'PDLIM7', 'SORT1', 'NLK', 'C1R', 'NMNAT2', 'EPHB1', 'DYNLT1', 'SPINT2', 'LOC400451', 'PSG5', 'STMN1', 'LOC541471', 'RAB20', 'LRBA', 'TBC1D7', 'MST1', 'CCR1', 'WDR7', 'TIMP3', 'PLP2', 'PYCR1', 'SLC35A2', 'A2BP1', 'C8orf4', 'HBXIP', 'FREQ', 'DIP2C', 'ADARB2', 'MSTP9', 'DECR2', 'GOT1', 'IFI30', 'BCL2A1', 'SYNGR3', 'MB', 'VASP', 'R70684', 'FGF13', 'IL32', 'APOC1', 'WASF1', 'IGFBP5', 'MGC39606', 'L1CAM', 'LMO7', 'UBE4B', 'DUS3L', 'MAL2', 'BGN', 'SNCG', 'MICAL2', 'IGF2BP3', 'ANK3', 'PARP14', 'YWHAH', 'LYN', 'PLTP', 'SETD5', 'EDG1', 'TIMP1', 'LY96', 'HLA.G', 'COL3A1', 'FAM84B', 'CSPG2', 'SP100', 'CASP1', 'HEY1', 'LOC57228', 'LILRA1', 'ANXA5', 'DMN', 'MASP1', 'SYT7', 'LOC388610', 'USP3', 'CHI3L2', 'AA669383', 'LHFPL2', 'ABCA5', 'EMP3', 'RPS3A', 'SLC16A3', 'FBXL16', 'AI350724', 'CLTB', 'AA598555', 'R61377', 'EID.3', 'FBL', 'LAPTM5', 'INPP5F', 'WWTR1', 'APCS', 'USP6NL', 'FLJ38984', 'DNASE1L1', 'MSN', 'NY.SAR.48', 'PRRX1', 'DDIT4', 'CAPG', 'OSBPL1A', 'UGCG', 'DCLRE1B', 'PRKAR1B', 'ID4', 'TMEM146', 'AI262682', 'AI005038', 'AA281932', 'ZNF217', 'SERPING1', 'ZNF419B', 'AI263051', 'IGFBP3', 'SPAG6', 'GYPC', 'FCGRT', 'ACAD8', 'FCGR2B', 'KIAA1543', 'SUV39H1', 'COL1A1', 'AI335002', 'FAS', 'ZNF226', 'SERPINI1', 'COL4A2', 'SOCS3', 'NUAK1', 'NPL', 'PRKCB1', 'SVIL', 'W93688', 'PLA2G2A', 'FBXO2', 'AP4B1', 'CA12', 'F13A1', 'AI871056', 'PDE4DIP', 'CTHRC1', 'GBP1', 'PEG3', 'MYC', 'ZNF233', 'H10054', 'PDPN', 'SCN2B', 'RBP4', 'NDUFB11', 'HLA.A', 'OSR1', 'ADM', 'LAMA4', 'KNS2', 'PLAUR', 'NLGN1', 'BCAM', 'AI357047', 'TSPAN4', 'KLRC3', 'PPP3CA', 'PLAU', 'H20822', 'HSPG2', 'CAMKK2', 'AA424849', 'AA906888', 'N98591', 'DEF6', 'VAMP2', 'TLL2', 'RGS16', 'MVP', 'ADCY1', 'ARPP.19', 'STXBP1', 'MST150', 'MGC18216', 'S100A10', 'CA11', 'TCF7L1', 'DDEF1', 'SCAMP5', 'C6orf12', 'PPP1R14A', 'AKR1C1', 'CEAL1', 'PRSS3', 'GPSM2', 'PSG1', 'LAMB1', 'CAP2', 'TSPAN6', 'HAMP', 'MDK', 'RALY', 'KCNQ2', 'GBP2', 'IL1RAP', 'EPB49', 'AA490257', 'PYGL', 'CD47', 'CDC20B', 'MGP', 'TNFRSF12A', 'IQSEC1', 'AA181288', 'SERPINH1', 'TNC', 'FZD7', 'DLL3', 'ABCC3', 'TMEM49', 'T51726', 'KCNMA1', 'ID3', 'H24428', 'RTN3', 'HK2', 'LTF', 'DSCR1L1', 'COL1A2', 'AA131320', 'PRKCZ', 'C16orf5', 'EGLN2', 'AA479357', 'S100A11', 'LSP1', 'HPRT1', 'H91845', 'GAS1', 'RFXAP', 'CLCA3', 'PCP4', 'STC1', 'KIAA0963', 'CCL2', 'TFDP2', 'CALM1', 'SRPX', 'CBLN2', 'IL21R', 'PARD3', 'GPNMB', 'ITGA3', 'DPYD', 'AA489629', 'LOC613212', 'H41096', 'MYBPC2', 'FLJ35740', 'RAB27B', 'C1orf187', 'NCF2', 'KCNK6', 'CYR61', 'ADFP', 'KLRC2', 'H08563', 'AKR1C2', 'ANXA1', 'PYHIN1', 'EDG3', 'IGSF3', 'MED11', 'GADD45B', 'MRC2', 'CD44', 'TCTEX1D1', 'AI822135', 'HLA.DRB1', 'CACNB3', 'HCLS1', 'TAP1', 'PRSS1', 'CLIC1', 'RBP7', 'LOC283070', 'LOC283130', 'CD58', 'FABP3', 'PTPRZ1', 'DES', 'CYBA', 'PRKCG', 'ZNF549', 'TOMM40', 'RAB11FIP4', 'PLOD2', 'MYCBP2', 'CBX6', 'MOAP1', 'C1orf63', 'EDNRB', 'NCF1', 'C4A', 'NPC2', 'ADAM19', 'LUM', 'KCNJ1', 'AA398420', 'EFHB', 'NSF', 'SAA2', 'GABBR1', 'HPCA', 'CCDC3', 'IGF1R', 'SNRPN', 'TTC23', 'KLRC1', 'LGALS3', 'CHN1', 'LOC146795', 'COL6A2', 'SPARC', 'HBA1', 'IGHG1', 'S100A1', 'URP2', 'X37864', 'TXNDC', 'CDKN1A', 'SBP1', 'KIAA1644', 'STK17A', 'H78560', 'CDKN2D', 'T62491', 'DDN', 'PHLDA1', 'AA401952', 'H86813', 'COX6A2', 'STEAP3', 'HMOX1', 'AEBP1', 'CD53', 'NOTCH1', 'ESM1', 'AA975768', 'R70506', 'PCDHGC3', 'PDXP', 'PALLD', 'FAM84A', 'COL9A2', 'DKFZp313A2432', 'TSPYL1', 'BNIP2', 'VEGF', 'TncRNA', 'MTHFD2', 'CAMK2A', 'UBA52', 'ASPA', 'PRG1', 'RND3', 'ITGA5', 'MGC26694', 'YWHAG', 'SLC15A2', 'FN1', 'EXT1', 'MGC42367', 'ATP6V1C1', 'ITPKA', 'RPS19BP1', 'COX7A1', 'PDE2A', 'POSTN', 'FAM46A', 'NNMT']
INDEX
[376, 394, 400, 170, 239, 45, 278, 84, 37, 313, 125, 257, 107, 377, 38, 42, 109, 222, 235, 198, 266, 342, 365, 392, 271, 399, 65, 11, 199, 402, 178, 106, 331, 350, 358, 92, 43, 16, 196, 422, 78, 366, 186, 324, 253, 26, 348, 189, 145, 191, 387, 314, 156, 36, 187, 79, 389, 46, 129, 134, 332, 126, 123, 89, 220, 299, 216, 315, 23, 345, 1, 4, 230, 135, 261, 104, 343, 372, 238, 12, 398, 205, 247, 51, 149, 219, 3, 296, 226, 60, 21, 333, 70, 218, 408, 250, 349, 407, 344, 395, 318, 91, 25, 82, 248, 329, 152, 96, 148, 208, 252, 160, 137, 47, 192, 33, 88, 405, 203, 256, 87, 270, 108, 131, 74, 183, 142, 188, 367, 214, 354, 185, 20, 413, 326, 322, 190, 287, 15, 242, 308, 68, 353, 327, 293, 72, 294, 346, 28, 212, 171, 55, 194, 301, 101, 233, 173, 31, 359, 115, 6, 263, 300, 13, 240, 22, 163, 102, 215, 306, 24, 347, 122, 85, 307, 119, 339, 2, 255, 276, 312, 44, 110, 340, 204, 323, 385, 246, 139, 264, 58, 401, 86, 404, 292, 61, 217, 41, 144, 289, 245, 124, 154, 49, 207, 330, 116, 112, 184, 224, 161, 295, 391, 193, 419, 254, 147, 53, 76, 273, 303, 120, 206, 138, 35, 325, 352, 132, 32, 182, 335, 420, 7, 19, 317, 50, 66, 320, 319, 258, 304, 272, 97, 277, 338, 328, 393, 234, 243, 103, 265, 423, 71, 362, 249, 143, 165, 411, 94, 221, 140, 371, 228, 356, 279, 75, 291, 232, 334, 158, 136, 200, 155, 48, 231, 90, 211, 288, 298, 388, 164, 17, 379, 167, 280, 274, 57, 251, 380, 337, 284, 5, 309, 373, 223, 180, 98, 383, 67, 201, 151, 361, 316, 56, 370, 227, 117, 69, 9, 179, 297, 321, 64, 406, 412, 130, 305, 10, 225, 417, 172, 209, 357, 368, 99, 63, 27, 414, 133, 141, 302, 363, 355, 416, 29, 360, 282, 268, 73, 150, 169, 14, 111, 351, 241, 364, 375, 378, 34, 83, 262, 281, 369, 146, 384, 8, 52, 244, 62, 118, 113, 374, 195, 159, 403, 310, 381, 341, 285, 127, 396, 259, 39, 153, 415, 80, 269, 311, 336, 260, 386, 181, 59, 114, 175, 157, 283, 237, 390, 236, 177, 229, 168, 397, 382, 197, 166, 95, 410, 100, 409, 176, 286, 93, 81, 418, 174, 77, 210, 213, 421, 202, 0, 40, 105, 290, 162, 18, 121, 267, 275, 128]
[Time: 30.06.23 08:39:36] [Level: info] transition: compute_std
[Time: 30.06.23 08:39:37] [Level: info] state: compute_std
[CTRL] GET /data
[CTRL] POST /data
(422, 1)
[Time: 30.06.23 08:39:39] [Level: info] transition: apply_scaling
[Time: 30.06.23 08:39:40] [Level: info] state: apply_scaling
[CTRL] GET /data
[CTRL] POST /data
[234 323 347 281 319   5 235 162 100 380 313 393 236 233 190 317  86  45
 412 372 312 143  27 150 132 270 302 273 335 164 148 405 356  13 299  36
 287  22  97 286 216 151 361 170 175  46 382  70 102 140 156 322 214   8
  61 364 395 228  78 134 229 197 155 291 108 195 410  72 165 105  53 203
 183 394 303 414  58 232  98 122 355 368 146 115 136 346 187  66  10 321
 253 404 344 163 174 366 353 209 185 177 137 230 332 329 345 218  37 391
 280 226 352 300  15  69 125 293 365 386  29 409 314 242  95 311  33 200
 387 221 264 376 113 219 295 271 157 334  81  99 339  50 392 369   3 398
  28  79 390 244  56 141 231 330 340 413  26 238 169  40 315 305 349 384
  65 307 267 211 149  80 289 274 222 378 358 160 309 275 310 181 246 178
  30 283 362 265 124 297 202 421 247  83 111 351 196 145  85  47 199  48
 298 131 245 285  19 342 257 120 254  90  49 112 367  75 171  67 403 272
  71 103 377  17 324  68 243 212 341 294 110 402  74 308 225 220  24 198
 327   7 408 420 388 166 252  57 336 106 370 173 374 138   6 363 186 205
 282 301 215 385  62 348 333  32 240  12 161 250 123 172 268 116 139 135
 373 357 128 320 121 411 126 288 109 192 130 389  21   0 415 343 406  84
 117 176 260 249 127 331  64 371 224 223   4 201 210 417 180 399 158 338
 416 179 292 277 396  16  92 261 337 144 259  89 154 251  94   9 263 248
 360 383  87 142  77 375  88 193  54  23  76 191 101 255 326 239 401  52
 306 207 114  35 206  11 325 168 269  82 381 350  51 182 279 104 118  73
  55  25  39 400 167  60  41 256  93  43 262  20 208 153 266  31 217 147
  96]
(array([234, 323]),)
CURRENT DATA:  [[ 0.89805719  0.31616607  0.78346488 ...  0.649974    0.46942453
  -1.02384573]
 [ 0.43464074  0.6193749   0.         ... -0.34101088  0.40150064
   0.60563294]
 [ 0.          0.          0.         ...  0.          0.20380225
  -0.28263539]
 ...
 [ 1.19434277 -0.18432271  0.         ...  0.         -0.28726831
   0.94996685]
 [-0.84657645  0.          0.         ...  0.          1.17821276
   1.85312919]
 [ 0.          0.          0.         ...  0.          0.
   0.        ]]
[Time: 30.06.23 08:39:42] [Level: info] transition: mfa_prerequisites
[Time: 30.06.23 08:39:43] [Level: info] state: mfa_prerequisites
Calling start_power_iteration
[Time: 30.06.23 08:39:43] [Level: info] transition: start_power_iteration
[Time: 30.06.23 08:39:44] [Level: info] state: start_power_iteration
[STARTUP] Computing covariance matrix
[STARTUP] Random initialisation
TABDATA SCALED
[[ 0.89805719  0.31616607  0.78346488 ...  0.649974    0.46942453
  -1.02384573]
 [ 0.43464074  0.6193749   0.         ... -0.34101088  0.40150064
   0.60563294]
 [ 0.          0.          0.         ...  0.          0.20380225
  -0.28263539]
 ...
 [ 1.19434277 -0.18432271  0.         ...  0.         -0.28726831
   0.94996685]
 [-0.84657645  0.          0.         ...  0.          1.17821276
   1.85312919]
 [ 0.          0.          0.         ...  0.          0.
   0.        ]]
[Time: 30.06.23 08:39:44] [Level: info] transition: compute_final_h_cov
[Time: 30.06.23 08:39:45] [Level: info] state: compute_final_h_cov
[CTRL] GET /data
[CTRL] POST /data
Setting k
starting eigenvector norms
17
[Time: 30.06.23 08:39:48] [Level: info] transition: compute_local_conorm
[Time: 30.06.23 08:39:49] [Level: info] state: compute_local_conorm
[CTRL] GET /data
[CTRL] POST /data
[Time: 30.06.23 08:39:51] [Level: info] transition: compute_local_norm
[Time: 30.06.23 08:39:52] [Level: info] state: compute_local_norm
[CTRL] GET /data
[CTRL] POST /data
starting orthogonalise_current
ending orthogonalise_current
starting eigenvector norms
17
[Time: 30.06.23 08:39:54] [Level: info] transition: compute_local_conorm
[Time: 30.06.23 08:39:55] [Level: info] state: compute_local_conorm
[CTRL] GET /data
[CTRL] POST /data
[Time: 30.06.23 08:39:57] [Level: info] transition: compute_local_norm
[Time: 30.06.23 08:39:58] [Level: info] state: compute_local_norm
[CTRL] GET /data
[CTRL] POST /data
starting orthogonalise_current
ending orthogonalise_current
starting eigenvector norms
17
[Time: 30.06.23 08:40:00] [Level: info] transition: compute_local_conorm
[Time: 30.06.23 08:40:01] [Level: info] state: compute_local_conorm
[CTRL] GET /data
[CTRL] POST /data
[Time: 30.06.23 08:40:03] [Level: info] transition: compute_local_norm
[Time: 30.06.23 08:40:04] [Level: info] state: compute_local_norm
[CTRL] GET /data
[CTRL] POST /data
starting orthogonalise_current
ending orthogonalise_current
starting eigenvector norms
17
[Time: 30.06.23 08:40:06] [Level: info] transition: compute_local_conorm
[Time: 30.06.23 08:40:07] [Level: info] state: compute_local_conorm
[CTRL] GET /data
[CTRL] POST /data
[Time: 30.06.23 08:40:09] [Level: info] transition: compute_local_norm
[Time: 30.06.23 08:40:10] [Level: info] state: compute_local_norm
[CTRL] GET /data
[CTRL] POST /data
starting orthogonalise_current
ending orthogonalise_current
starting eigenvector norms
17
[Time: 30.06.23 08:40:12] [Level: info] transition: compute_local_conorm
[Time: 30.06.23 08:40:13] [Level: info] state: compute_local_conorm
[CTRL] GET /data
[CTRL] POST /data
[Time: 30.06.23 08:40:15] [Level: info] transition: compute_local_norm
[Time: 30.06.23 08:40:16] [Level: info] state: compute_local_norm
[CTRL] GET /data
[CTRL] POST /data
starting orthogonalise_current
ending orthogonalise_current
starting eigenvector norms
17
[Time: 30.06.23 08:40:18] [Level: info] transition: compute_local_conorm
[Time: 30.06.23 08:40:19] [Level: info] state: compute_local_conorm
[CTRL] GET /data
[CTRL] POST /data
[Time: 30.06.23 08:40:21] [Level: info] transition: compute_local_norm
[Time: 30.06.23 08:40:22] [Level: info] state: compute_local_norm
[CTRL] GET /data
[CTRL] POST /data
starting orthogonalise_current
ending orthogonalise_current
starting eigenvector norms
17
[Time: 30.06.23 08:40:24] [Level: info] transition: compute_local_conorm
[Time: 30.06.23 08:40:25] [Level: info] state: compute_local_conorm
[CTRL] GET /data
[CTRL] POST /data
[Time: 30.06.23 08:40:27] [Level: info] transition: compute_local_norm
[Time: 30.06.23 08:40:28] [Level: info] state: compute_local_norm
[CTRL] GET /data
[CTRL] POST /data
starting orthogonalise_current
ending orthogonalise_current
starting eigenvector norms
17
[Time: 30.06.23 08:40:30] [Level: info] transition: compute_local_conorm
[Time: 30.06.23 08:40:31] [Level: info] state: compute_local_conorm
[CTRL] GET /data
[CTRL] POST /data
[Time: 30.06.23 08:40:33] [Level: info] transition: compute_local_norm
[Time: 30.06.23 08:40:34] [Level: info] state: compute_local_norm
[CTRL] GET /data
[CTRL] POST /data
starting orthogonalise_current
ending orthogonalise_current
starting eigenvector norms
17
[Time: 30.06.23 08:40:36] [Level: info] transition: compute_local_conorm
[Time: 30.06.23 08:40:37] [Level: info] state: compute_local_conorm
[CTRL] GET /data
[CTRL] POST /data
[Time: 30.06.23 08:40:39] [Level: info] transition: compute_local_norm
[Time: 30.06.23 08:40:40] [Level: info] state: compute_local_norm
[CTRL] GET /data
[CTRL] POST /data
starting orthogonalise_current
ending orthogonalise_current
starting eigenvector norms
17
[Time: 30.06.23 08:40:42] [Level: info] transition: compute_local_conorm
[Time: 30.06.23 08:40:43] [Level: info] state: compute_local_conorm
[CTRL] GET /data
[CTRL] POST /data
[Time: 30.06.23 08:40:45] [Level: info] transition: compute_local_norm
[Time: 30.06.23 08:40:46] [Level: info] state: compute_local_norm
[CTRL] GET /data
[CTRL] POST /data
starting orthogonalise_current
ending orthogonalise_current
starting eigenvector norms
17
[Time: 30.06.23 08:40:48] [Level: info] transition: compute_local_conorm
[Time: 30.06.23 08:40:49] [Level: info] state: compute_local_conorm
[CTRL] GET /data
[CTRL] POST /data
[Time: 30.06.23 08:40:51] [Level: info] transition: compute_local_norm
[Time: 30.06.23 08:40:52] [Level: info] state: compute_local_norm
[CTRL] GET /data
[CTRL] POST /data
starting orthogonalise_current
ending orthogonalise_current
starting eigenvector norms
17
[Time: 30.06.23 08:40:54] [Level: info] transition: compute_local_conorm
[Time: 30.06.23 08:40:55] [Level: info] state: compute_local_conorm
[CTRL] GET /data
[CTRL] POST /data
[Time: 30.06.23 08:40:57] [Level: info] transition: compute_local_norm
[Time: 30.06.23 08:40:58] [Level: info] state: compute_local_norm
[CTRL] GET /data
[CTRL] POST /data
starting orthogonalise_current
ending orthogonalise_current
starting eigenvector norms
17
[Time: 30.06.23 08:41:00] [Level: info] transition: compute_local_conorm
[Time: 30.06.23 08:41:01] [Level: info] state: compute_local_conorm
[CTRL] GET /data
[CTRL] POST /data
[Time: 30.06.23 08:41:03] [Level: info] transition: compute_local_norm
[Time: 30.06.23 08:41:04] [Level: info] state: compute_local_norm
[CTRL] GET /data
[CTRL] POST /data
starting orthogonalise_current
ending orthogonalise_current
starting eigenvector norms
17
[Time: 30.06.23 08:41:06] [Level: info] transition: compute_local_conorm
[Time: 30.06.23 08:41:07] [Level: info] state: compute_local_conorm
[CTRL] GET /data
[CTRL] POST /data
[Time: 30.06.23 08:41:09] [Level: info] transition: compute_local_norm
[Time: 30.06.23 08:41:10] [Level: info] state: compute_local_norm
[CTRL] GET /data
[CTRL] POST /data
starting orthogonalise_current
ending orthogonalise_current
starting eigenvector norms
17
[Time: 30.06.23 08:41:12] [Level: info] transition: compute_local_conorm
[Time: 30.06.23 08:41:13] [Level: info] state: compute_local_conorm
[CTRL] GET /data
[CTRL] POST /data
[Time: 30.06.23 08:41:15] [Level: info] transition: compute_local_norm
[Time: 30.06.23 08:41:16] [Level: info] state: compute_local_norm
[CTRL] GET /data
[CTRL] POST /data
starting orthogonalise_current
ending orthogonalise_current
starting eigenvector norms
17
[Time: 30.06.23 08:41:18] [Level: info] transition: compute_local_conorm
[Time: 30.06.23 08:41:19] [Level: info] state: compute_local_conorm
[CTRL] GET /data
[CTRL] POST /data
[Time: 30.06.23 08:41:21] [Level: info] transition: compute_local_norm
[Time: 30.06.23 08:41:22] [Level: info] state: compute_local_norm
[CTRL] GET /data
[CTRL] POST /data
starting orthogonalise_current
ending orthogonalise_current
starting eigenvector norms
17
[Time: 30.06.23 08:41:24] [Level: info] transition: normalize_g
[Time: 30.06.23 08:41:25] [Level: info] state: normalize_g
[CTRL] GET /data
[CTRL] POST /data
Normalising
(26, 17)
17
End normalising
(26, 17)
(17, 17)
(17,)
(26, 17)
[Time: 30.06.23 08:41:27] [Level: info] transition: separate_pca
[Time: 30.06.23 08:41:28] [Level: info] state: separate_pca
TEST:  [[ 0.89805719  0.31616607  0.78346488 ...  0.649974    0.46942453
  -1.02384573]
 [ 0.43464074  0.6193749   0.         ... -0.34101088  0.40150064
   0.60563294]
 [ 0.          0.          0.         ...  0.          0.20380225
  -0.28263539]
 ...
 [ 1.19434277 -0.18432271  0.         ...  0.         -0.28726831
   0.94996685]
 [-0.84657645  0.          0.         ...  0.          1.17821276
   1.85312919]
 [ 0.          0.          0.         ...  0.          0.
   0.        ]]
[Time: 30.06.23 08:41:28] [Level: info] Traceback (most recent call last):
  File "/app/engine/app.py", line 169, in guarded_run
    self.run()
  File "/app/engine/app.py", line 184, in run
    transition = self.current_state.run()
  File "/app/apps/svd/app.py", line 565, in run
    new_data.append(new_data)
AttributeError: 'numpy.ndarray' object has no attribute 'append'

