2023-06-30 09:29:04,997 CRIT Supervisor is running as root.  Privileges were not dropped because no user is specified in the config file.  If you intend to run as root, you can set user=root in the config file to avoid this message.
2023-06-30 09:29:04,999 INFO supervisord started with pid 6
2023-06-30 09:29:06,001 INFO spawned: 'nginx' with pid 9
2023-06-30 09:29:06,003 INFO spawned: 'app' with pid 10
2023-06-30 09:29:07,036 INFO success: nginx entered RUNNING state, process has stayed up for > than 1 seconds (startsecs)
2023-06-30 09:29:07,036 INFO success: app entered RUNNING state, process has stayed up for > than 1 seconds (startsecs)
[CTRL] POST /setup
[Time: 30.06.23 09:29:08] [Level: info] id: 7d6f6d87fe2e2698
[Time: 30.06.23 09:29:08] [Level: info] coordinator: False
[Time: 30.06.23 09:29:08] [Level: info] clients: ['7d6f6d87fe2e2698', '1ec2484ec0ffcf7a']
[Time: 30.06.23 09:29:08] [Level: info] state: initial
[CLIENT] Parsing parameter file...
[API] /setup parsing parameter file 
[API] /setup config file found ... parsing file: /mnt/input/config.yaml
YAML file does not follow specification: missing key: eigenvalues
Setting default: eigenvalues.tsv
YAML file does not follow specification: missing key: explained_variance
Setting default: eigenvalues.tsv
YAML file does not follow specification: missing key: output delimiter
Setting default: tab
[API] /setup config file found ... parsing done
[CLIENT] finished parsing parameter file.
[STARTUP] Instantiate SVD
[Time: 30.06.23 09:29:08] [Level: info] transition: init_pca
[Time: 30.06.23 09:29:09] [Level: info] state: init_pca
[STARTUP] Copy configuration and create dir
/mnt/input/hospital_data_bredel_1.csv
TEST: ['/mnt/input/hospital_data_bredel_1 - Copy.csv', '/mnt/input/hospital_data_bredel_1.csv']
RUNNING ON:  /mnt/input/hospital_data_bredel_1 - Copy.csv
number of omics:  2
[STARTUP] Configuration copied
Log Transform performed
[Time: 30.06.23 09:29:09] [Level: info] transition: wait_for_params
/app/apps/svd/FC_Federated_PCA.py:97: RuntimeWarning: invalid value encountered in log2
  self.tabdata.scaled = np.log2(self.tabdata.scaled+1)
[Time: 30.06.23 09:29:10] [Level: info] state: wait_for_params
[CTRL] GET /data
[CTRL] POST /data
setting parameters
[API] Setting parameters
['AI822135', 'C16orf5', 'MDK', 'PLAU', 'MGC26694', 'NOTCH1', 'KCNK6', 'FBXO2', 'TTC23', 'BNIP2', 'PEG3', 'VSNL1', 'ACAD8', 'FCGR2B', 'APOC2', 'STK17A', 'C1orf187', 'S100A10', 'R61377', 'PYGL', 'FLJ38984', 'PDLIM7', 'DPYD', 'OSR1', 'USP3', 'H10054', 'CD58', 'AI005038', 'IL1RAP', 'URP2', 'MDFI', 'KLRC1', 'X38595', 'ADCY1', 'SBP1', 'AA669383', 'H24428', 'NPL', 'MYBPC2', 'CBLN2', 'LOC146795', 'LTF', 'RPS3A', 'NLGN1', 'MGC18216', 'AA906888', 'BCAM', 'SLC15A2', 'COX7A1', 'FBXL16', 'NPC2', 'BLVRB', 'TNFRSF12A', 'LOC283070', 'STC1', 'LILRA1', 'ZNF419B', 'CA11', 'HNRNPG.T', 'LOC541471', 'IGFBP5', 'MOAP1', 'AI262682', 'TCF7L1', 'GOT1', 'H91845', 'COL3A1', 'AI357047', 'COL1A1', 'TBC1D7', 'PRKCB1', 'FAM46A', 'COL6A2', 'C8orf4', 'C1orf63', 'LMO7', 'IGSF3', 'KIAA1543', 'SETD5', 'TSPYL1', 'RBP4', 'WWTR1', 'AIF1', 'DNASE1L1', 'PRKCG', 'R52960', 'F13A1', 'SPARC', 'CYR61', 'ANK3', 'TMEM146', 'ID3', 'ZNF160', 'CCL2', 'RUNX1', 'C4A', 'H41096', 'SOX4', 'PCDHGC3', 'CDC20B', 'NY.SAR.48', 'ANXA1', 'YWHAG', 'CDKN1A', 'BCL2A1', 'EGLN2', 'FGF13', 'AA181288', 'DKFZp313A2432', 'CYBA', 'SERPINH1', 'APOC1', 'RAB30', 'MRC2', 'CKMT1A', 'CD47', 'DES', 'ARPP.19', 'IGHG1', 'PLP2', 'AEBP1', 'PLAUR', 'DLL3', 'L1CAM', 'MSN', 'AA029415', 'MGC42367', 'ID4', 'LUM', 'IGF1R', 'AA490257', 'AA398420', 'CALM1', 'MMP2', 'MGC39606', 'RAB11FIP4', 'DUS3L', 'RAB27B', 'A2BP1', 'C9orf48', 'TOMM40', 'CLSTN3', 'AI335002', 'LYN', 'GYPC', 'COL4A2', 'FBXW7', 'HK2', 'STMN1', 'ZNF226', 'NCF2', 'CSPG2', 'SOCS3', 'PPP3CB', 'MTHFD2', 'EID.3', 'H08563', 'VAMP2', 'IL21R', 'MICAL2', 'R70684', 'CAMK2A', 'S100A1', 'ZNF549', 'KLRC3', 'EDG1', 'CHI3L2', 'LOC389831', 'RND3', 'GABBR1', 'TCTEX1D1', 'PARP14', 'H78560', 'UGCG', 'ITGA3', 'HSPG2', 'ATP6V1C1', 'AA975768', 'KCNMA1', 'IMAGE.33267', 'MAPKBP1', 'TFDP2', 'TIMP3', 'EFHB', 'PRSS1', 'T97457', 'X37864', 'COX6A2', 'KNS2', 'TIMP1', 'HMOX1', 'INPP5F', 'FAS', 'C6orf12', 'SERPINA3', 'NSF', 'PDE2A', 'LAMB1', 'FAM84B', 'PNCK', 'NEFH', 'STXBP1', 'PRG1', 'PDPN', 'DECR2', 'ITPKA', 'ADM', 'LAMA4', 'CACNB2', 'HPCA', 'HCLS1', 'CHN1', 'EPB49', 'CCDC3', 'AA131320', 'ADFP', 'DDIT4', 'PDE4DIP', 'DMN', 'VASP', 'NUAK1', 'GPSM2', 'CBX6', 'ZFHX1B', 'HBA1', 'GPNMB', 'NLK', 'SORT1', 'CD53', 'SUV39H1', 'TAP1', 'LY96', 'HLA.A', 'PYCR1', 'FZD7', 'SAA2', 'NDST1', 'L3MBTL4', 'CTHRC1', 'COL9A2', 'PARD3', 'FCGRT', 'MGP', 'TNFAIP3', 'AKR1C2', 'PSG1', 'CACNB3', 'UBE4B', 'HBXIP', 'TNC', 'DDEF1', 'CEAL1', 'YWHAH', 'STEAP3', 'RTN3', 'AI350724', 'CLIC1', 'PPP1R14A', 'MASP1', 'ASPA', 'HLA.DRB1', 'IFI30', 'DYNLT1', 'C1R', 'CLTB', 'LHFPL2', 'FBL', 'DCLRE1B', 'AI263051', 'D21S2089E', 'AI871056', 'LAPTM5', 'PSD3', 'AP4B1', 'SLC35A2', 'MED11', 'H86813', 'ANXA5', 'SP100', 'ESM1', 'PRRX1', 'W93688', 'HAMP', 'AI002301', 'DDN', 'ADAM19', 'SNRPN', 'FN1', 'MYC', 'RFXAP', 'SCN2B', 'CASP1', 'EDG3', 'KIAA1644', 'OSBPL1A', 'RBP7', 'LGALS3', 'MYCBP2', 'APCS', 'NCF1', 'CAPG', 'CA12', 'RAB20', 'LOC57228', 'MST150', 'EPHB1', 'HLA.G', 'PSG5', 'IGF2BP3', 'PLOD2', 'GYPA', 'LSP1', 'PTPRZ1', 'AA401952', 'KLRC2', 'EXT1', 'IQSEC1', 'NDUFB11', 'TXNDC', 'ITGA9', 'GAS1', 'CDKN2D', 'CD44', 'LOC613212', 'SYT7', 'EDNRB', 'POSTN', 'T62491', 'AA479357', 'CAV1', 'MB', 'R70506', 'SPAG6', 'ITGA5', 'MAL2', 'WDR7', 'UBA52', 'AA489629', 'TSPAN6', 'AA424849', 'SYNGR3', 'RALY', 'CAP2', 'TSPAN4', 'HPRT1', 'BGN', 'PRKCZ', 'LRBA', 'KCNQ2', 'ZNF233', 'TncRNA', 'SVIL', 'CLCA3', 'CAMKK2', 'LOC400451', 'GBP1', 'LOC388610', 'PYHIN1', 'AA281932', 'S100A11', 'PHLDA1', 'SPINT2', 'FLJ35740', 'SLC16A3', 'FAM84A', 'N98591', 'HEY1', 'GADD45B', 'SRPX', 'SCAMP5', 'NR4A1', 'USP6NL', 'AA598555', 'PRKAR1B', 'PPP3CA', 'WASF1', 'GBP2', 'MSTP9', 'H20822', 'HLA.F', 'SNCG', 'PCP4', 'FABP3', 'PRSS3', 'NNMT', 'DSCR1L1', 'COL1A2', 'ADARB2', 'ZNF329', 'RGS16', 'ZNF217', 'TLL2', 'PDXP', 'FREQ', 'ABCA5', 'PALLD', 'TGFBI', 'MST1', 'AKR1C1', 'LOC283130', 'MVP', 'KCNJ1', 'EMP3', 'DIP2C', 'NPTX1', 'AA598631', 'CCR1', 'TMEM49', 'RPS19BP1', 'KIAA0963', 'VEGF', 'SERPING1', 'IL32', 'ABCC3', 'FBXO32', 'IGFBP3', 'PLTP', 'DEF6', 'PLA2G2A', 'T51726', 'SERPINI1', 'NMNAT2']
INDEX
[225, 155, 272, 184, 210, 237, 56, 312, 62, 410, 139, 313, 13, 240, 178, 415, 361, 325, 185, 243, 242, 253, 223, 41, 256, 401, 133, 301, 328, 285, 394, 118, 257, 303, 39, 270, 279, 119, 67, 337, 195, 232, 183, 154, 35, 193, 49, 421, 18, 188, 364, 65, 71, 27, 167, 47, 31, 352, 43, 79, 219, 169, 194, 132, 261, 298, 152, 207, 102, 129, 339, 275, 159, 315, 14, 226, 64, 22, 91, 95, 292, 190, 365, 308, 416, 342, 340, 403, 370, 349, 55, 356, 45, 274, 107, 241, 383, 196, 229, 265, 353, 179, 213, 259, 343, 48, 205, 249, 166, 355, 143, 51, 239, 130, 278, 103, 363, 120, 381, 89, 157, 124, 94, 296, 68, 199, 40, 171, 378, 52, 234, 83, 251, 324, 3, 282, 21, 151, 216, 109, 360, 271, 215, 395, 263, 122, 376, 291, 187, 24, 316, 148, 85, 78, 176, 20, 69, 147, 284, 408, 398, 286, 341, 29, 116, 25, 87, 235, 174, 146, 10, 407, 80, 346, 373, 161, 105, 236, 228, 84, 170, 57, 123, 262, 368, 92, 127, 59, 245, 82, 175, 322, 306, 335, 198, 281, 121, 320, 96, 125, 186, 206, 418, 86, 135, 290, 144, 289, 16, 384, 209, 374, 393, 8, 136, 227, 293, 323, 33, 12, 307, 50, 150, 400, 310, 309, 348, 26, 283, 163, 357, 248, 217, 220, 411, 369, 402, 222, 385, 197, 5, 300, 423, 266, 9, 66, 172, 60, 23, 165, 32, 19, 344, 114, 75, 367, 99, 420, 88, 81, 417, 104, 387, 189, 214, 108, 413, 28, 359, 42, 204, 326, 106, 44, 299, 406, 181, 192, 208, 390, 327, 255, 304, 350, 336, 375, 244, 202, 264, 164, 404, 252, 321, 153, 294, 63, 113, 73, 287, 351, 72, 110, 389, 137, 138, 191, 329, 36, 250, 268, 11, 211, 302, 386, 117, 0, 362, 61, 396, 331, 388, 269, 305, 98, 405, 111, 267, 311, 231, 399, 238, 177, 6, 77, 333, 126, 93, 180, 258, 391, 372, 97, 319, 330, 288, 70, 200, 46, 277, 58, 409, 2, 17, 295, 156, 246, 203, 297, 101, 90, 260, 314, 201, 142, 382, 419, 160, 412, 380, 182, 392, 15, 354, 212, 112, 149, 338, 230, 224, 366, 218, 379, 141, 317, 128, 334, 158, 4, 38, 76, 233, 53, 168, 345, 131, 397, 358, 134, 7, 414, 273, 34, 74, 1, 422, 377, 332, 140, 162, 280, 100, 173, 247, 221, 37, 115, 318, 254, 276, 371, 347, 145]
[Time: 30.06.23 09:29:13] [Level: info] transition: compute_std
[Time: 30.06.23 09:29:14] [Level: info] state: compute_std
[CTRL] GET /data
[CTRL] POST /data
(422, 1)
[Time: 30.06.23 09:29:16] [Level: info] transition: apply_scaling
[Time: 30.06.23 09:29:17] [Level: info] state: apply_scaling
[CTRL] GET /data
[CTRL] POST /data
[184 383 128 352 260  92 221 241 416 313 275 395 245 251 349 170 134 227
 315  34  76 280 310 127 155 214 150 105 140  13 267 202 129 405 362  58
 132  82 171 181 157  90 211 149  37 226 187 403 165  83 411 230 365 414
 335  87 239 250 330 271 369  23 390 240 151 317  47 377  77 306 307  46
  86 364   6 176  69 398 252 265 213  29 294 218  81 285 355 138 199 210
 316 259  95  12 220 118 169 378 217 351 298 193 109 382  50 389 208  98
 289  57 235 137 269 393  42 174 224 228 236 102 367 341 308 292 283 188
   5 117  36 321  55 400 337 346  56 163 106 143 222 262 392 186 180   9
 125 219 331 376 302 124 257 312  61 126  51 342 192 153 113 215 131 190
 274 156  41 353 373 160  39 328 201 284   8 332 101 359 357 273 212 281
  14  54  40 254 402  96  43 384 130 111 366 195 232 300  60 263 207 421
  38  18  28  93 194 325 234 166 107 136 305 303 162 261 420  73 336   1
 387 189 327 237 256 248 348 339  74  22 291 161  64 244  17  33 141 206
 399 179   4  71 279 229  52 347 135  66 318 152  15 371 114  72 238 343
 381  16 417 120 182 401  84 319 282  94 144  99 394 145 385 258  20 191
 293 286 255 246  35 287 363 368 278 203 372 177  85 146 205 299 168 375
 324  70 407 115  49 116 233 103  44 304 112 121 175  48   7 410 268 297
 408 418 225 344 108 139 345 419 309 216 413 247 358 242 159  11  91  19
 296 253 123 100 340 172  75 290 148 370 104  25  78 110  53 338 154 354
 314 374 277 185 164  32 295 142 386 412 276 183 361 301 320 231 356 204
  59 329 404 350  68 406 379 249 380 133 178 243   3  27 147 272 391 173
  89]
(array([184, 383]),)
CURRENT DATA:  [[ 0.          0.          0.50724174 ...  0.          0.07456526
   0.0240784 ]
 [ 0.86993654  0.77877881  0.64348364 ...  0.57083876  0.43953525
  -0.07528851]
 [ 0.95695563  0.          0.         ...  0.         -0.88717797
   0.73988341]
 ...
 [ 0.         -0.15333712  1.1460371  ...  0.21955415 -1.65203511
   0.        ]
 [-0.31983034  0.80458207  1.0101715  ...  0.92965162 -0.37387259
  -2.62979754]
 [ 0.02350355  0.72524424  0.6952222  ...  0.61588798  0.60854014
  -0.48114798]]
[Time: 30.06.23 09:29:19] [Level: info] transition: mfa_prerequisites
[Time: 30.06.23 09:29:20] [Level: info] state: mfa_prerequisites
Calling start_power_iteration
[Time: 30.06.23 09:29:20] [Level: info] transition: start_power_iteration
[Time: 30.06.23 09:29:21] [Level: info] state: start_power_iteration
[STARTUP] Computing covariance matrix
[STARTUP] Random initialisation
TABDATA SCALED
[[ 0.          0.          0.50724174 ...  0.          0.07456526
   0.0240784 ]
 [ 0.86993654  0.77877881  0.64348364 ...  0.57083876  0.43953525
  -0.07528851]
 [ 0.95695563  0.          0.         ...  0.         -0.88717797
   0.73988341]
 ...
 [ 0.         -0.15333712  1.1460371  ...  0.21955415 -1.65203511
   0.        ]
 [-0.31983034  0.80458207  1.0101715  ...  0.92965162 -0.37387259
  -2.62979754]
 [ 0.02350355  0.72524424  0.6952222  ...  0.61588798  0.60854014
  -0.48114798]]
[Time: 30.06.23 09:29:21] [Level: info] transition: compute_final_h_cov
[Time: 30.06.23 09:29:22] [Level: info] state: compute_final_h_cov
[CTRL] GET /data
[CTRL] POST /data
Setting k
starting eigenvector norms
17
[Time: 30.06.23 09:29:25] [Level: info] transition: compute_local_conorm
[Time: 30.06.23 09:29:26] [Level: info] state: compute_local_conorm
[CTRL] GET /data
[CTRL] POST /data
[Time: 30.06.23 09:29:28] [Level: info] transition: compute_local_norm
[Time: 30.06.23 09:29:29] [Level: info] state: compute_local_norm
[CTRL] GET /data
[CTRL] POST /data
starting orthogonalise_current
ending orthogonalise_current
starting eigenvector norms
17
[Time: 30.06.23 09:29:31] [Level: info] transition: compute_local_conorm
[Time: 30.06.23 09:29:32] [Level: info] state: compute_local_conorm
[CTRL] GET /data
[CTRL] POST /data
[Time: 30.06.23 09:29:34] [Level: info] transition: compute_local_norm
[Time: 30.06.23 09:29:35] [Level: info] state: compute_local_norm
[CTRL] GET /data
[CTRL] POST /data
starting orthogonalise_current
ending orthogonalise_current
starting eigenvector norms
17
[Time: 30.06.23 09:29:37] [Level: info] transition: compute_local_conorm
[Time: 30.06.23 09:29:38] [Level: info] state: compute_local_conorm
[CTRL] GET /data
[CTRL] POST /data
[Time: 30.06.23 09:29:40] [Level: info] transition: compute_local_norm
[Time: 30.06.23 09:29:41] [Level: info] state: compute_local_norm
[CTRL] GET /data
[CTRL] POST /data
starting orthogonalise_current
ending orthogonalise_current
starting eigenvector norms
17
[Time: 30.06.23 09:29:43] [Level: info] transition: compute_local_conorm
[Time: 30.06.23 09:29:44] [Level: info] state: compute_local_conorm
[CTRL] GET /data
[CTRL] POST /data
[Time: 30.06.23 09:29:46] [Level: info] transition: compute_local_norm
[Time: 30.06.23 09:29:47] [Level: info] state: compute_local_norm
[CTRL] GET /data
[CTRL] POST /data
starting orthogonalise_current
ending orthogonalise_current
starting eigenvector norms
17
[Time: 30.06.23 09:29:49] [Level: info] transition: compute_local_conorm
[Time: 30.06.23 09:29:50] [Level: info] state: compute_local_conorm
[CTRL] GET /data
[CTRL] POST /data
[Time: 30.06.23 09:29:52] [Level: info] transition: compute_local_norm
[Time: 30.06.23 09:29:53] [Level: info] state: compute_local_norm
[CTRL] GET /data
[CTRL] POST /data
starting orthogonalise_current
ending orthogonalise_current
starting eigenvector norms
17
[Time: 30.06.23 09:29:55] [Level: info] transition: compute_local_conorm
[Time: 30.06.23 09:29:56] [Level: info] state: compute_local_conorm
[CTRL] GET /data
[CTRL] POST /data
[Time: 30.06.23 09:29:58] [Level: info] transition: compute_local_norm
[Time: 30.06.23 09:29:59] [Level: info] state: compute_local_norm
[CTRL] GET /data
[CTRL] POST /data
starting orthogonalise_current
ending orthogonalise_current
starting eigenvector norms
17
[Time: 30.06.23 09:30:01] [Level: info] transition: compute_local_conorm
[Time: 30.06.23 09:30:02] [Level: info] state: compute_local_conorm
[CTRL] GET /data
[CTRL] POST /data
[Time: 30.06.23 09:30:04] [Level: info] transition: compute_local_norm
[Time: 30.06.23 09:30:05] [Level: info] state: compute_local_norm
[CTRL] GET /data
[CTRL] POST /data
starting orthogonalise_current
ending orthogonalise_current
starting eigenvector norms
17
[Time: 30.06.23 09:30:07] [Level: info] transition: compute_local_conorm
[Time: 30.06.23 09:30:08] [Level: info] state: compute_local_conorm
[CTRL] GET /data
[CTRL] POST /data
[Time: 30.06.23 09:30:10] [Level: info] transition: compute_local_norm
[Time: 30.06.23 09:30:11] [Level: info] state: compute_local_norm
[CTRL] GET /data
[CTRL] POST /data
starting orthogonalise_current
ending orthogonalise_current
starting eigenvector norms
17
[Time: 30.06.23 09:30:13] [Level: info] transition: compute_local_conorm
[Time: 30.06.23 09:30:14] [Level: info] state: compute_local_conorm
[CTRL] GET /data
[CTRL] POST /data
[Time: 30.06.23 09:30:16] [Level: info] transition: compute_local_norm
[Time: 30.06.23 09:30:17] [Level: info] state: compute_local_norm
[CTRL] GET /data
[CTRL] POST /data
starting orthogonalise_current
ending orthogonalise_current
starting eigenvector norms
17
[Time: 30.06.23 09:30:19] [Level: info] transition: compute_local_conorm
[Time: 30.06.23 09:30:20] [Level: info] state: compute_local_conorm
[CTRL] GET /data
[CTRL] POST /data
[Time: 30.06.23 09:30:22] [Level: info] transition: compute_local_norm
[Time: 30.06.23 09:30:23] [Level: info] state: compute_local_norm
[CTRL] GET /data
[CTRL] POST /data
starting orthogonalise_current
ending orthogonalise_current
starting eigenvector norms
17
[Time: 30.06.23 09:30:25] [Level: info] transition: compute_local_conorm
[Time: 30.06.23 09:30:26] [Level: info] state: compute_local_conorm
[CTRL] GET /data
[CTRL] POST /data
[Time: 30.06.23 09:30:28] [Level: info] transition: compute_local_norm
[Time: 30.06.23 09:30:29] [Level: info] state: compute_local_norm
[CTRL] GET /data
[CTRL] POST /data
starting orthogonalise_current
ending orthogonalise_current
starting eigenvector norms
17
[Time: 30.06.23 09:30:31] [Level: info] transition: compute_local_conorm
[Time: 30.06.23 09:30:32] [Level: info] state: compute_local_conorm
[CTRL] GET /data
[CTRL] POST /data
[Time: 30.06.23 09:30:34] [Level: info] transition: compute_local_norm
[Time: 30.06.23 09:30:35] [Level: info] state: compute_local_norm
[CTRL] GET /data
[CTRL] POST /data
starting orthogonalise_current
ending orthogonalise_current
starting eigenvector norms
17
[Time: 30.06.23 09:30:37] [Level: info] transition: compute_local_conorm
[Time: 30.06.23 09:30:38] [Level: info] state: compute_local_conorm
[CTRL] GET /data
[CTRL] POST /data
[Time: 30.06.23 09:30:40] [Level: info] transition: compute_local_norm
[Time: 30.06.23 09:30:41] [Level: info] state: compute_local_norm
[CTRL] GET /data
[CTRL] POST /data
starting orthogonalise_current
ending orthogonalise_current
starting eigenvector norms
17
[Time: 30.06.23 09:30:43] [Level: info] transition: compute_local_conorm
[Time: 30.06.23 09:30:44] [Level: info] state: compute_local_conorm
[CTRL] GET /data
[CTRL] POST /data
[Time: 30.06.23 09:30:46] [Level: info] transition: compute_local_norm
[Time: 30.06.23 09:30:47] [Level: info] state: compute_local_norm
[CTRL] GET /data
[CTRL] POST /data
starting orthogonalise_current
ending orthogonalise_current
starting eigenvector norms
17
[Time: 30.06.23 09:30:49] [Level: info] transition: compute_local_conorm
[Time: 30.06.23 09:30:50] [Level: info] state: compute_local_conorm
[CTRL] GET /data
[CTRL] POST /data
[Time: 30.06.23 09:30:52] [Level: info] transition: compute_local_norm
[Time: 30.06.23 09:30:53] [Level: info] state: compute_local_norm
[CTRL] GET /data
[CTRL] POST /data
starting orthogonalise_current
ending orthogonalise_current
starting eigenvector norms
17
[Time: 30.06.23 09:30:55] [Level: info] transition: compute_local_conorm
[Time: 30.06.23 09:30:56] [Level: info] state: compute_local_conorm
[CTRL] GET /data
[CTRL] POST /data
[Time: 30.06.23 09:30:58] [Level: info] transition: compute_local_norm
[Time: 30.06.23 09:30:59] [Level: info] state: compute_local_norm
[CTRL] GET /data
[CTRL] POST /data
starting orthogonalise_current
ending orthogonalise_current
starting eigenvector norms
17
[Time: 30.06.23 09:31:01] [Level: info] transition: normalize_g
[Time: 30.06.23 09:31:02] [Level: info] state: normalize_g
[CTRL] GET /data
[CTRL] POST /data
Normalising
(26, 17)
17
End normalising
(26, 17)
(17, 17)
(17,)
(26, 17)
[Time: 30.06.23 09:31:04] [Level: info] transition: separate_pca
[Time: 30.06.23 09:31:05] [Level: info] state: separate_pca
[Time: 30.06.23 09:31:05] [Level: info] transition: init_pca
[Time: 30.06.23 09:31:06] [Level: info] state: init_pca
[STARTUP] Copy configuration and create dir
/mnt/input/hospital_data_bredel_1.csv
TEST: ['/mnt/input/hospital_data_bredel_1 - Copy.csv', '/mnt/input/hospital_data_bredel_1.csv']
RUNNING ON:  /mnt/input/hospital_data_bredel_1.csv
number of omics:  2
[STARTUP] Configuration copied
Log Transform performed
/app/apps/svd/FC_Federated_PCA.py:97: RuntimeWarning: invalid value encountered in log2
  self.tabdata.scaled = np.log2(self.tabdata.scaled+1)
[Time: 30.06.23 09:31:06] [Level: info] transition: wait_for_params
[Time: 30.06.23 09:31:07] [Level: info] state: wait_for_params
[CTRL] GET /data
[CTRL] POST /data
setting parameters
[API] Setting parameters
['AI822135', 'C16orf5', 'MDK', 'PLAU', 'MGC26694', 'NOTCH1', 'KCNK6', 'FBXO2', 'TTC23', 'BNIP2', 'PEG3', 'VSNL1', 'ACAD8', 'FCGR2B', 'APOC2', 'STK17A', 'C1orf187', 'S100A10', 'R61377', 'PYGL', 'FLJ38984', 'PDLIM7', 'DPYD', 'OSR1', 'USP3', 'H10054', 'CD58', 'AI005038', 'IL1RAP', 'URP2', 'MDFI', 'KLRC1', 'X38595', 'ADCY1', 'SBP1', 'AA669383', 'H24428', 'NPL', 'MYBPC2', 'CBLN2', 'LOC146795', 'LTF', 'RPS3A', 'NLGN1', 'MGC18216', 'AA906888', 'BCAM', 'SLC15A2', 'COX7A1', 'FBXL16', 'NPC2', 'BLVRB', 'TNFRSF12A', 'LOC283070', 'STC1', 'LILRA1', 'ZNF419B', 'CA11', 'HNRNPG.T', 'LOC541471', 'IGFBP5', 'MOAP1', 'AI262682', 'TCF7L1', 'GOT1', 'H91845', 'COL3A1', 'AI357047', 'COL1A1', 'TBC1D7', 'PRKCB1', 'FAM46A', 'COL6A2', 'C8orf4', 'C1orf63', 'LMO7', 'IGSF3', 'KIAA1543', 'SETD5', 'TSPYL1', 'RBP4', 'WWTR1', 'AIF1', 'DNASE1L1', 'PRKCG', 'R52960', 'F13A1', 'SPARC', 'CYR61', 'ANK3', 'TMEM146', 'ID3', 'ZNF160', 'CCL2', 'RUNX1', 'C4A', 'H41096', 'SOX4', 'PCDHGC3', 'CDC20B', 'NY.SAR.48', 'ANXA1', 'YWHAG', 'CDKN1A', 'BCL2A1', 'EGLN2', 'FGF13', 'AA181288', 'DKFZp313A2432', 'CYBA', 'SERPINH1', 'APOC1', 'RAB30', 'MRC2', 'CKMT1A', 'CD47', 'DES', 'ARPP.19', 'IGHG1', 'PLP2', 'AEBP1', 'PLAUR', 'DLL3', 'L1CAM', 'MSN', 'AA029415', 'MGC42367', 'ID4', 'LUM', 'IGF1R', 'AA490257', 'AA398420', 'CALM1', 'MMP2', 'MGC39606', 'RAB11FIP4', 'DUS3L', 'RAB27B', 'A2BP1', 'C9orf48', 'TOMM40', 'CLSTN3', 'AI335002', 'LYN', 'GYPC', 'COL4A2', 'FBXW7', 'HK2', 'STMN1', 'ZNF226', 'NCF2', 'CSPG2', 'SOCS3', 'PPP3CB', 'MTHFD2', 'EID.3', 'H08563', 'VAMP2', 'IL21R', 'MICAL2', 'R70684', 'CAMK2A', 'S100A1', 'ZNF549', 'KLRC3', 'EDG1', 'CHI3L2', 'LOC389831', 'RND3', 'GABBR1', 'TCTEX1D1', 'PARP14', 'H78560', 'UGCG', 'ITGA3', 'HSPG2', 'ATP6V1C1', 'AA975768', 'KCNMA1', 'IMAGE.33267', 'MAPKBP1', 'TFDP2', 'TIMP3', 'EFHB', 'PRSS1', 'T97457', 'X37864', 'COX6A2', 'KNS2', 'TIMP1', 'HMOX1', 'INPP5F', 'FAS', 'C6orf12', 'SERPINA3', 'NSF', 'PDE2A', 'LAMB1', 'FAM84B', 'PNCK', 'NEFH', 'STXBP1', 'PRG1', 'PDPN', 'DECR2', 'ITPKA', 'ADM', 'LAMA4', 'CACNB2', 'HPCA', 'HCLS1', 'CHN1', 'EPB49', 'CCDC3', 'AA131320', 'ADFP', 'DDIT4', 'PDE4DIP', 'DMN', 'VASP', 'NUAK1', 'GPSM2', 'CBX6', 'ZFHX1B', 'HBA1', 'GPNMB', 'NLK', 'SORT1', 'CD53', 'SUV39H1', 'TAP1', 'LY96', 'HLA.A', 'PYCR1', 'FZD7', 'SAA2', 'NDST1', 'L3MBTL4', 'CTHRC1', 'COL9A2', 'PARD3', 'FCGRT', 'MGP', 'TNFAIP3', 'AKR1C2', 'PSG1', 'CACNB3', 'UBE4B', 'HBXIP', 'TNC', 'DDEF1', 'CEAL1', 'YWHAH', 'STEAP3', 'RTN3', 'AI350724', 'CLIC1', 'PPP1R14A', 'MASP1', 'ASPA', 'HLA.DRB1', 'IFI30', 'DYNLT1', 'C1R', 'CLTB', 'LHFPL2', 'FBL', 'DCLRE1B', 'AI263051', 'D21S2089E', 'AI871056', 'LAPTM5', 'PSD3', 'AP4B1', 'SLC35A2', 'MED11', 'H86813', 'ANXA5', 'SP100', 'ESM1', 'PRRX1', 'W93688', 'HAMP', 'AI002301', 'DDN', 'ADAM19', 'SNRPN', 'FN1', 'MYC', 'RFXAP', 'SCN2B', 'CASP1', 'EDG3', 'KIAA1644', 'OSBPL1A', 'RBP7', 'LGALS3', 'MYCBP2', 'APCS', 'NCF1', 'CAPG', 'CA12', 'RAB20', 'LOC57228', 'MST150', 'EPHB1', 'HLA.G', 'PSG5', 'IGF2BP3', 'PLOD2', 'GYPA', 'LSP1', 'PTPRZ1', 'AA401952', 'KLRC2', 'EXT1', 'IQSEC1', 'NDUFB11', 'TXNDC', 'ITGA9', 'GAS1', 'CDKN2D', 'CD44', 'LOC613212', 'SYT7', 'EDNRB', 'POSTN', 'T62491', 'AA479357', 'CAV1', 'MB', 'R70506', 'SPAG6', 'ITGA5', 'MAL2', 'WDR7', 'UBA52', 'AA489629', 'TSPAN6', 'AA424849', 'SYNGR3', 'RALY', 'CAP2', 'TSPAN4', 'HPRT1', 'BGN', 'PRKCZ', 'LRBA', 'KCNQ2', 'ZNF233', 'TncRNA', 'SVIL', 'CLCA3', 'CAMKK2', 'LOC400451', 'GBP1', 'LOC388610', 'PYHIN1', 'AA281932', 'S100A11', 'PHLDA1', 'SPINT2', 'FLJ35740', 'SLC16A3', 'FAM84A', 'N98591', 'HEY1', 'GADD45B', 'SRPX', 'SCAMP5', 'NR4A1', 'USP6NL', 'AA598555', 'PRKAR1B', 'PPP3CA', 'WASF1', 'GBP2', 'MSTP9', 'H20822', 'HLA.F', 'SNCG', 'PCP4', 'FABP3', 'PRSS3', 'NNMT', 'DSCR1L1', 'COL1A2', 'ADARB2', 'ZNF329', 'RGS16', 'ZNF217', 'TLL2', 'PDXP', 'FREQ', 'ABCA5', 'PALLD', 'TGFBI', 'MST1', 'AKR1C1', 'LOC283130', 'MVP', 'KCNJ1', 'EMP3', 'DIP2C', 'NPTX1', 'AA598631', 'CCR1', 'TMEM49', 'RPS19BP1', 'KIAA0963', 'VEGF', 'SERPING1', 'IL32', 'ABCC3', 'FBXO32', 'IGFBP3', 'PLTP', 'DEF6', 'PLA2G2A', 'T51726', 'SERPINI1', 'NMNAT2']
INDEX
[225, 155, 272, 184, 210, 237, 56, 312, 62, 410, 139, 313, 13, 240, 178, 415, 361, 325, 185, 243, 242, 253, 223, 41, 256, 401, 133, 301, 328, 285, 394, 118, 257, 303, 39, 270, 279, 119, 67, 337, 195, 232, 183, 154, 35, 193, 49, 421, 18, 188, 364, 65, 71, 27, 167, 47, 31, 352, 43, 79, 219, 169, 194, 132, 261, 298, 152, 207, 102, 129, 339, 275, 159, 315, 14, 226, 64, 22, 91, 95, 292, 190, 365, 308, 416, 342, 340, 403, 370, 349, 55, 356, 45, 274, 107, 241, 383, 196, 229, 265, 353, 179, 213, 259, 343, 48, 205, 249, 166, 355, 143, 51, 239, 130, 278, 103, 363, 120, 381, 89, 157, 124, 94, 296, 68, 199, 40, 171, 378, 52, 234, 83, 251, 324, 3, 282, 21, 151, 216, 109, 360, 271, 215, 395, 263, 122, 376, 291, 187, 24, 316, 148, 85, 78, 176, 20, 69, 147, 284, 408, 398, 286, 341, 29, 116, 25, 87, 235, 174, 146, 10, 407, 80, 346, 373, 161, 105, 236, 228, 84, 170, 57, 123, 262, 368, 92, 127, 59, 245, 82, 175, 322, 306, 335, 198, 281, 121, 320, 96, 125, 186, 206, 418, 86, 135, 290, 144, 289, 16, 384, 209, 374, 393, 8, 136, 227, 293, 323, 33, 12, 307, 50, 150, 400, 310, 309, 348, 26, 283, 163, 357, 248, 217, 220, 411, 369, 402, 222, 385, 197, 5, 300, 423, 266, 9, 66, 172, 60, 23, 165, 32, 19, 344, 114, 75, 367, 99, 420, 88, 81, 417, 104, 387, 189, 214, 108, 413, 28, 359, 42, 204, 326, 106, 44, 299, 406, 181, 192, 208, 390, 327, 255, 304, 350, 336, 375, 244, 202, 264, 164, 404, 252, 321, 153, 294, 63, 113, 73, 287, 351, 72, 110, 389, 137, 138, 191, 329, 36, 250, 268, 11, 211, 302, 386, 117, 0, 362, 61, 396, 331, 388, 269, 305, 98, 405, 111, 267, 311, 231, 399, 238, 177, 6, 77, 333, 126, 93, 180, 258, 391, 372, 97, 319, 330, 288, 70, 200, 46, 277, 58, 409, 2, 17, 295, 156, 246, 203, 297, 101, 90, 260, 314, 201, 142, 382, 419, 160, 412, 380, 182, 392, 15, 354, 212, 112, 149, 338, 230, 224, 366, 218, 379, 141, 317, 128, 334, 158, 4, 38, 76, 233, 53, 168, 345, 131, 397, 358, 134, 7, 414, 273, 34, 74, 1, 422, 377, 332, 140, 162, 280, 100, 173, 247, 221, 37, 115, 318, 254, 276, 371, 347, 145]
[Time: 30.06.23 09:31:10] [Level: info] transition: compute_std
[Time: 30.06.23 09:31:11] [Level: info] state: compute_std
[CTRL] GET /data
[CTRL] POST /data
(422, 1)
[Time: 30.06.23 09:31:13] [Level: info] transition: apply_scaling
[Time: 30.06.23 09:31:14] [Level: info] state: apply_scaling
[CTRL] GET /data
[CTRL] POST /data
[184 383 128 352 260  92 221 241 416 313 275 395 245 251 349 170 134 227
 315  34  76 280 310 127 155 214 150 105 140  13 267 202 129 405 362  58
 132  82 171 181 157  90 211 149  37 226 187 403 165  83 411 230 365 414
 335  87 239 250 330 271 369  23 390 240 151 317  47 377  77 306 307  46
  86 364   6 176  69 398 252 265 213  29 294 218  81 285 355 138 199 210
 316 259  95  12 220 118 169 378 217 351 298 193 109 382  50 389 208  98
 289  57 235 137 269 393  42 174 224 228 236 102 367 341 308 292 283 188
   5 117  36 321  55 400 337 346  56 163 106 143 222 262 392 186 180   9
 125 219 331 376 302 124 257 312  61 126  51 342 192 153 113 215 131 190
 274 156  41 353 373 160  39 328 201 284   8 332 101 359 357 273 212 281
  14  54  40 254 402  96  43 384 130 111 366 195 232 300  60 263 207 421
  38  18  28  93 194 325 234 166 107 136 305 303 162 261 420  73 336   1
 387 189 327 237 256 248 348 339  74  22 291 161  64 244  17  33 141 206
 399 179   4  71 279 229  52 347 135  66 318 152  15 371 114  72 238 343
 381  16 417 120 182 401  84 319 282  94 144  99 394 145 385 258  20 191
 293 286 255 246  35 287 363 368 278 203 372 177  85 146 205 299 168 375
 324  70 407 115  49 116 233 103  44 304 112 121 175  48   7 410 268 297
 408 418 225 344 108 139 345 419 309 216 413 247 358 242 159  11  91  19
 296 253 123 100 340 172  75 290 148 370 104  25  78 110  53 338 154 354
 314 374 277 185 164  32 295 142 386 412 276 183 361 301 320 231 356 204
  59 329 404 350  68 406 379 249 380 133 178 243   3  27 147 272 391 173
  89]
(array([184, 383]),)
CURRENT DATA:  [[ 0.          0.          0.50724174 ...  0.          0.07456526
   0.0240784 ]
 [ 0.86993654  0.77877881  0.64348364 ...  0.57083876  0.43953525
  -0.07528851]
 [ 0.95695563  0.          0.         ...  0.         -0.88717797
   0.73988341]
 ...
 [ 0.         -0.15333712  1.1460371  ...  0.21955415 -1.65203511
   0.        ]
 [-0.31983034  0.80458207  1.0101715  ...  0.92965162 -0.37387259
  -2.62979754]
 [ 0.02350355  0.72524424  0.6952222  ...  0.61588798  0.60854014
  -0.48114798]]
[Time: 30.06.23 09:31:16] [Level: info] transition: mfa_prerequisites
[Time: 30.06.23 09:31:17] [Level: info] state: mfa_prerequisites
Calling start_power_iteration
[Time: 30.06.23 09:31:17] [Level: info] transition: start_power_iteration
[Time: 30.06.23 09:31:18] [Level: info] state: start_power_iteration
[STARTUP] Computing covariance matrix
[STARTUP] Random initialisation
TABDATA SCALED
[[ 0.          0.          0.50724174 ...  0.          0.07456526
   0.0240784 ]
 [ 0.86993654  0.77877881  0.64348364 ...  0.57083876  0.43953525
  -0.07528851]
 [ 0.95695563  0.          0.         ...  0.         -0.88717797
   0.73988341]
 ...
 [ 0.         -0.15333712  1.1460371  ...  0.21955415 -1.65203511
   0.        ]
 [-0.31983034  0.80458207  1.0101715  ...  0.92965162 -0.37387259
  -2.62979754]
 [ 0.02350355  0.72524424  0.6952222  ...  0.61588798  0.60854014
  -0.48114798]]
[Time: 30.06.23 09:31:18] [Level: info] transition: compute_final_h_cov
[Time: 30.06.23 09:31:19] [Level: info] state: compute_final_h_cov
[CTRL] GET /data
[CTRL] POST /data
Setting k
starting eigenvector norms
17
[Time: 30.06.23 09:31:22] [Level: info] transition: compute_local_conorm
[Time: 30.06.23 09:31:23] [Level: info] state: compute_local_conorm
[CTRL] GET /data
[CTRL] POST /data
[Time: 30.06.23 09:31:25] [Level: info] transition: compute_local_norm
[Time: 30.06.23 09:31:26] [Level: info] state: compute_local_norm
[CTRL] GET /data
[CTRL] POST /data
starting orthogonalise_current
ending orthogonalise_current
starting eigenvector norms
17
[Time: 30.06.23 09:31:28] [Level: info] transition: compute_local_conorm
[Time: 30.06.23 09:31:29] [Level: info] state: compute_local_conorm
[CTRL] GET /data
[CTRL] POST /data
[Time: 30.06.23 09:31:31] [Level: info] transition: compute_local_norm
[Time: 30.06.23 09:31:32] [Level: info] state: compute_local_norm
[CTRL] GET /data
[CTRL] POST /data
starting orthogonalise_current
ending orthogonalise_current
starting eigenvector norms
17
[Time: 30.06.23 09:31:34] [Level: info] transition: compute_local_conorm
[Time: 30.06.23 09:31:35] [Level: info] state: compute_local_conorm
[CTRL] GET /data
[CTRL] POST /data
[Time: 30.06.23 09:31:37] [Level: info] transition: compute_local_norm
[Time: 30.06.23 09:31:38] [Level: info] state: compute_local_norm
[CTRL] GET /data
[CTRL] POST /data
starting orthogonalise_current
ending orthogonalise_current
starting eigenvector norms
17
[Time: 30.06.23 09:31:40] [Level: info] transition: compute_local_conorm
[Time: 30.06.23 09:31:41] [Level: info] state: compute_local_conorm
[CTRL] GET /data
[CTRL] POST /data
[Time: 30.06.23 09:31:43] [Level: info] transition: compute_local_norm
[Time: 30.06.23 09:31:44] [Level: info] state: compute_local_norm
[CTRL] GET /data
[CTRL] POST /data
starting orthogonalise_current
ending orthogonalise_current
starting eigenvector norms
17
[Time: 30.06.23 09:31:46] [Level: info] transition: compute_local_conorm
[Time: 30.06.23 09:31:47] [Level: info] state: compute_local_conorm
[CTRL] GET /data
[CTRL] POST /data
[Time: 30.06.23 09:31:49] [Level: info] transition: compute_local_norm
[Time: 30.06.23 09:31:50] [Level: info] state: compute_local_norm
[CTRL] GET /data
[CTRL] POST /data
starting orthogonalise_current
ending orthogonalise_current
starting eigenvector norms
17
[Time: 30.06.23 09:31:52] [Level: info] transition: compute_local_conorm
[Time: 30.06.23 09:31:53] [Level: info] state: compute_local_conorm
[CTRL] GET /data
[CTRL] POST /data
[Time: 30.06.23 09:31:55] [Level: info] transition: compute_local_norm
[Time: 30.06.23 09:31:56] [Level: info] state: compute_local_norm
[CTRL] GET /data
[CTRL] POST /data
starting orthogonalise_current
ending orthogonalise_current
starting eigenvector norms
17
[Time: 30.06.23 09:31:58] [Level: info] transition: compute_local_conorm
[Time: 30.06.23 09:31:59] [Level: info] state: compute_local_conorm
[CTRL] GET /data
[CTRL] POST /data
[Time: 30.06.23 09:32:01] [Level: info] transition: compute_local_norm
[Time: 30.06.23 09:32:02] [Level: info] state: compute_local_norm
[CTRL] GET /data
[CTRL] POST /data
starting orthogonalise_current
ending orthogonalise_current
starting eigenvector norms
17
[Time: 30.06.23 09:32:04] [Level: info] transition: compute_local_conorm
[Time: 30.06.23 09:32:05] [Level: info] state: compute_local_conorm
[CTRL] GET /data
[CTRL] POST /data
[Time: 30.06.23 09:32:07] [Level: info] transition: compute_local_norm
[Time: 30.06.23 09:32:08] [Level: info] state: compute_local_norm
[CTRL] GET /data
[CTRL] POST /data
starting orthogonalise_current
ending orthogonalise_current
starting eigenvector norms
17
[Time: 30.06.23 09:32:10] [Level: info] transition: compute_local_conorm
[Time: 30.06.23 09:32:11] [Level: info] state: compute_local_conorm
[CTRL] GET /data
[CTRL] POST /data
[Time: 30.06.23 09:32:13] [Level: info] transition: compute_local_norm
[Time: 30.06.23 09:32:14] [Level: info] state: compute_local_norm
[CTRL] GET /data
[CTRL] POST /data
starting orthogonalise_current
ending orthogonalise_current
starting eigenvector norms
17
[Time: 30.06.23 09:32:16] [Level: info] transition: compute_local_conorm
[Time: 30.06.23 09:32:17] [Level: info] state: compute_local_conorm
[CTRL] GET /data
[CTRL] POST /data
[Time: 30.06.23 09:32:19] [Level: info] transition: compute_local_norm
[Time: 30.06.23 09:32:20] [Level: info] state: compute_local_norm
[CTRL] GET /data
[CTRL] POST /data
starting orthogonalise_current
ending orthogonalise_current
starting eigenvector norms
17
[Time: 30.06.23 09:32:22] [Level: info] transition: compute_local_conorm
[Time: 30.06.23 09:32:23] [Level: info] state: compute_local_conorm
[CTRL] GET /data
[CTRL] POST /data
[Time: 30.06.23 09:32:25] [Level: info] transition: compute_local_norm
[Time: 30.06.23 09:32:26] [Level: info] state: compute_local_norm
[CTRL] GET /data
[CTRL] POST /data
starting orthogonalise_current
ending orthogonalise_current
starting eigenvector norms
17
[Time: 30.06.23 09:32:28] [Level: info] transition: compute_local_conorm
[Time: 30.06.23 09:32:29] [Level: info] state: compute_local_conorm
[CTRL] GET /data
[CTRL] POST /data
[Time: 30.06.23 09:32:31] [Level: info] transition: compute_local_norm
[Time: 30.06.23 09:32:32] [Level: info] state: compute_local_norm
[CTRL] GET /data
[CTRL] POST /data
starting orthogonalise_current
ending orthogonalise_current
starting eigenvector norms
17
[Time: 30.06.23 09:32:34] [Level: info] transition: compute_local_conorm
[Time: 30.06.23 09:32:35] [Level: info] state: compute_local_conorm
[CTRL] GET /data
[CTRL] POST /data
[Time: 30.06.23 09:32:37] [Level: info] transition: compute_local_norm
[Time: 30.06.23 09:32:38] [Level: info] state: compute_local_norm
[CTRL] GET /data
[CTRL] POST /data
starting orthogonalise_current
ending orthogonalise_current
starting eigenvector norms
17
[Time: 30.06.23 09:32:40] [Level: info] transition: compute_local_conorm
[Time: 30.06.23 09:32:41] [Level: info] state: compute_local_conorm
[CTRL] GET /data
[CTRL] POST /data
[Time: 30.06.23 09:32:43] [Level: info] transition: compute_local_norm
[Time: 30.06.23 09:32:44] [Level: info] state: compute_local_norm
[CTRL] GET /data
[CTRL] POST /data
starting orthogonalise_current
ending orthogonalise_current
starting eigenvector norms
17
[Time: 30.06.23 09:32:46] [Level: info] transition: compute_local_conorm
[Time: 30.06.23 09:32:47] [Level: info] state: compute_local_conorm
[CTRL] GET /data
[CTRL] POST /data
[Time: 30.06.23 09:32:49] [Level: info] transition: compute_local_norm
[Time: 30.06.23 09:32:50] [Level: info] state: compute_local_norm
[CTRL] GET /data
[CTRL] POST /data
starting orthogonalise_current
ending orthogonalise_current
starting eigenvector norms
17
[Time: 30.06.23 09:32:52] [Level: info] transition: compute_local_conorm
[Time: 30.06.23 09:32:53] [Level: info] state: compute_local_conorm
[CTRL] GET /data
[CTRL] POST /data
[Time: 30.06.23 09:32:55] [Level: info] transition: compute_local_norm
[Time: 30.06.23 09:32:56] [Level: info] state: compute_local_norm
[CTRL] GET /data
[CTRL] POST /data
starting orthogonalise_current
ending orthogonalise_current
starting eigenvector norms
17
[Time: 30.06.23 09:32:58] [Level: info] transition: normalize_g
[Time: 30.06.23 09:32:59] [Level: info] state: normalize_g
[CTRL] GET /data
[CTRL] POST /data
Normalising
(26, 17)
17
End normalising
(26, 17)
(17, 17)
(17,)
(26, 17)
[Time: 30.06.23 09:33:01] [Level: info] transition: separate_pca
[Time: 30.06.23 09:33:02] [Level: info] state: separate_pca
Starting factor analysis
[Time: 30.06.23 09:33:02] [Level: info] transition: scale_tabdata
[Time: 30.06.23 09:33:03] [Level: info] state: scale_tabdata
OMIC [[ 0.          0.          0.50724174 ...  0.          0.07456526
   0.0240784 ]
 [ 0.86993654  0.77877881  0.64348364 ...  0.57083876  0.43953525
  -0.07528851]
 [ 0.95695563  0.          0.         ...  0.         -0.88717797
   0.73988341]
 ...
 [ 0.         -0.15333712  1.1460371  ...  0.21955415 -1.65203511
   0.        ]
 [-0.31983034  0.80458207  1.0101715  ...  0.92965162 -0.37387259
  -2.62979754]
 [ 0.02350355  0.72524424  0.6952222  ...  0.61588798  0.60854014
  -0.48114798]]
type OMIC <class 'numpy.ndarray'>
OMIC [[ 0.          0.          0.50724174 ...  0.          0.07456526
   0.0240784 ]
 [ 0.86993654  0.77877881  0.64348364 ...  0.57083876  0.43953525
  -0.07528851]
 [ 0.95695563  0.          0.         ...  0.         -0.88717797
   0.73988341]
 ...
 [ 0.         -0.15333712  1.1460371  ...  0.21955415 -1.65203511
   0.        ]
 [-0.31983034  0.80458207  1.0101715  ...  0.92965162 -0.37387259
  -2.62979754]
 [ 0.02350355  0.72524424  0.6952222  ...  0.61588798  0.60854014
  -0.48114798]]
type OMIC <class 'numpy.ndarray'>
[Time: 30.06.23 09:33:03] [Level: info] transition: factor_analysis
[Time: 30.06.23 09:33:04] [Level: info] state: factor_analysis
Starting MFA final
[Time: 30.06.23 09:33:04] [Level: info] transition: mfa_final
[Time: 30.06.23 09:33:05] [Level: info] state: mfa_final
Starting save results
[Time: 30.06.23 09:33:05] [Level: info] transition: save_results
[Time: 30.06.23 09:33:06] [Level: info] state: save_results
SAVING RESULTS
saving pca/mnt/output/pca/left_eigenvectors.tsv
	
MOVE INPUT TO OUTPUT
[Time: 30.06.23 09:33:06] [Level: info] transition: finalize
[CTRL] GET /data
[Time: 30.06.23 09:33:07] [Level: info] state: finalize
[Time: 30.06.23 09:33:07] [Level: info] transition: terminal
[Time: 30.06.23 09:33:07] [Level: info] done
