2023-06-29 14:15:25,296 CRIT Supervisor is running as root.  Privileges were not dropped because no user is specified in the config file.  If you intend to run as root, you can set user=root in the config file to avoid this message.
2023-06-29 14:15:25,299 INFO supervisord started with pid 7
2023-06-29 14:15:26,303 INFO spawned: 'nginx' with pid 10
2023-06-29 14:15:26,307 INFO spawned: 'app' with pid 11
2023-06-29 14:15:27,366 INFO success: nginx entered RUNNING state, process has stayed up for > than 1 seconds (startsecs)
2023-06-29 14:15:27,367 INFO success: app entered RUNNING state, process has stayed up for > than 1 seconds (startsecs)
[CTRL] POST /setup
[Time: 29.06.23 14:15:29] [Level: info] id: 8d8d848111ace187
[Time: 29.06.23 14:15:29] [Level: info] coordinator: False
[Time: 29.06.23 14:15:29] [Level: info] clients: ['350955672a08206e', '8d8d848111ace187']
[Time: 29.06.23 14:15:29] [Level: info] state: initial
[CLIENT] Parsing parameter file...
[API] /setup parsing parameter file 
[API] /setup config file found ... parsing file: /mnt/input/config.yaml
YAML file does not follow specification: missing key: eigenvalues
Setting default: eigenvalues.tsv
YAML file does not follow specification: missing key: explained_variance
Setting default: eigenvalues.tsv
YAML file does not follow specification: missing key: output delimiter
Setting default: tab
[API] /setup config file found ... parsing done
[CLIENT] finished parsing parameter file.
[STARTUP] Instantiate SVD
[Time: 29.06.23 14:15:29] [Level: info] transition: init_pca
[Time: 29.06.23 14:15:30] [Level: info] state: init_pca
[STARTUP] Copy configuration and create dir
/mnt/input/hospital_data_bredel_1.csv
TEST: ['/mnt/input/hospital_data_bredel_1 - Copy.csv', '/mnt/input/hospital_data_bredel_1.csv']
RUNNING ON:  /mnt/input/hospital_data_bredel_1 - Copy.csv
number of omics:  2
[STARTUP] Configuration copied
Log Transform performed
/app/apps/svd/FC_Federated_PCA.py:97: RuntimeWarning: invalid value encountered in log2
  self.tabdata.scaled = np.log2(self.tabdata.scaled+1)
[Time: 29.06.23 14:15:30] [Level: info] transition: wait_for_params
[Time: 29.06.23 14:15:31] [Level: info] state: wait_for_params
[CTRL] GET /data
[CTRL] POST /data
setting parameters
[API] Setting parameters
['GABBR1', 'CD58', 'LOC400451', 'IGF1R', 'PDPN', 'LILRA1', 'KLRC1', 'PLP2', 'AKR1C2', 'MYBPC2', 'CLTB', 'L1CAM', 'ZNF549', 'TncRNA', 'LYN', 'CTHRC1', 'PDE4DIP', 'WASF1', 'FBXO2', 'NEFH', 'CD47', 'PRG1', 'PDLIM7', 'COL9A2', 'RAB27B', 'KCNJ1', 'FCGRT', 'PRKAR1B', 'LMO7', 'ACAD8', 'VAMP2', 'CCL2', 'HPCA', 'RBP4', 'CDKN2D', 'C1orf187', 'DDEF1', 'OSBPL1A', 'TSPAN6', 'BCAM', 'AA181288', 'PLA2G2A', 'C8orf4', 'SPARC', 'MGC26694', 'ZNF419B', 'SETD5', 'NCF2', 'CCDC3', 'SCN2B', 'IL32', 'PSD3', 'PARP14', 'MED11', 'C16orf5', 'AI335002', 'NUAK1', 'UGCG', 'KIAA1543', 'IGFBP3', 'T51726', 'DIP2C', 'NLGN1', 'PNCK', 'VASP', 'C9orf48', 'SP100', 'MGC18216', 'FAM84A', 'LAMA4', 'EMP3', 'PYHIN1', 'TMEM146', 'CBX6', 'NMNAT2', 'CLCA3', 'AA906888', 'POSTN', 'TCF7L1', 'MYC', 'KLRC2', 'PPP1R14A', 'HBXIP', 'T62491', 'CBLN2', 'DYNLT1', 'ANK3', 'EXT1', 'IGF2BP3', 'NPTX1', 'CAP2', 'HBA1', 'MVP', 'ADFP', 'DECR2', 'CAMKK2', 'NDST1', 'NOTCH1', 'SOX4', 'MST150', 'HPRT1', 'F13A1', 'H10054', 'DKFZp313A2432', 'CEAL1', 'C1R', 'TOMM40', 'INPP5F', 'AA398420', 'CACNB3', 'PRRX1', 'MAPKBP1', 'EDG3', 'R70684', 'TFDP2', 'KCNMA1', 'ITGA3', 'LOC57228', 'NDUFB11', 'BNIP2', 'ANXA5', 'AI357047', 'RAB30', 'T97457', 'LOC389831', 'PTPRZ1', 'HLA.DRB1', 'EPB49', 'COL6A2', 'CASP1', 'AI005038', 'W93688', 'FLJ35740', 'IGHG1', 'WDR7', 'CYBA', 'GOT1', 'CLIC1', 'CDC20B', 'HMOX1', 'EFHB', 'R52960', 'STK17A', 'MRC2', 'ADM', 'PRKCB1', 'DNASE1L1', 'IL1RAP', 'APCS', 'KIAA1644', 'MST1', 'SERPING1', 'GPSM2', 'IFI30', 'TGFBI', 'IQSEC1', 'HLA.F', 'COX7A1', 'HK2', 'IGSF3', 'MGC39606', 'CHN1', 'MSTP9', 'STXBP1', 'PDXP', 'CAMK2A', 'TAP1', 'PLTP', 'ABCA5', 'R61377', 'COX6A2', 'L3MBTL4', 'AA401952', 'AI822135', 'AA490257', 'GAS1', 'MGP', 'CACNB2', 'PYCR1', 'LY96', 'CD53', 'LUM', 'DCLRE1B', 'RPS3A', 'PARD3', 'H20822', 'HEY1', 'BGN', 'AA424849', 'NLK', 'STEAP3', 'COL3A1', 'KLRC3', 'DLL3', 'R70506', 'HAMP', 'TSPAN4', 'VSNL1', 'AA489629', 'BLVRB', 'NPL', 'RND3', 'TBC1D7', 'USP6NL', 'S100A1', 'H41096', 'PHLDA1', 'DSCR1L1', 'LOC541471', 'PEG3', 'ABCC3', 'LOC283130', 'AI871056', 'CKMT1A', 'RPS19BP1', 'WWTR1', 'MMP2', 'ADCY1', 'SLC15A2', 'VEGF', 'LGALS3', 'AA975768', 'FZD7', 'X38595', 'CAPG', 'TIMP3', 'ZNF160', 'NPC2', 'CYR61', 'MICAL2', 'FN1', 'AI350724', 'GPNMB', 'D21S2089E', 'RUNX1', 'SBP1', 'TTC23', 'H91845', 'NSF', 'PSG5', 'FBXW7', 'MDK', 'DES', 'AA598631', 'CHI3L2', 'ZNF233', 'LRBA', 'TNFAIP3', 'LOC146795', 'GADD45B', 'EDG1', 'FBXO32', 'AA281932', 'LOC283070', 'ARPP.19', 'EDNRB', 'STMN1', 'FBL', 'LOC388610', 'DPYD', 'GYPA', 'OSR1', 'AP4B1', 'N98591', 'RALY', 'HCLS1', 'CLSTN3', 'DEF6', 'TNFRSF12A', 'AA131320', 'LAMB1', 'COL4A2', 'AI263051', 'S100A10', 'FAM46A', 'LOC613212', 'RAB20', 'AI262682', 'URP2', 'SUV39H1', 'DDN', 'RAB11FIP4', 'APOC1', 'NNMT', 'C4A', 'KCNQ2', 'SYNGR3', 'FBXL16', 'CA12', 'SERPINI1', 'IGFBP5', 'H86813', 'PLOD2', 'ATP6V1C1', 'MOAP1', 'SAA2', 'SRPX', 'USP3', 'ITGA9', 'MAL2', 'STC1', 'GBP1', 'ID4', 'ADARB2', 'ZFHX1B', 'LTF', 'PRKCG', 'RGS16', 'CALM1', 'AA479357', 'RBP7', 'APOC2', 'SVIL', 'DMN', 'H08563', 'SLC16A3', 'TNC', 'SNRPN', 'AA029415', 'GYPC', 'MB', 'AKR1C1', 'H78560', 'HNRNPG.T', 'HSPG2', 'PPP3CA', 'MGC42367', 'HLA.G', 'PSG1', 'RFXAP', 'FABP3', 'EGLN2', 'IMAGE.33267', 'PDE2A', 'PLAU', 'SNCG', 'ITPKA', 'SPINT2', 'UBA52', 'TCTEX1D1', 'MTHFD2', 'SCAMP5', 'SPAG6', 'FLJ38984', 'PRSS1', 'MDFI', 'PCDHGC3', 'AA598555', 'CCR1', 'ID3', 'SORT1', 'C6orf12', 'SERPINH1', 'FAM84B', 'EPHB1', 'HLA.A', 'FAS', 'YWHAG', 'TXNDC', 'DUS3L', 'IL21R', 'TLL2', 'ZNF329', 'PPP3CB', 'TSPYL1', 'LAPTM5', 'LSP1', 'CD44', 'TMEM49', 'BCL2A1', 'YWHAH', 'FCGR2B', 'SERPINA3', 'ADAM19', 'RTN3', 'FREQ', 'PCP4', 'NY.SAR.48', 'H24428', 'PRKCZ', 'COL1A1', 'PALLD', 'MYCBP2', 'CA11', 'ITGA5', 'AEBP1', 'C1orf63', 'EID.3', 'ANXA1', 'GBP2', 'ZNF226', 'AIF1', 'SLC35A2', 'NR4A1', 'CDKN1A', 'SOCS3', 'AI002301', 'PYGL', 'CSPG2', 'NCF1', 'LHFPL2', 'SYT7', 'ESM1', 'CAV1', 'UBE4B', 'AA669383', 'X37864', 'COL1A2', 'DDIT4', 'PLAUR', 'ZNF217', 'PRSS3', 'S100A11', 'A2BP1', 'ASPA', 'MSN', 'MASP1', 'KNS2', 'TIMP1', 'KCNK6', 'FGF13', 'KIAA0963']
INDEX
[146, 133, 156, 52, 86, 47, 118, 89, 9, 67, 214, 296, 29, 409, 395, 385, 323, 149, 312, 186, 103, 418, 253, 197, 151, 34, 300, 212, 226, 13, 147, 274, 384, 292, 269, 361, 32, 294, 258, 49, 249, 276, 315, 403, 210, 31, 91, 316, 8, 404, 247, 106, 407, 406, 155, 215, 307, 346, 22, 115, 371, 1, 154, 125, 12, 109, 208, 35, 382, 289, 74, 297, 55, 150, 145, 17, 193, 267, 132, 264, 117, 420, 23, 311, 337, 387, 349, 0, 250, 422, 319, 310, 273, 227, 135, 295, 402, 237, 196, 138, 288, 340, 401, 166, 19, 189, 360, 322, 83, 172, 327, 170, 321, 398, 57, 228, 373, 137, 61, 410, 192, 207, 239, 92, 235, 302, 417, 393, 159, 252, 301, 255, 201, 381, 126, 355, 261, 99, 265, 175, 262, 342, 415, 130, 144, 339, 308, 328, 287, 153, 134, 173, 50, 104, 358, 362, 366, 18, 291, 64, 3, 374, 230, 206, 168, 286, 357, 318, 131, 185, 59, 222, 386, 225, 234, 388, 423, 16, 220, 248, 283, 378, 28, 183, 5, 224, 160, 70, 391, 348, 114, 152, 116, 94, 177, 304, 330, 313, 180, 65, 119, 174, 129, 15, 341, 383, 260, 334, 79, 139, 221, 414, 204, 278, 162, 190, 324, 303, 421, 100, 113, 236, 411, 257, 72, 123, 45, 364, 370, 408, 202, 367, 309, 42, 107, 39, 62, 298, 281, 36, 376, 272, 363, 377, 87, 58, 46, 266, 195, 412, 25, 37, 101, 27, 120, 111, 187, 413, 203, 223, 11, 41, 44, 419, 97, 209, 271, 254, 71, 136, 320, 122, 359, 325, 275, 98, 389, 194, 285, 163, 336, 282, 51, 128, 241, 277, 372, 188, 110, 347, 219, 181, 268, 105, 169, 369, 380, 256, 331, 333, 167, 246, 171, 4, 400, 232, 416, 76, 251, 231, 63, 178, 2, 33, 69, 142, 165, 244, 199, 263, 238, 7, 80, 43, 161, 112, 40, 329, 66, 164, 141, 48, 84, 121, 184, 218, 290, 314, 93, 10, 176, 182, 6, 242, 368, 394, 229, 354, 332, 356, 26, 335, 143, 96, 191, 217, 306, 213, 396, 21, 284, 53, 38, 78, 95, 326, 211, 305, 140, 343, 344, 240, 198, 375, 75, 345, 379, 353, 279, 200, 102, 397, 73, 352, 77, 157, 14, 20, 179, 338, 24, 365, 299, 392, 259, 85, 350, 243, 148, 351, 108, 405, 390, 399, 60, 270, 127, 158, 293, 124, 233, 317, 90, 216, 81, 68, 88, 245, 82, 56, 205, 280]
[Time: 29.06.23 14:15:33] [Level: info] transition: compute_std
[Time: 29.06.23 14:15:34] [Level: info] state: compute_std
[CTRL] GET /data
[CTRL] POST /data
(422, 1)
[Time: 29.06.23 14:15:36] [Level: info] transition: apply_scaling
[Time: 29.06.23 14:15:37] [Level: info] state: apply_scaling
[CTRL] GET /data
[CTRL] POST /data
[411 344 181  75 126 226 152  26 167 172  53 381 328 104 245 339 160 350
  87 235 159 110 260 302 387 269  47 331 106 371 182  21   3 243 132 323
 308 391  52 114  30  72 161 390 200 189 170  61 250 146 151 166 263 251
 134  43  23  36 320 365 341 261 410 184 398 118 218 162  58 327 239  39
 101  68 419 293 202 321 370 400  48 278  37 313 215 373 301 413  63 265
 155 414 284  29  56 133   0 185  16 312 148 351 135 330 227 307 177 346
 329 383 295  24 233 375 183 116  91 180  96 357 249 264  88 112 396 417
  97 254 378  34   5  92 198 379  45  12 420  14  73  85 164 406 111 119
 318  64 194 389 276 415  81 125 294 326 199  90 356 363 143  93 108 139
 392 314 305  95  27 113  84 309 163 280 236 342 388 412  71 262 127 131
 311 300 248 374  70 205  62 283 174 282 186 238 355 224 290 105  69  74
   9 169 147  31 372 255 222 244  40 359 354 117 204 153 289  42 338  54
 303 418  83 171 137  82 285 188 386 259 129 165 136   8 273 217 266 144
 211 332  44 274 402 279 268 246 281 191 358 395 142 203 213 128  15 196
 376  35 267 385 225  25 306 298 195 234 319 138 168 271 207 416 343 107
 149 317 231 109 405 230 315 296  66   4 347 221 141 240 336 399 201  17
 401 145 368  20 287 242 178 394  67  99 122 409 324 157  18 219 272 382
 214  41 232 100 103  65 187  60 292 408 210 404 252 176 229 197 349 397
 220 190  11 377 286 322  28  49 256 393 369 102  46 352 253  38 340   2
  80 325 120 123 192 223 310  55 407  50 291 140 337 288 175 179 258  94
 208 403  89  13 380 348 156 316 335 216 115 247 334 130 158  51 361  57
  86]
(array([344, 411]),)
[Time: 29.06.23 14:15:39] [Level: info] transition: mfa_prerequisites
[Time: 29.06.23 14:15:40] [Level: info] state: mfa_prerequisites
Calling start_power_iteration
[Time: 29.06.23 14:15:40] [Level: info] transition: start_power_iteration
[Time: 29.06.23 14:15:41] [Level: info] state: start_power_iteration
[STARTUP] Computing covariance matrix
[STARTUP] Random initialisation
TABDATA SCALED
[[ 1.16363188  0.80893755  0.36302246 ...  0.22660022  0.09095834
   0.26643528]
 [ 0.2520611   0.         -3.60043305 ...  0.         -0.55283209
   0.99120066]
 [ 0.          0.65591447  0.52455226 ... -0.79315344  0.
   0.        ]
 ...
 [ 0.26533571  0.1241209   0.22821116 ...  0.03517596  0.19371609
   0.86808562]
 [-2.47952816  0.78395306  0.63768741 ...  0.50475002  0.24490998
   0.        ]
 [ 0.04170897 -4.13662418  0.         ...  0.         -2.40180444
   0.59581605]]
[Time: 29.06.23 14:15:41] [Level: info] transition: compute_final_h_cov
[Time: 29.06.23 14:15:42] [Level: info] state: compute_final_h_cov
[CTRL] GET /data
[CTRL] POST /data
Setting k
starting eigenvector norms
17
[Time: 29.06.23 14:15:45] [Level: info] transition: compute_local_conorm
[Time: 29.06.23 14:15:46] [Level: info] state: compute_local_conorm
[CTRL] GET /data
[CTRL] POST /data
[Time: 29.06.23 14:15:48] [Level: info] transition: compute_local_norm
[Time: 29.06.23 14:15:49] [Level: info] state: compute_local_norm
[CTRL] GET /data
[CTRL] POST /data
starting orthogonalise_current
ending orthogonalise_current
starting eigenvector norms
17
[Time: 29.06.23 14:15:51] [Level: info] transition: compute_local_conorm
[Time: 29.06.23 14:15:52] [Level: info] state: compute_local_conorm
[CTRL] GET /data
[CTRL] POST /data
[Time: 29.06.23 14:15:54] [Level: info] transition: compute_local_norm
[Time: 29.06.23 14:15:55] [Level: info] state: compute_local_norm
[CTRL] GET /data
[CTRL] POST /data
starting orthogonalise_current
ending orthogonalise_current
starting eigenvector norms
17
[Time: 29.06.23 14:15:57] [Level: info] transition: compute_local_conorm
[Time: 29.06.23 14:15:58] [Level: info] state: compute_local_conorm
[CTRL] GET /data
[CTRL] POST /data
[Time: 29.06.23 14:16:00] [Level: info] transition: compute_local_norm
[Time: 29.06.23 14:16:01] [Level: info] state: compute_local_norm
[CTRL] GET /data
[CTRL] POST /data
starting orthogonalise_current
ending orthogonalise_current
starting eigenvector norms
17
[Time: 29.06.23 14:16:03] [Level: info] transition: compute_local_conorm
[Time: 29.06.23 14:16:04] [Level: info] state: compute_local_conorm
[CTRL] GET /data
[CTRL] POST /data
[Time: 29.06.23 14:16:06] [Level: info] transition: compute_local_norm
[Time: 29.06.23 14:16:07] [Level: info] state: compute_local_norm
[CTRL] GET /data
[CTRL] POST /data
starting orthogonalise_current
ending orthogonalise_current
starting eigenvector norms
17
[Time: 29.06.23 14:16:09] [Level: info] transition: compute_local_conorm
[Time: 29.06.23 14:16:10] [Level: info] state: compute_local_conorm
[CTRL] GET /data
[CTRL] POST /data
[Time: 29.06.23 14:16:12] [Level: info] transition: compute_local_norm
[Time: 29.06.23 14:16:13] [Level: info] state: compute_local_norm
[CTRL] GET /data
[CTRL] POST /data
starting orthogonalise_current
ending orthogonalise_current
starting eigenvector norms
17
[Time: 29.06.23 14:16:15] [Level: info] transition: compute_local_conorm
[Time: 29.06.23 14:16:16] [Level: info] state: compute_local_conorm
[CTRL] GET /data
[CTRL] POST /data
[Time: 29.06.23 14:16:18] [Level: info] transition: compute_local_norm
[Time: 29.06.23 14:16:19] [Level: info] state: compute_local_norm
[CTRL] GET /data
[CTRL] POST /data
starting orthogonalise_current
ending orthogonalise_current
starting eigenvector norms
17
[Time: 29.06.23 14:16:21] [Level: info] transition: compute_local_conorm
[Time: 29.06.23 14:16:22] [Level: info] state: compute_local_conorm
[CTRL] GET /data
[CTRL] POST /data
[Time: 29.06.23 14:16:24] [Level: info] transition: compute_local_norm
[Time: 29.06.23 14:16:25] [Level: info] state: compute_local_norm
[CTRL] GET /data
[CTRL] POST /data
starting orthogonalise_current
ending orthogonalise_current
starting eigenvector norms
17
[Time: 29.06.23 14:16:27] [Level: info] transition: compute_local_conorm
[Time: 29.06.23 14:16:28] [Level: info] state: compute_local_conorm
[CTRL] GET /data
[CTRL] POST /data
[Time: 29.06.23 14:16:30] [Level: info] transition: compute_local_norm
[Time: 29.06.23 14:16:31] [Level: info] state: compute_local_norm
[CTRL] GET /data
[CTRL] POST /data
starting orthogonalise_current
ending orthogonalise_current
starting eigenvector norms
17
[Time: 29.06.23 14:16:33] [Level: info] transition: compute_local_conorm
[Time: 29.06.23 14:16:34] [Level: info] state: compute_local_conorm
[CTRL] GET /data
[CTRL] POST /data
[Time: 29.06.23 14:16:36] [Level: info] transition: compute_local_norm
[Time: 29.06.23 14:16:37] [Level: info] state: compute_local_norm
[CTRL] GET /data
[CTRL] POST /data
starting orthogonalise_current
ending orthogonalise_current
starting eigenvector norms
17
[Time: 29.06.23 14:16:39] [Level: info] transition: compute_local_conorm
[Time: 29.06.23 14:16:40] [Level: info] state: compute_local_conorm
[CTRL] GET /data
[CTRL] POST /data
[Time: 29.06.23 14:16:42] [Level: info] transition: compute_local_norm
[Time: 29.06.23 14:16:43] [Level: info] state: compute_local_norm
[CTRL] GET /data
[CTRL] POST /data
starting orthogonalise_current
ending orthogonalise_current
starting eigenvector norms
17
[Time: 29.06.23 14:16:45] [Level: info] transition: compute_local_conorm
[Time: 29.06.23 14:16:46] [Level: info] state: compute_local_conorm
[CTRL] GET /data
[CTRL] POST /data
[Time: 29.06.23 14:16:48] [Level: info] transition: compute_local_norm
[Time: 29.06.23 14:16:49] [Level: info] state: compute_local_norm
[CTRL] GET /data
[CTRL] POST /data
starting orthogonalise_current
ending orthogonalise_current
starting eigenvector norms
17
[Time: 29.06.23 14:16:51] [Level: info] transition: compute_local_conorm
[Time: 29.06.23 14:16:52] [Level: info] state: compute_local_conorm
[CTRL] GET /data
[CTRL] POST /data
[Time: 29.06.23 14:16:54] [Level: info] transition: compute_local_norm
[Time: 29.06.23 14:16:55] [Level: info] state: compute_local_norm
[CTRL] GET /data
[CTRL] POST /data
starting orthogonalise_current
ending orthogonalise_current
starting eigenvector norms
17
[Time: 29.06.23 14:16:57] [Level: info] transition: compute_local_conorm
[Time: 29.06.23 14:16:58] [Level: info] state: compute_local_conorm
[CTRL] GET /data
[CTRL] POST /data
[Time: 29.06.23 14:17:00] [Level: info] transition: compute_local_norm
[Time: 29.06.23 14:17:01] [Level: info] state: compute_local_norm
[CTRL] GET /data
[CTRL] POST /data
starting orthogonalise_current
ending orthogonalise_current
starting eigenvector norms
17
[Time: 29.06.23 14:17:03] [Level: info] transition: compute_local_conorm
[Time: 29.06.23 14:17:04] [Level: info] state: compute_local_conorm
[CTRL] GET /data
[CTRL] POST /data
[Time: 29.06.23 14:17:06] [Level: info] transition: compute_local_norm
[Time: 29.06.23 14:17:07] [Level: info] state: compute_local_norm
[CTRL] GET /data
[CTRL] POST /data
starting orthogonalise_current
ending orthogonalise_current
starting eigenvector norms
17
[Time: 29.06.23 14:17:09] [Level: info] transition: compute_local_conorm
[Time: 29.06.23 14:17:10] [Level: info] state: compute_local_conorm
[CTRL] GET /data
[CTRL] POST /data
[Time: 29.06.23 14:17:12] [Level: info] transition: compute_local_norm
[Time: 29.06.23 14:17:13] [Level: info] state: compute_local_norm
[CTRL] GET /data
[CTRL] POST /data
starting orthogonalise_current
ending orthogonalise_current
starting eigenvector norms
17
[Time: 29.06.23 14:17:15] [Level: info] transition: compute_local_conorm
[Time: 29.06.23 14:17:16] [Level: info] state: compute_local_conorm
[CTRL] GET /data
[CTRL] POST /data
[Time: 29.06.23 14:17:18] [Level: info] transition: compute_local_norm
[Time: 29.06.23 14:17:19] [Level: info] state: compute_local_norm
[CTRL] GET /data
[CTRL] POST /data
starting orthogonalise_current
ending orthogonalise_current
starting eigenvector norms
17
[Time: 29.06.23 14:17:21] [Level: info] transition: normalize_g
[Time: 29.06.23 14:17:22] [Level: info] state: normalize_g
[CTRL] GET /data
[CTRL] POST /data
Normalising
(26, 17)
17
End normalising
(26, 17)
(17, 17)
(17,)
(26, 17)
[Time: 29.06.23 14:17:24] [Level: info] transition: seperate_pca
[Time: 29.06.23 14:17:25] [Level: info] state: seperate_pca
[Time: 29.06.23 14:17:25] [Level: info] transition: init_pca
[Time: 29.06.23 14:17:26] [Level: info] state: init_pca
[STARTUP] Copy configuration and create dir
/mnt/input/hospital_data_bredel_1.csv
TEST: ['/mnt/input/hospital_data_bredel_1 - Copy.csv', '/mnt/input/hospital_data_bredel_1.csv']
RUNNING ON:  /mnt/input/hospital_data_bredel_1.csv
number of omics:  2
[STARTUP] Configuration copied
Log Transform performed
/app/apps/svd/FC_Federated_PCA.py:97: RuntimeWarning: invalid value encountered in log2
  self.tabdata.scaled = np.log2(self.tabdata.scaled+1)
[Time: 29.06.23 14:17:26] [Level: info] transition: wait_for_params
[CTRL] GET /data
[Time: 29.06.23 14:17:27] [Level: info] state: wait_for_params
[CTRL] POST /data
setting parameters
[API] Setting parameters
['GABBR1', 'CD58', 'LOC400451', 'IGF1R', 'PDPN', 'LILRA1', 'KLRC1', 'PLP2', 'AKR1C2', 'MYBPC2', 'CLTB', 'L1CAM', 'ZNF549', 'TncRNA', 'LYN', 'CTHRC1', 'PDE4DIP', 'WASF1', 'FBXO2', 'NEFH', 'CD47', 'PRG1', 'PDLIM7', 'COL9A2', 'RAB27B', 'KCNJ1', 'FCGRT', 'PRKAR1B', 'LMO7', 'ACAD8', 'VAMP2', 'CCL2', 'HPCA', 'RBP4', 'CDKN2D', 'C1orf187', 'DDEF1', 'OSBPL1A', 'TSPAN6', 'BCAM', 'AA181288', 'PLA2G2A', 'C8orf4', 'SPARC', 'MGC26694', 'ZNF419B', 'SETD5', 'NCF2', 'CCDC3', 'SCN2B', 'IL32', 'PSD3', 'PARP14', 'MED11', 'C16orf5', 'AI335002', 'NUAK1', 'UGCG', 'KIAA1543', 'IGFBP3', 'T51726', 'DIP2C', 'NLGN1', 'PNCK', 'VASP', 'C9orf48', 'SP100', 'MGC18216', 'FAM84A', 'LAMA4', 'EMP3', 'PYHIN1', 'TMEM146', 'CBX6', 'NMNAT2', 'CLCA3', 'AA906888', 'POSTN', 'TCF7L1', 'MYC', 'KLRC2', 'PPP1R14A', 'HBXIP', 'T62491', 'CBLN2', 'DYNLT1', 'ANK3', 'EXT1', 'IGF2BP3', 'NPTX1', 'CAP2', 'HBA1', 'MVP', 'ADFP', 'DECR2', 'CAMKK2', 'NDST1', 'NOTCH1', 'SOX4', 'MST150', 'HPRT1', 'F13A1', 'H10054', 'DKFZp313A2432', 'CEAL1', 'C1R', 'TOMM40', 'INPP5F', 'AA398420', 'CACNB3', 'PRRX1', 'MAPKBP1', 'EDG3', 'R70684', 'TFDP2', 'KCNMA1', 'ITGA3', 'LOC57228', 'NDUFB11', 'BNIP2', 'ANXA5', 'AI357047', 'RAB30', 'T97457', 'LOC389831', 'PTPRZ1', 'HLA.DRB1', 'EPB49', 'COL6A2', 'CASP1', 'AI005038', 'W93688', 'FLJ35740', 'IGHG1', 'WDR7', 'CYBA', 'GOT1', 'CLIC1', 'CDC20B', 'HMOX1', 'EFHB', 'R52960', 'STK17A', 'MRC2', 'ADM', 'PRKCB1', 'DNASE1L1', 'IL1RAP', 'APCS', 'KIAA1644', 'MST1', 'SERPING1', 'GPSM2', 'IFI30', 'TGFBI', 'IQSEC1', 'HLA.F', 'COX7A1', 'HK2', 'IGSF3', 'MGC39606', 'CHN1', 'MSTP9', 'STXBP1', 'PDXP', 'CAMK2A', 'TAP1', 'PLTP', 'ABCA5', 'R61377', 'COX6A2', 'L3MBTL4', 'AA401952', 'AI822135', 'AA490257', 'GAS1', 'MGP', 'CACNB2', 'PYCR1', 'LY96', 'CD53', 'LUM', 'DCLRE1B', 'RPS3A', 'PARD3', 'H20822', 'HEY1', 'BGN', 'AA424849', 'NLK', 'STEAP3', 'COL3A1', 'KLRC3', 'DLL3', 'R70506', 'HAMP', 'TSPAN4', 'VSNL1', 'AA489629', 'BLVRB', 'NPL', 'RND3', 'TBC1D7', 'USP6NL', 'S100A1', 'H41096', 'PHLDA1', 'DSCR1L1', 'LOC541471', 'PEG3', 'ABCC3', 'LOC283130', 'AI871056', 'CKMT1A', 'RPS19BP1', 'WWTR1', 'MMP2', 'ADCY1', 'SLC15A2', 'VEGF', 'LGALS3', 'AA975768', 'FZD7', 'X38595', 'CAPG', 'TIMP3', 'ZNF160', 'NPC2', 'CYR61', 'MICAL2', 'FN1', 'AI350724', 'GPNMB', 'D21S2089E', 'RUNX1', 'SBP1', 'TTC23', 'H91845', 'NSF', 'PSG5', 'FBXW7', 'MDK', 'DES', 'AA598631', 'CHI3L2', 'ZNF233', 'LRBA', 'TNFAIP3', 'LOC146795', 'GADD45B', 'EDG1', 'FBXO32', 'AA281932', 'LOC283070', 'ARPP.19', 'EDNRB', 'STMN1', 'FBL', 'LOC388610', 'DPYD', 'GYPA', 'OSR1', 'AP4B1', 'N98591', 'RALY', 'HCLS1', 'CLSTN3', 'DEF6', 'TNFRSF12A', 'AA131320', 'LAMB1', 'COL4A2', 'AI263051', 'S100A10', 'FAM46A', 'LOC613212', 'RAB20', 'AI262682', 'URP2', 'SUV39H1', 'DDN', 'RAB11FIP4', 'APOC1', 'NNMT', 'C4A', 'KCNQ2', 'SYNGR3', 'FBXL16', 'CA12', 'SERPINI1', 'IGFBP5', 'H86813', 'PLOD2', 'ATP6V1C1', 'MOAP1', 'SAA2', 'SRPX', 'USP3', 'ITGA9', 'MAL2', 'STC1', 'GBP1', 'ID4', 'ADARB2', 'ZFHX1B', 'LTF', 'PRKCG', 'RGS16', 'CALM1', 'AA479357', 'RBP7', 'APOC2', 'SVIL', 'DMN', 'H08563', 'SLC16A3', 'TNC', 'SNRPN', 'AA029415', 'GYPC', 'MB', 'AKR1C1', 'H78560', 'HNRNPG.T', 'HSPG2', 'PPP3CA', 'MGC42367', 'HLA.G', 'PSG1', 'RFXAP', 'FABP3', 'EGLN2', 'IMAGE.33267', 'PDE2A', 'PLAU', 'SNCG', 'ITPKA', 'SPINT2', 'UBA52', 'TCTEX1D1', 'MTHFD2', 'SCAMP5', 'SPAG6', 'FLJ38984', 'PRSS1', 'MDFI', 'PCDHGC3', 'AA598555', 'CCR1', 'ID3', 'SORT1', 'C6orf12', 'SERPINH1', 'FAM84B', 'EPHB1', 'HLA.A', 'FAS', 'YWHAG', 'TXNDC', 'DUS3L', 'IL21R', 'TLL2', 'ZNF329', 'PPP3CB', 'TSPYL1', 'LAPTM5', 'LSP1', 'CD44', 'TMEM49', 'BCL2A1', 'YWHAH', 'FCGR2B', 'SERPINA3', 'ADAM19', 'RTN3', 'FREQ', 'PCP4', 'NY.SAR.48', 'H24428', 'PRKCZ', 'COL1A1', 'PALLD', 'MYCBP2', 'CA11', 'ITGA5', 'AEBP1', 'C1orf63', 'EID.3', 'ANXA1', 'GBP2', 'ZNF226', 'AIF1', 'SLC35A2', 'NR4A1', 'CDKN1A', 'SOCS3', 'AI002301', 'PYGL', 'CSPG2', 'NCF1', 'LHFPL2', 'SYT7', 'ESM1', 'CAV1', 'UBE4B', 'AA669383', 'X37864', 'COL1A2', 'DDIT4', 'PLAUR', 'ZNF217', 'PRSS3', 'S100A11', 'A2BP1', 'ASPA', 'MSN', 'MASP1', 'KNS2', 'TIMP1', 'KCNK6', 'FGF13', 'KIAA0963']
INDEX
[146, 133, 156, 52, 86, 47, 118, 89, 9, 67, 214, 296, 29, 409, 395, 385, 323, 149, 312, 186, 103, 418, 253, 197, 151, 34, 300, 212, 226, 13, 147, 274, 384, 292, 269, 361, 32, 294, 258, 49, 249, 276, 315, 403, 210, 31, 91, 316, 8, 404, 247, 106, 407, 406, 155, 215, 307, 346, 22, 115, 371, 1, 154, 125, 12, 109, 208, 35, 382, 289, 74, 297, 55, 150, 145, 17, 193, 267, 132, 264, 117, 420, 23, 311, 337, 387, 349, 0, 250, 422, 319, 310, 273, 227, 135, 295, 402, 237, 196, 138, 288, 340, 401, 166, 19, 189, 360, 322, 83, 172, 327, 170, 321, 398, 57, 228, 373, 137, 61, 410, 192, 207, 239, 92, 235, 302, 417, 393, 159, 252, 301, 255, 201, 381, 126, 355, 261, 99, 265, 175, 262, 342, 415, 130, 144, 339, 308, 328, 287, 153, 134, 173, 50, 104, 358, 362, 366, 18, 291, 64, 3, 374, 230, 206, 168, 286, 357, 318, 131, 185, 59, 222, 386, 225, 234, 388, 423, 16, 220, 248, 283, 378, 28, 183, 5, 224, 160, 70, 391, 348, 114, 152, 116, 94, 177, 304, 330, 313, 180, 65, 119, 174, 129, 15, 341, 383, 260, 334, 79, 139, 221, 414, 204, 278, 162, 190, 324, 303, 421, 100, 113, 236, 411, 257, 72, 123, 45, 364, 370, 408, 202, 367, 309, 42, 107, 39, 62, 298, 281, 36, 376, 272, 363, 377, 87, 58, 46, 266, 195, 412, 25, 37, 101, 27, 120, 111, 187, 413, 203, 223, 11, 41, 44, 419, 97, 209, 271, 254, 71, 136, 320, 122, 359, 325, 275, 98, 389, 194, 285, 163, 336, 282, 51, 128, 241, 277, 372, 188, 110, 347, 219, 181, 268, 105, 169, 369, 380, 256, 331, 333, 167, 246, 171, 4, 400, 232, 416, 76, 251, 231, 63, 178, 2, 33, 69, 142, 165, 244, 199, 263, 238, 7, 80, 43, 161, 112, 40, 329, 66, 164, 141, 48, 84, 121, 184, 218, 290, 314, 93, 10, 176, 182, 6, 242, 368, 394, 229, 354, 332, 356, 26, 335, 143, 96, 191, 217, 306, 213, 396, 21, 284, 53, 38, 78, 95, 326, 211, 305, 140, 343, 344, 240, 198, 375, 75, 345, 379, 353, 279, 200, 102, 397, 73, 352, 77, 157, 14, 20, 179, 338, 24, 365, 299, 392, 259, 85, 350, 243, 148, 351, 108, 405, 390, 399, 60, 270, 127, 158, 293, 124, 233, 317, 90, 216, 81, 68, 88, 245, 82, 56, 205, 280]
[Time: 29.06.23 14:17:30] [Level: info] transition: compute_std
[Time: 29.06.23 14:17:31] [Level: info] state: compute_std
[CTRL] GET /data
[CTRL] POST /data
(422, 1)
[Time: 29.06.23 14:17:33] [Level: info] transition: apply_scaling
[Time: 29.06.23 14:17:34] [Level: info] state: apply_scaling
[CTRL] GET /data
[CTRL] POST /data
[411 344 181  75 126 226 152  26 167 172  53 381 328 104 245 339 160 350
  87 235 159 110 260 302 387 269  47 331 106 371 182  21   3 243 132 323
 308 391  52 114  30  72 161 390 200 189 170  61 250 146 151 166 263 251
 134  43  23  36 320 365 341 261 410 184 398 118 218 162  58 327 239  39
 101  68 419 293 202 321 370 400  48 278  37 313 215 373 301 413  63 265
 155 414 284  29  56 133   0 185  16 312 148 351 135 330 227 307 177 346
 329 383 295  24 233 375 183 116  91 180  96 357 249 264  88 112 396 417
  97 254 378  34   5  92 198 379  45  12 420  14  73  85 164 406 111 119
 318  64 194 389 276 415  81 125 294 326 199  90 356 363 143  93 108 139
 392 314 305  95  27 113  84 309 163 280 236 342 388 412  71 262 127 131
 311 300 248 374  70 205  62 283 174 282 186 238 355 224 290 105  69  74
   9 169 147  31 372 255 222 244  40 359 354 117 204 153 289  42 338  54
 303 418  83 171 137  82 285 188 386 259 129 165 136   8 273 217 266 144
 211 332  44 274 402 279 268 246 281 191 358 395 142 203 213 128  15 196
 376  35 267 385 225  25 306 298 195 234 319 138 168 271 207 416 343 107
 149 317 231 109 405 230 315 296  66   4 347 221 141 240 336 399 201  17
 401 145 368  20 287 242 178 394  67  99 122 409 324 157  18 219 272 382
 214  41 232 100 103  65 187  60 292 408 210 404 252 176 229 197 349 397
 220 190  11 377 286 322  28  49 256 393 369 102  46 352 253  38 340   2
  80 325 120 123 192 223 310  55 407  50 291 140 337 288 175 179 258  94
 208 403  89  13 380 348 156 316 335 216 115 247 334 130 158  51 361  57
  86]
(array([344, 411]),)
[Time: 29.06.23 14:17:36] [Level: info] transition: mfa_prerequisites
[Time: 29.06.23 14:17:37] [Level: info] state: mfa_prerequisites
Calling start_power_iteration
[Time: 29.06.23 14:17:37] [Level: info] transition: start_power_iteration
[Time: 29.06.23 14:17:38] [Level: info] state: start_power_iteration
[STARTUP] Computing covariance matrix
[STARTUP] Random initialisation
TABDATA SCALED
[[ 1.16363188  0.80893755  0.36302246 ...  0.22660022  0.09095834
   0.26643528]
 [ 0.2520611   0.         -3.60043305 ...  0.         -0.55283209
   0.99120066]
 [ 0.          0.65591447  0.52455226 ... -0.79315344  0.
   0.        ]
 ...
 [ 0.26533571  0.1241209   0.22821116 ...  0.03517596  0.19371609
   0.86808562]
 [-2.47952816  0.78395306  0.63768741 ...  0.50475002  0.24490998
   0.        ]
 [ 0.04170897 -4.13662418  0.         ...  0.         -2.40180444
   0.59581605]]
[Time: 29.06.23 14:17:38] [Level: info] transition: compute_final_h_cov
[CTRL] GET /data
[Time: 29.06.23 14:17:39] [Level: info] state: compute_final_h_cov
[CTRL] POST /data
Setting k
starting eigenvector norms
17
[Time: 29.06.23 14:17:42] [Level: info] transition: compute_local_conorm
[Time: 29.06.23 14:17:43] [Level: info] state: compute_local_conorm
[CTRL] GET /data
[CTRL] POST /data
[Time: 29.06.23 14:17:45] [Level: info] transition: compute_local_norm
[Time: 29.06.23 14:17:46] [Level: info] state: compute_local_norm
[CTRL] GET /data
[CTRL] POST /data
starting orthogonalise_current
ending orthogonalise_current
starting eigenvector norms
17
[Time: 29.06.23 14:17:48] [Level: info] transition: compute_local_conorm
[Time: 29.06.23 14:17:49] [Level: info] state: compute_local_conorm
[CTRL] GET /data
[CTRL] POST /data
[Time: 29.06.23 14:17:51] [Level: info] transition: compute_local_norm
[Time: 29.06.23 14:17:52] [Level: info] state: compute_local_norm
