2023-06-29 13:17:55,579 CRIT Supervisor is running as root.  Privileges were not dropped because no user is specified in the config file.  If you intend to run as root, you can set user=root in the config file to avoid this message.
2023-06-29 13:17:55,582 INFO supervisord started with pid 7
2023-06-29 13:17:56,585 INFO spawned: 'nginx' with pid 10
2023-06-29 13:17:56,586 INFO spawned: 'app' with pid 11
2023-06-29 13:17:57,605 INFO success: nginx entered RUNNING state, process has stayed up for > than 1 seconds (startsecs)
2023-06-29 13:17:57,605 INFO success: app entered RUNNING state, process has stayed up for > than 1 seconds (startsecs)
[CTRL] POST /setup
[Time: 29.06.23 13:17:59] [Level: info] id: eeaad477233463b2
[Time: 29.06.23 13:17:59] [Level: info] coordinator: False
[Time: 29.06.23 13:17:59] [Level: info] clients: ['eeaad477233463b2', '217b2cc407f49c0b']
[Time: 29.06.23 13:17:59] [Level: info] state: initial
[CLIENT] Parsing parameter file...
[API] /setup parsing parameter file 
[API] /setup config file found ... parsing file: /mnt/input/config.yaml
YAML file does not follow specification: missing key: eigenvalues
Setting default: eigenvalues.tsv
YAML file does not follow specification: missing key: explained_variance
Setting default: eigenvalues.tsv
YAML file does not follow specification: missing key: output delimiter
Setting default: tab
[API] /setup config file found ... parsing done
[CLIENT] finished parsing parameter file.
[STARTUP] Instantiate SVD
[STARTUP] Copy configuration and create dir
/mnt/input/hospital_data_bredel_1.csv
TEST: ['/mnt/input/hospital_data_bredel_1.csv']
number of omics:  1
[STARTUP] Configuration copied
Log Transform performed
/app/apps/svd/FC_Federated_PCA.py:97: RuntimeWarning: invalid value encountered in log2
  self.tabdata.scaled = np.log2(self.tabdata.scaled+1)
[Time: 29.06.23 13:17:59] [Level: info] transition: wait_for_params
[Time: 29.06.23 13:18:00] [Level: info] state: wait_for_params
[CTRL] GET /data
[CTRL] POST /data
setting parameters
[API] Setting parameters
['GYPC', 'PLTP', 'GAS1', 'TTC23', 'COL4A2', 'STK17A', 'SVIL', 'ZNF549', 'AA479357', 'DECR2', 'CAPG', 'LOC389831', 'KLRC2', 'SLC16A3', 'TOMM40', 'EMP3', 'ATP6V1C1', 'AI871056', 'RPS19BP1', 'MSN', 'TCF7L1', 'TIMP3', 'LOC146795', 'TNC', 'LOC283130', 'DCLRE1B', 'MDK', 'RAB11FIP4', 'CAV1', 'AI357047', 'APOC1', 'KNS2', 'C16orf5', 'HLA.A', 'X38595', 'BCL2A1', 'COL6A2', 'RBP4', 'NPC2', 'AA906888', 'LHFPL2', 'CACNB2', 'H10054', 'PRRX1', 'RGS16', 'IGSF3', 'R61377', 'ADAM19', 'NDST1', 'SBP1', 'TIMP1', 'CA12', 'CD58', 'VSNL1', 'MGC26694', 'DDIT4', 'STEAP3', 'COL1A1', 'SPINT2', 'LTF', 'SPARC', 'PRKCZ', 'PSG1', 'IGFBP3', 'C9orf48', 'DPYD', 'CHI3L2', 'PDXP', 'SPAG6', 'C8orf4', 'SERPINH1', 'H20822', 'KCNJ1', 'MMP2', 'ZNF226', 'RTN3', 'DKFZp313A2432', 'FCGR2B', 'AA029415', 'FCGRT', 'WASF1', 'FREQ', 'TMEM146', 'SERPINI1', 'TSPYL1', 'C4A', 'INPP5F', 'ZFHX1B', 'COL3A1', 'URP2', 'TBC1D7', 'MICAL2', 'PLP2', 'ANXA5', 'X37864', 'MTHFD2', 'FLJ35740', 'AI350724', 'NY.SAR.48', 'COL9A2', 'RND3', 'AA598555', 'SCN2B', 'MST150', 'KIAA1543', 'TAP1', 'FGF13', 'PPP3CA', 'EDG3', 'NDUFB11', 'DYNLT1', 'SETD5', 'CD53', 'PRKCB1', 'AIF1', 'GBP2', 'UGCG', 'FLJ38984', 'AA598631', 'IQSEC1', 'FN1', 'CEAL1', 'FBXO2', 'MB', 'CKMT1A', 'DES', 'KIAA1644', 'NCF1', 'TXNDC', 'SOCS3', 'T62491', 'GPNMB', 'HCLS1', 'CD47', 'ANXA1', 'CAP2', 'FAM84B', 'HMOX1', 'MRC2', 'IGF2BP3', 'AA669383', 'ZNF419B', 'MGP', 'ABCC3', 'RBP7', 'EXT1', 'CAMK2A', 'NSF', 'CD44', 'FBXW7', 'PLOD2', 'ESM1', 'H24428', 'MST1', 'NCF2', 'PTPRZ1', 'TSPAN6', 'LOC541471', 'PALLD', 'LOC57228', 'AI335002', 'FBL', 'UBE4B', 'RAB30', 'PRSS3', 'PYGL', 'USP6NL', 'GABBR1', 'R70506', 'EFHB', 'HBA1', 'D21S2089E', 'IFI30', 'PLAU', 'MGC18216', 'AI005038', 'ID3', 'SP100', 'NLGN1', 'SERPINA3', 'SOX4', 'IL21R', 'GOT1', 'RAB20', 'STXBP1', 'RFXAP', 'LY96', 'AA490257', 'F13A1', 'C1R', 'CLSTN3', 'DMN', 'FAM84A', 'PHLDA1', 'C6orf12', 'SERPING1', 'HNRNPG.T', 'DDN', 'TCTEX1D1', 'ADARB2', 'DNASE1L1', 'ITGA9', 'EID.3', 'ITPKA', 'AI002301', 'NNMT', 'MAPKBP1', 'NEFH', 'LAPTM5', 'ZNF217', 'L3MBTL4', 'USP3', 'CCDC3', 'FAM46A', 'SAA2', 'VEGF', 'PRKCG', 'AKR1C2', 'LILRA1', 'ZNF329', 'WDR7', 'A2BP1', 'DLL3', 'FBXO32', 'NOTCH1', 'HEY1', 'CTHRC1', 'CDC20B', 'PYCR1', 'ZNF160', 'BNIP2', 'EDG1', 'SLC35A2', 'DUS3L', 'MAL2', 'ITGA3', 'AI262682', 'CA11', 'T97457', 'CBX6', 'STC1', 'HLA.F', 'LYN', 'HPRT1', 'PCP4', 'SYNGR3', 'PPP1R14A', 'VAMP2', 'HAMP', 'N98591', 'PDPN', 'EDNRB', 'IL1RAP', 'LOC613212', 'AEBP1', 'UBA52', 'TNFRSF12A', 'KCNK6', 'KIAA0963', 'MGC39606', 'NPL', 'OSBPL1A', 'SRPX', 'HPCA', 'ACAD8', 'HSPG2', 'H41096', 'NMNAT2', 'SYT7', 'AA975768', 'ADM', 'IGHG1', 'APOC2', 'TMEM49', 'COL1A2', 'MASP1', 'RALY', 'H08563', 'AKR1C1', 'DDEF1', 'AA398420', 'PNCK', 'KCNMA1', 'PRG1', 'AA181288', 'TLL2', 'AA424849', 'TSPAN4', 'PDE2A', 'PSD3', 'AA281932', 'CDKN1A', 'CDKN2D', 'IGF1R', 'CALM1', 'CYBA', 'SLC15A2', 'R52960', 'W93688', 'EGLN2', 'NR4A1', 'HK2', 'YWHAH', 'BLVRB', 'CLCA3', 'ZNF233', 'LAMB1', 'GPSM2', 'CLIC1', 'NPTX1', 'IMAGE.33267', 'YWHAG', 'ITGA5', 'RUNX1', 'AI263051', 'EPB49', 'PLA2G2A', 'MOAP1', 'LUM', 'S100A10', 'LAMA4', 'PARD3', 'GADD45B', 'AA401952', 'MDFI', 'SNCG', 'PCDHGC3', 'HLA.G', 'HLA.DRB1', 'PRSS1', 'AI822135', 'PDLIM7', 'CYR61', 'PSG5', 'AA489629', 'H78560', 'PLAUR', 'PRKAR1B', 'LSP1', 'CAMKK2', 'R70684', 'GYPA', 'ID4', 'KLRC3', 'SUV39H1', 'ADFP', 'PYHIN1', 'ADCY1', 'HBXIP', 'EPHB1', 'IL32', 'T51726', 'LOC283070', 'MSTP9', 'NLK', 'LRBA', 'DEF6', 'GBP1', 'DSCR1L1', 'TNFAIP3', 'LGALS3', 'OSR1', 'PARP14', 'CCR1', 'FBXL16', 'MYBPC2', 'RPS3A', 'SORT1', 'IGFBP5', 'C1orf63', 'S100A1', 'BGN', 'STMN1', 'L1CAM', 'PEG3', 'RAB27B', 'ASPA', 'H91845', 'ANK3', 'ABCA5', 'CCL2', 'CASP1', 'FZD7', 'MYC', 'TncRNA', 'PDE4DIP', 'FABP3', 'COX7A1', 'AA131320', 'COX6A2', 'APCS', 'NUAK1', 'KLRC1', 'LMO7', 'H86813', 'VASP', 'LOC400451', 'MED11', 'CLTB', 'MYCBP2', 'SCAMP5', 'ARPP.19', 'PPP3CB', 'TGFBI', 'KCNQ2', 'CACNB3', 'FAS', 'CBLN2', 'BCAM', 'CHN1', 'MVP', 'SNRPN', 'WWTR1', 'AP4B1', 'DIP2C', 'POSTN', 'TFDP2', 'CSPG2', 'S100A11', 'C1orf187', 'MGC42367', 'LOC388610']
INDEX
[263, 318, 388, 62, 122, 415, 2, 29, 231, 135, 72, 235, 117, 142, 360, 74, 105, 204, 162, 68, 132, 123, 195, 165, 414, 28, 272, 282, 399, 207, 51, 245, 155, 217, 257, 343, 159, 292, 364, 193, 108, 16, 401, 327, 76, 64, 185, 375, 402, 39, 82, 110, 133, 313, 210, 293, 114, 102, 314, 232, 403, 200, 66, 115, 109, 223, 87, 168, 6, 315, 143, 224, 34, 324, 24, 75, 166, 240, 199, 300, 149, 345, 55, 347, 95, 241, 322, 400, 152, 285, 129, 408, 89, 192, 127, 176, 201, 367, 353, 197, 174, 354, 404, 138, 22, 357, 205, 112, 321, 61, 387, 91, 283, 339, 365, 338, 346, 242, 377, 362, 202, 19, 312, 238, 278, 363, 153, 351, 396, 85, 311, 309, 209, 103, 179, 319, 96, 175, 130, 250, 270, 31, 423, 221, 63, 0, 286, 281, 305, 376, 268, 390, 279, 134, 316, 302, 258, 79, 397, 137, 215, 413, 60, 239, 317, 243, 15, 146, 177, 262, 310, 42, 104, 184, 35, 301, 356, 208, 154, 198, 196, 284, 261, 389, 206, 164, 248, 234, 340, 189, 271, 33, 382, 260, 335, 173, 43, 336, 10, 4, 308, 331, 20, 290, 350, 128, 170, 186, 326, 233, 222, 256, 8, 275, 369, 100, 416, 9, 47, 38, 126, 216, 94, 37, 237, 160, 385, 265, 220, 45, 410, 25, 299, 21, 333, 373, 194, 352, 92, 150, 167, 366, 395, 288, 379, 372, 420, 147, 304, 419, 86, 111, 328, 98, 157, 93, 71, 56, 280, 3, 119, 294, 380, 384, 13, 161, 383, 145, 405, 236, 144, 381, 178, 140, 158, 88, 97, 69, 7, 32, 83, 125, 228, 418, 249, 53, 391, 330, 121, 106, 101, 259, 269, 52, 251, 355, 421, 342, 255, 48, 392, 291, 344, 65, 17, 58, 320, 50, 99, 422, 84, 213, 77, 107, 359, 393, 276, 169, 378, 325, 289, 5, 412, 386, 394, 218, 229, 329, 417, 368, 225, 253, 370, 36, 180, 80, 124, 212, 211, 295, 398, 11, 171, 116, 163, 227, 297, 303, 23, 191, 247, 371, 27, 230, 348, 46, 254, 246, 334, 266, 113, 41, 407, 332, 188, 67, 183, 26, 219, 14, 341, 70, 187, 296, 139, 151, 81, 298, 349, 131, 274, 252, 411, 264, 409, 323, 141, 18, 136, 59, 287, 307, 118, 226, 181, 12, 156, 406, 214, 73, 182, 120, 78, 358, 277, 172, 306, 337, 49, 374, 273, 244, 190, 44, 1, 267, 57, 148, 90, 361, 40, 203]
[Time: 29.06.23 13:18:03] [Level: info] transition: compute_std
[Time: 29.06.23 13:18:04] [Level: info] state: compute_std
[CTRL] GET /data
[CTRL] POST /data
(422, 1)
[Time: 29.06.23 13:18:06] [Level: info] transition: apply_scaling
[Time: 29.06.23 13:18:07] [Level: info] state: apply_scaling
[CTRL] GET /data
[CTRL] POST /data
[164 329 318 304 328 229 307  79   1 323 397 158  62 121 305 198 259 367
 145  49  45  43 341 342 202 388 154 299  14  77  25 283 293 118  96 196
 294 114 362 416 247  82 409  74 260 354 389 414 231 200 195 105 249 223
 220  60  99 279 123 208 400 361 209 321 417 109 296 353 104 327 333 408
 188 192 257  16  90 278 302  40 212  89 261 191 412  47 357 221 281 132
 119 376  85 264 391 271 167  71 385   6 390 194 295 386  38  44  41 326
 185 237 214 375 171  81 366 235 170 112  48 311 322 276 139 108 204  31
 224 401 152 292 218 410 334  61 141   7 106 242 239 110  67  94 206 230
  78 395 168 115 183  19 246 155 317 420 303 135 406 402 138 345 280 137
 232 277  59 339 337 340 407   8 184 197   3  68 134 418 346 413 315 298
 272 240  22  75  15 266 178 205 187  30 225 147  33  10 368 189 320 267
 365  46 252 380 179 251 382  66 284 233 349 159 370 172  83  69 255  32
 199  50 130 210 308 348 404 286 369  65 381 146 182 217 319 347 190 270
  24 310  54 213 151 344 256 355  27  88 128 129   5 166 124  36 226 287
 244 419 356 254  21  72 216 201 248 313   0 227 379   4 358 275 117  86
 126 411  97 405 140 120  13 262 177 250 101 269 297 149 203 127 100  80
 268 113 273 133 364 125 228 291 174 103 163 336 265 387 122 215 314 399
  18 316 131 243  76  64 371 351 150  55 143 162 290 142  91  53 176 165
 360  56 373  98 245 335 393 102 372 300  35  42 111  70 352 156  95 396
  12 107  93 238 343  34 144 160 274 350 394 169  58  51   2 186 421   9
 157  28 309 384  57 363 241  23 325  73 282 359 173 175 301 289 285 116
 378]
(array([164, 329]),)
[Time: 29.06.23 13:18:09] [Level: info] transition: mfa_prerequisites
[Time: 29.06.23 13:18:10] [Level: info] state: mfa_prerequisites
Calling prerequisites
[Time: 29.06.23 13:18:10] [Level: info] transition: seperate_pca
[Time: 29.06.23 13:18:11] [Level: info] state: seperate_pca
Starting concat
[Time: 29.06.23 13:18:11] [Level: info] transition: concat
[Time: 29.06.23 13:18:12] [Level: info] state: concat
Starting global PCA
[Time: 29.06.23 13:18:12] [Level: info] transition: global_pca
[Time: 29.06.23 13:18:13] [Level: info] state: global_pca
init PCA
[Time: 29.06.23 13:18:13] [Level: info] transition: init_pca
[Time: 29.06.23 13:18:14] [Level: info] state: init_pca
Starting PCA
[Time: 29.06.23 13:18:14] [Level: info] transition: start_power_iteration
[Time: 29.06.23 13:18:15] [Level: info] state: start_power_iteration
[STARTUP] Computing covariance matrix
[STARTUP] Random initialisation
TABDATA SCALED
[[ 0.          0.          0.19494159 ...  0.          0.
   1.03463033]
 [ 0.66431145 -1.76198101 -0.77767206 ... -0.27299469 -1.31220875
  -0.75108848]
 [ 1.39340365  1.07321945  0.         ...  0.04731788  0.37857383
  -0.11468433]
 ...
 [ 0.6195316   0.         -0.71526355 ...  0.          2.08219743
   2.03769252]
 [-0.16397472  0.00735053  0.12486255 ... -0.16033963  0.04145066
  -0.38352844]
 [ 0.         -0.04933407  0.45647934 ...  0.17887375  0.62822513
   0.24980795]]
[Time: 29.06.23 13:18:15] [Level: info] transition: compute_final_h_cov
[Time: 29.06.23 13:18:16] [Level: info] state: compute_final_h_cov
[CTRL] GET /data
[CTRL] POST /data
Setting k
starting eigenvector norms
17
[Time: 29.06.23 13:18:18] [Level: info] transition: compute_local_conorm
[Time: 29.06.23 13:18:19] [Level: info] state: compute_local_conorm
[CTRL] GET /data
[CTRL] POST /data
[Time: 29.06.23 13:18:21] [Level: info] transition: compute_local_norm
[Time: 29.06.23 13:18:22] [Level: info] state: compute_local_norm
[CTRL] GET /data
[CTRL] POST /data
starting orthogonalise_current
ending orthogonalise_current
starting eigenvector norms
17
[Time: 29.06.23 13:18:24] [Level: info] transition: compute_local_conorm
[Time: 29.06.23 13:18:25] [Level: info] state: compute_local_conorm
[CTRL] GET /data
[CTRL] POST /data
[Time: 29.06.23 13:18:27] [Level: info] transition: compute_local_norm
[Time: 29.06.23 13:18:28] [Level: info] state: compute_local_norm
[CTRL] GET /data
[CTRL] POST /data
starting orthogonalise_current
ending orthogonalise_current
starting eigenvector norms
17
[Time: 29.06.23 13:18:30] [Level: info] transition: compute_local_conorm
[Time: 29.06.23 13:18:31] [Level: info] state: compute_local_conorm
[CTRL] GET /data
[CTRL] POST /data
[Time: 29.06.23 13:18:33] [Level: info] transition: compute_local_norm
[Time: 29.06.23 13:18:34] [Level: info] state: compute_local_norm
[CTRL] GET /data
[CTRL] POST /data
starting orthogonalise_current
ending orthogonalise_current
starting eigenvector norms
17
[Time: 29.06.23 13:18:36] [Level: info] transition: compute_local_conorm
[Time: 29.06.23 13:18:37] [Level: info] state: compute_local_conorm
[CTRL] GET /data
[CTRL] POST /data
[Time: 29.06.23 13:18:39] [Level: info] transition: compute_local_norm
[Time: 29.06.23 13:18:40] [Level: info] state: compute_local_norm
[CTRL] GET /data
[CTRL] POST /data
starting orthogonalise_current
ending orthogonalise_current
starting eigenvector norms
17
[Time: 29.06.23 13:18:42] [Level: info] transition: compute_local_conorm
[Time: 29.06.23 13:18:43] [Level: info] state: compute_local_conorm
[CTRL] GET /data
[CTRL] POST /data
[Time: 29.06.23 13:18:45] [Level: info] transition: compute_local_norm
[Time: 29.06.23 13:18:46] [Level: info] state: compute_local_norm
[CTRL] GET /data
[CTRL] POST /data
starting orthogonalise_current
ending orthogonalise_current
starting eigenvector norms
17
[Time: 29.06.23 13:18:48] [Level: info] transition: compute_local_conorm
[Time: 29.06.23 13:18:49] [Level: info] state: compute_local_conorm
[CTRL] GET /data
[CTRL] POST /data
[Time: 29.06.23 13:18:51] [Level: info] transition: compute_local_norm
[Time: 29.06.23 13:18:52] [Level: info] state: compute_local_norm
[CTRL] GET /data
[CTRL] POST /data
starting orthogonalise_current
ending orthogonalise_current
starting eigenvector norms
17
[Time: 29.06.23 13:18:54] [Level: info] transition: compute_local_conorm
[Time: 29.06.23 13:18:55] [Level: info] state: compute_local_conorm
[CTRL] GET /data
[CTRL] POST /data
[Time: 29.06.23 13:18:57] [Level: info] transition: compute_local_norm
[Time: 29.06.23 13:18:58] [Level: info] state: compute_local_norm
[CTRL] GET /data
[CTRL] POST /data
starting orthogonalise_current
ending orthogonalise_current
starting eigenvector norms
17
[Time: 29.06.23 13:19:00] [Level: info] transition: compute_local_conorm
[Time: 29.06.23 13:19:01] [Level: info] state: compute_local_conorm
[CTRL] GET /data
[CTRL] POST /data
[Time: 29.06.23 13:19:03] [Level: info] transition: compute_local_norm
[Time: 29.06.23 13:19:04] [Level: info] state: compute_local_norm
[CTRL] GET /data
[CTRL] POST /data
starting orthogonalise_current
ending orthogonalise_current
starting eigenvector norms
17
[Time: 29.06.23 13:19:06] [Level: info] transition: compute_local_conorm
[Time: 29.06.23 13:19:07] [Level: info] state: compute_local_conorm
[CTRL] GET /data
[CTRL] POST /data
[Time: 29.06.23 13:19:09] [Level: info] transition: compute_local_norm
[Time: 29.06.23 13:19:10] [Level: info] state: compute_local_norm
[CTRL] GET /data
[CTRL] POST /data
starting orthogonalise_current
ending orthogonalise_current
starting eigenvector norms
17
[Time: 29.06.23 13:19:12] [Level: info] transition: compute_local_conorm
[Time: 29.06.23 13:19:13] [Level: info] state: compute_local_conorm
[CTRL] GET /data
[CTRL] POST /data
[Time: 29.06.23 13:19:15] [Level: info] transition: compute_local_norm
[Time: 29.06.23 13:19:16] [Level: info] state: compute_local_norm
[CTRL] GET /data
[CTRL] POST /data
starting orthogonalise_current
ending orthogonalise_current
starting eigenvector norms
17
[Time: 29.06.23 13:19:18] [Level: info] transition: compute_local_conorm
[Time: 29.06.23 13:19:19] [Level: info] state: compute_local_conorm
[CTRL] GET /data
[CTRL] POST /data
[Time: 29.06.23 13:19:21] [Level: info] transition: compute_local_norm
[Time: 29.06.23 13:19:22] [Level: info] state: compute_local_norm
[CTRL] GET /data
[CTRL] POST /data
starting orthogonalise_current
ending orthogonalise_current
starting eigenvector norms
17
[Time: 29.06.23 13:19:24] [Level: info] transition: compute_local_conorm
[Time: 29.06.23 13:19:25] [Level: info] state: compute_local_conorm
[CTRL] GET /data
[CTRL] POST /data
[Time: 29.06.23 13:19:27] [Level: info] transition: compute_local_norm
[Time: 29.06.23 13:19:28] [Level: info] state: compute_local_norm
[CTRL] GET /data
[CTRL] POST /data
starting orthogonalise_current
ending orthogonalise_current
starting eigenvector norms
17
[Time: 29.06.23 13:19:30] [Level: info] transition: compute_local_conorm
[Time: 29.06.23 13:19:31] [Level: info] state: compute_local_conorm
[CTRL] GET /data
[CTRL] POST /data
[Time: 29.06.23 13:19:33] [Level: info] transition: compute_local_norm
[Time: 29.06.23 13:19:34] [Level: info] state: compute_local_norm
[CTRL] GET /data
[CTRL] POST /data
starting orthogonalise_current
ending orthogonalise_current
starting eigenvector norms
17
[Time: 29.06.23 13:19:36] [Level: info] transition: compute_local_conorm
[Time: 29.06.23 13:19:37] [Level: info] state: compute_local_conorm
[CTRL] GET /data
[CTRL] POST /data
[Time: 29.06.23 13:19:39] [Level: info] transition: compute_local_norm
[Time: 29.06.23 13:19:40] [Level: info] state: compute_local_norm
[CTRL] GET /data
[CTRL] POST /data
starting orthogonalise_current
ending orthogonalise_current
starting eigenvector norms
17
[Time: 29.06.23 13:19:42] [Level: info] transition: compute_local_conorm
[Time: 29.06.23 13:19:43] [Level: info] state: compute_local_conorm
[CTRL] GET /data
[CTRL] POST /data
[Time: 29.06.23 13:19:45] [Level: info] transition: compute_local_norm
[Time: 29.06.23 13:19:46] [Level: info] state: compute_local_norm
[CTRL] GET /data
[CTRL] POST /data
starting orthogonalise_current
ending orthogonalise_current
starting eigenvector norms
17
[Time: 29.06.23 13:19:48] [Level: info] transition: compute_local_conorm
[Time: 29.06.23 13:19:49] [Level: info] state: compute_local_conorm
[CTRL] GET /data
[CTRL] POST /data
[Time: 29.06.23 13:19:51] [Level: info] transition: compute_local_norm
[Time: 29.06.23 13:19:52] [Level: info] state: compute_local_norm
[CTRL] GET /data
[CTRL] POST /data
starting orthogonalise_current
ending orthogonalise_current
starting eigenvector norms
17
[Time: 29.06.23 13:19:54] [Level: info] transition: normalize_g
[Time: 29.06.23 13:19:55] [Level: info] state: normalize_g
[CTRL] GET /data
[CTRL] POST /data
Normalising
(26, 17)
17
End normalising
(26, 17)
(17, 17)
(17,)
(26, 17)
[Time: 29.06.23 13:19:57] [Level: info] transition: mfa_final
[Time: 29.06.23 13:19:58] [Level: info] state: mfa_final
Starting save results
[Time: 29.06.23 13:19:58] [Level: info] transition: save_results
[Time: 29.06.23 13:19:59] [Level: info] state: save_results
SAVING RESULTS
saving pca/mnt/output/pca/left_eigenvectors.tsv
	
MOVE INPUT TO OUTPUT
[Time: 29.06.23 13:19:59] [Level: info] transition: finalize
[Time: 29.06.23 13:20:00] [Level: info] state: finalize
[Time: 29.06.23 13:20:00] [Level: info] transition: terminal
[Time: 29.06.23 13:20:00] [Level: info] done
[CTRL] GET /data
