2023-07-01 14:04:49,039 CRIT Supervisor is running as root.  Privileges were not dropped because no user is specified in the config file.  If you intend to run as root, you can set user=root in the config file to avoid this message.
2023-07-01 14:04:49,043 INFO supervisord started with pid 7
2023-07-01 14:04:50,045 INFO spawned: 'nginx' with pid 10
2023-07-01 14:04:50,048 INFO spawned: 'app' with pid 11
2023-07-01 14:04:51,072 INFO success: nginx entered RUNNING state, process has stayed up for > than 1 seconds (startsecs)
2023-07-01 14:04:51,073 INFO success: app entered RUNNING state, process has stayed up for > than 1 seconds (startsecs)
[CTRL] POST /setup
[Time: 01.07.23 14:04:59] [Level: info] id: c2ed60d445b09563
[Time: 01.07.23 14:04:59] [Level: info] coordinator: True
[Time: 01.07.23 14:04:59] [Level: info] clients: ['0e665577438fd4ea', 'c2ed60d445b09563']
[Time: 01.07.23 14:04:59] [Level: info] state: initial
[CLIENT] Parsing parameter file...
[API] /setup parsing parameter file 
[API] /setup config file found ... parsing file: /mnt/input/config.yaml
YAML file does not follow specification: missing key: eigenvalues
Setting default: eigenvalues.tsv
YAML file does not follow specification: missing key: explained_variance
Setting default: eigenvalues.tsv
YAML file does not follow specification: missing key: output delimiter
Setting default: tab
YAML file does not follow specification: missing key: inertia
Setting default: inertia.tsv
YAML file does not follow specification: missing key: global_factor_score
Setting default: global_factor_score.tsv
YAML file does not follow specification: missing key: omic_factor_score
Setting default: omic_factor_score.tsv
YAML file does not follow specification: missing key: projection_matrix
Setting default: projection_matrix.tsv
[API] /setup config file found ... parsing done
[CLIENT] finished parsing parameter file.
[STARTUP] Instantiate SVD
[Time: 01.07.23 14:04:59] [Level: info] transition: init_pca
[Time: 01.07.23 14:05:00] [Level: info] state: init_pca
[STARTUP] Copy configuration and create dir
/mnt/input/hospital_data_bredel_1.csv
TEST: ['/mnt/input/data_wine_1.csv', '/mnt/input/data_wine_2.csv', '/mnt/input/data_wine_3.csv']
[STARTUP] Configuration copied
Log Transform performed
out {'Row names': array(['fruity', 'woody', 'coffee'], dtype=object), 'Sample count': 3, 'Nans': array([0, 0, 0])}
[Time: 01.07.23 14:05:00] [Level: info] transition: check_row_names
[Time: 01.07.23 14:05:01] [Level: info] state: check_row_names
gathering
[CTRL] POST /data
unifying row names
[{'Row names': array(['fruity', 'woody', 'coffee'], dtype=object), 'Sample count': 3, 'Nans': array([0, 0, 0])}, {'Row names': array(['fruity', 'woody', 'coffee'], dtype=object), 'Sample count': 3, 'Nans': array([0, 0, 0])}]
['fruity', 'woody', 'coffee']
['fruity', 'woody', 'coffee']
[6, 6, 6]
[API] [COORDINATOR] row names identified!
[Time: 01.07.23 14:05:04] [Level: info] transition: wait_for_params
[CTRL] GET /data
[Time: 01.07.23 14:05:05] [Level: info] state: wait_for_params
setting parameters
[API] Setting parameters
['fruity', 'woody', 'coffee']
INDEX
[0, 1, 2]
[Time: 01.07.23 14:05:05] [Level: info] transition: aggregate_sums
[Time: 01.07.23 14:05:06] [Level: info] state: aggregate_sums
[CTRL] POST /data
setting parameters
[{'Sums': array([6.39231742, 5.80735492, 5.5849625 ]), 'Sample count': 3}, {'Sums': array([6.5849625 , 5.9068906 , 6.22881869]), 'Sample count': 3}]
SUMS
[2.16287999 1.95237425 1.96896353]
[Time: 01.07.23 14:05:07] [Level: info] transition: compute_std
[CTRL] GET /data
[Time: 01.07.23 14:05:08] [Level: info] state: compute_std
(3, 1)
[Time: 01.07.23 14:05:08] [Level: info] transition: aggregate_stds
[Time: 01.07.23 14:05:09] [Level: info] state: aggregate_stds
[CTRL] POST /data
setting parameters
[1.94579145 1.64027687 2.14938332]
[1.06128843 1.44375465 0.39662476]
COMPUTE STD
[3.00707988 3.08403153 2.54600807]
STD
[0.77551014 0.78537017 0.71358364]
[2 0]
['coffee' 'fruity']
(array([], dtype=int64),)
[]
[Time: 01.07.23 14:05:10] [Level: info] transition: apply_scaling
[CTRL] GET /data
[Time: 01.07.23 14:05:11] [Level: info] state: apply_scaling
[2 0]
(array([], dtype=int64),)
CURRENT DATA:  <apps.svd.TabData.TabData object at 0x7f6e5ec0d190>
[Time: 01.07.23 14:05:11] [Level: info] transition: mfa_prerequisites
[Time: 01.07.23 14:05:12] [Level: info] state: mfa_prerequisites
Calling start_power_iteration
[Time: 01.07.23 14:05:12] [Level: info] transition: start_power_iteration
[Time: 01.07.23 14:05:13] [Level: info] state: start_power_iteration
[STARTUP] Computing covariance matrix
[STARTUP] Random initialisation
TABDATA SCALED
[[-1.49950327  0.54426434  0.83103354]
 [ 1.088634    0.06064115 -1.21264378]
 [ 1.44487122 -0.53813037 -1.35788361]]
[Time: 01.07.23 14:05:13] [Level: info] transition: aggregate_randomized_projections_cov
[Time: 01.07.23 14:05:14] [Level: info] state: aggregate_randomized_projections_cov
[CTRL] POST /data
3
Global cov
[[ 1.         -0.9230407  -0.9282598 ]
 [-0.9230407   1.          0.89413101]
 [-0.9282598   0.89413101  1.        ]]
resetting k
[Time: 01.07.23 14:05:16] [Level: info] transition: compute_final_h_cov
[CTRL] GET /data
[Time: 01.07.23 14:05:17] [Level: info] state: compute_final_h_cov
Setting k
starting eigenvector norms
2
[Time: 01.07.23 14:05:17] [Level: info] transition: aggregate_local_norm
[Time: 01.07.23 14:05:18] [Level: info] state: aggregate_local_norm
[CTRL] POST /data
[{'Local Eigenvector norm': 9.626454740879916}, {'Local Eigenvector norm': 4.525391084925003}]
[Time: 01.07.23 14:05:19] [Level: info] transition: compute_local_conorm
[CTRL] GET /data
[Time: 01.07.23 14:05:20] [Level: info] state: compute_local_conorm
[Time: 01.07.23 14:05:20] [Level: info] transition: aggregate_local_conorm
[Time: 01.07.23 14:05:21] [Level: info] state: aggregate_local_conorm
[CTRL] POST /data
aggregating co norms
[{'Local Conorms': [0.2698767637489]}, {'Local Conorms': [-0.2698767637489001]}]
[Time: 01.07.23 14:05:22] [Level: info] transition: compute_local_norm
[CTRL] GET /data
[Time: 01.07.23 14:05:23] [Level: info] state: compute_local_norm
starting orthogonalise_current
ending orthogonalise_current
starting eigenvector norms
2
[Time: 01.07.23 14:05:23] [Level: info] transition: aggregate_local_norm
[Time: 01.07.23 14:05:24] [Level: info] state: aggregate_local_norm
[CTRL] POST /data
[{'Local Eigenvector norm': 0.2670862051248467}, {'Local Eigenvector norm': 0.26331493842382325}]
[Time: 01.07.23 14:05:25] [Level: info] transition: normalize_g
[CTRL] GET /data
[Time: 01.07.23 14:05:26] [Level: info] state: normalize_g
Normalising
(3, 2)
2
End normalising
(3, 2)
(2, 2)
(2,)
(3, 2)
[Time: 01.07.23 14:05:26] [Level: info] transition: separate_pca
[Time: 01.07.23 14:05:27] [Level: info] state: separate_pca
[Time: 01.07.23 14:05:27] [Level: info] transition: init_pca
[Time: 01.07.23 14:05:28] [Level: info] state: init_pca
[STARTUP] Copy configuration and create dir
/mnt/input/hospital_data_bredel_1.csv
TEST: ['/mnt/input/data_wine_1.csv', '/mnt/input/data_wine_2.csv', '/mnt/input/data_wine_3.csv']
[STARTUP] Configuration copied
Log Transform performed
out {'Row names': array(['red_fruit', 'roasted', 'vanillin', 'woody_2'], dtype=object), 'Sample count': 3, 'Nans': array([0, 0, 0, 0])}
[Time: 01.07.23 14:05:28] [Level: info] transition: check_row_names
[Time: 01.07.23 14:05:29] [Level: info] state: check_row_names
gathering
[CTRL] POST /data
unifying row names
[{'Row names': array(['red_fruit', 'roasted', 'vanillin', 'woody_2'], dtype=object), 'Sample count': 3, 'Nans': array([0, 0, 0, 0])}, {'Row names': array(['red_fruit', 'roasted', 'vanillin', 'woody_2'], dtype=object), 'Sample count': 3, 'Nans': array([0, 0, 0, 0])}]
['red_fruit', 'roasted', 'vanillin', 'woody_2']
['red_fruit', 'vanillin', 'roasted', 'woody_2']
[6, 6, 6, 6]
[API] [COORDINATOR] row names identified!
[Time: 01.07.23 14:05:31] [Level: info] transition: wait_for_params
[CTRL] GET /data
[Time: 01.07.23 14:05:32] [Level: info] state: wait_for_params
setting parameters
[API] Setting parameters
['red_fruit', 'vanillin', 'roasted', 'woody_2']
INDEX
[0, 2, 1, 3]
[Time: 01.07.23 14:05:32] [Level: info] transition: aggregate_sums
[Time: 01.07.23 14:05:33] [Level: info] state: aggregate_sums
[CTRL] POST /data
setting parameters
[{'Sums': array([6.4918531 , 6.32192809, 6.4918531 , 5.39231742]), 'Sample count': 3}, {'Sums': array([7.        , 6.12928302, 6.7548875 , 6.7548875 ]), 'Sample count': 3}]
SUMS
[2.24864218 2.07520185 2.2077901  2.02453415]
[Time: 01.07.23 14:05:34] [Level: info] transition: compute_std
[CTRL] GET /data
[Time: 01.07.23 14:05:35] [Level: info] state: compute_std
(4, 1)
[Time: 01.07.23 14:05:35] [Level: info] transition: aggregate_stds
[Time: 01.07.23 14:05:36] [Level: info] state: aggregate_stds
[CTRL] POST /data
setting parameters
[0.5589529  2.07218448 0.54320072 1.85570183]
[0.68818444 1.75298098 0.67243226 0.8213831 ]
COMPUTE STD
[1.24713734 3.82516546 1.21563298 2.67708493]
STD
[0.49942714 0.8746617  0.49307869 0.73172193]
[2 0 3]
['roasted' 'red_fruit' 'woody_2']
(array([], dtype=int64),)
[]
[Time: 01.07.23 14:05:37] [Level: info] transition: apply_scaling
[CTRL] GET /data
[Time: 01.07.23 14:05:38] [Level: info] state: apply_scaling
[2 0 3]
(array([], dtype=int64),)
CURRENT DATA:  <apps.svd.TabData.TabData object at 0x7f6e5eb01940>
[Time: 01.07.23 14:05:38] [Level: info] transition: mfa_prerequisites
[Time: 01.07.23 14:05:39] [Level: info] state: mfa_prerequisites
Calling start_power_iteration
[Time: 01.07.23 14:05:39] [Level: info] transition: start_power_iteration
[Time: 01.07.23 14:05:40] [Level: info] state: start_power_iteration
[STARTUP] Computing covariance matrix
[STARTUP] Random initialisation
TABDATA SCALED
[[-1.32888189  0.14673995  0.67341218]
 [ 1.05732096  0.28208191 -1.22927739]
 [ 0.76493348  0.23148028 -1.26314037]
 [ 1.06983368 -0.60073593 -1.40016871]]
[Time: 01.07.23 14:05:40] [Level: info] transition: aggregate_randomized_projections_cov
[Time: 01.07.23 14:05:41] [Level: info] state: aggregate_randomized_projections_cov
[CTRL] POST /data
3
Global cov
[[ 1.         -0.91960414 -0.89902451 -0.82382266]
 [-0.91960414  1.          0.96713063  0.85570599]
 [-0.89902451  0.96713063  1.          0.87568938]
 [-0.82382266  0.85570599  0.87568938  1.        ]]
[Time: 01.07.23 14:05:43] [Level: info] transition: compute_final_h_cov
[CTRL] GET /data
[Time: 01.07.23 14:05:44] [Level: info] state: compute_final_h_cov
Setting k
starting eigenvector norms
3
[Time: 01.07.23 14:05:44] [Level: info] transition: aggregate_local_norm
[Time: 01.07.23 14:05:45] [Level: info] state: aggregate_local_norm
[CTRL] POST /data
[{'Local Eigenvector norm': 9.652416136879374}, {'Local Eigenvector norm': 8.708671126667001}]
[Time: 01.07.23 14:05:46] [Level: info] transition: compute_local_conorm
[CTRL] GET /data
[Time: 01.07.23 14:05:47] [Level: info] state: compute_local_conorm
[Time: 01.07.23 14:05:47] [Level: info] transition: aggregate_local_conorm
[Time: 01.07.23 14:05:48] [Level: info] state: aggregate_local_conorm
[CTRL] POST /data
aggregating co norms
[{'Local Conorms': [0.218308898722314]}, {'Local Conorms': [-0.21830889872231418]}]
[Time: 01.07.23 14:05:49] [Level: info] transition: compute_local_norm
[CTRL] GET /data
[Time: 01.07.23 14:05:50] [Level: info] state: compute_local_norm
starting orthogonalise_current
ending orthogonalise_current
starting eigenvector norms
3
[Time: 01.07.23 14:05:50] [Level: info] transition: aggregate_local_norm
[Time: 01.07.23 14:05:51] [Level: info] state: aggregate_local_norm
[CTRL] POST /data
[{'Local Eigenvector norm': 0.48060235950335295}, {'Local Eigenvector norm': 0.47503694657232237}]
[Time: 01.07.23 14:05:52] [Level: info] transition: compute_local_conorm
[CTRL] GET /data
[Time: 01.07.23 14:05:53] [Level: info] state: compute_local_conorm
[Time: 01.07.23 14:05:53] [Level: info] transition: aggregate_local_conorm
[Time: 01.07.23 14:05:54] [Level: info] state: aggregate_local_conorm
[CTRL] POST /data
aggregating co norms
[{'Local Conorms': [-0.014001542080088835, -0.08102233772145698]}, {'Local Conorms': [0.01400154208009018, 0.0810223377214349]}]
[Time: 01.07.23 14:05:55] [Level: info] transition: compute_local_norm
[CTRL] GET /data
[Time: 01.07.23 14:05:56] [Level: info] state: compute_local_norm
starting orthogonalise_current
ending orthogonalise_current
starting eigenvector norms
3
[Time: 01.07.23 14:05:56] [Level: info] transition: aggregate_local_norm
[Time: 01.07.23 14:05:57] [Level: info] state: aggregate_local_norm
[CTRL] POST /data
[{'Local Eigenvector norm': 0.48583469480803665}, {'Local Eigenvector norm': 0.04834002498154026}]
[Time: 01.07.23 14:05:58] [Level: info] transition: normalize_g
[CTRL] GET /data
[Time: 01.07.23 14:05:59] [Level: info] state: normalize_g
Normalising
(3, 3)
3
End normalising
(3, 3)
(3, 3)
(3,)
(3, 3)
[Time: 01.07.23 14:05:59] [Level: info] transition: separate_pca
[Time: 01.07.23 14:06:00] [Level: info] state: separate_pca
[Time: 01.07.23 14:06:00] [Level: info] transition: init_pca
[Time: 01.07.23 14:06:01] [Level: info] state: init_pca
[STARTUP] Copy configuration and create dir
/mnt/input/hospital_data_bredel_1.csv
TEST: ['/mnt/input/data_wine_1.csv', '/mnt/input/data_wine_2.csv', '/mnt/input/data_wine_3.csv']
[STARTUP] Configuration copied
Log Transform performed
out {'Row names': array(['fruity_2', 'butter', 'woody_3'], dtype=object), 'Sample count': 3, 'Nans': array([0, 0, 0])}
[Time: 01.07.23 14:06:01] [Level: info] transition: check_row_names
[Time: 01.07.23 14:06:02] [Level: info] state: check_row_names
gathering
[CTRL] POST /data
unifying row names
[{'Row names': array(['fruity_2', 'butter', 'woody_3'], dtype=object), 'Sample count': 3, 'Nans': array([0, 0, 0])}, {'Row names': array(['fruity_2', 'butter', 'woody_3'], dtype=object), 'Sample count': 3, 'Nans': array([0, 0, 0])}]
['fruity_2', 'butter', 'woody_3']
['butter', 'fruity_2', 'woody_3']
[6, 6, 6]
[API] [COORDINATOR] row names identified!
[Time: 01.07.23 14:06:04] [Level: info] transition: wait_for_params
[CTRL] GET /data
[Time: 01.07.23 14:06:05] [Level: info] state: wait_for_params
setting parameters
[API] Setting parameters
['butter', 'fruity_2', 'woody_3']
INDEX
[1, 0, 2]
[Time: 01.07.23 14:06:05] [Level: info] transition: aggregate_sums
[Time: 01.07.23 14:06:06] [Level: info] state: aggregate_sums
[CTRL] POST /data
setting parameters
[{'Sums': array([6.12928302, 7.32192809, 6.        ]), 'Sample count': 3}, {'Sums': array([7.39231742, 4.169925  , 6.97727992]), 'Sample count': 3}]
SUMS
[2.25360007 1.91530885 2.16287999]
[Time: 01.07.23 14:06:07] [Level: info] transition: compute_std
[CTRL] GET /data
[Time: 01.07.23 14:06:08] [Level: info] state: compute_std
(3, 1)
[Time: 01.07.23 14:06:08] [Level: info] transition: aggregate_stds
[Time: 01.07.23 14:06:09] [Level: info] state: aggregate_stds
[CTRL] POST /data
setting parameters
[1.88282629 1.34906669 2.07958967]
[1.31083349 1.05604771 0.92749021]
COMPUTE STD
[3.19365978 2.4051144  3.00707988]
STD
[0.79920708 0.69355813 0.77551014]
[1 2]
['fruity_2' 'woody_3']
(array([], dtype=int64),)
[]
[Time: 01.07.23 14:06:10] [Level: info] transition: apply_scaling
[CTRL] GET /data
[Time: 01.07.23 14:06:11] [Level: info] state: apply_scaling
[1 2]
(array([], dtype=int64),)
CURRENT DATA:  <apps.svd.TabData.TabData object at 0x7f6e5ec0dc10>
[Time: 01.07.23 14:06:11] [Level: info] transition: mfa_prerequisites
[Time: 01.07.23 14:06:12] [Level: info] state: mfa_prerequisites
Calling start_power_iteration
[Time: 01.07.23 14:06:12] [Level: info] transition: start_power_iteration
[Time: 01.07.23 14:06:13] [Level: info] state: start_power_iteration
[STARTUP] Computing covariance matrix
[STARTUP] Random initialisation
TABDATA SCALED
[[ 0.69288031  0.08549477 -1.56855477]
 [ 0.12211111  0.58627998  1.56395131]
 [ 1.07944432 -0.21002947 -1.49950327]]
[Time: 01.07.23 14:06:13] [Level: info] transition: aggregate_randomized_projections_cov
[Time: 01.07.23 14:06:14] [Level: info] state: aggregate_randomized_projections_cov
[CTRL] POST /data
3
Global cov
[[ 1.         -0.69649453  0.95791864]
 [-0.69649453  1.         -0.61912682]
 [ 0.95791864 -0.61912682  1.        ]]
resetting k
[Time: 01.07.23 14:06:16] [Level: info] transition: compute_final_h_cov
[CTRL] GET /data
[Time: 01.07.23 14:06:17] [Level: info] state: compute_final_h_cov
Setting k
starting eigenvector norms
2
[Time: 01.07.23 14:06:17] [Level: info] transition: aggregate_local_norm
[Time: 01.07.23 14:06:18] [Level: info] state: aggregate_local_norm
[CTRL] POST /data
[{'Local Eigenvector norm': 8.26140239750662}, {'Local Eigenvector norm': 4.366739072353801}]
[Time: 01.07.23 14:06:19] [Level: info] transition: compute_local_conorm
[CTRL] GET /data
[Time: 01.07.23 14:06:20] [Level: info] state: compute_local_conorm
[Time: 01.07.23 14:06:20] [Level: info] transition: aggregate_local_conorm
[Time: 01.07.23 14:06:21] [Level: info] state: aggregate_local_conorm
[CTRL] POST /data
aggregating co norms
[{'Local Conorms': [-0.02190485000890444]}, {'Local Conorms': [0.021904850008905127]}]
[Time: 01.07.23 14:06:22] [Level: info] transition: compute_local_norm
[CTRL] GET /data
[Time: 01.07.23 14:06:23] [Level: info] state: compute_local_norm
starting orthogonalise_current
ending orthogonalise_current
starting eigenvector norms
2
[Time: 01.07.23 14:06:23] [Level: info] transition: aggregate_local_norm
[Time: 01.07.23 14:06:24] [Level: info] state: aggregate_local_norm
[CTRL] POST /data
[{'Local Eigenvector norm': 0.8407091183139682}, {'Local Eigenvector norm': 1.3498905664774647}]
[Time: 01.07.23 14:06:25] [Level: info] transition: normalize_g
[CTRL] GET /data
[Time: 01.07.23 14:06:26] [Level: info] state: normalize_g
Normalising
(3, 2)
2
End normalising
(3, 2)
(2, 2)
(2,)
(3, 2)
[Time: 01.07.23 14:06:26] [Level: info] transition: separate_pca
[Time: 01.07.23 14:06:27] [Level: info] state: separate_pca
Starting scale tabdata
[Time: 01.07.23 14:06:27] [Level: info] transition: scale_tabdata
[Time: 01.07.23 14:06:28] [Level: info] state: scale_tabdata
Starting merge tabdata
[Time: 01.07.23 14:06:28] [Level: info] transition: merging_tabdata
[Time: 01.07.23 14:06:29] [Level: info] state: merging_tabdata
Starting global pca
[Time: 01.07.23 14:06:29] [Level: info] transition: init_pca
[Time: 01.07.23 14:06:30] [Level: info] state: init_pca
[STARTUP] Copy configuration and create dir
/mnt/input/hospital_data_bredel_1.csv
TEST: ['/mnt/input/data_wine_1.csv', '/mnt/input/data_wine_2.csv', '/mnt/input/data_wine_3.csv']
Log Transform performed
out {'Row names': array(['fruity', 'woody', 'coffee', 'red_fruit', 'vanillin', 'roasted',
       'woody_2', 'butter', 'fruity_2', 'woody_3'], dtype=object), 'Sample count': 3, 'Nans': array([0, 0, 0, 0, 0, 0, 0, 0, 0, 0])}
[Time: 01.07.23 14:06:30] [Level: info] transition: check_row_names
[CTRL] POST /data
[Time: 01.07.23 14:06:31] [Level: info] state: check_row_names
gathering
unifying row names
[{'Row names': array(['fruity', 'woody', 'coffee', 'red_fruit', 'vanillin', 'roasted',
       'woody_2', 'butter', 'fruity_2', 'woody_3'], dtype=object), 'Sample count': 3, 'Nans': array([0, 0, 0, 0, 0, 0, 0, 0, 0, 0])}, {'Row names': array(['fruity', 'woody', 'coffee', 'red_fruit', 'vanillin', 'roasted',
       'woody_2', 'butter', 'fruity_2', 'woody_3'], dtype=object), 'Sample count': 3, 'Nans': array([0, 0, 0, 0, 0, 0, 0, 0, 0, 0])}]
['fruity', 'woody', 'coffee', 'red_fruit', 'vanillin', 'roasted', 'woody_2', 'butter', 'fruity_2', 'woody_3']
['woody_3', 'coffee', 'vanillin', 'fruity', 'red_fruit', 'butter', 'woody_2', 'fruity_2', 'roasted', 'woody']
[6, 6, 6, 6, 6, 6, 6, 6, 6, 6]
[API] [COORDINATOR] row names identified!
[Time: 01.07.23 14:06:31] [Level: info] transition: wait_for_params
[CTRL] GET /data
[Time: 01.07.23 14:06:32] [Level: info] state: wait_for_params
setting parameters
[API] Setting parameters
['woody_3', 'coffee', 'vanillin', 'fruity', 'red_fruit', 'butter', 'woody_2', 'fruity_2', 'roasted', 'woody']
INDEX
[9, 2, 4, 0, 3, 7, 6, 8, 5, 1]
[Time: 01.07.23 14:06:32] [Level: info] transition: aggregate_sums
[Time: 01.07.23 14:06:33] [Level: info] state: aggregate_sums
[CTRL] POST /data
setting parameters
[{'Sums': array([-1.80672058, -1.40308646, -0.52031074, -1.26866805, -0.97668506,
       -2.05856002, -1.52121028,  1.35278446, -0.75260883, -0.72872427]), 'Sample count': 3}, {'Sums': array([ 0.16710561,  0.18660243, -0.62567151, -0.22650852, -0.00570335,
        0.18580577,  0.41381638, -2.57772897, -0.45185842, -0.60141028]), 'Sample count': 3}]
SUMS
[-0.27326916 -0.20274734 -0.19099704 -0.24919609 -0.1637314  -0.31212571
 -0.18456565 -0.20415742 -0.20074454 -0.22168909]
[Time: 01.07.23 14:06:34] [Level: info] transition: compute_std
[CTRL] GET /data
[Time: 01.07.23 14:06:35] [Level: info] state: compute_std
(10, 1)
[Time: 01.07.23 14:06:35] [Level: info] transition: aggregate_stds
[Time: 01.07.23 14:06:36] [Level: info] state: aggregate_stds
[CTRL] POST /data
setting parameters
[4.93393237 3.4379803  1.98878656 4.52546733 2.13128906 5.84149263
 2.79600251 1.59784258 1.89542063 2.24409247]
[1.25361057 0.6335832  1.83419946 0.99753289 1.01467294 1.66554996
 0.91205493 2.44406639 2.1986069  2.23475901]
COMPUTE STD
[6.18754293 4.0715635  3.82298602 5.52300021 3.145962   7.50704259
 3.70805744 4.04190898 4.09402753 4.47885147]
STD
[1.11243363 0.90239276 0.87441249 1.05099954 0.79321649 1.22531976
 0.86116868 0.89910055 0.90487872 0.94645142]
[4 6 2 7 1 8 9 3 0]
['red_fruit' 'woody_2' 'vanillin' 'fruity_2' 'coffee' 'roasted' 'woody'
 'fruity' 'woody_3']
(array([], dtype=int64),)
[]
[Time: 01.07.23 14:06:37] [Level: info] transition: apply_scaling
[CTRL] GET /data
[Time: 01.07.23 14:06:38] [Level: info] state: apply_scaling
[4 6 2 7 1 8 9 3 0]
(array([], dtype=int64),)
CURRENT DATA:  <apps.svd.TabData.TabData object at 0x7f6e5eb20b80>
[Time: 01.07.23 14:06:38] [Level: info] transition: mfa_prerequisites
[Time: 01.07.23 14:06:39] [Level: info] state: mfa_prerequisites
Calling start_power_iteration
[Time: 01.07.23 14:06:39] [Level: info] transition: start_power_iteration
[Time: 01.07.23 14:06:40] [Level: info] state: start_power_iteration
[STARTUP] Computing covariance matrix
[STARTUP] Random initialisation
TABDATA SCALED
[[ 0.83280286  0.09245508 -1.81242375]
 [ 1.11473772 -0.29486351 -1.70069294]
 [ 0.89921953  0.42920577 -1.26817869]
 [-1.79902197  0.57662232  0.72660518]
 [-1.66171362  0.33098055  0.71867966]
 [ 0.62328667  0.30695311 -1.8460684 ]
 [ 0.91226984 -0.35993602 -1.67582258]
 [ 0.32778161  0.66158656  1.19643488]
 [ 0.72321829  0.39085286 -1.28025387]
 [ 0.91332448  0.28116051 -1.26174359]]
[Time: 01.07.23 14:06:40] [Level: info] transition: aggregate_randomized_projections_cov
[Time: 01.07.23 14:06:41] [Level: info] state: aggregate_randomized_projections_cov
[CTRL] POST /data
3
Global cov
[[ 1.          0.97280373  0.88192445 -0.67353397 -0.70484694  0.9875193
   0.97397486 -0.57785066  0.88306234  0.89215792]
 [ 0.97280373  1.          0.82332622 -0.77303312 -0.77432484  0.93341934
   0.99025666 -0.58745535  0.81920885  0.84686719]
 [ 0.88192445  0.82332622  1.         -0.73240816 -0.82808028  0.87686598
   0.82869762 -0.3105805   0.98777365  0.99590445]
 [-0.67353397 -0.77303312 -0.73240816  1.          0.96366251 -0.57255634
  -0.72579521  0.08502732 -0.66785165 -0.74907249]
 [-0.70484694 -0.77432484 -0.82808028  0.96366251  1.         -0.63627492
  -0.74147726  0.16354382 -0.79078124 -0.84721622]
 [ 0.9875193   0.93341934  0.87686598 -0.57255634 -0.63627492  1.
   0.94227818 -0.61773274  0.89400271  0.8845561 ]
 [ 0.97397486  0.99025666  0.82869762 -0.72579521 -0.74147726  0.94227818
   1.         -0.66013298  0.8396432   0.85726827]
 [-0.57785066 -0.58745535 -0.3105805   0.08502732  0.16354382 -0.61773274
  -0.66013298  1.         -0.42710933 -0.37371643]
 [ 0.88306234  0.81920885  0.98777365 -0.66785165 -0.79078124  0.89400271
   0.8396432  -0.42710933  1.          0.99245766]
 [ 0.89215792  0.84686719  0.99590445 -0.74907249 -0.84721622  0.8845561
   0.85726827 -0.37371643  0.99245766  1.        ]]
[Time: 01.07.23 14:06:43] [Level: info] transition: compute_final_h_cov
[CTRL] GET /data
[Time: 01.07.23 14:06:44] [Level: info] state: compute_final_h_cov
Setting k
starting eigenvector norms
3
[Time: 01.07.23 14:06:44] [Level: info] transition: aggregate_local_norm
[Time: 01.07.23 14:06:45] [Level: info] state: aggregate_local_norm
[CTRL] POST /data
[{'Local Eigenvector norm': 27.375931567327562}, {'Local Eigenvector norm': 12.56741236517842}]
[Time: 01.07.23 14:06:46] [Level: info] transition: compute_local_conorm
[CTRL] GET /data
[Time: 01.07.23 14:06:47] [Level: info] state: compute_local_conorm
[Time: 01.07.23 14:06:47] [Level: info] transition: aggregate_local_conorm
[Time: 01.07.23 14:06:48] [Level: info] state: aggregate_local_conorm
[CTRL] POST /data
aggregating co norms
[{'Local Conorms': [-0.006611648717840496]}, {'Local Conorms': [0.006611648717841058]}]
[Time: 01.07.23 14:06:49] [Level: info] transition: compute_local_norm
[CTRL] GET /data
[Time: 01.07.23 14:06:50] [Level: info] state: compute_local_norm
starting orthogonalise_current
ending orthogonalise_current
starting eigenvector norms
3
[Time: 01.07.23 14:06:50] [Level: info] transition: aggregate_local_norm
[Time: 01.07.23 14:06:51] [Level: info] state: aggregate_local_norm
[CTRL] POST /data
[{'Local Eigenvector norm': 3.054572103101803}, {'Local Eigenvector norm': 3.293372270919753}]
[Time: 01.07.23 14:06:52] [Level: info] transition: compute_local_conorm
[CTRL] GET /data
[Time: 01.07.23 14:06:53] [Level: info] state: compute_local_conorm
[Time: 01.07.23 14:06:53] [Level: info] transition: aggregate_local_conorm
[Time: 01.07.23 14:06:54] [Level: info] state: aggregate_local_conorm
[CTRL] POST /data
aggregating co norms
[{'Local Conorms': [-0.32298921562749927, -0.32925537488888423]}, {'Local Conorms': [0.32298921562749905, 0.32925537488888296]}]
[Time: 01.07.23 14:06:55] [Level: info] transition: compute_local_norm
[CTRL] GET /data
[Time: 01.07.23 14:06:56] [Level: info] state: compute_local_norm
starting orthogonalise_current
ending orthogonalise_current
starting eigenvector norms
3
[Time: 01.07.23 14:06:56] [Level: info] transition: aggregate_local_norm
[Time: 01.07.23 14:06:57] [Level: info] state: aggregate_local_norm
[CTRL] POST /data
[{'Local Eigenvector norm': 1.9686139173190929}, {'Local Eigenvector norm': 0.5374231469413222}]
[Time: 01.07.23 14:06:58] [Level: info] transition: normalize_g
[CTRL] GET /data
[Time: 01.07.23 14:06:59] [Level: info] state: normalize_g
Normalising
(3, 3)
3
End normalising
(3, 3)
(3, 3)
(3,)
(3, 3)
[Time: 01.07.23 14:06:59] [Level: info] transition: separate_pca
[Time: 01.07.23 14:07:00] [Level: info] state: separate_pca
Starting factor analysis
[Time: 01.07.23 14:07:00] [Level: info] transition: projection_matrix
[Time: 01.07.23 14:07:01] [Level: info] state: projection_matrix
M [[0.33333333 0.         0.        ]
 [0.         0.33333333 0.        ]
 [0.         0.         0.33333333]]
U [[ 0.3419617   0.33965956  0.3340651  -0.28017363 -0.30009765  0.33363891
   0.34037026 -0.18233542  0.33396841  0.3399857 ]
 [-0.15141082 -0.10503168  0.14849195 -0.44047841 -0.40335673 -0.2243364
  -0.17191602  0.70122115  0.04425568  0.11714845]
 [ 0.02264127 -0.29159055  0.39627335  0.50035931  0.26863869  0.18091409
  -0.23331966  0.26761499  0.42045221  0.31517894]]
S [[0.39777629 0.         0.         0.         0.         0.
  0.         0.         0.         0.        ]
 [0.         0.6300017  0.         0.         0.         0.
  0.         0.         0.         0.        ]
 [0.         0.         0.79479134 0.         0.         0.
  0.         0.         0.         0.        ]
 [0.         0.         0.         0.         0.         0.
  0.         0.         0.         0.        ]
 [0.         0.         0.         0.         0.         0.
  0.         0.         0.         0.        ]
 [0.         0.         0.         0.         0.         0.
  0.         0.         0.         0.        ]
 [0.         0.         0.         0.         0.         0.
  0.         0.         0.         0.        ]
 [0.         0.         0.         0.         0.         0.
  0.         0.         0.         0.        ]
 [0.         0.         0.         0.         0.         0.
  0.         0.         0.         0.        ]
 [0.         0.         0.         0.         0.         0.
  0.         0.         0.         0.        ]]
P [[ 0.23560093  0.3706348   0.45988036  0.          0.          0.
   0.          0.          0.          0.        ]
 [-0.10431732 -0.11461004  0.20441684  0.          0.          0.
   0.          0.          0.          0.        ]
 [ 0.01559913 -0.31818213  0.54551741  0.          0.          0.
   0.          0.          0.          0.        ]]
[Time: 01.07.23 14:07:01] [Level: info] transition: factor_scores
[CTRL] GET /data
[Time: 01.07.23 14:07:02] [Level: info] state: factor_scores
P: [[ 0.23560093  0.3706348   0.45988036  0.          0.          0.
   0.          0.          0.          0.        ]
 [-0.10431732 -0.11461004  0.20441684  0.          0.          0.
   0.          0.          0.          0.        ]
 [ 0.01559913 -0.31818213  0.54551741  0.          0.          0.
   0.          0.          0.          0.        ]]
Z [[-0.77311508  0.28061224  0.42846493]
 [ 0.56127878  0.03126541 -0.62521584]
 [ 0.74494785 -0.27744968 -0.7000987 ]]
Z [[-0.77311508  0.28061224  0.42846493]
 [ 0.56127878  0.03126541 -0.62521584]
 [ 0.74494785 -0.27744968 -0.7000987 ]]
Z [[-0.77311508  0.28061224  0.42846493]
 [ 0.56127878  0.03126541 -0.62521584]
 [ 0.74494785 -0.27744968 -0.7000987 ]]
[Time: 01.07.23 14:07:02] [Level: info] transition: global_factor_score
[Time: 01.07.23 14:07:03] [Level: info] state: global_factor_score
M [[0.33333333 0.         0.        ]
 [0.         0.33333333 0.        ]
 [0.         0.         0.33333333]]
U [[ 0.3419617   0.33965956  0.3340651  -0.28017363 -0.30009765  0.33363891
   0.34037026 -0.18233542  0.33396841  0.3399857 ]
 [-0.15141082 -0.10503168  0.14849195 -0.44047841 -0.40335673 -0.2243364
  -0.17191602  0.70122115  0.04425568  0.11714845]
 [ 0.02264127 -0.29159055  0.39627335  0.50035931  0.26863869  0.18091409
  -0.23331966  0.26761499  0.42045221  0.31517894]]
S [[2.51397587 0.         0.         0.         0.         0.
  0.         0.         0.         0.        ]
 [0.         1.5872973  0.         0.         0.         0.
  0.         0.         0.         0.        ]
 [0.         0.         1.25819186 0.         0.         0.
  0.         0.         0.         0.        ]
 [0.         0.         0.         0.         0.         0.
  0.         0.         0.         0.        ]
 [0.         0.         0.         0.         0.         0.
  0.         0.         0.         0.        ]
 [0.         0.         0.         0.         0.         0.
  0.         0.         0.         0.        ]
 [0.         0.         0.         0.         0.         0.
  0.         0.         0.         0.        ]
 [0.         0.         0.         0.         0.         0.
  0.         0.         0.         0.        ]
 [0.         0.         0.         0.         0.         0.
  0.         0.         0.         0.        ]
 [0.         0.         0.         0.         0.         0.
  0.         0.         0.         0.        ]]
P [[ 1.48901545  0.9338191   0.72801212  0.          0.          0.
   0.          0.          0.          0.        ]
 [-0.65929328 -0.28876145  0.32360141  0.          0.          0.
   0.          0.          0.          0.        ]
 [ 0.09858766 -0.80166394  0.86357957  0.          0.          0.
   0.          0.          0.          0.        ]]
[Time: 01.07.23 14:07:03] [Level: info] transition: inertia
[Time: 01.07.23 14:07:04] [Level: info] state: inertia
[Time: 01.07.23 14:07:04] [Level: info] transition: mfa_final
[CTRL] GET /data
[Time: 01.07.23 14:07:05] [Level: info] state: mfa_final
Starting save results
[Time: 01.07.23 14:07:05] [Level: info] transition: save_results
[Time: 01.07.23 14:07:06] [Level: info] state: save_results
SAVING RESULTS
saving pca/mnt/output/pca/left_eigenvectors.tsv
	
MOVE INPUT TO OUTPUT
[Time: 01.07.23 14:07:06] [Level: info] transition: finalize
[Time: 01.07.23 14:07:07] [Level: info] state: finalize
[CTRL] POST /data
[Time: 01.07.23 14:07:10] [Level: info] transition: terminal
[Time: 01.07.23 14:07:10] [Level: info] done
