2023-07-02 09:58:30,302 CRIT Supervisor is running as root.  Privileges were not dropped because no user is specified in the config file.  If you intend to run as root, you can set user=root in the config file to avoid this message.
2023-07-02 09:58:30,304 INFO supervisord started with pid 7
2023-07-02 09:58:31,306 INFO spawned: 'nginx' with pid 10
2023-07-02 09:58:31,308 INFO spawned: 'app' with pid 11
2023-07-02 09:58:32,331 INFO success: nginx entered RUNNING state, process has stayed up for > than 1 seconds (startsecs)
2023-07-02 09:58:32,332 INFO success: app entered RUNNING state, process has stayed up for > than 1 seconds (startsecs)
[CTRL] POST /setup
[Time: 02.07.23 09:58:34] [Level: info] id: a840e50f24efe463
[Time: 02.07.23 09:58:34] [Level: info] coordinator: False
[Time: 02.07.23 09:58:34] [Level: info] clients: ['a840e50f24efe463', '960e8ff84e6a8da9']
[Time: 02.07.23 09:58:34] [Level: info] state: initial
[CLIENT] Parsing parameter file...
[API] /setup parsing parameter file 
[API] /setup config file found ... parsing file: /mnt/input/config.yaml
YAML file does not follow specification: missing key: eigenvalues
Setting default: eigenvalues.tsv
YAML file does not follow specification: missing key: explained_variance
Setting default: eigenvalues.tsv
YAML file does not follow specification: missing key: output delimiter
Setting default: tab
YAML file does not follow specification: missing key: inertia
Setting default: inertia.tsv
YAML file does not follow specification: missing key: global_factor_score
Setting default: global_factor_score.tsv
YAML file does not follow specification: missing key: omic_factor_score
Setting default: omic_factor_score.tsv
YAML file does not follow specification: missing key: projection_matrix
Setting default: projection_matrix.tsv
[API] /setup config file found ... parsing done
[CLIENT] finished parsing parameter file.
[STARTUP] Instantiate SVD
[Time: 02.07.23 09:58:34] [Level: info] transition: init_pca
[Time: 02.07.23 09:58:35] [Level: info] state: init_pca
[STARTUP] Copy configuration and create dir
/mnt/input/hospital_data_bredel_1.csv
TEST: ['/mnt/input/hospital_data_freije_1.csv']
[STARTUP] Configuration copied
Log Transform performed
out {'Row names': array(['C5orf31', 'MLL', 'FOLR1', 'NDUFS1', 'ATAD1', 'GLUD1', 'OSBP',
       'MYST4', 'NUDT3', 'FNIP1', 'KIAA0776', 'SLC7A1', 'ANXA1',
       'BC003660', 'RAB18', 'ZMYM2', 'MAPT', 'FBXO30', 'SLC1A4',
       'GTF2IRD2', 'KIF3A', 'AI860012', 'PPM1L', 'CHI3L1', 'GLA', 'HPSE2',
       'AF274957', 'SRP19', 'GPHN', 'TMEM127', 'FRY', 'ZMYND11', 'AKT3',
       'ARL4C', 'ARIH1', 'GARNL1', 'AI982758', 'DENND4A', 'GLUD2',
       'ZFP91', 'P15RS', 'MIB1', 'PPM1A', 'GUSB', 'ACBD5', 'VPS24',
       'SERPINE1', 'AF116616', 'SLC18A2', 'ZRANB1', 'ANGPT2', 'WHSC1L1',
       'AI690169', 'SAMD9L', 'BC001425', 'TBC1D9B', 'LARP1', 'PPP2R5A',
       'RSC1A1', 'IDI1', 'SP3', 'SPAG9', 'RABGGTB', 'FDFT1', 'SOCS3',
       'TGFBR1', 'RABGAP1L', 'USP4', 'DDHD1', 'SLC25A36', 'PPP1R15A',
       'CAP1', 'ZDHHC21', 'EWSR1', 'MRC2', 'C2orf11', 'C19orf50', 'NAV1',
       'ADPGK', 'SF1', 'SPRY1', 'SCD', 'C19orf48', 'SERPINA3', 'FCGBP',
       'ANXA5', 'TMSB10', 'MLSTD2', 'ADM', 'RAB2', 'SNX24', 'KPNB1',
       'LONPL', 'AA934610', 'WAC', 'KIAA1279', 'WDR34', 'TCF8', 'RNF135',
       'IFNGR2', 'CPEB4', 'DNAJB14', 'ARMC1', 'FARSLB', 'CTNNA1',
       'CDCA7L', 'MYST1', 'NET1', 'HAPLN3', 'SAMD9', 'TMCO4', 'RAB34',
       'SPIN', 'ADPRHL2', 'MPDZ', 'UACA', 'IKIP', 'DDX17', 'TRIP6',
       'RB1CC1', 'AASDHPPT', 'RNASE4', 'NUDT4', 'CENTD3', 'LUZP2',
       'SLC11A2', 'DHX8', 'ANXA2', 'SNX8', 'FAM120AOS', 'KCNIP3',
       'SLC25A3', 'PTGFRN', 'C6orf111', 'STEAP3', 'ZNF22', 'CEP170',
       'KRT10', 'NTRK2', 'BBX', 'AA935461', 'FSTL1', 'UPP1', 'TTC3',
       'MGC39518', 'FUK', 'CAMSAP1L1', 'COL4A2', 'ENSA', 'EIF4EBP2',
       'AF119855', 'ABI1', 'IPO7', 'DNAJC12', 'TLOC1', 'HMGCR', 'LATS2',
       'S100A4', 'LOC492311', 'KIAA0652', 'C4orf12', 'NEK1', 'C11orf54',
       'BRD2', 'BF594695', 'XM_208778', 'PANK1', 'LOXL3', 'CHES1',
       'ALDH16A1', 'TAX1BP3', 'TEX261', 'S100A11', 'ZHX1', 'COL4A1',
       'PDLIM1', 'MGC4677', 'ZADH2', 'RPL37', 'STAT1', 'C17orf63',
       'KLF12', 'SLC27A3', 'OSBPL11', 'REXO2', 'SP100', 'HNRPH3', 'HIPK2',
       'LOC54103', 'XM_379512', 'FGF12', 'ABLIM1', 'NBN', 'HLA-DPB1',
       'CD74', 'PAPD1', 'PIGT', 'GSS', 'VPS13D', 'MRCL3', 'IGFBP2',
       'NKTR', 'C20orf108', 'GIT2', 'DKFZp434B1231', 'SERPINA1', 'F11R',
       'LOC143941', 'HSMPP8', 'VEGF', 'HSPG2', 'RBMS1', 'C20orf149',
       'NAGA', 'PDPN', 'RAP2B', 'YTHDC1', 'FOXO3A', 'HOXA3', 'HLA-DQB1',
       'SLC35E1', 'ANXA2P2', 'ALDH5A1', 'AKAP11', 'PPP2CB', 'GPR65',
       'PITPNC1', 'PHYHIPL', 'TNIK', 'AHCYL1', 'GDF15', 'CRBN',
       'AI733194', 'KLHL24', 'INSIG1', 'MRPS28', 'SH3BGRL3', 'CNTN1',
       'HLA-DOA', 'UBXD2', 'C20orf119', 'SOX6', 'MST150', 'SCG3', 'GNAI2',
       'ZAK', 'EMP3', 'WDR68', 'IQGAP1', 'TNRC6B', 'TMEFF2', 'RPN2',
       'SQRDL', 'RAP2A', 'RBM39', 'UQCRC2', 'PAFAH1B1', 'JARID1A',
       'CLASP2', 'HEXB', 'DPYD', 'C10orf10', 'PFAAP5', 'SLC25A19',
       'NM_013307', 'ARSD', 'ALDH6A1', 'FAM111A', 'CCNI', 'ACTN1',
       'CPSF2', 'C2orf33', 'WISP1', 'RNUXA', 'DIMT1L', 'ITGB3BP', 'SCAP2',
       'SPIRE1', 'EPB41L2', 'ARHGAP5', 'CD163', 'PAEP', 'LAMC1', 'SP110',
       'HLA-DPA1', 'EDNRB', 'KLF10', 'PIAS1', 'LYPLAL1', 'TNFSF13',
       'CD63', 'CYBASC3', 'SYDE1', 'ZFP36L2', 'AI267414', 'CMTM3', 'OAS1',
       'AIM1', 'C1S', 'ANKRD17', 'WWOX', 'DIRAS3', 'SCAMP1', 'TBC1D10A',
       'CALR', 'ZNFX1', 'PUM2', 'AKAP13', 'RASSF4', 'LOC339803', 'CAPG',
       'BF677084', 'SREBF2', 'SMS', 'BCL2A1', 'GBA', 'PUM1', 'CCDC109B',
       'AK027219', 'MAPK8', 'AU144267', 'RRAGD', 'SMC4', 'GHITM', 'WDFY1',
       'PIK3R1', 'CD58', 'NUCKS1', 'PLCB1', 'HDGFRP3', 'COMMD7', 'GAS2L3',
       'LOC283378', 'PITPNB', 'KIAA0999', 'PHPT1', 'FADS1', 'ZWILCH',
       'AKAP1', 'NCAM1', 'KIAA1946', 'KIAA1462', 'ZNF83', 'RAB8A',
       'FKBP10', 'C12orf29', 'USP8', 'CFI', 'RAB6IP1', 'SH3GLB1', 'TJP2',
       'FXYD5', 'TUB', 'AA088873', 'PRKCA', 'RPL22', 'SLC1A1', 'RABGAP1',
       'AP2B1', 'WASF3', 'CAPZA1', 'HSPA6', 'BF435290', 'KRAS', 'NNMT',
       'MYO9B', 'YWHAB', 'RNASE6', 'sep-11', 'FAM20C', 'ETNK1', 'ZNF710',
       'PLAT', 'NR2F2', 'XM_168590', 'GNG12', 'KIAA1704', 'MCM5', 'CHD9',
       'C1orf192', 'SPRN', 'STAT2', 'RER1', 'TYMS', 'BMS1L', 'IKBKB',
       'ABAT', 'KPNA5', 'TPM3', 'LITAF', 'LOC283130', 'AP1S2', 'TRIM56',
       'CALCRL', 'SMARCC1', 'FLJ31951', 'NDRG3', 'NM_020037', 'ZDHHC7',
       'SAT1', 'LUC7L2', 'SUMO4', 'SULT1C2', 'SYNPO', 'XM_496931', 'C1R',
       'MSR1', 'CENTA2', 'ZYG11B', 'NF1', 'GABBR1', 'FLRT1', 'IFI30',
       'MRLC2', 'GNG5', 'AAK1', 'COX7AP2', 'RUFY3', 'SMC3', 'CSTA',
       'TNFRSF1A', 'FKBP9', 'BCL3', 'D85181', 'LOC143381', 'ADCY2', 'LYZ',
       'GYS1', 'FN1', 'EIF2C3', 'MSN', 'SDCBP', 'ZNF24', 'LYPLA1',
       'TRPM8', 'HADHB', 'EHD4', 'BE669703', 'LSM10', 'BF941414',
       'ATP6V0A1', 'RYR3', 'NIT2', 'HLA-DRB1', 'CROP', 'LCOR', 'N72185',
       'DDOST', 'FOXJ1', 'TNFRSF12A', 'C21orf62', 'BTBD15', 'TREM2',
       'TRIM9', 'KIAA0907', 'TMSB4X', 'RAD21', 'GCSH', 'PGM2', 'AF113008',
       'PREPL', 'C9orf80', 'MULK', 'HLA-DMA', 'LOC400924', 'RICTOR',
       'JMJD1C', 'AF130080', 'APOE', 'CALD1', 'ANKRD28', 'PKNOX2',
       'LOC92689', 'DDB2', 'CLIC1', 'UBE3C', 'HDAC4', 'COL5A2', 'TNFAIP3',
       'PSMD9', 'CTNNB1', 'RP1-93H18.5', 'RRP22', 'EPHB1', 'EIF4G1',
       'NT5C3', 'AF130082', 'PAXIP1', 'TIMP1', 'RPA3', 'CTBP2', 'TAGLN2',
       'LOX', 'CHD7', 'WDR54', 'PLAUR', 'AL119491', 'TMED8', 'MAP3K7IP2',
       'ZNF25', 'TM9SF3', 'SGCD', 'GGH', 'QKI', 'LILRB1', 'MYL6',
       'C6orf115', 'MBOAT2', 'MAPBPIP', 'TSPO', 'KIF5B', 'TMEM106B',
       'TCEA3', 'FLJ20273', 'GPNMB', 'RGS19', 'BE326808', 'TMEM41B',
       'TNKS2', 'TTC7A', 'LIN7C', 'MFSD1', 'ZNF291', 'ZNF18', 'MESDC2',
       'RPS25', 'KIAA1344', 'NDRG2', 'IGFBP5', 'GALNT13', 'TncRNA',
       'CDC42', 'DUSP6', 'TOMM40L', 'SEZ6L', 'C1RL', 'PSMB8', 'MAN2B1',
       'ST8SIA4', 'SCP2', 'PDRG1', 'SLC4A4', 'PPP1R12A', 'AI868039',
       'HLA-DRB5', 'VKORC1', 'ALOX5AP', 'LUM', 'POGZ', 'BCR', 'CASK',
       'ANXA13', 'PDLIM4', 'NRP1', 'LTF', 'WDR1', 'FAM82B', 'ADIPOR2',
       'DTNA', 'BTN3A3', 'LIFR', 'MS4A6A', 'ATP5J2', 'TRIM6', 'SLC16A3',
       'N50714', 'ZNF148', 'CCM2', 'ZNF770', 'SPP1', 'AV685992', 'MGEA5',
       'C10orf62', 'IPO11', 'RPS6KA3', 'IQGAP3', 'CMTM6', 'SCOTIN',
       'DYNC1H1', 'CYP2E1', 'MTP18', 'TMEM165', 'C8orf46', 'AGTRAP', 'C3',
       'WDFY3', 'CTSB', 'BCAT1', 'WDR22', 'GPAM', 'ST13', 'EGR1',
       'XM_376043', 'RABL5', 'GNL1', 'AA868809', 'C13orf18', 'THNSL1',
       'SUSD4', 'CAPN5', 'ENAH', 'MTDH', 'MSI2', 'COL27A1', 'SULT1A3',
       'ADRM1', 'LAMB1', 'SYF2', 'LSG1', 'SLC15A2', 'EFEMP2', 'FBXO21',
       'SSR1', 'ARPC2', 'CD300A'], dtype=object), 'Sample count': 51, 'Nans': array([0, 0, 0, 0, 0, 0, 0, 0, 0, 0, 0, 0, 0, 0, 0, 0, 0, 0, 0, 0, 0, 0,
       0, 0, 0, 0, 0, 0, 0, 0, 0, 0, 0, 0, 0, 0, 0, 0, 0, 0, 0, 0, 0, 0,
       0, 0, 0, 0, 0, 0, 0, 0, 0, 0, 0, 0, 0, 0, 0, 0, 0, 0, 0, 0, 0, 0,
       0, 0, 0, 0, 0, 0, 0, 0, 0, 0, 0, 0, 0, 0, 0, 0, 0, 0, 0, 0, 0, 0,
       0, 0, 0, 0, 0, 0, 0, 0, 0, 0, 0, 0, 0, 0, 0, 0, 0, 0, 0, 0, 0, 0,
       0, 0, 0, 0, 0, 0, 0, 0, 0, 0, 0, 0, 0, 0, 0, 0, 0, 0, 0, 0, 0, 0,
       0, 0, 0, 0, 0, 0, 0, 0, 0, 0, 0, 0, 0, 0, 0, 0, 0, 0, 0, 0, 0, 0,
       0, 0, 0, 0, 0, 0, 0, 0, 0, 0, 0, 0, 0, 0, 0, 0, 0, 0, 0, 0, 0, 0,
       0, 0, 0, 0, 0, 0, 0, 0, 0, 0, 0, 0, 0, 0, 0, 0, 0, 0, 0, 0, 0, 0,
       0, 0, 0, 0, 0, 0, 0, 0, 0, 0, 0, 0, 0, 0, 0, 0, 0, 0, 0, 0, 0, 0,
       0, 0, 0, 0, 0, 0, 0, 0, 0, 0, 0, 0, 0, 0, 0, 0, 0, 0, 0, 0, 0, 0,
       0, 0, 0, 0, 0, 0, 0, 0, 0, 0, 0, 0, 0, 0, 0, 0, 0, 0, 0, 0, 0, 0,
       0, 0, 0, 0, 0, 0, 0, 0, 0, 0, 0, 0, 0, 0, 0, 0, 0, 0, 0, 0, 0, 0,
       0, 0, 0, 0, 0, 0, 0, 0, 0, 0, 0, 0, 0, 0, 0, 0, 0, 0, 0, 0, 0, 0,
       0, 0, 0, 0, 0, 0, 0, 0, 0, 0, 0, 0, 0, 0, 0, 0, 0, 0, 0, 0, 0, 0,
       0, 0, 0, 0, 0, 0, 0, 0, 0, 0, 0, 0, 0, 0, 0, 0, 0, 0, 0, 0, 0, 0,
       0, 0, 0, 0, 0, 0, 0, 0, 0, 0, 0, 0, 0, 0, 0, 0, 0, 0, 0, 0, 0, 0,
       0, 0, 0, 0, 0, 0, 0, 0, 0, 0, 0, 0, 0, 0, 0, 0, 0, 0, 0, 0, 0, 0,
       0, 0, 0, 0, 0, 0, 0, 0, 0, 0, 0, 0, 0, 0, 0, 0, 0, 0, 0, 0, 0, 0,
       0, 0, 0, 0, 0, 0, 0, 0, 0, 0, 0, 0, 0, 0, 0, 0, 0, 0, 0, 0, 0, 0,
       0, 0, 0, 0, 0, 0, 0, 0, 0, 0, 0, 0, 0, 0, 0, 0, 0, 0, 0, 0, 0, 0,
       0, 0, 0, 0, 0, 0, 0, 0, 0, 0, 0, 0, 0, 0, 0, 0, 0, 0, 0, 0, 0, 0,
       0, 0, 0, 0, 0, 0, 0, 0, 0, 0, 0, 0, 0, 0, 0, 0, 0, 0, 0, 0, 0, 0,
       0, 0, 0, 0, 0, 0, 0, 0, 0, 0, 0, 0, 0, 0, 0, 0, 0, 0, 0, 0, 0, 0,
       0, 0, 0, 0, 0, 0, 0, 0, 0, 0, 0, 0, 0, 0, 0, 0, 0, 0, 0, 0, 0, 0,
       0, 0, 0, 0, 0, 0, 0, 0, 0, 0, 0, 0, 0, 0, 0, 0, 0, 0, 0, 0, 0, 0,
       0, 0, 0, 0, 0, 0, 0, 0, 0, 0, 0, 0, 0, 0, 0, 0, 0, 0, 0, 0, 0, 0,
       0, 0, 0, 0, 0, 0, 0, 0, 0, 0, 0, 0, 0, 0, 0, 0, 0, 0, 0, 0, 0])}
[Time: 02.07.23 09:58:35] [Level: info] transition: wait_for_params
[Time: 02.07.23 09:58:36] [Level: info] state: wait_for_params
[CTRL] GET /data
[CTRL] POST /data
setting parameters
[API] Setting parameters
['EHD4', 'UPP1', 'IGFBP2', 'C13orf18', 'ARHGAP5', 'SLC1A4', 'MULK', 'SPIRE1', 'SF1', 'LSM10', 'ATP5J2', 'NM_013307', 'TMCO4', 'WDR1', 'NDRG2', 'ALDH6A1', 'C12orf29', 'SUMO4', 'MAPK8', 'ACTN1', 'NET1', 'ABI1', 'D85181', 'LILRB1', 'ZDHHC7', 'CTNNA1', 'ITGB3BP', 'AU144267', 'LONPL', 'FARSLB', 'CD163', 'PKNOX2', 'HLA-DRB5', 'SYDE1', 'GLUD2', 'XM_379512', 'SMARCC1', 'ANXA2', 'ANXA13', 'NDUFS1', 'GYS1', 'FN1', 'THNSL1', 'CCNI', 'DDB2', 'LOXL3', 'SLC18A2', 'USP4', 'ADCY2', 'PREPL', 'RPS6KA3', 'BRD2', 'BTBD15', 'SEZ6L', 'SERPINA1', 'AKAP1', 'UBXD2', 'LOC54103', 'CD63', 'FOXJ1', 'SULT1A3', 'NM_020037', 'SCAMP1', 'GGH', 'SLC15A2', 'EPB41L2', 'AI690169', 'USP8', 'IKIP', 'MST150', 'HADHB', 'COL5A2', 'TRIM6', 'FBXO21', 'APOE', 'LITAF', 'SULT1C2', 'KIAA1704', 'KLF10', 'GPR65', 'C6orf111', 'BC003660', 'IPO11', 'S100A4', 'DIRAS3', 'ZRANB1', 'NKTR', 'BF435290', 'LUZP2', 'NCAM1', 'DYNC1H1', 'RAB18', 'KIAA1946', 'PPP1R15A', 'TTC3', 'MS4A6A', 'DENND4A', 'EFEMP2', 'C21orf62', 'ZNF291', 'PTGFRN', 'C20orf119', 'GNG12', 'AAK1', 'GABBR1', 'ATAD1', 'PDLIM4', 'XM_376043', 'ALDH5A1', 'UBE3C', 'CTSB', 'CLIC1', 'CCM2', 'AKT3', 'PLCB1', 'ZNF83', 'CENTA2', 'TREM2', 'GCSH', 'C2orf11', 'MYST4', 'C17orf63', 'C1orf192', 'PDLIM1', 'PDRG1', 'KIAA0652', 'MPDZ', 'KRAS', 'ANKRD28', 'BBX', 'C9orf80', 'MYL6', 'AF274957', 'MYO9B', 'IGFBP5', 'CAMSAP1L1', 'SGCD', 'LARP1', 'HPSE2', 'PLAUR', 'AGTRAP', 'FADS1', 'GPHN', 'NTRK2', 'MTDH', 'FKBP10', 'BE326808', 'RAP2A', 'KRT10', 'EMP3', 'GTF2IRD2', 'TMEM127', 'POGZ', 'AHCYL1', 'C20orf108', 'C19orf50', 'ALDH16A1', 'TLOC1', 'AV685992', 'DIMT1L', 'AF116616', 'TAX1BP3', 'TNIK', 'ZYG11B', 'CMTM3', 'LAMC1', 'RSC1A1', 'PHPT1', 'TNFAIP3', 'S100A11', 'TUB', 'TncRNA', 'LOC400924', 'ZAK', 'SMS', 'RAB2', 'CDC42', 'HSMPP8', 'PFAAP5', 'AP1S2', 'PITPNB', 'NR2F2', 'ADIPOR2', 'AASDHPPT', 'IFI30', 'SERPINE1', 'HIPK2', 'COL4A1', 'KCNIP3', 'SCP2', 'RER1', 'KPNA5', 'ARIH1', 'SDCBP', 'KPNB1', 'FGF12', 'SAMD9L', 'LOC143381', 'PPP2R5A', 'AI733194', 'MSR1', 'LTF', 'SSR1', 'OSBP', 'FRY', 'RPN2', 'EPHB1', 'RPA3', 'TM9SF3', 'HEXB', 'SRP19', 'CD58', 'ZNF770', 'NAGA', 'MAP3K7IP2', 'MRCL3', 'GAS2L3', 'LOC339803', 'RNUXA', 'RGS19', 'CENTD3', 'ZFP91', 'SLC1A1', 'SERPINA3', 'NBN', 'ZNF710', 'KIAA1462', 'TMSB4X', 'UQCRC2', 'HLA-DPB1', 'BF677084', 'DDHD1', 'FAM20C', 'DNAJB14', 'C1S', 'RP1-93H18.5', 'TMEFF2', 'SOX6', 'CLASP2', 'SPIN', 'TRIP6', 'PIK3R1', 'WWOX', 'GLA', 'PDPN', 'TCEA3', 'FDFT1', 'HSPG2', 'PRKCA', 'PSMD9', 'CCDC109B', 'MTP18', 'NT5C3', 'CMTM6', 'ZDHHC21', 'ABAT', 'FLRT1', 'PSMB8', 'KIAA0776', 'ZHX1', 'LUM', 'ZADH2', 'NUCKS1', 'LYPLA1', 'RABGAP1', 'N72185', 'COX7AP2', 'TOMM40L', 'GPAM', 'NEK1', 'SCG3', 'MAPT', 'RPL37', 'HDGFRP3', 'RABGAP1L', 'ST13', 'ZMYM2', 'PANK1', 'WDFY3', 'NAV1', 'SH3GLB1', 'CRBN', 'EIF2C3', 'FSTL1', 'BCL3', 'LUC7L2', 'ZNF22', 'TSPO', 'TIMP1', 'XM_168590', 'MGEA5', 'C5orf31', 'SP100', 'RB1CC1', 'NUDT4', 'EDNRB', 'LIN7C', 'GLUD1', 'WDR22', 'ETNK1', 'ZNF18', 'ARPC2', 'RNF135', 'BC001425', 'MLSTD2', 'F11R', 'FAM82B', 'GNL1', 'AI982758', 'GUSB', 'FKBP9', 'GALNT13', 'ZNFX1', 'ANGPT2', 'MSN', 'HSPA6', 'IFNGR2', 'SPRN', 'SQRDL', 'CALCRL', 'ANXA1', 'WDFY1', 'ENSA', 'NNMT', 'AA934610', 'RYR3', 'SLC4A4', 'MRC2', 'KLF12', 'ST8SIA4', 'ADRM1', 'MFSD1', 'RICTOR', 'HLA-DQB1', 'RBMS1', 'RAB34', 'MGC4677', 'SP110', 'AK027219', 'DTNA', 'WAC', 'HDAC4', 'TGFBR1', 'TAGLN2', 'STAT1', 'FUK', 'RUFY3', 'C10orf62', 'BMS1L', 'DPYD', 'AI860012', 'SLC11A2', 'KIAA1279', 'ANXA2P2', 'MAPBPIP', 'CAPN5', 'KLHL24', 'STEAP3', 'FAM111A', 'FLJ20273', 'WDR54', 'ALOX5AP', 'LCOR', 'KIAA0907', 'LYPLAL1', 'TNFRSF12A', 'GNAI2', 'TEX261', 'EIF4G1', 'RPS25', 'NRP1', 'WASF3', 'EIF4EBP2', 'TYMS', 'SLC16A3', 'C19orf48', 'COMMD7', 'C6orf115', 'C8orf46', 'RNASE6', 'ZFP36L2', 'LAMB1', 'ZNF148', 'OSBPL11', 'GHITM', 'C2orf33', 'PPM1A', 'MBOAT2', 'IDI1', 'ZNF25', 'FLJ31951', 'TNFRSF1A', 'BF941414', 'DUSP6', 'EWSR1', 'SP3', 'HLA-DMA', 'ADM', 'HLA-DRB1', 'MYST1', 'CPEB4', 'INSIG1', 'PLAT', 'KIAA1344', 'IKBKB', 'TCF8', 'TTC7A', 'TMED8', 'JARID1A', 'LSG1', 'CDCA7L', 'AF113008', 'ABLIM1', 'LOC143941', 'WISP1', 'RAB6IP1', 'NIT2', 'LIFR', 'SLC35E1', 'CD300A', 'HAPLN3', 'CPSF2', 'SLC25A19', 'SNX8', 'PITPNC1', 'TBC1D10A', 'C1RL', 'JMJD1C', 'BTN3A3', 'NDRG3', 'BCL2A1', 'AF130082', 'GARNL1', 'DHX8', 'SYNPO', 'CYBASC3', 'PIAS1', 'WHSC1L1', 'UACA', 'NF1', 'CHD9', 'CHI3L1', 'TMEM41B', 'BE669703', 'PAXIP1', 'CNTN1', 'SMC4', 'DDX17', 'SAMD9', 'CALD1', 'MRPS28', 'TMEM165', 'SH3BGRL3', 'MCM5', 'SAT1', 'AL119491', 'CYP2E1', 'PUM1', 'SPAG9', 'FNIP1', 'NUDT3', 'MLL', 'BF594695', 'ARSD', 'COL27A1', 'ZWILCH', 'C20orf149', 'RRAGD', 'SCOTIN', 'YWHAB', 'PAEP', 'SYF2', 'AI868039', 'HNRPH3', 'MESDC2', 'BCR', 'RPL22', 'P15RS', 'CTNNB1', 'PAFAH1B1', 'RAP2B', 'MAN2B1', 'AA868809', 'HMGCR', 'C11orf54', 'VPS13D', 'ARL4C', 'ADPRHL2', 'HLA-DOA', 'LOC492311', 'COL4A2', 'KIF3A', 'CHD7', 'TPM3', 'AA088873', 'FAM120AOS', 'CROP', 'TRPM8', 'LYZ', 'CASK', 'FOXO3A', 'SUSD4', 'HOXA3', 'AF119855', 'GDF15', 'SOCS3', 'MIB1', 'PPM1L', 'REXO2', 'IPO7', 'AF130080', 'PAPD1', 'CHES1', 'SLC7A1', 'TMSB10', 'AI267414', 'ACBD5', 'KIF5B', 'HLA-DPA1', 'OAS1', 'RRP22', 'CSTA', 'PIGT', 'IQGAP3', 'AA935461', 'PPP1R12A', 'ZMYND11', 'FCGBP', 'SMC3', 'VPS24', 'SNX24', 'PGM2', 'GSS', 'CAP1', 'CEP170', 'AIM1', 'VKORC1', 'CAPG', 'XM_496931', 'IQGAP1', 'GBA', 'TBC1D9B', 'DKFZp434B1231', 'MSI2', 'AP2B1', 'WDR34', 'XM_208778', 'ANXA5', 'SLC25A3', 'MRLC2', 'RASSF4', 'FBXO30', 'sep-11', 'TRIM9', 'YTHDC1', 'DNAJC12', 'FXYD5', 'C1R', 'CAPZA1', 'RABGGTB', 'AKAP11', 'FOLR1', 'RAB8A', 'GPNMB', 'TNRC6B', 'TRIM56', 'SPRY1', 'GIT2', 'ATP6V0A1', 'LOX', 'QKI', 'LOC283130', 'C3', 'MGC39518', 'TJP2', 'TNKS2', 'PUM2', 'VEGF', 'SREBF2', 'ZNF24', 'CD74', 'RBM39', 'RABL5', 'STAT2', 'SPP1', 'RNASE4', 'C4orf12', 'AKAP13', 'CFI', 'N50714', 'SLC25A36', 'GNG5', 'TNFSF13', 'LOC92689', 'SCD', 'ARMC1', 'BCAT1', 'KIAA0999', 'CTBP2', 'SCAP2', 'WDR68', 'PHYHIPL', 'ADPGK', 'CALR', 'SLC27A3', 'LATS2', 'PPP2CB', 'ANKRD17', 'LOC283378', 'TMEM106B', 'EGR1', 'C10orf10', 'DDOST', 'RAD21', 'ENAH']
INDEX
[436, 142, 200, 596, 279, 18, 462, 277, 79, 438, 562, 264, 110, 555, 527, 266, 345, 401, 319, 269, 107, 151, 423, 504, 398, 104, 275, 320, 92, 103, 280, 471, 544, 292, 38, 189, 394, 127, 551, 3, 427, 428, 597, 268, 473, 167, 48, 67, 425, 460, 574, 163, 451, 534, 205, 338, 239, 188, 290, 448, 604, 397, 302, 502, 609, 278, 52, 346, 116, 242, 435, 477, 563, 611, 468, 389, 402, 376, 286, 225, 133, 13, 573, 157, 301, 49, 201, 362, 124, 339, 578, 14, 340, 70, 143, 561, 37, 610, 450, 522, 132, 240, 375, 415, 410, 4, 552, 592, 222, 475, 586, 474, 567, 32, 328, 342, 407, 452, 457, 75, 7, 180, 379, 175, 540, 159, 114, 363, 470, 139, 461, 505, 26, 365, 528, 146, 501, 56, 25, 495, 583, 336, 28, 138, 601, 344, 516, 253, 137, 246, 19, 29, 548, 229, 202, 76, 169, 154, 570, 274, 47, 170, 228, 408, 295, 282, 58, 335, 478, 172, 352, 530, 464, 245, 313, 89, 531, 208, 262, 391, 333, 373, 557, 120, 412, 46, 187, 174, 130, 539, 382, 387, 34, 431, 91, 190, 53, 424, 57, 232, 406, 554, 612, 6, 30, 251, 483, 489, 500, 259, 27, 326, 568, 213, 498, 199, 331, 309, 273, 515, 123, 39, 356, 83, 192, 371, 341, 455, 255, 193, 311, 68, 369, 101, 298, 481, 250, 241, 258, 112, 118, 325, 300, 24, 214, 512, 63, 210, 354, 479, 317, 580, 485, 576, 72, 386, 411, 536, 10, 173, 547, 177, 327, 433, 357, 446, 416, 533, 589, 161, 243, 16, 178, 329, 66, 590, 15, 166, 585, 77, 349, 231, 429, 141, 422, 400, 135, 509, 488, 374, 571, 0, 185, 119, 122, 285, 520, 5, 588, 370, 523, 613, 98, 54, 87, 206, 556, 594, 36, 43, 421, 529, 305, 50, 430, 361, 99, 380, 252, 393, 12, 324, 148, 364, 93, 441, 541, 74, 181, 538, 605, 521, 465, 219, 211, 111, 176, 283, 318, 558, 94, 476, 65, 491, 179, 145, 417, 572, 384, 260, 21, 125, 95, 221, 508, 599, 233, 134, 267, 513, 494, 546, 445, 454, 288, 449, 244, 171, 484, 525, 553, 359, 149, 383, 564, 82, 330, 506, 582, 367, 293, 606, 566, 183, 323, 271, 42, 507, 59, 499, 395, 420, 439, 532, 73, 60, 463, 88, 443, 106, 100, 234, 372, 526, 385, 97, 519, 497, 257, 608, 105, 459, 191, 207, 272, 348, 442, 560, 220, 614, 108, 270, 263, 128, 226, 303, 535, 466, 559, 396, 314, 486, 35, 126, 403, 291, 287, 51, 115, 409, 378, 23, 517, 437, 487, 237, 322, 117, 109, 469, 235, 581, 236, 377, 399, 496, 579, 316, 61, 9, 8, 1, 164, 265, 603, 337, 212, 321, 577, 366, 281, 607, 543, 186, 524, 549, 355, 40, 480, 256, 215, 537, 595, 155, 162, 198, 33, 113, 238, 158, 147, 20, 493, 388, 353, 129, 444, 434, 426, 550, 217, 598, 218, 150, 230, 64, 41, 22, 184, 152, 467, 195, 168, 11, 86, 294, 44, 510, 284, 296, 482, 419, 196, 575, 140, 542, 31, 84, 418, 45, 90, 458, 197, 71, 136, 297, 545, 310, 404, 248, 315, 55, 204, 602, 358, 96, 165, 85, 131, 413, 308, 17, 368, 453, 216, 153, 351, 405, 360, 62, 223, 2, 343, 514, 249, 392, 80, 203, 440, 492, 503, 390, 584, 144, 350, 518, 306, 209, 312, 432, 194, 254, 593, 381, 569, 121, 160, 307, 347, 565, 69, 414, 289, 472, 81, 102, 587, 334, 490, 276, 247, 227, 78, 304, 182, 156, 224, 299, 332, 511, 591, 261, 447, 456, 600]
[Time: 02.07.23 09:58:38] [Level: info] transition: compute_std
[Time: 02.07.23 09:58:39] [Level: info] state: compute_std
[CTRL] GET /data
[CTRL] POST /data
(615, 1)
[Time: 02.07.23 09:58:41] [Level: info] transition: apply_scaling
[Time: 02.07.23 09:58:42] [Level: info] state: apply_scaling
[CTRL] GET /data
[CTRL] POST /data
[548 221 345  51 567 541 262 437 606 576 157 285 529 203 155 413 367 227
 131 172  24  70 330 121 210 193 376 607 470 493 228 554 296 266 144 385
  17 595 275 128  43 148  47 551  80 442 471  10 369 104 390 578 399 133
 218 457 109 533 249  25 189  60 176 416 394 306 598 384 130 298 415 425
 495  56 194 372 352  73 175 435  67 362 474 167 506 487 124  58 192 543
 190  82 602 476 163 212  85 263 509 278 125  50 321 420 562 158 112 304
 409 231 558 248 516 159 107 337 354 312 473 224  13 132 202 600 127 559
 137 382 154 549 436  42 141 208 264 494 477 395 603   7 540 182 118  77
  66 351 105  76 122  35 360 301 544 406 166 103 363 480 454 243 389 356
 261 512 468 564 293  40 403 120 281 560 407 273 582 583  16 612 219 348
 466 482  31 269  33   9  22 308 205 215 515 217 514 316 115 299 479 246
 253 242  86   6 291 191 517 508 254 511  52 591 259 214  99  91   4 289
 279  21 331 608 532 338 450 579 536 126 113 526 380 462 143 364 522 432
 499 110  28 178 116 387  18 408 433 129  55 183 613 547 209 587 162 186
 581 439 525 496 461 211 358 484 174 300  39 368 500 198 465 469 341 489
 135 609 475 483 455 383 404 530 421 307 422 239 225 386  29 429 272 449
 458 277  45 401 280   5 309 147  26 392  36 570 119 340 400 233 553 161
 513 531 472 177 282  27  90 534 332 366 485 467 464 590 258 256  63 575
 546 342 614 297  74 597 452 388  64 447  75 180  46 150 326 230 238 423
  11 152 268 371 428   0 207  62 286  65 510 491 324 287 102 255 524 556
 153 488 460 478 503 584 164 355   8 561 165  48 481  49  69 565 592 459
 346 303 443 101 610 136 419 440 580  34 418 310 170 339 601 391 377 594
 528 241 290  15 545 220 552  41  94 566 283   3 171  32 353 305 438 412
 108 589 327 204 405 213 142 550 139 357 350  68 271 571 292 361 585 196
 411 314 179 417  44 572 229 325 146 396 424 168 195 302 463 318 347 507
 114 604 240 586 574  97 448 359 378 446 398 295 568 535 232  57 134 605
 365 199 140  72 276 501 453 333 322 539  84 370 222  89 537 336 329 274
 123 518 538  37 374 111 250  38 334 236 393 520 373 181  79 519  93 151
 557 588  59 317 445 596 402 234  54 599  53  71 573 593 319 344 410  95
  92 427  19 611  96 414 188 490 434 577 169 117 486 173 245 237 397 223
 267 456 379 426  78 184 200  14 343 100 521 349 187]
(array([], dtype=int64),)
CURRENT DATA:  <apps.svd.TabData.TabData object at 0x7f635fc51130>
[Time: 02.07.23 09:58:44] [Level: info] transition: mfa_prerequisites
[Time: 02.07.23 09:58:45] [Level: info] state: mfa_prerequisites
Calling start_power_iteration
[Time: 02.07.23 09:58:45] [Level: info] transition: start_power_iteration
[Time: 02.07.23 09:58:46] [Level: info] state: start_power_iteration
[STARTUP] Computing covariance matrix
[STARTUP] Random initialisation
TABDATA SCALED
[[ 1.21898537  1.96684215  0.47275249 ...  0.51086111 -1.02681967
  -0.99484168]
 [ 0.3855957   0.84438647  1.17073248 ...  1.83546868 -0.76578871
  -3.10837928]
 [ 1.36549053  1.15916007  1.11947809 ...  1.05102955  0.27129178
  -1.91560235]
 ...
 [ 1.22254963  0.59625342  1.27067105 ...  0.66808294 -0.08701641
  -1.12545025]
 [-1.32575226 -0.65111185 -0.16302209 ... -0.06776626 -0.06745922
   1.27395427]
 [-0.18217102  0.37644432 -2.66313589 ... -1.33875118  0.99887839
  -0.40220033]]
[Time: 02.07.23 09:58:46] [Level: info] transition: compute_final_h_cov
[Time: 02.07.23 09:58:47] [Level: info] state: compute_final_h_cov
[CTRL] GET /data
[CTRL] POST /data
Setting k
starting eigenvector norms
34
[Time: 02.07.23 09:58:50] [Level: info] transition: compute_local_conorm
[Time: 02.07.23 09:58:51] [Level: info] state: compute_local_conorm
[CTRL] GET /data
[CTRL] POST /data
[Time: 02.07.23 09:58:53] [Level: info] transition: compute_local_norm
[Time: 02.07.23 09:58:54] [Level: info] state: compute_local_norm
[CTRL] GET /data
[CTRL] POST /data
starting orthogonalise_current
ending orthogonalise_current
starting eigenvector norms
34
[Time: 02.07.23 09:58:56] [Level: info] transition: compute_local_conorm
[Time: 02.07.23 09:58:57] [Level: info] state: compute_local_conorm
[CTRL] GET /data
[CTRL] POST /data
[Time: 02.07.23 09:58:59] [Level: info] transition: compute_local_norm
[Time: 02.07.23 09:59:00] [Level: info] state: compute_local_norm
[CTRL] GET /data
[CTRL] POST /data
starting orthogonalise_current
ending orthogonalise_current
starting eigenvector norms
34
[Time: 02.07.23 09:59:02] [Level: info] transition: compute_local_conorm
[Time: 02.07.23 09:59:03] [Level: info] state: compute_local_conorm
[CTRL] GET /data
[CTRL] POST /data
[Time: 02.07.23 09:59:05] [Level: info] transition: compute_local_norm
[Time: 02.07.23 09:59:06] [Level: info] state: compute_local_norm
[CTRL] GET /data
[CTRL] POST /data
starting orthogonalise_current
ending orthogonalise_current
starting eigenvector norms
34
[Time: 02.07.23 09:59:08] [Level: info] transition: compute_local_conorm
[Time: 02.07.23 09:59:09] [Level: info] state: compute_local_conorm
[CTRL] GET /data
[CTRL] POST /data
[Time: 02.07.23 09:59:11] [Level: info] transition: compute_local_norm
[Time: 02.07.23 09:59:12] [Level: info] state: compute_local_norm
[CTRL] GET /data
[CTRL] POST /data
starting orthogonalise_current
ending orthogonalise_current
starting eigenvector norms
34
[Time: 02.07.23 09:59:14] [Level: info] transition: compute_local_conorm
[Time: 02.07.23 09:59:15] [Level: info] state: compute_local_conorm
[CTRL] GET /data
[CTRL] POST /data
[Time: 02.07.23 09:59:17] [Level: info] transition: compute_local_norm
[Time: 02.07.23 09:59:18] [Level: info] state: compute_local_norm
[CTRL] GET /data
[CTRL] POST /data
starting orthogonalise_current
ending orthogonalise_current
starting eigenvector norms
34
[Time: 02.07.23 09:59:20] [Level: info] transition: compute_local_conorm
[Time: 02.07.23 09:59:21] [Level: info] state: compute_local_conorm
[CTRL] GET /data
[CTRL] POST /data
[Time: 02.07.23 09:59:23] [Level: info] transition: compute_local_norm
[Time: 02.07.23 09:59:24] [Level: info] state: compute_local_norm
[CTRL] GET /data
[CTRL] POST /data
starting orthogonalise_current
ending orthogonalise_current
starting eigenvector norms
34
[Time: 02.07.23 09:59:26] [Level: info] transition: compute_local_conorm
[Time: 02.07.23 09:59:27] [Level: info] state: compute_local_conorm
[CTRL] GET /data
[CTRL] POST /data
[Time: 02.07.23 09:59:29] [Level: info] transition: compute_local_norm
[Time: 02.07.23 09:59:30] [Level: info] state: compute_local_norm
[CTRL] GET /data
[CTRL] POST /data
starting orthogonalise_current
ending orthogonalise_current
starting eigenvector norms
34
[Time: 02.07.23 09:59:32] [Level: info] transition: compute_local_conorm
[Time: 02.07.23 09:59:33] [Level: info] state: compute_local_conorm
[CTRL] GET /data
[CTRL] POST /data
[Time: 02.07.23 09:59:35] [Level: info] transition: compute_local_norm
[Time: 02.07.23 09:59:36] [Level: info] state: compute_local_norm
[CTRL] GET /data
[CTRL] POST /data
starting orthogonalise_current
ending orthogonalise_current
starting eigenvector norms
34
[Time: 02.07.23 09:59:38] [Level: info] transition: compute_local_conorm
[Time: 02.07.23 09:59:39] [Level: info] state: compute_local_conorm
[CTRL] GET /data
[CTRL] POST /data
[Time: 02.07.23 09:59:41] [Level: info] transition: compute_local_norm
[Time: 02.07.23 09:59:42] [Level: info] state: compute_local_norm
[CTRL] GET /data
[CTRL] POST /data
starting orthogonalise_current
ending orthogonalise_current
starting eigenvector norms
34
[Time: 02.07.23 09:59:44] [Level: info] transition: compute_local_conorm
[Time: 02.07.23 09:59:45] [Level: info] state: compute_local_conorm
[CTRL] GET /data
[CTRL] POST /data
[Time: 02.07.23 09:59:47] [Level: info] transition: compute_local_norm
[Time: 02.07.23 09:59:48] [Level: info] state: compute_local_norm
[CTRL] GET /data
[CTRL] POST /data
starting orthogonalise_current
ending orthogonalise_current
starting eigenvector norms
34
[Time: 02.07.23 09:59:50] [Level: info] transition: compute_local_conorm
[Time: 02.07.23 09:59:51] [Level: info] state: compute_local_conorm
[CTRL] GET /data
[CTRL] POST /data
[Time: 02.07.23 09:59:53] [Level: info] transition: compute_local_norm
[Time: 02.07.23 09:59:54] [Level: info] state: compute_local_norm
[CTRL] GET /data
[CTRL] POST /data
starting orthogonalise_current
ending orthogonalise_current
starting eigenvector norms
34
[Time: 02.07.23 09:59:56] [Level: info] transition: compute_local_conorm
[Time: 02.07.23 09:59:57] [Level: info] state: compute_local_conorm
[CTRL] GET /data
[CTRL] POST /data
[Time: 02.07.23 09:59:59] [Level: info] transition: compute_local_norm
[Time: 02.07.23 10:00:00] [Level: info] state: compute_local_norm
[CTRL] GET /data
[CTRL] POST /data
starting orthogonalise_current
ending orthogonalise_current
starting eigenvector norms
34
[Time: 02.07.23 10:00:02] [Level: info] transition: compute_local_conorm
[Time: 02.07.23 10:00:03] [Level: info] state: compute_local_conorm
[CTRL] GET /data
[CTRL] POST /data
[Time: 02.07.23 10:00:05] [Level: info] transition: compute_local_norm
[Time: 02.07.23 10:00:06] [Level: info] state: compute_local_norm
[CTRL] GET /data
[CTRL] POST /data
starting orthogonalise_current
ending orthogonalise_current
starting eigenvector norms
34
[Time: 02.07.23 10:00:08] [Level: info] transition: compute_local_conorm
[Time: 02.07.23 10:00:09] [Level: info] state: compute_local_conorm
[CTRL] GET /data
[CTRL] POST /data
[Time: 02.07.23 10:00:11] [Level: info] transition: compute_local_norm
[Time: 02.07.23 10:00:12] [Level: info] state: compute_local_norm
[CTRL] GET /data
[CTRL] POST /data
starting orthogonalise_current
ending orthogonalise_current
starting eigenvector norms
34
[Time: 02.07.23 10:00:14] [Level: info] transition: compute_local_conorm
[Time: 02.07.23 10:00:15] [Level: info] state: compute_local_conorm
[CTRL] GET /data
[CTRL] POST /data
[Time: 02.07.23 10:00:17] [Level: info] transition: compute_local_norm
[Time: 02.07.23 10:00:18] [Level: info] state: compute_local_norm
[CTRL] GET /data
[CTRL] POST /data
starting orthogonalise_current
ending orthogonalise_current
starting eigenvector norms
34
[Time: 02.07.23 10:00:20] [Level: info] transition: compute_local_conorm
[Time: 02.07.23 10:00:21] [Level: info] state: compute_local_conorm
[CTRL] GET /data
[CTRL] POST /data
[Time: 02.07.23 10:00:23] [Level: info] transition: compute_local_norm
[Time: 02.07.23 10:00:24] [Level: info] state: compute_local_norm
[CTRL] GET /data
[CTRL] POST /data
starting orthogonalise_current
ending orthogonalise_current
starting eigenvector norms
34
[Time: 02.07.23 10:00:26] [Level: info] transition: compute_local_conorm
[Time: 02.07.23 10:00:27] [Level: info] state: compute_local_conorm
[CTRL] GET /data
[CTRL] POST /data
[Time: 02.07.23 10:00:29] [Level: info] transition: compute_local_norm
[Time: 02.07.23 10:00:30] [Level: info] state: compute_local_norm
[CTRL] GET /data
[CTRL] POST /data
starting orthogonalise_current
ending orthogonalise_current
starting eigenvector norms
34
[Time: 02.07.23 10:00:32] [Level: info] transition: compute_local_conorm
[Time: 02.07.23 10:00:33] [Level: info] state: compute_local_conorm
[CTRL] GET /data
[CTRL] POST /data
[Time: 02.07.23 10:00:35] [Level: info] transition: compute_local_norm
[Time: 02.07.23 10:00:36] [Level: info] state: compute_local_norm
[CTRL] GET /data
[CTRL] POST /data
starting orthogonalise_current
ending orthogonalise_current
starting eigenvector norms
34
[Time: 02.07.23 10:00:38] [Level: info] transition: compute_local_conorm
[Time: 02.07.23 10:00:39] [Level: info] state: compute_local_conorm
[CTRL] GET /data
[CTRL] POST /data
[Time: 02.07.23 10:00:41] [Level: info] transition: compute_local_norm
[Time: 02.07.23 10:00:42] [Level: info] state: compute_local_norm
[CTRL] GET /data
[CTRL] POST /data
starting orthogonalise_current
ending orthogonalise_current
starting eigenvector norms
34
[Time: 02.07.23 10:00:44] [Level: info] transition: compute_local_conorm
[Time: 02.07.23 10:00:45] [Level: info] state: compute_local_conorm
[CTRL] GET /data
[CTRL] POST /data
[Time: 02.07.23 10:00:47] [Level: info] transition: compute_local_norm
[Time: 02.07.23 10:00:48] [Level: info] state: compute_local_norm
[CTRL] GET /data
[CTRL] POST /data
starting orthogonalise_current
ending orthogonalise_current
starting eigenvector norms
34
[Time: 02.07.23 10:00:50] [Level: info] transition: compute_local_conorm
[Time: 02.07.23 10:00:51] [Level: info] state: compute_local_conorm
[CTRL] GET /data
[CTRL] POST /data
[Time: 02.07.23 10:00:53] [Level: info] transition: compute_local_norm
[Time: 02.07.23 10:00:54] [Level: info] state: compute_local_norm
[CTRL] GET /data
[CTRL] POST /data
starting orthogonalise_current
ending orthogonalise_current
starting eigenvector norms
34
[Time: 02.07.23 10:00:56] [Level: info] transition: compute_local_conorm
[Time: 02.07.23 10:00:57] [Level: info] state: compute_local_conorm
[CTRL] GET /data
[CTRL] POST /data
[Time: 02.07.23 10:00:59] [Level: info] transition: compute_local_norm
[Time: 02.07.23 10:01:00] [Level: info] state: compute_local_norm
[CTRL] GET /data
[CTRL] POST /data
starting orthogonalise_current
ending orthogonalise_current
starting eigenvector norms
34
[Time: 02.07.23 10:01:02] [Level: info] transition: compute_local_conorm
[Time: 02.07.23 10:01:03] [Level: info] state: compute_local_conorm
[CTRL] GET /data
[CTRL] POST /data
[Time: 02.07.23 10:01:05] [Level: info] transition: compute_local_norm
[Time: 02.07.23 10:01:06] [Level: info] state: compute_local_norm
[CTRL] GET /data
[CTRL] POST /data
starting orthogonalise_current
ending orthogonalise_current
starting eigenvector norms
34
[Time: 02.07.23 10:01:08] [Level: info] transition: compute_local_conorm
[Time: 02.07.23 10:01:09] [Level: info] state: compute_local_conorm
[CTRL] GET /data
[CTRL] POST /data
[Time: 02.07.23 10:01:11] [Level: info] transition: compute_local_norm
[Time: 02.07.23 10:01:12] [Level: info] state: compute_local_norm
[CTRL] GET /data
[CTRL] POST /data
starting orthogonalise_current
ending orthogonalise_current
starting eigenvector norms
34
[Time: 02.07.23 10:01:14] [Level: info] transition: compute_local_conorm
[Time: 02.07.23 10:01:15] [Level: info] state: compute_local_conorm
[CTRL] GET /data
[CTRL] POST /data
[Time: 02.07.23 10:01:17] [Level: info] transition: compute_local_norm
[Time: 02.07.23 10:01:18] [Level: info] state: compute_local_norm
[CTRL] GET /data
[CTRL] POST /data
starting orthogonalise_current
ending orthogonalise_current
starting eigenvector norms
34
[Time: 02.07.23 10:01:20] [Level: info] transition: compute_local_conorm
[Time: 02.07.23 10:01:21] [Level: info] state: compute_local_conorm
[CTRL] GET /data
[CTRL] POST /data
[Time: 02.07.23 10:01:23] [Level: info] transition: compute_local_norm
[Time: 02.07.23 10:01:24] [Level: info] state: compute_local_norm
[CTRL] GET /data
[CTRL] POST /data
starting orthogonalise_current
ending orthogonalise_current
starting eigenvector norms
34
[Time: 02.07.23 10:01:26] [Level: info] transition: compute_local_conorm
[Time: 02.07.23 10:01:27] [Level: info] state: compute_local_conorm
[CTRL] GET /data
[CTRL] POST /data
[Time: 02.07.23 10:01:29] [Level: info] transition: compute_local_norm
[Time: 02.07.23 10:01:30] [Level: info] state: compute_local_norm
[CTRL] GET /data
[CTRL] POST /data
starting orthogonalise_current
ending orthogonalise_current
starting eigenvector norms
34
[Time: 02.07.23 10:01:32] [Level: info] transition: compute_local_conorm
[Time: 02.07.23 10:01:33] [Level: info] state: compute_local_conorm
[CTRL] GET /data
[CTRL] POST /data
[Time: 02.07.23 10:01:35] [Level: info] transition: compute_local_norm
[Time: 02.07.23 10:01:36] [Level: info] state: compute_local_norm
[CTRL] GET /data
[CTRL] POST /data
starting orthogonalise_current
ending orthogonalise_current
starting eigenvector norms
34
[Time: 02.07.23 10:01:38] [Level: info] transition: compute_local_conorm
[Time: 02.07.23 10:01:39] [Level: info] state: compute_local_conorm
[CTRL] GET /data
[CTRL] POST /data
[Time: 02.07.23 10:01:41] [Level: info] transition: compute_local_norm
[Time: 02.07.23 10:01:42] [Level: info] state: compute_local_norm
[CTRL] GET /data
[CTRL] POST /data
starting orthogonalise_current
ending orthogonalise_current
starting eigenvector norms
34
[Time: 02.07.23 10:01:44] [Level: info] transition: compute_local_conorm
[Time: 02.07.23 10:01:45] [Level: info] state: compute_local_conorm
[CTRL] GET /data
[CTRL] POST /data
[Time: 02.07.23 10:01:47] [Level: info] transition: compute_local_norm
[Time: 02.07.23 10:01:48] [Level: info] state: compute_local_norm
[CTRL] GET /data
[CTRL] POST /data
starting orthogonalise_current
ending orthogonalise_current
starting eigenvector norms
34
[Time: 02.07.23 10:01:50] [Level: info] transition: compute_local_conorm
[Time: 02.07.23 10:01:51] [Level: info] state: compute_local_conorm
[CTRL] GET /data
[CTRL] POST /data
[Time: 02.07.23 10:01:53] [Level: info] transition: compute_local_norm
[Time: 02.07.23 10:01:54] [Level: info] state: compute_local_norm
[CTRL] GET /data
[CTRL] POST /data
starting orthogonalise_current
ending orthogonalise_current
starting eigenvector norms
34
[Time: 02.07.23 10:01:56] [Level: info] transition: compute_local_conorm
[Time: 02.07.23 10:01:57] [Level: info] state: compute_local_conorm
[CTRL] GET /data
[CTRL] POST /data
[Time: 02.07.23 10:01:59] [Level: info] transition: compute_local_norm
[Time: 02.07.23 10:02:00] [Level: info] state: compute_local_norm
[CTRL] GET /data
[CTRL] POST /data
starting orthogonalise_current
ending orthogonalise_current
starting eigenvector norms
34
[Time: 02.07.23 10:02:02] [Level: info] transition: compute_local_conorm
[Time: 02.07.23 10:02:03] [Level: info] state: compute_local_conorm
[CTRL] GET /data
[CTRL] POST /data
[Time: 02.07.23 10:02:05] [Level: info] transition: compute_local_norm
[Time: 02.07.23 10:02:06] [Level: info] state: compute_local_norm
[CTRL] GET /data
[CTRL] POST /data
starting orthogonalise_current
ending orthogonalise_current
starting eigenvector norms
34
[Time: 02.07.23 10:02:08] [Level: info] transition: normalize_g
[Time: 02.07.23 10:02:09] [Level: info] state: normalize_g
[CTRL] GET /data
[CTRL] POST /data
Normalising
(51, 34)
34
End normalising
(51, 34)
(34, 34)
(34,)
(51, 34)
[Time: 02.07.23 10:02:11] [Level: info] transition: separate_pca
[Time: 02.07.23 10:02:12] [Level: info] state: separate_pca
Starting scale tabdata
[Time: 02.07.23 10:02:12] [Level: info] transition: scale_tabdata
[Time: 02.07.23 10:02:13] [Level: info] state: scale_tabdata
Starting merge tabdata
[Time: 02.07.23 10:02:13] [Level: info] transition: merging_tabdata
[Time: 02.07.23 10:02:14] [Level: info] state: merging_tabdata
Starting global pca
[Time: 02.07.23 10:02:14] [Level: info] transition: init_pca
[Time: 02.07.23 10:02:15] [Level: info] state: init_pca
[STARTUP] Copy configuration and create dir
/mnt/input/hospital_data_bredel_1.csv
TEST: ['/mnt/input/hospital_data_freije_1.csv']
Log Transform performed
out {'Row names': array(['EHD4', 'UPP1', 'IGFBP2', 'C13orf18', 'ARHGAP5', 'SLC1A4', 'MULK',
       'SPIRE1', 'SF1', 'LSM10', 'ATP5J2', 'NM_013307', 'TMCO4', 'WDR1',
       'NDRG2', 'ALDH6A1', 'C12orf29', 'SUMO4', 'MAPK8', 'ACTN1', 'NET1',
       'ABI1', 'D85181', 'LILRB1', 'ZDHHC7', 'CTNNA1', 'ITGB3BP',
       'AU144267', 'LONPL', 'FARSLB', 'CD163', 'PKNOX2', 'HLA-DRB5',
       'SYDE1', 'GLUD2', 'XM_379512', 'SMARCC1', 'ANXA2', 'ANXA13',
       'NDUFS1', 'GYS1', 'FN1', 'THNSL1', 'CCNI', 'DDB2', 'LOXL3',
       'SLC18A2', 'USP4', 'ADCY2', 'PREPL', 'RPS6KA3', 'BRD2', 'BTBD15',
       'SEZ6L', 'SERPINA1', 'AKAP1', 'UBXD2', 'LOC54103', 'CD63', 'FOXJ1',
       'SULT1A3', 'NM_020037', 'SCAMP1', 'GGH', 'SLC15A2', 'EPB41L2',
       'AI690169', 'USP8', 'IKIP', 'MST150', 'HADHB', 'COL5A2', 'TRIM6',
       'FBXO21', 'APOE', 'LITAF', 'SULT1C2', 'KIAA1704', 'KLF10', 'GPR65',
       'C6orf111', 'BC003660', 'IPO11', 'S100A4', 'DIRAS3', 'ZRANB1',
       'NKTR', 'BF435290', 'LUZP2', 'NCAM1', 'DYNC1H1', 'RAB18',
       'KIAA1946', 'PPP1R15A', 'TTC3', 'MS4A6A', 'DENND4A', 'EFEMP2',
       'C21orf62', 'ZNF291', 'PTGFRN', 'C20orf119', 'GNG12', 'AAK1',
       'GABBR1', 'ATAD1', 'PDLIM4', 'XM_376043', 'ALDH5A1', 'UBE3C',
       'CTSB', 'CLIC1', 'CCM2', 'AKT3', 'PLCB1', 'ZNF83', 'CENTA2',
       'TREM2', 'GCSH', 'C2orf11', 'MYST4', 'C17orf63', 'C1orf192',
       'PDLIM1', 'PDRG1', 'KIAA0652', 'MPDZ', 'KRAS', 'ANKRD28', 'BBX',
       'C9orf80', 'MYL6', 'AF274957', 'MYO9B', 'IGFBP5', 'CAMSAP1L1',
       'SGCD', 'LARP1', 'HPSE2', 'PLAUR', 'AGTRAP', 'FADS1', 'GPHN',
       'NTRK2', 'MTDH', 'FKBP10', 'BE326808', 'RAP2A', 'KRT10', 'EMP3',
       'GTF2IRD2', 'TMEM127', 'POGZ', 'AHCYL1', 'C20orf108', 'C19orf50',
       'ALDH16A1', 'TLOC1', 'AV685992', 'DIMT1L', 'AF116616', 'TAX1BP3',
       'TNIK', 'ZYG11B', 'CMTM3', 'LAMC1', 'RSC1A1', 'PHPT1', 'TNFAIP3',
       'S100A11', 'TUB', 'TncRNA', 'LOC400924', 'ZAK', 'SMS', 'RAB2',
       'CDC42', 'HSMPP8', 'PFAAP5', 'AP1S2', 'PITPNB', 'NR2F2', 'ADIPOR2',
       'AASDHPPT', 'IFI30', 'SERPINE1', 'HIPK2', 'COL4A1', 'KCNIP3',
       'SCP2', 'RER1', 'KPNA5', 'ARIH1', 'SDCBP', 'KPNB1', 'FGF12',
       'SAMD9L', 'LOC143381', 'PPP2R5A', 'AI733194', 'MSR1', 'LTF',
       'SSR1', 'OSBP', 'FRY', 'RPN2', 'EPHB1', 'RPA3', 'TM9SF3', 'HEXB',
       'SRP19', 'CD58', 'ZNF770', 'NAGA', 'MAP3K7IP2', 'MRCL3', 'GAS2L3',
       'LOC339803', 'RNUXA', 'RGS19', 'CENTD3', 'ZFP91', 'SLC1A1',
       'SERPINA3', 'NBN', 'ZNF710', 'KIAA1462', 'TMSB4X', 'UQCRC2',
       'HLA-DPB1', 'BF677084', 'DDHD1', 'FAM20C', 'DNAJB14', 'C1S',
       'RP1-93H18.5', 'TMEFF2', 'SOX6', 'CLASP2', 'SPIN', 'TRIP6',
       'PIK3R1', 'WWOX', 'GLA', 'PDPN', 'TCEA3', 'FDFT1', 'HSPG2',
       'PRKCA', 'PSMD9', 'CCDC109B', 'MTP18', 'NT5C3', 'CMTM6', 'ZDHHC21',
       'ABAT', 'FLRT1', 'PSMB8', 'KIAA0776', 'ZHX1', 'LUM', 'ZADH2',
       'NUCKS1', 'LYPLA1', 'RABGAP1', 'N72185', 'COX7AP2', 'TOMM40L',
       'GPAM', 'NEK1', 'SCG3', 'MAPT', 'RPL37', 'HDGFRP3', 'RABGAP1L',
       'ST13', 'ZMYM2', 'PANK1', 'WDFY3', 'NAV1', 'SH3GLB1', 'CRBN',
       'EIF2C3', 'FSTL1', 'BCL3', 'LUC7L2', 'ZNF22', 'TSPO', 'TIMP1',
       'XM_168590', 'MGEA5', 'C5orf31', 'SP100', 'RB1CC1', 'NUDT4',
       'EDNRB', 'LIN7C', 'GLUD1', 'WDR22', 'ETNK1', 'ZNF18', 'ARPC2',
       'RNF135', 'BC001425', 'MLSTD2', 'F11R', 'FAM82B', 'GNL1',
       'AI982758', 'GUSB', 'FKBP9', 'GALNT13', 'ZNFX1', 'ANGPT2', 'MSN',
       'HSPA6', 'IFNGR2', 'SPRN', 'SQRDL', 'CALCRL', 'ANXA1', 'WDFY1',
       'ENSA', 'NNMT', 'AA934610', 'RYR3', 'SLC4A4', 'MRC2', 'KLF12',
       'ST8SIA4', 'ADRM1', 'MFSD1', 'RICTOR', 'HLA-DQB1', 'RBMS1',
       'RAB34', 'MGC4677', 'SP110', 'AK027219', 'DTNA', 'WAC', 'HDAC4',
       'TGFBR1', 'TAGLN2', 'STAT1', 'FUK', 'RUFY3', 'C10orf62', 'BMS1L',
       'DPYD', 'AI860012', 'SLC11A2', 'KIAA1279', 'ANXA2P2', 'MAPBPIP',
       'CAPN5', 'KLHL24', 'STEAP3', 'FAM111A', 'FLJ20273', 'WDR54',
       'ALOX5AP', 'LCOR', 'KIAA0907', 'LYPLAL1', 'TNFRSF12A', 'GNAI2',
       'TEX261', 'EIF4G1', 'RPS25', 'NRP1', 'WASF3', 'EIF4EBP2', 'TYMS',
       'SLC16A3', 'C19orf48', 'COMMD7', 'C6orf115', 'C8orf46', 'RNASE6',
       'ZFP36L2', 'LAMB1', 'ZNF148', 'OSBPL11', 'GHITM', 'C2orf33',
       'PPM1A', 'MBOAT2', 'IDI1', 'ZNF25', 'FLJ31951', 'TNFRSF1A',
       'BF941414', 'DUSP6', 'EWSR1', 'SP3', 'HLA-DMA', 'ADM', 'HLA-DRB1',
       'MYST1', 'CPEB4', 'INSIG1', 'PLAT', 'KIAA1344', 'IKBKB', 'TCF8',
       'TTC7A', 'TMED8', 'JARID1A', 'LSG1', 'CDCA7L', 'AF113008',
       'ABLIM1', 'LOC143941', 'WISP1', 'RAB6IP1', 'NIT2', 'LIFR',
       'SLC35E1', 'CD300A', 'HAPLN3', 'CPSF2', 'SLC25A19', 'SNX8',
       'PITPNC1', 'TBC1D10A', 'C1RL', 'JMJD1C', 'BTN3A3', 'NDRG3',
       'BCL2A1', 'AF130082', 'GARNL1', 'DHX8', 'SYNPO', 'CYBASC3',
       'PIAS1', 'WHSC1L1', 'UACA', 'NF1', 'CHD9', 'CHI3L1', 'TMEM41B',
       'BE669703', 'PAXIP1', 'CNTN1', 'SMC4', 'DDX17', 'SAMD9', 'CALD1',
       'MRPS28', 'TMEM165', 'SH3BGRL3', 'MCM5', 'SAT1', 'AL119491',
       'CYP2E1', 'PUM1', 'SPAG9', 'FNIP1', 'NUDT3', 'MLL', 'BF594695',
       'ARSD', 'COL27A1', 'ZWILCH', 'C20orf149', 'RRAGD', 'SCOTIN',
       'YWHAB', 'PAEP', 'SYF2', 'AI868039', 'HNRPH3', 'MESDC2', 'BCR',
       'RPL22', 'P15RS', 'CTNNB1', 'PAFAH1B1', 'RAP2B', 'MAN2B1',
       'AA868809', 'HMGCR', 'C11orf54', 'VPS13D', 'ARL4C', 'ADPRHL2',
       'HLA-DOA', 'LOC492311', 'COL4A2', 'KIF3A', 'CHD7', 'TPM3',
       'AA088873', 'FAM120AOS', 'CROP', 'TRPM8', 'LYZ', 'CASK', 'FOXO3A',
       'SUSD4', 'HOXA3', 'AF119855', 'GDF15', 'SOCS3', 'MIB1', 'PPM1L',
       'REXO2', 'IPO7', 'AF130080', 'PAPD1', 'CHES1', 'SLC7A1', 'TMSB10',
       'AI267414', 'ACBD5', 'KIF5B', 'HLA-DPA1', 'OAS1', 'RRP22', 'CSTA',
       'PIGT', 'IQGAP3', 'AA935461', 'PPP1R12A', 'ZMYND11', 'FCGBP',
       'SMC3', 'VPS24', 'SNX24', 'PGM2', 'GSS', 'CAP1', 'CEP170', 'AIM1',
       'VKORC1', 'CAPG', 'XM_496931', 'IQGAP1', 'GBA', 'TBC1D9B',
       'DKFZp434B1231', 'MSI2', 'AP2B1', 'WDR34', 'XM_208778', 'ANXA5',
       'SLC25A3', 'MRLC2', 'RASSF4', 'FBXO30', 'sep-11', 'TRIM9',
       'YTHDC1', 'DNAJC12', 'FXYD5', 'C1R', 'CAPZA1', 'RABGGTB', 'AKAP11',
       'FOLR1', 'RAB8A', 'GPNMB', 'TNRC6B', 'TRIM56', 'SPRY1', 'GIT2',
       'ATP6V0A1', 'LOX', 'QKI', 'LOC283130', 'C3', 'MGC39518', 'TJP2',
       'TNKS2', 'PUM2', 'VEGF', 'SREBF2', 'ZNF24', 'CD74', 'RBM39',
       'RABL5', 'STAT2', 'SPP1', 'RNASE4', 'C4orf12', 'AKAP13', 'CFI',
       'N50714', 'SLC25A36', 'GNG5', 'TNFSF13', 'LOC92689', 'SCD',
       'ARMC1', 'BCAT1', 'KIAA0999', 'CTBP2', 'SCAP2', 'WDR68', 'PHYHIPL',
       'ADPGK', 'CALR', 'SLC27A3', 'LATS2', 'PPP2CB', 'ANKRD17',
       'LOC283378', 'TMEM106B', 'EGR1', 'C10orf10', 'DDOST', 'RAD21',
       'ENAH'], dtype=object), 'Sample count': 51, 'Nans': array([0, 0, 0, 0, 0, 0, 0, 0, 0, 0, 0, 0, 0, 0, 0, 0, 0, 0, 0, 0, 0, 0,
       0, 0, 0, 0, 0, 0, 0, 0, 0, 0, 0, 0, 0, 0, 0, 0, 0, 0, 0, 0, 0, 0,
       0, 0, 0, 0, 0, 0, 0, 0, 0, 0, 0, 0, 0, 0, 0, 0, 0, 0, 0, 0, 0, 0,
       0, 0, 0, 0, 0, 0, 0, 0, 0, 0, 0, 0, 0, 0, 0, 0, 0, 0, 0, 0, 0, 0,
       0, 0, 0, 0, 0, 0, 0, 0, 0, 0, 0, 0, 0, 0, 0, 0, 0, 0, 0, 0, 0, 0,
       0, 0, 0, 0, 0, 0, 0, 0, 0, 0, 0, 0, 0, 0, 0, 0, 0, 0, 0, 0, 0, 0,
       0, 0, 0, 0, 0, 0, 0, 0, 0, 0, 0, 0, 0, 0, 0, 0, 0, 0, 0, 0, 0, 0,
       0, 0, 0, 0, 0, 0, 0, 0, 0, 0, 0, 0, 0, 0, 0, 0, 0, 0, 0, 0, 0, 0,
       0, 0, 0, 0, 0, 0, 0, 0, 0, 0, 0, 0, 0, 0, 0, 0, 0, 0, 0, 0, 0, 0,
       0, 0, 0, 0, 0, 0, 0, 0, 0, 0, 0, 0, 0, 0, 0, 0, 0, 0, 0, 0, 0, 0,
       0, 0, 0, 0, 0, 0, 0, 0, 0, 0, 0, 0, 0, 0, 0, 0, 0, 0, 0, 0, 0, 0,
       0, 0, 0, 0, 0, 0, 0, 0, 0, 0, 0, 0, 0, 0, 0, 0, 0, 0, 0, 0, 0, 0,
       0, 0, 0, 0, 0, 0, 0, 0, 0, 0, 0, 0, 0, 0, 0, 0, 0, 0, 0, 0, 0, 0,
       0, 0, 0, 0, 0, 0, 0, 0, 0, 0, 0, 0, 0, 0, 0, 0, 0, 0, 0, 0, 0, 0,
       0, 0, 0, 0, 0, 0, 0, 0, 0, 0, 0, 0, 0, 0, 0, 0, 0, 0, 0, 0, 0, 0,
       0, 0, 0, 0, 0, 0, 0, 0, 0, 0, 0, 0, 0, 0, 0, 0, 0, 0, 0, 0, 0, 0,
       0, 0, 0, 0, 0, 0, 0, 0, 0, 0, 0, 0, 0, 0, 0, 0, 0, 0, 0, 0, 0, 0,
       0, 0, 0, 0, 0, 0, 0, 0, 0, 0, 0, 0, 0, 0, 0, 0, 0, 0, 0, 0, 0, 0,
       0, 0, 0, 0, 0, 0, 0, 0, 0, 0, 0, 0, 0, 0, 0, 0, 0, 0, 0, 0, 0, 0,
       0, 0, 0, 0, 0, 0, 0, 0, 0, 0, 0, 0, 0, 0, 0, 0, 0, 0, 0, 0, 0, 0,
       0, 0, 0, 0, 0, 0, 0, 0, 0, 0, 0, 0, 0, 0, 0, 0, 0, 0, 0, 0, 0, 0,
       0, 0, 0, 0, 0, 0, 0, 0, 0, 0, 0, 0, 0, 0, 0, 0, 0, 0, 0, 0, 0, 0,
       0, 0, 0, 0, 0, 0, 0, 0, 0, 0, 0, 0, 0, 0, 0, 0, 0, 0, 0, 0, 0, 0,
       0, 0, 0, 0, 0, 0, 0, 0, 0, 0, 0, 0, 0, 0, 0, 0, 0, 0, 0, 0, 0, 0,
       0, 0, 0, 0, 0, 0, 0, 0, 0, 0, 0, 0, 0, 0, 0, 0, 0, 0, 0, 0, 0, 0,
       0, 0, 0, 0, 0, 0, 0, 0, 0, 0, 0, 0, 0, 0, 0, 0, 0, 0, 0, 0, 0, 0,
       0, 0, 0, 0, 0, 0, 0, 0, 0, 0, 0, 0, 0, 0, 0, 0, 0, 0, 0, 0, 0, 0,
       0, 0, 0, 0, 0, 0, 0, 0, 0, 0, 0, 0, 0, 0, 0, 0, 0, 0, 0, 0, 0])}
[Time: 02.07.23 10:02:15] [Level: info] transition: wait_for_params
[Time: 02.07.23 10:02:16] [Level: info] state: wait_for_params
[CTRL] GET /data
[CTRL] POST /data
setting parameters
[API] Setting parameters
['EHD4', 'UPP1', 'IGFBP2', 'C13orf18', 'ARHGAP5', 'SLC1A4', 'MULK', 'SPIRE1', 'SF1', 'LSM10', 'ATP5J2', 'NM_013307', 'TMCO4', 'WDR1', 'NDRG2', 'ALDH6A1', 'C12orf29', 'SUMO4', 'MAPK8', 'ACTN1', 'NET1', 'ABI1', 'D85181', 'LILRB1', 'ZDHHC7', 'CTNNA1', 'ITGB3BP', 'AU144267', 'LONPL', 'FARSLB', 'CD163', 'PKNOX2', 'HLA-DRB5', 'SYDE1', 'GLUD2', 'XM_379512', 'SMARCC1', 'ANXA2', 'ANXA13', 'NDUFS1', 'GYS1', 'FN1', 'THNSL1', 'CCNI', 'DDB2', 'LOXL3', 'SLC18A2', 'USP4', 'ADCY2', 'PREPL', 'RPS6KA3', 'BRD2', 'BTBD15', 'SEZ6L', 'SERPINA1', 'AKAP1', 'UBXD2', 'LOC54103', 'CD63', 'FOXJ1', 'SULT1A3', 'NM_020037', 'SCAMP1', 'GGH', 'SLC15A2', 'EPB41L2', 'AI690169', 'USP8', 'IKIP', 'MST150', 'HADHB', 'COL5A2', 'TRIM6', 'FBXO21', 'APOE', 'LITAF', 'SULT1C2', 'KIAA1704', 'KLF10', 'GPR65', 'C6orf111', 'BC003660', 'IPO11', 'S100A4', 'DIRAS3', 'ZRANB1', 'NKTR', 'BF435290', 'LUZP2', 'NCAM1', 'DYNC1H1', 'RAB18', 'KIAA1946', 'PPP1R15A', 'TTC3', 'MS4A6A', 'DENND4A', 'EFEMP2', 'C21orf62', 'ZNF291', 'PTGFRN', 'C20orf119', 'GNG12', 'AAK1', 'GABBR1', 'ATAD1', 'PDLIM4', 'XM_376043', 'ALDH5A1', 'UBE3C', 'CTSB', 'CLIC1', 'CCM2', 'AKT3', 'PLCB1', 'ZNF83', 'CENTA2', 'TREM2', 'GCSH', 'C2orf11', 'MYST4', 'C17orf63', 'C1orf192', 'PDLIM1', 'PDRG1', 'KIAA0652', 'MPDZ', 'KRAS', 'ANKRD28', 'BBX', 'C9orf80', 'MYL6', 'AF274957', 'MYO9B', 'IGFBP5', 'CAMSAP1L1', 'SGCD', 'LARP1', 'HPSE2', 'PLAUR', 'AGTRAP', 'FADS1', 'GPHN', 'NTRK2', 'MTDH', 'FKBP10', 'BE326808', 'RAP2A', 'KRT10', 'EMP3', 'GTF2IRD2', 'TMEM127', 'POGZ', 'AHCYL1', 'C20orf108', 'C19orf50', 'ALDH16A1', 'TLOC1', 'AV685992', 'DIMT1L', 'AF116616', 'TAX1BP3', 'TNIK', 'ZYG11B', 'CMTM3', 'LAMC1', 'RSC1A1', 'PHPT1', 'TNFAIP3', 'S100A11', 'TUB', 'TncRNA', 'LOC400924', 'ZAK', 'SMS', 'RAB2', 'CDC42', 'HSMPP8', 'PFAAP5', 'AP1S2', 'PITPNB', 'NR2F2', 'ADIPOR2', 'AASDHPPT', 'IFI30', 'SERPINE1', 'HIPK2', 'COL4A1', 'KCNIP3', 'SCP2', 'RER1', 'KPNA5', 'ARIH1', 'SDCBP', 'KPNB1', 'FGF12', 'SAMD9L', 'LOC143381', 'PPP2R5A', 'AI733194', 'MSR1', 'LTF', 'SSR1', 'OSBP', 'FRY', 'RPN2', 'EPHB1', 'RPA3', 'TM9SF3', 'HEXB', 'SRP19', 'CD58', 'ZNF770', 'NAGA', 'MAP3K7IP2', 'MRCL3', 'GAS2L3', 'LOC339803', 'RNUXA', 'RGS19', 'CENTD3', 'ZFP91', 'SLC1A1', 'SERPINA3', 'NBN', 'ZNF710', 'KIAA1462', 'TMSB4X', 'UQCRC2', 'HLA-DPB1', 'BF677084', 'DDHD1', 'FAM20C', 'DNAJB14', 'C1S', 'RP1-93H18.5', 'TMEFF2', 'SOX6', 'CLASP2', 'SPIN', 'TRIP6', 'PIK3R1', 'WWOX', 'GLA', 'PDPN', 'TCEA3', 'FDFT1', 'HSPG2', 'PRKCA', 'PSMD9', 'CCDC109B', 'MTP18', 'NT5C3', 'CMTM6', 'ZDHHC21', 'ABAT', 'FLRT1', 'PSMB8', 'KIAA0776', 'ZHX1', 'LUM', 'ZADH2', 'NUCKS1', 'LYPLA1', 'RABGAP1', 'N72185', 'COX7AP2', 'TOMM40L', 'GPAM', 'NEK1', 'SCG3', 'MAPT', 'RPL37', 'HDGFRP3', 'RABGAP1L', 'ST13', 'ZMYM2', 'PANK1', 'WDFY3', 'NAV1', 'SH3GLB1', 'CRBN', 'EIF2C3', 'FSTL1', 'BCL3', 'LUC7L2', 'ZNF22', 'TSPO', 'TIMP1', 'XM_168590', 'MGEA5', 'C5orf31', 'SP100', 'RB1CC1', 'NUDT4', 'EDNRB', 'LIN7C', 'GLUD1', 'WDR22', 'ETNK1', 'ZNF18', 'ARPC2', 'RNF135', 'BC001425', 'MLSTD2', 'F11R', 'FAM82B', 'GNL1', 'AI982758', 'GUSB', 'FKBP9', 'GALNT13', 'ZNFX1', 'ANGPT2', 'MSN', 'HSPA6', 'IFNGR2', 'SPRN', 'SQRDL', 'CALCRL', 'ANXA1', 'WDFY1', 'ENSA', 'NNMT', 'AA934610', 'RYR3', 'SLC4A4', 'MRC2', 'KLF12', 'ST8SIA4', 'ADRM1', 'MFSD1', 'RICTOR', 'HLA-DQB1', 'RBMS1', 'RAB34', 'MGC4677', 'SP110', 'AK027219', 'DTNA', 'WAC', 'HDAC4', 'TGFBR1', 'TAGLN2', 'STAT1', 'FUK', 'RUFY3', 'C10orf62', 'BMS1L', 'DPYD', 'AI860012', 'SLC11A2', 'KIAA1279', 'ANXA2P2', 'MAPBPIP', 'CAPN5', 'KLHL24', 'STEAP3', 'FAM111A', 'FLJ20273', 'WDR54', 'ALOX5AP', 'LCOR', 'KIAA0907', 'LYPLAL1', 'TNFRSF12A', 'GNAI2', 'TEX261', 'EIF4G1', 'RPS25', 'NRP1', 'WASF3', 'EIF4EBP2', 'TYMS', 'SLC16A3', 'C19orf48', 'COMMD7', 'C6orf115', 'C8orf46', 'RNASE6', 'ZFP36L2', 'LAMB1', 'ZNF148', 'OSBPL11', 'GHITM', 'C2orf33', 'PPM1A', 'MBOAT2', 'IDI1', 'ZNF25', 'FLJ31951', 'TNFRSF1A', 'BF941414', 'DUSP6', 'EWSR1', 'SP3', 'HLA-DMA', 'ADM', 'HLA-DRB1', 'MYST1', 'CPEB4', 'INSIG1', 'PLAT', 'KIAA1344', 'IKBKB', 'TCF8', 'TTC7A', 'TMED8', 'JARID1A', 'LSG1', 'CDCA7L', 'AF113008', 'ABLIM1', 'LOC143941', 'WISP1', 'RAB6IP1', 'NIT2', 'LIFR', 'SLC35E1', 'CD300A', 'HAPLN3', 'CPSF2', 'SLC25A19', 'SNX8', 'PITPNC1', 'TBC1D10A', 'C1RL', 'JMJD1C', 'BTN3A3', 'NDRG3', 'BCL2A1', 'AF130082', 'GARNL1', 'DHX8', 'SYNPO', 'CYBASC3', 'PIAS1', 'WHSC1L1', 'UACA', 'NF1', 'CHD9', 'CHI3L1', 'TMEM41B', 'BE669703', 'PAXIP1', 'CNTN1', 'SMC4', 'DDX17', 'SAMD9', 'CALD1', 'MRPS28', 'TMEM165', 'SH3BGRL3', 'MCM5', 'SAT1', 'AL119491', 'CYP2E1', 'PUM1', 'SPAG9', 'FNIP1', 'NUDT3', 'MLL', 'BF594695', 'ARSD', 'COL27A1', 'ZWILCH', 'C20orf149', 'RRAGD', 'SCOTIN', 'YWHAB', 'PAEP', 'SYF2', 'AI868039', 'HNRPH3', 'MESDC2', 'BCR', 'RPL22', 'P15RS', 'CTNNB1', 'PAFAH1B1', 'RAP2B', 'MAN2B1', 'AA868809', 'HMGCR', 'C11orf54', 'VPS13D', 'ARL4C', 'ADPRHL2', 'HLA-DOA', 'LOC492311', 'COL4A2', 'KIF3A', 'CHD7', 'TPM3', 'AA088873', 'FAM120AOS', 'CROP', 'TRPM8', 'LYZ', 'CASK', 'FOXO3A', 'SUSD4', 'HOXA3', 'AF119855', 'GDF15', 'SOCS3', 'MIB1', 'PPM1L', 'REXO2', 'IPO7', 'AF130080', 'PAPD1', 'CHES1', 'SLC7A1', 'TMSB10', 'AI267414', 'ACBD5', 'KIF5B', 'HLA-DPA1', 'OAS1', 'RRP22', 'CSTA', 'PIGT', 'IQGAP3', 'AA935461', 'PPP1R12A', 'ZMYND11', 'FCGBP', 'SMC3', 'VPS24', 'SNX24', 'PGM2', 'GSS', 'CAP1', 'CEP170', 'AIM1', 'VKORC1', 'CAPG', 'XM_496931', 'IQGAP1', 'GBA', 'TBC1D9B', 'DKFZp434B1231', 'MSI2', 'AP2B1', 'WDR34', 'XM_208778', 'ANXA5', 'SLC25A3', 'MRLC2', 'RASSF4', 'FBXO30', 'sep-11', 'TRIM9', 'YTHDC1', 'DNAJC12', 'FXYD5', 'C1R', 'CAPZA1', 'RABGGTB', 'AKAP11', 'FOLR1', 'RAB8A', 'GPNMB', 'TNRC6B', 'TRIM56', 'SPRY1', 'GIT2', 'ATP6V0A1', 'LOX', 'QKI', 'LOC283130', 'C3', 'MGC39518', 'TJP2', 'TNKS2', 'PUM2', 'VEGF', 'SREBF2', 'ZNF24', 'CD74', 'RBM39', 'RABL5', 'STAT2', 'SPP1', 'RNASE4', 'C4orf12', 'AKAP13', 'CFI', 'N50714', 'SLC25A36', 'GNG5', 'TNFSF13', 'LOC92689', 'SCD', 'ARMC1', 'BCAT1', 'KIAA0999', 'CTBP2', 'SCAP2', 'WDR68', 'PHYHIPL', 'ADPGK', 'CALR', 'SLC27A3', 'LATS2', 'PPP2CB', 'ANKRD17', 'LOC283378', 'TMEM106B', 'EGR1', 'C10orf10', 'DDOST', 'RAD21', 'ENAH']
INDEX
[0, 1, 2, 3, 4, 5, 6, 7, 8, 9, 10, 11, 12, 13, 14, 15, 16, 17, 18, 19, 20, 21, 22, 23, 24, 25, 26, 27, 28, 29, 30, 31, 32, 33, 34, 35, 36, 37, 38, 39, 40, 41, 42, 43, 44, 45, 46, 47, 48, 49, 50, 51, 52, 53, 54, 55, 56, 57, 58, 59, 60, 61, 62, 63, 64, 65, 66, 67, 68, 69, 70, 71, 72, 73, 74, 75, 76, 77, 78, 79, 80, 81, 82, 83, 84, 85, 86, 87, 88, 89, 90, 91, 92, 93, 94, 95, 96, 97, 98, 99, 100, 101, 102, 103, 104, 105, 106, 107, 108, 109, 110, 111, 112, 113, 114, 115, 116, 117, 118, 119, 120, 121, 122, 123, 124, 125, 126, 127, 128, 129, 130, 131, 132, 133, 134, 135, 136, 137, 138, 139, 140, 141, 142, 143, 144, 145, 146, 147, 148, 149, 150, 151, 152, 153, 154, 155, 156, 157, 158, 159, 160, 161, 162, 163, 164, 165, 166, 167, 168, 169, 170, 171, 172, 173, 174, 175, 176, 177, 178, 179, 180, 181, 182, 183, 184, 185, 186, 187, 188, 189, 190, 191, 192, 193, 194, 195, 196, 197, 198, 199, 200, 201, 202, 203, 204, 205, 206, 207, 208, 209, 210, 211, 212, 213, 214, 215, 216, 217, 218, 219, 220, 221, 222, 223, 224, 225, 226, 227, 228, 229, 230, 231, 232, 233, 234, 235, 236, 237, 238, 239, 240, 241, 242, 243, 244, 245, 246, 247, 248, 249, 250, 251, 252, 253, 254, 255, 256, 257, 258, 259, 260, 261, 262, 263, 264, 265, 266, 267, 268, 269, 270, 271, 272, 273, 274, 275, 276, 277, 278, 279, 280, 281, 282, 283, 284, 285, 286, 287, 288, 289, 290, 291, 292, 293, 294, 295, 296, 297, 298, 299, 300, 301, 302, 303, 304, 305, 306, 307, 308, 309, 310, 311, 312, 313, 314, 315, 316, 317, 318, 319, 320, 321, 322, 323, 324, 325, 326, 327, 328, 329, 330, 331, 332, 333, 334, 335, 336, 337, 338, 339, 340, 341, 342, 343, 344, 345, 346, 347, 348, 349, 350, 351, 352, 353, 354, 355, 356, 357, 358, 359, 360, 361, 362, 363, 364, 365, 366, 367, 368, 369, 370, 371, 372, 373, 374, 375, 376, 377, 378, 379, 380, 381, 382, 383, 384, 385, 386, 387, 388, 389, 390, 391, 392, 393, 394, 395, 396, 397, 398, 399, 400, 401, 402, 403, 404, 405, 406, 407, 408, 409, 410, 411, 412, 413, 414, 415, 416, 417, 418, 419, 420, 421, 422, 423, 424, 425, 426, 427, 428, 429, 430, 431, 432, 433, 434, 435, 436, 437, 438, 439, 440, 441, 442, 443, 444, 445, 446, 447, 448, 449, 450, 451, 452, 453, 454, 455, 456, 457, 458, 459, 460, 461, 462, 463, 464, 465, 466, 467, 468, 469, 470, 471, 472, 473, 474, 475, 476, 477, 478, 479, 480, 481, 482, 483, 484, 485, 486, 487, 488, 489, 490, 491, 492, 493, 494, 495, 496, 497, 498, 499, 500, 501, 502, 503, 504, 505, 506, 507, 508, 509, 510, 511, 512, 513, 514, 515, 516, 517, 518, 519, 520, 521, 522, 523, 524, 525, 526, 527, 528, 529, 530, 531, 532, 533, 534, 535, 536, 537, 538, 539, 540, 541, 542, 543, 544, 545, 546, 547, 548, 549, 550, 551, 552, 553, 554, 555, 556, 557, 558, 559, 560, 561, 562, 563, 564, 565, 566, 567, 568, 569, 570, 571, 572, 573, 574, 575, 576, 577, 578, 579, 580, 581, 582, 583, 584, 585, 586, 587, 588, 589, 590, 591, 592, 593, 594, 595, 596, 597, 598, 599, 600, 601, 602, 603, 604, 605, 606, 607, 608, 609, 610, 611, 612, 613, 614]
[Time: 02.07.23 10:02:17] [Level: info] transition: compute_std
[Time: 02.07.23 10:02:18] [Level: info] state: compute_std
[CTRL] GET /data
[CTRL] POST /data
(615, 1)
[Time: 02.07.23 10:02:20] [Level: info] transition: apply_scaling
[Time: 02.07.23 10:02:21] [Level: info] state: apply_scaling
[CTRL] GET /data
[CTRL] POST /data
[138  96 556 168 561 394 602  69 221 323  87 414 209 603 121 201 569   5
 139  11 305 437 331 232 401 360 461 110 357 493 592  61 385 381 583 540
 587 536 355 326 316 312 283 215 285 434 184 549 431 452 228  70  54 481
 369 416  13 327 499  37 308 211 274 559 419 409 349 295 480 197  71 116
  40 582 259 383   0 203 537 425 128  12 386 413 348 165 397 459  76 470
 193 275 462 125 107 194 182 234 111 590 535  64 279 496 131 269 365  58
 123 471 244 324  74  84 511 137  78 420  49 449 161 178 517 542 435 447
 167  99 585 124 545 551 457 454 596 513  42 485 516 388 297 546 408 153
 179 338 333 256  45 450 289  79  43 588  80 578   8 607 220 384  25  46
 325 478 581 329  50 144  86 310 292 148 475  98 304 465 515 402 579 374
 242  66 206 278 468 208 353 509 198 399 563 396 362 169 466 469 417 336
 132 375  15 351 508  85 567 565 136 372 127 172 547 200 261 253 113  10
 224 249  59 380 105 554 345 216 229 352  48 467 391 272 288   9 277 129
 557 484  39 577 240 445 614 302 359   3 460 341  21 219   2 376 426 405
 361 427  35  32  77  97 218 492 494 171 280 188 489 210 529 320 160 594
 350  16  30 154 258 366 406  67 314 243 390  18 605 141 367 163 343 476
 183 393 560 115 263 512 130 389 301 550 241 548 363 337 294 109 473 570
 354 571  56  51 157 236 126 254 293  52 574 428 342  24 490 524 104 378
 595 204 239 122 192 175 488 422 299 504 373 446 395 474 265 436 487 568
 230 448  41 143 332 464  33 318 392  63 415  57 196 555 255 225 135 398
  83 247 246 298 267 112 103 527 451 597 344 358 264 610 120 222 282 159
 119  34 604 410  91 133 284 439 543 364 518  17 458 423 538 155 558 400
 205  27 276 296 455 212 483 502 498 497 539 491  47  62 195 149  68  26
 217 482 187 356 162 339 260 287 533  90  89  65 164 525 495  23   4 180
   7 177  22 407 309 612 145 152 321 186 315 442 101 199 440  19 562 598
 566 319 432 286 262 576 600 531 174 403 544 541 266 227 158 106 514  28
  55  75 226 606 477 479  36 134 599 233 421 521 146  88 377  60 170 281
 207 335 231 176 346 185 411 580 371 444 589 147 404 251  31 430 114 181
 613 510 368  94 317 586  44 486 328 526  95 306  81 271 334 441 235 202
 330 532 412  93 237 190 303 506   6 370 387 118 223 520 238 311 601 291
 166  29 340 463  73 500 429 591 248 552 189  72 593]
(array([], dtype=int64),)
CURRENT DATA:  <apps.svd.TabData.TabData object at 0x7f635fb64ac0>
[Time: 02.07.23 10:02:23] [Level: info] transition: mfa_prerequisites
[Time: 02.07.23 10:02:24] [Level: info] state: mfa_prerequisites
Calling start_power_iteration
[Time: 02.07.23 10:02:24] [Level: info] transition: start_power_iteration
[Time: 02.07.23 10:02:25] [Level: info] state: start_power_iteration
[STARTUP] Computing covariance matrix
[STARTUP] Random initialisation
TABDATA SCALED
[[ 1.20379193  1.86506185  0.50551664 ...  0.54217788 -1.03395171
  -0.99897549]
 [ 0.39161209  0.79337341  1.07050166 ...  1.61432683 -0.68621702
  -3.27018116]
 [ 1.31836113  1.13402551  1.09824203 ...  1.03626267  0.30630974
  -2.01975116]
 ...
 [ 1.17357798  0.60741562  1.215962   ...  0.67376245 -0.0433378
  -1.10764754]
 [-1.30988885 -0.6023115  -0.11618094 ... -0.02365226 -0.02335521
   1.20641814]
 [-0.13999966  0.40755152 -2.93417851 ... -1.36116279  0.989238
  -0.36281959]]
[Time: 02.07.23 10:02:26] [Level: info] transition: compute_final_h_cov
[CTRL] GET /data
[Time: 02.07.23 10:02:27] [Level: info] state: compute_final_h_cov
[CTRL] POST /data
Setting k
starting eigenvector norms
34
[Time: 02.07.23 10:02:30] [Level: info] transition: compute_local_conorm
[Time: 02.07.23 10:02:31] [Level: info] state: compute_local_conorm
[CTRL] GET /data
[CTRL] POST /data
[Time: 02.07.23 10:02:33] [Level: info] transition: compute_local_norm
[Time: 02.07.23 10:02:34] [Level: info] state: compute_local_norm
[CTRL] GET /data
[CTRL] POST /data
starting orthogonalise_current
ending orthogonalise_current
starting eigenvector norms
34
[Time: 02.07.23 10:02:36] [Level: info] transition: compute_local_conorm
[Time: 02.07.23 10:02:37] [Level: info] state: compute_local_conorm
[CTRL] GET /data
[CTRL] POST /data
[Time: 02.07.23 10:02:39] [Level: info] transition: compute_local_norm
[Time: 02.07.23 10:02:40] [Level: info] state: compute_local_norm
[CTRL] GET /data
[CTRL] POST /data
starting orthogonalise_current
ending orthogonalise_current
starting eigenvector norms
34
[Time: 02.07.23 10:02:42] [Level: info] transition: compute_local_conorm
[Time: 02.07.23 10:02:43] [Level: info] state: compute_local_conorm
[CTRL] GET /data
[CTRL] POST /data
[Time: 02.07.23 10:02:45] [Level: info] transition: compute_local_norm
[Time: 02.07.23 10:02:46] [Level: info] state: compute_local_norm
[CTRL] GET /data
[CTRL] POST /data
starting orthogonalise_current
ending orthogonalise_current
starting eigenvector norms
34
[Time: 02.07.23 10:02:48] [Level: info] transition: compute_local_conorm
[Time: 02.07.23 10:02:49] [Level: info] state: compute_local_conorm
[CTRL] GET /data
[CTRL] POST /data
[Time: 02.07.23 10:02:51] [Level: info] transition: compute_local_norm
[Time: 02.07.23 10:02:52] [Level: info] state: compute_local_norm
[CTRL] GET /data
[CTRL] POST /data
starting orthogonalise_current
ending orthogonalise_current
starting eigenvector norms
34
[Time: 02.07.23 10:02:54] [Level: info] transition: compute_local_conorm
[Time: 02.07.23 10:02:55] [Level: info] state: compute_local_conorm
[CTRL] GET /data
[CTRL] POST /data
[Time: 02.07.23 10:02:57] [Level: info] transition: compute_local_norm
[Time: 02.07.23 10:02:58] [Level: info] state: compute_local_norm
[CTRL] GET /data
[CTRL] POST /data
starting orthogonalise_current
ending orthogonalise_current
starting eigenvector norms
34
[Time: 02.07.23 10:03:00] [Level: info] transition: compute_local_conorm
[Time: 02.07.23 10:03:01] [Level: info] state: compute_local_conorm
[CTRL] GET /data
[CTRL] POST /data
[Time: 02.07.23 10:03:03] [Level: info] transition: compute_local_norm
[Time: 02.07.23 10:03:04] [Level: info] state: compute_local_norm
[CTRL] GET /data
[CTRL] POST /data
starting orthogonalise_current
ending orthogonalise_current
starting eigenvector norms
34
[Time: 02.07.23 10:03:06] [Level: info] transition: compute_local_conorm
[Time: 02.07.23 10:03:07] [Level: info] state: compute_local_conorm
[CTRL] GET /data
[CTRL] POST /data
[Time: 02.07.23 10:03:09] [Level: info] transition: compute_local_norm
[Time: 02.07.23 10:03:10] [Level: info] state: compute_local_norm
[CTRL] GET /data
[CTRL] POST /data
starting orthogonalise_current
ending orthogonalise_current
starting eigenvector norms
34
[Time: 02.07.23 10:03:12] [Level: info] transition: compute_local_conorm
[Time: 02.07.23 10:03:13] [Level: info] state: compute_local_conorm
[CTRL] GET /data
[CTRL] POST /data
[Time: 02.07.23 10:03:15] [Level: info] transition: compute_local_norm
[Time: 02.07.23 10:03:16] [Level: info] state: compute_local_norm
[CTRL] GET /data
[CTRL] POST /data
starting orthogonalise_current
ending orthogonalise_current
starting eigenvector norms
34
[Time: 02.07.23 10:03:18] [Level: info] transition: compute_local_conorm
[Time: 02.07.23 10:03:19] [Level: info] state: compute_local_conorm
[CTRL] GET /data
[CTRL] POST /data
[Time: 02.07.23 10:03:21] [Level: info] transition: compute_local_norm
[Time: 02.07.23 10:03:22] [Level: info] state: compute_local_norm
[CTRL] GET /data
[CTRL] POST /data
starting orthogonalise_current
ending orthogonalise_current
starting eigenvector norms
34
[Time: 02.07.23 10:03:24] [Level: info] transition: compute_local_conorm
[Time: 02.07.23 10:03:25] [Level: info] state: compute_local_conorm
[CTRL] GET /data
[CTRL] POST /data
[Time: 02.07.23 10:03:27] [Level: info] transition: compute_local_norm
[Time: 02.07.23 10:03:28] [Level: info] state: compute_local_norm
[CTRL] GET /data
[CTRL] POST /data
starting orthogonalise_current
ending orthogonalise_current
starting eigenvector norms
34
[Time: 02.07.23 10:03:30] [Level: info] transition: compute_local_conorm
[Time: 02.07.23 10:03:31] [Level: info] state: compute_local_conorm
[CTRL] GET /data
[CTRL] POST /data
[Time: 02.07.23 10:03:33] [Level: info] transition: compute_local_norm
[Time: 02.07.23 10:03:34] [Level: info] state: compute_local_norm
[CTRL] GET /data
[CTRL] POST /data
starting orthogonalise_current
ending orthogonalise_current
starting eigenvector norms
34
[Time: 02.07.23 10:03:36] [Level: info] transition: compute_local_conorm
[Time: 02.07.23 10:03:37] [Level: info] state: compute_local_conorm
[CTRL] GET /data
[CTRL] POST /data
[Time: 02.07.23 10:03:39] [Level: info] transition: compute_local_norm
[Time: 02.07.23 10:03:40] [Level: info] state: compute_local_norm
[CTRL] GET /data
[CTRL] POST /data
starting orthogonalise_current
ending orthogonalise_current
starting eigenvector norms
34
[Time: 02.07.23 10:03:42] [Level: info] transition: compute_local_conorm
[Time: 02.07.23 10:03:43] [Level: info] state: compute_local_conorm
[CTRL] GET /data
[CTRL] POST /data
[Time: 02.07.23 10:03:45] [Level: info] transition: compute_local_norm
[Time: 02.07.23 10:03:46] [Level: info] state: compute_local_norm
[CTRL] GET /data
[CTRL] POST /data
starting orthogonalise_current
ending orthogonalise_current
starting eigenvector norms
34
[Time: 02.07.23 10:03:48] [Level: info] transition: compute_local_conorm
[Time: 02.07.23 10:03:49] [Level: info] state: compute_local_conorm
[CTRL] GET /data
[CTRL] POST /data
[Time: 02.07.23 10:03:51] [Level: info] transition: compute_local_norm
[Time: 02.07.23 10:03:52] [Level: info] state: compute_local_norm
[CTRL] GET /data
[CTRL] POST /data
starting orthogonalise_current
ending orthogonalise_current
starting eigenvector norms
34
[Time: 02.07.23 10:03:54] [Level: info] transition: compute_local_conorm
[Time: 02.07.23 10:03:55] [Level: info] state: compute_local_conorm
[CTRL] GET /data
[CTRL] POST /data
[Time: 02.07.23 10:03:57] [Level: info] transition: compute_local_norm
[Time: 02.07.23 10:03:58] [Level: info] state: compute_local_norm
[CTRL] GET /data
[CTRL] POST /data
starting orthogonalise_current
ending orthogonalise_current
starting eigenvector norms
34
[Time: 02.07.23 10:04:00] [Level: info] transition: compute_local_conorm
[Time: 02.07.23 10:04:01] [Level: info] state: compute_local_conorm
[CTRL] GET /data
[CTRL] POST /data
[Time: 02.07.23 10:04:03] [Level: info] transition: compute_local_norm
[Time: 02.07.23 10:04:04] [Level: info] state: compute_local_norm
[CTRL] GET /data
[CTRL] POST /data
starting orthogonalise_current
ending orthogonalise_current
starting eigenvector norms
34
[Time: 02.07.23 10:04:06] [Level: info] transition: compute_local_conorm
[Time: 02.07.23 10:04:07] [Level: info] state: compute_local_conorm
[CTRL] GET /data
[CTRL] POST /data
[Time: 02.07.23 10:04:09] [Level: info] transition: compute_local_norm
[Time: 02.07.23 10:04:10] [Level: info] state: compute_local_norm
[CTRL] GET /data
[CTRL] POST /data
starting orthogonalise_current
ending orthogonalise_current
starting eigenvector norms
34
[Time: 02.07.23 10:04:12] [Level: info] transition: compute_local_conorm
[Time: 02.07.23 10:04:13] [Level: info] state: compute_local_conorm
[CTRL] GET /data
[CTRL] POST /data
[Time: 02.07.23 10:04:15] [Level: info] transition: compute_local_norm
[Time: 02.07.23 10:04:16] [Level: info] state: compute_local_norm
[CTRL] GET /data
[CTRL] POST /data
starting orthogonalise_current
ending orthogonalise_current
starting eigenvector norms
34
[Time: 02.07.23 10:04:18] [Level: info] transition: compute_local_conorm
[Time: 02.07.23 10:04:19] [Level: info] state: compute_local_conorm
[CTRL] GET /data
[CTRL] POST /data
[Time: 02.07.23 10:04:21] [Level: info] transition: compute_local_norm
[Time: 02.07.23 10:04:22] [Level: info] state: compute_local_norm
[CTRL] GET /data
[CTRL] POST /data
starting orthogonalise_current
ending orthogonalise_current
starting eigenvector norms
34
[Time: 02.07.23 10:04:24] [Level: info] transition: compute_local_conorm
[Time: 02.07.23 10:04:25] [Level: info] state: compute_local_conorm
[CTRL] GET /data
[CTRL] POST /data
[Time: 02.07.23 10:04:27] [Level: info] transition: compute_local_norm
[Time: 02.07.23 10:04:28] [Level: info] state: compute_local_norm
[CTRL] GET /data
[CTRL] POST /data
starting orthogonalise_current
ending orthogonalise_current
starting eigenvector norms
34
[Time: 02.07.23 10:04:30] [Level: info] transition: compute_local_conorm
[Time: 02.07.23 10:04:31] [Level: info] state: compute_local_conorm
[CTRL] GET /data
[CTRL] POST /data
[Time: 02.07.23 10:04:33] [Level: info] transition: compute_local_norm
[Time: 02.07.23 10:04:34] [Level: info] state: compute_local_norm
[CTRL] GET /data
[CTRL] POST /data
starting orthogonalise_current
ending orthogonalise_current
starting eigenvector norms
34
[Time: 02.07.23 10:04:36] [Level: info] transition: compute_local_conorm
[Time: 02.07.23 10:04:37] [Level: info] state: compute_local_conorm
[CTRL] GET /data
[CTRL] POST /data
[Time: 02.07.23 10:04:39] [Level: info] transition: compute_local_norm
[Time: 02.07.23 10:04:40] [Level: info] state: compute_local_norm
[CTRL] GET /data
[CTRL] POST /data
starting orthogonalise_current
ending orthogonalise_current
starting eigenvector norms
34
[Time: 02.07.23 10:04:42] [Level: info] transition: compute_local_conorm
[Time: 02.07.23 10:04:43] [Level: info] state: compute_local_conorm
[CTRL] GET /data
[CTRL] POST /data
[Time: 02.07.23 10:04:45] [Level: info] transition: compute_local_norm
[Time: 02.07.23 10:04:46] [Level: info] state: compute_local_norm
[CTRL] GET /data
[CTRL] POST /data
starting orthogonalise_current
ending orthogonalise_current
starting eigenvector norms
34
[Time: 02.07.23 10:04:48] [Level: info] transition: compute_local_conorm
[Time: 02.07.23 10:04:49] [Level: info] state: compute_local_conorm
[CTRL] GET /data
[CTRL] POST /data
[Time: 02.07.23 10:04:51] [Level: info] transition: compute_local_norm
[Time: 02.07.23 10:04:52] [Level: info] state: compute_local_norm
[CTRL] GET /data
[CTRL] POST /data
starting orthogonalise_current
ending orthogonalise_current
starting eigenvector norms
34
[Time: 02.07.23 10:04:54] [Level: info] transition: compute_local_conorm
[Time: 02.07.23 10:04:55] [Level: info] state: compute_local_conorm
[CTRL] GET /data
[CTRL] POST /data
[Time: 02.07.23 10:04:57] [Level: info] transition: compute_local_norm
[Time: 02.07.23 10:04:58] [Level: info] state: compute_local_norm
[CTRL] GET /data
[CTRL] POST /data
starting orthogonalise_current
ending orthogonalise_current
starting eigenvector norms
34
[Time: 02.07.23 10:05:00] [Level: info] transition: compute_local_conorm
[Time: 02.07.23 10:05:01] [Level: info] state: compute_local_conorm
[CTRL] GET /data
[CTRL] POST /data
[Time: 02.07.23 10:05:03] [Level: info] transition: compute_local_norm
[Time: 02.07.23 10:05:04] [Level: info] state: compute_local_norm
[CTRL] GET /data
[CTRL] POST /data
starting orthogonalise_current
ending orthogonalise_current
starting eigenvector norms
34
[Time: 02.07.23 10:05:06] [Level: info] transition: compute_local_conorm
[Time: 02.07.23 10:05:07] [Level: info] state: compute_local_conorm
[CTRL] GET /data
[CTRL] POST /data
[Time: 02.07.23 10:05:09] [Level: info] transition: compute_local_norm
[Time: 02.07.23 10:05:10] [Level: info] state: compute_local_norm
[CTRL] GET /data
[CTRL] POST /data
starting orthogonalise_current
ending orthogonalise_current
starting eigenvector norms
34
[Time: 02.07.23 10:05:12] [Level: info] transition: compute_local_conorm
[Time: 02.07.23 10:05:13] [Level: info] state: compute_local_conorm
[CTRL] GET /data
[CTRL] POST /data
[Time: 02.07.23 10:05:15] [Level: info] transition: compute_local_norm
[Time: 02.07.23 10:05:16] [Level: info] state: compute_local_norm
[CTRL] GET /data
[CTRL] POST /data
starting orthogonalise_current
ending orthogonalise_current
starting eigenvector norms
34
[Time: 02.07.23 10:05:18] [Level: info] transition: compute_local_conorm
[Time: 02.07.23 10:05:19] [Level: info] state: compute_local_conorm
[CTRL] GET /data
[CTRL] POST /data
[Time: 02.07.23 10:05:21] [Level: info] transition: compute_local_norm
[Time: 02.07.23 10:05:22] [Level: info] state: compute_local_norm
[CTRL] GET /data
[CTRL] POST /data
starting orthogonalise_current
ending orthogonalise_current
starting eigenvector norms
34
[Time: 02.07.23 10:05:24] [Level: info] transition: compute_local_conorm
[Time: 02.07.23 10:05:25] [Level: info] state: compute_local_conorm
[CTRL] GET /data
[CTRL] POST /data
[Time: 02.07.23 10:05:27] [Level: info] transition: compute_local_norm
[Time: 02.07.23 10:05:28] [Level: info] state: compute_local_norm
[CTRL] GET /data
[CTRL] POST /data
starting orthogonalise_current
ending orthogonalise_current
starting eigenvector norms
34
[Time: 02.07.23 10:05:30] [Level: info] transition: compute_local_conorm
[Time: 02.07.23 10:05:31] [Level: info] state: compute_local_conorm
[CTRL] GET /data
[CTRL] POST /data
[Time: 02.07.23 10:05:33] [Level: info] transition: compute_local_norm
[Time: 02.07.23 10:05:34] [Level: info] state: compute_local_norm
[CTRL] GET /data
[CTRL] POST /data
starting orthogonalise_current
ending orthogonalise_current
starting eigenvector norms
34
[Time: 02.07.23 10:05:36] [Level: info] transition: compute_local_conorm
[Time: 02.07.23 10:05:37] [Level: info] state: compute_local_conorm
[CTRL] GET /data
[CTRL] POST /data
[Time: 02.07.23 10:05:39] [Level: info] transition: compute_local_norm
[Time: 02.07.23 10:05:40] [Level: info] state: compute_local_norm
[CTRL] GET /data
[CTRL] POST /data
starting orthogonalise_current
ending orthogonalise_current
starting eigenvector norms
34
[Time: 02.07.23 10:05:42] [Level: info] transition: compute_local_conorm
[Time: 02.07.23 10:05:43] [Level: info] state: compute_local_conorm
[CTRL] GET /data
[CTRL] POST /data
[Time: 02.07.23 10:05:45] [Level: info] transition: compute_local_norm
[Time: 02.07.23 10:05:46] [Level: info] state: compute_local_norm
[CTRL] GET /data
[CTRL] POST /data
starting orthogonalise_current
ending orthogonalise_current
starting eigenvector norms
34
[Time: 02.07.23 10:05:48] [Level: info] transition: normalize_g
[Time: 02.07.23 10:05:49] [Level: info] state: normalize_g
[CTRL] GET /data
[CTRL] POST /data
Normalising
(51, 34)
34
End normalising
(51, 34)
(34, 34)
(34,)
(51, 34)
[Time: 02.07.23 10:05:51] [Level: info] transition: separate_pca
[Time: 02.07.23 10:05:52] [Level: info] state: separate_pca
Starting factor analysis
[Time: 02.07.23 10:05:52] [Level: info] transition: waiting_for_projection_matrix
[Time: 02.07.23 10:05:53] [Level: info] state: waiting_for_projection_matrix
[CTRL] POST /data
[Time: 02.07.23 10:05:54] [Level: info] transition: factor_scores
[Time: 02.07.23 10:05:55] [Level: info] state: factor_scores
P: [[ 0.02323419  0.03347295  0.04104913 ...  0.          0.
   0.        ]
 [-0.00508223  0.02383392  0.00052197 ...  0.          0.
   0.        ]
 [-0.0001694   0.01333593  0.03238783 ...  0.          0.
   0.        ]
 ...
 [-0.01226589 -0.03324855 -0.01071812 ...  0.          0.
   0.        ]
 [ 0.00781707 -0.04186928 -0.02017787 ...  0.          0.
   0.        ]
 [-0.00431648 -0.00016726  0.01385013 ...  0.          0.
   0.        ]]
Z [[ 1.20379193  1.86506185  0.50551664 ...  0.54217788 -1.03395171
  -0.99897549]
 [ 0.39161209  0.79337341  1.07050166 ...  1.61432683 -0.68621702
  -3.27018116]
 [ 1.31836113  1.13402551  1.09824203 ...  1.03626267  0.30630974
  -2.01975116]
 ...
 [ 1.17357798  0.60741562  1.215962   ...  0.67376245 -0.0433378
  -1.10764754]
 [-1.30988885 -0.6023115  -0.11618094 ... -0.02365226 -0.02335521
   1.20641814]
 [-0.13999966  0.40755152 -2.93417851 ... -1.36116279  0.989238
  -0.36281959]]
[Time: 02.07.23 10:05:55] [Level: info] Traceback (most recent call last):
  File "/app/engine/app.py", line 169, in guarded_run
    self.run()
  File "/app/engine/app.py", line 184, in run
    transition = self.current_state.run()
  File "/app/apps/svd/app.py", line 682, in run
    self.F_omics()
  File "/app/apps/svd/app.py", line 697, in F_omics
    F = T * np.dot((np.dot(np.transpose(Z), Z)), P)
  File "<__array_function__ internals>", line 180, in dot
ValueError: shapes (51,51) and (34,615) not aligned: 51 (dim 1) != 34 (dim 0)

[CTRL] POST /data
