2023-06-30 12:38:17,847 CRIT Supervisor is running as root.  Privileges were not dropped because no user is specified in the config file.  If you intend to run as root, you can set user=root in the config file to avoid this message.
2023-06-30 12:38:17,848 INFO supervisord started with pid 7
2023-06-30 12:38:18,850 INFO spawned: 'nginx' with pid 10
2023-06-30 12:38:18,851 INFO spawned: 'app' with pid 11
2023-06-30 12:38:19,863 INFO success: nginx entered RUNNING state, process has stayed up for > than 1 seconds (startsecs)
2023-06-30 12:38:19,863 INFO success: app entered RUNNING state, process has stayed up for > than 1 seconds (startsecs)
[CTRL] POST /setup
[Time: 30.06.23 12:38:21] [Level: info] id: bf41b0429f56dc04
[Time: 30.06.23 12:38:21] [Level: info] coordinator: False
[Time: 30.06.23 12:38:21] [Level: info] clients: ['bf41b0429f56dc04']
[Time: 30.06.23 12:38:21] [Level: info] state: initial
[CLIENT] Parsing parameter file...
[API] /setup parsing parameter file 
[API] /setup config file found ... parsing file: /mnt/input/config.yaml
YAML file does not follow specification: missing key: eigenvalues
Setting default: eigenvalues.tsv
YAML file does not follow specification: missing key: explained_variance
Setting default: eigenvalues.tsv
YAML file does not follow specification: missing key: output delimiter
Setting default: tab
[API] /setup config file found ... parsing done
[CLIENT] finished parsing parameter file.
[STARTUP] Instantiate SVD
[Time: 30.06.23 12:38:21] [Level: info] transition: init_pca
[Time: 30.06.23 12:38:22] [Level: info] state: init_pca
[STARTUP] Copy configuration and create dir
/mnt/input/hospital_data_bredel_1.csv
TEST: ['/mnt/input/hospital_data_bredel_1 - Copy.csv', '/mnt/input/hospital_data_bredel_1.csv']
RUNNING ON:  /mnt/input/hospital_data_bredel_1 - Copy.csv
number of omics:  2
[STARTUP] Configuration copied
Log Transform performed
/app/apps/svd/FC_Federated_PCA.py:97: RuntimeWarning: invalid value encountered in log2
  self.tabdata.scaled = np.log2(self.tabdata.scaled+1)
[Time: 30.06.23 12:38:22] [Level: info] transition: wait_for_params
[Time: 30.06.23 12:38:23] [Level: info] state: wait_for_params
[CTRL] GET /data
