2023-06-28 07:46:10,700 CRIT Supervisor is running as root.  Privileges were not dropped because no user is specified in the config file.  If you intend to run as root, you can set user=root in the config file to avoid this message.
2023-06-28 07:46:10,702 INFO supervisord started with pid 7
2023-06-28 07:46:11,706 INFO spawned: 'nginx' with pid 10
2023-06-28 07:46:11,709 INFO spawned: 'app' with pid 11
2023-06-28 07:46:12,740 INFO success: nginx entered RUNNING state, process has stayed up for > than 1 seconds (startsecs)
2023-06-28 07:46:12,740 INFO success: app entered RUNNING state, process has stayed up for > than 1 seconds (startsecs)
[CTRL] POST /setup
[Time: 28.06.23 07:46:14] [Level: info] id: 6c554856a6de6a4b
[Time: 28.06.23 07:46:14] [Level: info] coordinator: False
[Time: 28.06.23 07:46:14] [Level: info] clients: ['6c554856a6de6a4b', '6b957b5a26628c71']
[Time: 28.06.23 07:46:14] [Level: info] state: initial
[CLIENT] Parsing parameter file...
[API] /setup parsing parameter file 
[API] /setup config file found ... parsing file: /mnt/input/config.yaml
YAML file does not follow specification: missing key: eigenvalues
Setting default: eigenvalues.tsv
YAML file does not follow specification: missing key: explained_variance
Setting default: eigenvalues.tsv
YAML file does not follow specification: missing key: output delimiter
Setting default: tab
[API] /setup config file found ... parsing done
[CLIENT] finished parsing parameter file.
[STARTUP] Instantiate SVD
[STARTUP] Copy configuration and create dir
[STARTUP] Configuration copied
Log Transform performed
[[ 6.74542027e-02  1.81002875e-01  1.61967477e-01 ...  5.41621673e-02
   2.44542698e-01 -2.60220260e-01]
 [-4.61545797e-01 -1.99712471e-03  2.53967477e-01 ...  8.65162167e-01
  -9.04573017e-02  1.22779740e-01]
 [ 1.17454203e-01  1.64002875e-01 -1.81032523e-01 ...  1.16216733e-03
   2.59542698e-01 -1.47220260e-01]
 ...
 [ 6.77109851e-01  5.27812409e-01  8.69196496e-01 ...  1.60968399e+00
   4.71524132e-01  6.26844003e-01]
 [-2.01389015e+00  7.88124088e-02  9.97196496e-01 ...  5.29683994e-01
   6.37524132e-01  1.15884400e+00]
 [-9.82890149e-01  4.64312409e-01  1.32619650e+00 ...  1.64683994e-01
   2.29524132e-01  5.23344003e-01]]
/app/apps/svd/FC_Federated_MFA.py:126: RuntimeWarning: invalid value encountered in log2
  tabdata.scaled = np.log2(tabdata.scaled+1)
[[ 9.41741748e-02  2.40012477e-01  2.16569689e-01 ...  7.60968214e-02
   3.15615728e-01 -4.34832304e-01]
 [-8.93104451e-01 -2.88412285e-03  3.26499931e-01 ...  8.99301072e-01
  -1.36786728e-01  1.67074937e-01]
 [ 1.60215706e-01  2.19094622e-01 -2.88121934e-01 ...  1.67567952e-03
   3.32900030e-01 -2.29754931e-01]
 ...
 [ 7.45977189e-01  6.11467414e-01  9.02418238e-01 ...  1.38387512e+00
   5.57311202e-01  7.02075918e-01]
 [            nan  1.09444021e-01  9.97976281e-01 ...  6.13233648e-01
   7.11516168e-01  1.11025900e+00]
 [-5.86902895e+00  5.50223383e-01  1.21797297e+00 ...  2.19938570e-01
   2.98100052e-01  6.07241769e-01]]
Log Transform performed
[[ 6.74542027e-02  1.81002875e-01  1.61967477e-01 ...  5.41621673e-02
   2.44542698e-01 -2.60220260e-01]
 [-4.61545797e-01 -1.99712471e-03  2.53967477e-01 ...  8.65162167e-01
  -9.04573017e-02  1.22779740e-01]
 [ 1.17454203e-01  1.64002875e-01 -1.81032523e-01 ...  1.16216733e-03
   2.59542698e-01 -1.47220260e-01]
 ...
 [ 6.77109851e-01  5.27812409e-01  8.69196496e-01 ...  1.60968399e+00
   4.71524132e-01  6.26844003e-01]
 [-2.01389015e+00  7.88124088e-02  9.97196496e-01 ...  5.29683994e-01
   6.37524132e-01  1.15884400e+00]
 [-9.82890149e-01  4.64312409e-01  1.32619650e+00 ...  1.64683994e-01
/app/apps/svd/FC_Federated_MFA.py:126: RuntimeWarning: invalid value encountered in log2
  tabdata.scaled = np.log2(tabdata.scaled+1)
   2.29524132e-01  5.23344003e-01]]
[[ 9.41741748e-02  2.40012477e-01  2.16569689e-01 ...  7.60968214e-02
   3.15615728e-01 -4.34832304e-01]
 [-8.93104451e-01 -2.88412285e-03  3.26499931e-01 ...  8.99301072e-01
  -1.36786728e-01  1.67074937e-01]
 [ 1.60215706e-01  2.19094622e-01 -2.88121934e-01 ...  1.67567952e-03
   3.32900030e-01 -2.29754931e-01]
 ...
 [ 7.45977189e-01  6.11467414e-01  9.02418238e-01 ...  1.38387512e+00
   5.57311202e-01  7.02075918e-01]
 [            nan  1.09444021e-01  9.97976281e-01 ...  6.13233648e-01
   7.11516168e-01  1.11025900e+00]
 [-5.86902895e+00  5.50223383e-01  1.21797297e+00 ...  2.19938570e-01
   2.98100052e-01  6.07241769e-01]]
[Time: 28.06.23 07:46:14] [Level: info] transition: wait_for_params
[Time: 28.06.23 07:46:15] [Level: info] state: wait_for_params
[CTRL] GET /data
[CTRL] POST /data
setting parameters
INCOMINGS
[{'PCs': 43, <COParams.SEND_PROJ: ('Send projections', False)>: False, 'Row names': ['IGF1R', 'PTPRZ1', 'EPB49', 'TFDP2', 'ITGA5', 'SYT7', 'SVIL', 'T51726', 'SETD5', 'TOMM40', 'PRKCZ', 'SAA2', 'LOC57228', 'AI335002', 'PRSS3', 'ZNF419B', 'HBA1', 'L3MBTL4', 'PALLD', 'RND3', 'KIAA1543', 'PCP4', 'HAMP', 'ZNF226', 'TncRNA', 'LMO7', 'LILRA1', 'PNCK', 'OSBPL1A', 'DKFZp313A2432', 'GOT1', 'RBP7', 'RTN3', 'ADFP', 'STEAP3', 'ADARB2', 'COL9A2', 'KLRC3', 'APOC1', 'EID.3', 'CD53', 'GBP1', 'AI002301', 'COL1A2', 'MSTP9', 'ID3', 'PLA2G2A', 'SLC15A2', 'PRKAR1B', 'ZNF217', 'STC1', 'CCL2', 'CDC20B', 'MAPKBP1', 'LGALS3', 'FREQ', 'MAL2', 'PARP14', 'COL6A2', 'X37864', 'FZD7', 'AA281932', 'BCL2A1', 'CASP1', 'TMEM49', 'W93688', 'CEAL1', 'H86813', 'NNMT', 'CSPG2', 'CBX6', 'TCTEX1D1', 'NOTCH1', 'TSPAN4', 'AI822135', 'UBA52', 'AI357047', 'CALM1', 'INPP5F', 'PRSS1', 'R70684', 'MYCBP2', 'MGC26694', 'SBP1', 'D21S2089E', 'MB', 'PDLIM7', 'EPHB1', 'ITGA3', 'H78560', 'HK2', 'FCGRT', 'UGCG', 'NPC2', 'BNIP2', 'SPARC', 'HNRNPG.T', 'OSR1', 'PARD3', 'TNFAIP3', 'TXNDC', 'ANK3', 'DNASE1L1', 'SERPINI1', 'FCGR2B', 'IL21R', 'DLL3', 'FAS', 'CCR1', 'PDPN', 'CAMK2A', 'CHI3L2', 'CLSTN3', 'PDE4DIP', 'NPTX1', 'VASP', 'R70506', 'GADD45B', 'AKR1C2', 'DYNLT1', 'CKMT1A', 'TLL2', 'USP6NL', 'GPSM2', 'FGF13', 'CAMKK2', 'N98591', 'TNC', 'DECR2', 'CLTB', 'PYCR1', 'GBP2', 'HEY1', 'KCNQ2', 'DCLRE1B', 'CAPG', 'PLTP', 'PCDHGC3', 'RUNX1', 'SCN2B', 'MASP1', 'PYHIN1', 'SLC35A2', 'ADAM19', 'NMNAT2', 'MGC39606', 'GABBR1', 'WDR7', 'COL3A1', 'TIMP1', 'RAB11FIP4', 'SCAMP5', 'MSN', 'NEFH', 'LOC541471', 'EFHB', 'X38595', 'SNRPN', 'R61377', 'ANXA5', 'SNCG', 'SPINT2', 'C4A', 'ACAD8', 'AIF1', 'ZNF160', 'SOCS3', 'GYPA', 'RPS19BP1', 'MTHFD2', 'NLGN1', 'NY.SAR.48', 'AI262682', 'YWHAH', 'HLA.F', 'H08563', 'HLA.A', 'TMEM146', 'MGC42367', 'NPL', 'AA598555', 'AA131320', 'DIP2C', 'DES', 'H91845', 'IL1RAP', 'KIAA0963', 'SRPX', 'COL4A2', 'RAB20', 'PRKCG', 'FABP3', 'AA490257', 'HLA.DRB1', 'ITPKA', 'ARPP.19', 'H10054', 'PLP2', 'CD47', 'PHLDA1', 'AA424849', 'WASF1', 'TSPAN6', 'MRC2', 'KCNMA1', 'SYNGR3', 'AI350724', 'LHFPL2', 'SERPINA3', 'FAM84B', 'RFXAP', 'FBXL16', 'CACNB2', 'DSCR1L1', 'C1orf187', 'TGFBI', 'VEGF', 'LAMB1', 'EDG1', 'ZFHX1B', 'IGHG1', 'LRBA', 'NSF', 'STXBP1', 'LOC389831', 'C1orf63', 'KCNK6', 'IL32', 'BCAM', 'ZNF233', 'DMN', 'LOC400451', 'ADCY1', 'C9orf48', 'DDEF1', 'COX7A1', 'FBXO2', 'CACNB3', 'STMN1', 'HLA.G', 'SORT1', 'USP3', 'AKR1C1', 'FLJ38984', 'AP4B1', 'AA598631', 'POSTN', 'NCF1', 'ANXA1', 'NLK', 'RAB30', 'CYR61', 'TAP1', 'CAV1', 'PRRX1', 'CLIC1', 'MST1', 'KIAA1644', 'IQSEC1', 'AI005038', 'VAMP2', 'MST150', 'S100A10', 'SPAG6', 'APOC2', 'CHN1', 'LOC283130', 'FBXO32', 'CYBA', 'PRG1', 'LOC146795', 'HBXIP', 'COL1A1', 'AA398420', 'AA975768', 'AEBP1', 'L1CAM', 'H20822', 'LOC388610', 'HPRT1', 'MGP', 'AA906888', 'TSPYL1', 'AA181288', 'LSP1', 'TCF7L1', 'DUS3L', 'TBC1D7', 'LUM', 'H41096', 'PPP1R14A', 'ASPA', 'PYGL', 'AA401952', 'LY96', 'ESM1', 'S100A11', 'SP100', 'HSPG2', 'SLC16A3', 'FLJ35740', 'NDUFB11', 'SOX4', 'F13A1', 'SERPINH1', 'CD44', 'CD58', 'LYN', 'GPNMB', 'RALY', 'IFI30', 'ID4', 'CLCA3', 'BGN', 'PDXP', 'RAB27B', 'TTC23', 'RBP4', 'KLRC1', 'AI263051', 'ZNF329', 'MICAL2', 'URP2', 'HCLS1', 'ATP6V1C1', 'PSG5', 'MYC', 'LOC283070', 'EGLN2', 'C16orf5', 'RGS16', 'HPCA', 'CA11', 'PLOD2', 'KCNJ1', 'SERPING1', 'T62491', 'NDST1', 'MVP', 'KNS2', 'CDKN1A', 'PEG3', 'ABCC3', 'A2BP1', 'C1R', 'HMOX1', 'CA12', 'EDG3', 'C8orf4', 'AA489629', 'IGFBP5', 'LOC613212', 'IMAGE.33267', 'FN1', 'IGF2BP3', 'T97457', 'MDK', 'IGFBP3', 'DPYD', 'ABCA5', 'CBLN2', 'PPP3CB', 'SUV39H1', 'EMP3', 'FAM46A', 'GYPC', 'ADM', 'WWTR1', 'PLAUR', 'FBXW7', 'APCS', 'YWHAG', 'AA479357', 'PRKCB1', 'EDNRB', 'DDIT4', 'STK17A', 'VSNL1', 'MYBPC2', 'COX6A2', 'UBE4B', 'H24428', 'ITGA9', 'FAM84A', 'RPS3A', 'IGSF3', 'PSG1', 'DEF6', 'LAMA4', 'NR4A1', 'R52960', 'ZNF549', 'TNFRSF12A', 'AA669383', 'MDFI', 'KLRC2', 'C6orf12', 'CDKN2D', 'CCDC3', 'TIMP3', 'PSD3', 'EXT1', 'CTHRC1', 'MED11', 'DDN', 'BLVRB', 'PPP3CA', 'NUAK1', 'AI871056', 'FBL', 'MMP2', 'NCF2', 'CAP2', 'LTF', 'AA029415', 'GAS1', 'MOAP1', 'LAPTM5', 'PDE2A', 'S100A1', 'PLAU', 'MGC18216']}, {'PCs': 43, <COParams.SEND_PROJ: ('Send projections', False)>: False, 'Row names': ['IGF1R', 'PTPRZ1', 'EPB49', 'TFDP2', 'ITGA5', 'SYT7', 'SVIL', 'T51726', 'SETD5', 'TOMM40', 'PRKCZ', 'SAA2', 'LOC57228', 'AI335002', 'PRSS3', 'ZNF419B', 'HBA1', 'L3MBTL4', 'PALLD', 'RND3', 'KIAA1543', 'PCP4', 'HAMP', 'ZNF226', 'TncRNA', 'LMO7', 'LILRA1', 'PNCK', 'OSBPL1A', 'DKFZp313A2432', 'GOT1', 'RBP7', 'RTN3', 'ADFP', 'STEAP3', 'ADARB2', 'COL9A2', 'KLRC3', 'APOC1', 'EID.3', 'CD53', 'GBP1', 'AI002301', 'COL1A2', 'MSTP9', 'ID3', 'PLA2G2A', 'SLC15A2', 'PRKAR1B', 'ZNF217', 'STC1', 'CCL2', 'CDC20B', 'MAPKBP1', 'LGALS3', 'FREQ', 'MAL2', 'PARP14', 'COL6A2', 'X37864', 'FZD7', 'AA281932', 'BCL2A1', 'CASP1', 'TMEM49', 'W93688', 'CEAL1', 'H86813', 'NNMT', 'CSPG2', 'CBX6', 'TCTEX1D1', 'NOTCH1', 'TSPAN4', 'AI822135', 'UBA52', 'AI357047', 'CALM1', 'INPP5F', 'PRSS1', 'R70684', 'MYCBP2', 'MGC26694', 'SBP1', 'D21S2089E', 'MB', 'PDLIM7', 'EPHB1', 'ITGA3', 'H78560', 'HK2', 'FCGRT', 'UGCG', 'NPC2', 'BNIP2', 'SPARC', 'HNRNPG.T', 'OSR1', 'PARD3', 'TNFAIP3', 'TXNDC', 'ANK3', 'DNASE1L1', 'SERPINI1', 'FCGR2B', 'IL21R', 'DLL3', 'FAS', 'CCR1', 'PDPN', 'CAMK2A', 'CHI3L2', 'CLSTN3', 'PDE4DIP', 'NPTX1', 'VASP', 'R70506', 'GADD45B', 'AKR1C2', 'DYNLT1', 'CKMT1A', 'TLL2', 'USP6NL', 'GPSM2', 'FGF13', 'CAMKK2', 'N98591', 'TNC', 'DECR2', 'CLTB', 'PYCR1', 'GBP2', 'HEY1', 'KCNQ2', 'DCLRE1B', 'CAPG', 'PLTP', 'PCDHGC3', 'RUNX1', 'SCN2B', 'MASP1', 'PYHIN1', 'SLC35A2', 'ADAM19', 'NMNAT2', 'MGC39606', 'GABBR1', 'WDR7', 'COL3A1', 'TIMP1', 'RAB11FIP4', 'SCAMP5', 'MSN', 'NEFH', 'LOC541471', 'EFHB', 'X38595', 'SNRPN', 'R61377', 'ANXA5', 'SNCG', 'SPINT2', 'C4A', 'ACAD8', 'AIF1', 'ZNF160', 'SOCS3', 'GYPA', 'RPS19BP1', 'MTHFD2', 'NLGN1', 'NY.SAR.48', 'AI262682', 'YWHAH', 'HLA.F', 'H08563', 'HLA.A', 'TMEM146', 'MGC42367', 'NPL', 'AA598555', 'AA131320', 'DIP2C', 'DES', 'H91845', 'IL1RAP', 'KIAA0963', 'SRPX', 'COL4A2', 'RAB20', 'PRKCG', 'FABP3', 'AA490257', 'HLA.DRB1', 'ITPKA', 'ARPP.19', 'H10054', 'PLP2', 'CD47', 'PHLDA1', 'AA424849', 'WASF1', 'TSPAN6', 'MRC2', 'KCNMA1', 'SYNGR3', 'AI350724', 'LHFPL2', 'SERPINA3', 'FAM84B', 'RFXAP', 'FBXL16', 'CACNB2', 'DSCR1L1', 'C1orf187', 'TGFBI', 'VEGF', 'LAMB1', 'EDG1', 'ZFHX1B', 'IGHG1', 'LRBA', 'NSF', 'STXBP1', 'LOC389831', 'C1orf63', 'KCNK6', 'IL32', 'BCAM', 'ZNF233', 'DMN', 'LOC400451', 'ADCY1', 'C9orf48', 'DDEF1', 'COX7A1', 'FBXO2', 'CACNB3', 'STMN1', 'HLA.G', 'SORT1', 'USP3', 'AKR1C1', 'FLJ38984', 'AP4B1', 'AA598631', 'POSTN', 'NCF1', 'ANXA1', 'NLK', 'RAB30', 'CYR61', 'TAP1', 'CAV1', 'PRRX1', 'CLIC1', 'MST1', 'KIAA1644', 'IQSEC1', 'AI005038', 'VAMP2', 'MST150', 'S100A10', 'SPAG6', 'APOC2', 'CHN1', 'LOC283130', 'FBXO32', 'CYBA', 'PRG1', 'LOC146795', 'HBXIP', 'COL1A1', 'AA398420', 'AA975768', 'AEBP1', 'L1CAM', 'H20822', 'LOC388610', 'HPRT1', 'MGP', 'AA906888', 'TSPYL1', 'AA181288', 'LSP1', 'TCF7L1', 'DUS3L', 'TBC1D7', 'LUM', 'H41096', 'PPP1R14A', 'ASPA', 'PYGL', 'AA401952', 'LY96', 'ESM1', 'S100A11', 'SP100', 'HSPG2', 'SLC16A3', 'FLJ35740', 'NDUFB11', 'SOX4', 'F13A1', 'SERPINH1', 'CD44', 'CD58', 'LYN', 'GPNMB', 'RALY', 'IFI30', 'ID4', 'CLCA3', 'BGN', 'PDXP', 'RAB27B', 'TTC23', 'RBP4', 'KLRC1', 'AI263051', 'ZNF329', 'MICAL2', 'URP2', 'HCLS1', 'ATP6V1C1', 'PSG5', 'MYC', 'LOC283070', 'EGLN2', 'C16orf5', 'RGS16', 'HPCA', 'CA11', 'PLOD2', 'KCNJ1', 'SERPING1', 'T62491', 'NDST1', 'MVP', 'KNS2', 'CDKN1A', 'PEG3', 'ABCC3', 'A2BP1', 'C1R', 'HMOX1', 'CA12', 'EDG3', 'C8orf4', 'AA489629', 'IGFBP5', 'LOC613212', 'IMAGE.33267', 'FN1', 'IGF2BP3', 'T97457', 'MDK', 'IGFBP3', 'DPYD', 'ABCA5', 'CBLN2', 'PPP3CB', 'SUV39H1', 'EMP3', 'FAM46A', 'GYPC', 'ADM', 'WWTR1', 'PLAUR', 'FBXW7', 'APCS', 'YWHAG', 'AA479357', 'PRKCB1', 'EDNRB', 'DDIT4', 'STK17A', 'VSNL1', 'MYBPC2', 'COX6A2', 'UBE4B', 'H24428', 'ITGA9', 'FAM84A', 'RPS3A', 'IGSF3', 'PSG1', 'DEF6', 'LAMA4', 'NR4A1', 'R52960', 'ZNF549', 'TNFRSF12A', 'AA669383', 'MDFI', 'KLRC2', 'C6orf12', 'CDKN2D', 'CCDC3', 'TIMP3', 'PSD3', 'EXT1', 'CTHRC1', 'MED11', 'DDN', 'BLVRB', 'PPP3CA', 'NUAK1', 'AI871056', 'FBL', 'MMP2', 'NCF2', 'CAP2', 'LTF', 'AA029415', 'GAS1', 'MOAP1', 'LAPTM5', 'PDE2A', 'S100A1', 'PLAU', 'MGC18216']}]
INCOMING
{'PCs': 43, <COParams.SEND_PROJ: ('Send projections', False)>: False, 'Row names': ['IGF1R', 'PTPRZ1', 'EPB49', 'TFDP2', 'ITGA5', 'SYT7', 'SVIL', 'T51726', 'SETD5', 'TOMM40', 'PRKCZ', 'SAA2', 'LOC57228', 'AI335002', 'PRSS3', 'ZNF419B', 'HBA1', 'L3MBTL4', 'PALLD', 'RND3', 'KIAA1543', 'PCP4', 'HAMP', 'ZNF226', 'TncRNA', 'LMO7', 'LILRA1', 'PNCK', 'OSBPL1A', 'DKFZp313A2432', 'GOT1', 'RBP7', 'RTN3', 'ADFP', 'STEAP3', 'ADARB2', 'COL9A2', 'KLRC3', 'APOC1', 'EID.3', 'CD53', 'GBP1', 'AI002301', 'COL1A2', 'MSTP9', 'ID3', 'PLA2G2A', 'SLC15A2', 'PRKAR1B', 'ZNF217', 'STC1', 'CCL2', 'CDC20B', 'MAPKBP1', 'LGALS3', 'FREQ', 'MAL2', 'PARP14', 'COL6A2', 'X37864', 'FZD7', 'AA281932', 'BCL2A1', 'CASP1', 'TMEM49', 'W93688', 'CEAL1', 'H86813', 'NNMT', 'CSPG2', 'CBX6', 'TCTEX1D1', 'NOTCH1', 'TSPAN4', 'AI822135', 'UBA52', 'AI357047', 'CALM1', 'INPP5F', 'PRSS1', 'R70684', 'MYCBP2', 'MGC26694', 'SBP1', 'D21S2089E', 'MB', 'PDLIM7', 'EPHB1', 'ITGA3', 'H78560', 'HK2', 'FCGRT', 'UGCG', 'NPC2', 'BNIP2', 'SPARC', 'HNRNPG.T', 'OSR1', 'PARD3', 'TNFAIP3', 'TXNDC', 'ANK3', 'DNASE1L1', 'SERPINI1', 'FCGR2B', 'IL21R', 'DLL3', 'FAS', 'CCR1', 'PDPN', 'CAMK2A', 'CHI3L2', 'CLSTN3', 'PDE4DIP', 'NPTX1', 'VASP', 'R70506', 'GADD45B', 'AKR1C2', 'DYNLT1', 'CKMT1A', 'TLL2', 'USP6NL', 'GPSM2', 'FGF13', 'CAMKK2', 'N98591', 'TNC', 'DECR2', 'CLTB', 'PYCR1', 'GBP2', 'HEY1', 'KCNQ2', 'DCLRE1B', 'CAPG', 'PLTP', 'PCDHGC3', 'RUNX1', 'SCN2B', 'MASP1', 'PYHIN1', 'SLC35A2', 'ADAM19', 'NMNAT2', 'MGC39606', 'GABBR1', 'WDR7', 'COL3A1', 'TIMP1', 'RAB11FIP4', 'SCAMP5', 'MSN', 'NEFH', 'LOC541471', 'EFHB', 'X38595', 'SNRPN', 'R61377', 'ANXA5', 'SNCG', 'SPINT2', 'C4A', 'ACAD8', 'AIF1', 'ZNF160', 'SOCS3', 'GYPA', 'RPS19BP1', 'MTHFD2', 'NLGN1', 'NY.SAR.48', 'AI262682', 'YWHAH', 'HLA.F', 'H08563', 'HLA.A', 'TMEM146', 'MGC42367', 'NPL', 'AA598555', 'AA131320', 'DIP2C', 'DES', 'H91845', 'IL1RAP', 'KIAA0963', 'SRPX', 'COL4A2', 'RAB20', 'PRKCG', 'FABP3', 'AA490257', 'HLA.DRB1', 'ITPKA', 'ARPP.19', 'H10054', 'PLP2', 'CD47', 'PHLDA1', 'AA424849', 'WASF1', 'TSPAN6', 'MRC2', 'KCNMA1', 'SYNGR3', 'AI350724', 'LHFPL2', 'SERPINA3', 'FAM84B', 'RFXAP', 'FBXL16', 'CACNB2', 'DSCR1L1', 'C1orf187', 'TGFBI', 'VEGF', 'LAMB1', 'EDG1', 'ZFHX1B', 'IGHG1', 'LRBA', 'NSF', 'STXBP1', 'LOC389831', 'C1orf63', 'KCNK6', 'IL32', 'BCAM', 'ZNF233', 'DMN', 'LOC400451', 'ADCY1', 'C9orf48', 'DDEF1', 'COX7A1', 'FBXO2', 'CACNB3', 'STMN1', 'HLA.G', 'SORT1', 'USP3', 'AKR1C1', 'FLJ38984', 'AP4B1', 'AA598631', 'POSTN', 'NCF1', 'ANXA1', 'NLK', 'RAB30', 'CYR61', 'TAP1', 'CAV1', 'PRRX1', 'CLIC1', 'MST1', 'KIAA1644', 'IQSEC1', 'AI005038', 'VAMP2', 'MST150', 'S100A10', 'SPAG6', 'APOC2', 'CHN1', 'LOC283130', 'FBXO32', 'CYBA', 'PRG1', 'LOC146795', 'HBXIP', 'COL1A1', 'AA398420', 'AA975768', 'AEBP1', 'L1CAM', 'H20822', 'LOC388610', 'HPRT1', 'MGP', 'AA906888', 'TSPYL1', 'AA181288', 'LSP1', 'TCF7L1', 'DUS3L', 'TBC1D7', 'LUM', 'H41096', 'PPP1R14A', 'ASPA', 'PYGL', 'AA401952', 'LY96', 'ESM1', 'S100A11', 'SP100', 'HSPG2', 'SLC16A3', 'FLJ35740', 'NDUFB11', 'SOX4', 'F13A1', 'SERPINH1', 'CD44', 'CD58', 'LYN', 'GPNMB', 'RALY', 'IFI30', 'ID4', 'CLCA3', 'BGN', 'PDXP', 'RAB27B', 'TTC23', 'RBP4', 'KLRC1', 'AI263051', 'ZNF329', 'MICAL2', 'URP2', 'HCLS1', 'ATP6V1C1', 'PSG5', 'MYC', 'LOC283070', 'EGLN2', 'C16orf5', 'RGS16', 'HPCA', 'CA11', 'PLOD2', 'KCNJ1', 'SERPING1', 'T62491', 'NDST1', 'MVP', 'KNS2', 'CDKN1A', 'PEG3', 'ABCC3', 'A2BP1', 'C1R', 'HMOX1', 'CA12', 'EDG3', 'C8orf4', 'AA489629', 'IGFBP5', 'LOC613212', 'IMAGE.33267', 'FN1', 'IGF2BP3', 'T97457', 'MDK', 'IGFBP3', 'DPYD', 'ABCA5', 'CBLN2', 'PPP3CB', 'SUV39H1', 'EMP3', 'FAM46A', 'GYPC', 'ADM', 'WWTR1', 'PLAUR', 'FBXW7', 'APCS', 'YWHAG', 'AA479357', 'PRKCB1', 'EDNRB', 'DDIT4', 'STK17A', 'VSNL1', 'MYBPC2', 'COX6A2', 'UBE4B', 'H24428', 'ITGA9', 'FAM84A', 'RPS3A', 'IGSF3', 'PSG1', 'DEF6', 'LAMA4', 'NR4A1', 'R52960', 'ZNF549', 'TNFRSF12A', 'AA669383', 'MDFI', 'KLRC2', 'C6orf12', 'CDKN2D', 'CCDC3', 'TIMP3', 'PSD3', 'EXT1', 'CTHRC1', 'MED11', 'DDN', 'BLVRB', 'PPP3CA', 'NUAK1', 'AI871056', 'FBL', 'MMP2', 'NCF2', 'CAP2', 'LTF', 'AA029415', 'GAS1', 'MOAP1', 'LAPTM5', 'PDE2A', 'S100A1', 'PLAU', 'MGC18216']}
K
[43, 43]
incoming[COParams.PCS.n]
43
INCOMING
{'PCs': 43, <COParams.SEND_PROJ: ('Send projections', False)>: False, 'Row names': ['IGF1R', 'PTPRZ1', 'EPB49', 'TFDP2', 'ITGA5', 'SYT7', 'SVIL', 'T51726', 'SETD5', 'TOMM40', 'PRKCZ', 'SAA2', 'LOC57228', 'AI335002', 'PRSS3', 'ZNF419B', 'HBA1', 'L3MBTL4', 'PALLD', 'RND3', 'KIAA1543', 'PCP4', 'HAMP', 'ZNF226', 'TncRNA', 'LMO7', 'LILRA1', 'PNCK', 'OSBPL1A', 'DKFZp313A2432', 'GOT1', 'RBP7', 'RTN3', 'ADFP', 'STEAP3', 'ADARB2', 'COL9A2', 'KLRC3', 'APOC1', 'EID.3', 'CD53', 'GBP1', 'AI002301', 'COL1A2', 'MSTP9', 'ID3', 'PLA2G2A', 'SLC15A2', 'PRKAR1B', 'ZNF217', 'STC1', 'CCL2', 'CDC20B', 'MAPKBP1', 'LGALS3', 'FREQ', 'MAL2', 'PARP14', 'COL6A2', 'X37864', 'FZD7', 'AA281932', 'BCL2A1', 'CASP1', 'TMEM49', 'W93688', 'CEAL1', 'H86813', 'NNMT', 'CSPG2', 'CBX6', 'TCTEX1D1', 'NOTCH1', 'TSPAN4', 'AI822135', 'UBA52', 'AI357047', 'CALM1', 'INPP5F', 'PRSS1', 'R70684', 'MYCBP2', 'MGC26694', 'SBP1', 'D21S2089E', 'MB', 'PDLIM7', 'EPHB1', 'ITGA3', 'H78560', 'HK2', 'FCGRT', 'UGCG', 'NPC2', 'BNIP2', 'SPARC', 'HNRNPG.T', 'OSR1', 'PARD3', 'TNFAIP3', 'TXNDC', 'ANK3', 'DNASE1L1', 'SERPINI1', 'FCGR2B', 'IL21R', 'DLL3', 'FAS', 'CCR1', 'PDPN', 'CAMK2A', 'CHI3L2', 'CLSTN3', 'PDE4DIP', 'NPTX1', 'VASP', 'R70506', 'GADD45B', 'AKR1C2', 'DYNLT1', 'CKMT1A', 'TLL2', 'USP6NL', 'GPSM2', 'FGF13', 'CAMKK2', 'N98591', 'TNC', 'DECR2', 'CLTB', 'PYCR1', 'GBP2', 'HEY1', 'KCNQ2', 'DCLRE1B', 'CAPG', 'PLTP', 'PCDHGC3', 'RUNX1', 'SCN2B', 'MASP1', 'PYHIN1', 'SLC35A2', 'ADAM19', 'NMNAT2', 'MGC39606', 'GABBR1', 'WDR7', 'COL3A1', 'TIMP1', 'RAB11FIP4', 'SCAMP5', 'MSN', 'NEFH', 'LOC541471', 'EFHB', 'X38595', 'SNRPN', 'R61377', 'ANXA5', 'SNCG', 'SPINT2', 'C4A', 'ACAD8', 'AIF1', 'ZNF160', 'SOCS3', 'GYPA', 'RPS19BP1', 'MTHFD2', 'NLGN1', 'NY.SAR.48', 'AI262682', 'YWHAH', 'HLA.F', 'H08563', 'HLA.A', 'TMEM146', 'MGC42367', 'NPL', 'AA598555', 'AA131320', 'DIP2C', 'DES', 'H91845', 'IL1RAP', 'KIAA0963', 'SRPX', 'COL4A2', 'RAB20', 'PRKCG', 'FABP3', 'AA490257', 'HLA.DRB1', 'ITPKA', 'ARPP.19', 'H10054', 'PLP2', 'CD47', 'PHLDA1', 'AA424849', 'WASF1', 'TSPAN6', 'MRC2', 'KCNMA1', 'SYNGR3', 'AI350724', 'LHFPL2', 'SERPINA3', 'FAM84B', 'RFXAP', 'FBXL16', 'CACNB2', 'DSCR1L1', 'C1orf187', 'TGFBI', 'VEGF', 'LAMB1', 'EDG1', 'ZFHX1B', 'IGHG1', 'LRBA', 'NSF', 'STXBP1', 'LOC389831', 'C1orf63', 'KCNK6', 'IL32', 'BCAM', 'ZNF233', 'DMN', 'LOC400451', 'ADCY1', 'C9orf48', 'DDEF1', 'COX7A1', 'FBXO2', 'CACNB3', 'STMN1', 'HLA.G', 'SORT1', 'USP3', 'AKR1C1', 'FLJ38984', 'AP4B1', 'AA598631', 'POSTN', 'NCF1', 'ANXA1', 'NLK', 'RAB30', 'CYR61', 'TAP1', 'CAV1', 'PRRX1', 'CLIC1', 'MST1', 'KIAA1644', 'IQSEC1', 'AI005038', 'VAMP2', 'MST150', 'S100A10', 'SPAG6', 'APOC2', 'CHN1', 'LOC283130', 'FBXO32', 'CYBA', 'PRG1', 'LOC146795', 'HBXIP', 'COL1A1', 'AA398420', 'AA975768', 'AEBP1', 'L1CAM', 'H20822', 'LOC388610', 'HPRT1', 'MGP', 'AA906888', 'TSPYL1', 'AA181288', 'LSP1', 'TCF7L1', 'DUS3L', 'TBC1D7', 'LUM', 'H41096', 'PPP1R14A', 'ASPA', 'PYGL', 'AA401952', 'LY96', 'ESM1', 'S100A11', 'SP100', 'HSPG2', 'SLC16A3', 'FLJ35740', 'NDUFB11', 'SOX4', 'F13A1', 'SERPINH1', 'CD44', 'CD58', 'LYN', 'GPNMB', 'RALY', 'IFI30', 'ID4', 'CLCA3', 'BGN', 'PDXP', 'RAB27B', 'TTC23', 'RBP4', 'KLRC1', 'AI263051', 'ZNF329', 'MICAL2', 'URP2', 'HCLS1', 'ATP6V1C1', 'PSG5', 'MYC', 'LOC283070', 'EGLN2', 'C16orf5', 'RGS16', 'HPCA', 'CA11', 'PLOD2', 'KCNJ1', 'SERPING1', 'T62491', 'NDST1', 'MVP', 'KNS2', 'CDKN1A', 'PEG3', 'ABCC3', 'A2BP1', 'C1R', 'HMOX1', 'CA12', 'EDG3', 'C8orf4', 'AA489629', 'IGFBP5', 'LOC613212', 'IMAGE.33267', 'FN1', 'IGF2BP3', 'T97457', 'MDK', 'IGFBP3', 'DPYD', 'ABCA5', 'CBLN2', 'PPP3CB', 'SUV39H1', 'EMP3', 'FAM46A', 'GYPC', 'ADM', 'WWTR1', 'PLAUR', 'FBXW7', 'APCS', 'YWHAG', 'AA479357', 'PRKCB1', 'EDNRB', 'DDIT4', 'STK17A', 'VSNL1', 'MYBPC2', 'COX6A2', 'UBE4B', 'H24428', 'ITGA9', 'FAM84A', 'RPS3A', 'IGSF3', 'PSG1', 'DEF6', 'LAMA4', 'NR4A1', 'R52960', 'ZNF549', 'TNFRSF12A', 'AA669383', 'MDFI', 'KLRC2', 'C6orf12', 'CDKN2D', 'CCDC3', 'TIMP3', 'PSD3', 'EXT1', 'CTHRC1', 'MED11', 'DDN', 'BLVRB', 'PPP3CA', 'NUAK1', 'AI871056', 'FBL', 'MMP2', 'NCF2', 'CAP2', 'LTF', 'AA029415', 'GAS1', 'MOAP1', 'LAPTM5', 'PDE2A', 'S100A1', 'PLAU', 'MGC18216']}
K
[43, 43]
incoming[COParams.PCS.n]
43
['IGF1R', 'PTPRZ1', 'EPB49', 'TFDP2', 'ITGA5', 'SYT7', 'SVIL', 'T51726', 'SETD5', 'TOMM40', 'PRKCZ', 'SAA2', 'LOC57228', 'AI335002', 'PRSS3', 'ZNF419B', 'HBA1', 'L3MBTL4', 'PALLD', 'RND3', 'KIAA1543', 'PCP4', 'HAMP', 'ZNF226', 'TncRNA', 'LMO7', 'LILRA1', 'PNCK', 'OSBPL1A', 'DKFZp313A2432', 'GOT1', 'RBP7', 'RTN3', 'ADFP', 'STEAP3', 'ADARB2', 'COL9A2', 'KLRC3', 'APOC1', 'EID.3', 'CD53', 'GBP1', 'AI002301', 'COL1A2', 'MSTP9', 'ID3', 'PLA2G2A', 'SLC15A2', 'PRKAR1B', 'ZNF217', 'STC1', 'CCL2', 'CDC20B', 'MAPKBP1', 'LGALS3', 'FREQ', 'MAL2', 'PARP14', 'COL6A2', 'X37864', 'FZD7', 'AA281932', 'BCL2A1', 'CASP1', 'TMEM49', 'W93688', 'CEAL1', 'H86813', 'NNMT', 'CSPG2', 'CBX6', 'TCTEX1D1', 'NOTCH1', 'TSPAN4', 'AI822135', 'UBA52', 'AI357047', 'CALM1', 'INPP5F', 'PRSS1', 'R70684', 'MYCBP2', 'MGC26694', 'SBP1', 'D21S2089E', 'MB', 'PDLIM7', 'EPHB1', 'ITGA3', 'H78560', 'HK2', 'FCGRT', 'UGCG', 'NPC2', 'BNIP2', 'SPARC', 'HNRNPG.T', 'OSR1', 'PARD3', 'TNFAIP3', 'TXNDC', 'ANK3', 'DNASE1L1', 'SERPINI1', 'FCGR2B', 'IL21R', 'DLL3', 'FAS', 'CCR1', 'PDPN', 'CAMK2A', 'CHI3L2', 'CLSTN3', 'PDE4DIP', 'NPTX1', 'VASP', 'R70506', 'GADD45B', 'AKR1C2', 'DYNLT1', 'CKMT1A', 'TLL2', 'USP6NL', 'GPSM2', 'FGF13', 'CAMKK2', 'N98591', 'TNC', 'DECR2', 'CLTB', 'PYCR1', 'GBP2', 'HEY1', 'KCNQ2', 'DCLRE1B', 'CAPG', 'PLTP', 'PCDHGC3', 'RUNX1', 'SCN2B', 'MASP1', 'PYHIN1', 'SLC35A2', 'ADAM19', 'NMNAT2', 'MGC39606', 'GABBR1', 'WDR7', 'COL3A1', 'TIMP1', 'RAB11FIP4', 'SCAMP5', 'MSN', 'NEFH', 'LOC541471', 'EFHB', 'X38595', 'SNRPN', 'R61377', 'ANXA5', 'SNCG', 'SPINT2', 'C4A', 'ACAD8', 'AIF1', 'ZNF160', 'SOCS3', 'GYPA', 'RPS19BP1', 'MTHFD2', 'NLGN1', 'NY.SAR.48', 'AI262682', 'YWHAH', 'HLA.F', 'H08563', 'HLA.A', 'TMEM146', 'MGC42367', 'NPL', 'AA598555', 'AA131320', 'DIP2C', 'DES', 'H91845', 'IL1RAP', 'KIAA0963', 'SRPX', 'COL4A2', 'RAB20', 'PRKCG', 'FABP3', 'AA490257', 'HLA.DRB1', 'ITPKA', 'ARPP.19', 'H10054', 'PLP2', 'CD47', 'PHLDA1', 'AA424849', 'WASF1', 'TSPAN6', 'MRC2', 'KCNMA1', 'SYNGR3', 'AI350724', 'LHFPL2', 'SERPINA3', 'FAM84B', 'RFXAP', 'FBXL16', 'CACNB2', 'DSCR1L1', 'C1orf187', 'TGFBI', 'VEGF', 'LAMB1', 'EDG1', 'ZFHX1B', 'IGHG1', 'LRBA', 'NSF', 'STXBP1', 'LOC389831', 'C1orf63', 'KCNK6', 'IL32', 'BCAM', 'ZNF233', 'DMN', 'LOC400451', 'ADCY1', 'C9orf48', 'DDEF1', 'COX7A1', 'FBXO2', 'CACNB3', 'STMN1', 'HLA.G', 'SORT1', 'USP3', 'AKR1C1', 'FLJ38984', 'AP4B1', 'AA598631', 'POSTN', 'NCF1', 'ANXA1', 'NLK', 'RAB30', 'CYR61', 'TAP1', 'CAV1', 'PRRX1', 'CLIC1', 'MST1', 'KIAA1644', 'IQSEC1', 'AI005038', 'VAMP2', 'MST150', 'S100A10', 'SPAG6', 'APOC2', 'CHN1', 'LOC283130', 'FBXO32', 'CYBA', 'PRG1', 'LOC146795', 'HBXIP', 'COL1A1', 'AA398420', 'AA975768', 'AEBP1', 'L1CAM', 'H20822', 'LOC388610', 'HPRT1', 'MGP', 'AA906888', 'TSPYL1', 'AA181288', 'LSP1', 'TCF7L1', 'DUS3L', 'TBC1D7', 'LUM', 'H41096', 'PPP1R14A', 'ASPA', 'PYGL', 'AA401952', 'LY96', 'ESM1', 'S100A11', 'SP100', 'HSPG2', 'SLC16A3', 'FLJ35740', 'NDUFB11', 'SOX4', 'F13A1', 'SERPINH1', 'CD44', 'CD58', 'LYN', 'GPNMB', 'RALY', 'IFI30', 'ID4', 'CLCA3', 'BGN', 'PDXP', 'RAB27B', 'TTC23', 'RBP4', 'KLRC1', 'AI263051', 'ZNF329', 'MICAL2', 'URP2', 'HCLS1', 'ATP6V1C1', 'PSG5', 'MYC', 'LOC283070', 'EGLN2', 'C16orf5', 'RGS16', 'HPCA', 'CA11', 'PLOD2', 'KCNJ1', 'SERPING1', 'T62491', 'NDST1', 'MVP', 'KNS2', 'CDKN1A', 'PEG3', 'ABCC3', 'A2BP1', 'C1R', 'HMOX1', 'CA12', 'EDG3', 'C8orf4', 'AA489629', 'IGFBP5', 'LOC613212', 'IMAGE.33267', 'FN1', 'IGF2BP3', 'T97457', 'MDK', 'IGFBP3', 'DPYD', 'ABCA5', 'CBLN2', 'PPP3CB', 'SUV39H1', 'EMP3', 'FAM46A', 'GYPC', 'ADM', 'WWTR1', 'PLAUR', 'FBXW7', 'APCS', 'YWHAG', 'AA479357', 'PRKCB1', 'EDNRB', 'DDIT4', 'STK17A', 'VSNL1', 'MYBPC2', 'COX6A2', 'UBE4B', 'H24428', 'ITGA9', 'FAM84A', 'RPS3A', 'IGSF3', 'PSG1', 'DEF6', 'LAMA4', 'NR4A1', 'R52960', 'ZNF549', 'TNFRSF12A', 'AA669383', 'MDFI', 'KLRC2', 'C6orf12', 'CDKN2D', 'CCDC3', 'TIMP3', 'PSD3', 'EXT1', 'CTHRC1', 'MED11', 'DDN', 'BLVRB', 'PPP3CA', 'NUAK1', 'AI871056', 'FBL', 'MMP2', 'NCF2', 'CAP2', 'LTF', 'AA029415', 'GAS1', 'MOAP1', 'LAPTM5', 'PDE2A', 'S100A1', 'PLAU', 'MGC18216']
[Time: 28.06.23 07:46:18] [Level: info] Traceback (most recent call last):
  File "/app/engine/app.py", line 169, in guarded_run
    self.run()
  File "/app/engine/app.py", line 184, in run
    transition = self.current_state.run()
  File "/app/apps/svd/app.py", line 103, in run
    self.load('mfa').select_rows(incoming)
  File "/app/apps/svd/FC_Federated_MFA.py", line 162, in select_rows
    d = {k: v for v, k in enumerate(self.tabdata.rows)}
AttributeError: 'ClientFCFederatedMFA' object has no attribute 'tabdata'

