2023-06-30 11:57:42,337 CRIT Supervisor is running as root.  Privileges were not dropped because no user is specified in the config file.  If you intend to run as root, you can set user=root in the config file to avoid this message.
2023-06-30 11:57:42,338 INFO supervisord started with pid 7
2023-06-30 11:57:43,341 INFO spawned: 'nginx' with pid 10
2023-06-30 11:57:43,343 INFO spawned: 'app' with pid 11
2023-06-30 11:57:44,368 INFO success: nginx entered RUNNING state, process has stayed up for > than 1 seconds (startsecs)
2023-06-30 11:57:44,368 INFO success: app entered RUNNING state, process has stayed up for > than 1 seconds (startsecs)
[CTRL] POST /setup
[Time: 30.06.23 11:57:46] [Level: info] id: 2ccbd5de2a5a0192
[Time: 30.06.23 11:57:46] [Level: info] coordinator: False
[Time: 30.06.23 11:57:46] [Level: info] clients: ['2ccbd5de2a5a0192', '7c93c86030929fbc']
[Time: 30.06.23 11:57:46] [Level: info] state: initial
[CLIENT] Parsing parameter file...
[API] /setup parsing parameter file 
[API] /setup config file found ... parsing file: /mnt/input/config.yaml
YAML file does not follow specification: missing key: eigenvalues
Setting default: eigenvalues.tsv
YAML file does not follow specification: missing key: explained_variance
Setting default: eigenvalues.tsv
YAML file does not follow specification: missing key: output delimiter
Setting default: tab
[API] /setup config file found ... parsing done
[CLIENT] finished parsing parameter file.
[STARTUP] Instantiate SVD
[Time: 30.06.23 11:57:46] [Level: info] transition: init_pca
[Time: 30.06.23 11:57:47] [Level: info] state: init_pca
[STARTUP] Copy configuration and create dir
/mnt/input/hospital_data_bredel_1.csv
TEST: ['/mnt/input/hospital_data_bredel_1 - Copy.csv', '/mnt/input/hospital_data_bredel_1.csv']
RUNNING ON:  /mnt/input/hospital_data_bredel_1 - Copy.csv
number of omics:  2
[STARTUP] Configuration copied
Log Transform performed
/app/apps/svd/FC_Federated_PCA.py:97: RuntimeWarning: invalid value encountered in log2
  self.tabdata.scaled = np.log2(self.tabdata.scaled+1)
[Time: 30.06.23 11:57:47] [Level: info] transition: wait_for_params
[Time: 30.06.23 11:57:48] [Level: info] state: wait_for_params
[CTRL] GET /data
[CTRL] POST /data
setting parameters
[API] Setting parameters
['LOC389831', 'ATP6V1C1', 'IL1RAP', 'EPHB1', 'PARD3', 'USP6NL', 'SORT1', 'AA906888', 'KCNJ1', 'RND3', 'H91845', 'CLIC1', 'RFXAP', 'BCAM', 'SOCS3', 'NCF1', 'LUM', 'MGP', 'BGN', 'PRG1', 'MAPKBP1', 'ITGA3', 'CAV1', 'CHN1', 'CTHRC1', 'COL3A1', 'PARP14', 'AA669383', 'MYC', 'KCNQ2', 'FAS', 'WASF1', 'C1R', 'C9orf48', 'FCGR2B', 'DEF6', 'NUAK1', 'MAL2', 'TNFAIP3', 'AI357047', 'FABP3', 'GYPC', 'PCP4', 'NPTX1', 'R61377', 'ACAD8', 'LOC57228', 'SERPINA3', 'LOC146795', 'UGCG', 'CAMKK2', 'DECR2', 'SPARC', 'LTF', 'MST1', 'CD47', 'CKMT1A', 'IGHG1', 'MASP1', 'CBX6', 'RGS16', 'HLA.A', 'CDKN1A', 'PLOD2', 'PRKAR1B', 'PLA2G2A', 'COX7A1', 'TOMM40', 'TBC1D7', 'IMAGE.33267', 'SPAG6', 'AI335002', 'USP3', 'TCTEX1D1', 'HAMP', 'CASP1', 'HLA.G', 'NNMT', 'NDUFB11', 'EPB49', 'COX6A2', 'CAMK2A', 'L3MBTL4', 'HLA.DRB1', 'PYGL', 'PSD3', 'CEAL1', 'DIP2C', 'INPP5F', 'NLK', 'EFHB', 'FAM84B', 'RAB11FIP4', 'ITPKA', 'MGC39606', 'FZD7', 'MB', 'COL1A1', 'CCR1', 'MYBPC2', 'AEBP1', 'PLP2', 'PTPRZ1', 'ZNF217', 'AKR1C1', 'VASP', 'STC1', 'STK17A', 'GABBR1', 'ZNF329', 'LHFPL2', 'H08563', 'SYT7', 'ZNF233', 'ITGA5', 'PDXP', 'CDC20B', 'NCF2', 'CA12', 'TCF7L1', 'PNCK', 'CD53', 'ADM', 'AKR1C2', 'HK2', 'PRKCZ', 'AA401952', 'KLRC2', 'NY.SAR.48', 'STEAP3', 'IFI30', 'TSPYL1', 'T62491', 'CSPG2', 'A2BP1', 'ANXA5', 'DUS3L', 'IGF1R', 'CYR61', 'HPRT1', 'PCDHGC3', 'PRSS3', 'FBXL16', 'MYCBP2', 'CAPG', 'LGALS3', 'H78560', 'LAMA4', 'MGC42367', 'POSTN', 'UBA52', 'KLRC3', 'PDLIM7', 'MED11', 'URP2', 'MMP2', 'CD44', 'PLTP', 'HEY1', 'TSPAN6', 'EDNRB', 'LRBA', 'NOTCH1', 'PYCR1', 'R52960', 'CYBA', 'GADD45B', 'S100A10', 'ZFHX1B', 'H24428', 'FBL', 'VSNL1', 'H20822', 'ADARB2', 'CCDC3', 'COL4A2', 'EID.3', 'LOC283070', 'PSG1', 'TNFRSF12A', 'ID3', 'SERPINI1', 'PPP3CA', 'ZNF160', 'CACNB3', 'ESM1', 'LOC541471', 'SP100', 'EXT1', 'LOC388610', 'MVP', 'SUV39H1', 'PHLDA1', 'FGF13', 'TNC', 'SCN2B', 'PDPN', 'C16orf5', 'FREQ', 'TSPAN4', 'DES', 'KLRC1', 'L1CAM', 'ADFP', 'COL1A2', 'LOC613212', 'LOC283130', 'RPS3A', 'GAS1', 'NLGN1', 'LYN', 'MICAL2', 'SOX4', 'FLJ38984', 'DMN', 'AA281932', 'SLC16A3', 'TFDP2', 'IQSEC1', 'PRSS1', 'DDN', 'FBXW7', 'FN1', 'PRRX1', 'AA479357', 'BNIP2', 'WWTR1', 'KCNK6', 'HPCA', 'N98591', 'DDEF1', 'AA424849', 'VEGF', 'PLAUR', 'EDG3', 'T51726', 'AI263051', 'AI871056', 'YWHAH', 'SBP1', 'SRPX', 'CACNB2', 'FAM46A', 'TAP1', 'IL21R', 'COL6A2', 'KIAA1644', 'AI262682', 'TIMP3', 'MGC18216', 'EGLN2', 'ASPA', 'DCLRE1B', 'ZNF226', 'KIAA0963', 'RBP4', 'ARPP.19', 'IGF2BP3', 'PDE4DIP', 'MOAP1', 'CALM1', 'AA490257', 'GOT1', 'STMN1', 'SLC15A2', 'EMP3', 'AP4B1', 'SLC35A2', 'LAMB1', 'APOC1', 'MDK', 'OSR1', 'AI002301', 'ZNF419B', 'HMOX1', 'MSTP9', 'S100A1', 'NMNAT2', 'C8orf4', 'AA598555', 'H86813', 'IGFBP5', 'FCGRT', 'CLTB', 'STXBP1', 'C4A', 'ANK3', 'PSG5', 'TTC23', 'SPINT2', 'SNCG', 'ABCA5', 'AA598631', 'BLVRB', 'T97457', 'AA131320', 'NEFH', 'SERPING1', 'LMO7', 'KIAA1543', 'CA11', 'CHI3L2', 'C1orf187', 'FBXO2', 'ZNF549', 'NPC2', 'RAB27B', 'W93688', 'LILRA1', 'WDR7', 'AA398420', 'SERPINH1', 'AA181288', 'FAM84A', 'TMEM146', 'TncRNA', 'R70506', 'PYHIN1', 'HLA.F', 'DSCR1L1', 'SVIL', 'ABCC3', 'GYPA', 'TMEM49', 'UBE4B', 'KNS2', 'H41096', 'PRKCB1', 'PDE2A', 'DLL3', 'SAA2', 'RTN3', 'SCAMP5', 'OSBPL1A', 'NSF', 'NR4A1', 'MST150', 'MRC2', 'PRKCG', 'SYNGR3', 'X38595', 'YWHAG', 'ID4', 'X37864', 'CAP2', 'CBLN2', 'HBXIP', 'CLCA3', 'LAPTM5', 'BCL2A1', 'RAB20', 'COL9A2', 'FBXO32', 'DPYD', 'KCNMA1', 'PALLD', 'MTHFD2', 'APOC2', 'RPS19BP1', 'AI005038', 'NPL', 'IGSF3', 'SETD5', 'DKFZp313A2432', 'LSP1', 'ADAM19', 'MDFI', 'CD58', 'AI350724', 'GPSM2', 'CCL2', 'IL32', 'S100A11', 'LY96', 'TXNDC', 'D21S2089E', 'HCLS1', 'AI822135', 'IGFBP3', 'DYNLT1', 'HNRNPG.T', 'LOC400451', 'GBP1', 'CLSTN3', 'VAMP2', 'GPNMB', 'FLJ35740', 'AA029415', 'C6orf12', 'DNASE1L1', 'NDST1', 'PLAU', 'ANXA1', 'HSPG2', 'RUNX1', 'CDKN2D', 'RBP7', 'PPP1R14A', 'TLL2', 'HBA1', 'PEG3', 'PPP3CB', 'AIF1', 'RAB30', 'EDG1', 'ADCY1', 'F13A1', 'GBP2', 'C1orf63', 'RALY', 'TGFBI', 'R70684', 'H10054', 'MSN', 'SNRPN', 'TIMP1', 'APCS', 'DDIT4', 'ITGA9', 'AA975768', 'AA489629', 'MGC26694']
INDEX
[235, 105, 328, 191, 5, 15, 26, 193, 34, 174, 298, 99, 164, 49, 85, 351, 378, 423, 70, 418, 170, 373, 399, 374, 385, 152, 407, 270, 264, 277, 306, 149, 189, 109, 240, 254, 307, 333, 266, 207, 141, 263, 379, 422, 185, 13, 137, 198, 195, 346, 295, 135, 403, 232, 134, 103, 278, 381, 88, 150, 76, 217, 259, 268, 212, 276, 18, 360, 129, 84, 6, 215, 256, 10, 304, 252, 329, 128, 61, 393, 59, 286, 222, 417, 243, 106, 19, 1, 322, 348, 262, 96, 282, 290, 3, 411, 238, 102, 332, 67, 157, 89, 302, 233, 7, 12, 167, 415, 146, 38, 108, 69, 405, 58, 77, 168, 265, 316, 110, 132, 125, 283, 144, 9, 291, 200, 386, 117, 353, 114, 104, 95, 311, 148, 216, 192, 21, 52, 370, 288, 229, 317, 188, 73, 72, 113, 80, 289, 40, 267, 93, 116, 253, 406, 285, 324, 305, 318, 160, 258, 111, 46, 237, 220, 342, 355, 412, 325, 400, 279, 413, 313, 224, 4, 8, 122, 20, 27, 66, 71, 356, 347, 112, 45, 172, 390, 79, 208, 0, 203, 273, 163, 260, 205, 165, 404, 86, 155, 345, 330, 363, 118, 296, 227, 158, 98, 414, 183, 388, 154, 395, 408, 196, 242, 33, 101, 142, 57, 362, 368, 336, 376, 202, 327, 231, 410, 190, 56, 384, 419, 32, 391, 100, 124, 321, 371, 359, 204, 344, 39, 380, 16, 275, 357, 284, 159, 153, 194, 123, 35, 48, 81, 28, 24, 280, 292, 120, 250, 323, 169, 251, 234, 261, 187, 421, 74, 44, 299, 320, 51, 272, 41, 350, 31, 175, 230, 341, 145, 315, 354, 181, 219, 300, 214, 206, 241, 349, 36, 62, 314, 218, 131, 377, 65, 92, 136, 186, 173, 226, 22, 352, 87, 361, 312, 29, 364, 151, 255, 47, 126, 83, 143, 249, 382, 55, 409, 177, 297, 366, 334, 2, 221, 11, 140, 60, 245, 383, 339, 121, 94, 369, 75, 182, 294, 281, 392, 138, 130, 416, 372, 257, 213, 171, 127, 319, 337, 23, 17, 326, 343, 389, 197, 37, 223, 228, 397, 176, 178, 162, 301, 119, 64, 91, 166, 211, 375, 394, 133, 367, 50, 274, 247, 90, 248, 396, 42, 209, 225, 115, 387, 43, 156, 246, 271, 147, 309, 201, 199, 335, 308, 402, 184, 179, 161, 107, 269, 63, 420, 53, 310, 139, 78, 365, 239, 25, 303, 340, 338, 14, 97, 358, 398, 401, 68, 244, 82, 287, 293, 331, 236, 180, 210]
[Time: 30.06.23 11:57:50] [Level: info] transition: compute_std
[Time: 30.06.23 11:57:51] [Level: info] state: compute_std
[CTRL] GET /data
[CTRL] POST /data
(422, 1)
[Time: 30.06.23 11:57:53] [Level: info] transition: apply_scaling
[Time: 30.06.23 11:57:54] [Level: info] state: apply_scaling
[CTRL] GET /data
[CTRL] POST /data
[141 219  16 347  83 183 369 282 157 126 153 355 178  86 113  73  94   6
 188 239 361 223 322 342 176 295 117 250  67  34 252  19 137 292 386 380
 260 402  26 217 384 314  23 253 360  89  80  87 404 389 297 243 229 352
 309  52 351 230  96 348 332 271 103   4 133  78 264 275 299  76 287  13
 406 313 227   1  68 104 238 110 174 154 333 214 226 365 382 134 120 376
 218 251 285  45  36  57 108 172 258 320 416 388 165  40 305  60 241 140
  12 300 330 306 375 198 207  21 399 121 390 341 166 409 257 234 272 325
 162 256 169 395 308 190 420 125 273 304 193 210  59 379 115 343  20 225
 387 105 316 407 350 413 397 102 259 148 293 344  30 401 337 203 310 274
 267 111  53  50  64 411 345 224 284 220 288  70 392 372 317 266  79 307
 357 106  48 331 265 326 209  77 261 269 158 334  61 144 281  32 147 277
  99  44   2 370  47 160  95 301 312 136   3  46 276 130 181 278 150 197
 173 415 132  82  11 346  29 231 408 353  75  81 262 123 167 405 383 122
 206  69 421 242 185 191 179 161  92  25 374  14 107   5  56 245  24 199
  42 302  35 100 248   8 338 418  74 394  41 116 291 175 319  58 213  88
 246 414 368 184  27 222 216 240 187 196 279 419 164 221  93  15   9  31
 112 327 323  55 142 200 163  62 249 336 403 233 393  66 303 232 236 143
 358  65 385 139 363  33  18 235  63 417 321 324 215  17 211 171 180  84
 145 129 202 128 339 146 298 195 263 335 349 412 362 311 177 159 356 381
 127 182 135 294 151 340 396  71 204 371 280  90 289 118 208 373 189  51
 186  22  43 315  97  98 318 194 290 155 354  38 391 359 124  85 398  49
 286]
(array([141, 219]),)
CURRENT DATA:  <apps.svd.TabData.TabData object at 0x7f1461e2cf10>
[Time: 30.06.23 11:57:56] [Level: info] transition: mfa_prerequisites
[Time: 30.06.23 11:57:57] [Level: info] state: mfa_prerequisites
Calling start_power_iteration
[Time: 30.06.23 11:57:57] [Level: info] transition: start_power_iteration
[Time: 30.06.23 11:57:58] [Level: info] state: start_power_iteration
[STARTUP] Computing covariance matrix
[STARTUP] Random initialisation
TABDATA SCALED
[[ 0.67627399  0.04422421  0.         ...  0.         -0.71974394
   0.        ]
 [ 0.65770204  0.74413778  1.00620032 ...  1.10011108 -0.11270558
  -1.98629145]
 [-0.11232204  0.7340901  -0.56145233 ...  0.49327048  0.28732129
   1.70667112]
 ...
 [ 0.47957423 -0.50289515  0.         ... -0.26361376 -0.72534487
   0.48950641]
 [-0.5430779  -0.65604524 -1.70101906 ... -1.51409603 -0.38504592
  -0.9895578 ]
 [ 0.2740185   0.74476763  0.83956991 ...  0.74960855  0.51021119
  -0.22080165]]
[Time: 30.06.23 11:57:58] [Level: info] transition: compute_final_h_cov
[Time: 30.06.23 11:57:59] [Level: info] state: compute_final_h_cov
[CTRL] GET /data
[CTRL] POST /data
Setting k
starting eigenvector norms
17
[Time: 30.06.23 11:58:02] [Level: info] transition: compute_local_conorm
[Time: 30.06.23 11:58:03] [Level: info] state: compute_local_conorm
[CTRL] GET /data
[CTRL] POST /data
[Time: 30.06.23 11:58:05] [Level: info] transition: compute_local_norm
[Time: 30.06.23 11:58:06] [Level: info] state: compute_local_norm
[CTRL] GET /data
[CTRL] POST /data
starting orthogonalise_current
ending orthogonalise_current
starting eigenvector norms
17
[Time: 30.06.23 11:58:08] [Level: info] transition: compute_local_conorm
[Time: 30.06.23 11:58:09] [Level: info] state: compute_local_conorm
[CTRL] GET /data
[CTRL] POST /data
[Time: 30.06.23 11:58:11] [Level: info] transition: compute_local_norm
[Time: 30.06.23 11:58:12] [Level: info] state: compute_local_norm
[CTRL] GET /data
[CTRL] POST /data
starting orthogonalise_current
ending orthogonalise_current
starting eigenvector norms
17
[Time: 30.06.23 11:58:14] [Level: info] transition: compute_local_conorm
[Time: 30.06.23 11:58:15] [Level: info] state: compute_local_conorm
[CTRL] GET /data
[CTRL] POST /data
[Time: 30.06.23 11:58:17] [Level: info] transition: compute_local_norm
[Time: 30.06.23 11:58:18] [Level: info] state: compute_local_norm
[CTRL] GET /data
[CTRL] POST /data
starting orthogonalise_current
ending orthogonalise_current
starting eigenvector norms
17
[Time: 30.06.23 11:58:20] [Level: info] transition: compute_local_conorm
[Time: 30.06.23 11:58:21] [Level: info] state: compute_local_conorm
[CTRL] GET /data
[CTRL] POST /data
[Time: 30.06.23 11:58:23] [Level: info] transition: compute_local_norm
[Time: 30.06.23 11:58:24] [Level: info] state: compute_local_norm
[CTRL] GET /data
[CTRL] POST /data
starting orthogonalise_current
ending orthogonalise_current
starting eigenvector norms
17
[Time: 30.06.23 11:58:26] [Level: info] transition: compute_local_conorm
[Time: 30.06.23 11:58:27] [Level: info] state: compute_local_conorm
[CTRL] GET /data
[CTRL] POST /data
[Time: 30.06.23 11:58:29] [Level: info] transition: compute_local_norm
[Time: 30.06.23 11:58:30] [Level: info] state: compute_local_norm
[CTRL] GET /data
[CTRL] POST /data
starting orthogonalise_current
ending orthogonalise_current
starting eigenvector norms
17
[Time: 30.06.23 11:58:32] [Level: info] transition: compute_local_conorm
[Time: 30.06.23 11:58:33] [Level: info] state: compute_local_conorm
[CTRL] GET /data
[CTRL] POST /data
[Time: 30.06.23 11:58:35] [Level: info] transition: compute_local_norm
[Time: 30.06.23 11:58:36] [Level: info] state: compute_local_norm
[CTRL] GET /data
[CTRL] POST /data
starting orthogonalise_current
ending orthogonalise_current
starting eigenvector norms
17
[Time: 30.06.23 11:58:38] [Level: info] transition: compute_local_conorm
[Time: 30.06.23 11:58:39] [Level: info] state: compute_local_conorm
[CTRL] GET /data
[CTRL] POST /data
[Time: 30.06.23 11:58:41] [Level: info] transition: compute_local_norm
[Time: 30.06.23 11:58:42] [Level: info] state: compute_local_norm
[CTRL] GET /data
[CTRL] POST /data
starting orthogonalise_current
ending orthogonalise_current
starting eigenvector norms
17
[Time: 30.06.23 11:58:44] [Level: info] transition: compute_local_conorm
[Time: 30.06.23 11:58:45] [Level: info] state: compute_local_conorm
[CTRL] GET /data
[CTRL] POST /data
[Time: 30.06.23 11:58:47] [Level: info] transition: compute_local_norm
[Time: 30.06.23 11:58:48] [Level: info] state: compute_local_norm
[CTRL] GET /data
[CTRL] POST /data
starting orthogonalise_current
ending orthogonalise_current
starting eigenvector norms
17
[Time: 30.06.23 11:58:50] [Level: info] transition: compute_local_conorm
[Time: 30.06.23 11:58:51] [Level: info] state: compute_local_conorm
[CTRL] GET /data
[CTRL] POST /data
[Time: 30.06.23 11:58:53] [Level: info] transition: compute_local_norm
[Time: 30.06.23 11:58:54] [Level: info] state: compute_local_norm
[CTRL] GET /data
[CTRL] POST /data
starting orthogonalise_current
ending orthogonalise_current
starting eigenvector norms
17
[Time: 30.06.23 11:58:56] [Level: info] transition: compute_local_conorm
[Time: 30.06.23 11:58:57] [Level: info] state: compute_local_conorm
[CTRL] GET /data
[CTRL] POST /data
[Time: 30.06.23 11:58:59] [Level: info] transition: compute_local_norm
[Time: 30.06.23 11:59:00] [Level: info] state: compute_local_norm
[CTRL] GET /data
[CTRL] POST /data
starting orthogonalise_current
ending orthogonalise_current
starting eigenvector norms
17
[Time: 30.06.23 11:59:02] [Level: info] transition: compute_local_conorm
[Time: 30.06.23 11:59:03] [Level: info] state: compute_local_conorm
[CTRL] GET /data
[CTRL] POST /data
[Time: 30.06.23 11:59:05] [Level: info] transition: compute_local_norm
[Time: 30.06.23 11:59:06] [Level: info] state: compute_local_norm
[CTRL] GET /data
[CTRL] POST /data
starting orthogonalise_current
ending orthogonalise_current
starting eigenvector norms
17
[Time: 30.06.23 11:59:08] [Level: info] transition: compute_local_conorm
[Time: 30.06.23 11:59:09] [Level: info] state: compute_local_conorm
[CTRL] GET /data
[CTRL] POST /data
[Time: 30.06.23 11:59:11] [Level: info] transition: compute_local_norm
[Time: 30.06.23 11:59:12] [Level: info] state: compute_local_norm
[CTRL] GET /data
[CTRL] POST /data
starting orthogonalise_current
ending orthogonalise_current
starting eigenvector norms
17
[Time: 30.06.23 11:59:14] [Level: info] transition: compute_local_conorm
[Time: 30.06.23 11:59:15] [Level: info] state: compute_local_conorm
[CTRL] GET /data
[CTRL] POST /data
[Time: 30.06.23 11:59:17] [Level: info] transition: compute_local_norm
[Time: 30.06.23 11:59:18] [Level: info] state: compute_local_norm
[CTRL] GET /data
[CTRL] POST /data
starting orthogonalise_current
ending orthogonalise_current
starting eigenvector norms
17
[Time: 30.06.23 11:59:20] [Level: info] transition: compute_local_conorm
[Time: 30.06.23 11:59:21] [Level: info] state: compute_local_conorm
[CTRL] GET /data
[CTRL] POST /data
[Time: 30.06.23 11:59:23] [Level: info] transition: compute_local_norm
[Time: 30.06.23 11:59:24] [Level: info] state: compute_local_norm
[CTRL] GET /data
[CTRL] POST /data
starting orthogonalise_current
ending orthogonalise_current
starting eigenvector norms
17
[Time: 30.06.23 11:59:26] [Level: info] transition: compute_local_conorm
[Time: 30.06.23 11:59:27] [Level: info] state: compute_local_conorm
[CTRL] GET /data
[CTRL] POST /data
[Time: 30.06.23 11:59:29] [Level: info] transition: compute_local_norm
[Time: 30.06.23 11:59:30] [Level: info] state: compute_local_norm
[CTRL] GET /data
[CTRL] POST /data
starting orthogonalise_current
ending orthogonalise_current
starting eigenvector norms
17
[Time: 30.06.23 11:59:32] [Level: info] transition: compute_local_conorm
[Time: 30.06.23 11:59:33] [Level: info] state: compute_local_conorm
[CTRL] GET /data
[CTRL] POST /data
[Time: 30.06.23 11:59:35] [Level: info] transition: compute_local_norm
[Time: 30.06.23 11:59:36] [Level: info] state: compute_local_norm
[CTRL] GET /data
[CTRL] POST /data
starting orthogonalise_current
ending orthogonalise_current
starting eigenvector norms
17
[Time: 30.06.23 11:59:38] [Level: info] transition: normalize_g
[Time: 30.06.23 11:59:39] [Level: info] state: normalize_g
[CTRL] GET /data
[CTRL] POST /data
Normalising
(26, 17)
17
End normalising
(26, 17)
(17, 17)
(17,)
(26, 17)
[Time: 30.06.23 11:59:41] [Level: info] transition: separate_pca
[Time: 30.06.23 11:59:42] [Level: info] state: separate_pca
[Time: 30.06.23 11:59:42] [Level: info] transition: init_pca
[Time: 30.06.23 11:59:43] [Level: info] state: init_pca
[STARTUP] Copy configuration and create dir
/mnt/input/hospital_data_bredel_1.csv
TEST: ['/mnt/input/hospital_data_bredel_1 - Copy.csv', '/mnt/input/hospital_data_bredel_1.csv']
RUNNING ON:  /mnt/input/hospital_data_bredel_1.csv
number of omics:  2
[STARTUP] Configuration copied
Log Transform performed
/app/apps/svd/FC_Federated_PCA.py:97: RuntimeWarning: invalid value encountered in log2
  self.tabdata.scaled = np.log2(self.tabdata.scaled+1)
[Time: 30.06.23 11:59:43] [Level: info] transition: wait_for_params
[CTRL] GET /data
[Time: 30.06.23 11:59:44] [Level: info] state: wait_for_params
[CTRL] POST /data
setting parameters
[API] Setting parameters
['LOC389831', 'ATP6V1C1', 'IL1RAP', 'EPHB1', 'PARD3', 'USP6NL', 'SORT1', 'AA906888', 'KCNJ1', 'RND3', 'H91845', 'CLIC1', 'RFXAP', 'BCAM', 'SOCS3', 'NCF1', 'LUM', 'MGP', 'BGN', 'PRG1', 'MAPKBP1', 'ITGA3', 'CAV1', 'CHN1', 'CTHRC1', 'COL3A1', 'PARP14', 'AA669383', 'MYC', 'KCNQ2', 'FAS', 'WASF1', 'C1R', 'C9orf48', 'FCGR2B', 'DEF6', 'NUAK1', 'MAL2', 'TNFAIP3', 'AI357047', 'FABP3', 'GYPC', 'PCP4', 'NPTX1', 'R61377', 'ACAD8', 'LOC57228', 'SERPINA3', 'LOC146795', 'UGCG', 'CAMKK2', 'DECR2', 'SPARC', 'LTF', 'MST1', 'CD47', 'CKMT1A', 'IGHG1', 'MASP1', 'CBX6', 'RGS16', 'HLA.A', 'CDKN1A', 'PLOD2', 'PRKAR1B', 'PLA2G2A', 'COX7A1', 'TOMM40', 'TBC1D7', 'IMAGE.33267', 'SPAG6', 'AI335002', 'USP3', 'TCTEX1D1', 'HAMP', 'CASP1', 'HLA.G', 'NNMT', 'NDUFB11', 'EPB49', 'COX6A2', 'CAMK2A', 'L3MBTL4', 'HLA.DRB1', 'PYGL', 'PSD3', 'CEAL1', 'DIP2C', 'INPP5F', 'NLK', 'EFHB', 'FAM84B', 'RAB11FIP4', 'ITPKA', 'MGC39606', 'FZD7', 'MB', 'COL1A1', 'CCR1', 'MYBPC2', 'AEBP1', 'PLP2', 'PTPRZ1', 'ZNF217', 'AKR1C1', 'VASP', 'STC1', 'STK17A', 'GABBR1', 'ZNF329', 'LHFPL2', 'H08563', 'SYT7', 'ZNF233', 'ITGA5', 'PDXP', 'CDC20B', 'NCF2', 'CA12', 'TCF7L1', 'PNCK', 'CD53', 'ADM', 'AKR1C2', 'HK2', 'PRKCZ', 'AA401952', 'KLRC2', 'NY.SAR.48', 'STEAP3', 'IFI30', 'TSPYL1', 'T62491', 'CSPG2', 'A2BP1', 'ANXA5', 'DUS3L', 'IGF1R', 'CYR61', 'HPRT1', 'PCDHGC3', 'PRSS3', 'FBXL16', 'MYCBP2', 'CAPG', 'LGALS3', 'H78560', 'LAMA4', 'MGC42367', 'POSTN', 'UBA52', 'KLRC3', 'PDLIM7', 'MED11', 'URP2', 'MMP2', 'CD44', 'PLTP', 'HEY1', 'TSPAN6', 'EDNRB', 'LRBA', 'NOTCH1', 'PYCR1', 'R52960', 'CYBA', 'GADD45B', 'S100A10', 'ZFHX1B', 'H24428', 'FBL', 'VSNL1', 'H20822', 'ADARB2', 'CCDC3', 'COL4A2', 'EID.3', 'LOC283070', 'PSG1', 'TNFRSF12A', 'ID3', 'SERPINI1', 'PPP3CA', 'ZNF160', 'CACNB3', 'ESM1', 'LOC541471', 'SP100', 'EXT1', 'LOC388610', 'MVP', 'SUV39H1', 'PHLDA1', 'FGF13', 'TNC', 'SCN2B', 'PDPN', 'C16orf5', 'FREQ', 'TSPAN4', 'DES', 'KLRC1', 'L1CAM', 'ADFP', 'COL1A2', 'LOC613212', 'LOC283130', 'RPS3A', 'GAS1', 'NLGN1', 'LYN', 'MICAL2', 'SOX4', 'FLJ38984', 'DMN', 'AA281932', 'SLC16A3', 'TFDP2', 'IQSEC1', 'PRSS1', 'DDN', 'FBXW7', 'FN1', 'PRRX1', 'AA479357', 'BNIP2', 'WWTR1', 'KCNK6', 'HPCA', 'N98591', 'DDEF1', 'AA424849', 'VEGF', 'PLAUR', 'EDG3', 'T51726', 'AI263051', 'AI871056', 'YWHAH', 'SBP1', 'SRPX', 'CACNB2', 'FAM46A', 'TAP1', 'IL21R', 'COL6A2', 'KIAA1644', 'AI262682', 'TIMP3', 'MGC18216', 'EGLN2', 'ASPA', 'DCLRE1B', 'ZNF226', 'KIAA0963', 'RBP4', 'ARPP.19', 'IGF2BP3', 'PDE4DIP', 'MOAP1', 'CALM1', 'AA490257', 'GOT1', 'STMN1', 'SLC15A2', 'EMP3', 'AP4B1', 'SLC35A2', 'LAMB1', 'APOC1', 'MDK', 'OSR1', 'AI002301', 'ZNF419B', 'HMOX1', 'MSTP9', 'S100A1', 'NMNAT2', 'C8orf4', 'AA598555', 'H86813', 'IGFBP5', 'FCGRT', 'CLTB', 'STXBP1', 'C4A', 'ANK3', 'PSG5', 'TTC23', 'SPINT2', 'SNCG', 'ABCA5', 'AA598631', 'BLVRB', 'T97457', 'AA131320', 'NEFH', 'SERPING1', 'LMO7', 'KIAA1543', 'CA11', 'CHI3L2', 'C1orf187', 'FBXO2', 'ZNF549', 'NPC2', 'RAB27B', 'W93688', 'LILRA1', 'WDR7', 'AA398420', 'SERPINH1', 'AA181288', 'FAM84A', 'TMEM146', 'TncRNA', 'R70506', 'PYHIN1', 'HLA.F', 'DSCR1L1', 'SVIL', 'ABCC3', 'GYPA', 'TMEM49', 'UBE4B', 'KNS2', 'H41096', 'PRKCB1', 'PDE2A', 'DLL3', 'SAA2', 'RTN3', 'SCAMP5', 'OSBPL1A', 'NSF', 'NR4A1', 'MST150', 'MRC2', 'PRKCG', 'SYNGR3', 'X38595', 'YWHAG', 'ID4', 'X37864', 'CAP2', 'CBLN2', 'HBXIP', 'CLCA3', 'LAPTM5', 'BCL2A1', 'RAB20', 'COL9A2', 'FBXO32', 'DPYD', 'KCNMA1', 'PALLD', 'MTHFD2', 'APOC2', 'RPS19BP1', 'AI005038', 'NPL', 'IGSF3', 'SETD5', 'DKFZp313A2432', 'LSP1', 'ADAM19', 'MDFI', 'CD58', 'AI350724', 'GPSM2', 'CCL2', 'IL32', 'S100A11', 'LY96', 'TXNDC', 'D21S2089E', 'HCLS1', 'AI822135', 'IGFBP3', 'DYNLT1', 'HNRNPG.T', 'LOC400451', 'GBP1', 'CLSTN3', 'VAMP2', 'GPNMB', 'FLJ35740', 'AA029415', 'C6orf12', 'DNASE1L1', 'NDST1', 'PLAU', 'ANXA1', 'HSPG2', 'RUNX1', 'CDKN2D', 'RBP7', 'PPP1R14A', 'TLL2', 'HBA1', 'PEG3', 'PPP3CB', 'AIF1', 'RAB30', 'EDG1', 'ADCY1', 'F13A1', 'GBP2', 'C1orf63', 'RALY', 'TGFBI', 'R70684', 'H10054', 'MSN', 'SNRPN', 'TIMP1', 'APCS', 'DDIT4', 'ITGA9', 'AA975768', 'AA489629', 'MGC26694']
INDEX
[235, 105, 328, 191, 5, 15, 26, 193, 34, 174, 298, 99, 164, 49, 85, 351, 378, 423, 70, 418, 170, 373, 399, 374, 385, 152, 407, 270, 264, 277, 306, 149, 189, 109, 240, 254, 307, 333, 266, 207, 141, 263, 379, 422, 185, 13, 137, 198, 195, 346, 295, 135, 403, 232, 134, 103, 278, 381, 88, 150, 76, 217, 259, 268, 212, 276, 18, 360, 129, 84, 6, 215, 256, 10, 304, 252, 329, 128, 61, 393, 59, 286, 222, 417, 243, 106, 19, 1, 322, 348, 262, 96, 282, 290, 3, 411, 238, 102, 332, 67, 157, 89, 302, 233, 7, 12, 167, 415, 146, 38, 108, 69, 405, 58, 77, 168, 265, 316, 110, 132, 125, 283, 144, 9, 291, 200, 386, 117, 353, 114, 104, 95, 311, 148, 216, 192, 21, 52, 370, 288, 229, 317, 188, 73, 72, 113, 80, 289, 40, 267, 93, 116, 253, 406, 285, 324, 305, 318, 160, 258, 111, 46, 237, 220, 342, 355, 412, 325, 400, 279, 413, 313, 224, 4, 8, 122, 20, 27, 66, 71, 356, 347, 112, 45, 172, 390, 79, 208, 0, 203, 273, 163, 260, 205, 165, 404, 86, 155, 345, 330, 363, 118, 296, 227, 158, 98, 414, 183, 388, 154, 395, 408, 196, 242, 33, 101, 142, 57, 362, 368, 336, 376, 202, 327, 231, 410, 190, 56, 384, 419, 32, 391, 100, 124, 321, 371, 359, 204, 344, 39, 380, 16, 275, 357, 284, 159, 153, 194, 123, 35, 48, 81, 28, 24, 280, 292, 120, 250, 323, 169, 251, 234, 261, 187, 421, 74, 44, 299, 320, 51, 272, 41, 350, 31, 175, 230, 341, 145, 315, 354, 181, 219, 300, 214, 206, 241, 349, 36, 62, 314, 218, 131, 377, 65, 92, 136, 186, 173, 226, 22, 352, 87, 361, 312, 29, 364, 151, 255, 47, 126, 83, 143, 249, 382, 55, 409, 177, 297, 366, 334, 2, 221, 11, 140, 60, 245, 383, 339, 121, 94, 369, 75, 182, 294, 281, 392, 138, 130, 416, 372, 257, 213, 171, 127, 319, 337, 23, 17, 326, 343, 389, 197, 37, 223, 228, 397, 176, 178, 162, 301, 119, 64, 91, 166, 211, 375, 394, 133, 367, 50, 274, 247, 90, 248, 396, 42, 209, 225, 115, 387, 43, 156, 246, 271, 147, 309, 201, 199, 335, 308, 402, 184, 179, 161, 107, 269, 63, 420, 53, 310, 139, 78, 365, 239, 25, 303, 340, 338, 14, 97, 358, 398, 401, 68, 244, 82, 287, 293, 331, 236, 180, 210]
[Time: 30.06.23 11:59:47] [Level: info] transition: compute_std
[Time: 30.06.23 11:59:48] [Level: info] state: compute_std
[CTRL] GET /data
[CTRL] POST /data
(422, 1)
[Time: 30.06.23 11:59:50] [Level: info] transition: apply_scaling
[Time: 30.06.23 11:59:51] [Level: info] state: apply_scaling
[CTRL] GET /data
[CTRL] POST /data
[141 219  16 347  83 183 369 282 157 126 153 355 178  86 113  73  94   6
 188 239 361 223 322 342 176 295 117 250  67  34 252  19 137 292 386 380
 260 402  26 217 384 314  23 253 360  89  80  87 404 389 297 243 229 352
 309  52 351 230  96 348 332 271 103   4 133  78 264 275 299  76 287  13
 406 313 227   1  68 104 238 110 174 154 333 214 226 365 382 134 120 376
 218 251 285  45  36  57 108 172 258 320 416 388 165  40 305  60 241 140
  12 300 330 306 375 198 207  21 399 121 390 341 166 409 257 234 272 325
 162 256 169 395 308 190 420 125 273 304 193 210  59 379 115 343  20 225
 387 105 316 407 350 413 397 102 259 148 293 344  30 401 337 203 310 274
 267 111  53  50  64 411 345 224 284 220 288  70 392 372 317 266  79 307
 357 106  48 331 265 326 209  77 261 269 158 334  61 144 281  32 147 277
  99  44   2 370  47 160  95 301 312 136   3  46 276 130 181 278 150 197
 173 415 132  82  11 346  29 231 408 353  75  81 262 123 167 405 383 122
 206  69 421 242 185 191 179 161  92  25 374  14 107   5  56 245  24 199
  42 302  35 100 248   8 338 418  74 394  41 116 291 175 319  58 213  88
 246 414 368 184  27 222 216 240 187 196 279 419 164 221  93  15   9  31
 112 327 323  55 142 200 163  62 249 336 403 233 393  66 303 232 236 143
 358  65 385 139 363  33  18 235  63 417 321 324 215  17 211 171 180  84
 145 129 202 128 339 146 298 195 263 335 349 412 362 311 177 159 356 381
 127 182 135 294 151 340 396  71 204 371 280  90 289 118 208 373 189  51
 186  22  43 315  97  98 318 194 290 155 354  38 391 359 124  85 398  49
 286]
(array([141, 219]),)
CURRENT DATA:  <apps.svd.TabData.TabData object at 0x7f1461e287c0>
[Time: 30.06.23 11:59:53] [Level: info] transition: mfa_prerequisites
[Time: 30.06.23 11:59:54] [Level: info] state: mfa_prerequisites
Calling start_power_iteration
[Time: 30.06.23 11:59:54] [Level: info] transition: start_power_iteration
[Time: 30.06.23 11:59:55] [Level: info] state: start_power_iteration
[STARTUP] Computing covariance matrix
[STARTUP] Random initialisation
TABDATA SCALED
[[ 0.67627399  0.04422421  0.         ...  0.         -0.71974394
   0.        ]
 [ 0.65770204  0.74413778  1.00620032 ...  1.10011108 -0.11270558
  -1.98629145]
 [-0.11232204  0.7340901  -0.56145233 ...  0.49327048  0.28732129
   1.70667112]
 ...
 [ 0.47957423 -0.50289515  0.         ... -0.26361376 -0.72534487
   0.48950641]
 [-0.5430779  -0.65604524 -1.70101906 ... -1.51409603 -0.38504592
  -0.9895578 ]
 [ 0.2740185   0.74476763  0.83956991 ...  0.74960855  0.51021119
  -0.22080165]]
[Time: 30.06.23 11:59:55] [Level: info] transition: compute_final_h_cov
[CTRL] GET /data
[Time: 30.06.23 11:59:56] [Level: info] state: compute_final_h_cov
[CTRL] POST /data
Setting k
starting eigenvector norms
17
[Time: 30.06.23 11:59:59] [Level: info] transition: compute_local_conorm
[Time: 30.06.23 12:00:00] [Level: info] state: compute_local_conorm
[CTRL] GET /data
[CTRL] POST /data
[Time: 30.06.23 12:00:02] [Level: info] transition: compute_local_norm
[Time: 30.06.23 12:00:03] [Level: info] state: compute_local_norm
[CTRL] GET /data
[CTRL] POST /data
starting orthogonalise_current
ending orthogonalise_current
starting eigenvector norms
17
[Time: 30.06.23 12:00:05] [Level: info] transition: compute_local_conorm
[Time: 30.06.23 12:00:06] [Level: info] state: compute_local_conorm
[CTRL] GET /data
[CTRL] POST /data
[Time: 30.06.23 12:00:08] [Level: info] transition: compute_local_norm
[Time: 30.06.23 12:00:09] [Level: info] state: compute_local_norm
[CTRL] GET /data
[CTRL] POST /data
starting orthogonalise_current
ending orthogonalise_current
starting eigenvector norms
17
[Time: 30.06.23 12:00:11] [Level: info] transition: compute_local_conorm
[Time: 30.06.23 12:00:12] [Level: info] state: compute_local_conorm
[CTRL] GET /data
[CTRL] POST /data
[Time: 30.06.23 12:00:14] [Level: info] transition: compute_local_norm
[Time: 30.06.23 12:00:15] [Level: info] state: compute_local_norm
[CTRL] GET /data
[CTRL] POST /data
starting orthogonalise_current
ending orthogonalise_current
starting eigenvector norms
17
[Time: 30.06.23 12:00:17] [Level: info] transition: compute_local_conorm
[Time: 30.06.23 12:00:18] [Level: info] state: compute_local_conorm
[CTRL] GET /data
[CTRL] POST /data
[Time: 30.06.23 12:00:20] [Level: info] transition: compute_local_norm
[Time: 30.06.23 12:00:21] [Level: info] state: compute_local_norm
[CTRL] GET /data
[CTRL] POST /data
starting orthogonalise_current
ending orthogonalise_current
starting eigenvector norms
17
[Time: 30.06.23 12:00:23] [Level: info] transition: compute_local_conorm
[Time: 30.06.23 12:00:24] [Level: info] state: compute_local_conorm
[CTRL] GET /data
[CTRL] POST /data
[Time: 30.06.23 12:00:26] [Level: info] transition: compute_local_norm
[Time: 30.06.23 12:00:27] [Level: info] state: compute_local_norm
[CTRL] GET /data
[CTRL] POST /data
starting orthogonalise_current
ending orthogonalise_current
starting eigenvector norms
17
[Time: 30.06.23 12:00:29] [Level: info] transition: compute_local_conorm
[Time: 30.06.23 12:00:30] [Level: info] state: compute_local_conorm
[CTRL] GET /data
[CTRL] POST /data
[Time: 30.06.23 12:00:32] [Level: info] transition: compute_local_norm
[Time: 30.06.23 12:00:33] [Level: info] state: compute_local_norm
[CTRL] GET /data
[CTRL] POST /data
starting orthogonalise_current
ending orthogonalise_current
starting eigenvector norms
17
[Time: 30.06.23 12:00:35] [Level: info] transition: compute_local_conorm
[Time: 30.06.23 12:00:36] [Level: info] state: compute_local_conorm
[CTRL] GET /data
[CTRL] POST /data
[Time: 30.06.23 12:00:38] [Level: info] transition: compute_local_norm
[Time: 30.06.23 12:00:39] [Level: info] state: compute_local_norm
[CTRL] GET /data
[CTRL] POST /data
starting orthogonalise_current
ending orthogonalise_current
starting eigenvector norms
17
[Time: 30.06.23 12:00:41] [Level: info] transition: compute_local_conorm
[Time: 30.06.23 12:00:42] [Level: info] state: compute_local_conorm
[CTRL] GET /data
[CTRL] POST /data
[Time: 30.06.23 12:00:44] [Level: info] transition: compute_local_norm
[Time: 30.06.23 12:00:45] [Level: info] state: compute_local_norm
[CTRL] GET /data
[CTRL] POST /data
starting orthogonalise_current
ending orthogonalise_current
starting eigenvector norms
17
[Time: 30.06.23 12:00:47] [Level: info] transition: compute_local_conorm
[Time: 30.06.23 12:00:48] [Level: info] state: compute_local_conorm
[CTRL] GET /data
[CTRL] POST /data
[Time: 30.06.23 12:00:50] [Level: info] transition: compute_local_norm
[Time: 30.06.23 12:00:51] [Level: info] state: compute_local_norm
[CTRL] GET /data
[CTRL] POST /data
starting orthogonalise_current
ending orthogonalise_current
starting eigenvector norms
17
[Time: 30.06.23 12:00:53] [Level: info] transition: compute_local_conorm
[Time: 30.06.23 12:00:54] [Level: info] state: compute_local_conorm
[CTRL] GET /data
[CTRL] POST /data
[Time: 30.06.23 12:00:56] [Level: info] transition: compute_local_norm
[Time: 30.06.23 12:00:57] [Level: info] state: compute_local_norm
[CTRL] GET /data
[CTRL] POST /data
starting orthogonalise_current
ending orthogonalise_current
starting eigenvector norms
17
[Time: 30.06.23 12:00:59] [Level: info] transition: compute_local_conorm
[Time: 30.06.23 12:01:00] [Level: info] state: compute_local_conorm
[CTRL] GET /data
[CTRL] POST /data
[Time: 30.06.23 12:01:02] [Level: info] transition: compute_local_norm
[Time: 30.06.23 12:01:03] [Level: info] state: compute_local_norm
[CTRL] GET /data
[CTRL] POST /data
starting orthogonalise_current
ending orthogonalise_current
starting eigenvector norms
17
[Time: 30.06.23 12:01:05] [Level: info] transition: compute_local_conorm
[Time: 30.06.23 12:01:06] [Level: info] state: compute_local_conorm
[CTRL] GET /data
[CTRL] POST /data
[Time: 30.06.23 12:01:08] [Level: info] transition: compute_local_norm
[Time: 30.06.23 12:01:09] [Level: info] state: compute_local_norm
[CTRL] GET /data
[CTRL] POST /data
starting orthogonalise_current
ending orthogonalise_current
starting eigenvector norms
17
[Time: 30.06.23 12:01:11] [Level: info] transition: compute_local_conorm
[Time: 30.06.23 12:01:12] [Level: info] state: compute_local_conorm
[CTRL] GET /data
[CTRL] POST /data
[Time: 30.06.23 12:01:14] [Level: info] transition: compute_local_norm
[Time: 30.06.23 12:01:15] [Level: info] state: compute_local_norm
[CTRL] GET /data
[CTRL] POST /data
starting orthogonalise_current
ending orthogonalise_current
starting eigenvector norms
17
[Time: 30.06.23 12:01:17] [Level: info] transition: compute_local_conorm
[Time: 30.06.23 12:01:18] [Level: info] state: compute_local_conorm
[CTRL] GET /data
[CTRL] POST /data
[Time: 30.06.23 12:01:21] [Level: info] transition: compute_local_norm
[Time: 30.06.23 12:01:22] [Level: info] state: compute_local_norm
[CTRL] GET /data
[CTRL] POST /data
starting orthogonalise_current
ending orthogonalise_current
starting eigenvector norms
17
[Time: 30.06.23 12:01:24] [Level: info] transition: compute_local_conorm
[Time: 30.06.23 12:01:25] [Level: info] state: compute_local_conorm
[CTRL] GET /data
[CTRL] POST /data
[Time: 30.06.23 12:01:27] [Level: info] transition: compute_local_norm
[Time: 30.06.23 12:01:28] [Level: info] state: compute_local_norm
[CTRL] GET /data
[CTRL] POST /data
starting orthogonalise_current
ending orthogonalise_current
starting eigenvector norms
17
[Time: 30.06.23 12:01:30] [Level: info] transition: compute_local_conorm
[Time: 30.06.23 12:01:31] [Level: info] state: compute_local_conorm
[CTRL] GET /data
[CTRL] POST /data
[Time: 30.06.23 12:01:33] [Level: info] transition: compute_local_norm
[Time: 30.06.23 12:01:34] [Level: info] state: compute_local_norm
[CTRL] GET /data
[CTRL] POST /data
starting orthogonalise_current
ending orthogonalise_current
starting eigenvector norms
17
[Time: 30.06.23 12:01:36] [Level: info] transition: normalize_g
[Time: 30.06.23 12:01:37] [Level: info] state: normalize_g
[CTRL] GET /data
[CTRL] POST /data
Normalising
(26, 17)
17
End normalising
(26, 17)
(17, 17)
(17,)
(26, 17)
[Time: 30.06.23 12:01:39] [Level: info] transition: separate_pca
[Time: 30.06.23 12:01:40] [Level: info] state: separate_pca
Starting factor analysis
[Time: 30.06.23 12:01:40] [Level: info] transition: scale_tabdata
[Time: 30.06.23 12:01:41] [Level: info] state: scale_tabdata
eigen values [array([ 0.19462936, -0.72212052, -0.5148226 ,  0.14990007, -0.45938623,
       -1.77584987, -0.03544976,  0.1433898 , -2.40586846, -0.41452308,
       -1.21540907,  1.68578435,  0.62624509, -1.4734226 ,  0.34649026,
       -1.08026371,  2.03934751,  1.60517718,  0.76539164, -1.87100233,
        1.06781494,  0.55646929, -1.11650185, -1.08871267,  0.18498227,
        2.94404624]), array([-0.69473935, -0.73470416, -0.45938245, -0.19351774, -1.11083718,
        0.21958984,  0.79315805,  0.30181779,  1.65115712,  0.46713912,
       -0.81628755, -0.03498069,  1.98487184, -0.85318039,  0.73546611,
       -0.33384352, -0.88514682,  1.66489382, -1.43699633, -0.1147872 ,
        1.19887708,  0.88772211, -0.17116736,  1.07989433,  0.33957535,
       -0.13707933])]
BEFORE [[ 0.67627399  0.04422421  0.         ...  0.         -0.71974394
   0.        ]
 [ 0.65770204  0.74413778  1.00620032 ...  1.10011108 -0.11270558
  -1.98629145]
 [-0.11232204  0.7340901  -0.56145233 ...  0.49327048  0.28732129
   1.70667112]
 ...
 [ 0.47957423 -0.50289515  0.         ... -0.26361376 -0.72534487
   0.48950641]
 [-0.5430779  -0.65604524 -1.70101906 ... -1.51409603 -0.38504592
  -0.9895578 ]
 [ 0.2740185   0.74476763  0.83956991 ...  0.74960855  0.51021119
  -0.22080165]]
AFTER [[  3.47467605   0.22722272   0.         ...   0.          -3.6980234
    0.        ]
 [  3.37925395   3.82335825   5.16982794 ...   5.65233868  -0.579078
  -10.20550764]
 [ -0.57710736   3.77173354  -2.88472572 ...   2.53440939   1.4762484
    8.76882651]
 ...
 [  2.46403841  -2.58386063   0.         ...  -1.3544398   -3.72680084
    2.51506969]
 [ -2.79031842  -3.37074137  -8.73978642 ...  -7.7793813   -1.97835471
   -5.08431919]
 [  1.40789906   3.8265944    4.31368577 ...   3.85146691   2.62145022
   -1.13447243]]
BEFORE [[ 0.67627399  0.04422421  0.         ...  0.         -0.71974394
   0.        ]
 [ 0.65770204  0.74413778  1.00620032 ...  1.10011108 -0.11270558
  -1.98629145]
 [-0.11232204  0.7340901  -0.56145233 ...  0.49327048  0.28732129
   1.70667112]
 ...
 [ 0.47957423 -0.50289515  0.         ... -0.26361376 -0.72534487
   0.48950641]
 [-0.5430779  -0.65604524 -1.70101906 ... -1.51409603 -0.38504592
  -0.9895578 ]
 [ 0.2740185   0.74476763  0.83956991 ...  0.74960855  0.51021119
  -0.22080165]]
AFTER [[-0.97342117 -0.06365584 -0.         ... -0.          1.03599133
  -0.        ]
 [-0.94668892 -1.07110355 -1.44831342 ... -1.58348751  0.16222715
   2.85904557]
 [ 0.16167508 -1.05664103  0.80814817 ... -0.71000799 -0.41356703
  -2.45656321]
 ...
 [-0.69029375  0.72386162 -0.         ...  0.37944267  1.04405325
  -0.70459002]
 [ 0.78170022  0.94430415  2.4484277  ...  2.17937279  0.55423076
   1.42435837]
 [-0.39441914 -1.07201015 -1.20846749 ... -1.07897812 -0.73439224
   0.31781941]]
[Time: 30.06.23 12:01:41] [Level: info] transition: merging_tabdata
[Time: 30.06.23 12:01:42] [Level: info] state: merging_tabdata
[Time: 30.06.23 12:01:42] [Level: info] transition: factor_analysis
[Time: 30.06.23 12:01:43] [Level: info] state: factor_analysis
Starting MFA final
[Time: 30.06.23 12:01:43] [Level: info] transition: mfa_final
[Time: 30.06.23 12:01:44] [Level: info] state: mfa_final
Starting save results
[Time: 30.06.23 12:01:44] [Level: info] transition: save_results
[Time: 30.06.23 12:01:45] [Level: info] state: save_results
SAVING RESULTS
saving pca/mnt/output/pca/left_eigenvectors.tsv
	
MOVE INPUT TO OUTPUT
[Time: 30.06.23 12:01:45] [Level: info] transition: finalize
[Time: 30.06.23 12:01:46] [Level: info] state: finalize
[Time: 30.06.23 12:01:46] [Level: info] transition: terminal
[Time: 30.06.23 12:01:46] [Level: info] done
[CTRL] GET /data
