2023-06-23 10:48:33,837 CRIT Supervisor is running as root.  Privileges were not dropped because no user is specified in the config file.  If you intend to run as root, you can set user=root in the config file to avoid this message.
2023-06-23 10:48:33,839 INFO supervisord started with pid 7
2023-06-23 10:48:34,842 INFO spawned: 'nginx' with pid 10
2023-06-23 10:48:34,845 INFO spawned: 'app' with pid 11
2023-06-23 10:48:35,864 INFO success: nginx entered RUNNING state, process has stayed up for > than 1 seconds (startsecs)
2023-06-23 10:48:35,864 INFO success: app entered RUNNING state, process has stayed up for > than 1 seconds (startsecs)
[CTRL] POST /setup
[Time: 23.06.23 10:48:37] [Level: info] id: 6456704542242632
[Time: 23.06.23 10:48:37] [Level: info] coordinator: False
[Time: 23.06.23 10:48:37] [Level: info] clients: ['6456704542242632', '02e5b64e86c712c4']
[Time: 23.06.23 10:48:37] [Level: info] state: initial
[CLIENT] Parsing parameter file...
[API] /setup parsing parameter file 
[API] /setup config file found ... parsing file: /mnt/input/config.yaml
YAML file does not follow specification: missing key: eigenvalues
Setting default: eigenvalues.tsv
YAML file does not follow specification: missing key: explained_variance
Setting default: eigenvalues.tsv
YAML file does not follow specification: missing key: output delimiter
Setting default: tab
[API] /setup config file found ... parsing done
[CLIENT] finished parsing parameter file.
[STARTUP] Instantiate SVD
[STARTUP] Copy configuration and create dir
[STARTUP] Configuration copied
Log Transform performed
/app/apps/svd/FC_Federated_PCA.py:89: RuntimeWarning: invalid value encountered in log2
  self.tabdata.scaled = np.log2(self.tabdata.scaled+1)
[Time: 23.06.23 10:48:37] [Level: info] transition: wait_for_params
[Time: 23.06.23 10:48:38] [Level: info] state: wait_for_params
[CTRL] GET /data
[CTRL] POST /data
setting parameters
[API] Setting parameters
['RFXAP', 'TMEM49', 'ATP6V1C1', 'NCF1', 'PDLIM7', 'SYNGR3', 'PRKCB1', 'MMP2', 'MVP', 'HK2', 'SUV39H1', 'PRKAR1B', 'SERPINH1', 'USP3', 'PEG3', 'ZNF549', 'EDNRB', 'COL1A2', 'PSG5', 'ZNF233', 'USP6NL', 'TNC', 'HAMP', 'LOC57228', 'PDPN', 'TIMP3', 'STC1', 'MB', 'SVIL', 'FBXL16', 'SNRPN', 'AI822135', 'FAM46A', 'ID4', 'IGFBP5', 'R52960', 'AKR1C2', 'MOAP1', 'SPARC', 'DEF6', 'MST150', 'NPL', 'GBP2', 'RAB30', 'EID.3', 'SPAG6', 'IQSEC1', 'RND3', 'VASP', 'MASP1', 'FBXW7', 'S100A11', 'HCLS1', 'GOT1', 'AA424849', 'ZNF160', 'ZNF217', 'SNCG', 'STEAP3', 'C4A', 'LAMB1', 'AA598555', 'GABBR1', 'AA029415', 'LOC283130', 'MED11', 'STXBP1', 'SCAMP5', 'LOC388610', 'IGHG1', 'BNIP2', 'AA401952', 'PTPRZ1', 'CTHRC1', 'TSPYL1', 'RBP4', 'COL1A1', 'FCGRT', 'SAA2', 'PRKCZ', 'HPCA', 'R70506', 'PPP3CB', 'R61377', 'MDK', 'WDR7', 'RPS19BP1', 'PLOD2', 'HBXIP', 'BGN', 'DECR2', 'APOC2', 'CALM1', 'LILRA1', 'PARP14', 'TCF7L1', 'OSR1', 'PYGL', 'COL4A2', 'TSPAN4', 'SRPX', 'T62491', 'EPHB1', 'DCLRE1B', 'KLRC1', 'LRBA', 'KIAA0963', 'ANXA5', 'PALLD', 'DNASE1L1', 'CCR1', 'H10054', 'CYR61', 'ITGA5', 'AA181288', 'MGP', 'STMN1', 'N98591', 'SETD5', 'SERPINI1', 'IGSF3', 'CBX6', 'MAPKBP1', 'FBXO32', 'ZNF419B', 'IGF2BP3', 'UBE4B', 'CLIC1', 'C16orf5', 'HLA.G', 'DIP2C', 'MGC39606', 'TLL2', 'MSTP9', 'DDN', 'PDE4DIP', 'TFDP2', 'LSP1', 'AIF1', 'C6orf12', 'GADD45B', 'ITGA9', 'LYN', 'MGC18216', 'EXT1', 'NCF2', 'RALY', 'GAS1', 'ITPKA', 'FBXO2', 'FREQ', 'SOCS3', 'H20822', 'BLVRB', 'RBP7', 'TNFAIP3', 'MGC26694', 'NDUFB11', 'CDKN2D', 'LOC146795', 'LUM', 'CA12', 'PNCK', 'ASPA', 'TBC1D7', 'LTF', 'HLA.A', 'SOX4', 'HBA1', 'FAM84B', 'AA490257', 'PDXP', 'DDEF1', 'FAM84A', 'FLJ38984', 'ADCY1', 'ACAD8', 'SERPINA3', 'MRC2', 'POSTN', 'PCP4', 'CLTB', 'C9orf48', 'DKFZp313A2432', 'AI357047', 'HEY1', 'H78560', 'PYHIN1', 'OSBPL1A', 'KCNMA1', 'PARD3', 'SCN2B', 'PPP1R14A', 'CDC20B', 'DDIT4', 'KNS2', 'NR4A1', 'TCTEX1D1', 'CKMT1A', 'PPP3CA', 'GYPC', 'NLGN1', 'ZNF226', 'SERPING1', 'ID3', 'TOMM40', 'FAS', 'AA975768', 'GPNMB', 'CLSTN3', 'X38595', 'NEFH', 'PSG1', 'GBP1', 'AA598631', 'NUAK1', 'D21S2089E', 'TMEM146', 'CYBA', 'CEAL1', 'COX6A2', 'TTC23', 'BCAM', 'HLA.F', 'CAV1', 'AA489629', 'PLTP', 'LGALS3', 'R70684', 'HNRNPG.T', 'NNMT', 'CASP1', 'ANXA1', 'TIMP1', 'BCL2A1', 'PRRX1', 'RAB11FIP4', 'PRG1', 'TAP1', 'EFHB', 'STK17A', 'AP4B1', 'RTN3', 'KIAA1543', 'LAMA4', 'MGC42367', 'AKR1C1', 'EMP3', 'RAB27B', 'IL21R', 'ZNF329', 'HSPG2', 'DUS3L', 'UBA52', 'PRSS3', 'DMN', 'PRSS1', 'CAMK2A', 'FCGR2B', 'ADARB2', 'AA131320', 'COL3A1', 'CACNB2', 'APOC1', 'IGF1R', 'LOC613212', 'PDE2A', 'L3MBTL4', 'ESM1', 'C8orf4', 'T51726', 'MAL2', 'H24428', 'YWHAH', 'CD47', 'MYCBP2', 'TNFRSF12A', 'C1R', 'AEBP1', 'FN1', 'LMO7', 'ADM', 'KCNK6', 'AI262682', 'AI335002', 'PLP2', 'PYCR1', 'LY96', 'URP2', 'AA281932', 'ADAM19', 'APCS', 'SLC16A3', 'PSD3', 'TSPAN6', 'SYT7', 'MDFI', 'CCDC3', 'NDST1', 'PCDHGC3', 'AI350724', 'DSCR1L1', 'AA479357', 'COX7A1', 'CAP2', 'RUNX1', 'KCNQ2', 'CD58', 'PHLDA1', 'KLRC3', 'CBLN2', 'COL9A2', 'CAMKK2', 'YWHAG', 'FBL', 'LAPTM5', 'FGF13', 'A2BP1', 'AA906888', 'AI263051', 'KLRC2', 'UGCG', 'LOC389831', 'AA669383', 'VAMP2', 'SP100', 'TGFBI', 'DYNLT1', 'IL32', 'IMAGE.33267', 'PLAU', 'W93688', 'MYC', 'LHFPL2', 'CAPG', 'PRKCG', 'IL1RAP', 'RGS16', 'C1orf63', 'S100A10', 'CD44', 'FABP3', 'RPS3A', 'CA11', 'HLA.DRB1', 'VEGF', 'NSF', 'FZD7', 'WWTR1', 'FLJ35740', 'MSN', 'SBP1', 'SLC35A2', 'COL6A2', 'GPSM2', 'LOC541471', 'AA398420', 'LOC400451', 'CLCA3', 'ABCC3', 'SLC15A2', 'CD53', 'IFI30', 'CSPG2', 'NPTX1', 'H86813', 'TXNDC', 'S100A1', 'DLL3', 'EDG3', 'ADFP', 'HPRT1', 'ITGA3', 'H91845', 'C1orf187', 'EDG1', 'ZFHX1B', 'ANK3', 'F13A1', 'CACNB3', 'H08563', 'DES', 'HMOX1', 'AI005038', 'MTHFD2', 'EGLN2', 'PLA2G2A', 'KIAA1644', 'AI002301', 'CHI3L2', 'ABCA5', 'L1CAM', 'NLK', 'NPC2', 'NMNAT2', 'WASF1', 'SORT1', 'IGFBP3', 'H41096', 'EPB49', 'DPYD', 'NOTCH1', 'ARPP.19', 'CCL2', 'INPP5F', 'CDKN1A', 'LOC283070', 'PLAUR', 'TncRNA', 'GYPA', 'MICAL2', 'X37864', 'NY.SAR.48', 'MYBPC2', 'MST1', 'VSNL1', 'SPINT2', 'CHN1', 'KCNJ1', 'AI871056', 'T97457', 'RAB20']
INDEX
[164, 140, 105, 351, 253, 372, 339, 324, 273, 291, 163, 212, 143, 256, 139, 29, 111, 158, 36, 58, 15, 165, 304, 137, 86, 123, 167, 238, 2, 188, 244, 225, 275, 171, 219, 342, 9, 169, 403, 254, 138, 119, 338, 239, 20, 6, 362, 174, 12, 88, 376, 90, 209, 261, 391, 45, 233, 218, 114, 241, 320, 354, 146, 199, 414, 406, 206, 182, 203, 381, 410, 386, 302, 385, 95, 292, 102, 300, 369, 200, 384, 177, 78, 185, 272, 126, 162, 268, 23, 70, 135, 178, 251, 47, 407, 132, 41, 243, 122, 330, 380, 311, 191, 28, 118, 46, 280, 192, 397, 308, 332, 401, 370, 77, 249, 423, 187, 419, 91, 347, 64, 150, 170, 37, 31, 250, 60, 99, 155, 329, 1, 3, 53, 230, 336, 323, 57, 211, 365, 335, 412, 331, 395, 35, 0, 316, 97, 388, 290, 312, 345, 85, 224, 65, 63, 266, 210, 61, 269, 195, 378, 110, 125, 81, 129, 232, 217, 196, 310, 96, 234, 168, 32, 382, 242, 303, 13, 198, 130, 267, 379, 214, 109, 166, 207, 160, 80, 297, 294, 228, 5, 404, 420, 265, 293, 245, 392, 10, 278, 112, 263, 154, 24, 173, 356, 360, 306, 236, 309, 271, 257, 186, 66, 246, 377, 307, 42, 55, 355, 19, 59, 62, 49, 366, 399, 180, 318, 113, 398, 43, 128, 252, 179, 82, 343, 327, 282, 418, 357, 262, 415, 44, 75, 22, 289, 40, 7, 74, 151, 284, 38, 161, 21, 93, 317, 33, 368, 286, 240, 4, 136, 152, 16, 51, 52, 98, 121, 222, 390, 315, 371, 333, 279, 344, 103, 73, 71, 189, 157, 202, 226, 144, 56, 194, 215, 89, 220, 248, 285, 101, 375, 287, 142, 106, 258, 405, 394, 8, 402, 229, 367, 334, 231, 18, 319, 107, 277, 133, 260, 116, 337, 197, 295, 213, 413, 326, 205, 216, 193, 359, 117, 346, 235, 270, 147, 208, 358, 387, 247, 84, 184, 255, 264, 108, 72, 416, 328, 76, 14, 325, 305, 141, 183, 352, 417, 100, 281, 411, 190, 201, 68, 39, 299, 159, 50, 79, 83, 156, 17, 221, 421, 283, 104, 148, 422, 181, 396, 341, 94, 321, 227, 288, 373, 298, 361, 25, 400, 349, 340, 172, 69, 363, 175, 301, 176, 48, 276, 153, 350, 87, 131, 296, 348, 364, 145, 149, 26, 115, 383, 393, 223, 237, 120, 274, 322, 259, 27, 124, 409, 11, 408, 127, 353, 67, 134, 313, 314, 374, 34, 204, 92, 389]
[Time: 23.06.23 10:48:41] [Level: info] transition: compute_std
[Time: 23.06.23 10:48:42] [Level: info] state: compute_std
[CTRL] GET /data
[CTRL] POST /data
(422, 1)
[Time: 23.06.23 10:48:44] [Level: info] transition: apply_scaling
[Time: 23.06.23 10:48:45] [Level: info] state: apply_scaling
[CTRL] GET /data
[CTRL] POST /data
[254 256 160 358 344  55 354  77 226  71  65 108 212 219  19 197 131 396
 144 351 120 235 409  33  44 260 145 385 205 258 103 237 264 214 349 229
  92 138  94 136 324 217 417 202  41 392 220 130 375 109 203 238 117 123
  85  38 311 172  27 315  67  96  56 190 363 157 360 133 243 129  18 222
 378 173 282   2 164 246 273 333 297 288 188 255 348 290 213 317 162  52
  46 163  59 176 215  69  62 152 135  28 291 139 218 341 393 337 262 299
   0 343  78 248 216 150 342 372 168 361 298 313 140 146 125 369 388 195
 401 402 272 158  93   8 225  79 124  15 316 142 121 327 171 411 122  70
  63  48  81  42 421 350 192  72  37 245 153 304 206  82 178 370 356 382
 352 380 165 312  11 228 310 302  66 134 221  45 232  51 187 241 399 331
  91  26 159 242 247 398 201 230 170 263 185 346 166 334  34 277 244 394
 413  83 336 403 177  16 347 389 114 252 102  23 367 362 119 269 253 128
 259 233 101 267 127  88 306  54 338 400 231 257  53  36 339 175 209 281
  64 329 156  32 268  10 276 105 236 261 366 151 240  20 198 353  73  99
 180 374  39 278  25 418 335 141  22 305 200 193 390  98 301  49 174 404
 387  30 300 379 323 279 292 100 325  24  61 207  35  50 148   3  47 395
 295   6   1 274  29 381 286 405 143  40  43 407 251 303 149 345 319 275
  86 386 208 371 183 182  89 270  87 194 359 126 289 115 410 415 204  97
 227  58 391 412   5 186 280 191 116 196 234 111 118  12 406 294 384 357
 320 199 107 420 309 210 154 284  17 328 365 239 416 161 147 287  68  90
 355 224 364 408  76 110 223  21  57   7 189 155 330 383   9 293 132 321
 377]
(array([254, 256]),)
[Time: 23.06.23 10:48:47] [Level: info] transition: start_power_iteration
[Time: 23.06.23 10:48:48] [Level: info] state: start_power_iteration
[STARTUP] Computing covariance matrix
[STARTUP] Random initialisation
TABDATA SCALED
[[ 0.29100286  0.65301294  0.60130781 ...  0.7356826   0.20647994
   0.03847078]
 [ 0.          0.          0.         ...  0.          0.
   1.47426812]
 [ 0.65770204  0.74413778  1.00620032 ...  1.10011108 -0.11270558
  -1.98629145]
 ...
 [ 0.          0.          0.         ...  0.          0.
   0.        ]
 [ 0.          0.          0.         ...  0.         -0.39043602
   0.90645383]
 [ 0.32158295 -0.66179122 -0.21243953 ...  0.04042727 -1.87993514
   0.81751752]]
[Time: 23.06.23 10:48:48] [Level: info] transition: compute_final_h_cov
[CTRL] GET /data
[Time: 23.06.23 10:48:49] [Level: info] state: compute_final_h_cov
[CTRL] POST /data
Setting k
starting eigenvector norms
17
[Time: 23.06.23 10:48:50] [Level: info] transition: compute_local_conorm
[Time: 23.06.23 10:48:51] [Level: info] state: compute_local_conorm
[CTRL] GET /data
[CTRL] POST /data
[Time: 23.06.23 10:48:53] [Level: info] transition: compute_local_norm
[Time: 23.06.23 10:48:54] [Level: info] state: compute_local_norm
[CTRL] GET /data
[CTRL] POST /data
starting orthogonalise_current
ending orthogonalise_current
starting eigenvector norms
17
[Time: 23.06.23 10:48:56] [Level: info] transition: compute_local_conorm
[Time: 23.06.23 10:48:57] [Level: info] state: compute_local_conorm
[CTRL] GET /data
[CTRL] POST /data
[Time: 23.06.23 10:48:59] [Level: info] transition: compute_local_norm
[Time: 23.06.23 10:49:00] [Level: info] state: compute_local_norm
[CTRL] GET /data
[CTRL] POST /data
starting orthogonalise_current
ending orthogonalise_current
starting eigenvector norms
17
[Time: 23.06.23 10:49:02] [Level: info] transition: compute_local_conorm
[Time: 23.06.23 10:49:03] [Level: info] state: compute_local_conorm
[CTRL] GET /data
[CTRL] POST /data
[Time: 23.06.23 10:49:05] [Level: info] transition: compute_local_norm
[Time: 23.06.23 10:49:06] [Level: info] state: compute_local_norm
[CTRL] GET /data
[CTRL] POST /data
starting orthogonalise_current
ending orthogonalise_current
starting eigenvector norms
17
[Time: 23.06.23 10:49:08] [Level: info] transition: compute_local_conorm
[Time: 23.06.23 10:49:09] [Level: info] state: compute_local_conorm
[CTRL] GET /data
[CTRL] POST /data
[Time: 23.06.23 10:49:11] [Level: info] transition: compute_local_norm
[Time: 23.06.23 10:49:12] [Level: info] state: compute_local_norm
[CTRL] GET /data
[CTRL] POST /data
starting orthogonalise_current
ending orthogonalise_current
starting eigenvector norms
17
[Time: 23.06.23 10:49:14] [Level: info] transition: compute_local_conorm
[Time: 23.06.23 10:49:15] [Level: info] state: compute_local_conorm
[CTRL] GET /data
[CTRL] POST /data
[Time: 23.06.23 10:49:17] [Level: info] transition: compute_local_norm
[Time: 23.06.23 10:49:18] [Level: info] state: compute_local_norm
[CTRL] GET /data
[CTRL] POST /data
starting orthogonalise_current
ending orthogonalise_current
starting eigenvector norms
17
[Time: 23.06.23 10:49:20] [Level: info] transition: compute_local_conorm
[Time: 23.06.23 10:49:21] [Level: info] state: compute_local_conorm
[CTRL] GET /data
[CTRL] POST /data
[Time: 23.06.23 10:49:23] [Level: info] transition: compute_local_norm
[Time: 23.06.23 10:49:24] [Level: info] state: compute_local_norm
[CTRL] GET /data
[CTRL] POST /data
starting orthogonalise_current
ending orthogonalise_current
starting eigenvector norms
17
[Time: 23.06.23 10:49:26] [Level: info] transition: compute_local_conorm
[Time: 23.06.23 10:49:27] [Level: info] state: compute_local_conorm
[CTRL] GET /data
[CTRL] POST /data
[Time: 23.06.23 10:49:29] [Level: info] transition: compute_local_norm
[Time: 23.06.23 10:49:30] [Level: info] state: compute_local_norm
[CTRL] GET /data
[CTRL] POST /data
starting orthogonalise_current
ending orthogonalise_current
starting eigenvector norms
17
[Time: 23.06.23 10:49:33] [Level: info] transition: compute_local_conorm
[Time: 23.06.23 10:49:34] [Level: info] state: compute_local_conorm
[CTRL] GET /data
[CTRL] POST /data
[Time: 23.06.23 10:49:36] [Level: info] transition: compute_local_norm
[Time: 23.06.23 10:49:37] [Level: info] state: compute_local_norm
[CTRL] GET /data
[CTRL] POST /data
starting orthogonalise_current
ending orthogonalise_current
starting eigenvector norms
17
[Time: 23.06.23 10:49:39] [Level: info] transition: compute_local_conorm
[Time: 23.06.23 10:49:40] [Level: info] state: compute_local_conorm
[CTRL] GET /data
[CTRL] POST /data
[Time: 23.06.23 10:49:42] [Level: info] transition: compute_local_norm
[Time: 23.06.23 10:49:43] [Level: info] state: compute_local_norm
[CTRL] GET /data
[CTRL] POST /data
starting orthogonalise_current
ending orthogonalise_current
starting eigenvector norms
17
[Time: 23.06.23 10:49:45] [Level: info] transition: compute_local_conorm
[Time: 23.06.23 10:49:46] [Level: info] state: compute_local_conorm
[CTRL] GET /data
[CTRL] POST /data
[Time: 23.06.23 10:49:48] [Level: info] transition: compute_local_norm
[Time: 23.06.23 10:49:49] [Level: info] state: compute_local_norm
[CTRL] GET /data
[CTRL] POST /data
starting orthogonalise_current
ending orthogonalise_current
starting eigenvector norms
17
[Time: 23.06.23 10:49:51] [Level: info] transition: compute_local_conorm
[Time: 23.06.23 10:49:52] [Level: info] state: compute_local_conorm
[CTRL] GET /data
[CTRL] POST /data
[Time: 23.06.23 10:49:54] [Level: info] transition: compute_local_norm
[Time: 23.06.23 10:49:55] [Level: info] state: compute_local_norm
[CTRL] GET /data
[CTRL] POST /data
starting orthogonalise_current
ending orthogonalise_current
starting eigenvector norms
17
[Time: 23.06.23 10:49:57] [Level: info] transition: compute_local_conorm
[Time: 23.06.23 10:49:58] [Level: info] state: compute_local_conorm
[CTRL] GET /data
[CTRL] POST /data
[Time: 23.06.23 10:50:00] [Level: info] transition: compute_local_norm
[Time: 23.06.23 10:50:01] [Level: info] state: compute_local_norm
[CTRL] GET /data
[CTRL] POST /data
starting orthogonalise_current
ending orthogonalise_current
starting eigenvector norms
17
[Time: 23.06.23 10:50:03] [Level: info] transition: compute_local_conorm
[Time: 23.06.23 10:50:04] [Level: info] state: compute_local_conorm
[CTRL] GET /data
[CTRL] POST /data
[Time: 23.06.23 10:50:06] [Level: info] transition: compute_local_norm
[Time: 23.06.23 10:50:07] [Level: info] state: compute_local_norm
[CTRL] GET /data
[CTRL] POST /data
starting orthogonalise_current
ending orthogonalise_current
starting eigenvector norms
17
[Time: 23.06.23 10:50:09] [Level: info] transition: compute_local_conorm
[Time: 23.06.23 10:50:10] [Level: info] state: compute_local_conorm
[CTRL] GET /data
[CTRL] POST /data
[Time: 23.06.23 10:50:12] [Level: info] transition: compute_local_norm
[Time: 23.06.23 10:50:13] [Level: info] state: compute_local_norm
[CTRL] GET /data
[CTRL] POST /data
starting orthogonalise_current
ending orthogonalise_current
starting eigenvector norms
17
[Time: 23.06.23 10:50:15] [Level: info] transition: compute_local_conorm
[Time: 23.06.23 10:50:16] [Level: info] state: compute_local_conorm
[CTRL] GET /data
[CTRL] POST /data
[Time: 23.06.23 10:50:18] [Level: info] transition: compute_local_norm
[Time: 23.06.23 10:50:19] [Level: info] state: compute_local_norm
[CTRL] GET /data
[CTRL] POST /data
starting orthogonalise_current
ending orthogonalise_current
starting eigenvector norms
17
[Time: 23.06.23 10:50:21] [Level: info] transition: compute_local_conorm
[Time: 23.06.23 10:50:22] [Level: info] state: compute_local_conorm
[CTRL] GET /data
[CTRL] POST /data
[Time: 23.06.23 10:50:24] [Level: info] transition: compute_local_norm
[Time: 23.06.23 10:50:25] [Level: info] state: compute_local_norm
[CTRL] GET /data
[CTRL] POST /data
starting orthogonalise_current
ending orthogonalise_current
starting eigenvector norms
17
[Time: 23.06.23 10:50:27] [Level: info] transition: normalize_g
[Time: 23.06.23 10:50:28] [Level: info] state: normalize_g
[CTRL] GET /data
[CTRL] POST /data
Normalising
(26, 17)
17
End normalising
(26, 17)
(17, 17)
(17,)
(26, 17)
[Time: 23.06.23 10:50:30] [Level: info] transition: save_results
[Time: 23.06.23 10:50:31] [Level: info] state: save_results
SAVING RESULTS
saving pca/mnt/output/pca/left_eigenvectors.tsv
	
MOVE INPUT TO OUTPUT
[Time: 23.06.23 10:50:31] [Level: info] transition: finalize
[CTRL] GET /data
[Time: 23.06.23 10:50:32] [Level: info] state: finalize
[Time: 23.06.23 10:50:32] [Level: info] transition: terminal
[Time: 23.06.23 10:50:32] [Level: info] done
