2023-06-30 07:55:51,417 CRIT Supervisor is running as root.  Privileges were not dropped because no user is specified in the config file.  If you intend to run as root, you can set user=root in the config file to avoid this message.
2023-06-30 07:55:51,419 INFO supervisord started with pid 7
2023-06-30 07:55:52,421 INFO spawned: 'nginx' with pid 10
2023-06-30 07:55:52,422 INFO spawned: 'app' with pid 11
2023-06-30 07:55:53,432 INFO success: nginx entered RUNNING state, process has stayed up for > than 1 seconds (startsecs)
2023-06-30 07:55:53,433 INFO success: app entered RUNNING state, process has stayed up for > than 1 seconds (startsecs)
[CTRL] POST /setup
[Time: 30.06.23 07:55:55] [Level: info] id: e6481b9c4242023c
[Time: 30.06.23 07:55:55] [Level: info] coordinator: False
[Time: 30.06.23 07:55:55] [Level: info] clients: ['e6481b9c4242023c', '28c3693a69731f5e']
[Time: 30.06.23 07:55:55] [Level: info] state: initial
[CLIENT] Parsing parameter file...
[API] /setup parsing parameter file 
[API] /setup config file found ... parsing file: /mnt/input/config.yaml
YAML file does not follow specification: missing key: eigenvalues
Setting default: eigenvalues.tsv
YAML file does not follow specification: missing key: explained_variance
Setting default: eigenvalues.tsv
YAML file does not follow specification: missing key: output delimiter
Setting default: tab
[API] /setup config file found ... parsing done
[CLIENT] finished parsing parameter file.
[STARTUP] Instantiate SVD
[Time: 30.06.23 07:55:55] [Level: info] transition: init_pca
[Time: 30.06.23 07:55:56] [Level: info] state: init_pca
[STARTUP] Copy configuration and create dir
/mnt/input/hospital_data_bredel_1.csv
TEST: ['/mnt/input/hospital_data_bredel_1 - Copy.csv', '/mnt/input/hospital_data_bredel_1.csv']
RUNNING ON:  /mnt/input/hospital_data_bredel_1 - Copy.csv
number of omics:  2
[STARTUP] Configuration copied
Log Transform performed
/app/apps/svd/FC_Federated_PCA.py:97: RuntimeWarning: invalid value encountered in log2
  self.tabdata.scaled = np.log2(self.tabdata.scaled+1)
[Time: 30.06.23 07:55:56] [Level: info] transition: wait_for_params
[Time: 30.06.23 07:55:57] [Level: info] state: wait_for_params
[CTRL] GET /data
[CTRL] POST /data
setting parameters
[API] Setting parameters
['CASP1', 'ADFP', 'ATP6V1C1', 'PYHIN1', 'CSPG2', 'STK17A', 'SOX4', 'SLC15A2', 'RBP4', 'CLSTN3', 'TOMM40', 'TXNDC', 'KLRC3', 'C9orf48', 'HBXIP', 'ANXA5', 'LHFPL2', 'DDN', 'CAMKK2', 'AEBP1', 'BCL2A1', 'HLA.F', 'PDLIM7', 'F13A1', 'HBA1', 'R52960', 'CTHRC1', 'EDG3', 'SERPINH1', 'PSD3', 'AI822135', 'ID4', 'T97457', 'MGC42367', 'NDST1', 'NLK', 'DUS3L', 'MAL2', 'BNIP2', 'PRSS3', 'LGALS3', 'T51726', 'EPB49', 'PDE4DIP', 'KIAA1644', 'H78560', 'CDKN1A', 'RALY', 'CHI3L2', 'PCDHGC3', 'CAV1', 'TGFBI', 'LOC389831', 'DDEF1', 'DCLRE1B', 'PDXP', 'MDK', 'KLRC2', 'MTHFD2', 'VEGF', 'ZNF549', 'GPSM2', 'NDUFB11', 'FAM84A', 'R61377', 'ITGA5', 'MRC2', 'AA669383', 'GBP1', 'SBP1', 'AA401952', 'USP3', 'IGHG1', 'PRSS1', 'HK2', 'CLIC1', 'LY96', 'LYN', 'RAB11FIP4', 'VSNL1', 'PPP1R14A', 'FGF13', 'URP2', 'COL1A1', 'TIMP1', 'SAA2', 'HPCA', 'S100A10', 'TFDP2', 'EGLN2', 'AI350724', 'BGN', 'SCN2B', 'WASF1', 'ZNF233', 'AKR1C2', 'PLTP', 'MGC39606', 'S100A1', 'AI357047', 'COX7A1', 'MASP1', 'CEAL1', 'AA906888', 'IQSEC1', 'AI005038', 'PTPRZ1', 'PCP4', 'LRBA', 'PLOD2', 'NSF', 'H08563', 'HLA.DRB1', 'COL3A1', 'CAP2', 'AA281932', 'WWTR1', 'X37864', 'MED11', 'SPINT2', 'EPHB1', 'RUNX1', 'SERPINI1', 'MGC18216', 'RFXAP', 'MST150', 'ZNF329', 'H20822', 'PPP3CA', 'C6orf12', 'COL9A2', 'AA424849', 'MYC', 'C1orf63', 'CD44', 'POSTN', 'MGP', 'MYBPC2', 'TSPAN4', 'IGFBP3', 'NR4A1', 'CALM1', 'AA489629', 'PHLDA1', 'RGS16', 'PARP14', 'FAS', 'PPP3CB', 'X38595', 'PRKCZ', 'TIMP3', 'FBXL16', 'S100A11', 'ZNF217', 'FBXW7', 'KCNQ2', 'CD58', 'DIP2C', 'ADM', 'PLA2G2A', 'AA490257', 'RAB20', 'L1CAM', 'KNS2', 'GABBR1', 'ITGA3', 'ZNF419B', 'BLVRB', 'CDKN2D', 'CKMT1A', 'CAMK2A', 'DMN', 'SNRPN', 'KCNMA1', 'FAM84B', 'COL6A2', 'OSBPL1A', 'PLAUR', 'LILRA1', 'SCAMP5', 'ADARB2', 'FABP3', 'MSTP9', 'ADCY1', 'LAPTM5', 'ITGA9', 'PLP2', 'ITPKA', 'H10054', 'UBE4B', 'FCGRT', 'C16orf5', 'WDR7', 'PRKCB1', 'KIAA0963', 'FLJ38984', 'COX6A2', 'GOT1', 'NPTX1', 'TNC', 'AI335002', 'RBP7', 'MDFI', 'PARD3', 'PRKCG', 'MST1', 'SPARC', 'DEF6', 'HEY1', 'TTC23', 'HMOX1', 'H91845', 'MMP2', 'SYNGR3', 'DKFZp313A2432', 'NY.SAR.48', 'ABCA5', 'FBXO2', 'LOC541471', 'FCGR2B', 'TSPAN6', 'LAMA4', 'ZNF226', 'MSN', 'HLA.A', 'TAP1', 'APOC1', 'CYR61', 'CCDC3', 'EDNRB', 'MGC26694', 'IL1RAP', 'SYT7', 'AA131320', 'MVP', 'PALLD', 'CD47', 'ADAM19', 'ABCC3', 'AP4B1', 'VAMP2', 'LOC613212', 'NPL', 'AI002301', 'SORT1', 'KCNK6', 'SVIL', 'C4A', 'C1orf187', 'ANXA1', 'IGF1R', 'KIAA1543', 'A2BP1', 'PLAU', 'FREQ', 'AI263051', 'GYPA', 'R70506', 'D21S2089E', 'TBC1D7', 'PEG3', 'C1R', 'HAMP', 'H41096', 'W93688', 'DYNLT1', 'CLTB', 'PRG1', 'MB', 'TSPYL1', 'RPS19BP1', 'ASPA', 'IGFBP5', 'T62491', 'IGSF3', 'RPS3A', 'NNMT', 'AIF1', 'AA598555', 'YWHAG', 'LAMB1', 'SETD5', 'APOC2', 'ACAD8', 'EMP3', 'IL21R', 'RND3', 'STMN1', 'TNFRSF12A', 'EXT1', 'HCLS1', 'DLL3', 'SLC35A2', 'TMEM146', 'SPAG6', 'LOC283070', 'DECR2', 'NMNAT2', 'COL1A2', 'FAM46A', 'CD53', 'ID3', 'TncRNA', 'DDIT4', 'PYCR1', 'GYPC', 'LOC57228', 'CHN1', 'CCL2', 'LMO7', 'ARPP.19', 'AA975768', 'INPP5F', 'IL32', 'CA11', 'SUV39H1', 'DSCR1L1', 'EID.3', 'CACNB2', 'SLC16A3', 'UBA52', 'BCAM', 'R70684', 'CCR1', 'PRKAR1B', 'H24428', 'FZD7', 'NEFH', 'EFHB', 'STEAP3', 'ANK3', 'HPRT1', 'OSR1', 'EDG1', 'LTF', 'RAB30', 'ZNF160', 'NCF1', 'CLCA3', 'AKR1C1', 'NUAK1', 'DES', 'TCTEX1D1', 'COL4A2', 'FLJ35740', 'SERPINA3', 'KLRC1', 'AA029415', 'SRPX', 'MICAL2', 'FBL', 'PRRX1', 'PNCK', 'DNASE1L1', 'GPNMB', 'APCS', 'MYCBP2', 'UGCG', 'NCF2', 'YWHAH', 'TMEM49', 'IFI30', 'STXBP1', 'LOC146795', 'CBX6', 'FBXO32', 'AA398420', 'NOTCH1', 'SOCS3', 'AI871056', 'PYGL', 'SNCG', 'NLGN1', 'H86813', 'CACNB3', 'L3MBTL4', 'FN1', 'AA598631', 'PDE2A', 'LOC400451', 'HLA.G', 'IGF2BP3', 'RTN3', 'PDPN', 'LUM', 'VASP', 'KCNJ1', 'TNFAIP3', 'AI262682', 'TLL2', 'CBLN2', 'MAPKBP1', 'C8orf4', 'PSG5', 'MOAP1', 'PSG1', 'AA181288', 'USP6NL', 'N98591', 'CAPG', 'RAB27B', 'TCF7L1', 'NPC2', 'STC1', 'SERPING1', 'CYBA', 'LOC283130', 'ZFHX1B', 'GBP2', 'HNRNPG.T', 'LOC388610', 'GAS1', 'HSPG2', 'CA12', 'ESM1', 'DPYD', 'IMAGE.33267', 'CDC20B', 'GADD45B', 'LSP1', 'SP100', 'AA479357']
INDEX
[252, 227, 105, 297, 148, 415, 196, 421, 292, 271, 360, 396, 116, 109, 23, 192, 108, 336, 295, 157, 343, 366, 253, 340, 310, 342, 385, 321, 143, 106, 225, 171, 92, 40, 402, 348, 21, 333, 410, 317, 113, 371, 393, 323, 153, 80, 259, 97, 87, 229, 399, 358, 235, 32, 28, 168, 272, 117, 176, 100, 29, 50, 61, 382, 185, 77, 130, 270, 246, 39, 386, 256, 381, 368, 291, 99, 248, 395, 282, 313, 420, 205, 285, 102, 82, 369, 384, 325, 57, 48, 367, 70, 404, 149, 58, 9, 318, 3, 341, 207, 18, 88, 19, 193, 362, 301, 302, 379, 46, 268, 281, 69, 417, 152, 319, 101, 190, 127, 406, 314, 191, 107, 347, 35, 164, 138, 38, 224, 112, 335, 197, 391, 264, 14, 305, 267, 423, 67, 330, 115, 392, 251, 180, 260, 76, 407, 306, 78, 257, 200, 123, 188, 90, 233, 376, 277, 133, 1, 144, 276, 234, 389, 296, 245, 146, 373, 31, 65, 269, 278, 286, 33, 244, 228, 96, 159, 294, 124, 47, 182, 4, 141, 230, 303, 326, 331, 89, 290, 401, 60, 300, 155, 126, 339, 280, 242, 59, 261, 422, 165, 215, 63, 394, 5, 416, 134, 403, 254, 160, 62, 175, 298, 324, 372, 166, 353, 131, 312, 79, 240, 258, 289, 24, 68, 217, 357, 51, 370, 8, 111, 210, 328, 405, 136, 273, 397, 103, 375, 221, 44, 147, 98, 119, 350, 26, 56, 2, 241, 361, 179, 52, 22, 216, 184, 345, 359, 11, 177, 42, 129, 139, 189, 304, 383, 255, 387, 214, 418, 238, 95, 162, 81, 219, 311, 64, 183, 128, 365, 354, 213, 320, 91, 178, 13, 74, 284, 174, 187, 71, 0, 209, 94, 299, 55, 6, 27, 135, 145, 158, 275, 283, 356, 409, 293, 220, 263, 137, 374, 274, 226, 120, 236, 322, 247, 352, 163, 334, 20, 16, 142, 93, 49, 398, 332, 212, 279, 411, 186, 262, 114, 349, 288, 41, 25, 232, 239, 45, 351, 17, 7, 307, 363, 10, 122, 201, 198, 118, 199, 380, 408, 413, 327, 125, 308, 309, 287, 73, 346, 316, 344, 140, 104, 206, 195, 150, 37, 83, 237, 85, 204, 243, 218, 154, 181, 172, 222, 202, 377, 121, 156, 329, 250, 75, 86, 378, 12, 34, 266, 194, 53, 337, 170, 315, 36, 169, 66, 249, 15, 419, 72, 151, 132, 364, 167, 173, 355, 414, 400, 338, 43, 203, 388, 161, 110, 390, 223, 84, 265, 412, 211, 208, 231]
[Time: 30.06.23 07:55:59] [Level: info] transition: compute_std
[Time: 30.06.23 07:56:00] [Level: info] state: compute_std
[CTRL] GET /data
[CTRL] POST /data
(422, 1)
[Time: 30.06.23 07:56:02] [Level: info] transition: apply_scaling
[Time: 30.06.23 07:56:03] [Level: info] state: apply_scaling
[CTRL] GET /data
[CTRL] POST /data
[ 73  39 384 338 112 336  61 190  96  70 118 235 395 102  94 342  97 244
 289  69 274 351 256  31 317 233 358  89  10 219  54 267 250 377 344 409
 141 277 145  88 240 293 307 222 242  35 196 157 333 353 404 225 398 365
 192 206 130  53 268 184 179 332 153 203   4  62   7 182 251 380 393 321
  23  63 245   2 259 339 359  16 228  82 176 171 116 237  68 252 352 290
 104 271 247 283 340  72 164 127  43 246 355 129 405 181 402 144 318  49
 124 314  85 400 258 254 275 165  24 300  34 279 418  47 381  27 243 163
 367 310 325 168 178 234 142 149 166  60  81  77 364 265  55 117 391  38
 347 385 257 408 161 223  80 106 394  33 167 114 146 147  66   1 366 210
 292 111 334  18 324 322 390 421 362  17 209 294 249 152   3 239  42 264
 282 403 363 382 284 263 372 276 160 226 208 110 224 399 272 261 221 297
 137  64 231 308 345 229 326  48 396  36 120 306  98 361 122 392 320 191
 180  84 273 375  75  14 155 131 133 415   0 170 197  95  87 183   9 158
 406 416 230 299 414 315 288 108  78 113  11 368   5 397 169 175  26 138
 107 248 207  19 150 386 204 185 262 121 305 417 216 343 316 101 195 312
  44 172  90 374  67 376 319 348 420 383 278 311  25 154 187 337 286  93
 232 193 360 236 151 341 304  46 123 125 335 177 412 100 217  59 255 356
 270 159 354 331 214  13  91  41 109 303 238 189 115 136 349  79 301 370
  40 329 162 215 213  45 309  92 287 140  20 188 281  28 295 220  58 379
  57 128  15  32  12 148 201 200 298 313 373 328 119 413 411  76 410 296
 218  50 198 302  83 323  21 199 371 212 173 387 253 105  74  29 389 357
 330]
(array([39, 73]),)
[Time: 30.06.23 07:56:05] [Level: info] transition: mfa_prerequisites
[Time: 30.06.23 07:56:06] [Level: info] state: mfa_prerequisites
Calling start_power_iteration
[Time: 30.06.23 07:56:06] [Level: info] transition: start_power_iteration
[Time: 30.06.23 07:56:07] [Level: info] state: start_power_iteration
[STARTUP] Computing covariance matrix
[STARTUP] Random initialisation
TABDATA SCALED
[[-0.10052442 -0.13453256  0.03814629 ... -0.50055102 -0.98261291
  -0.79585814]
 [ 0.          0.          0.         ...  0.         -1.74122025
  -0.47982784]
 [ 0.65770204  0.74413778  1.00620032 ...  1.10011108 -0.11270558
  -1.98629145]
 ...
 [ 0.         -1.92190391 -0.0711906  ...  0.         -1.22998276
   0.02912957]
 [-1.47302101 -0.97175175  0.00790621 ... -0.33520053  0.
   0.70321094]
 [ 0.5075888  -2.53636395 -0.41800606 ... -0.67180514 -0.01810548
   0.68843152]]
[Time: 30.06.23 07:56:07] [Level: info] transition: compute_final_h_cov
[Time: 30.06.23 07:56:08] [Level: info] state: compute_final_h_cov
[CTRL] GET /data
[CTRL] POST /data
Setting k
starting eigenvector norms
17
[Time: 30.06.23 07:56:11] [Level: info] transition: compute_local_conorm
[Time: 30.06.23 07:56:12] [Level: info] state: compute_local_conorm
[CTRL] GET /data
[CTRL] POST /data
[Time: 30.06.23 07:56:14] [Level: info] transition: compute_local_norm
[Time: 30.06.23 07:56:15] [Level: info] state: compute_local_norm
[CTRL] GET /data
[CTRL] POST /data
starting orthogonalise_current
ending orthogonalise_current
starting eigenvector norms
17
[Time: 30.06.23 07:56:17] [Level: info] transition: compute_local_conorm
[Time: 30.06.23 07:56:18] [Level: info] state: compute_local_conorm
[CTRL] GET /data
[CTRL] POST /data
[Time: 30.06.23 07:56:20] [Level: info] transition: compute_local_norm
[Time: 30.06.23 07:56:21] [Level: info] state: compute_local_norm
[CTRL] GET /data
[CTRL] POST /data
starting orthogonalise_current
ending orthogonalise_current
starting eigenvector norms
17
[Time: 30.06.23 07:56:23] [Level: info] transition: compute_local_conorm
[Time: 30.06.23 07:56:24] [Level: info] state: compute_local_conorm
[CTRL] GET /data
[CTRL] POST /data
[Time: 30.06.23 07:56:26] [Level: info] transition: compute_local_norm
[Time: 30.06.23 07:56:27] [Level: info] state: compute_local_norm
[CTRL] GET /data
[CTRL] POST /data
starting orthogonalise_current
ending orthogonalise_current
starting eigenvector norms
17
[Time: 30.06.23 07:56:29] [Level: info] transition: compute_local_conorm
[Time: 30.06.23 07:56:30] [Level: info] state: compute_local_conorm
[CTRL] GET /data
[CTRL] POST /data
[Time: 30.06.23 07:56:32] [Level: info] transition: compute_local_norm
[Time: 30.06.23 07:56:33] [Level: info] state: compute_local_norm
[CTRL] GET /data
[CTRL] POST /data
starting orthogonalise_current
ending orthogonalise_current
starting eigenvector norms
17
[Time: 30.06.23 07:56:35] [Level: info] transition: compute_local_conorm
[Time: 30.06.23 07:56:36] [Level: info] state: compute_local_conorm
[CTRL] GET /data
[CTRL] POST /data
[Time: 30.06.23 07:56:38] [Level: info] transition: compute_local_norm
[Time: 30.06.23 07:56:39] [Level: info] state: compute_local_norm
[CTRL] GET /data
[CTRL] POST /data
starting orthogonalise_current
ending orthogonalise_current
starting eigenvector norms
17
[Time: 30.06.23 07:56:41] [Level: info] transition: compute_local_conorm
[Time: 30.06.23 07:56:42] [Level: info] state: compute_local_conorm
[CTRL] GET /data
[CTRL] POST /data
[Time: 30.06.23 07:56:44] [Level: info] transition: compute_local_norm
[Time: 30.06.23 07:56:45] [Level: info] state: compute_local_norm
[CTRL] GET /data
[CTRL] POST /data
starting orthogonalise_current
ending orthogonalise_current
starting eigenvector norms
17
[Time: 30.06.23 07:56:47] [Level: info] transition: compute_local_conorm
[Time: 30.06.23 07:56:48] [Level: info] state: compute_local_conorm
[CTRL] GET /data
[CTRL] POST /data
[Time: 30.06.23 07:56:50] [Level: info] transition: compute_local_norm
[Time: 30.06.23 07:56:51] [Level: info] state: compute_local_norm
[CTRL] GET /data
[CTRL] POST /data
starting orthogonalise_current
ending orthogonalise_current
starting eigenvector norms
17
[Time: 30.06.23 07:56:53] [Level: info] transition: compute_local_conorm
[Time: 30.06.23 07:56:54] [Level: info] state: compute_local_conorm
[CTRL] GET /data
[CTRL] POST /data
[Time: 30.06.23 07:56:56] [Level: info] transition: compute_local_norm
[Time: 30.06.23 07:56:57] [Level: info] state: compute_local_norm
[CTRL] GET /data
[CTRL] POST /data
starting orthogonalise_current
ending orthogonalise_current
starting eigenvector norms
17
[Time: 30.06.23 07:56:59] [Level: info] transition: compute_local_conorm
[Time: 30.06.23 07:57:00] [Level: info] state: compute_local_conorm
[CTRL] GET /data
[CTRL] POST /data
[Time: 30.06.23 07:57:02] [Level: info] transition: compute_local_norm
[Time: 30.06.23 07:57:03] [Level: info] state: compute_local_norm
[CTRL] GET /data
[CTRL] POST /data
starting orthogonalise_current
ending orthogonalise_current
starting eigenvector norms
17
[Time: 30.06.23 07:57:05] [Level: info] transition: compute_local_conorm
[Time: 30.06.23 07:57:06] [Level: info] state: compute_local_conorm
[CTRL] GET /data
[CTRL] POST /data
[Time: 30.06.23 07:57:08] [Level: info] transition: compute_local_norm
[Time: 30.06.23 07:57:09] [Level: info] state: compute_local_norm
[CTRL] GET /data
[CTRL] POST /data
starting orthogonalise_current
ending orthogonalise_current
starting eigenvector norms
17
[Time: 30.06.23 07:57:11] [Level: info] transition: compute_local_conorm
[Time: 30.06.23 07:57:12] [Level: info] state: compute_local_conorm
[CTRL] GET /data
[CTRL] POST /data
[Time: 30.06.23 07:57:14] [Level: info] transition: compute_local_norm
[Time: 30.06.23 07:57:15] [Level: info] state: compute_local_norm
[CTRL] GET /data
[CTRL] POST /data
starting orthogonalise_current
ending orthogonalise_current
starting eigenvector norms
17
[Time: 30.06.23 07:57:17] [Level: info] transition: compute_local_conorm
[Time: 30.06.23 07:57:18] [Level: info] state: compute_local_conorm
[CTRL] GET /data
[CTRL] POST /data
[Time: 30.06.23 07:57:20] [Level: info] transition: compute_local_norm
[Time: 30.06.23 07:57:21] [Level: info] state: compute_local_norm
[CTRL] GET /data
[CTRL] POST /data
starting orthogonalise_current
ending orthogonalise_current
starting eigenvector norms
17
[Time: 30.06.23 07:57:23] [Level: info] transition: compute_local_conorm
[Time: 30.06.23 07:57:24] [Level: info] state: compute_local_conorm
[CTRL] GET /data
[CTRL] POST /data
[Time: 30.06.23 07:57:26] [Level: info] transition: compute_local_norm
[Time: 30.06.23 07:57:27] [Level: info] state: compute_local_norm
[CTRL] GET /data
[CTRL] POST /data
starting orthogonalise_current
ending orthogonalise_current
starting eigenvector norms
17
[Time: 30.06.23 07:57:29] [Level: info] transition: compute_local_conorm
[Time: 30.06.23 07:57:30] [Level: info] state: compute_local_conorm
[CTRL] GET /data
[CTRL] POST /data
[Time: 30.06.23 07:57:32] [Level: info] transition: compute_local_norm
[Time: 30.06.23 07:57:33] [Level: info] state: compute_local_norm
[CTRL] GET /data
[CTRL] POST /data
starting orthogonalise_current
ending orthogonalise_current
starting eigenvector norms
17
[Time: 30.06.23 07:57:35] [Level: info] transition: compute_local_conorm
[Time: 30.06.23 07:57:36] [Level: info] state: compute_local_conorm
[CTRL] GET /data
[CTRL] POST /data
[Time: 30.06.23 07:57:38] [Level: info] transition: compute_local_norm
[Time: 30.06.23 07:57:39] [Level: info] state: compute_local_norm
[CTRL] GET /data
[CTRL] POST /data
starting orthogonalise_current
ending orthogonalise_current
starting eigenvector norms
17
[Time: 30.06.23 07:57:41] [Level: info] transition: compute_local_conorm
[Time: 30.06.23 07:57:42] [Level: info] state: compute_local_conorm
[CTRL] GET /data
[CTRL] POST /data
[Time: 30.06.23 07:57:44] [Level: info] transition: compute_local_norm
[Time: 30.06.23 07:57:45] [Level: info] state: compute_local_norm
[CTRL] GET /data
[CTRL] POST /data
starting orthogonalise_current
ending orthogonalise_current
starting eigenvector norms
17
[Time: 30.06.23 07:57:47] [Level: info] transition: normalize_g
[Time: 30.06.23 07:57:48] [Level: info] state: normalize_g
[CTRL] GET /data
[CTRL] POST /data
Normalising
(26, 17)
17
End normalising
(26, 17)
(17, 17)
(17,)
(26, 17)
[Time: 30.06.23 07:57:50] [Level: info] transition: seperate_pca
[Time: 30.06.23 07:57:51] [Level: info] state: seperate_pca
EIGEN_VALUES [array([ 1.04148481,  1.07451554,  0.67283202, -0.15205173, -1.12955197,
        0.11128537, -0.71750129,  0.03194058, -1.63289979, -0.57383171,
        0.29619165,  0.62152674,  1.14731927, -0.76300787,  0.10816562,
       -0.32102577,  0.5628026 ,  0.37270708,  1.13567015,  0.47954481,
       -0.55193706, -0.86828984, -0.45479966, -0.23257547, -1.35293534,
        1.07709617])]
DATA:  None
[Time: 30.06.23 07:57:51] [Level: info] transition: init_pca
[Time: 30.06.23 07:57:52] [Level: info] state: init_pca
[STARTUP] Copy configuration and create dir
/mnt/input/hospital_data_bredel_1.csv
TEST: ['/mnt/input/hospital_data_bredel_1 - Copy.csv', '/mnt/input/hospital_data_bredel_1.csv']
RUNNING ON:  /mnt/input/hospital_data_bredel_1.csv
number of omics:  2
[STARTUP] Configuration copied
Log Transform performed
/app/apps/svd/FC_Federated_PCA.py:97: RuntimeWarning: invalid value encountered in log2
  self.tabdata.scaled = np.log2(self.tabdata.scaled+1)
[Time: 30.06.23 07:57:52] [Level: info] transition: wait_for_params
[Time: 30.06.23 07:57:53] [Level: info] state: wait_for_params
[CTRL] GET /data
[CTRL] POST /data
setting parameters
[API] Setting parameters
['CASP1', 'ADFP', 'ATP6V1C1', 'PYHIN1', 'CSPG2', 'STK17A', 'SOX4', 'SLC15A2', 'RBP4', 'CLSTN3', 'TOMM40', 'TXNDC', 'KLRC3', 'C9orf48', 'HBXIP', 'ANXA5', 'LHFPL2', 'DDN', 'CAMKK2', 'AEBP1', 'BCL2A1', 'HLA.F', 'PDLIM7', 'F13A1', 'HBA1', 'R52960', 'CTHRC1', 'EDG3', 'SERPINH1', 'PSD3', 'AI822135', 'ID4', 'T97457', 'MGC42367', 'NDST1', 'NLK', 'DUS3L', 'MAL2', 'BNIP2', 'PRSS3', 'LGALS3', 'T51726', 'EPB49', 'PDE4DIP', 'KIAA1644', 'H78560', 'CDKN1A', 'RALY', 'CHI3L2', 'PCDHGC3', 'CAV1', 'TGFBI', 'LOC389831', 'DDEF1', 'DCLRE1B', 'PDXP', 'MDK', 'KLRC2', 'MTHFD2', 'VEGF', 'ZNF549', 'GPSM2', 'NDUFB11', 'FAM84A', 'R61377', 'ITGA5', 'MRC2', 'AA669383', 'GBP1', 'SBP1', 'AA401952', 'USP3', 'IGHG1', 'PRSS1', 'HK2', 'CLIC1', 'LY96', 'LYN', 'RAB11FIP4', 'VSNL1', 'PPP1R14A', 'FGF13', 'URP2', 'COL1A1', 'TIMP1', 'SAA2', 'HPCA', 'S100A10', 'TFDP2', 'EGLN2', 'AI350724', 'BGN', 'SCN2B', 'WASF1', 'ZNF233', 'AKR1C2', 'PLTP', 'MGC39606', 'S100A1', 'AI357047', 'COX7A1', 'MASP1', 'CEAL1', 'AA906888', 'IQSEC1', 'AI005038', 'PTPRZ1', 'PCP4', 'LRBA', 'PLOD2', 'NSF', 'H08563', 'HLA.DRB1', 'COL3A1', 'CAP2', 'AA281932', 'WWTR1', 'X37864', 'MED11', 'SPINT2', 'EPHB1', 'RUNX1', 'SERPINI1', 'MGC18216', 'RFXAP', 'MST150', 'ZNF329', 'H20822', 'PPP3CA', 'C6orf12', 'COL9A2', 'AA424849', 'MYC', 'C1orf63', 'CD44', 'POSTN', 'MGP', 'MYBPC2', 'TSPAN4', 'IGFBP3', 'NR4A1', 'CALM1', 'AA489629', 'PHLDA1', 'RGS16', 'PARP14', 'FAS', 'PPP3CB', 'X38595', 'PRKCZ', 'TIMP3', 'FBXL16', 'S100A11', 'ZNF217', 'FBXW7', 'KCNQ2', 'CD58', 'DIP2C', 'ADM', 'PLA2G2A', 'AA490257', 'RAB20', 'L1CAM', 'KNS2', 'GABBR1', 'ITGA3', 'ZNF419B', 'BLVRB', 'CDKN2D', 'CKMT1A', 'CAMK2A', 'DMN', 'SNRPN', 'KCNMA1', 'FAM84B', 'COL6A2', 'OSBPL1A', 'PLAUR', 'LILRA1', 'SCAMP5', 'ADARB2', 'FABP3', 'MSTP9', 'ADCY1', 'LAPTM5', 'ITGA9', 'PLP2', 'ITPKA', 'H10054', 'UBE4B', 'FCGRT', 'C16orf5', 'WDR7', 'PRKCB1', 'KIAA0963', 'FLJ38984', 'COX6A2', 'GOT1', 'NPTX1', 'TNC', 'AI335002', 'RBP7', 'MDFI', 'PARD3', 'PRKCG', 'MST1', 'SPARC', 'DEF6', 'HEY1', 'TTC23', 'HMOX1', 'H91845', 'MMP2', 'SYNGR3', 'DKFZp313A2432', 'NY.SAR.48', 'ABCA5', 'FBXO2', 'LOC541471', 'FCGR2B', 'TSPAN6', 'LAMA4', 'ZNF226', 'MSN', 'HLA.A', 'TAP1', 'APOC1', 'CYR61', 'CCDC3', 'EDNRB', 'MGC26694', 'IL1RAP', 'SYT7', 'AA131320', 'MVP', 'PALLD', 'CD47', 'ADAM19', 'ABCC3', 'AP4B1', 'VAMP2', 'LOC613212', 'NPL', 'AI002301', 'SORT1', 'KCNK6', 'SVIL', 'C4A', 'C1orf187', 'ANXA1', 'IGF1R', 'KIAA1543', 'A2BP1', 'PLAU', 'FREQ', 'AI263051', 'GYPA', 'R70506', 'D21S2089E', 'TBC1D7', 'PEG3', 'C1R', 'HAMP', 'H41096', 'W93688', 'DYNLT1', 'CLTB', 'PRG1', 'MB', 'TSPYL1', 'RPS19BP1', 'ASPA', 'IGFBP5', 'T62491', 'IGSF3', 'RPS3A', 'NNMT', 'AIF1', 'AA598555', 'YWHAG', 'LAMB1', 'SETD5', 'APOC2', 'ACAD8', 'EMP3', 'IL21R', 'RND3', 'STMN1', 'TNFRSF12A', 'EXT1', 'HCLS1', 'DLL3', 'SLC35A2', 'TMEM146', 'SPAG6', 'LOC283070', 'DECR2', 'NMNAT2', 'COL1A2', 'FAM46A', 'CD53', 'ID3', 'TncRNA', 'DDIT4', 'PYCR1', 'GYPC', 'LOC57228', 'CHN1', 'CCL2', 'LMO7', 'ARPP.19', 'AA975768', 'INPP5F', 'IL32', 'CA11', 'SUV39H1', 'DSCR1L1', 'EID.3', 'CACNB2', 'SLC16A3', 'UBA52', 'BCAM', 'R70684', 'CCR1', 'PRKAR1B', 'H24428', 'FZD7', 'NEFH', 'EFHB', 'STEAP3', 'ANK3', 'HPRT1', 'OSR1', 'EDG1', 'LTF', 'RAB30', 'ZNF160', 'NCF1', 'CLCA3', 'AKR1C1', 'NUAK1', 'DES', 'TCTEX1D1', 'COL4A2', 'FLJ35740', 'SERPINA3', 'KLRC1', 'AA029415', 'SRPX', 'MICAL2', 'FBL', 'PRRX1', 'PNCK', 'DNASE1L1', 'GPNMB', 'APCS', 'MYCBP2', 'UGCG', 'NCF2', 'YWHAH', 'TMEM49', 'IFI30', 'STXBP1', 'LOC146795', 'CBX6', 'FBXO32', 'AA398420', 'NOTCH1', 'SOCS3', 'AI871056', 'PYGL', 'SNCG', 'NLGN1', 'H86813', 'CACNB3', 'L3MBTL4', 'FN1', 'AA598631', 'PDE2A', 'LOC400451', 'HLA.G', 'IGF2BP3', 'RTN3', 'PDPN', 'LUM', 'VASP', 'KCNJ1', 'TNFAIP3', 'AI262682', 'TLL2', 'CBLN2', 'MAPKBP1', 'C8orf4', 'PSG5', 'MOAP1', 'PSG1', 'AA181288', 'USP6NL', 'N98591', 'CAPG', 'RAB27B', 'TCF7L1', 'NPC2', 'STC1', 'SERPING1', 'CYBA', 'LOC283130', 'ZFHX1B', 'GBP2', 'HNRNPG.T', 'LOC388610', 'GAS1', 'HSPG2', 'CA12', 'ESM1', 'DPYD', 'IMAGE.33267', 'CDC20B', 'GADD45B', 'LSP1', 'SP100', 'AA479357']
INDEX
[252, 227, 105, 297, 148, 415, 196, 421, 292, 271, 360, 396, 116, 109, 23, 192, 108, 336, 295, 157, 343, 366, 253, 340, 310, 342, 385, 321, 143, 106, 225, 171, 92, 40, 402, 348, 21, 333, 410, 317, 113, 371, 393, 323, 153, 80, 259, 97, 87, 229, 399, 358, 235, 32, 28, 168, 272, 117, 176, 100, 29, 50, 61, 382, 185, 77, 130, 270, 246, 39, 386, 256, 381, 368, 291, 99, 248, 395, 282, 313, 420, 205, 285, 102, 82, 369, 384, 325, 57, 48, 367, 70, 404, 149, 58, 9, 318, 3, 341, 207, 18, 88, 19, 193, 362, 301, 302, 379, 46, 268, 281, 69, 417, 152, 319, 101, 190, 127, 406, 314, 191, 107, 347, 35, 164, 138, 38, 224, 112, 335, 197, 391, 264, 14, 305, 267, 423, 67, 330, 115, 392, 251, 180, 260, 76, 407, 306, 78, 257, 200, 123, 188, 90, 233, 376, 277, 133, 1, 144, 276, 234, 389, 296, 245, 146, 373, 31, 65, 269, 278, 286, 33, 244, 228, 96, 159, 294, 124, 47, 182, 4, 141, 230, 303, 326, 331, 89, 290, 401, 60, 300, 155, 126, 339, 280, 242, 59, 261, 422, 165, 215, 63, 394, 5, 416, 134, 403, 254, 160, 62, 175, 298, 324, 372, 166, 353, 131, 312, 79, 240, 258, 289, 24, 68, 217, 357, 51, 370, 8, 111, 210, 328, 405, 136, 273, 397, 103, 375, 221, 44, 147, 98, 119, 350, 26, 56, 2, 241, 361, 179, 52, 22, 216, 184, 345, 359, 11, 177, 42, 129, 139, 189, 304, 383, 255, 387, 214, 418, 238, 95, 162, 81, 219, 311, 64, 183, 128, 365, 354, 213, 320, 91, 178, 13, 74, 284, 174, 187, 71, 0, 209, 94, 299, 55, 6, 27, 135, 145, 158, 275, 283, 356, 409, 293, 220, 263, 137, 374, 274, 226, 120, 236, 322, 247, 352, 163, 334, 20, 16, 142, 93, 49, 398, 332, 212, 279, 411, 186, 262, 114, 349, 288, 41, 25, 232, 239, 45, 351, 17, 7, 307, 363, 10, 122, 201, 198, 118, 199, 380, 408, 413, 327, 125, 308, 309, 287, 73, 346, 316, 344, 140, 104, 206, 195, 150, 37, 83, 237, 85, 204, 243, 218, 154, 181, 172, 222, 202, 377, 121, 156, 329, 250, 75, 86, 378, 12, 34, 266, 194, 53, 337, 170, 315, 36, 169, 66, 249, 15, 419, 72, 151, 132, 364, 167, 173, 355, 414, 400, 338, 43, 203, 388, 161, 110, 390, 223, 84, 265, 412, 211, 208, 231]
[Time: 30.06.23 07:57:56] [Level: info] transition: compute_std
[Time: 30.06.23 07:57:57] [Level: info] state: compute_std
[CTRL] GET /data
[CTRL] POST /data
(422, 1)
[Time: 30.06.23 07:57:59] [Level: info] transition: apply_scaling
[Time: 30.06.23 07:58:00] [Level: info] state: apply_scaling
[CTRL] GET /data
[CTRL] POST /data
[ 73  39 384 338 112 336  61 190  96  70 118 235 395 102  94 342  97 244
 289  69 274 351 256  31 317 233 358  89  10 219  54 267 250 377 344 409
 141 277 145  88 240 293 307 222 242  35 196 157 333 353 404 225 398 365
 192 206 130  53 268 184 179 332 153 203   4  62   7 182 251 380 393 321
  23  63 245   2 259 339 359  16 228  82 176 171 116 237  68 252 352 290
 104 271 247 283 340  72 164 127  43 246 355 129 405 181 402 144 318  49
 124 314  85 400 258 254 275 165  24 300  34 279 418  47 381  27 243 163
 367 310 325 168 178 234 142 149 166  60  81  77 364 265  55 117 391  38
 347 385 257 408 161 223  80 106 394  33 167 114 146 147  66   1 366 210
 292 111 334  18 324 322 390 421 362  17 209 294 249 152   3 239  42 264
 282 403 363 382 284 263 372 276 160 226 208 110 224 399 272 261 221 297
 137  64 231 308 345 229 326  48 396  36 120 306  98 361 122 392 320 191
 180  84 273 375  75  14 155 131 133 415   0 170 197  95  87 183   9 158
 406 416 230 299 414 315 288 108  78 113  11 368   5 397 169 175  26 138
 107 248 207  19 150 386 204 185 262 121 305 417 216 343 316 101 195 312
  44 172  90 374  67 376 319 348 420 383 278 311  25 154 187 337 286  93
 232 193 360 236 151 341 304  46 123 125 335 177 412 100 217  59 255 356
 270 159 354 331 214  13  91  41 109 303 238 189 115 136 349  79 301 370
  40 329 162 215 213  45 309  92 287 140  20 188 281  28 295 220  58 379
  57 128  15  32  12 148 201 200 298 313 373 328 119 413 411  76 410 296
 218  50 198 302  83 323  21 199 371 212 173 387 253 105  74  29 389 357
 330]
(array([39, 73]),)
[Time: 30.06.23 07:58:02] [Level: info] transition: mfa_prerequisites
[Time: 30.06.23 07:58:03] [Level: info] state: mfa_prerequisites
Calling start_power_iteration
[Time: 30.06.23 07:58:03] [Level: info] transition: start_power_iteration
[Time: 30.06.23 07:58:04] [Level: info] state: start_power_iteration
[STARTUP] Computing covariance matrix
[STARTUP] Random initialisation
TABDATA SCALED
[[-0.10052442 -0.13453256  0.03814629 ... -0.50055102 -0.98261291
  -0.79585814]
 [ 0.          0.          0.         ...  0.         -1.74122025
  -0.47982784]
 [ 0.65770204  0.74413778  1.00620032 ...  1.10011108 -0.11270558
  -1.98629145]
 ...
 [ 0.         -1.92190391 -0.0711906  ...  0.         -1.22998276
   0.02912957]
 [-1.47302101 -0.97175175  0.00790621 ... -0.33520053  0.
   0.70321094]
 [ 0.5075888  -2.53636395 -0.41800606 ... -0.67180514 -0.01810548
   0.68843152]]
[Time: 30.06.23 07:58:04] [Level: info] transition: compute_final_h_cov
[CTRL] GET /data
[Time: 30.06.23 07:58:05] [Level: info] state: compute_final_h_cov
[CTRL] POST /data
Setting k
starting eigenvector norms
17
[Time: 30.06.23 07:58:08] [Level: info] transition: compute_local_conorm
[Time: 30.06.23 07:58:09] [Level: info] state: compute_local_conorm
[CTRL] GET /data
[CTRL] POST /data
[Time: 30.06.23 07:58:11] [Level: info] transition: compute_local_norm
[Time: 30.06.23 07:58:12] [Level: info] state: compute_local_norm
[CTRL] GET /data
[CTRL] POST /data
starting orthogonalise_current
ending orthogonalise_current
starting eigenvector norms
17
[Time: 30.06.23 07:58:14] [Level: info] transition: compute_local_conorm
[Time: 30.06.23 07:58:15] [Level: info] state: compute_local_conorm
[CTRL] GET /data
[CTRL] POST /data
[Time: 30.06.23 07:58:17] [Level: info] transition: compute_local_norm
[Time: 30.06.23 07:58:18] [Level: info] state: compute_local_norm
[CTRL] GET /data
[CTRL] POST /data
starting orthogonalise_current
ending orthogonalise_current
starting eigenvector norms
17
[Time: 30.06.23 07:58:20] [Level: info] transition: compute_local_conorm
[Time: 30.06.23 07:58:21] [Level: info] state: compute_local_conorm
[CTRL] GET /data
[CTRL] POST /data
[Time: 30.06.23 07:58:23] [Level: info] transition: compute_local_norm
[Time: 30.06.23 07:58:24] [Level: info] state: compute_local_norm
[CTRL] GET /data
[CTRL] POST /data
starting orthogonalise_current
ending orthogonalise_current
starting eigenvector norms
17
[Time: 30.06.23 07:58:26] [Level: info] transition: compute_local_conorm
[Time: 30.06.23 07:58:27] [Level: info] state: compute_local_conorm
[CTRL] GET /data
[CTRL] POST /data
[Time: 30.06.23 07:58:29] [Level: info] transition: compute_local_norm
[Time: 30.06.23 07:58:30] [Level: info] state: compute_local_norm
[CTRL] GET /data
[CTRL] POST /data
starting orthogonalise_current
ending orthogonalise_current
starting eigenvector norms
17
[Time: 30.06.23 07:58:32] [Level: info] transition: compute_local_conorm
[Time: 30.06.23 07:58:33] [Level: info] state: compute_local_conorm
[CTRL] GET /data
[CTRL] POST /data
[Time: 30.06.23 07:58:35] [Level: info] transition: compute_local_norm
[Time: 30.06.23 07:58:36] [Level: info] state: compute_local_norm
[CTRL] GET /data
[CTRL] POST /data
starting orthogonalise_current
ending orthogonalise_current
starting eigenvector norms
17
[Time: 30.06.23 07:58:38] [Level: info] transition: compute_local_conorm
[Time: 30.06.23 07:58:39] [Level: info] state: compute_local_conorm
[CTRL] GET /data
[CTRL] POST /data
[Time: 30.06.23 07:58:41] [Level: info] transition: compute_local_norm
[Time: 30.06.23 07:58:42] [Level: info] state: compute_local_norm
[CTRL] GET /data
[CTRL] POST /data
starting orthogonalise_current
ending orthogonalise_current
starting eigenvector norms
17
[Time: 30.06.23 07:58:44] [Level: info] transition: compute_local_conorm
[Time: 30.06.23 07:58:45] [Level: info] state: compute_local_conorm
[CTRL] GET /data
[CTRL] POST /data
[Time: 30.06.23 07:58:47] [Level: info] transition: compute_local_norm
[Time: 30.06.23 07:58:48] [Level: info] state: compute_local_norm
[CTRL] GET /data
[CTRL] POST /data
starting orthogonalise_current
ending orthogonalise_current
starting eigenvector norms
17
[Time: 30.06.23 07:58:50] [Level: info] transition: compute_local_conorm
[Time: 30.06.23 07:58:51] [Level: info] state: compute_local_conorm
[CTRL] GET /data
[CTRL] POST /data
[Time: 30.06.23 07:58:53] [Level: info] transition: compute_local_norm
[Time: 30.06.23 07:58:54] [Level: info] state: compute_local_norm
[CTRL] GET /data
[CTRL] POST /data
starting orthogonalise_current
ending orthogonalise_current
starting eigenvector norms
17
[Time: 30.06.23 07:58:56] [Level: info] transition: compute_local_conorm
[Time: 30.06.23 07:58:57] [Level: info] state: compute_local_conorm
[CTRL] GET /data
[CTRL] POST /data
[Time: 30.06.23 07:59:00] [Level: info] transition: compute_local_norm
[Time: 30.06.23 07:59:01] [Level: info] state: compute_local_norm
[CTRL] GET /data
[CTRL] POST /data
starting orthogonalise_current
ending orthogonalise_current
starting eigenvector norms
17
[Time: 30.06.23 07:59:03] [Level: info] transition: compute_local_conorm
[Time: 30.06.23 07:59:04] [Level: info] state: compute_local_conorm
[CTRL] GET /data
[CTRL] POST /data
[Time: 30.06.23 07:59:06] [Level: info] transition: compute_local_norm
[Time: 30.06.23 07:59:07] [Level: info] state: compute_local_norm
[CTRL] GET /data
[CTRL] POST /data
starting orthogonalise_current
ending orthogonalise_current
starting eigenvector norms
17
[Time: 30.06.23 07:59:09] [Level: info] transition: compute_local_conorm
[Time: 30.06.23 07:59:10] [Level: info] state: compute_local_conorm
[CTRL] GET /data
[CTRL] POST /data
[Time: 30.06.23 07:59:12] [Level: info] transition: compute_local_norm
[Time: 30.06.23 07:59:13] [Level: info] state: compute_local_norm
[CTRL] GET /data
[CTRL] POST /data
starting orthogonalise_current
ending orthogonalise_current
starting eigenvector norms
17
[Time: 30.06.23 07:59:15] [Level: info] transition: compute_local_conorm
[Time: 30.06.23 07:59:16] [Level: info] state: compute_local_conorm
[CTRL] GET /data
[CTRL] POST /data
[Time: 30.06.23 07:59:18] [Level: info] transition: compute_local_norm
[Time: 30.06.23 07:59:19] [Level: info] state: compute_local_norm
[CTRL] GET /data
[CTRL] POST /data
starting orthogonalise_current
ending orthogonalise_current
starting eigenvector norms
17
[Time: 30.06.23 07:59:21] [Level: info] transition: compute_local_conorm
[Time: 30.06.23 07:59:22] [Level: info] state: compute_local_conorm
[CTRL] GET /data
[CTRL] POST /data
[Time: 30.06.23 07:59:24] [Level: info] transition: compute_local_norm
[Time: 30.06.23 07:59:25] [Level: info] state: compute_local_norm
[CTRL] GET /data
[CTRL] POST /data
starting orthogonalise_current
ending orthogonalise_current
starting eigenvector norms
17
[Time: 30.06.23 07:59:27] [Level: info] transition: compute_local_conorm
[Time: 30.06.23 07:59:28] [Level: info] state: compute_local_conorm
[CTRL] GET /data
[CTRL] POST /data
[Time: 30.06.23 07:59:30] [Level: info] transition: compute_local_norm
[Time: 30.06.23 07:59:31] [Level: info] state: compute_local_norm
[CTRL] GET /data
[CTRL] POST /data
starting orthogonalise_current
ending orthogonalise_current
starting eigenvector norms
17
[Time: 30.06.23 07:59:33] [Level: info] transition: compute_local_conorm
[Time: 30.06.23 07:59:34] [Level: info] state: compute_local_conorm
[CTRL] GET /data
[CTRL] POST /data
[Time: 30.06.23 07:59:36] [Level: info] transition: compute_local_norm
[Time: 30.06.23 07:59:37] [Level: info] state: compute_local_norm
[CTRL] GET /data
[CTRL] POST /data
starting orthogonalise_current
ending orthogonalise_current
starting eigenvector norms
17
[Time: 30.06.23 07:59:39] [Level: info] transition: compute_local_conorm
[Time: 30.06.23 07:59:40] [Level: info] state: compute_local_conorm
[CTRL] GET /data
[CTRL] POST /data
[Time: 30.06.23 07:59:42] [Level: info] transition: compute_local_norm
[Time: 30.06.23 07:59:43] [Level: info] state: compute_local_norm
[CTRL] GET /data
[CTRL] POST /data
starting orthogonalise_current
ending orthogonalise_current
starting eigenvector norms
17
[Time: 30.06.23 07:59:45] [Level: info] transition: normalize_g
[Time: 30.06.23 07:59:46] [Level: info] state: normalize_g
[CTRL] GET /data
[CTRL] POST /data
Normalising
(26, 17)
17
End normalising
(26, 17)
(17, 17)
(17,)
(26, 17)
[Time: 30.06.23 07:59:48] [Level: info] transition: seperate_pca
[Time: 30.06.23 07:59:49] [Level: info] state: seperate_pca
EIGEN_VALUES [array([ 1.04148481,  1.07451554,  0.67283202, -0.15205173, -1.12955197,
        0.11128537, -0.71750129,  0.03194058, -1.63289979, -0.57383171,
        0.29619165,  0.62152674,  1.14731927, -0.76300787,  0.10816562,
       -0.32102577,  0.5628026 ,  0.37270708,  1.13567015,  0.47954481,
       -0.55193706, -0.86828984, -0.45479966, -0.23257547, -1.35293534,
        1.07709617]), array([ 1.11143216,  1.00262785, -0.62851011,  0.67732411, -0.17275596,
        0.64807207,  0.02604112, -0.05478455,  1.23115757, -0.93930283,
        0.45219204,  0.30914919,  0.59778464, -0.17976552, -0.50954692,
        0.65668588,  1.16412471, -2.24637276,  0.14255273, -0.8184856 ,
        0.65581796,  0.42214252,  1.11907804, -0.49284002,  0.92760786,
        0.30167482])]
DATA:  None
Starting factor analysis
[Time: 30.06.23 07:59:49] [Level: info] transition: factor_analysis
[Time: 30.06.23 07:59:50] [Level: info] state: factor_analysis
Starting MFA final
[Time: 30.06.23 07:59:50] [Level: info] transition: mfa_final
[Time: 30.06.23 07:59:51] [Level: info] state: mfa_final
Starting save results
[Time: 30.06.23 07:59:51] [Level: info] transition: save_results
[Time: 30.06.23 07:59:52] [Level: info] state: save_results
SAVING RESULTS
saving pca/mnt/output/pca/left_eigenvectors.tsv
	
MOVE INPUT TO OUTPUT
[Time: 30.06.23 07:59:52] [Level: info] transition: finalize
[Time: 30.06.23 07:59:53] [Level: info] state: finalize
[Time: 30.06.23 07:59:53] [Level: info] transition: terminal
[Time: 30.06.23 07:59:53] [Level: info] done
[CTRL] GET /data
