2023-07-01 12:50:38,166 CRIT Supervisor is running as root.  Privileges were not dropped because no user is specified in the config file.  If you intend to run as root, you can set user=root in the config file to avoid this message.
2023-07-01 12:50:38,169 INFO supervisord started with pid 7
2023-07-01 12:50:39,172 INFO spawned: 'nginx' with pid 10
2023-07-01 12:50:39,175 INFO spawned: 'app' with pid 11
2023-07-01 12:50:40,208 INFO success: nginx entered RUNNING state, process has stayed up for > than 1 seconds (startsecs)
2023-07-01 12:50:40,208 INFO success: app entered RUNNING state, process has stayed up for > than 1 seconds (startsecs)
[CTRL] POST /setup
[Time: 01.07.23 12:50:45] [Level: info] id: 2f56626443d4a1cc
[Time: 01.07.23 12:50:45] [Level: info] coordinator: False
[Time: 01.07.23 12:50:45] [Level: info] clients: ['2f56626443d4a1cc', '8bb5fd5b5d037b05']
[Time: 01.07.23 12:50:45] [Level: info] state: initial
[CLIENT] Parsing parameter file...
[API] /setup parsing parameter file 
[API] /setup config file found ... parsing file: /mnt/input/config.yaml
YAML file does not follow specification: missing key: eigenvalues
Setting default: eigenvalues.tsv
YAML file does not follow specification: missing key: explained_variance
Setting default: eigenvalues.tsv
YAML file does not follow specification: missing key: output delimiter
Setting default: tab
[API] /setup config file found ... parsing done
[CLIENT] finished parsing parameter file.
[STARTUP] Instantiate SVD
[Time: 01.07.23 12:50:45] [Level: info] transition: init_pca
[Time: 01.07.23 12:50:46] [Level: info] state: init_pca
[STARTUP] Copy configuration and create dir
/mnt/input/hospital_data_bredel_1.csv
TEST: ['/mnt/input/data_wine_1.csv', '/mnt/input/data_wine_2.csv', '/mnt/input/data_wine_3.csv']
[STARTUP] Configuration copied
Log Transform performed
out {'Row names': array(['fruity', 'woody', 'coffee'], dtype=object), 'Sample count': 3, 'Nans': array([0, 0, 0])}
[Time: 01.07.23 12:50:46] [Level: info] transition: wait_for_params
[Time: 01.07.23 12:50:47] [Level: info] state: wait_for_params
[CTRL] GET /data
[CTRL] POST /data
setting parameters
[API] Setting parameters
['fruity', 'woody', 'coffee']
INDEX
[0, 1, 2]
[Time: 01.07.23 12:50:51] [Level: info] transition: compute_std
[Time: 01.07.23 12:50:52] [Level: info] state: compute_std
[CTRL] GET /data
[CTRL] POST /data
(3, 1)
[Time: 01.07.23 12:50:57] [Level: info] transition: apply_scaling
[Time: 01.07.23 12:50:58] [Level: info] state: apply_scaling
[CTRL] GET /data
[CTRL] POST /data
[2 0]
(array([], dtype=int64),)
CURRENT DATA:  <apps.svd.TabData.TabData object at 0x7fd1ad418340>
[Time: 01.07.23 12:51:03] [Level: info] transition: mfa_prerequisites
[Time: 01.07.23 12:51:04] [Level: info] state: mfa_prerequisites
Calling start_power_iteration
[Time: 01.07.23 12:51:04] [Level: info] transition: start_power_iteration
[Time: 01.07.23 12:51:05] [Level: info] state: start_power_iteration
[STARTUP] Computing covariance matrix
[STARTUP] Random initialisation
TABDATA SCALED
[[ 1.07944432 -0.74520945 -0.21002947]
 [-1.21264378  0.80546508  0.47054734]
 [-0.53813037  0.49463657  0.49463657]]
[Time: 01.07.23 12:51:05] [Level: info] transition: compute_final_h_cov
[CTRL] GET /data
[Time: 01.07.23 12:51:06] [Level: info] state: compute_final_h_cov
[CTRL] POST /data
Setting k
starting eigenvector norms
2
[Time: 01.07.23 12:51:09] [Level: info] transition: compute_local_conorm
[Time: 01.07.23 12:51:10] [Level: info] state: compute_local_conorm
[CTRL] GET /data
[CTRL] POST /data
[Time: 01.07.23 12:51:15] [Level: info] transition: compute_local_norm
[Time: 01.07.23 12:51:16] [Level: info] state: compute_local_norm
[CTRL] GET /data
[CTRL] POST /data
starting orthogonalise_current
ending orthogonalise_current
starting eigenvector norms
2
[Time: 01.07.23 12:51:22] [Level: info] transition: normalize_g
[Time: 01.07.23 12:51:23] [Level: info] state: normalize_g
[CTRL] GET /data
[CTRL] POST /data
Normalising
(3, 2)
2
End normalising
(3, 2)
(2, 2)
(2,)
(3, 2)
[Time: 01.07.23 12:51:28] [Level: info] transition: separate_pca
[Time: 01.07.23 12:51:29] [Level: info] state: separate_pca
[Time: 01.07.23 12:51:29] [Level: info] transition: init_pca
[Time: 01.07.23 12:51:30] [Level: info] state: init_pca
[STARTUP] Copy configuration and create dir
/mnt/input/hospital_data_bredel_1.csv
TEST: ['/mnt/input/data_wine_1.csv', '/mnt/input/data_wine_2.csv', '/mnt/input/data_wine_3.csv']
[STARTUP] Configuration copied
Log Transform performed
out {'Row names': array(['red_fruit', 'roasted', 'vanillin', 'woody_2'], dtype=object), 'Sample count': 3, 'Nans': array([0, 0, 0, 0])}
[Time: 01.07.23 12:51:30] [Level: info] transition: wait_for_params
[CTRL] GET /data
[Time: 01.07.23 12:51:31] [Level: info] state: wait_for_params
[CTRL] POST /data
setting parameters
[API] Setting parameters
['woody_2', 'roasted', 'red_fruit', 'vanillin']
INDEX
[3, 1, 0, 2]
[Time: 01.07.23 12:51:34] [Level: info] transition: compute_std
[Time: 01.07.23 12:51:35] [Level: info] state: compute_std
[CTRL] GET /data
[CTRL] POST /data
(4, 1)
[Time: 01.07.23 12:51:40] [Level: info] transition: apply_scaling
[Time: 01.07.23 12:51:41] [Level: info] state: apply_scaling
[CTRL] GET /data
[CTRL] POST /data
[1 2 0]
(array([], dtype=int64),)
CURRENT DATA:  <apps.svd.TabData.TabData object at 0x7fd1ad4183a0>
[Time: 01.07.23 12:51:46] [Level: info] transition: mfa_prerequisites
[Time: 01.07.23 12:51:47] [Level: info] state: mfa_prerequisites
Calling start_power_iteration
[Time: 01.07.23 12:51:47] [Level: info] transition: start_power_iteration
[Time: 01.07.23 12:51:48] [Level: info] state: start_power_iteration
[STARTUP] Computing covariance matrix
[STARTUP] Random initialisation
TABDATA SCALED
[[-0.60073593  0.76590344  0.76590344]
 [-1.26314037  0.76493348  0.76493348]
 [ 1.5044393  -0.49785477 -0.49785477]
 [-1.22927739  0.83707     0.28208191]]
[Time: 01.07.23 12:51:48] [Level: info] transition: compute_final_h_cov
[CTRL] GET /data
[Time: 01.07.23 12:51:49] [Level: info] state: compute_final_h_cov
[CTRL] POST /data
Setting k
starting eigenvector norms
3
[Time: 01.07.23 12:51:52] [Level: info] transition: compute_local_conorm
[Time: 01.07.23 12:51:53] [Level: info] state: compute_local_conorm
[CTRL] GET /data
[CTRL] POST /data
[Time: 01.07.23 12:51:58] [Level: info] transition: compute_local_norm
[Time: 01.07.23 12:51:59] [Level: info] state: compute_local_norm
[CTRL] GET /data
[CTRL] POST /data
starting orthogonalise_current
ending orthogonalise_current
starting eigenvector norms
3
[Time: 01.07.23 12:52:04] [Level: info] transition: compute_local_conorm
[Time: 01.07.23 12:52:05] [Level: info] state: compute_local_conorm
[CTRL] GET /data
[CTRL] POST /data
[Time: 01.07.23 12:52:10] [Level: info] transition: compute_local_norm
[Time: 01.07.23 12:52:11] [Level: info] state: compute_local_norm
[CTRL] GET /data
[CTRL] POST /data
starting orthogonalise_current
ending orthogonalise_current
starting eigenvector norms
3
[Time: 01.07.23 12:52:16] [Level: info] transition: normalize_g
[Time: 01.07.23 12:52:17] [Level: info] state: normalize_g
[CTRL] GET /data
[CTRL] POST /data
Normalising
(3, 3)
3
End normalising
(3, 3)
(3, 3)
(3,)
(3, 3)
[Time: 01.07.23 12:52:22] [Level: info] transition: separate_pca
[Time: 01.07.23 12:52:23] [Level: info] state: separate_pca
[Time: 01.07.23 12:52:23] [Level: info] transition: init_pca
[Time: 01.07.23 12:52:24] [Level: info] state: init_pca
[STARTUP] Copy configuration and create dir
/mnt/input/hospital_data_bredel_1.csv
TEST: ['/mnt/input/data_wine_1.csv', '/mnt/input/data_wine_2.csv', '/mnt/input/data_wine_3.csv']
[STARTUP] Configuration copied
Log Transform performed
out {'Row names': array(['fruity_2', 'butter', 'woody_3'], dtype=object), 'Sample count': 3, 'Nans': array([0, 0, 0])}
[Time: 01.07.23 12:52:24] [Level: info] transition: wait_for_params
[CTRL] GET /data
[Time: 01.07.23 12:52:25] [Level: info] state: wait_for_params
[CTRL] POST /data
setting parameters
[API] Setting parameters
['fruity_2', 'woody_3', 'butter']
INDEX
[0, 2, 1]
[Time: 01.07.23 12:52:28] [Level: info] transition: compute_std
[Time: 01.07.23 12:52:29] [Level: info] state: compute_std
[CTRL] GET /data
[CTRL] POST /data
(3, 1)
[Time: 01.07.23 12:52:34] [Level: info] transition: apply_scaling
[Time: 01.07.23 12:52:35] [Level: info] state: apply_scaling
[CTRL] GET /data
[CTRL] POST /data
[0 1]
(array([], dtype=int64),)
CURRENT DATA:  <apps.svd.TabData.TabData object at 0x7fd1ad4cd9d0>
[Time: 01.07.23 12:52:40] [Level: info] transition: mfa_prerequisites
[Time: 01.07.23 12:52:41] [Level: info] state: mfa_prerequisites
Calling start_power_iteration
[Time: 01.07.23 12:52:41] [Level: info] transition: start_power_iteration
[Time: 01.07.23 12:52:42] [Level: info] state: start_power_iteration
[STARTUP] Computing covariance matrix
[STARTUP] Random initialisation
TABDATA SCALED
[[-0.47630665 -0.47630665 -1.3197291 ]
 [-0.74520945  0.83103354  0.54426434]
 [-0.83662619  0.69288031  0.93392557]]
[Time: 01.07.23 12:52:42] [Level: info] transition: compute_final_h_cov
[CTRL] GET /data
[Time: 01.07.23 12:52:43] [Level: info] state: compute_final_h_cov
[CTRL] POST /data
Setting k
starting eigenvector norms
2
[Time: 01.07.23 12:52:46] [Level: info] transition: compute_local_conorm
[Time: 01.07.23 12:52:47] [Level: info] state: compute_local_conorm
[CTRL] GET /data
[CTRL] POST /data
[Time: 01.07.23 12:52:52] [Level: info] transition: compute_local_norm
[Time: 01.07.23 12:52:53] [Level: info] state: compute_local_norm
[CTRL] GET /data
[CTRL] POST /data
starting orthogonalise_current
ending orthogonalise_current
starting eigenvector norms
2
[Time: 01.07.23 12:52:58] [Level: info] transition: normalize_g
[Time: 01.07.23 12:52:59] [Level: info] state: normalize_g
[CTRL] GET /data
[CTRL] POST /data
Normalising
(3, 2)
2
End normalising
(3, 2)
(2, 2)
(2,)
(3, 2)
[Time: 01.07.23 12:53:04] [Level: info] transition: separate_pca
[Time: 01.07.23 12:53:05] [Level: info] state: separate_pca
Starting scale tabdata
[Time: 01.07.23 12:53:05] [Level: info] transition: scale_tabdata
[Time: 01.07.23 12:53:06] [Level: info] state: scale_tabdata
Starting merge tabdata
[Time: 01.07.23 12:53:06] [Level: info] transition: merging_tabdata
[Time: 01.07.23 12:53:07] [Level: info] state: merging_tabdata
Starting global pca
[Time: 01.07.23 12:53:07] [Level: info] transition: init_pca
[Time: 01.07.23 12:53:08] [Level: info] state: init_pca
[STARTUP] Copy configuration and create dir
/mnt/input/hospital_data_bredel_1.csv
TEST: ['/mnt/input/data_wine_1.csv', '/mnt/input/data_wine_2.csv', '/mnt/input/data_wine_3.csv']
Log Transform performed
out {'Row names': array(['fruity', 'woody', 'coffee', 'woody_2', 'roasted', 'red_fruit',
       'vanillin', 'fruity_2', 'woody_3', 'butter'], dtype=object), 'Sample count': 3, 'Nans': array([0, 0, 0, 0, 0, 0, 0, 0, 0, 0])}
[Time: 01.07.23 12:53:08] [Level: info] transition: wait_for_params
[Time: 01.07.23 12:53:09] [Level: info] state: wait_for_params
[CTRL] GET /data
[CTRL] POST /data
setting parameters
[API] Setting parameters
['fruity_2', 'woody_3', 'fruity', 'red_fruit', 'butter', 'woody', 'woody_2', 'vanillin', 'roasted', 'coffee']
INDEX
[7, 8, 0, 5, 9, 1, 3, 6, 4, 2]
[Time: 01.07.23 12:53:13] [Level: info] transition: compute_std
[Time: 01.07.23 12:53:14] [Level: info] state: compute_std
[CTRL] GET /data
[CTRL] POST /data
(10, 1)
[Time: 01.07.23 12:53:19] [Level: info] transition: apply_scaling
[Time: 01.07.23 12:53:20] [Level: info] state: apply_scaling
[CTRL] GET /data
[CTRL] POST /data
[3 6 7 0 9 8 5 2 1]
(array([], dtype=int64),)
CURRENT DATA:  <apps.svd.TabData.TabData object at 0x7fd1ad418ee0>
[Time: 01.07.23 12:53:25] [Level: info] transition: mfa_prerequisites
[Time: 01.07.23 12:53:26] [Level: info] state: mfa_prerequisites
Calling start_power_iteration
[Time: 01.07.23 12:53:26] [Level: info] transition: start_power_iteration
[Time: 01.07.23 12:53:27] [Level: info] state: start_power_iteration
[STARTUP] Computing covariance matrix
[STARTUP] Random initialisation
TABDATA SCALED
[[-0.2402658  -0.2402658  -1.70527145]
 [-0.40674389  0.71930767  0.57460204]
 [ 0.84447177 -0.42845581  0.07977852]
 [ 1.1999393  -0.29394295 -0.29394295]
 [-0.43598684  0.62328667  0.72852877]
 [-1.26174359  0.76367254  0.56532965]
 [-0.35993602  0.74171239  0.74171239]
 [-1.26817869  0.77872632  0.42920577]
 [-1.28025387  0.72321829  0.72321829]
 [-0.29486351  0.58784112  0.58784112]]
[Time: 01.07.23 12:53:27] [Level: info] transition: compute_final_h_cov
[CTRL] GET /data
[Time: 01.07.23 12:53:28] [Level: info] state: compute_final_h_cov
[CTRL] POST /data
Setting k
starting eigenvector norms
3
[Time: 01.07.23 12:53:31] [Level: info] transition: compute_local_conorm
[Time: 01.07.23 12:53:32] [Level: info] state: compute_local_conorm
[CTRL] GET /data
[CTRL] POST /data
[Time: 01.07.23 12:53:37] [Level: info] transition: compute_local_norm
[Time: 01.07.23 12:53:38] [Level: info] state: compute_local_norm
[CTRL] GET /data
[CTRL] POST /data
starting orthogonalise_current
ending orthogonalise_current
starting eigenvector norms
3
[Time: 01.07.23 12:53:43] [Level: info] transition: compute_local_conorm
[Time: 01.07.23 12:53:44] [Level: info] state: compute_local_conorm
[CTRL] GET /data
[CTRL] POST /data
[Time: 01.07.23 12:53:49] [Level: info] transition: compute_local_norm
[Time: 01.07.23 12:53:50] [Level: info] state: compute_local_norm
[CTRL] GET /data
[CTRL] POST /data
starting orthogonalise_current
ending orthogonalise_current
starting eigenvector norms
3
[Time: 01.07.23 12:53:55] [Level: info] transition: normalize_g
[Time: 01.07.23 12:53:56] [Level: info] state: normalize_g
[CTRL] GET /data
[CTRL] POST /data
Normalising
(3, 3)
3
End normalising
(3, 3)
(3, 3)
(3,)
(3, 3)
[Time: 01.07.23 12:54:01] [Level: info] transition: separate_pca
[Time: 01.07.23 12:54:02] [Level: info] state: separate_pca
Starting factor analysis
[Time: 01.07.23 12:54:02] [Level: info] transition: waiting_for_projection_matrix
[Time: 01.07.23 12:54:03] [Level: info] state: waiting_for_projection_matrix
