2023-07-01 11:50:06,011 CRIT Supervisor is running as root.  Privileges were not dropped because no user is specified in the config file.  If you intend to run as root, you can set user=root in the config file to avoid this message.
2023-07-01 11:50:06,013 INFO supervisord started with pid 7
2023-07-01 11:50:07,017 INFO spawned: 'nginx' with pid 10
2023-07-01 11:50:07,019 INFO spawned: 'app' with pid 11
2023-07-01 11:50:08,052 INFO success: nginx entered RUNNING state, process has stayed up for > than 1 seconds (startsecs)
2023-07-01 11:50:08,052 INFO success: app entered RUNNING state, process has stayed up for > than 1 seconds (startsecs)
[CTRL] POST /setup
[Time: 01.07.23 11:50:09] [Level: info] id: c663dc746121804c
[Time: 01.07.23 11:50:09] [Level: info] coordinator: False
[Time: 01.07.23 11:50:09] [Level: info] clients: ['c663dc746121804c', '796c7470df99175d']
[Time: 01.07.23 11:50:09] [Level: info] state: initial
[CLIENT] Parsing parameter file...
[API] /setup parsing parameter file 
[API] /setup config file found ... parsing file: /mnt/input/config.yaml
YAML file does not follow specification: missing key: eigenvalues
Setting default: eigenvalues.tsv
YAML file does not follow specification: missing key: explained_variance
Setting default: eigenvalues.tsv
YAML file does not follow specification: missing key: output delimiter
Setting default: tab
[API] /setup config file found ... parsing done
[CLIENT] finished parsing parameter file.
[STARTUP] Instantiate SVD
[Time: 01.07.23 11:50:09] [Level: info] transition: init_pca
[Time: 01.07.23 11:50:10] [Level: info] state: init_pca
[STARTUP] Copy configuration and create dir
/mnt/input/hospital_data_bredel_1.csv
TEST: ['/mnt/input/hospital_data_bredel_1 - Copy.csv', '/mnt/input/hospital_data_bredel_1.csv']
[STARTUP] Configuration copied
Log Transform performed
/app/apps/svd/FC_Federated_PCA.py:104: RuntimeWarning: invalid value encountered in log2
  self.tabdata.scaled = np.log2(self.tabdata.scaled+1)
out {'Row names': array(['EXT1', 'DIP2C', 'SVIL', 'MGC39606', 'ADARB2', 'PARD3', 'SPAG6',
       'AKR1C1', 'CCDC3', 'AKR1C2', 'TCTEX1D1', 'GYPA', 'VASP', 'ACAD8',
       'C1orf63', 'USP6NL', 'CACNB2', 'CLCA3', 'COX7A1', 'CEAL1', 'EID.3',
       'DUS3L', 'KIAA1543', 'HBXIP', 'ZNF226', 'EDG1', 'SORT1',
       'LOC283070', 'DCLRE1B', 'ZNF549', 'KLRC3', 'ZNF419B', 'DDEF1',
       'DMN', 'KCNJ1', 'MGC18216', 'PSG5', 'FBXO32', 'ZNF329', 'SBP1',
       'MGC42367', 'OSR1', 'D21S2089E', 'HNRNPG.T', 'AP4B1', 'ZNF160',
       'LRBA', 'LILRA1', 'EGLN2', 'BCAM', 'GPSM2', 'APOC1', 'IGF1R',
       'TLL2', 'CA11', 'TMEM146', 'KCNK6', 'TFDP2', 'ZNF233', 'COX6A2',
       'UBE4B', 'NDUFB11', 'TTC23', 'RBP7', 'IGSF3', 'BLVRB', 'PSG1',
       'MYBPC2', 'MSN', 'H08563', 'BGN', 'TNFRSF12A', 'CAPG', 'MYCBP2',
       'EMP3', 'RTN3', 'RGS16', 'ITGA5', 'PPP3CB', 'LOC541471', 'H78560',
       'ASPA', 'TIMP1', 'AA398420', 'IMAGE.33267', 'SOCS3', 'PDPN',
       'CHI3L2', 'MASP1', 'PLP2', 'S100A11', 'SETD5', 'T97457', 'UBA52',
       'DLL3', 'TSPYL1', 'FAM84B', 'RALY', 'LOC613212', 'CLIC1', 'VEGF',
       'AA281932', 'COL1A1', 'CD47', 'IFI30', 'ATP6V1C1', 'PSD3', 'RUNX1',
       'LHFPL2', 'C9orf48', 'CA12', 'EDNRB', 'PPP3CA', 'LGALS3', 'STEAP3',
       'IGFBP3', 'KLRC3', 'KLRC2', 'KLRC1', 'NPL', 'ARPP.19', 'PDE2A',
       'COL4A2', 'TIMP3', 'PLAUR', 'PNCK', 'WDR7', 'X37864', 'NNMT',
       'TBC1D7', 'MRC2', 'ABCA5', 'TCF7L1', 'CD58', 'MST1', 'DECR2',
       'AA131320', 'LOC57228', 'MST150', 'PEG3', 'TMEM49', 'FABP3',
       'SLC16A3', 'SERPINH1', 'ADM', 'NMNAT2', 'GABBR1', 'VAMP2', 'CSPG2',
       'WASF1', 'CBX6', 'RAB27B', 'COL3A1', 'KIAA1644', 'NLGN1',
       'C16orf5', 'LOC400451', 'AEBP1', 'COL1A2', 'COL6A2', 'HEY1',
       'HSPG2', 'RPS19BP1', 'SUV39H1', 'RFXAP', 'TNC', 'DKFZp313A2432',
       'STC1', 'PDXP', 'MOAP1', 'MAPKBP1', 'ID4', 'CACNB3', 'SERPING1',
       'RND3', 'HMOX1', 'MTHFD2', 'R70506', 'APOC2', 'ANXA1', 'AA489629',
       'H86813', 'SCAMP5', 'RPS3A', 'PLAU', 'R61377', 'NEFH', 'STMN1',
       'FBXL16', 'C1R', 'WWTR1', 'EPHB1', 'ANXA5', 'AA906888', 'AI262682',
       'LOC146795', 'SOX4', 'COL9A2', 'SERPINA3', 'AA029415', 'PRKCZ',
       'FLJ35740', 'FN1', 'LOC388610', 'AI871056', 'FGF13', 'STXBP1',
       'AI357047', 'SP100', 'HCLS1', 'MGC26694', 'LSP1', 'PRKAR1B',
       'YWHAG', 'CLTB', 'AI335002', 'A2BP1', 'HLA.A', 'SNCG', 'IGFBP5',
       'PYCR1', 'ABCC3', 'L3MBTL4', 'DPYD', 'H20822', 'AI822135', 'LMO7',
       'ADFP', 'KCNMA1', 'PCDHGC3', 'MSTP9', 'AA479357', 'LTF', 'ZNF217',
       'AA490257', 'LOC389831', 'AA975768', 'NOTCH1', 'MB', 'RAB30',
       'FCGR2B', 'C4A', 'FLJ38984', 'PYGL', 'SNRPN', 'KNS2', 'GBP1',
       'IL32', 'LY96', 'AA181288', 'IGF2BP3', 'CALM1', 'CASP1', 'PDLIM7',
       'DEF6', 'W93688', 'USP3', 'X38595', 'TSPAN6', 'CDKN1A', 'PHLDA1',
       'GOT1', 'EFHB', 'GYPC', 'MYC', 'CDC20B', 'TNFAIP3', 'POSTN',
       'PLOD2', 'CDKN2D', 'AA669383', 'CLSTN3', 'MDK', 'MVP', 'CCL2',
       'FAM46A', 'PLA2G2A', 'KCNQ2', 'CKMT1A', 'H24428', 'KIAA0963',
       'NSF', 'RAB11FIP4', 'CD53', 'IL21R', 'URP2', 'CAMK2A', 'APCS',
       'HPRT1', 'LAMA4', 'ITPKA', 'HK2', 'RBP4', 'DDIT4', 'OSBPL1A',
       'CAMKK2', 'L1CAM', 'PYHIN1', 'H91845', 'SLC35A2', 'FCGRT',
       'AI005038', 'PTPRZ1', 'ADCY1', 'HAMP', 'CD44', 'FAS', 'NUAK1',
       'DNASE1L1', 'GPNMB', 'HBA1', 'T62491', 'FBXO2', 'VSNL1', 'SPINT2',
       'C8orf4', 'NCF2', 'PRSS3', 'PLTP', 'CAP2', 'LAMB1', 'EDG3',
       'INPP5F', 'PDE4DIP', 'MMP2', 'S100A10', 'LAPTM5', 'PRRX1',
       'IL1RAP', 'HLA.G', 'TSPAN4', 'ITGA9', 'CCR1', 'MAL2', 'DSCR1L1',
       'C6orf12', 'DDN', 'CBLN2', 'GBP2', 'PRKCB1', 'F13A1', 'S100A1',
       'R52960', 'BCL2A1', 'YWHAH', 'FREQ', 'UGCG', 'SERPINI1', 'NLK',
       'ANK3', 'AI002301', 'NCF1', 'CA11', 'NY.SAR.48', 'AA598555',
       'CYBA', 'ID3', 'TAP1', 'TGFBI', 'AI263051', 'TOMM40', 'C1orf187',
       'IQSEC1', 'DES', 'NPC2', 'AIF1', 'HLA.F', 'AI350724', 'PRSS1',
       'SAA2', 'CYR61', 'T51726', 'SYNGR3', 'ITGA3', 'CHN1', 'ADAM19',
       'FBXW7', 'AA598631', 'LUM', 'PCP4', 'SRPX', 'IGHG1', 'FAM84A',
       'H41096', 'HPCA', 'CTHRC1', 'AA401952', 'DYNLT1', 'GAS1', 'RAB20',
       'ESM1', 'AA424849', 'NR4A1', 'EPB49', 'MDFI', 'LYN', 'TXNDC',
       'PALLD', 'R70684', 'CAV1', 'ZFHX1B', 'H10054', 'NDST1', 'SPARC',
       'SCN2B', 'SYT7', 'MED11', 'PARP14', 'MICAL2', 'TncRNA', 'BNIP2',
       'FZD7', 'GADD45B', 'FBL', 'LOC283130', 'STK17A', 'PRKCG',
       'HLA.DRB1', 'PRG1', 'N98591', 'PPP1R14A', 'SLC15A2', 'NPTX1',
       'MGP'], dtype=object), 'Sample count': 26, 'Nans': array([ 0,  0,  0,  0,  2,  0,  3,  0,  0,  3,  3,  0,  0,  0,  0,  4,  0,
        0,  1,  0,  0,  2,  0,  0,  1,  1,  0,  4,  0,  1,  0,  0,  1,  0,
        4,  2,  0,  0,  5,  0,  0,  0,  0,  2,  1,  0,  3,  3,  0,  0,  0,
        1,  0,  9,  0,  0,  0,  1,  0,  0,  1,  0,  0,  8,  0,  2,  0,  3,
        8, 12,  2, 16,  1,  1, 18,  0,  0, 20,  0, 14, 12,  0, 11,  0, 12,
        6,  6,  2,  4, 22, 17,  5, 14,  7,  7, 10,  5,  0,  0, 22, 10,  7,
       10,  0,  6,  0, 15,  6,  0,  5,  9,  0,  0, 12,  9, 19, 16, 17, 16,
        0,  0,  1,  3,  0, 11,  0,  0,  0, 18,  0,  1, 10,  7,  7, 17, 11,
        0,  1,  2,  4, 15,  1, 24, 18, 12,  0,  0,  0,  0,  2,  0, 16,  0,
       10,  1,  1, 12,  1, 15, 15,  0, 11,  0,  2,  1,  7,  5, 17,  7,  0,
        0,  0,  4,  0,  8,  0, 18,  1,  1, 10,  0, 13,  0,  3, 11,  9,  5,
        9,  1,  0,  0,  0,  4, 16, 15,  0, 16,  0,  1, 17,  0,  0, 15,  6,
       25,  7,  6, 10,  3,  0,  1, 12,  1,  0,  4,  5,  0,  0,  6,  0, 24,
        5, 15,  1,  0, 13, 12, 17,  0,  0,  0,  0,  0, 25,  0, 14,  1,  0,
        0, 14,  0,  0,  0, 10,  2,  0,  0, 22,  2, 11, 25,  0,  4, 18,  3,
        3, 23,  3,  4,  1,  3,  0, 10, 22, 23, 24, 10,  4, 12,  4, 11,  0,
       13,  0,  1,  7, 14,  0,  4,  0,  4,  1,  4,  0, 12,  0,  0,  0, 19,
        3,  3, 16, 25, 15,  0,  2,  8,  2, 20,  0,  0,  7,  0,  5,  8, 14,
        0,  0,  0,  8,  0,  3,  3,  1, 19,  3,  0, 26,  0,  2, 17,  0,  0,
        6, 17, 10,  0,  0,  0,  0, 11,  2,  1, 15,  2,  0,  2,  1,  0,  3,
        0,  4, 16, 11,  0,  0, 17,  1,  0,  2,  2,  2,  0,  8, 20, 21,  6,
        0, 15,  4,  0, 10,  0,  1,  0,  0,  0,  4, 26,  0, 11, 12,  9,  0,
        0,  0,  1,  0, 25,  2,  3,  0,  0,  2,  3, 11,  0,  0,  3,  2, 15,
        7,  6,  2,  6,  0,  4,  0,  0, 19, 15,  0,  0,  0,  1,  7,  0,  0,
        6, 17,  2,  8,  0,  7,  3,  7,  0,  0,  0,  0,  0,  0,  8,  2])}
[Time: 01.07.23 11:50:10] [Level: info] transition: wait_for_params
[Time: 01.07.23 11:50:11] [Level: info] state: wait_for_params
[CTRL] GET /data
[CTRL] POST /data
setting parameters
[API] Setting parameters
['DKFZp313A2432', 'FLJ35740', 'LTF', 'PARD3', 'X38595', 'LAMA4', 'R70684', 'FABP3', 'H10054', 'SNRPN', 'SVIL', 'H08563', 'PLOD2', 'PLAU', 'HLA.DRB1', 'NR4A1', 'COX6A2', 'GABBR1', 'AI357047', 'TFDP2', 'HBA1', 'ITGA5', 'HBXIP', 'COL3A1', 'HLA.F', 'RAB11FIP4', 'FN1', 'TIMP3', 'ADM', 'SAA2', 'APOC1', 'AA398420', 'GPNMB', 'LAMB1', 'CHN1', 'LMO7', 'AP4B1', 'RAB20', 'MED11', 'PYCR1', 'MGC26694', 'T97457', 'ADARB2', 'CA12', 'HLA.A', 'R70506', 'CAMK2A', 'MAPKBP1', 'AA975768', 'PLAUR', 'MB', 'PPP3CA', 'UBE4B', 'FLJ38984', 'FCGRT', 'C6orf12', 'AI350724', 'AA181288', 'STEAP3', 'HSPG2', 'ITPKA', 'STC1', 'D21S2089E', 'AA401952', 'CACNB3', 'IGF2BP3', 'H78560', 'W93688', 'SOCS3', 'PEG3', 'GYPA', 'ABCA5', 'EMP3', 'RND3', 'AA489629', 'NPC2', 'C16orf5', 'NOTCH1', 'NSF', 'CBLN2', 'NLK', 'SPARC', 'SPAG6', 'KLRC2', 'H91845', 'S100A1', 'RGS16', 'STXBP1', 'NY.SAR.48', 'IGFBP3', 'NCF1', 'ADFP', 'HEY1', 'IQSEC1', 'MDFI', 'GADD45B', 'WDR7', 'SCAMP5', 'TIMP1', 'CD47', 'TSPYL1', 'BNIP2', 'PRG1', 'PRKCZ', 'BCAM', 'HAMP', 'TAP1', 'AKR1C2', 'GAS1', 'USP6NL', 'SPINT2', 'AA669383', 'C1orf63', 'KLRC1', 'C1orf187', 'CAPG', 'PRSS3', 'TNFAIP3', 'LOC283070', 'ID3', 'FBL', 'MDK', 'PDE2A', 'VAMP2', 'COX7A1', 'DSCR1L1', 'MASP1', 'PSD3', 'YWHAG', 'COL9A2', 'ACAD8', 'GBP2', 'MGC42367', 'PYHIN1', 'OSBPL1A', 'CLTB', 'CCDC3', 'MYBPC2', 'H86813', 'S100A11', 'DDN', 'SCN2B', 'C4A', 'EID.3', 'PPP3CB', 'RUNX1', 'H24428', 'PCP4', 'AA029415', 'NDUFB11', 'IMAGE.33267', 'GBP1', 'AA281932', 'N98591', 'TSPAN6', 'LSP1', 'PDPN', 'SERPINI1', 'TOMM40', 'PCDHGC3', 'CYBA', 'C1R', 'DYNLT1', 'MMP2', 'MGP', 'FBXW7', 'AI263051', 'NUAK1', 'MAL2', 'NNMT', 'RTN3', 'HPRT1', 'TBC1D7', 'C8orf4', 'VSNL1', 'PRKCG', 'URP2', 'PDE4DIP', 'BCL2A1', 'MGC39606', 'BLVRB', 'RALY', 'APCS', 'DMN', 'KIAA1644', 'SORT1', 'COL4A2', 'RPS19BP1', 'TNFRSF12A', 'SNCG', 'L1CAM', 'SLC15A2', 'AI005038', 'PLP2', 'DCLRE1B', 'COL1A1', 'LAPTM5', 'NCF2', 'COL6A2', 'AA906888', 'R52960', 'FZD7', 'PRKCB1', 'PARP14', 'COL1A2', 'TTC23', 'EDG3', 'INPP5F', 'AIF1', 'IGFBP5', 'HK2', 'FBXO32', 'CD58', 'PRSS1', 'DEF6', 'TCF7L1', 'KLRC3', 'LGALS3', 'TncRNA', 'ZFHX1B', 'FBXO2', 'IFI30', 'EGLN2', 'RAB27B', 'GYPC', 'ZNF419B', 'AI002301', 'TGFBI', 'LOC400451', 'CD44', 'CDKN2D', 'TNC', 'EPB49', 'LRBA', 'STMN1', 'CACNB2', 'DES', 'PDXP', 'EXT1', 'NMNAT2', 'USP3', 'KIAA0963', 'TMEM49', 'CKMT1A', 'CASP1', 'HMOX1', 'RPS3A', 'TXNDC', 'SOX4', 'APOC2', 'SYT7', 'PHLDA1', 'AA479357', 'ZNF226', 'NPL', 'NLGN1', 'TCTEX1D1', 'ZNF329', 'FAM84B', 'C9orf48', 'KCNMA1', 'DUS3L', 'AI335002', 'PNCK', 'SBP1', 'MTHFD2', 'ASPA', 'PRRX1', 'UBA52', 'KIAA1543', 'SYNGR3', 'CYR61', 'VASP', 'AI822135', 'ARPP.19', 'H20822', 'T51726', 'KCNJ1', 'CLSTN3', 'MICAL2', 'CDKN1A', 'KNS2', 'FAM84A', 'FGF13', 'SRPX', 'RAB30', 'LY96', 'MVP', 'PYGL', 'ITGA9', 'ZNF233', 'FBXL16', 'CD53', 'L3MBTL4', 'SUV39H1', 'ANXA1', 'FCGR2B', 'CDC20B', 'WASF1', 'FREQ', 'WWTR1', 'MYCBP2', 'IGF1R', 'F13A1', 'CEAL1', 'IL21R', 'MYC', 'FAM46A', 'ANXA5', 'DPYD', 'SERPINA3', 'STK17A', 'ITGA3', 'MST1', 'DDEF1', 'EPHB1', 'ABCC3', 'CA11', 'PTPRZ1', 'IGSF3', 'LOC613212', 'A2BP1', 'LILRA1', 'ADAM19', 'AA131320', 'ATP6V1C1', 'LOC541471', 'ID4', 'X37864', 'VEGF', 'HNRNPG.T', 'LOC388610', 'LOC283130', 'CBX6', 'MRC2', 'H41096', 'MOAP1', 'AKR1C1', 'T62491', 'S100A10', 'LYN', 'PALLD', 'AA490257', 'DECR2', 'RBP4', 'HCLS1', 'LOC57228', 'CSPG2', 'CLCA3', 'AA598555', 'IGHG1', 'ANK3', 'KCNQ2', 'PLTP', 'LOC146795', 'R61377', 'DIP2C', 'CAP2', 'PSG5', 'RBP7', 'PRKAR1B', 'SP100', 'PDLIM7', 'TLL2', 'CAMKK2', 'NDST1', 'EDNRB', 'HLA.G', 'TMEM146', 'ADCY1', 'BGN', 'PSG1', 'PPP1R14A', 'AA598631', 'EFHB', 'SLC16A3', 'YWHAH', 'DDIT4', 'CHI3L2', 'ZNF160', 'AA424849', 'HPCA', 'SLC35A2', 'DLL3', 'KCNK6', 'EDG1', 'MSTP9', 'CCL2', 'CTHRC1', 'AEBP1', 'ESM1', 'AI871056', 'IL1RAP', 'MST150', 'POSTN', 'CALM1', 'ZNF217', 'MSN', 'NEFH', 'GOT1', 'OSR1', 'LUM', 'ZNF549', 'MGC18216', 'SERPING1', 'CCR1', 'UGCG', 'PLA2G2A', 'DNASE1L1', 'CAV1', 'GPSM2', 'CLIC1', 'FAS', 'TSPAN4', 'SETD5', 'AI262682', 'LHFPL2', 'IL32', 'LOC389831', 'RFXAP', 'SERPINH1', 'NPTX1']
INDEX
[166, 201, 232, 5, 257, 289, 398, 141, 401, 244, 2, 69, 268, 184, 417, 392, 59, 146, 207, 57, 310, 77, 23, 152, 366, 282, 202, 123, 144, 369, 51, 83, 309, 320, 374, 226, 44, 389, 406, 220, 210, 92, 4, 110, 217, 177, 286, 170, 236, 124, 238, 112, 60, 242, 300, 335, 367, 249, 114, 161, 290, 167, 42, 386, 172, 250, 80, 255, 85, 139, 11, 131, 74, 174, 180, 364, 155, 237, 281, 337, 348, 403, 6, 117, 298, 341, 76, 206, 353, 115, 351, 227, 160, 362, 394, 412, 126, 182, 82, 103, 95, 410, 418, 200, 49, 304, 357, 9, 388, 15, 314, 270, 14, 118, 361, 72, 317, 266, 27, 356, 413, 272, 121, 147, 18, 334, 88, 106, 213, 197, 13, 338, 40, 297, 294, 214, 8, 67, 181, 90, 336, 404, 241, 20, 78, 107, 279, 379, 199, 61, 84, 246, 101, 419, 258, 211, 86, 347, 360, 229, 355, 189, 387, 324, 423, 376, 359, 307, 333, 128, 75, 288, 129, 315, 313, 416, 285, 323, 343, 3, 65, 97, 287, 33, 153, 26, 122, 162, 71, 218, 296, 421, 301, 89, 28, 102, 326, 316, 159, 193, 342, 411, 339, 407, 158, 62, 321, 322, 365, 219, 291, 37, 133, 368, 254, 132, 116, 113, 409, 400, 312, 104, 48, 151, 263, 31, 350, 358, 156, 305, 269, 165, 393, 46, 187, 16, 363, 168, 0, 145, 256, 280, 140, 278, 252, 175, 183, 396, 196, 178, 405, 260, 231, 24, 119, 154, 10, 38, 96, 109, 228, 21, 215, 125, 39, 176, 81, 327, 93, 22, 372, 370, 12, 225, 120, 224, 371, 34, 271, 408, 259, 245, 382, 205, 380, 239, 248, 273, 243, 331, 58, 188, 283, 222, 163, 179, 240, 265, 149, 345, 190, 73, 52, 340, 19, 284, 264, 275, 192, 223, 198, 415, 373, 134, 32, 191, 221, 352, 302, 64, 98, 216, 47, 375, 136, 105, 79, 171, 127, 100, 43, 203, 414, 150, 130, 383, 169, 7, 311, 325, 395, 397, 234, 135, 292, 209, 137, 148, 17, 354, 381, 349, 277, 318, 195, 185, 1, 319, 36, 63, 212, 208, 253, 53, 295, 402, 111, 329, 55, 303, 70, 66, 420, 377, 262, 142, 344, 293, 87, 45, 391, 384, 299, 94, 56, 25, 230, 274, 385, 157, 390, 204, 328, 138, 267, 251, 233, 68, 186, 261, 41, 378, 29, 35, 173, 332, 346, 276, 308, 399, 50, 99, 306, 330, 91, 194, 108, 247, 235, 164, 143, 422]
[Time: 01.07.23 11:50:14] [Level: info] transition: compute_std
[Time: 01.07.23 11:50:15] [Level: info] state: compute_std
[CTRL] GET /data
[CTRL] POST /data
(422, 1)
[Time: 01.07.23 11:50:17] [Level: info] transition: apply_scaling
[Time: 01.07.23 11:50:18] [Level: info] state: apply_scaling
[CTRL] GET /data
[CTRL] POST /data
[213 116 401 348  14 379 410  54 353  63  38 341 371 304 290 256 179 185
 238 264 319 267  70 327 143 324 197 222 158 296 194 102 302 373   1 330
 395 208 203  19 123 368  34 253 254  80  16 356 385 408 404 106 153 211
  96  81 129 314  50 196  97 400 396   3 347 149 191 386 269 367 358 104
 303 282 384 325 172 337 376 416 136 176 134 183 300 323 151 321 263 345
  93 266 142 130 167 350  17 275 177  10 182  55 160   7  75  86 235 159
 419 317  29 223  62 299 246 312  20 292 365 128  95 181  65 206 226 281
  77 274 146 230 322 287  74 103 225 402 283 340 333 162 237 328  47 101
 148 272  45 131  37 397 372 318 336 132 180 357 412 144 334  91  31 245
 382  11   2 364 360   6  79 252  87 140 205  82 295 139 133  36 232  67
 249  61 354 170  72 335 255 169 342  30  92  78  44 115 209 161   5 239
 137 355 392 387 310 366 201 378  57 261 315 346  85 221 157 173 268  76
  42  98 338 293 411  22 352 380 112 309 244  46 399 107 339 369 278  28
 332 150  40 307 390 294 188 233  25  23 247  68 311 109 243 198 388 413
 147 114 214 389  27 277 175 289 105 145 224 297  71 186 125 126  53 207
 184   9  56  64 111  26 375 284 361 156 349  48 200 165  60  90  73 298
 250 202 242  99 291 236  39 280 403 393 285  49  59 124 220 329 166 301
 187 407  32 171   0 259 370 276  12 377 316  52 152 164 279 174 119 288
 217  58 190  88 270  66  35 141 234  15 178   8 414 420 118 154 265 228
  83  51 308  41 216   4 359 262 204 417 138 374 110  43 108 286 331 343
 326 409 421 218 195 405  24 231 189 163 260 117  13 192 210 127 363 406
 351]
(array([116, 213]),)
CURRENT DATA:  <apps.svd.TabData.TabData object at 0x7fc390cec340>
[Time: 01.07.23 11:50:20] [Level: info] transition: mfa_prerequisites
[Time: 01.07.23 11:50:21] [Level: info] state: mfa_prerequisites
Calling start_power_iteration
[Time: 01.07.23 11:50:21] [Level: info] transition: start_power_iteration
[Time: 01.07.23 11:50:22] [Level: info] state: start_power_iteration
[STARTUP] Computing covariance matrix
[STARTUP] Random initialisation
TABDATA SCALED
[[ 0.44459326 -0.07347879  0.26242877 ...  0.68184676  0.79316357
   0.186866  ]
 [ 1.13288716  0.67947567  0.93277493 ...  0.76830704  0.40792516
   0.37039327]
 [-0.18888267 -1.11030954 -0.35858877 ... -0.41839486 -1.10438147
  -0.66655482]
 ...
 [ 0.29100286  0.65301294  0.60130781 ...  0.7356826   0.20647994
   0.03847078]
 [ 0.          0.          0.         ...  0.          0.
   0.42563278]
 [ 0.          0.212041    0.74782642 ...  0.51582641  0.57509082
   0.81553296]]
[Time: 01.07.23 11:50:22] [Level: info] transition: compute_final_h_cov
[Time: 01.07.23 11:50:23] [Level: info] state: compute_final_h_cov
[CTRL] GET /data
[CTRL] POST /data
Setting k
starting eigenvector norms
17
[Time: 01.07.23 11:50:29] [Level: info] transition: compute_local_conorm
[Time: 01.07.23 11:50:30] [Level: info] state: compute_local_conorm
[CTRL] GET /data
[CTRL] POST /data
[Time: 01.07.23 11:50:32] [Level: info] transition: compute_local_norm
[Time: 01.07.23 11:50:33] [Level: info] state: compute_local_norm
[CTRL] GET /data
[CTRL] POST /data
starting orthogonalise_current
ending orthogonalise_current
starting eigenvector norms
17
[Time: 01.07.23 11:50:35] [Level: info] transition: compute_local_conorm
[Time: 01.07.23 11:50:36] [Level: info] state: compute_local_conorm
[CTRL] GET /data
[CTRL] POST /data
[Time: 01.07.23 11:50:38] [Level: info] transition: compute_local_norm
[Time: 01.07.23 11:50:39] [Level: info] state: compute_local_norm
[CTRL] GET /data
[CTRL] POST /data
starting orthogonalise_current
ending orthogonalise_current
starting eigenvector norms
17
[Time: 01.07.23 11:50:41] [Level: info] transition: compute_local_conorm
[Time: 01.07.23 11:50:42] [Level: info] state: compute_local_conorm
[CTRL] GET /data
[CTRL] POST /data
[Time: 01.07.23 11:50:44] [Level: info] transition: compute_local_norm
[Time: 01.07.23 11:50:45] [Level: info] state: compute_local_norm
[CTRL] GET /data
[CTRL] POST /data
starting orthogonalise_current
ending orthogonalise_current
starting eigenvector norms
17
[Time: 01.07.23 11:50:47] [Level: info] transition: compute_local_conorm
[Time: 01.07.23 11:50:48] [Level: info] state: compute_local_conorm
[CTRL] GET /data
[CTRL] POST /data
[Time: 01.07.23 11:50:50] [Level: info] transition: compute_local_norm
[Time: 01.07.23 11:50:51] [Level: info] state: compute_local_norm
[CTRL] GET /data
[CTRL] POST /data
starting orthogonalise_current
ending orthogonalise_current
starting eigenvector norms
17
[Time: 01.07.23 11:50:53] [Level: info] transition: compute_local_conorm
[Time: 01.07.23 11:50:54] [Level: info] state: compute_local_conorm
[CTRL] GET /data
[CTRL] POST /data
[Time: 01.07.23 11:50:56] [Level: info] transition: compute_local_norm
[Time: 01.07.23 11:50:57] [Level: info] state: compute_local_norm
[CTRL] GET /data
[CTRL] POST /data
starting orthogonalise_current
ending orthogonalise_current
starting eigenvector norms
17
[Time: 01.07.23 11:50:59] [Level: info] transition: compute_local_conorm
[Time: 01.07.23 11:51:00] [Level: info] state: compute_local_conorm
[CTRL] GET /data
[CTRL] POST /data
[Time: 01.07.23 11:51:02] [Level: info] transition: compute_local_norm
[Time: 01.07.23 11:51:03] [Level: info] state: compute_local_norm
[CTRL] GET /data
[CTRL] POST /data
starting orthogonalise_current
ending orthogonalise_current
starting eigenvector norms
17
[Time: 01.07.23 11:51:05] [Level: info] transition: compute_local_conorm
[Time: 01.07.23 11:51:06] [Level: info] state: compute_local_conorm
[CTRL] GET /data
[CTRL] POST /data
[Time: 01.07.23 11:51:08] [Level: info] transition: compute_local_norm
[Time: 01.07.23 11:51:09] [Level: info] state: compute_local_norm
[CTRL] GET /data
[CTRL] POST /data
starting orthogonalise_current
ending orthogonalise_current
starting eigenvector norms
17
[Time: 01.07.23 11:51:11] [Level: info] transition: compute_local_conorm
[Time: 01.07.23 11:51:12] [Level: info] state: compute_local_conorm
[CTRL] GET /data
[CTRL] POST /data
[Time: 01.07.23 11:51:14] [Level: info] transition: compute_local_norm
[Time: 01.07.23 11:51:15] [Level: info] state: compute_local_norm
[CTRL] GET /data
[CTRL] POST /data
starting orthogonalise_current
ending orthogonalise_current
starting eigenvector norms
17
[Time: 01.07.23 11:51:17] [Level: info] transition: compute_local_conorm
[Time: 01.07.23 11:51:18] [Level: info] state: compute_local_conorm
[CTRL] GET /data
[CTRL] POST /data
[Time: 01.07.23 11:51:20] [Level: info] transition: compute_local_norm
[Time: 01.07.23 11:51:21] [Level: info] state: compute_local_norm
[CTRL] GET /data
[CTRL] POST /data
starting orthogonalise_current
ending orthogonalise_current
starting eigenvector norms
17
[Time: 01.07.23 11:51:23] [Level: info] transition: compute_local_conorm
[Time: 01.07.23 11:51:24] [Level: info] state: compute_local_conorm
[CTRL] GET /data
[CTRL] POST /data
[Time: 01.07.23 11:51:26] [Level: info] transition: compute_local_norm
[Time: 01.07.23 11:51:27] [Level: info] state: compute_local_norm
[CTRL] GET /data
[CTRL] POST /data
starting orthogonalise_current
ending orthogonalise_current
starting eigenvector norms
17
[Time: 01.07.23 11:51:29] [Level: info] transition: compute_local_conorm
[Time: 01.07.23 11:51:30] [Level: info] state: compute_local_conorm
[CTRL] GET /data
[CTRL] POST /data
[Time: 01.07.23 11:51:32] [Level: info] transition: compute_local_norm
[Time: 01.07.23 11:51:33] [Level: info] state: compute_local_norm
[CTRL] GET /data
[CTRL] POST /data
starting orthogonalise_current
ending orthogonalise_current
starting eigenvector norms
17
[Time: 01.07.23 11:51:35] [Level: info] transition: compute_local_conorm
[Time: 01.07.23 11:51:36] [Level: info] state: compute_local_conorm
[CTRL] GET /data
[CTRL] POST /data
[Time: 01.07.23 11:51:38] [Level: info] transition: compute_local_norm
[Time: 01.07.23 11:51:39] [Level: info] state: compute_local_norm
[CTRL] GET /data
[CTRL] POST /data
starting orthogonalise_current
ending orthogonalise_current
starting eigenvector norms
17
[Time: 01.07.23 11:51:41] [Level: info] transition: compute_local_conorm
[Time: 01.07.23 11:51:42] [Level: info] state: compute_local_conorm
[CTRL] GET /data
[CTRL] POST /data
[Time: 01.07.23 11:51:44] [Level: info] transition: compute_local_norm
[Time: 01.07.23 11:51:45] [Level: info] state: compute_local_norm
[CTRL] GET /data
[CTRL] POST /data
starting orthogonalise_current
ending orthogonalise_current
starting eigenvector norms
17
[Time: 01.07.23 11:51:47] [Level: info] transition: compute_local_conorm
[Time: 01.07.23 11:51:48] [Level: info] state: compute_local_conorm
[CTRL] GET /data
[CTRL] POST /data
[Time: 01.07.23 11:51:50] [Level: info] transition: compute_local_norm
[Time: 01.07.23 11:51:51] [Level: info] state: compute_local_norm
[CTRL] GET /data
[CTRL] POST /data
starting orthogonalise_current
ending orthogonalise_current
starting eigenvector norms
17
[Time: 01.07.23 11:51:53] [Level: info] transition: compute_local_conorm
[Time: 01.07.23 11:51:54] [Level: info] state: compute_local_conorm
[CTRL] GET /data
[CTRL] POST /data
[Time: 01.07.23 11:51:56] [Level: info] transition: compute_local_norm
[Time: 01.07.23 11:51:57] [Level: info] state: compute_local_norm
[CTRL] GET /data
[CTRL] POST /data
starting orthogonalise_current
ending orthogonalise_current
starting eigenvector norms
17
[Time: 01.07.23 11:51:59] [Level: info] transition: compute_local_conorm
[Time: 01.07.23 11:52:00] [Level: info] state: compute_local_conorm
[CTRL] GET /data
[CTRL] POST /data
[Time: 01.07.23 11:52:02] [Level: info] transition: compute_local_norm
[Time: 01.07.23 11:52:03] [Level: info] state: compute_local_norm
[CTRL] GET /data
[CTRL] POST /data
starting orthogonalise_current
ending orthogonalise_current
starting eigenvector norms
17
[Time: 01.07.23 11:52:05] [Level: info] transition: normalize_g
[Time: 01.07.23 11:52:06] [Level: info] state: normalize_g
[CTRL] GET /data
[CTRL] POST /data
Normalising
(26, 17)
17
End normalising
(26, 17)
(17, 17)
(17,)
(26, 17)
[Time: 01.07.23 11:52:08] [Level: info] transition: separate_pca
[Time: 01.07.23 11:52:09] [Level: info] state: separate_pca
[Time: 01.07.23 11:52:09] [Level: info] transition: init_pca
[Time: 01.07.23 11:52:10] [Level: info] state: init_pca
[STARTUP] Copy configuration and create dir
/mnt/input/hospital_data_bredel_1.csv
TEST: ['/mnt/input/hospital_data_bredel_1 - Copy.csv', '/mnt/input/hospital_data_bredel_1.csv']
[STARTUP] Configuration copied
Log Transform performed
/app/apps/svd/FC_Federated_PCA.py:104: RuntimeWarning: invalid value encountered in log2
  self.tabdata.scaled = np.log2(self.tabdata.scaled+1)
out {'Row names': array(['EXT1', 'DIP2C', 'SVIL', 'MGC39606', 'ADARB2', 'PARD3', 'SPAG6',
       'AKR1C1', 'CCDC3', 'AKR1C2', 'TCTEX1D1', 'GYPA', 'VASP', 'ACAD8',
       'C1orf63', 'USP6NL', 'CACNB2', 'CLCA3', 'COX7A1', 'CEAL1', 'EID.3',
       'DUS3L', 'KIAA1543', 'HBXIP', 'ZNF226', 'EDG1', 'SORT1',
       'LOC283070', 'DCLRE1B', 'ZNF549', 'KLRC3', 'ZNF419B', 'DDEF1',
       'DMN', 'KCNJ1', 'MGC18216', 'PSG5', 'FBXO32', 'ZNF329', 'SBP1',
       'MGC42367', 'OSR1', 'D21S2089E', 'HNRNPG.T', 'AP4B1', 'ZNF160',
       'LRBA', 'LILRA1', 'EGLN2', 'BCAM', 'GPSM2', 'APOC1', 'IGF1R',
       'TLL2', 'CA11', 'TMEM146', 'KCNK6', 'TFDP2', 'ZNF233', 'COX6A2',
       'UBE4B', 'NDUFB11', 'TTC23', 'RBP7', 'IGSF3', 'BLVRB', 'PSG1',
       'MYBPC2', 'MSN', 'H08563', 'BGN', 'TNFRSF12A', 'CAPG', 'MYCBP2',
       'EMP3', 'RTN3', 'RGS16', 'ITGA5', 'PPP3CB', 'LOC541471', 'H78560',
       'ASPA', 'TIMP1', 'AA398420', 'IMAGE.33267', 'SOCS3', 'PDPN',
       'CHI3L2', 'MASP1', 'PLP2', 'S100A11', 'SETD5', 'T97457', 'UBA52',
       'DLL3', 'TSPYL1', 'FAM84B', 'RALY', 'LOC613212', 'CLIC1', 'VEGF',
       'AA281932', 'COL1A1', 'CD47', 'IFI30', 'ATP6V1C1', 'PSD3', 'RUNX1',
       'LHFPL2', 'C9orf48', 'CA12', 'EDNRB', 'PPP3CA', 'LGALS3', 'STEAP3',
       'IGFBP3', 'KLRC3', 'KLRC2', 'KLRC1', 'NPL', 'ARPP.19', 'PDE2A',
       'COL4A2', 'TIMP3', 'PLAUR', 'PNCK', 'WDR7', 'X37864', 'NNMT',
       'TBC1D7', 'MRC2', 'ABCA5', 'TCF7L1', 'CD58', 'MST1', 'DECR2',
       'AA131320', 'LOC57228', 'MST150', 'PEG3', 'TMEM49', 'FABP3',
       'SLC16A3', 'SERPINH1', 'ADM', 'NMNAT2', 'GABBR1', 'VAMP2', 'CSPG2',
       'WASF1', 'CBX6', 'RAB27B', 'COL3A1', 'KIAA1644', 'NLGN1',
       'C16orf5', 'LOC400451', 'AEBP1', 'COL1A2', 'COL6A2', 'HEY1',
       'HSPG2', 'RPS19BP1', 'SUV39H1', 'RFXAP', 'TNC', 'DKFZp313A2432',
       'STC1', 'PDXP', 'MOAP1', 'MAPKBP1', 'ID4', 'CACNB3', 'SERPING1',
       'RND3', 'HMOX1', 'MTHFD2', 'R70506', 'APOC2', 'ANXA1', 'AA489629',
       'H86813', 'SCAMP5', 'RPS3A', 'PLAU', 'R61377', 'NEFH', 'STMN1',
       'FBXL16', 'C1R', 'WWTR1', 'EPHB1', 'ANXA5', 'AA906888', 'AI262682',
       'LOC146795', 'SOX4', 'COL9A2', 'SERPINA3', 'AA029415', 'PRKCZ',
       'FLJ35740', 'FN1', 'LOC388610', 'AI871056', 'FGF13', 'STXBP1',
       'AI357047', 'SP100', 'HCLS1', 'MGC26694', 'LSP1', 'PRKAR1B',
       'YWHAG', 'CLTB', 'AI335002', 'A2BP1', 'HLA.A', 'SNCG', 'IGFBP5',
       'PYCR1', 'ABCC3', 'L3MBTL4', 'DPYD', 'H20822', 'AI822135', 'LMO7',
       'ADFP', 'KCNMA1', 'PCDHGC3', 'MSTP9', 'AA479357', 'LTF', 'ZNF217',
       'AA490257', 'LOC389831', 'AA975768', 'NOTCH1', 'MB', 'RAB30',
       'FCGR2B', 'C4A', 'FLJ38984', 'PYGL', 'SNRPN', 'KNS2', 'GBP1',
       'IL32', 'LY96', 'AA181288', 'IGF2BP3', 'CALM1', 'CASP1', 'PDLIM7',
       'DEF6', 'W93688', 'USP3', 'X38595', 'TSPAN6', 'CDKN1A', 'PHLDA1',
       'GOT1', 'EFHB', 'GYPC', 'MYC', 'CDC20B', 'TNFAIP3', 'POSTN',
       'PLOD2', 'CDKN2D', 'AA669383', 'CLSTN3', 'MDK', 'MVP', 'CCL2',
       'FAM46A', 'PLA2G2A', 'KCNQ2', 'CKMT1A', 'H24428', 'KIAA0963',
       'NSF', 'RAB11FIP4', 'CD53', 'IL21R', 'URP2', 'CAMK2A', 'APCS',
       'HPRT1', 'LAMA4', 'ITPKA', 'HK2', 'RBP4', 'DDIT4', 'OSBPL1A',
       'CAMKK2', 'L1CAM', 'PYHIN1', 'H91845', 'SLC35A2', 'FCGRT',
       'AI005038', 'PTPRZ1', 'ADCY1', 'HAMP', 'CD44', 'FAS', 'NUAK1',
       'DNASE1L1', 'GPNMB', 'HBA1', 'T62491', 'FBXO2', 'VSNL1', 'SPINT2',
       'C8orf4', 'NCF2', 'PRSS3', 'PLTP', 'CAP2', 'LAMB1', 'EDG3',
       'INPP5F', 'PDE4DIP', 'MMP2', 'S100A10', 'LAPTM5', 'PRRX1',
       'IL1RAP', 'HLA.G', 'TSPAN4', 'ITGA9', 'CCR1', 'MAL2', 'DSCR1L1',
       'C6orf12', 'DDN', 'CBLN2', 'GBP2', 'PRKCB1', 'F13A1', 'S100A1',
       'R52960', 'BCL2A1', 'YWHAH', 'FREQ', 'UGCG', 'SERPINI1', 'NLK',
       'ANK3', 'AI002301', 'NCF1', 'CA11', 'NY.SAR.48', 'AA598555',
       'CYBA', 'ID3', 'TAP1', 'TGFBI', 'AI263051', 'TOMM40', 'C1orf187',
       'IQSEC1', 'DES', 'NPC2', 'AIF1', 'HLA.F', 'AI350724', 'PRSS1',
       'SAA2', 'CYR61', 'T51726', 'SYNGR3', 'ITGA3', 'CHN1', 'ADAM19',
       'FBXW7', 'AA598631', 'LUM', 'PCP4', 'SRPX', 'IGHG1', 'FAM84A',
       'H41096', 'HPCA', 'CTHRC1', 'AA401952', 'DYNLT1', 'GAS1', 'RAB20',
       'ESM1', 'AA424849', 'NR4A1', 'EPB49', 'MDFI', 'LYN', 'TXNDC',
       'PALLD', 'R70684', 'CAV1', 'ZFHX1B', 'H10054', 'NDST1', 'SPARC',
       'SCN2B', 'SYT7', 'MED11', 'PARP14', 'MICAL2', 'TncRNA', 'BNIP2',
       'FZD7', 'GADD45B', 'FBL', 'LOC283130', 'STK17A', 'PRKCG',
       'HLA.DRB1', 'PRG1', 'N98591', 'PPP1R14A', 'SLC15A2', 'NPTX1',
       'MGP'], dtype=object), 'Sample count': 26, 'Nans': array([ 0,  0,  0,  0,  2,  0,  3,  0,  0,  3,  3,  0,  0,  0,  0,  4,  0,
        0,  1,  0,  0,  2,  0,  0,  1,  1,  0,  4,  0,  1,  0,  0,  1,  0,
        4,  2,  0,  0,  5,  0,  0,  0,  0,  2,  1,  0,  3,  3,  0,  0,  0,
        1,  0,  9,  0,  0,  0,  1,  0,  0,  1,  0,  0,  8,  0,  2,  0,  3,
        8, 12,  2, 16,  1,  1, 18,  0,  0, 20,  0, 14, 12,  0, 11,  0, 12,
        6,  6,  2,  4, 22, 17,  5, 14,  7,  7, 10,  5,  0,  0, 22, 10,  7,
       10,  0,  6,  0, 15,  6,  0,  5,  9,  0,  0, 12,  9, 19, 16, 17, 16,
        0,  0,  1,  3,  0, 11,  0,  0,  0, 18,  0,  1, 10,  7,  7, 17, 11,
        0,  1,  2,  4, 15,  1, 24, 18, 12,  0,  0,  0,  0,  2,  0, 16,  0,
       10,  1,  1, 12,  1, 15, 15,  0, 11,  0,  2,  1,  7,  5, 17,  7,  0,
        0,  0,  4,  0,  8,  0, 18,  1,  1, 10,  0, 13,  0,  3, 11,  9,  5,
        9,  1,  0,  0,  0,  4, 16, 15,  0, 16,  0,  1, 17,  0,  0, 15,  6,
       25,  7,  6, 10,  3,  0,  1, 12,  1,  0,  4,  5,  0,  0,  6,  0, 24,
        5, 15,  1,  0, 13, 12, 17,  0,  0,  0,  0,  0, 25,  0, 14,  1,  0,
        0, 14,  0,  0,  0, 10,  2,  0,  0, 22,  2, 11, 25,  0,  4, 18,  3,
        3, 23,  3,  4,  1,  3,  0, 10, 22, 23, 24, 10,  4, 12,  4, 11,  0,
       13,  0,  1,  7, 14,  0,  4,  0,  4,  1,  4,  0, 12,  0,  0,  0, 19,
        3,  3, 16, 25, 15,  0,  2,  8,  2, 20,  0,  0,  7,  0,  5,  8, 14,
        0,  0,  0,  8,  0,  3,  3,  1, 19,  3,  0, 26,  0,  2, 17,  0,  0,
        6, 17, 10,  0,  0,  0,  0, 11,  2,  1, 15,  2,  0,  2,  1,  0,  3,
        0,  4, 16, 11,  0,  0, 17,  1,  0,  2,  2,  2,  0,  8, 20, 21,  6,
        0, 15,  4,  0, 10,  0,  1,  0,  0,  0,  4, 26,  0, 11, 12,  9,  0,
        0,  0,  1,  0, 25,  2,  3,  0,  0,  2,  3, 11,  0,  0,  3,  2, 15,
        7,  6,  2,  6,  0,  4,  0,  0, 19, 15,  0,  0,  0,  1,  7,  0,  0,
        6, 17,  2,  8,  0,  7,  3,  7,  0,  0,  0,  0,  0,  0,  8,  2])}
[Time: 01.07.23 11:52:10] [Level: info] transition: wait_for_params
[Time: 01.07.23 11:52:11] [Level: info] state: wait_for_params
[CTRL] GET /data
[CTRL] POST /data
setting parameters
[API] Setting parameters
['DKFZp313A2432', 'FLJ35740', 'LTF', 'PARD3', 'X38595', 'LAMA4', 'R70684', 'FABP3', 'H10054', 'SNRPN', 'SVIL', 'H08563', 'PLOD2', 'PLAU', 'HLA.DRB1', 'NR4A1', 'COX6A2', 'GABBR1', 'AI357047', 'TFDP2', 'HBA1', 'ITGA5', 'HBXIP', 'COL3A1', 'HLA.F', 'RAB11FIP4', 'FN1', 'TIMP3', 'ADM', 'SAA2', 'APOC1', 'AA398420', 'GPNMB', 'LAMB1', 'CHN1', 'LMO7', 'AP4B1', 'RAB20', 'MED11', 'PYCR1', 'MGC26694', 'T97457', 'ADARB2', 'CA12', 'HLA.A', 'R70506', 'CAMK2A', 'MAPKBP1', 'AA975768', 'PLAUR', 'MB', 'PPP3CA', 'UBE4B', 'FLJ38984', 'FCGRT', 'C6orf12', 'AI350724', 'AA181288', 'STEAP3', 'HSPG2', 'ITPKA', 'STC1', 'D21S2089E', 'AA401952', 'CACNB3', 'IGF2BP3', 'H78560', 'W93688', 'SOCS3', 'PEG3', 'GYPA', 'ABCA5', 'EMP3', 'RND3', 'AA489629', 'NPC2', 'C16orf5', 'NOTCH1', 'NSF', 'CBLN2', 'NLK', 'SPARC', 'SPAG6', 'KLRC2', 'H91845', 'S100A1', 'RGS16', 'STXBP1', 'NY.SAR.48', 'IGFBP3', 'NCF1', 'ADFP', 'HEY1', 'IQSEC1', 'MDFI', 'GADD45B', 'WDR7', 'SCAMP5', 'TIMP1', 'CD47', 'TSPYL1', 'BNIP2', 'PRG1', 'PRKCZ', 'BCAM', 'HAMP', 'TAP1', 'AKR1C2', 'GAS1', 'USP6NL', 'SPINT2', 'AA669383', 'C1orf63', 'KLRC1', 'C1orf187', 'CAPG', 'PRSS3', 'TNFAIP3', 'LOC283070', 'ID3', 'FBL', 'MDK', 'PDE2A', 'VAMP2', 'COX7A1', 'DSCR1L1', 'MASP1', 'PSD3', 'YWHAG', 'COL9A2', 'ACAD8', 'GBP2', 'MGC42367', 'PYHIN1', 'OSBPL1A', 'CLTB', 'CCDC3', 'MYBPC2', 'H86813', 'S100A11', 'DDN', 'SCN2B', 'C4A', 'EID.3', 'PPP3CB', 'RUNX1', 'H24428', 'PCP4', 'AA029415', 'NDUFB11', 'IMAGE.33267', 'GBP1', 'AA281932', 'N98591', 'TSPAN6', 'LSP1', 'PDPN', 'SERPINI1', 'TOMM40', 'PCDHGC3', 'CYBA', 'C1R', 'DYNLT1', 'MMP2', 'MGP', 'FBXW7', 'AI263051', 'NUAK1', 'MAL2', 'NNMT', 'RTN3', 'HPRT1', 'TBC1D7', 'C8orf4', 'VSNL1', 'PRKCG', 'URP2', 'PDE4DIP', 'BCL2A1', 'MGC39606', 'BLVRB', 'RALY', 'APCS', 'DMN', 'KIAA1644', 'SORT1', 'COL4A2', 'RPS19BP1', 'TNFRSF12A', 'SNCG', 'L1CAM', 'SLC15A2', 'AI005038', 'PLP2', 'DCLRE1B', 'COL1A1', 'LAPTM5', 'NCF2', 'COL6A2', 'AA906888', 'R52960', 'FZD7', 'PRKCB1', 'PARP14', 'COL1A2', 'TTC23', 'EDG3', 'INPP5F', 'AIF1', 'IGFBP5', 'HK2', 'FBXO32', 'CD58', 'PRSS1', 'DEF6', 'TCF7L1', 'KLRC3', 'LGALS3', 'TncRNA', 'ZFHX1B', 'FBXO2', 'IFI30', 'EGLN2', 'RAB27B', 'GYPC', 'ZNF419B', 'AI002301', 'TGFBI', 'LOC400451', 'CD44', 'CDKN2D', 'TNC', 'EPB49', 'LRBA', 'STMN1', 'CACNB2', 'DES', 'PDXP', 'EXT1', 'NMNAT2', 'USP3', 'KIAA0963', 'TMEM49', 'CKMT1A', 'CASP1', 'HMOX1', 'RPS3A', 'TXNDC', 'SOX4', 'APOC2', 'SYT7', 'PHLDA1', 'AA479357', 'ZNF226', 'NPL', 'NLGN1', 'TCTEX1D1', 'ZNF329', 'FAM84B', 'C9orf48', 'KCNMA1', 'DUS3L', 'AI335002', 'PNCK', 'SBP1', 'MTHFD2', 'ASPA', 'PRRX1', 'UBA52', 'KIAA1543', 'SYNGR3', 'CYR61', 'VASP', 'AI822135', 'ARPP.19', 'H20822', 'T51726', 'KCNJ1', 'CLSTN3', 'MICAL2', 'CDKN1A', 'KNS2', 'FAM84A', 'FGF13', 'SRPX', 'RAB30', 'LY96', 'MVP', 'PYGL', 'ITGA9', 'ZNF233', 'FBXL16', 'CD53', 'L3MBTL4', 'SUV39H1', 'ANXA1', 'FCGR2B', 'CDC20B', 'WASF1', 'FREQ', 'WWTR1', 'MYCBP2', 'IGF1R', 'F13A1', 'CEAL1', 'IL21R', 'MYC', 'FAM46A', 'ANXA5', 'DPYD', 'SERPINA3', 'STK17A', 'ITGA3', 'MST1', 'DDEF1', 'EPHB1', 'ABCC3', 'CA11', 'PTPRZ1', 'IGSF3', 'LOC613212', 'A2BP1', 'LILRA1', 'ADAM19', 'AA131320', 'ATP6V1C1', 'LOC541471', 'ID4', 'X37864', 'VEGF', 'HNRNPG.T', 'LOC388610', 'LOC283130', 'CBX6', 'MRC2', 'H41096', 'MOAP1', 'AKR1C1', 'T62491', 'S100A10', 'LYN', 'PALLD', 'AA490257', 'DECR2', 'RBP4', 'HCLS1', 'LOC57228', 'CSPG2', 'CLCA3', 'AA598555', 'IGHG1', 'ANK3', 'KCNQ2', 'PLTP', 'LOC146795', 'R61377', 'DIP2C', 'CAP2', 'PSG5', 'RBP7', 'PRKAR1B', 'SP100', 'PDLIM7', 'TLL2', 'CAMKK2', 'NDST1', 'EDNRB', 'HLA.G', 'TMEM146', 'ADCY1', 'BGN', 'PSG1', 'PPP1R14A', 'AA598631', 'EFHB', 'SLC16A3', 'YWHAH', 'DDIT4', 'CHI3L2', 'ZNF160', 'AA424849', 'HPCA', 'SLC35A2', 'DLL3', 'KCNK6', 'EDG1', 'MSTP9', 'CCL2', 'CTHRC1', 'AEBP1', 'ESM1', 'AI871056', 'IL1RAP', 'MST150', 'POSTN', 'CALM1', 'ZNF217', 'MSN', 'NEFH', 'GOT1', 'OSR1', 'LUM', 'ZNF549', 'MGC18216', 'SERPING1', 'CCR1', 'UGCG', 'PLA2G2A', 'DNASE1L1', 'CAV1', 'GPSM2', 'CLIC1', 'FAS', 'TSPAN4', 'SETD5', 'AI262682', 'LHFPL2', 'IL32', 'LOC389831', 'RFXAP', 'SERPINH1', 'NPTX1']
INDEX
[166, 201, 232, 5, 257, 289, 398, 141, 401, 244, 2, 69, 268, 184, 417, 392, 59, 146, 207, 57, 310, 77, 23, 152, 366, 282, 202, 123, 144, 369, 51, 83, 309, 320, 374, 226, 44, 389, 406, 220, 210, 92, 4, 110, 217, 177, 286, 170, 236, 124, 238, 112, 60, 242, 300, 335, 367, 249, 114, 161, 290, 167, 42, 386, 172, 250, 80, 255, 85, 139, 11, 131, 74, 174, 180, 364, 155, 237, 281, 337, 348, 403, 6, 117, 298, 341, 76, 206, 353, 115, 351, 227, 160, 362, 394, 412, 126, 182, 82, 103, 95, 410, 418, 200, 49, 304, 357, 9, 388, 15, 314, 270, 14, 118, 361, 72, 317, 266, 27, 356, 413, 272, 121, 147, 18, 334, 88, 106, 213, 197, 13, 338, 40, 297, 294, 214, 8, 67, 181, 90, 336, 404, 241, 20, 78, 107, 279, 379, 199, 61, 84, 246, 101, 419, 258, 211, 86, 347, 360, 229, 355, 189, 387, 324, 423, 376, 359, 307, 333, 128, 75, 288, 129, 315, 313, 416, 285, 323, 343, 3, 65, 97, 287, 33, 153, 26, 122, 162, 71, 218, 296, 421, 301, 89, 28, 102, 326, 316, 159, 193, 342, 411, 339, 407, 158, 62, 321, 322, 365, 219, 291, 37, 133, 368, 254, 132, 116, 113, 409, 400, 312, 104, 48, 151, 263, 31, 350, 358, 156, 305, 269, 165, 393, 46, 187, 16, 363, 168, 0, 145, 256, 280, 140, 278, 252, 175, 183, 396, 196, 178, 405, 260, 231, 24, 119, 154, 10, 38, 96, 109, 228, 21, 215, 125, 39, 176, 81, 327, 93, 22, 372, 370, 12, 225, 120, 224, 371, 34, 271, 408, 259, 245, 382, 205, 380, 239, 248, 273, 243, 331, 58, 188, 283, 222, 163, 179, 240, 265, 149, 345, 190, 73, 52, 340, 19, 284, 264, 275, 192, 223, 198, 415, 373, 134, 32, 191, 221, 352, 302, 64, 98, 216, 47, 375, 136, 105, 79, 171, 127, 100, 43, 203, 414, 150, 130, 383, 169, 7, 311, 325, 395, 397, 234, 135, 292, 209, 137, 148, 17, 354, 381, 349, 277, 318, 195, 185, 1, 319, 36, 63, 212, 208, 253, 53, 295, 402, 111, 329, 55, 303, 70, 66, 420, 377, 262, 142, 344, 293, 87, 45, 391, 384, 299, 94, 56, 25, 230, 274, 385, 157, 390, 204, 328, 138, 267, 251, 233, 68, 186, 261, 41, 378, 29, 35, 173, 332, 346, 276, 308, 399, 50, 99, 306, 330, 91, 194, 108, 247, 235, 164, 143, 422]
[Time: 01.07.23 11:52:14] [Level: info] transition: compute_std
[Time: 01.07.23 11:52:15] [Level: info] state: compute_std
[CTRL] GET /data
[CTRL] POST /data
(422, 1)
[Time: 01.07.23 11:52:17] [Level: info] transition: apply_scaling
[Time: 01.07.23 11:52:18] [Level: info] state: apply_scaling
[CTRL] GET /data
[CTRL] POST /data
[213 116 401 348  14 379 410  54 353  63  38 341 371 304 290 256 179 185
 238 264 319 267  70 327 143 324 197 222 158 296 194 102 302 373   1 330
 395 208 203  19 123 368  34 253 254  80  16 356 385 408 404 106 153 211
  96  81 129 314  50 196  97 400 396   3 347 149 191 386 269 367 358 104
 303 282 384 325 172 337 376 416 136 176 134 183 300 323 151 321 263 345
  93 266 142 130 167 350  17 275 177  10 182  55 160   7  75  86 235 159
 419 317  29 223  62 299 246 312  20 292 365 128  95 181  65 206 226 281
  77 274 146 230 322 287  74 103 225 402 283 340 333 162 237 328  47 101
 148 272  45 131  37 397 372 318 336 132 180 357 412 144 334  91  31 245
 382  11   2 364 360   6  79 252  87 140 205  82 295 139 133  36 232  67
 249  61 354 170  72 335 255 169 342  30  92  78  44 115 209 161   5 239
 137 355 392 387 310 366 201 378  57 261 315 346  85 221 157 173 268  76
  42  98 338 293 411  22 352 380 112 309 244  46 399 107 339 369 278  28
 332 150  40 307 390 294 188 233  25  23 247  68 311 109 243 198 388 413
 147 114 214 389  27 277 175 289 105 145 224 297  71 186 125 126  53 207
 184   9  56  64 111  26 375 284 361 156 349  48 200 165  60  90  73 298
 250 202 242  99 291 236  39 280 403 393 285  49  59 124 220 329 166 301
 187 407  32 171   0 259 370 276  12 377 316  52 152 164 279 174 119 288
 217  58 190  88 270  66  35 141 234  15 178   8 414 420 118 154 265 228
  83  51 308  41 216   4 359 262 204 417 138 374 110  43 108 286 331 343
 326 409 421 218 195 405  24 231 189 163 260 117  13 192 210 127 363 406
 351]
(array([116, 213]),)
CURRENT DATA:  <apps.svd.TabData.TabData object at 0x7fc390cecf40>
[Time: 01.07.23 11:52:20] [Level: info] transition: mfa_prerequisites
[Time: 01.07.23 11:52:21] [Level: info] state: mfa_prerequisites
Calling start_power_iteration
[Time: 01.07.23 11:52:21] [Level: info] transition: start_power_iteration
[Time: 01.07.23 11:52:22] [Level: info] state: start_power_iteration
[STARTUP] Computing covariance matrix
[STARTUP] Random initialisation
TABDATA SCALED
[[ 0.44459326 -0.07347879  0.26242877 ...  0.68184676  0.79316357
   0.186866  ]
 [ 1.13288716  0.67947567  0.93277493 ...  0.76830704  0.40792516
   0.37039327]
 [-0.18888267 -1.11030954 -0.35858877 ... -0.41839486 -1.10438147
  -0.66655482]
 ...
 [ 0.29100286  0.65301294  0.60130781 ...  0.7356826   0.20647994
   0.03847078]
 [ 0.          0.          0.         ...  0.          0.
   0.42563278]
 [ 0.          0.212041    0.74782642 ...  0.51582641  0.57509082
   0.81553296]]
[Time: 01.07.23 11:52:22] [Level: info] transition: compute_final_h_cov
[Time: 01.07.23 11:52:23] [Level: info] state: compute_final_h_cov
[CTRL] GET /data
[CTRL] POST /data
Setting k
starting eigenvector norms
17
[Time: 01.07.23 11:52:29] [Level: info] transition: compute_local_conorm
[Time: 01.07.23 11:52:30] [Level: info] state: compute_local_conorm
[CTRL] GET /data
[CTRL] POST /data
[Time: 01.07.23 11:52:32] [Level: info] transition: compute_local_norm
[Time: 01.07.23 11:52:33] [Level: info] state: compute_local_norm
[CTRL] GET /data
[CTRL] POST /data
starting orthogonalise_current
ending orthogonalise_current
starting eigenvector norms
17
[Time: 01.07.23 11:52:35] [Level: info] transition: compute_local_conorm
[Time: 01.07.23 11:52:36] [Level: info] state: compute_local_conorm
[CTRL] GET /data
[CTRL] POST /data
[Time: 01.07.23 11:52:38] [Level: info] transition: compute_local_norm
[Time: 01.07.23 11:52:39] [Level: info] state: compute_local_norm
[CTRL] GET /data
[CTRL] POST /data
starting orthogonalise_current
ending orthogonalise_current
starting eigenvector norms
17
[Time: 01.07.23 11:52:41] [Level: info] transition: compute_local_conorm
[Time: 01.07.23 11:52:42] [Level: info] state: compute_local_conorm
[CTRL] GET /data
[CTRL] POST /data
[Time: 01.07.23 11:52:44] [Level: info] transition: compute_local_norm
[Time: 01.07.23 11:52:45] [Level: info] state: compute_local_norm
[CTRL] GET /data
[CTRL] POST /data
starting orthogonalise_current
ending orthogonalise_current
starting eigenvector norms
17
[Time: 01.07.23 11:52:47] [Level: info] transition: compute_local_conorm
[Time: 01.07.23 11:52:48] [Level: info] state: compute_local_conorm
[CTRL] GET /data
[CTRL] POST /data
[Time: 01.07.23 11:52:50] [Level: info] transition: compute_local_norm
[Time: 01.07.23 11:52:51] [Level: info] state: compute_local_norm
[CTRL] GET /data
[CTRL] POST /data
starting orthogonalise_current
ending orthogonalise_current
starting eigenvector norms
17
[Time: 01.07.23 11:52:53] [Level: info] transition: compute_local_conorm
[Time: 01.07.23 11:52:54] [Level: info] state: compute_local_conorm
[CTRL] GET /data
[CTRL] POST /data
[Time: 01.07.23 11:52:56] [Level: info] transition: compute_local_norm
[Time: 01.07.23 11:52:57] [Level: info] state: compute_local_norm
[CTRL] GET /data
[CTRL] POST /data
starting orthogonalise_current
ending orthogonalise_current
starting eigenvector norms
17
[Time: 01.07.23 11:52:59] [Level: info] transition: compute_local_conorm
[Time: 01.07.23 11:53:00] [Level: info] state: compute_local_conorm
[CTRL] GET /data
[CTRL] POST /data
[Time: 01.07.23 11:53:02] [Level: info] transition: compute_local_norm
[Time: 01.07.23 11:53:03] [Level: info] state: compute_local_norm
[CTRL] GET /data
[CTRL] POST /data
starting orthogonalise_current
ending orthogonalise_current
starting eigenvector norms
17
[Time: 01.07.23 11:53:05] [Level: info] transition: compute_local_conorm
[Time: 01.07.23 11:53:06] [Level: info] state: compute_local_conorm
[CTRL] GET /data
[CTRL] POST /data
[Time: 01.07.23 11:53:08] [Level: info] transition: compute_local_norm
[Time: 01.07.23 11:53:09] [Level: info] state: compute_local_norm
[CTRL] GET /data
[CTRL] POST /data
starting orthogonalise_current
ending orthogonalise_current
starting eigenvector norms
17
[Time: 01.07.23 11:53:11] [Level: info] transition: compute_local_conorm
[Time: 01.07.23 11:53:12] [Level: info] state: compute_local_conorm
[CTRL] GET /data
[CTRL] POST /data
[Time: 01.07.23 11:53:14] [Level: info] transition: compute_local_norm
[Time: 01.07.23 11:53:15] [Level: info] state: compute_local_norm
[CTRL] GET /data
[CTRL] POST /data
starting orthogonalise_current
ending orthogonalise_current
starting eigenvector norms
17
[Time: 01.07.23 11:53:17] [Level: info] transition: compute_local_conorm
[Time: 01.07.23 11:53:18] [Level: info] state: compute_local_conorm
[CTRL] GET /data
[CTRL] POST /data
[Time: 01.07.23 11:53:20] [Level: info] transition: compute_local_norm
[Time: 01.07.23 11:53:21] [Level: info] state: compute_local_norm
[CTRL] GET /data
[CTRL] POST /data
starting orthogonalise_current
ending orthogonalise_current
starting eigenvector norms
17
[Time: 01.07.23 11:53:23] [Level: info] transition: compute_local_conorm
[Time: 01.07.23 11:53:24] [Level: info] state: compute_local_conorm
[CTRL] GET /data
[CTRL] POST /data
[Time: 01.07.23 11:53:26] [Level: info] transition: compute_local_norm
[Time: 01.07.23 11:53:27] [Level: info] state: compute_local_norm
[CTRL] GET /data
[CTRL] POST /data
starting orthogonalise_current
ending orthogonalise_current
starting eigenvector norms
17
[Time: 01.07.23 11:53:29] [Level: info] transition: compute_local_conorm
[Time: 01.07.23 11:53:30] [Level: info] state: compute_local_conorm
[CTRL] GET /data
[CTRL] POST /data
[Time: 01.07.23 11:53:32] [Level: info] transition: compute_local_norm
[Time: 01.07.23 11:53:33] [Level: info] state: compute_local_norm
[CTRL] GET /data
[CTRL] POST /data
starting orthogonalise_current
ending orthogonalise_current
starting eigenvector norms
17
[Time: 01.07.23 11:53:35] [Level: info] transition: compute_local_conorm
[Time: 01.07.23 11:53:36] [Level: info] state: compute_local_conorm
[CTRL] GET /data
[CTRL] POST /data
[Time: 01.07.23 11:53:38] [Level: info] transition: compute_local_norm
[Time: 01.07.23 11:53:39] [Level: info] state: compute_local_norm
[CTRL] GET /data
[CTRL] POST /data
starting orthogonalise_current
ending orthogonalise_current
starting eigenvector norms
17
[Time: 01.07.23 11:53:41] [Level: info] transition: compute_local_conorm
[Time: 01.07.23 11:53:42] [Level: info] state: compute_local_conorm
[CTRL] GET /data
[CTRL] POST /data
[Time: 01.07.23 11:53:44] [Level: info] transition: compute_local_norm
[Time: 01.07.23 11:53:45] [Level: info] state: compute_local_norm
[CTRL] GET /data
[CTRL] POST /data
starting orthogonalise_current
ending orthogonalise_current
starting eigenvector norms
17
[Time: 01.07.23 11:53:47] [Level: info] transition: compute_local_conorm
[Time: 01.07.23 11:53:48] [Level: info] state: compute_local_conorm
[CTRL] GET /data
[CTRL] POST /data
[Time: 01.07.23 11:53:50] [Level: info] transition: compute_local_norm
[Time: 01.07.23 11:53:51] [Level: info] state: compute_local_norm
[CTRL] GET /data
[CTRL] POST /data
starting orthogonalise_current
ending orthogonalise_current
starting eigenvector norms
17
[Time: 01.07.23 11:53:53] [Level: info] transition: compute_local_conorm
[Time: 01.07.23 11:53:54] [Level: info] state: compute_local_conorm
[CTRL] GET /data
[CTRL] POST /data
[Time: 01.07.23 11:53:56] [Level: info] transition: compute_local_norm
[Time: 01.07.23 11:53:57] [Level: info] state: compute_local_norm
[CTRL] GET /data
[CTRL] POST /data
starting orthogonalise_current
ending orthogonalise_current
starting eigenvector norms
17
[Time: 01.07.23 11:53:59] [Level: info] transition: compute_local_conorm
[Time: 01.07.23 11:54:00] [Level: info] state: compute_local_conorm
[CTRL] GET /data
[CTRL] POST /data
[Time: 01.07.23 11:54:02] [Level: info] transition: compute_local_norm
[Time: 01.07.23 11:54:03] [Level: info] state: compute_local_norm
[CTRL] GET /data
[CTRL] POST /data
starting orthogonalise_current
ending orthogonalise_current
starting eigenvector norms
17
[Time: 01.07.23 11:54:05] [Level: info] transition: normalize_g
[Time: 01.07.23 11:54:06] [Level: info] state: normalize_g
[CTRL] GET /data
[CTRL] POST /data
Normalising
(26, 17)
17
End normalising
(26, 17)
(17, 17)
(17,)
(26, 17)
[Time: 01.07.23 11:54:08] [Level: info] transition: separate_pca
[Time: 01.07.23 11:54:09] [Level: info] state: separate_pca
Starting scale tabdata
[Time: 01.07.23 11:54:09] [Level: info] transition: scale_tabdata
[Time: 01.07.23 11:54:10] [Level: info] state: scale_tabdata
Starting merge tabdata
[Time: 01.07.23 11:54:10] [Level: info] transition: merging_tabdata
[Time: 01.07.23 11:54:11] [Level: info] state: merging_tabdata
Starting global pca
[Time: 01.07.23 11:54:11] [Level: info] transition: init_pca
[Time: 01.07.23 11:54:12] [Level: info] state: init_pca
[STARTUP] Copy configuration and create dir
/mnt/input/hospital_data_bredel_1.csv
TEST: ['/mnt/input/hospital_data_bredel_1 - Copy.csv', '/mnt/input/hospital_data_bredel_1.csv']
Log Transform performed
out {'Row names': array(['DKFZp313A2432', 'FLJ35740', 'LTF', 'PARD3', 'X38595', 'LAMA4',
       'R70684', 'FABP3', 'H10054', 'SNRPN', 'SVIL', 'H08563', 'PLOD2',
       'PLAU', 'HLA.DRB1', 'NR4A1', 'COX6A2', 'GABBR1', 'AI357047',
       'TFDP2', 'HBA1', 'ITGA5', 'HBXIP', 'COL3A1', 'HLA.F', 'RAB11FIP4',
       'FN1', 'TIMP3', 'ADM', 'SAA2', 'APOC1', 'AA398420', 'GPNMB',
       'LAMB1', 'CHN1', 'LMO7', 'AP4B1', 'RAB20', 'MED11', 'PYCR1',
       'MGC26694', 'T97457', 'ADARB2', 'CA12', 'HLA.A', 'R70506',
       'CAMK2A', 'MAPKBP1', 'AA975768', 'PLAUR', 'MB', 'PPP3CA', 'UBE4B',
       'FLJ38984', 'FCGRT', 'C6orf12', 'AI350724', 'AA181288', 'STEAP3',
       'HSPG2', 'ITPKA', 'STC1', 'D21S2089E', 'AA401952', 'CACNB3',
       'IGF2BP3', 'H78560', 'W93688', 'SOCS3', 'PEG3', 'GYPA', 'ABCA5',
       'EMP3', 'RND3', 'AA489629', 'NPC2', 'C16orf5', 'NOTCH1', 'NSF',
       'CBLN2', 'NLK', 'SPARC', 'SPAG6', 'KLRC2', 'H91845', 'S100A1',
       'RGS16', 'STXBP1', 'NY.SAR.48', 'IGFBP3', 'NCF1', 'ADFP', 'HEY1',
       'IQSEC1', 'MDFI', 'GADD45B', 'WDR7', 'SCAMP5', 'TIMP1', 'CD47',
       'TSPYL1', 'BNIP2', 'PRG1', 'PRKCZ', 'BCAM', 'HAMP', 'TAP1',
       'AKR1C2', 'GAS1', 'USP6NL', 'SPINT2', 'AA669383', 'C1orf63',
       'KLRC1', 'C1orf187', 'CAPG', 'PRSS3', 'TNFAIP3', 'LOC283070',
       'ID3', 'FBL', 'MDK', 'PDE2A', 'VAMP2', 'COX7A1', 'DSCR1L1',
       'MASP1', 'PSD3', 'YWHAG', 'COL9A2', 'ACAD8', 'GBP2', 'MGC42367',
       'PYHIN1', 'OSBPL1A', 'CLTB', 'CCDC3', 'MYBPC2', 'H86813',
       'S100A11', 'DDN', 'SCN2B', 'C4A', 'EID.3', 'PPP3CB', 'RUNX1',
       'H24428', 'PCP4', 'AA029415', 'NDUFB11', 'IMAGE.33267', 'GBP1',
       'AA281932', 'N98591', 'TSPAN6', 'LSP1', 'PDPN', 'SERPINI1',
       'TOMM40', 'PCDHGC3', 'CYBA', 'C1R', 'DYNLT1', 'MMP2', 'MGP',
       'FBXW7', 'AI263051', 'NUAK1', 'MAL2', 'NNMT', 'RTN3', 'HPRT1',
       'TBC1D7', 'C8orf4', 'VSNL1', 'PRKCG', 'URP2', 'PDE4DIP', 'BCL2A1',
       'MGC39606', 'BLVRB', 'RALY', 'APCS', 'DMN', 'KIAA1644', 'SORT1',
       'COL4A2', 'RPS19BP1', 'TNFRSF12A', 'SNCG', 'L1CAM', 'SLC15A2',
       'AI005038', 'PLP2', 'DCLRE1B', 'COL1A1', 'LAPTM5', 'NCF2',
       'COL6A2', 'AA906888', 'R52960', 'FZD7', 'PRKCB1', 'PARP14',
       'COL1A2', 'TTC23', 'EDG3', 'INPP5F', 'AIF1', 'IGFBP5', 'HK2',
       'FBXO32', 'CD58', 'PRSS1', 'DEF6', 'TCF7L1', 'KLRC3', 'LGALS3',
       'TncRNA', 'ZFHX1B', 'FBXO2', 'IFI30', 'EGLN2', 'RAB27B', 'GYPC',
       'ZNF419B', 'AI002301', 'TGFBI', 'LOC400451', 'CD44', 'CDKN2D',
       'TNC', 'EPB49', 'LRBA', 'STMN1', 'CACNB2', 'DES', 'PDXP', 'EXT1',
       'NMNAT2', 'USP3', 'KIAA0963', 'TMEM49', 'CKMT1A', 'CASP1', 'HMOX1',
       'RPS3A', 'TXNDC', 'SOX4', 'APOC2', 'SYT7', 'PHLDA1', 'AA479357',
       'ZNF226', 'NPL', 'NLGN1', 'TCTEX1D1', 'ZNF329', 'FAM84B',
       'C9orf48', 'KCNMA1', 'DUS3L', 'AI335002', 'PNCK', 'SBP1', 'MTHFD2',
       'ASPA', 'PRRX1', 'UBA52', 'KIAA1543', 'SYNGR3', 'CYR61', 'VASP',
       'AI822135', 'ARPP.19', 'H20822', 'T51726', 'KCNJ1', 'CLSTN3',
       'MICAL2', 'CDKN1A', 'KNS2', 'FAM84A', 'FGF13', 'SRPX', 'RAB30',
       'LY96', 'MVP', 'PYGL', 'ITGA9', 'ZNF233', 'FBXL16', 'CD53',
       'L3MBTL4', 'SUV39H1', 'ANXA1', 'FCGR2B', 'CDC20B', 'WASF1', 'FREQ',
       'WWTR1', 'MYCBP2', 'IGF1R', 'F13A1', 'CEAL1', 'IL21R', 'MYC',
       'FAM46A', 'ANXA5', 'DPYD', 'SERPINA3', 'STK17A', 'ITGA3', 'MST1',
       'DDEF1', 'EPHB1', 'ABCC3', 'CA11', 'PTPRZ1', 'IGSF3', 'LOC613212',
       'A2BP1', 'LILRA1', 'ADAM19', 'AA131320', 'ATP6V1C1', 'LOC541471',
       'ID4', 'X37864', 'VEGF', 'HNRNPG.T', 'LOC388610', 'LOC283130',
       'CBX6', 'MRC2', 'H41096', 'MOAP1', 'AKR1C1', 'T62491', 'S100A10',
       'LYN', 'PALLD', 'AA490257', 'DECR2', 'RBP4', 'HCLS1', 'LOC57228',
       'CSPG2', 'CLCA3', 'AA598555', 'IGHG1', 'ANK3', 'KCNQ2', 'PLTP',
       'LOC146795', 'R61377', 'DIP2C', 'CAP2', 'PSG5', 'RBP7', 'PRKAR1B',
       'SP100', 'PDLIM7', 'TLL2', 'CAMKK2', 'NDST1', 'EDNRB', 'HLA.G',
       'TMEM146', 'ADCY1', 'BGN', 'PSG1', 'PPP1R14A', 'AA598631', 'EFHB',
       'SLC16A3', 'YWHAH', 'DDIT4', 'CHI3L2', 'ZNF160', 'AA424849',
       'HPCA', 'SLC35A2', 'DLL3', 'KCNK6', 'EDG1', 'MSTP9', 'CCL2',
       'CTHRC1', 'AEBP1', 'ESM1', 'AI871056', 'IL1RAP', 'MST150', 'POSTN',
       'CALM1', 'ZNF217', 'MSN', 'NEFH', 'GOT1', 'OSR1', 'LUM', 'ZNF549',
       'MGC18216', 'SERPING1', 'CCR1', 'UGCG', 'PLA2G2A', 'DNASE1L1',
       'CAV1', 'GPSM2', 'CLIC1', 'FAS', 'TSPAN4', 'SETD5', 'AI262682',
       'LHFPL2', 'IL32', 'LOC389831', 'RFXAP', 'SERPINH1', 'NPTX1',
       'DKFZp313A2432', 'FLJ35740', 'LTF', 'PARD3', 'X38595', 'LAMA4',
       'R70684', 'FABP3', 'H10054', 'SNRPN', 'SVIL', 'H08563', 'PLOD2',
       'PLAU', 'HLA.DRB1', 'NR4A1', 'COX6A2', 'GABBR1', 'AI357047',
       'TFDP2', 'HBA1', 'ITGA5', 'HBXIP', 'COL3A1', 'HLA.F', 'RAB11FIP4',
       'FN1', 'TIMP3', 'ADM', 'SAA2', 'APOC1', 'AA398420', 'GPNMB',
       'LAMB1', 'CHN1', 'LMO7', 'AP4B1', 'RAB20', 'MED11', 'PYCR1',
       'MGC26694', 'T97457', 'ADARB2', 'CA12', 'HLA.A', 'R70506',
       'CAMK2A', 'MAPKBP1', 'AA975768', 'PLAUR', 'MB', 'PPP3CA', 'UBE4B',
       'FLJ38984', 'FCGRT', 'C6orf12', 'AI350724', 'AA181288', 'STEAP3',
       'HSPG2', 'ITPKA', 'STC1', 'D21S2089E', 'AA401952', 'CACNB3',
       'IGF2BP3', 'H78560', 'W93688', 'SOCS3', 'PEG3', 'GYPA', 'ABCA5',
       'EMP3', 'RND3', 'AA489629', 'NPC2', 'C16orf5', 'NOTCH1', 'NSF',
       'CBLN2', 'NLK', 'SPARC', 'SPAG6', 'KLRC2', 'H91845', 'S100A1',
       'RGS16', 'STXBP1', 'NY.SAR.48', 'IGFBP3', 'NCF1', 'ADFP', 'HEY1',
       'IQSEC1', 'MDFI', 'GADD45B', 'WDR7', 'SCAMP5', 'TIMP1', 'CD47',
       'TSPYL1', 'BNIP2', 'PRG1', 'PRKCZ', 'BCAM', 'HAMP', 'TAP1',
       'AKR1C2', 'GAS1', 'USP6NL', 'SPINT2', 'AA669383', 'C1orf63',
       'KLRC1', 'C1orf187', 'CAPG', 'PRSS3', 'TNFAIP3', 'LOC283070',
       'ID3', 'FBL', 'MDK', 'PDE2A', 'VAMP2', 'COX7A1', 'DSCR1L1',
       'MASP1', 'PSD3', 'YWHAG', 'COL9A2', 'ACAD8', 'GBP2', 'MGC42367',
       'PYHIN1', 'OSBPL1A', 'CLTB', 'CCDC3', 'MYBPC2', 'H86813',
       'S100A11', 'DDN', 'SCN2B', 'C4A', 'EID.3', 'PPP3CB', 'RUNX1',
       'H24428', 'PCP4', 'AA029415', 'NDUFB11', 'IMAGE.33267', 'GBP1',
       'AA281932', 'N98591', 'TSPAN6', 'LSP1', 'PDPN', 'SERPINI1',
       'TOMM40', 'PCDHGC3', 'CYBA', 'C1R', 'DYNLT1', 'MMP2', 'MGP',
       'FBXW7', 'AI263051', 'NUAK1', 'MAL2', 'NNMT', 'RTN3', 'HPRT1',
       'TBC1D7', 'C8orf4', 'VSNL1', 'PRKCG', 'URP2', 'PDE4DIP', 'BCL2A1',
       'MGC39606', 'BLVRB', 'RALY', 'APCS', 'DMN', 'KIAA1644', 'SORT1',
       'COL4A2', 'RPS19BP1', 'TNFRSF12A', 'SNCG', 'L1CAM', 'SLC15A2',
       'AI005038', 'PLP2', 'DCLRE1B', 'COL1A1', 'LAPTM5', 'NCF2',
       'COL6A2', 'AA906888', 'R52960', 'FZD7', 'PRKCB1', 'PARP14',
       'COL1A2', 'TTC23', 'EDG3', 'INPP5F', 'AIF1', 'IGFBP5', 'HK2',
       'FBXO32', 'CD58', 'PRSS1', 'DEF6', 'TCF7L1', 'KLRC3', 'LGALS3',
       'TncRNA', 'ZFHX1B', 'FBXO2', 'IFI30', 'EGLN2', 'RAB27B', 'GYPC',
       'ZNF419B', 'AI002301', 'TGFBI', 'LOC400451', 'CD44', 'CDKN2D',
       'TNC', 'EPB49', 'LRBA', 'STMN1', 'CACNB2', 'DES', 'PDXP', 'EXT1',
       'NMNAT2', 'USP3', 'KIAA0963', 'TMEM49', 'CKMT1A', 'CASP1', 'HMOX1',
       'RPS3A', 'TXNDC', 'SOX4', 'APOC2', 'SYT7', 'PHLDA1', 'AA479357',
       'ZNF226', 'NPL', 'NLGN1', 'TCTEX1D1', 'ZNF329', 'FAM84B',
       'C9orf48', 'KCNMA1', 'DUS3L', 'AI335002', 'PNCK', 'SBP1', 'MTHFD2',
       'ASPA', 'PRRX1', 'UBA52', 'KIAA1543', 'SYNGR3', 'CYR61', 'VASP',
       'AI822135', 'ARPP.19', 'H20822', 'T51726', 'KCNJ1', 'CLSTN3',
       'MICAL2', 'CDKN1A', 'KNS2', 'FAM84A', 'FGF13', 'SRPX', 'RAB30',
       'LY96', 'MVP', 'PYGL', 'ITGA9', 'ZNF233', 'FBXL16', 'CD53',
       'L3MBTL4', 'SUV39H1', 'ANXA1', 'FCGR2B', 'CDC20B', 'WASF1', 'FREQ',
       'WWTR1', 'MYCBP2', 'IGF1R', 'F13A1', 'CEAL1', 'IL21R', 'MYC',
       'FAM46A', 'ANXA5', 'DPYD', 'SERPINA3', 'STK17A', 'ITGA3', 'MST1',
       'DDEF1', 'EPHB1', 'ABCC3', 'CA11', 'PTPRZ1', 'IGSF3', 'LOC613212',
       'A2BP1', 'LILRA1', 'ADAM19', 'AA131320', 'ATP6V1C1', 'LOC541471',
       'ID4', 'X37864', 'VEGF', 'HNRNPG.T', 'LOC388610', 'LOC283130',
       'CBX6', 'MRC2', 'H41096', 'MOAP1', 'AKR1C1', 'T62491', 'S100A10',
       'LYN', 'PALLD', 'AA490257', 'DECR2', 'RBP4', 'HCLS1', 'LOC57228',
       'CSPG2', 'CLCA3', 'AA598555', 'IGHG1', 'ANK3', 'KCNQ2', 'PLTP',
       'LOC146795', 'R61377', 'DIP2C', 'CAP2', 'PSG5', 'RBP7', 'PRKAR1B',
       'SP100', 'PDLIM7', 'TLL2', 'CAMKK2', 'NDST1', 'EDNRB', 'HLA.G',
       'TMEM146', 'ADCY1', 'BGN', 'PSG1', 'PPP1R14A', 'AA598631', 'EFHB',
       'SLC16A3', 'YWHAH', 'DDIT4', 'CHI3L2', 'ZNF160', 'AA424849',
       'HPCA', 'SLC35A2', 'DLL3', 'KCNK6', 'EDG1', 'MSTP9', 'CCL2',
       'CTHRC1', 'AEBP1', 'ESM1', 'AI871056', 'IL1RAP', 'MST150', 'POSTN',
       'CALM1', 'ZNF217', 'MSN', 'NEFH', 'GOT1', 'OSR1', 'LUM', 'ZNF549',
       'MGC18216', 'SERPING1', 'CCR1', 'UGCG', 'PLA2G2A', 'DNASE1L1',
       'CAV1', 'GPSM2', 'CLIC1', 'FAS', 'TSPAN4', 'SETD5', 'AI262682',
       'LHFPL2', 'IL32', 'LOC389831', 'RFXAP', 'SERPINH1', 'NPTX1'],
      dtype=object), 'Sample count': 26, 'Nans': array([0, 0, 0, 0, 0, 0, 0, 0, 0, 0, 0, 0, 0, 0, 0, 0, 0, 0, 0, 0, 0, 0,
       0, 0, 0, 0, 0, 0, 0, 0, 0, 0, 0, 0, 0, 0, 0, 0, 0, 0, 0, 0, 0, 0,
       0, 0, 0, 0, 0, 0, 0, 0, 0, 0, 0, 0, 0, 0, 0, 0, 0, 0, 0, 0, 0, 0,
       0, 0, 0, 0, 0, 0, 0, 0, 0, 0, 0, 0, 0, 0, 0, 0, 0, 0, 0, 0, 0, 0,
       0, 0, 0, 0, 0, 0, 0, 0, 0, 0, 0, 0, 0, 0, 0, 0, 0, 0, 0, 0, 0, 0,
       0, 0, 0, 0, 0, 0, 0, 0, 0, 0, 0, 0, 0, 0, 0, 0, 0, 0, 0, 0, 0, 0,
       0, 0, 0, 0, 0, 0, 0, 0, 0, 0, 0, 0, 0, 0, 0, 0, 0, 0, 0, 0, 0, 0,
       0, 0, 0, 0, 0, 0, 0, 0, 0, 0, 0, 0, 0, 0, 0, 0, 0, 0, 0, 0, 0, 0,
       0, 0, 0, 0, 0, 0, 0, 0, 0, 0, 0, 0, 0, 0, 0, 0, 0, 0, 0, 0, 0, 0,
       0, 0, 0, 0, 0, 0, 0, 0, 0, 0, 0, 0, 0, 0, 0, 0, 0, 0, 0, 0, 0, 0,
       0, 0, 0, 0, 0, 0, 0, 0, 0, 0, 0, 0, 0, 0, 0, 0, 0, 0, 0, 0, 0, 0,
       0, 0, 0, 0, 0, 0, 0, 0, 0, 0, 0, 0, 0, 0, 0, 0, 0, 0, 0, 0, 0, 0,
       0, 0, 0, 0, 0, 0, 0, 0, 0, 0, 0, 0, 0, 0, 0, 0, 0, 0, 0, 0, 0, 0,
       0, 0, 0, 0, 0, 0, 0, 0, 0, 0, 0, 0, 0, 0, 0, 0, 0, 0, 0, 0, 0, 0,
       0, 0, 0, 0, 0, 0, 0, 0, 0, 0, 0, 0, 0, 0, 0, 0, 0, 0, 0, 0, 0, 0,
       0, 0, 0, 0, 0, 0, 0, 0, 0, 0, 0, 0, 0, 0, 0, 0, 0, 0, 0, 0, 0, 0,
       0, 0, 0, 0, 0, 0, 0, 0, 0, 0, 0, 0, 0, 0, 0, 0, 0, 0, 0, 0, 0, 0,
       0, 0, 0, 0, 0, 0, 0, 0, 0, 0, 0, 0, 0, 0, 0, 0, 0, 0, 0, 0, 0, 0,
       0, 0, 0, 0, 0, 0, 0, 0, 0, 0, 0, 0, 0, 0, 0, 0, 0, 0, 0, 0, 0, 0,
       0, 0, 0, 0, 0, 0, 0, 0, 0, 0, 0, 0, 0, 0, 0, 0, 0, 0, 0, 0, 0, 0,
       0, 0, 0, 0, 0, 0, 0, 0, 0, 0, 0, 0, 0, 0, 0, 0, 0, 0, 0, 0, 0, 0,
       0, 0, 0, 0, 0, 0, 0, 0, 0, 0, 0, 0, 0, 0, 0, 0, 0, 0, 0, 0, 0, 0,
       0, 0, 0, 0, 0, 0, 0, 0, 0, 0, 0, 0, 0, 0, 0, 0, 0, 0, 0, 0, 0, 0,
       0, 0, 0, 0, 0, 0, 0, 0, 0, 0, 0, 0, 0, 0, 0, 0, 0, 0, 0, 0, 0, 0,
       0, 0, 0, 0, 0, 0, 0, 0, 0, 0, 0, 0, 0, 0, 0, 0, 0, 0, 0, 0, 0, 0,
       0, 0, 0, 0, 0, 0, 0, 0, 0, 0, 0, 0, 0, 0, 0, 0, 0, 0, 0, 0, 0, 0,
       0, 0, 0, 0, 0, 0, 0, 0, 0, 0, 0, 0, 0, 0, 0, 0, 0, 0, 0, 0, 0, 0,
       0, 0, 0, 0, 0, 0, 0, 0, 0, 0, 0, 0, 0, 0, 0, 0, 0, 0, 0, 0, 0, 0,
       0, 0, 0, 0, 0, 0, 0, 0, 0, 0, 0, 0, 0, 0, 0, 0, 0, 0, 0, 0, 0, 0,
       0, 0, 0, 0, 0, 0, 0, 0, 0, 0, 0, 0, 0, 0, 0, 0, 0, 0, 0, 0, 0, 0,
       0, 0, 0, 0, 0, 0, 0, 0, 0, 0, 0, 0, 0, 0, 0, 0, 0, 0, 0, 0, 0, 0,
       0, 0, 0, 0, 0, 0, 0, 0, 0, 0, 0, 0, 0, 0, 0, 0, 0, 0, 0, 0, 0, 0,
       0, 0, 0, 0, 0, 0, 0, 0, 0, 0, 0, 0, 0, 0, 0, 0, 0, 0, 0, 0, 0, 0,
       0, 0, 0, 0, 0, 0, 0, 0, 0, 0, 0, 0, 0, 0, 0, 0, 0, 0, 0, 0, 0, 0,
       0, 0, 0, 0, 0, 0, 0, 0, 0, 0, 0, 0, 0, 0, 0, 0, 0, 0, 0, 0, 0, 0,
       0, 0, 0, 0, 0, 0, 0, 0, 0, 0, 0, 0, 0, 0, 0, 0, 0, 0, 0, 0, 0, 0,
       0, 0, 0, 0, 0, 0, 0, 0, 0, 0, 0, 0, 0, 0, 0, 0, 0, 0, 0, 0, 0, 0,
       0, 0, 0, 0, 0, 0, 0, 0, 0, 0, 0, 0, 0, 0, 0, 0, 0, 0, 0, 0, 0, 0,
       0, 0, 0, 0, 0, 0, 0, 0])}
[Time: 01.07.23 11:54:12] [Level: info] transition: wait_for_params
[Time: 01.07.23 11:54:13] [Level: info] state: wait_for_params
[CTRL] GET /data
[CTRL] POST /data
setting parameters
[API] Setting parameters
['DKFZp313A2432', 'FLJ35740', 'LTF', 'PARD3', 'X38595', 'LAMA4', 'R70684', 'FABP3', 'H10054', 'SNRPN', 'SVIL', 'H08563', 'PLOD2', 'PLAU', 'HLA.DRB1', 'NR4A1', 'COX6A2', 'GABBR1', 'AI357047', 'TFDP2', 'HBA1', 'ITGA5', 'HBXIP', 'COL3A1', 'HLA.F', 'RAB11FIP4', 'FN1', 'TIMP3', 'ADM', 'SAA2', 'APOC1', 'AA398420', 'GPNMB', 'LAMB1', 'CHN1', 'LMO7', 'AP4B1', 'RAB20', 'MED11', 'PYCR1', 'MGC26694', 'T97457', 'ADARB2', 'CA12', 'HLA.A', 'R70506', 'CAMK2A', 'MAPKBP1', 'AA975768', 'PLAUR', 'MB', 'PPP3CA', 'UBE4B', 'FLJ38984', 'FCGRT', 'C6orf12', 'AI350724', 'AA181288', 'STEAP3', 'HSPG2', 'ITPKA', 'STC1', 'D21S2089E', 'AA401952', 'CACNB3', 'IGF2BP3', 'H78560', 'W93688', 'SOCS3', 'PEG3', 'GYPA', 'ABCA5', 'EMP3', 'RND3', 'AA489629', 'NPC2', 'C16orf5', 'NOTCH1', 'NSF', 'CBLN2', 'NLK', 'SPARC', 'SPAG6', 'KLRC2', 'H91845', 'S100A1', 'RGS16', 'STXBP1', 'NY.SAR.48', 'IGFBP3', 'NCF1', 'ADFP', 'HEY1', 'IQSEC1', 'MDFI', 'GADD45B', 'WDR7', 'SCAMP5', 'TIMP1', 'CD47', 'TSPYL1', 'BNIP2', 'PRG1', 'PRKCZ', 'BCAM', 'HAMP', 'TAP1', 'AKR1C2', 'GAS1', 'USP6NL', 'SPINT2', 'AA669383', 'C1orf63', 'KLRC1', 'C1orf187', 'CAPG', 'PRSS3', 'TNFAIP3', 'LOC283070', 'ID3', 'FBL', 'MDK', 'PDE2A', 'VAMP2', 'COX7A1', 'DSCR1L1', 'MASP1', 'PSD3', 'YWHAG', 'COL9A2', 'ACAD8', 'GBP2', 'MGC42367', 'PYHIN1', 'OSBPL1A', 'CLTB', 'CCDC3', 'MYBPC2', 'H86813', 'S100A11', 'DDN', 'SCN2B', 'C4A', 'EID.3', 'PPP3CB', 'RUNX1', 'H24428', 'PCP4', 'AA029415', 'NDUFB11', 'IMAGE.33267', 'GBP1', 'AA281932', 'N98591', 'TSPAN6', 'LSP1', 'PDPN', 'SERPINI1', 'TOMM40', 'PCDHGC3', 'CYBA', 'C1R', 'DYNLT1', 'MMP2', 'MGP', 'FBXW7', 'AI263051', 'NUAK1', 'MAL2', 'NNMT', 'RTN3', 'HPRT1', 'TBC1D7', 'C8orf4', 'VSNL1', 'PRKCG', 'URP2', 'PDE4DIP', 'BCL2A1', 'MGC39606', 'BLVRB', 'RALY', 'APCS', 'DMN', 'KIAA1644', 'SORT1', 'COL4A2', 'RPS19BP1', 'TNFRSF12A', 'SNCG', 'L1CAM', 'SLC15A2', 'AI005038', 'PLP2', 'DCLRE1B', 'COL1A1', 'LAPTM5', 'NCF2', 'COL6A2', 'AA906888', 'R52960', 'FZD7', 'PRKCB1', 'PARP14', 'COL1A2', 'TTC23', 'EDG3', 'INPP5F', 'AIF1', 'IGFBP5', 'HK2', 'FBXO32', 'CD58', 'PRSS1', 'DEF6', 'TCF7L1', 'KLRC3', 'LGALS3', 'TncRNA', 'ZFHX1B', 'FBXO2', 'IFI30', 'EGLN2', 'RAB27B', 'GYPC', 'ZNF419B', 'AI002301', 'TGFBI', 'LOC400451', 'CD44', 'CDKN2D', 'TNC', 'EPB49', 'LRBA', 'STMN1', 'CACNB2', 'DES', 'PDXP', 'EXT1', 'NMNAT2', 'USP3', 'KIAA0963', 'TMEM49', 'CKMT1A', 'CASP1', 'HMOX1', 'RPS3A', 'TXNDC', 'SOX4', 'APOC2', 'SYT7', 'PHLDA1', 'AA479357', 'ZNF226', 'NPL', 'NLGN1', 'TCTEX1D1', 'ZNF329', 'FAM84B', 'C9orf48', 'KCNMA1', 'DUS3L', 'AI335002', 'PNCK', 'SBP1', 'MTHFD2', 'ASPA', 'PRRX1', 'UBA52', 'KIAA1543', 'SYNGR3', 'CYR61', 'VASP', 'AI822135', 'ARPP.19', 'H20822', 'T51726', 'KCNJ1', 'CLSTN3', 'MICAL2', 'CDKN1A', 'KNS2', 'FAM84A', 'FGF13', 'SRPX', 'RAB30', 'LY96', 'MVP', 'PYGL', 'ITGA9', 'ZNF233', 'FBXL16', 'CD53', 'L3MBTL4', 'SUV39H1', 'ANXA1', 'FCGR2B', 'CDC20B', 'WASF1', 'FREQ', 'WWTR1', 'MYCBP2', 'IGF1R', 'F13A1', 'CEAL1', 'IL21R', 'MYC', 'FAM46A', 'ANXA5', 'DPYD', 'SERPINA3', 'STK17A', 'ITGA3', 'MST1', 'DDEF1', 'EPHB1', 'ABCC3', 'CA11', 'PTPRZ1', 'IGSF3', 'LOC613212', 'A2BP1', 'LILRA1', 'ADAM19', 'AA131320', 'ATP6V1C1', 'LOC541471', 'ID4', 'X37864', 'VEGF', 'HNRNPG.T', 'LOC388610', 'LOC283130', 'CBX6', 'MRC2', 'H41096', 'MOAP1', 'AKR1C1', 'T62491', 'S100A10', 'LYN', 'PALLD', 'AA490257', 'DECR2', 'RBP4', 'HCLS1', 'LOC57228', 'CSPG2', 'CLCA3', 'AA598555', 'IGHG1', 'ANK3', 'KCNQ2', 'PLTP', 'LOC146795', 'R61377', 'DIP2C', 'CAP2', 'PSG5', 'RBP7', 'PRKAR1B', 'SP100', 'PDLIM7', 'TLL2', 'CAMKK2', 'NDST1', 'EDNRB', 'HLA.G', 'TMEM146', 'ADCY1', 'BGN', 'PSG1', 'PPP1R14A', 'AA598631', 'EFHB', 'SLC16A3', 'YWHAH', 'DDIT4', 'CHI3L2', 'ZNF160', 'AA424849', 'HPCA', 'SLC35A2', 'DLL3', 'KCNK6', 'EDG1', 'MSTP9', 'CCL2', 'CTHRC1', 'AEBP1', 'ESM1', 'AI871056', 'IL1RAP', 'MST150', 'POSTN', 'CALM1', 'ZNF217', 'MSN', 'NEFH', 'GOT1', 'OSR1', 'LUM', 'ZNF549', 'MGC18216', 'SERPING1', 'CCR1', 'UGCG', 'PLA2G2A', 'DNASE1L1', 'CAV1', 'GPSM2', 'CLIC1', 'FAS', 'TSPAN4', 'SETD5', 'AI262682', 'LHFPL2', 'IL32', 'LOC389831', 'RFXAP', 'SERPINH1', 'NPTX1']
INDEX
[422, 423, 424, 425, 426, 427, 428, 429, 430, 431, 432, 433, 434, 435, 436, 437, 438, 439, 440, 441, 442, 443, 444, 445, 446, 447, 448, 449, 450, 451, 452, 453, 454, 455, 456, 457, 458, 459, 460, 461, 462, 463, 464, 465, 466, 467, 468, 469, 470, 471, 472, 473, 474, 475, 476, 477, 478, 479, 480, 481, 482, 483, 484, 485, 486, 487, 488, 489, 490, 491, 492, 493, 494, 495, 496, 497, 498, 499, 500, 501, 502, 503, 504, 505, 506, 507, 508, 509, 510, 511, 512, 513, 514, 515, 516, 517, 518, 519, 520, 521, 522, 523, 524, 525, 526, 527, 528, 529, 530, 531, 532, 533, 534, 535, 536, 537, 538, 539, 540, 541, 542, 543, 544, 545, 546, 547, 548, 549, 550, 551, 552, 553, 554, 555, 556, 557, 558, 559, 560, 561, 562, 563, 564, 565, 566, 567, 568, 569, 570, 571, 572, 573, 574, 575, 576, 577, 578, 579, 580, 581, 582, 583, 584, 585, 586, 587, 588, 589, 590, 591, 592, 593, 594, 595, 596, 597, 598, 599, 600, 601, 602, 603, 604, 605, 606, 607, 608, 609, 610, 611, 612, 613, 614, 615, 616, 617, 618, 619, 620, 621, 622, 623, 624, 625, 626, 627, 628, 629, 630, 631, 632, 633, 634, 635, 636, 637, 638, 639, 640, 641, 642, 643, 644, 645, 646, 647, 648, 649, 650, 651, 652, 653, 654, 655, 656, 657, 658, 659, 660, 661, 662, 663, 664, 665, 666, 667, 668, 669, 670, 671, 672, 673, 674, 675, 676, 677, 678, 679, 680, 681, 682, 683, 684, 685, 686, 687, 688, 689, 690, 691, 692, 693, 694, 695, 696, 697, 698, 699, 700, 701, 702, 703, 704, 705, 706, 707, 708, 709, 710, 711, 712, 713, 714, 715, 716, 717, 718, 719, 720, 721, 722, 723, 724, 725, 726, 727, 728, 729, 730, 731, 732, 733, 734, 735, 736, 737, 738, 739, 740, 741, 742, 743, 744, 745, 746, 747, 748, 749, 750, 751, 752, 753, 754, 755, 756, 757, 758, 759, 760, 761, 762, 763, 764, 765, 766, 767, 768, 769, 770, 771, 772, 773, 774, 775, 776, 777, 778, 779, 780, 781, 782, 783, 784, 785, 786, 787, 788, 789, 790, 791, 792, 793, 794, 795, 796, 797, 798, 799, 800, 801, 802, 803, 804, 805, 806, 807, 808, 809, 810, 811, 812, 813, 814, 815, 816, 817, 818, 819, 820, 821, 822, 823, 824, 825, 826, 827, 828, 829, 830, 831, 832, 833, 834, 835, 836, 837, 838, 839, 840, 841, 842, 843]
[Time: 01.07.23 11:54:14] [Level: info] transition: compute_std
[Time: 01.07.23 11:54:15] [Level: info] state: compute_std
[CTRL] GET /data
[CTRL] POST /data
(422, 1)
[Time: 01.07.23 11:54:17] [Level: info] transition: apply_scaling
[Time: 01.07.23 11:54:18] [Level: info] state: apply_scaling
[CTRL] GET /data
[CTRL] POST /data
/app/apps/svd/FC_Federated_PCA.py:179: RuntimeWarning: invalid value encountered in true_divide
  self.tabdata.scaled = self.tabdata.scaled/self.std
[116 213 391 344 401 396 297  65 193 417 375  39 411 224 240 349 409 306
  89 160  21 171  61 110  72 420 163  91 169 198 210 139 293 265 218 188
 362 200  84 406 313 148  33 242 121 285  11 219 168  35 227 204 377  41
  12 127  26  28 388 407 223  83 415 199 217 273 155 216 114  49 138 229
 178 228 270 150  18 390 295 339 113 326  13 276 374 305 343 190 111 184
 117 355  98  66  32 329 248 271  73 413 380 421 221 288 283  57  71 311
 363 195  88 105 307  15 279 212 397 177 100 302 201 145 418 338 330 414
 231 359 268 137 152 237 369  58  37  87 383 350 230 126 331 398 303 143
 316 173 360  68 180 234   2 232  43 119 393 156 183 327 394  60  90  64
 262 238 284 266 324 109 312 357 290  29 182 399 158   7 256 308  59 408
 185 353 361 102 249  63 151 214 373  50 254 348  54 267 334 368 194 296
 410 304  36 144 322 108 261 226 120 246 186 367 250 166 332 264  55   5
 101 309 191 181 321 222 319 299 325 392   0 176  82  56 107 252 379 142
 197  85 403  78 342 404 289  92 386 136 364 208 233  25  14 245  74 205
 341 402  75 128 140 366 400 153 123 280 133  96  77 174 154 211  86 381
 161 179 134 209 172 206 244  70  76 189 277 317  94 129 235 104  19 389
  46  81 147 370 263   3  45 106  79 345 274 323 352 162   1  38 347 419
 412 157  31 314 384 300 259  51  80  17  69 382 356  67 387  20 354 365
 203 346 103 255 291  48  30 416 286 196 202 175 253 337 131 282 215  34
   4 192 275  16 351 372 272 239 385  97 243 336  10 149 376  42 125 310
 112 236 378 315  23 135 251  62 118  27   9 294 164 371 241 340 122 115
 258]
(array([116, 213, 344, 391]),)
CURRENT DATA:  <apps.svd.TabData.TabData object at 0x7fc390bc2d90>
[Time: 01.07.23 11:54:20] [Level: info] transition: mfa_prerequisites
[Time: 01.07.23 11:54:21] [Level: info] state: mfa_prerequisites
Calling start_power_iteration
[Time: 01.07.23 11:54:21] [Level: info] transition: start_power_iteration
[Time: 01.07.23 11:54:22] [Level: info] state: start_power_iteration
[STARTUP] Computing covariance matrix
[STARTUP] Random initialisation
TABDATA SCALED
[[ 0.4711204  -0.01140486  0.30499662 ...  0.68206905  0.77902077
   0.23498486]
 [ 1.03232551  0.66046918  0.87058751 ...  0.73486246  0.42813125
   0.39541665]
 [-0.12992162 -1.14195962 -0.30678341 ... -0.3700726  -1.13501358
  -0.63827389]
 ...
 [ 0.32483854  0.63690071  0.59315595 ...  0.70629058  0.2499703
   0.0987791 ]
 [ 0.0327368   0.0327368   0.0327368  ...  0.0327368   0.0327368
   0.78272282]
 [ 0.05103879  0.28752838  0.85830368 ...  0.61566871  0.67828679
   0.92787489]]
[Time: 01.07.23 11:54:22] [Level: info] transition: compute_final_h_cov
[CTRL] GET /data
[Time: 01.07.23 11:54:23] [Level: info] state: compute_final_h_cov
[CTRL] POST /data
Setting k
starting eigenvector norms
17
[Time: 01.07.23 11:54:26] [Level: info] transition: compute_local_conorm
[Time: 01.07.23 11:54:27] [Level: info] state: compute_local_conorm
[CTRL] GET /data
[CTRL] POST /data
[Time: 01.07.23 11:54:29] [Level: info] transition: compute_local_norm
[Time: 01.07.23 11:54:30] [Level: info] state: compute_local_norm
[CTRL] GET /data
[CTRL] POST /data
starting orthogonalise_current
ending orthogonalise_current
starting eigenvector norms
17
[Time: 01.07.23 11:54:32] [Level: info] transition: compute_local_conorm
[Time: 01.07.23 11:54:33] [Level: info] state: compute_local_conorm
[CTRL] GET /data
[CTRL] POST /data
[Time: 01.07.23 11:54:35] [Level: info] transition: compute_local_norm
[Time: 01.07.23 11:54:36] [Level: info] state: compute_local_norm
[CTRL] GET /data
[CTRL] POST /data
starting orthogonalise_current
ending orthogonalise_current
starting eigenvector norms
17
[Time: 01.07.23 11:54:38] [Level: info] transition: compute_local_conorm
[Time: 01.07.23 11:54:39] [Level: info] state: compute_local_conorm
[CTRL] GET /data
[CTRL] POST /data
[Time: 01.07.23 11:54:41] [Level: info] transition: compute_local_norm
[Time: 01.07.23 11:54:42] [Level: info] state: compute_local_norm
[CTRL] GET /data
[CTRL] POST /data
starting orthogonalise_current
ending orthogonalise_current
starting eigenvector norms
17
[Time: 01.07.23 11:54:44] [Level: info] transition: compute_local_conorm
[Time: 01.07.23 11:54:45] [Level: info] state: compute_local_conorm
[CTRL] GET /data
[CTRL] POST /data
[Time: 01.07.23 11:54:47] [Level: info] transition: compute_local_norm
[Time: 01.07.23 11:54:48] [Level: info] state: compute_local_norm
[CTRL] GET /data
[CTRL] POST /data
starting orthogonalise_current
ending orthogonalise_current
starting eigenvector norms
17
[Time: 01.07.23 11:54:50] [Level: info] transition: compute_local_conorm
[Time: 01.07.23 11:54:51] [Level: info] state: compute_local_conorm
[CTRL] GET /data
[CTRL] POST /data
[Time: 01.07.23 11:54:53] [Level: info] transition: compute_local_norm
[Time: 01.07.23 11:54:54] [Level: info] state: compute_local_norm
[CTRL] GET /data
[CTRL] POST /data
starting orthogonalise_current
ending orthogonalise_current
starting eigenvector norms
17
[Time: 01.07.23 11:54:56] [Level: info] transition: compute_local_conorm
[Time: 01.07.23 11:54:57] [Level: info] state: compute_local_conorm
[CTRL] GET /data
[CTRL] POST /data
[Time: 01.07.23 11:54:59] [Level: info] transition: compute_local_norm
[Time: 01.07.23 11:55:00] [Level: info] state: compute_local_norm
[CTRL] GET /data
[CTRL] POST /data
starting orthogonalise_current
ending orthogonalise_current
starting eigenvector norms
17
[Time: 01.07.23 11:55:02] [Level: info] transition: compute_local_conorm
[Time: 01.07.23 11:55:03] [Level: info] state: compute_local_conorm
[CTRL] GET /data
[CTRL] POST /data
[Time: 01.07.23 11:55:05] [Level: info] transition: compute_local_norm
[Time: 01.07.23 11:55:06] [Level: info] state: compute_local_norm
[CTRL] GET /data
[CTRL] POST /data
starting orthogonalise_current
ending orthogonalise_current
starting eigenvector norms
17
[Time: 01.07.23 11:55:08] [Level: info] transition: compute_local_conorm
[Time: 01.07.23 11:55:09] [Level: info] state: compute_local_conorm
[CTRL] GET /data
[CTRL] POST /data
[Time: 01.07.23 11:55:11] [Level: info] transition: compute_local_norm
[Time: 01.07.23 11:55:12] [Level: info] state: compute_local_norm
[CTRL] GET /data
[CTRL] POST /data
starting orthogonalise_current
ending orthogonalise_current
starting eigenvector norms
17
[Time: 01.07.23 11:55:14] [Level: info] transition: compute_local_conorm
[Time: 01.07.23 11:55:15] [Level: info] state: compute_local_conorm
[CTRL] GET /data
[CTRL] POST /data
[Time: 01.07.23 11:55:17] [Level: info] transition: compute_local_norm
[Time: 01.07.23 11:55:18] [Level: info] state: compute_local_norm
[CTRL] GET /data
[CTRL] POST /data
starting orthogonalise_current
ending orthogonalise_current
starting eigenvector norms
17
[Time: 01.07.23 11:55:20] [Level: info] transition: compute_local_conorm
[Time: 01.07.23 11:55:21] [Level: info] state: compute_local_conorm
[CTRL] GET /data
[CTRL] POST /data
[Time: 01.07.23 11:55:23] [Level: info] transition: compute_local_norm
[Time: 01.07.23 11:55:24] [Level: info] state: compute_local_norm
[CTRL] GET /data
[CTRL] POST /data
starting orthogonalise_current
ending orthogonalise_current
starting eigenvector norms
17
[Time: 01.07.23 11:55:26] [Level: info] transition: compute_local_conorm
[Time: 01.07.23 11:55:27] [Level: info] state: compute_local_conorm
[CTRL] GET /data
[CTRL] POST /data
[Time: 01.07.23 11:55:29] [Level: info] transition: compute_local_norm
[Time: 01.07.23 11:55:30] [Level: info] state: compute_local_norm
[CTRL] GET /data
[CTRL] POST /data
starting orthogonalise_current
ending orthogonalise_current
starting eigenvector norms
17
[Time: 01.07.23 11:55:32] [Level: info] transition: compute_local_conorm
[Time: 01.07.23 11:55:33] [Level: info] state: compute_local_conorm
[CTRL] GET /data
[CTRL] POST /data
[Time: 01.07.23 11:55:35] [Level: info] transition: compute_local_norm
[Time: 01.07.23 11:55:36] [Level: info] state: compute_local_norm
[CTRL] GET /data
[CTRL] POST /data
starting orthogonalise_current
ending orthogonalise_current
starting eigenvector norms
17
[Time: 01.07.23 11:55:38] [Level: info] transition: compute_local_conorm
[Time: 01.07.23 11:55:39] [Level: info] state: compute_local_conorm
[CTRL] GET /data
[CTRL] POST /data
[Time: 01.07.23 11:55:41] [Level: info] transition: compute_local_norm
[Time: 01.07.23 11:55:42] [Level: info] state: compute_local_norm
[CTRL] GET /data
[CTRL] POST /data
starting orthogonalise_current
ending orthogonalise_current
starting eigenvector norms
17
[Time: 01.07.23 11:55:44] [Level: info] transition: compute_local_conorm
[Time: 01.07.23 11:55:45] [Level: info] state: compute_local_conorm
[CTRL] GET /data
[CTRL] POST /data
[Time: 01.07.23 11:55:47] [Level: info] transition: compute_local_norm
[Time: 01.07.23 11:55:48] [Level: info] state: compute_local_norm
[CTRL] GET /data
[CTRL] POST /data
starting orthogonalise_current
ending orthogonalise_current
starting eigenvector norms
17
[Time: 01.07.23 11:55:50] [Level: info] transition: compute_local_conorm
[Time: 01.07.23 11:55:51] [Level: info] state: compute_local_conorm
[CTRL] GET /data
[CTRL] POST /data
[Time: 01.07.23 11:55:53] [Level: info] transition: compute_local_norm
[Time: 01.07.23 11:55:54] [Level: info] state: compute_local_norm
[CTRL] GET /data
[CTRL] POST /data
starting orthogonalise_current
ending orthogonalise_current
starting eigenvector norms
17
[Time: 01.07.23 11:55:56] [Level: info] transition: compute_local_conorm
[Time: 01.07.23 11:55:57] [Level: info] state: compute_local_conorm
[CTRL] GET /data
[CTRL] POST /data
[Time: 01.07.23 11:55:59] [Level: info] transition: compute_local_norm
[Time: 01.07.23 11:56:00] [Level: info] state: compute_local_norm
[CTRL] GET /data
[CTRL] POST /data
starting orthogonalise_current
ending orthogonalise_current
starting eigenvector norms
17
[Time: 01.07.23 11:56:02] [Level: info] transition: normalize_g
[Time: 01.07.23 11:56:03] [Level: info] state: normalize_g
[CTRL] GET /data
[CTRL] POST /data
Normalising
(26, 17)
17
End normalising
(26, 17)
(17, 17)
(17,)
(26, 17)
[Time: 01.07.23 11:56:05] [Level: info] transition: separate_pca
[Time: 01.07.23 11:56:06] [Level: info] state: separate_pca
Starting factor analysis
[Time: 01.07.23 11:56:06] [Level: info] transition: waiting_for_projection_matrix
[Time: 01.07.23 11:56:07] [Level: info] state: waiting_for_projection_matrix
