2023-06-23 09:10:06,013 CRIT Supervisor is running as root.  Privileges were not dropped because no user is specified in the config file.  If you intend to run as root, you can set user=root in the config file to avoid this message.
2023-06-23 09:10:06,014 INFO supervisord started with pid 7
2023-06-23 09:10:07,017 INFO spawned: 'nginx' with pid 10
2023-06-23 09:10:07,019 INFO spawned: 'app' with pid 11
2023-06-23 09:10:08,046 INFO success: nginx entered RUNNING state, process has stayed up for > than 1 seconds (startsecs)
2023-06-23 09:10:08,046 INFO success: app entered RUNNING state, process has stayed up for > than 1 seconds (startsecs)
[CTRL] POST /setup
[Time: 23.06.23 09:10:09] [Level: info] id: 601c2cd656af3b53
[Time: 23.06.23 09:10:09] [Level: info] coordinator: False
[Time: 23.06.23 09:10:09] [Level: info] clients: ['652f49aa68b0b99c', '601c2cd656af3b53']
[Time: 23.06.23 09:10:09] [Level: info] state: initial
[CLIENT] Parsing parameter file...
[API] /setup parsing parameter file 
[API] /setup config file found ... parsing file: /mnt/input/config.yaml
YAML file does not follow specification: missing key: eigenvalues
Setting default: eigenvalues.tsv
YAML file does not follow specification: missing key: explained_variance
Setting default: eigenvalues.tsv
YAML file does not follow specification: missing key: output delimiter
Setting default: eigenvalues.tsv
[API] /setup config file found ... parsing done
[CLIENT] finished parsing parameter file.
[STARTUP] Instantiate SVD
[STARTUP] Copy configuration and create dir
[STARTUP] Configuration copied
Log Transform performed
/app/apps/svd/FC_Federated_PCA.py:89: RuntimeWarning: invalid value encountered in log2
  self.tabdata.scaled = np.log2(self.tabdata.scaled+1)
[Time: 23.06.23 09:10:09] [Level: info] transition: wait_for_params
[Time: 23.06.23 09:10:11] [Level: info] state: wait_for_params
[CTRL] GET /data
[CTRL] POST /data
setting parameters
[API] Setting parameters
['OSBPL1A', 'AA029415', 'ITGA9', 'TNFAIP3', 'GPNMB', 'DDN', 'IGF2BP3', 'IGSF3', 'CCL2', 'IGFBP5', 'MVP', 'PARP14', 'DEF6', 'PYGL', 'NCF2', 'BLVRB', 'KNS2', 'N98591', 'LAMB1', 'CHI3L2', 'AI335002', 'EPHB1', 'H10054', 'HEY1', 'LHFPL2', 'PRKAR1B', 'PARD3', 'FN1', 'BCL2A1', 'C1orf187', 'APOC2', 'DMN', 'FBXO2', 'ZNF217', 'H86813', 'PRG1', 'CA12', 'ADFP', 'WWTR1', 'RAB11FIP4', 'VAMP2', 'GABBR1', 'KCNMA1', 'MB', 'CALM1', 'FBXL16', 'INPP5F', 'CCDC3', 'C16orf5', 'BNIP2', 'CLTB', 'COL9A2', 'OSR1', 'FABP3', 'PSG1', 'CLIC1', 'LTF', 'AA975768', 'NDST1', 'FBL', 'MSTP9', 'FLJ38984', 'HSPG2', 'PSD3', 'MRC2', 'BCAM', 'IMAGE.33267', 'HLA.DRB1', 'IL21R', 'DPYD', 'PPP3CB', 'AKR1C1', 'MMP2', 'DDIT4', 'DUS3L', 'RPS3A', 'SNCG', 'SRPX', 'F13A1', 'ESM1', 'H91845', 'EGLN2', 'UBE4B', 'CTHRC1', 'AI871056', 'RTN3', 'TAP1', 'KCNJ1', 'H41096', 'HLA.G', 'EID.3', 'NSF', 'TOMM40', 'GOT1', 'HPCA', 'MST150', 'DECR2', 'HPRT1', 'LILRA1', 'ZNF226', 'NOTCH1', 'TIMP3', 'LUM', 'AA181288', 'H20822', 'KCNQ2', 'FLJ35740', 'ASPA', 'KIAA1543', 'ZNF160', 'CAP2', 'MYC', 'AA598555', 'TCF7L1', 'SERPINH1', 'EFHB', 'MYBPC2', 'AI350724', 'S100A1', 'COL1A1', 'FAS', 'SLC15A2', 'GAS1', 'HAMP', 'ANK3', 'CD53', 'SCAMP5', 'BGN', 'STK17A', 'DYNLT1', 'KLRC1', 'MAPKBP1', 'MYCBP2', 'ITGA5', 'AA281932', 'YWHAG', 'NLK', 'CSPG2', 'MAL2', 'C6orf12', 'L3MBTL4', 'PLOD2', 'R70506', 'LSP1', 'FAM84A', 'MED11', 'MTHFD2', 'STMN1', 'LY96', 'URP2', 'R61377', 'DES', 'STXBP1', 'COL1A2', 'PDXP', 'YWHAH', 'NR4A1', 'RBP7', 'T62491', 'VASP', 'H08563', 'MGC39606', 'TNFRSF12A', 'TNC', 'CBX6', 'PRKCG', 'KIAA0963', 'PRKCZ', 'MICAL2', 'ID4', 'ZNF549', 'DDEF1', 'IGF1R', 'GYPC', 'MGC42367', 'DLL3', 'NUAK1', 'STC1', 'WDR7', 'PCDHGC3', 'KLRC2', 'HBXIP', 'ADAM19', 'ABCC3', 'CD58', 'CD47', 'PTPRZ1', 'SYNGR3', 'C4A', 'T51726', 'PLAU', 'SLC35A2', 'LAMA4', 'POSTN', 'PLA2G2A', 'RAB30', 'CAMKK2', 'AI005038', 'KIAA1644', 'FREQ', 'SLC16A3', 'S100A11', 'X37864', 'KCNK6', 'GADD45B', 'SNRPN', 'TSPAN4', 'DIP2C', 'NEFH', 'DSCR1L1', 'PLP2', 'AA131320', 'AI263051', 'APOC1', 'PHLDA1', 'ARPP.19', 'CLCA3', 'USP3', 'ID3', 'TFDP2', 'COL3A1', 'C8orf4', 'CAMK2A', 'PDPN', 'HMOX1', 'TGFBI', 'PDE4DIP', 'FAM46A', 'T97457', 'PDLIM7', 'D21S2089E', 'USP6NL', 'LOC613212', 'CCR1', 'CD44', 'PPP1R14A', 'APCS', 'AA401952', 'TXNDC', 'FBXO32', 'MSN', 'R52960', 'AA669383', 'NNMT', 'IFI30', 'MGC26694', 'ZNF329', 'X38595', 'TCTEX1D1', 'COL6A2', 'RBP4', 'C9orf48', 'RAB20', 'IL32', 'CHN1', 'TncRNA', 'COX7A1', 'TSPAN6', 'SVIL', 'ABCA5', 'ITGA3', 'CBLN2', 'SETD5', 'PRRX1', 'AIF1', 'EDG3', 'AA490257', 'DKFZp313A2432', 'AKR1C2', 'GBP2', 'NPC2', 'AA398420', 'CDKN1A', 'ACAD8', 'AA489629', 'ADCY1', 'LOC146795', 'CASP1', 'R70684', 'EXT1', 'RALY', 'MASP1', 'LOC283070', 'H24428', 'KLRC3', 'GYPA', 'CACNB3', 'RAB27B', 'TMEM146', 'MDK', 'PLTP', 'SCN2B', 'COL4A2', 'LMO7', 'AP4B1', 'STEAP3', 'SERPINI1', 'MDFI', 'EPB49', 'FCGRT', 'AA424849', 'LAPTM5', 'PALLD', 'IGFBP3', 'DNASE1L1', 'VEGF', 'IGHG1', 'VSNL1', 'ZNF233', 'CEAL1', 'GPSM2', 'ADARB2', 'AI002301', 'HNRNPG.T', 'CDC20B', 'SAA2', 'SOX4', 'RND3', 'FGF13', 'CAV1', 'RGS16', 'ADM', 'WASF1', 'PNCK', 'FCGR2B', 'CYR61', 'ATP6V1C1', 'NDUFB11', 'PRSS3', 'IL1RAP', 'PYHIN1', 'AA479357', 'RFXAP', 'NPL', 'SBP1', 'EMP3', 'MOAP1', 'PPP3CA', 'LOC400451', 'C1R', 'NLGN1', 'PCP4', 'ANXA5', 'SYT7', 'LRBA', 'CYBA', 'PEG3', 'TIMP1', 'FBXW7', 'HBA1', 'MST1', 'LOC57228', 'S100A10', 'SPINT2', 'LGALS3', 'GBP1', 'CKMT1A', 'ZFHX1B', 'TLL2', 'AA906888', 'PRKCB1', 'W93688', 'LYN', 'TBC1D7', 'FZD7', 'EDG1', 'ITPKA', 'PLAUR', 'C1orf63', 'MGC18216', 'EDNRB', 'PDE2A', 'LOC389831', 'ZNF419B', 'H78560', 'MGP', 'CLSTN3', 'AI357047', 'DCLRE1B', 'A2BP1', 'UBA52', 'AI822135', 'RPS19BP1', 'SPAG6', 'LOC388610', 'COX6A2', 'TSPYL1', 'SORT1', 'FAM84B', 'NPTX1', 'HLA.F', 'SERPINA3', 'AA598631', 'L1CAM', 'SOCS3', 'NMNAT2', 'SUV39H1', 'AI262682', 'PSG5', 'HLA.A', 'LOC283130', 'LOC541471', 'PYCR1', 'SPARC', 'CAPG', 'TMEM49', 'CDKN2D', 'RUNX1', 'TTC23', 'ANXA1', 'SP100', 'SERPING1', 'IQSEC1', 'CACNB2', 'PRSS1', 'AEBP1', 'HCLS1', 'UGCG', 'NY.SAR.48', 'NCF1', 'CA11', 'HK2']
INDEX
[294, 199, 331, 266, 309, 336, 250, 64, 274, 219, 273, 407, 254, 243, 316, 65, 245, 419, 320, 87, 215, 191, 401, 160, 108, 212, 5, 202, 343, 361, 178, 33, 312, 233, 181, 418, 110, 227, 190, 282, 147, 146, 228, 238, 251, 188, 322, 8, 155, 410, 214, 197, 41, 141, 66, 99, 232, 236, 402, 413, 230, 242, 161, 106, 130, 49, 84, 417, 284, 223, 78, 7, 324, 293, 21, 183, 218, 380, 340, 390, 298, 48, 60, 385, 204, 75, 357, 34, 383, 329, 20, 281, 360, 261, 384, 138, 135, 288, 47, 24, 237, 123, 378, 249, 224, 277, 201, 81, 22, 45, 319, 264, 354, 132, 143, 262, 67, 367, 341, 102, 306, 421, 388, 304, 349, 283, 182, 70, 415, 387, 118, 170, 73, 77, 101, 213, 348, 148, 333, 335, 222, 268, 177, 211, 382, 406, 176, 187, 248, 285, 185, 363, 206, 158, 168, 344, 392, 63, 311, 12, 69, 3, 71, 165, 150, 416, 280, 200, 408, 171, 29, 32, 52, 263, 40, 94, 307, 167, 126, 229, 117, 23, 375, 221, 133, 103, 302, 372, 241, 371, 184, 299, 289, 267, 276, 239, 295, 301, 153, 345, 142, 90, 127, 56, 412, 244, 330, 1, 186, 334, 89, 136, 359, 51, 260, 120, 17, 256, 356, 57, 152, 315, 286, 86, 175, 358, 323, 275, 92, 253, 42, 15, 98, 332, 305, 420, 287, 386, 396, 37, 68, 342, 270, 128, 104, 210, 38, 257, 10, 159, 292, 109, 389, 247, 374, 409, 18, 258, 2, 131, 373, 337, 91, 327, 365, 321, 234, 166, 9, 338, 364, 83, 259, 13, 180, 303, 195, 252, 398, 0, 97, 88, 27, 279, 116, 11, 172, 151, 55, 272, 318, 404, 122, 226, 44, 114, 347, 394, 393, 300, 391, 326, 397, 115, 308, 100, 381, 313, 58, 19, 50, 4, 350, 43, 265, 369, 196, 174, 205, 399, 76, 144, 149, 125, 240, 370, 105, 61, 317, 328, 297, 231, 164, 119, 39, 74, 169, 112, 156, 189, 154, 379, 192, 405, 46, 355, 139, 82, 376, 310, 134, 137, 325, 314, 113, 246, 278, 400, 53, 193, 339, 255, 395, 129, 411, 25, 290, 124, 14, 35, 111, 121, 235, 31, 80, 423, 271, 207, 28, 216, 93, 225, 162, 6, 203, 59, 95, 26, 96, 422, 366, 198, 377, 296, 85, 145, 163, 194, 36, 217, 414, 79, 220, 403, 72, 140, 269, 107, 62, 179, 208, 173, 362, 16, 368, 157, 209, 346, 353, 351, 352, 291]
[Time: 23.06.23 09:10:14] [Level: info] transition: compute_std
[Time: 23.06.23 09:10:15] [Level: info] state: compute_std
[CTRL] GET /data
[CTRL] POST /data
(422, 1)
[Time: 23.06.23 09:10:17] [Level: info] transition: apply_scaling
[Time: 23.06.23 09:10:18] [Level: info] state: apply_scaling
[CTRL] GET /data
[CTRL] POST /data
[328 414 102 216  67 109 310 299 290 237 145 302  54 309 308 248 161 387
 279 334   7 263 285 169  90 211  14  81  92 324 378  35 172 392 106 313
  44 264  11 219  40 288 254  99 333 136 385 207 365 304 411  86  17 239
 178 403  51 171  43 301 126  52  33  26 137 327 121  60 108  89 398  65
  78 144 203 326 363  71 155  24  47 149   0  31  38 182 355 379 323 416
 412 107 188 273 176 306  41 104 226 258 236 139 345  53 270 320 413 179
 332 420 315 287 230 199  75 260 349 125  58 135 204 280   6 265 312  16
 100 215 283 406  98  10 274 167 373 170 318 362 164 129 154 202 131  49
   1 159 142 269 252 240 235 186 336 174  15 110 120  70  64  37 271 224
 191 160  56 196  25 278 261 331 152   5 408 383 409 201 330 294 298 361
  30 177 276  85 335  88 340 243 266 213  23  91 399 404   9 339 192 395
 116 150 329   8 391 370 364  19 103  74  21 351 118 244 296 221 380  48
 311 347 158 140  55 181 105 300 368  69 277 222  93 268 352 275 376 321
 400  66 245 227  79 396 162 344  39 220 238 394 128 231 356 249  83 206
 341  29  12 415 101  87 165   2 123 407 173 314 259 292 209 281  61  46
 198 205 117 286 242  27 200  77 410 223 112  57 241 348 366 419 317 322
 343 360 405 185  45 151 402 272 369  95 195 367  62 256  32 305 212 132
 382 194   4  97 267 251 127 189 141  73 183  82 134 375 168 307 218  13
 354 295 393 418 187 374 293 291 147 156  28  22 262 114 282 257 146 338
 180 337 342 228 284 247 157  20 153 253  34 115 353  36 122 148 384  96
 401 319 389 255 119 233 390 163  76  72  42   3 190 197 421  63 358 417
 124]
(array([328, 414]),)
[Time: 23.06.23 09:10:20] [Level: info] transition: start_power_iteration
[Time: 23.06.23 09:10:21] [Level: info] state: start_power_iteration
[STARTUP] Computing covariance matrix
[STARTUP] Random initialisation
TABDATA SCALED
[[ 1.01158903  0.7310565   1.16790607 ...  0.64051589 -1.79461232
  -3.05467783]
 [ 1.20458745  0.8634251   0.         ... -1.12703666  0.
   0.        ]
 [ 0.7235322   0.         -2.22591659 ... -1.69476707  0.21751058
   0.82647746]
 ...
 [ 0.23662482  0.70963915  1.20210142 ...  1.07114561  0.50042929
   0.        ]
 [-0.09225235  0.79282731  1.0429611  ...  1.00527737  0.50385562
  -0.74314689]
 [ 0.0045612   0.          0.         ...  0.         -1.82147829
   0.44632012]]
[Time: 23.06.23 09:10:21] [Level: info] transition: compute_final_h_cov
[CTRL] GET /data
[Time: 23.06.23 09:10:22] [Level: info] state: compute_final_h_cov
[CTRL] POST /data
Setting k
starting eigenvector norms
17
[Time: 23.06.23 09:10:23] [Level: info] transition: compute_local_conorm
[Time: 23.06.23 09:10:24] [Level: info] state: compute_local_conorm
[CTRL] GET /data
[CTRL] POST /data
[Time: 23.06.23 09:10:26] [Level: info] transition: compute_local_norm
[Time: 23.06.23 09:10:27] [Level: info] state: compute_local_norm
[CTRL] GET /data
[CTRL] POST /data
starting orthogonalise_current
ending orthogonalise_current
starting eigenvector norms
17
[Time: 23.06.23 09:10:29] [Level: info] transition: compute_local_conorm
[Time: 23.06.23 09:10:30] [Level: info] state: compute_local_conorm
[CTRL] GET /data
[CTRL] POST /data
[Time: 23.06.23 09:10:32] [Level: info] transition: compute_local_norm
[Time: 23.06.23 09:10:33] [Level: info] state: compute_local_norm
[CTRL] GET /data
[CTRL] POST /data
starting orthogonalise_current
ending orthogonalise_current
starting eigenvector norms
17
[Time: 23.06.23 09:10:35] [Level: info] transition: compute_local_conorm
[Time: 23.06.23 09:10:36] [Level: info] state: compute_local_conorm
[CTRL] GET /data
[CTRL] POST /data
[Time: 23.06.23 09:10:38] [Level: info] transition: compute_local_norm
[Time: 23.06.23 09:10:39] [Level: info] state: compute_local_norm
[CTRL] GET /data
[CTRL] POST /data
starting orthogonalise_current
ending orthogonalise_current
starting eigenvector norms
17
[Time: 23.06.23 09:10:41] [Level: info] transition: compute_local_conorm
[Time: 23.06.23 09:10:42] [Level: info] state: compute_local_conorm
[CTRL] GET /data
[CTRL] POST /data
[Time: 23.06.23 09:10:44] [Level: info] transition: compute_local_norm
[Time: 23.06.23 09:10:45] [Level: info] state: compute_local_norm
[CTRL] GET /data
[CTRL] POST /data
starting orthogonalise_current
ending orthogonalise_current
starting eigenvector norms
17
[Time: 23.06.23 09:10:47] [Level: info] transition: compute_local_conorm
[Time: 23.06.23 09:10:48] [Level: info] state: compute_local_conorm
[CTRL] GET /data
[CTRL] POST /data
[Time: 23.06.23 09:10:50] [Level: info] transition: compute_local_norm
[Time: 23.06.23 09:10:51] [Level: info] state: compute_local_norm
[CTRL] GET /data
[CTRL] POST /data
starting orthogonalise_current
ending orthogonalise_current
starting eigenvector norms
17
[Time: 23.06.23 09:10:53] [Level: info] transition: compute_local_conorm
[Time: 23.06.23 09:10:54] [Level: info] state: compute_local_conorm
[CTRL] GET /data
[CTRL] POST /data
[Time: 23.06.23 09:10:56] [Level: info] transition: compute_local_norm
[Time: 23.06.23 09:10:57] [Level: info] state: compute_local_norm
[CTRL] GET /data
[CTRL] POST /data
starting orthogonalise_current
ending orthogonalise_current
starting eigenvector norms
17
[Time: 23.06.23 09:10:59] [Level: info] transition: compute_local_conorm
[Time: 23.06.23 09:11:00] [Level: info] state: compute_local_conorm
[CTRL] GET /data
[CTRL] POST /data
[Time: 23.06.23 09:11:02] [Level: info] transition: compute_local_norm
[Time: 23.06.23 09:11:03] [Level: info] state: compute_local_norm
[CTRL] GET /data
[CTRL] POST /data
starting orthogonalise_current
ending orthogonalise_current
starting eigenvector norms
17
[Time: 23.06.23 09:11:05] [Level: info] transition: compute_local_conorm
[Time: 23.06.23 09:11:06] [Level: info] state: compute_local_conorm
[CTRL] GET /data
[CTRL] POST /data
[Time: 23.06.23 09:11:08] [Level: info] transition: compute_local_norm
[Time: 23.06.23 09:11:09] [Level: info] state: compute_local_norm
[CTRL] GET /data
[CTRL] POST /data
starting orthogonalise_current
ending orthogonalise_current
starting eigenvector norms
17
[Time: 23.06.23 09:11:11] [Level: info] transition: compute_local_conorm
[Time: 23.06.23 09:11:12] [Level: info] state: compute_local_conorm
[CTRL] GET /data
[CTRL] POST /data
[Time: 23.06.23 09:11:14] [Level: info] transition: compute_local_norm
[Time: 23.06.23 09:11:15] [Level: info] state: compute_local_norm
[CTRL] GET /data
[CTRL] POST /data
starting orthogonalise_current
ending orthogonalise_current
starting eigenvector norms
17
[Time: 23.06.23 09:11:17] [Level: info] transition: compute_local_conorm
[Time: 23.06.23 09:11:18] [Level: info] state: compute_local_conorm
[CTRL] GET /data
[CTRL] POST /data
[Time: 23.06.23 09:11:20] [Level: info] transition: compute_local_norm
[Time: 23.06.23 09:11:21] [Level: info] state: compute_local_norm
[CTRL] GET /data
[CTRL] POST /data
starting orthogonalise_current
ending orthogonalise_current
starting eigenvector norms
17
[Time: 23.06.23 09:11:23] [Level: info] transition: compute_local_conorm
[Time: 23.06.23 09:11:24] [Level: info] state: compute_local_conorm
[CTRL] GET /data
[CTRL] POST /data
[Time: 23.06.23 09:11:26] [Level: info] transition: compute_local_norm
[Time: 23.06.23 09:11:27] [Level: info] state: compute_local_norm
[CTRL] GET /data
[CTRL] POST /data
starting orthogonalise_current
ending orthogonalise_current
starting eigenvector norms
17
[Time: 23.06.23 09:11:29] [Level: info] transition: compute_local_conorm
[Time: 23.06.23 09:11:30] [Level: info] state: compute_local_conorm
[CTRL] GET /data
[CTRL] POST /data
[Time: 23.06.23 09:11:32] [Level: info] transition: compute_local_norm
[Time: 23.06.23 09:11:33] [Level: info] state: compute_local_norm
[CTRL] GET /data
[CTRL] POST /data
starting orthogonalise_current
ending orthogonalise_current
starting eigenvector norms
17
[Time: 23.06.23 09:11:35] [Level: info] transition: compute_local_conorm
[Time: 23.06.23 09:11:36] [Level: info] state: compute_local_conorm
[CTRL] GET /data
[CTRL] POST /data
[Time: 23.06.23 09:11:38] [Level: info] transition: compute_local_norm
[Time: 23.06.23 09:11:39] [Level: info] state: compute_local_norm
[CTRL] GET /data
[CTRL] POST /data
starting orthogonalise_current
ending orthogonalise_current
starting eigenvector norms
17
[Time: 23.06.23 09:11:41] [Level: info] transition: compute_local_conorm
[Time: 23.06.23 09:11:42] [Level: info] state: compute_local_conorm
[CTRL] GET /data
[CTRL] POST /data
[Time: 23.06.23 09:11:44] [Level: info] transition: compute_local_norm
[Time: 23.06.23 09:11:45] [Level: info] state: compute_local_norm
[CTRL] GET /data
[CTRL] POST /data
starting orthogonalise_current
ending orthogonalise_current
starting eigenvector norms
17
[Time: 23.06.23 09:11:47] [Level: info] transition: compute_local_conorm
[Time: 23.06.23 09:11:48] [Level: info] state: compute_local_conorm
[CTRL] GET /data
[CTRL] POST /data
[Time: 23.06.23 09:11:50] [Level: info] transition: compute_local_norm
[Time: 23.06.23 09:11:51] [Level: info] state: compute_local_norm
[CTRL] GET /data
[CTRL] POST /data
starting orthogonalise_current
ending orthogonalise_current
starting eigenvector norms
17
[Time: 23.06.23 09:11:53] [Level: info] transition: compute_local_conorm
[Time: 23.06.23 09:11:54] [Level: info] state: compute_local_conorm
[CTRL] GET /data
[CTRL] POST /data
[Time: 23.06.23 09:11:56] [Level: info] transition: compute_local_norm
[Time: 23.06.23 09:11:57] [Level: info] state: compute_local_norm
[CTRL] GET /data
[CTRL] POST /data
starting orthogonalise_current
ending orthogonalise_current
starting eigenvector norms
17
[Time: 23.06.23 09:11:59] [Level: info] transition: normalize_g
[Time: 23.06.23 09:12:00] [Level: info] state: normalize_g
[CTRL] GET /data
[CTRL] POST /data
Normalising
(26, 17)
17
End normalising
(422, 17)
(17, 17)
(17,)
(422, 17)
[Time: 23.06.23 09:12:02] [Level: info] transition: save_results
[Time: 23.06.23 09:12:03] [Level: info] state: save_results
SAVING RESULTS
saving pca/mnt/output/pca/left_eigenvectors.tsv
	
MOVE INPUT TO OUTPUT
[Time: 23.06.23 09:12:03] [Level: info] transition: finalize
[CTRL] GET /data
[Time: 23.06.23 09:12:04] [Level: info] state: finalize
[Time: 23.06.23 09:12:04] [Level: info] transition: terminal
[Time: 23.06.23 09:12:04] [Level: info] done
