2023-06-28 07:48:07,244 CRIT Supervisor is running as root.  Privileges were not dropped because no user is specified in the config file.  If you intend to run as root, you can set user=root in the config file to avoid this message.
2023-06-28 07:48:07,247 INFO supervisord started with pid 7
2023-06-28 07:48:08,250 INFO spawned: 'nginx' with pid 10
2023-06-28 07:48:08,252 INFO spawned: 'app' with pid 11
2023-06-28 07:48:09,277 INFO success: nginx entered RUNNING state, process has stayed up for > than 1 seconds (startsecs)
2023-06-28 07:48:09,277 INFO success: app entered RUNNING state, process has stayed up for > than 1 seconds (startsecs)
[CTRL] POST /setup
[Time: 28.06.23 07:48:11] [Level: info] id: 004f245664a6fb1a
[Time: 28.06.23 07:48:11] [Level: info] coordinator: False
[Time: 28.06.23 07:48:11] [Level: info] clients: ['4a1a279f70becdc0', '004f245664a6fb1a']
[Time: 28.06.23 07:48:11] [Level: info] state: initial
[CLIENT] Parsing parameter file...
[API] /setup parsing parameter file 
[API] /setup config file found ... parsing file: /mnt/input/config.yaml
YAML file does not follow specification: missing key: eigenvalues
Setting default: eigenvalues.tsv
YAML file does not follow specification: missing key: explained_variance
Setting default: eigenvalues.tsv
YAML file does not follow specification: missing key: output delimiter
Setting default: tab
[API] /setup config file found ... parsing done
[CLIENT] finished parsing parameter file.
[STARTUP] Instantiate SVD
[STARTUP] Copy configuration and create dir
[STARTUP] Configuration copied
Log Transform performed
[[ 6.74542027e-02  1.81002875e-01  1.61967477e-01 ...  5.41621673e-02
   2.44542698e-01 -2.60220260e-01]
 [-4.61545797e-01 -1.99712471e-03  2.53967477e-01 ...  8.65162167e-01
  -9.04573017e-02  1.22779740e-01]
 [ 1.17454203e-01  1.64002875e-01 -1.81032523e-01 ...  1.16216733e-03
   2.59542698e-01 -1.47220260e-01]
 ...
 [ 6.77109851e-01  5.27812409e-01  8.69196496e-01 ...  1.60968399e+00
   4.71524132e-01  6.26844003e-01]
 [-2.01389015e+00  7.88124088e-02  9.97196496e-01 ...  5.29683994e-01
   6.37524132e-01  1.15884400e+00]
 [-9.82890149e-01  4.64312409e-01  1.32619650e+00 ...  1.64683994e-01
   2.29524132e-01  5.23344003e-01]]
/app/apps/svd/FC_Federated_MFA.py:126: RuntimeWarning: invalid value encountered in log2
  tabdata.scaled = np.log2(tabdata.scaled+1)
[[ 9.41741748e-02  2.40012477e-01  2.16569689e-01 ...  7.60968214e-02
   3.15615728e-01 -4.34832304e-01]
 [-8.93104451e-01 -2.88412285e-03  3.26499931e-01 ...  8.99301072e-01
  -1.36786728e-01  1.67074937e-01]
 [ 1.60215706e-01  2.19094622e-01 -2.88121934e-01 ...  1.67567952e-03
   3.32900030e-01 -2.29754931e-01]
 ...
 [ 7.45977189e-01  6.11467414e-01  9.02418238e-01 ...  1.38387512e+00
   5.57311202e-01  7.02075918e-01]
 [            nan  1.09444021e-01  9.97976281e-01 ...  6.13233648e-01
   7.11516168e-01  1.11025900e+00]
 [-5.86902895e+00  5.50223383e-01  1.21797297e+00 ...  2.19938570e-01
   2.98100052e-01  6.07241769e-01]]
Log Transform performed
[[ 6.74542027e-02  1.81002875e-01  1.61967477e-01 ...  5.41621673e-02
   2.44542698e-01 -2.60220260e-01]
 [-4.61545797e-01 -1.99712471e-03  2.53967477e-01 ...  8.65162167e-01
  -9.04573017e-02  1.22779740e-01]
 [ 1.17454203e-01  1.64002875e-01 -1.81032523e-01 ...  1.16216733e-03
   2.59542698e-01 -1.47220260e-01]
 ...
 [ 6.77109851e-01  5.27812409e-01  8.69196496e-01 ...  1.60968399e+00
   4.71524132e-01  6.26844003e-01]
 [-2.01389015e+00  7.88124088e-02  9.97196496e-01 ...  5.29683994e-01
   6.37524132e-01  1.15884400e+00]
 [-9.82890149e-01  4.64312409e-01  1.32619650e+00 ...  1.64683994e-01
   2.29524132e-01  5.23344003e-01]]
/app/apps/svd/FC_Federated_MFA.py:126: RuntimeWarning: invalid value encountered in log2
  tabdata.scaled = np.log2(tabdata.scaled+1)
[[ 9.41741748e-02  2.40012477e-01  2.16569689e-01 ...  7.60968214e-02
   3.15615728e-01 -4.34832304e-01]
 [-8.93104451e-01 -2.88412285e-03  3.26499931e-01 ...  8.99301072e-01
  -1.36786728e-01  1.67074937e-01]
 [ 1.60215706e-01  2.19094622e-01 -2.88121934e-01 ...  1.67567952e-03
   3.32900030e-01 -2.29754931e-01]
 ...
 [ 7.45977189e-01  6.11467414e-01  9.02418238e-01 ...  1.38387512e+00
   5.57311202e-01  7.02075918e-01]
 [            nan  1.09444021e-01  9.97976281e-01 ...  6.13233648e-01
   7.11516168e-01  1.11025900e+00]
 [-5.86902895e+00  5.50223383e-01  1.21797297e+00 ...  2.19938570e-01
   2.98100052e-01  6.07241769e-01]]
[Time: 28.06.23 07:48:11] [Level: info] transition: wait_for_params
[Time: 28.06.23 07:48:12] [Level: info] state: wait_for_params
[CTRL] GET /data
[CTRL] POST /data
setting parameters
INCOMINGS
[{'PCs': 43, <COParams.SEND_PROJ: ('Send projections', False)>: False, 'Row names': ['FABP3', 'ZNF419B', 'FCGRT', 'LOC283130', 'CACNB2', 'NR4A1', 'GYPC', 'PEG3', 'MOAP1', 'NNMT', 'ITPKA', 'NY.SAR.48', 'COL1A2', 'ASPA', 'AKR1C2', 'SP100', 'C1orf63', 'PDE4DIP', 'H41096', 'UBA52', 'VEGF', 'L1CAM', 'W93688', 'PCP4', 'BLVRB', 'RBP4', 'IQSEC1', 'KCNJ1', 'PLP2', 'STK17A', 'FLJ38984', 'T97457', 'FGF13', 'KCNK6', 'ID4', 'TIMP3', 'TSPYL1', 'DSCR1L1', 'WWTR1', 'PRKCB1', 'SUV39H1', 'TNC', 'TIMP1', 'MYCBP2', 'FAM84B', 'PRKAR1B', 'IL1RAP', 'H24428', 'HNRNPG.T', 'AA906888', 'BNIP2', 'CD58', 'FBL', 'AEBP1', 'CDC20B', 'LOC541471', 'HBXIP', 'DEF6', 'NPL', 'H86813', 'SOX4', 'CAV1', 'TCF7L1', 'SERPING1', 'HLA.A', 'SPINT2', 'SLC15A2', 'IGFBP5', 'ITGA5', 'TMEM49', 'PPP3CB', 'STEAP3', 'PYGL', 'LY96', 'S100A11', 'PRSS1', 'CDKN1A', 'TMEM146', 'ZNF549', 'RPS3A', 'TAP1', 'MGC18216', 'FBXO32', 'EDG3', 'CTHRC1', 'HPRT1', 'AKR1C1', 'DNASE1L1', 'COL6A2', 'GOT1', 'NLK', 'STC1', 'KCNMA1', 'UBE4B', 'DYNLT1', 'MMP2', 'PLOD2', 'TBC1D7', 'COL1A1', 'FBXW7', 'FLJ35740', 'NUAK1', 'FBXO2', 'KIAA1543', 'YWHAH', 'TFDP2', 'KCNQ2', 'MAL2', 'AI002301', 'AA131320', 'HMOX1', 'MST150', 'LOC283070', 'MYBPC2', 'DPYD', 'HAMP', 'RAB30', 'LTF', 'VASP', 'DDN', 'PTPRZ1', 'CEAL1', 'PLAU', 'NSF', 'ADCY1', 'LOC400451', 'IGHG1', 'CHI3L2', 'NDUFB11', 'TXNDC', 'ZNF329', 'PHLDA1', 'PSG5', 'LAPTM5', 'LAMA4', 'TNFAIP3', 'FN1', 'AA669383', 'AP4B1', 'CCDC3', 'AI263051', 'WDR7', 'SYT7', 'AA975768', 'ITGA3', 'GPNMB', 'PALLD', 'C9orf48', 'BCAM', 'NPTX1', 'ADM', 'CLCA3', 'AA489629', 'HCLS1', 'AI335002', 'AA598555', 'MDFI', 'IGF2BP3', 'CBLN2', 'AI822135', 'ZNF226', 'COL3A1', 'IL21R', 'APCS', 'R70506', 'PARD3', 'TNFRSF12A', 'CKMT1A', 'PRSS3', 'SPAG6', 'CSPG2', 'LRBA', 'RAB27B', 'MRC2', 'IMAGE.33267', 'OSBPL1A', 'PNCK', 'MDK', 'SLC16A3', 'CAMKK2', 'AA424849', 'CBX6', 'C6orf12', 'SLC35A2', 'MGP', 'LGALS3', 'AI005038', 'A2BP1', 'STMN1', 'GBP1', 'GAS1', 'TncRNA', 'HSPG2', 'AA181288', 'DCLRE1B', 'ZNF160', 'CALM1', 'CLIC1', 'CYR61', 'PARP14', 'AA029415', 'MSN', 'KIAA1644', 'LMO7', 'RAB11FIP4', 'DUS3L', 'AA281932', 'CCL2', 'LOC389831', 'PDE2A', 'SERPINA3', 'RND3', 'EFHB', 'EGLN2', 'LOC146795', 'URP2', 'USP3', 'COL9A2', 'MYC', 'UGCG', 'D21S2089E', 'SCN2B', 'C16orf5', 'ARPP.19', 'FZD7', 'RALY', 'IGFBP3', 'X37864', 'ACAD8', 'PPP1R14A', 'SOCS3', 'FCGR2B', 'PPP3CA', 'GBP2', 'H08563', 'WASF1', 'ANK3', 'VAMP2', 'KNS2', 'NDST1', 'PRKCZ', 'MAPKBP1', 'MB', 'FBXL16', 'S100A1', 'APOC1', 'COL4A2', 'HLA.F', 'LSP1', 'PCDHGC3', 'H91845', 'SERPINI1', 'S100A10', 'DKFZp313A2432', 'IGSF3', 'SVIL', 'DDEF1', 'ZFHX1B', 'SRPX', 'LHFPL2', 'AA479357', 'C4A', 'CD44', 'EDNRB', 'CAPG', 'AA490257', 'N98591', 'SETD5', 'NPC2', 'MGC26694', 'LOC388610', 'SERPINH1', 'COX6A2', 'HLA.G', 'NOTCH1', 'STXBP1', 'CLTB', 'BCL2A1', 'L3MBTL4', 'USP6NL', 'ZNF233', 'IL32', 'ADFP', 'CLSTN3', 'DMN', 'AA598631', 'PLTP', 'NCF1', 'EPHB1', 'RTN3', 'PSD3', 'ANXA1', 'C1orf187', 'ID3', 'NCF2', 'LYN', 'ADARB2', 'APOC2', 'FAM84A', 'R70684', 'EPB49', 'MVP', 'AIF1', 'SAA2', 'SPARC', 'RGS16', 'MSTP9', 'FAS', 'LOC57228', 'LOC613212', 'PRKCG', 'VSNL1', 'SYNGR3', 'ZNF217', 'C8orf4', 'CA11', 'PDXP', 'EMP3', 'HEY1', 'CACNB3', 'T62491', 'CASP1', 'ESM1', 'PSG1', 'MTHFD2', 'AI262682', 'H20822', 'LUM', 'CAP2', 'DLL3', 'RFXAP', 'CAMK2A', 'MICAL2', 'DES', 'EXT1', 'KIAA0963', 'BGN', 'CDKN2D', 'YWHAG', 'DDIT4', 'X38595', 'ITGA9', 'TGFBI', 'RAB20', 'CD47', 'KLRC1', 'CCR1', 'IGF1R', 'GPSM2', 'C1R', 'DECR2', 'TTC23', 'CHN1', 'IFI30', 'HK2', 'COX7A1', 'GADD45B', 'AI871056', 'MED11', 'EID.3', 'PLAUR', 'GYPA', 'SORT1', 'MASP1', 'FREQ', 'FAM46A', 'MGC42367', 'POSTN', 'ANXA5', 'NEFH', 'PLA2G2A', 'EDG1', 'PDLIM7', 'LILRA1', 'TOMM40', 'H10054', 'HBA1', 'SNRPN', 'PRRX1', 'RBP7', 'CA12', 'HLA.DRB1', 'AI357047', 'NMNAT2', 'AI350724', 'KLRC2', 'SBP1', 'GABBR1', 'AA401952', 'ATP6V1C1', 'R52960', 'PDPN', 'H78560', 'F13A1', 'TCTEX1D1', 'AA398420', 'TSPAN6', 'OSR1', 'SNCG', 'RUNX1', 'TSPAN4', 'KLRC3', 'R61377', 'DIP2C', 'CD53', 'MST1', 'NLGN1', 'LAMB1', 'PYHIN1', 'ADAM19', 'CYBA', 'TLL2', 'HPCA', 'PRG1', 'ABCC3', 'PYCR1', 'T51726', 'MGC39606', 'RPS19BP1', 'SCAMP5', 'ABCA5', 'INPP5F']}, {'PCs': 43, <COParams.SEND_PROJ: ('Send projections', False)>: False, 'Row names': ['FABP3', 'ZNF419B', 'FCGRT', 'LOC283130', 'CACNB2', 'NR4A1', 'GYPC', 'PEG3', 'MOAP1', 'NNMT', 'ITPKA', 'NY.SAR.48', 'COL1A2', 'ASPA', 'AKR1C2', 'SP100', 'C1orf63', 'PDE4DIP', 'H41096', 'UBA52', 'VEGF', 'L1CAM', 'W93688', 'PCP4', 'BLVRB', 'RBP4', 'IQSEC1', 'KCNJ1', 'PLP2', 'STK17A', 'FLJ38984', 'T97457', 'FGF13', 'KCNK6', 'ID4', 'TIMP3', 'TSPYL1', 'DSCR1L1', 'WWTR1', 'PRKCB1', 'SUV39H1', 'TNC', 'TIMP1', 'MYCBP2', 'FAM84B', 'PRKAR1B', 'IL1RAP', 'H24428', 'HNRNPG.T', 'AA906888', 'BNIP2', 'CD58', 'FBL', 'AEBP1', 'CDC20B', 'LOC541471', 'HBXIP', 'DEF6', 'NPL', 'H86813', 'SOX4', 'CAV1', 'TCF7L1', 'SERPING1', 'HLA.A', 'SPINT2', 'SLC15A2', 'IGFBP5', 'ITGA5', 'TMEM49', 'PPP3CB', 'STEAP3', 'PYGL', 'LY96', 'S100A11', 'PRSS1', 'CDKN1A', 'TMEM146', 'ZNF549', 'RPS3A', 'TAP1', 'MGC18216', 'FBXO32', 'EDG3', 'CTHRC1', 'HPRT1', 'AKR1C1', 'DNASE1L1', 'COL6A2', 'GOT1', 'NLK', 'STC1', 'KCNMA1', 'UBE4B', 'DYNLT1', 'MMP2', 'PLOD2', 'TBC1D7', 'COL1A1', 'FBXW7', 'FLJ35740', 'NUAK1', 'FBXO2', 'KIAA1543', 'YWHAH', 'TFDP2', 'KCNQ2', 'MAL2', 'AI002301', 'AA131320', 'HMOX1', 'MST150', 'LOC283070', 'MYBPC2', 'DPYD', 'HAMP', 'RAB30', 'LTF', 'VASP', 'DDN', 'PTPRZ1', 'CEAL1', 'PLAU', 'NSF', 'ADCY1', 'LOC400451', 'IGHG1', 'CHI3L2', 'NDUFB11', 'TXNDC', 'ZNF329', 'PHLDA1', 'PSG5', 'LAPTM5', 'LAMA4', 'TNFAIP3', 'FN1', 'AA669383', 'AP4B1', 'CCDC3', 'AI263051', 'WDR7', 'SYT7', 'AA975768', 'ITGA3', 'GPNMB', 'PALLD', 'C9orf48', 'BCAM', 'NPTX1', 'ADM', 'CLCA3', 'AA489629', 'HCLS1', 'AI335002', 'AA598555', 'MDFI', 'IGF2BP3', 'CBLN2', 'AI822135', 'ZNF226', 'COL3A1', 'IL21R', 'APCS', 'R70506', 'PARD3', 'TNFRSF12A', 'CKMT1A', 'PRSS3', 'SPAG6', 'CSPG2', 'LRBA', 'RAB27B', 'MRC2', 'IMAGE.33267', 'OSBPL1A', 'PNCK', 'MDK', 'SLC16A3', 'CAMKK2', 'AA424849', 'CBX6', 'C6orf12', 'SLC35A2', 'MGP', 'LGALS3', 'AI005038', 'A2BP1', 'STMN1', 'GBP1', 'GAS1', 'TncRNA', 'HSPG2', 'AA181288', 'DCLRE1B', 'ZNF160', 'CALM1', 'CLIC1', 'CYR61', 'PARP14', 'AA029415', 'MSN', 'KIAA1644', 'LMO7', 'RAB11FIP4', 'DUS3L', 'AA281932', 'CCL2', 'LOC389831', 'PDE2A', 'SERPINA3', 'RND3', 'EFHB', 'EGLN2', 'LOC146795', 'URP2', 'USP3', 'COL9A2', 'MYC', 'UGCG', 'D21S2089E', 'SCN2B', 'C16orf5', 'ARPP.19', 'FZD7', 'RALY', 'IGFBP3', 'X37864', 'ACAD8', 'PPP1R14A', 'SOCS3', 'FCGR2B', 'PPP3CA', 'GBP2', 'H08563', 'WASF1', 'ANK3', 'VAMP2', 'KNS2', 'NDST1', 'PRKCZ', 'MAPKBP1', 'MB', 'FBXL16', 'S100A1', 'APOC1', 'COL4A2', 'HLA.F', 'LSP1', 'PCDHGC3', 'H91845', 'SERPINI1', 'S100A10', 'DKFZp313A2432', 'IGSF3', 'SVIL', 'DDEF1', 'ZFHX1B', 'SRPX', 'LHFPL2', 'AA479357', 'C4A', 'CD44', 'EDNRB', 'CAPG', 'AA490257', 'N98591', 'SETD5', 'NPC2', 'MGC26694', 'LOC388610', 'SERPINH1', 'COX6A2', 'HLA.G', 'NOTCH1', 'STXBP1', 'CLTB', 'BCL2A1', 'L3MBTL4', 'USP6NL', 'ZNF233', 'IL32', 'ADFP', 'CLSTN3', 'DMN', 'AA598631', 'PLTP', 'NCF1', 'EPHB1', 'RTN3', 'PSD3', 'ANXA1', 'C1orf187', 'ID3', 'NCF2', 'LYN', 'ADARB2', 'APOC2', 'FAM84A', 'R70684', 'EPB49', 'MVP', 'AIF1', 'SAA2', 'SPARC', 'RGS16', 'MSTP9', 'FAS', 'LOC57228', 'LOC613212', 'PRKCG', 'VSNL1', 'SYNGR3', 'ZNF217', 'C8orf4', 'CA11', 'PDXP', 'EMP3', 'HEY1', 'CACNB3', 'T62491', 'CASP1', 'ESM1', 'PSG1', 'MTHFD2', 'AI262682', 'H20822', 'LUM', 'CAP2', 'DLL3', 'RFXAP', 'CAMK2A', 'MICAL2', 'DES', 'EXT1', 'KIAA0963', 'BGN', 'CDKN2D', 'YWHAG', 'DDIT4', 'X38595', 'ITGA9', 'TGFBI', 'RAB20', 'CD47', 'KLRC1', 'CCR1', 'IGF1R', 'GPSM2', 'C1R', 'DECR2', 'TTC23', 'CHN1', 'IFI30', 'HK2', 'COX7A1', 'GADD45B', 'AI871056', 'MED11', 'EID.3', 'PLAUR', 'GYPA', 'SORT1', 'MASP1', 'FREQ', 'FAM46A', 'MGC42367', 'POSTN', 'ANXA5', 'NEFH', 'PLA2G2A', 'EDG1', 'PDLIM7', 'LILRA1', 'TOMM40', 'H10054', 'HBA1', 'SNRPN', 'PRRX1', 'RBP7', 'CA12', 'HLA.DRB1', 'AI357047', 'NMNAT2', 'AI350724', 'KLRC2', 'SBP1', 'GABBR1', 'AA401952', 'ATP6V1C1', 'R52960', 'PDPN', 'H78560', 'F13A1', 'TCTEX1D1', 'AA398420', 'TSPAN6', 'OSR1', 'SNCG', 'RUNX1', 'TSPAN4', 'KLRC3', 'R61377', 'DIP2C', 'CD53', 'MST1', 'NLGN1', 'LAMB1', 'PYHIN1', 'ADAM19', 'CYBA', 'TLL2', 'HPCA', 'PRG1', 'ABCC3', 'PYCR1', 'T51726', 'MGC39606', 'RPS19BP1', 'SCAMP5', 'ABCA5', 'INPP5F']}]
INCOMING
{'PCs': 43, <COParams.SEND_PROJ: ('Send projections', False)>: False, 'Row names': ['FABP3', 'ZNF419B', 'FCGRT', 'LOC283130', 'CACNB2', 'NR4A1', 'GYPC', 'PEG3', 'MOAP1', 'NNMT', 'ITPKA', 'NY.SAR.48', 'COL1A2', 'ASPA', 'AKR1C2', 'SP100', 'C1orf63', 'PDE4DIP', 'H41096', 'UBA52', 'VEGF', 'L1CAM', 'W93688', 'PCP4', 'BLVRB', 'RBP4', 'IQSEC1', 'KCNJ1', 'PLP2', 'STK17A', 'FLJ38984', 'T97457', 'FGF13', 'KCNK6', 'ID4', 'TIMP3', 'TSPYL1', 'DSCR1L1', 'WWTR1', 'PRKCB1', 'SUV39H1', 'TNC', 'TIMP1', 'MYCBP2', 'FAM84B', 'PRKAR1B', 'IL1RAP', 'H24428', 'HNRNPG.T', 'AA906888', 'BNIP2', 'CD58', 'FBL', 'AEBP1', 'CDC20B', 'LOC541471', 'HBXIP', 'DEF6', 'NPL', 'H86813', 'SOX4', 'CAV1', 'TCF7L1', 'SERPING1', 'HLA.A', 'SPINT2', 'SLC15A2', 'IGFBP5', 'ITGA5', 'TMEM49', 'PPP3CB', 'STEAP3', 'PYGL', 'LY96', 'S100A11', 'PRSS1', 'CDKN1A', 'TMEM146', 'ZNF549', 'RPS3A', 'TAP1', 'MGC18216', 'FBXO32', 'EDG3', 'CTHRC1', 'HPRT1', 'AKR1C1', 'DNASE1L1', 'COL6A2', 'GOT1', 'NLK', 'STC1', 'KCNMA1', 'UBE4B', 'DYNLT1', 'MMP2', 'PLOD2', 'TBC1D7', 'COL1A1', 'FBXW7', 'FLJ35740', 'NUAK1', 'FBXO2', 'KIAA1543', 'YWHAH', 'TFDP2', 'KCNQ2', 'MAL2', 'AI002301', 'AA131320', 'HMOX1', 'MST150', 'LOC283070', 'MYBPC2', 'DPYD', 'HAMP', 'RAB30', 'LTF', 'VASP', 'DDN', 'PTPRZ1', 'CEAL1', 'PLAU', 'NSF', 'ADCY1', 'LOC400451', 'IGHG1', 'CHI3L2', 'NDUFB11', 'TXNDC', 'ZNF329', 'PHLDA1', 'PSG5', 'LAPTM5', 'LAMA4', 'TNFAIP3', 'FN1', 'AA669383', 'AP4B1', 'CCDC3', 'AI263051', 'WDR7', 'SYT7', 'AA975768', 'ITGA3', 'GPNMB', 'PALLD', 'C9orf48', 'BCAM', 'NPTX1', 'ADM', 'CLCA3', 'AA489629', 'HCLS1', 'AI335002', 'AA598555', 'MDFI', 'IGF2BP3', 'CBLN2', 'AI822135', 'ZNF226', 'COL3A1', 'IL21R', 'APCS', 'R70506', 'PARD3', 'TNFRSF12A', 'CKMT1A', 'PRSS3', 'SPAG6', 'CSPG2', 'LRBA', 'RAB27B', 'MRC2', 'IMAGE.33267', 'OSBPL1A', 'PNCK', 'MDK', 'SLC16A3', 'CAMKK2', 'AA424849', 'CBX6', 'C6orf12', 'SLC35A2', 'MGP', 'LGALS3', 'AI005038', 'A2BP1', 'STMN1', 'GBP1', 'GAS1', 'TncRNA', 'HSPG2', 'AA181288', 'DCLRE1B', 'ZNF160', 'CALM1', 'CLIC1', 'CYR61', 'PARP14', 'AA029415', 'MSN', 'KIAA1644', 'LMO7', 'RAB11FIP4', 'DUS3L', 'AA281932', 'CCL2', 'LOC389831', 'PDE2A', 'SERPINA3', 'RND3', 'EFHB', 'EGLN2', 'LOC146795', 'URP2', 'USP3', 'COL9A2', 'MYC', 'UGCG', 'D21S2089E', 'SCN2B', 'C16orf5', 'ARPP.19', 'FZD7', 'RALY', 'IGFBP3', 'X37864', 'ACAD8', 'PPP1R14A', 'SOCS3', 'FCGR2B', 'PPP3CA', 'GBP2', 'H08563', 'WASF1', 'ANK3', 'VAMP2', 'KNS2', 'NDST1', 'PRKCZ', 'MAPKBP1', 'MB', 'FBXL16', 'S100A1', 'APOC1', 'COL4A2', 'HLA.F', 'LSP1', 'PCDHGC3', 'H91845', 'SERPINI1', 'S100A10', 'DKFZp313A2432', 'IGSF3', 'SVIL', 'DDEF1', 'ZFHX1B', 'SRPX', 'LHFPL2', 'AA479357', 'C4A', 'CD44', 'EDNRB', 'CAPG', 'AA490257', 'N98591', 'SETD5', 'NPC2', 'MGC26694', 'LOC388610', 'SERPINH1', 'COX6A2', 'HLA.G', 'NOTCH1', 'STXBP1', 'CLTB', 'BCL2A1', 'L3MBTL4', 'USP6NL', 'ZNF233', 'IL32', 'ADFP', 'CLSTN3', 'DMN', 'AA598631', 'PLTP', 'NCF1', 'EPHB1', 'RTN3', 'PSD3', 'ANXA1', 'C1orf187', 'ID3', 'NCF2', 'LYN', 'ADARB2', 'APOC2', 'FAM84A', 'R70684', 'EPB49', 'MVP', 'AIF1', 'SAA2', 'SPARC', 'RGS16', 'MSTP9', 'FAS', 'LOC57228', 'LOC613212', 'PRKCG', 'VSNL1', 'SYNGR3', 'ZNF217', 'C8orf4', 'CA11', 'PDXP', 'EMP3', 'HEY1', 'CACNB3', 'T62491', 'CASP1', 'ESM1', 'PSG1', 'MTHFD2', 'AI262682', 'H20822', 'LUM', 'CAP2', 'DLL3', 'RFXAP', 'CAMK2A', 'MICAL2', 'DES', 'EXT1', 'KIAA0963', 'BGN', 'CDKN2D', 'YWHAG', 'DDIT4', 'X38595', 'ITGA9', 'TGFBI', 'RAB20', 'CD47', 'KLRC1', 'CCR1', 'IGF1R', 'GPSM2', 'C1R', 'DECR2', 'TTC23', 'CHN1', 'IFI30', 'HK2', 'COX7A1', 'GADD45B', 'AI871056', 'MED11', 'EID.3', 'PLAUR', 'GYPA', 'SORT1', 'MASP1', 'FREQ', 'FAM46A', 'MGC42367', 'POSTN', 'ANXA5', 'NEFH', 'PLA2G2A', 'EDG1', 'PDLIM7', 'LILRA1', 'TOMM40', 'H10054', 'HBA1', 'SNRPN', 'PRRX1', 'RBP7', 'CA12', 'HLA.DRB1', 'AI357047', 'NMNAT2', 'AI350724', 'KLRC2', 'SBP1', 'GABBR1', 'AA401952', 'ATP6V1C1', 'R52960', 'PDPN', 'H78560', 'F13A1', 'TCTEX1D1', 'AA398420', 'TSPAN6', 'OSR1', 'SNCG', 'RUNX1', 'TSPAN4', 'KLRC3', 'R61377', 'DIP2C', 'CD53', 'MST1', 'NLGN1', 'LAMB1', 'PYHIN1', 'ADAM19', 'CYBA', 'TLL2', 'HPCA', 'PRG1', 'ABCC3', 'PYCR1', 'T51726', 'MGC39606', 'RPS19BP1', 'SCAMP5', 'ABCA5', 'INPP5F']}
K
[43, 43]
incoming[COParams.PCS.n]
43
INCOMING
{'PCs': 43, <COParams.SEND_PROJ: ('Send projections', False)>: False, 'Row names': ['FABP3', 'ZNF419B', 'FCGRT', 'LOC283130', 'CACNB2', 'NR4A1', 'GYPC', 'PEG3', 'MOAP1', 'NNMT', 'ITPKA', 'NY.SAR.48', 'COL1A2', 'ASPA', 'AKR1C2', 'SP100', 'C1orf63', 'PDE4DIP', 'H41096', 'UBA52', 'VEGF', 'L1CAM', 'W93688', 'PCP4', 'BLVRB', 'RBP4', 'IQSEC1', 'KCNJ1', 'PLP2', 'STK17A', 'FLJ38984', 'T97457', 'FGF13', 'KCNK6', 'ID4', 'TIMP3', 'TSPYL1', 'DSCR1L1', 'WWTR1', 'PRKCB1', 'SUV39H1', 'TNC', 'TIMP1', 'MYCBP2', 'FAM84B', 'PRKAR1B', 'IL1RAP', 'H24428', 'HNRNPG.T', 'AA906888', 'BNIP2', 'CD58', 'FBL', 'AEBP1', 'CDC20B', 'LOC541471', 'HBXIP', 'DEF6', 'NPL', 'H86813', 'SOX4', 'CAV1', 'TCF7L1', 'SERPING1', 'HLA.A', 'SPINT2', 'SLC15A2', 'IGFBP5', 'ITGA5', 'TMEM49', 'PPP3CB', 'STEAP3', 'PYGL', 'LY96', 'S100A11', 'PRSS1', 'CDKN1A', 'TMEM146', 'ZNF549', 'RPS3A', 'TAP1', 'MGC18216', 'FBXO32', 'EDG3', 'CTHRC1', 'HPRT1', 'AKR1C1', 'DNASE1L1', 'COL6A2', 'GOT1', 'NLK', 'STC1', 'KCNMA1', 'UBE4B', 'DYNLT1', 'MMP2', 'PLOD2', 'TBC1D7', 'COL1A1', 'FBXW7', 'FLJ35740', 'NUAK1', 'FBXO2', 'KIAA1543', 'YWHAH', 'TFDP2', 'KCNQ2', 'MAL2', 'AI002301', 'AA131320', 'HMOX1', 'MST150', 'LOC283070', 'MYBPC2', 'DPYD', 'HAMP', 'RAB30', 'LTF', 'VASP', 'DDN', 'PTPRZ1', 'CEAL1', 'PLAU', 'NSF', 'ADCY1', 'LOC400451', 'IGHG1', 'CHI3L2', 'NDUFB11', 'TXNDC', 'ZNF329', 'PHLDA1', 'PSG5', 'LAPTM5', 'LAMA4', 'TNFAIP3', 'FN1', 'AA669383', 'AP4B1', 'CCDC3', 'AI263051', 'WDR7', 'SYT7', 'AA975768', 'ITGA3', 'GPNMB', 'PALLD', 'C9orf48', 'BCAM', 'NPTX1', 'ADM', 'CLCA3', 'AA489629', 'HCLS1', 'AI335002', 'AA598555', 'MDFI', 'IGF2BP3', 'CBLN2', 'AI822135', 'ZNF226', 'COL3A1', 'IL21R', 'APCS', 'R70506', 'PARD3', 'TNFRSF12A', 'CKMT1A', 'PRSS3', 'SPAG6', 'CSPG2', 'LRBA', 'RAB27B', 'MRC2', 'IMAGE.33267', 'OSBPL1A', 'PNCK', 'MDK', 'SLC16A3', 'CAMKK2', 'AA424849', 'CBX6', 'C6orf12', 'SLC35A2', 'MGP', 'LGALS3', 'AI005038', 'A2BP1', 'STMN1', 'GBP1', 'GAS1', 'TncRNA', 'HSPG2', 'AA181288', 'DCLRE1B', 'ZNF160', 'CALM1', 'CLIC1', 'CYR61', 'PARP14', 'AA029415', 'MSN', 'KIAA1644', 'LMO7', 'RAB11FIP4', 'DUS3L', 'AA281932', 'CCL2', 'LOC389831', 'PDE2A', 'SERPINA3', 'RND3', 'EFHB', 'EGLN2', 'LOC146795', 'URP2', 'USP3', 'COL9A2', 'MYC', 'UGCG', 'D21S2089E', 'SCN2B', 'C16orf5', 'ARPP.19', 'FZD7', 'RALY', 'IGFBP3', 'X37864', 'ACAD8', 'PPP1R14A', 'SOCS3', 'FCGR2B', 'PPP3CA', 'GBP2', 'H08563', 'WASF1', 'ANK3', 'VAMP2', 'KNS2', 'NDST1', 'PRKCZ', 'MAPKBP1', 'MB', 'FBXL16', 'S100A1', 'APOC1', 'COL4A2', 'HLA.F', 'LSP1', 'PCDHGC3', 'H91845', 'SERPINI1', 'S100A10', 'DKFZp313A2432', 'IGSF3', 'SVIL', 'DDEF1', 'ZFHX1B', 'SRPX', 'LHFPL2', 'AA479357', 'C4A', 'CD44', 'EDNRB', 'CAPG', 'AA490257', 'N98591', 'SETD5', 'NPC2', 'MGC26694', 'LOC388610', 'SERPINH1', 'COX6A2', 'HLA.G', 'NOTCH1', 'STXBP1', 'CLTB', 'BCL2A1', 'L3MBTL4', 'USP6NL', 'ZNF233', 'IL32', 'ADFP', 'CLSTN3', 'DMN', 'AA598631', 'PLTP', 'NCF1', 'EPHB1', 'RTN3', 'PSD3', 'ANXA1', 'C1orf187', 'ID3', 'NCF2', 'LYN', 'ADARB2', 'APOC2', 'FAM84A', 'R70684', 'EPB49', 'MVP', 'AIF1', 'SAA2', 'SPARC', 'RGS16', 'MSTP9', 'FAS', 'LOC57228', 'LOC613212', 'PRKCG', 'VSNL1', 'SYNGR3', 'ZNF217', 'C8orf4', 'CA11', 'PDXP', 'EMP3', 'HEY1', 'CACNB3', 'T62491', 'CASP1', 'ESM1', 'PSG1', 'MTHFD2', 'AI262682', 'H20822', 'LUM', 'CAP2', 'DLL3', 'RFXAP', 'CAMK2A', 'MICAL2', 'DES', 'EXT1', 'KIAA0963', 'BGN', 'CDKN2D', 'YWHAG', 'DDIT4', 'X38595', 'ITGA9', 'TGFBI', 'RAB20', 'CD47', 'KLRC1', 'CCR1', 'IGF1R', 'GPSM2', 'C1R', 'DECR2', 'TTC23', 'CHN1', 'IFI30', 'HK2', 'COX7A1', 'GADD45B', 'AI871056', 'MED11', 'EID.3', 'PLAUR', 'GYPA', 'SORT1', 'MASP1', 'FREQ', 'FAM46A', 'MGC42367', 'POSTN', 'ANXA5', 'NEFH', 'PLA2G2A', 'EDG1', 'PDLIM7', 'LILRA1', 'TOMM40', 'H10054', 'HBA1', 'SNRPN', 'PRRX1', 'RBP7', 'CA12', 'HLA.DRB1', 'AI357047', 'NMNAT2', 'AI350724', 'KLRC2', 'SBP1', 'GABBR1', 'AA401952', 'ATP6V1C1', 'R52960', 'PDPN', 'H78560', 'F13A1', 'TCTEX1D1', 'AA398420', 'TSPAN6', 'OSR1', 'SNCG', 'RUNX1', 'TSPAN4', 'KLRC3', 'R61377', 'DIP2C', 'CD53', 'MST1', 'NLGN1', 'LAMB1', 'PYHIN1', 'ADAM19', 'CYBA', 'TLL2', 'HPCA', 'PRG1', 'ABCC3', 'PYCR1', 'T51726', 'MGC39606', 'RPS19BP1', 'SCAMP5', 'ABCA5', 'INPP5F']}
K
[43, 43]
incoming[COParams.PCS.n]
43
['FABP3', 'ZNF419B', 'FCGRT', 'LOC283130', 'CACNB2', 'NR4A1', 'GYPC', 'PEG3', 'MOAP1', 'NNMT', 'ITPKA', 'NY.SAR.48', 'COL1A2', 'ASPA', 'AKR1C2', 'SP100', 'C1orf63', 'PDE4DIP', 'H41096', 'UBA52', 'VEGF', 'L1CAM', 'W93688', 'PCP4', 'BLVRB', 'RBP4', 'IQSEC1', 'KCNJ1', 'PLP2', 'STK17A', 'FLJ38984', 'T97457', 'FGF13', 'KCNK6', 'ID4', 'TIMP3', 'TSPYL1', 'DSCR1L1', 'WWTR1', 'PRKCB1', 'SUV39H1', 'TNC', 'TIMP1', 'MYCBP2', 'FAM84B', 'PRKAR1B', 'IL1RAP', 'H24428', 'HNRNPG.T', 'AA906888', 'BNIP2', 'CD58', 'FBL', 'AEBP1', 'CDC20B', 'LOC541471', 'HBXIP', 'DEF6', 'NPL', 'H86813', 'SOX4', 'CAV1', 'TCF7L1', 'SERPING1', 'HLA.A', 'SPINT2', 'SLC15A2', 'IGFBP5', 'ITGA5', 'TMEM49', 'PPP3CB', 'STEAP3', 'PYGL', 'LY96', 'S100A11', 'PRSS1', 'CDKN1A', 'TMEM146', 'ZNF549', 'RPS3A', 'TAP1', 'MGC18216', 'FBXO32', 'EDG3', 'CTHRC1', 'HPRT1', 'AKR1C1', 'DNASE1L1', 'COL6A2', 'GOT1', 'NLK', 'STC1', 'KCNMA1', 'UBE4B', 'DYNLT1', 'MMP2', 'PLOD2', 'TBC1D7', 'COL1A1', 'FBXW7', 'FLJ35740', 'NUAK1', 'FBXO2', 'KIAA1543', 'YWHAH', 'TFDP2', 'KCNQ2', 'MAL2', 'AI002301', 'AA131320', 'HMOX1', 'MST150', 'LOC283070', 'MYBPC2', 'DPYD', 'HAMP', 'RAB30', 'LTF', 'VASP', 'DDN', 'PTPRZ1', 'CEAL1', 'PLAU', 'NSF', 'ADCY1', 'LOC400451', 'IGHG1', 'CHI3L2', 'NDUFB11', 'TXNDC', 'ZNF329', 'PHLDA1', 'PSG5', 'LAPTM5', 'LAMA4', 'TNFAIP3', 'FN1', 'AA669383', 'AP4B1', 'CCDC3', 'AI263051', 'WDR7', 'SYT7', 'AA975768', 'ITGA3', 'GPNMB', 'PALLD', 'C9orf48', 'BCAM', 'NPTX1', 'ADM', 'CLCA3', 'AA489629', 'HCLS1', 'AI335002', 'AA598555', 'MDFI', 'IGF2BP3', 'CBLN2', 'AI822135', 'ZNF226', 'COL3A1', 'IL21R', 'APCS', 'R70506', 'PARD3', 'TNFRSF12A', 'CKMT1A', 'PRSS3', 'SPAG6', 'CSPG2', 'LRBA', 'RAB27B', 'MRC2', 'IMAGE.33267', 'OSBPL1A', 'PNCK', 'MDK', 'SLC16A3', 'CAMKK2', 'AA424849', 'CBX6', 'C6orf12', 'SLC35A2', 'MGP', 'LGALS3', 'AI005038', 'A2BP1', 'STMN1', 'GBP1', 'GAS1', 'TncRNA', 'HSPG2', 'AA181288', 'DCLRE1B', 'ZNF160', 'CALM1', 'CLIC1', 'CYR61', 'PARP14', 'AA029415', 'MSN', 'KIAA1644', 'LMO7', 'RAB11FIP4', 'DUS3L', 'AA281932', 'CCL2', 'LOC389831', 'PDE2A', 'SERPINA3', 'RND3', 'EFHB', 'EGLN2', 'LOC146795', 'URP2', 'USP3', 'COL9A2', 'MYC', 'UGCG', 'D21S2089E', 'SCN2B', 'C16orf5', 'ARPP.19', 'FZD7', 'RALY', 'IGFBP3', 'X37864', 'ACAD8', 'PPP1R14A', 'SOCS3', 'FCGR2B', 'PPP3CA', 'GBP2', 'H08563', 'WASF1', 'ANK3', 'VAMP2', 'KNS2', 'NDST1', 'PRKCZ', 'MAPKBP1', 'MB', 'FBXL16', 'S100A1', 'APOC1', 'COL4A2', 'HLA.F', 'LSP1', 'PCDHGC3', 'H91845', 'SERPINI1', 'S100A10', 'DKFZp313A2432', 'IGSF3', 'SVIL', 'DDEF1', 'ZFHX1B', 'SRPX', 'LHFPL2', 'AA479357', 'C4A', 'CD44', 'EDNRB', 'CAPG', 'AA490257', 'N98591', 'SETD5', 'NPC2', 'MGC26694', 'LOC388610', 'SERPINH1', 'COX6A2', 'HLA.G', 'NOTCH1', 'STXBP1', 'CLTB', 'BCL2A1', 'L3MBTL4', 'USP6NL', 'ZNF233', 'IL32', 'ADFP', 'CLSTN3', 'DMN', 'AA598631', 'PLTP', 'NCF1', 'EPHB1', 'RTN3', 'PSD3', 'ANXA1', 'C1orf187', 'ID3', 'NCF2', 'LYN', 'ADARB2', 'APOC2', 'FAM84A', 'R70684', 'EPB49', 'MVP', 'AIF1', 'SAA2', 'SPARC', 'RGS16', 'MSTP9', 'FAS', 'LOC57228', 'LOC613212', 'PRKCG', 'VSNL1', 'SYNGR3', 'ZNF217', 'C8orf4', 'CA11', 'PDXP', 'EMP3', 'HEY1', 'CACNB3', 'T62491', 'CASP1', 'ESM1', 'PSG1', 'MTHFD2', 'AI262682', 'H20822', 'LUM', 'CAP2', 'DLL3', 'RFXAP', 'CAMK2A', 'MICAL2', 'DES', 'EXT1', 'KIAA0963', 'BGN', 'CDKN2D', 'YWHAG', 'DDIT4', 'X38595', 'ITGA9', 'TGFBI', 'RAB20', 'CD47', 'KLRC1', 'CCR1', 'IGF1R', 'GPSM2', 'C1R', 'DECR2', 'TTC23', 'CHN1', 'IFI30', 'HK2', 'COX7A1', 'GADD45B', 'AI871056', 'MED11', 'EID.3', 'PLAUR', 'GYPA', 'SORT1', 'MASP1', 'FREQ', 'FAM46A', 'MGC42367', 'POSTN', 'ANXA5', 'NEFH', 'PLA2G2A', 'EDG1', 'PDLIM7', 'LILRA1', 'TOMM40', 'H10054', 'HBA1', 'SNRPN', 'PRRX1', 'RBP7', 'CA12', 'HLA.DRB1', 'AI357047', 'NMNAT2', 'AI350724', 'KLRC2', 'SBP1', 'GABBR1', 'AA401952', 'ATP6V1C1', 'R52960', 'PDPN', 'H78560', 'F13A1', 'TCTEX1D1', 'AA398420', 'TSPAN6', 'OSR1', 'SNCG', 'RUNX1', 'TSPAN4', 'KLRC3', 'R61377', 'DIP2C', 'CD53', 'MST1', 'NLGN1', 'LAMB1', 'PYHIN1', 'ADAM19', 'CYBA', 'TLL2', 'HPCA', 'PRG1', 'ABCC3', 'PYCR1', 'T51726', 'MGC39606', 'RPS19BP1', 'SCAMP5', 'ABCA5', 'INPP5F']
INDEX
[141, 31, 300, 414, 16, 392, 263, 139, 169, 128, 290, 353, 158, 81, 9, 208, 14, 323, 383, 93, 100, 296, 255, 379, 65, 292, 362, 34, 89, 415, 242, 92, 205, 56, 171, 123, 95, 334, 190, 339, 163, 165, 82, 73, 96, 212, 328, 279, 43, 193, 410, 133, 413, 157, 265, 79, 23, 254, 119, 181, 196, 399, 132, 173, 217, 314, 421, 219, 77, 140, 78, 114, 243, 248, 90, 368, 259, 55, 29, 183, 357, 35, 37, 321, 385, 288, 7, 308, 159, 261, 348, 167, 228, 60, 387, 324, 268, 129, 102, 376, 201, 307, 312, 22, 344, 57, 277, 333, 350, 136, 175, 138, 27, 67, 223, 304, 239, 232, 12, 336, 302, 19, 184, 281, 303, 156, 381, 87, 61, 396, 38, 260, 36, 326, 289, 266, 202, 270, 44, 8, 359, 126, 405, 236, 373, 309, 397, 109, 49, 422, 144, 17, 180, 209, 215, 354, 394, 250, 337, 225, 24, 152, 284, 287, 177, 5, 71, 278, 317, 6, 148, 46, 151, 130, 84, 294, 125, 272, 142, 295, 391, 150, 335, 299, 423, 113, 301, 216, 187, 246, 388, 409, 161, 249, 28, 45, 251, 99, 370, 407, 199, 68, 153, 226, 282, 21, 101, 274, 235, 121, 198, 174, 262, 48, 195, 285, 256, 197, 264, 346, 42, 404, 155, 120, 411, 97, 115, 127, 13, 420, 85, 240, 112, 338, 69, 149, 349, 147, 245, 402, 200, 170, 238, 188, 341, 51, 122, 366, 211, 229, 298, 347, 325, 166, 64, 2, 32, 400, 380, 108, 231, 241, 305, 111, 72, 234, 419, 91, 364, 210, 203, 143, 59, 329, 237, 206, 214, 343, 222, 15, 58, 247, 227, 271, 33, 377, 318, 351, 191, 75, 106, 179, 361, 356, 316, 395, 4, 178, 382, 398, 393, 273, 365, 369, 403, 76, 230, 306, 137, 98, 416, 313, 372, 233, 315, 352, 168, 74, 160, 172, 311, 252, 390, 66, 176, 194, 224, 378, 319, 94, 164, 286, 408, 363, 0, 280, 70, 269, 213, 293, 257, 331, 358, 389, 103, 118, 332, 52, 50, 189, 135, 62, 374, 104, 291, 18, 412, 204, 406, 20, 124, 11, 26, 88, 345, 275, 40, 267, 192, 186, 276, 25, 253, 47, 360, 401, 310, 244, 327, 63, 110, 417, 207, 145, 367, 117, 39, 146, 386, 105, 342, 86, 80, 340, 10, 83, 258, 41, 218, 107, 330, 116, 185, 1, 283, 134, 154, 320, 297, 375, 355, 53, 384, 418, 221, 220, 371, 3, 162, 182, 131, 322]
['FABP3', 'ZNF419B', 'FCGRT', 'LOC283130', 'CACNB2', 'NR4A1', 'GYPC', 'PEG3', 'MOAP1', 'NNMT', 'ITPKA', 'NY.SAR.48', 'COL1A2', 'ASPA', 'AKR1C2', 'SP100', 'C1orf63', 'PDE4DIP', 'H41096', 'UBA52', 'VEGF', 'L1CAM', 'W93688', 'PCP4', 'BLVRB', 'RBP4', 'IQSEC1', 'KCNJ1', 'PLP2', 'STK17A', 'FLJ38984', 'T97457', 'FGF13', 'KCNK6', 'ID4', 'TIMP3', 'TSPYL1', 'DSCR1L1', 'WWTR1', 'PRKCB1', 'SUV39H1', 'TNC', 'TIMP1', 'MYCBP2', 'FAM84B', 'PRKAR1B', 'IL1RAP', 'H24428', 'HNRNPG.T', 'AA906888', 'BNIP2', 'CD58', 'FBL', 'AEBP1', 'CDC20B', 'LOC541471', 'HBXIP', 'DEF6', 'NPL', 'H86813', 'SOX4', 'CAV1', 'TCF7L1', 'SERPING1', 'HLA.A', 'SPINT2', 'SLC15A2', 'IGFBP5', 'ITGA5', 'TMEM49', 'PPP3CB', 'STEAP3', 'PYGL', 'LY96', 'S100A11', 'PRSS1', 'CDKN1A', 'TMEM146', 'ZNF549', 'RPS3A', 'TAP1', 'MGC18216', 'FBXO32', 'EDG3', 'CTHRC1', 'HPRT1', 'AKR1C1', 'DNASE1L1', 'COL6A2', 'GOT1', 'NLK', 'STC1', 'KCNMA1', 'UBE4B', 'DYNLT1', 'MMP2', 'PLOD2', 'TBC1D7', 'COL1A1', 'FBXW7', 'FLJ35740', 'NUAK1', 'FBXO2', 'KIAA1543', 'YWHAH', 'TFDP2', 'KCNQ2', 'MAL2', 'AI002301', 'AA131320', 'HMOX1', 'MST150', 'LOC283070', 'MYBPC2', 'DPYD', 'HAMP', 'RAB30', 'LTF', 'VASP', 'DDN', 'PTPRZ1', 'CEAL1', 'PLAU', 'NSF', 'ADCY1', 'LOC400451', 'IGHG1', 'CHI3L2', 'NDUFB11', 'TXNDC', 'ZNF329', 'PHLDA1', 'PSG5', 'LAPTM5', 'LAMA4', 'TNFAIP3', 'FN1', 'AA669383', 'AP4B1', 'CCDC3', 'AI263051', 'WDR7', 'SYT7', 'AA975768', 'ITGA3', 'GPNMB', 'PALLD', 'C9orf48', 'BCAM', 'NPTX1', 'ADM', 'CLCA3', 'AA489629', 'HCLS1', 'AI335002', 'AA598555', 'MDFI', 'IGF2BP3', 'CBLN2', 'AI822135', 'ZNF226', 'COL3A1', 'IL21R', 'APCS', 'R70506', 'PARD3', 'TNFRSF12A', 'CKMT1A', 'PRSS3', 'SPAG6', 'CSPG2', 'LRBA', 'RAB27B', 'MRC2', 'IMAGE.33267', 'OSBPL1A', 'PNCK', 'MDK', 'SLC16A3', 'CAMKK2', 'AA424849', 'CBX6', 'C6orf12', 'SLC35A2', 'MGP', 'LGALS3', 'AI005038', 'A2BP1', 'STMN1', 'GBP1', 'GAS1', 'TncRNA', 'HSPG2', 'AA181288', 'DCLRE1B', 'ZNF160', 'CALM1', 'CLIC1', 'CYR61', 'PARP14', 'AA029415', 'MSN', 'KIAA1644', 'LMO7', 'RAB11FIP4', 'DUS3L', 'AA281932', 'CCL2', 'LOC389831', 'PDE2A', 'SERPINA3', 'RND3', 'EFHB', 'EGLN2', 'LOC146795', 'URP2', 'USP3', 'COL9A2', 'MYC', 'UGCG', 'D21S2089E', 'SCN2B', 'C16orf5', 'ARPP.19', 'FZD7', 'RALY', 'IGFBP3', 'X37864', 'ACAD8', 'PPP1R14A', 'SOCS3', 'FCGR2B', 'PPP3CA', 'GBP2', 'H08563', 'WASF1', 'ANK3', 'VAMP2', 'KNS2', 'NDST1', 'PRKCZ', 'MAPKBP1', 'MB', 'FBXL16', 'S100A1', 'APOC1', 'COL4A2', 'HLA.F', 'LSP1', 'PCDHGC3', 'H91845', 'SERPINI1', 'S100A10', 'DKFZp313A2432', 'IGSF3', 'SVIL', 'DDEF1', 'ZFHX1B', 'SRPX', 'LHFPL2', 'AA479357', 'C4A', 'CD44', 'EDNRB', 'CAPG', 'AA490257', 'N98591', 'SETD5', 'NPC2', 'MGC26694', 'LOC388610', 'SERPINH1', 'COX6A2', 'HLA.G', 'NOTCH1', 'STXBP1', 'CLTB', 'BCL2A1', 'L3MBTL4', 'USP6NL', 'ZNF233', 'IL32', 'ADFP', 'CLSTN3', 'DMN', 'AA598631', 'PLTP', 'NCF1', 'EPHB1', 'RTN3', 'PSD3', 'ANXA1', 'C1orf187', 'ID3', 'NCF2', 'LYN', 'ADARB2', 'APOC2', 'FAM84A', 'R70684', 'EPB49', 'MVP', 'AIF1', 'SAA2', 'SPARC', 'RGS16', 'MSTP9', 'FAS', 'LOC57228', 'LOC613212', 'PRKCG', 'VSNL1', 'SYNGR3', 'ZNF217', 'C8orf4', 'CA11', 'PDXP', 'EMP3', 'HEY1', 'CACNB3', 'T62491', 'CASP1', 'ESM1', 'PSG1', 'MTHFD2', 'AI262682', 'H20822', 'LUM', 'CAP2', 'DLL3', 'RFXAP', 'CAMK2A', 'MICAL2', 'DES', 'EXT1', 'KIAA0963', 'BGN', 'CDKN2D', 'YWHAG', 'DDIT4', 'X38595', 'ITGA9', 'TGFBI', 'RAB20', 'CD47', 'KLRC1', 'CCR1', 'IGF1R', 'GPSM2', 'C1R', 'DECR2', 'TTC23', 'CHN1', 'IFI30', 'HK2', 'COX7A1', 'GADD45B', 'AI871056', 'MED11', 'EID.3', 'PLAUR', 'GYPA', 'SORT1', 'MASP1', 'FREQ', 'FAM46A', 'MGC42367', 'POSTN', 'ANXA5', 'NEFH', 'PLA2G2A', 'EDG1', 'PDLIM7', 'LILRA1', 'TOMM40', 'H10054', 'HBA1', 'SNRPN', 'PRRX1', 'RBP7', 'CA12', 'HLA.DRB1', 'AI357047', 'NMNAT2', 'AI350724', 'KLRC2', 'SBP1', 'GABBR1', 'AA401952', 'ATP6V1C1', 'R52960', 'PDPN', 'H78560', 'F13A1', 'TCTEX1D1', 'AA398420', 'TSPAN6', 'OSR1', 'SNCG', 'RUNX1', 'TSPAN4', 'KLRC3', 'R61377', 'DIP2C', 'CD53', 'MST1', 'NLGN1', 'LAMB1', 'PYHIN1', 'ADAM19', 'CYBA', 'TLL2', 'HPCA', 'PRG1', 'ABCC3', 'PYCR1', 'T51726', 'MGC39606', 'RPS19BP1', 'SCAMP5', 'ABCA5', 'INPP5F']
INDEX
[141, 31, 300, 414, 16, 392, 263, 139, 169, 128, 290, 353, 158, 81, 9, 208, 14, 323, 383, 93, 100, 296, 255, 379, 65, 292, 362, 34, 89, 415, 242, 92, 205, 56, 171, 123, 95, 334, 190, 339, 163, 165, 82, 73, 96, 212, 328, 279, 43, 193, 410, 133, 413, 157, 265, 79, 23, 254, 119, 181, 196, 399, 132, 173, 217, 314, 421, 219, 77, 140, 78, 114, 243, 248, 90, 368, 259, 55, 29, 183, 357, 35, 37, 321, 385, 288, 7, 308, 159, 261, 348, 167, 228, 60, 387, 324, 268, 129, 102, 376, 201, 307, 312, 22, 344, 57, 277, 333, 350, 136, 175, 138, 27, 67, 223, 304, 239, 232, 12, 336, 302, 19, 184, 281, 303, 156, 381, 87, 61, 396, 38, 260, 36, 326, 289, 266, 202, 270, 44, 8, 359, 126, 405, 236, 373, 309, 397, 109, 49, 422, 144, 17, 180, 209, 215, 354, 394, 250, 337, 225, 24, 152, 284, 287, 177, 5, 71, 278, 317, 6, 148, 46, 151, 130, 84, 294, 125, 272, 142, 295, 391, 150, 335, 299, 423, 113, 301, 216, 187, 246, 388, 409, 161, 249, 28, 45, 251, 99, 370, 407, 199, 68, 153, 226, 282, 21, 101, 274, 235, 121, 198, 174, 262, 48, 195, 285, 256, 197, 264, 346, 42, 404, 155, 120, 411, 97, 115, 127, 13, 420, 85, 240, 112, 338, 69, 149, 349, 147, 245, 402, 200, 170, 238, 188, 341, 51, 122, 366, 211, 229, 298, 347, 325, 166, 64, 2, 32, 400, 380, 108, 231, 241, 305, 111, 72, 234, 419, 91, 364, 210, 203, 143, 59, 329, 237, 206, 214, 343, 222, 15, 58, 247, 227, 271, 33, 377, 318, 351, 191, 75, 106, 179, 361, 356, 316, 395, 4, 178, 382, 398, 393, 273, 365, 369, 403, 76, 230, 306, 137, 98, 416, 313, 372, 233, 315, 352, 168, 74, 160, 172, 311, 252, 390, 66, 176, 194, 224, 378, 319, 94, 164, 286, 408, 363, 0, 280, 70, 269, 213, 293, 257, 331, 358, 389, 103, 118, 332, 52, 50, 189, 135, 62, 374, 104, 291, 18, 412, 204, 406, 20, 124, 11, 26, 88, 345, 275, 40, 267, 192, 186, 276, 25, 253, 47, 360, 401, 310, 244, 327, 63, 110, 417, 207, 145, 367, 117, 39, 146, 386, 105, 342, 86, 80, 340, 10, 83, 258, 41, 218, 107, 330, 116, 185, 1, 283, 134, 154, 320, 297, 375, 355, 53, 384, 418, 221, 220, 371, 3, 162, 182, 131, 322]
[Time: 28.06.23 07:48:15] [Level: info] transition: compute_std
[Time: 28.06.23 07:48:16] [Level: info] state: compute_std
[CTRL] GET /data
[CTRL] POST /data
(422, 1)
(422, 1)
[Time: 28.06.23 07:48:18] [Level: info] transition: apply_scaling
[Time: 28.06.23 07:48:19] [Level: info] state: apply_scaling
[CTRL] GET /data
