2023-06-28 08:07:44,311 CRIT Supervisor is running as root.  Privileges were not dropped because no user is specified in the config file.  If you intend to run as root, you can set user=root in the config file to avoid this message.
2023-06-28 08:07:44,312 INFO supervisord started with pid 7
2023-06-28 08:07:45,313 INFO spawned: 'nginx' with pid 10
2023-06-28 08:07:45,315 INFO spawned: 'app' with pid 11
2023-06-28 08:07:46,333 INFO success: nginx entered RUNNING state, process has stayed up for > than 1 seconds (startsecs)
2023-06-28 08:07:46,333 INFO success: app entered RUNNING state, process has stayed up for > than 1 seconds (startsecs)
[CTRL] POST /setup
[Time: 28.06.23 08:07:48] [Level: info] id: 10d16455028cd427
[Time: 28.06.23 08:07:48] [Level: info] coordinator: False
[Time: 28.06.23 08:07:48] [Level: info] clients: ['26ef83cd6e42d24d', '10d16455028cd427']
[Time: 28.06.23 08:07:48] [Level: info] state: initial
[CLIENT] Parsing parameter file...
[API] /setup parsing parameter file 
[API] /setup config file found ... parsing file: /mnt/input/config.yaml
YAML file does not follow specification: missing key: eigenvalues
Setting default: eigenvalues.tsv
YAML file does not follow specification: missing key: explained_variance
Setting default: eigenvalues.tsv
YAML file does not follow specification: missing key: output delimiter
Setting default: tab
[API] /setup config file found ... parsing done
[CLIENT] finished parsing parameter file.
[STARTUP] Instantiate SVD
[STARTUP] Copy configuration and create dir
[STARTUP] Configuration copied
Log Transform performed
[[ 6.74542027e-02  1.81002875e-01  1.61967477e-01 ...  5.41621673e-02
   2.44542698e-01 -2.60220260e-01]
 [-4.61545797e-01 -1.99712471e-03  2.53967477e-01 ...  8.65162167e-01
  -9.04573017e-02  1.22779740e-01]
 [ 1.17454203e-01  1.64002875e-01 -1.81032523e-01 ...  1.16216733e-03
   2.59542698e-01 -1.47220260e-01]
 ...
 [ 6.77109851e-01  5.27812409e-01  8.69196496e-01 ...  1.60968399e+00
   4.71524132e-01  6.26844003e-01]
 [-2.01389015e+00  7.88124088e-02  9.97196496e-01 ...  5.29683994e-01
   6.37524132e-01  1.15884400e+00]
 [-9.82890149e-01  4.64312409e-01  1.32619650e+00 ...  1.64683994e-01
   2.29524132e-01  5.23344003e-01]]
/app/apps/svd/FC_Federated_MFA.py:126: RuntimeWarning: invalid value encountered in log2
  tabdata.scaled = np.log2(tabdata.scaled+1)
[[ 9.41741748e-02  2.40012477e-01  2.16569689e-01 ...  7.60968214e-02
   3.15615728e-01 -4.34832304e-01]
 [-8.93104451e-01 -2.88412285e-03  3.26499931e-01 ...  8.99301072e-01
  -1.36786728e-01  1.67074937e-01]
 [ 1.60215706e-01  2.19094622e-01 -2.88121934e-01 ...  1.67567952e-03
   3.32900030e-01 -2.29754931e-01]
 ...
 [ 7.45977189e-01  6.11467414e-01  9.02418238e-01 ...  1.38387512e+00
   5.57311202e-01  7.02075918e-01]
 [            nan  1.09444021e-01  9.97976281e-01 ...  6.13233648e-01
   7.11516168e-01  1.11025900e+00]
 [-5.86902895e+00  5.50223383e-01  1.21797297e+00 ...  2.19938570e-01
   2.98100052e-01  6.07241769e-01]]
Log Transform performed
[[ 6.74542027e-02  1.81002875e-01  1.61967477e-01 ...  5.41621673e-02
   2.44542698e-01 -2.60220260e-01]
 [-4.61545797e-01 -1.99712471e-03  2.53967477e-01 ...  8.65162167e-01
  -9.04573017e-02  1.22779740e-01]
 [ 1.17454203e-01  1.64002875e-01 -1.81032523e-01 ...  1.16216733e-03
   2.59542698e-01 -1.47220260e-01]
 ...
 [ 6.77109851e-01  5.27812409e-01  8.69196496e-01 ...  1.60968399e+00
   4.71524132e-01  6.26844003e-01]
 [-2.01389015e+00  7.88124088e-02  9.97196496e-01 ...  5.29683994e-01
   6.37524132e-01  1.15884400e+00]
 [-9.82890149e-01  4.64312409e-01  1.32619650e+00 ...  1.64683994e-01
   2.29524132e-01  5.23344003e-01]]
/app/apps/svd/FC_Federated_MFA.py:126: RuntimeWarning: invalid value encountered in log2
  tabdata.scaled = np.log2(tabdata.scaled+1)
[[ 9.41741748e-02  2.40012477e-01  2.16569689e-01 ...  7.60968214e-02
   3.15615728e-01 -4.34832304e-01]
 [-8.93104451e-01 -2.88412285e-03  3.26499931e-01 ...  8.99301072e-01
  -1.36786728e-01  1.67074937e-01]
 [ 1.60215706e-01  2.19094622e-01 -2.88121934e-01 ...  1.67567952e-03
   3.32900030e-01 -2.29754931e-01]
 ...
 [ 7.45977189e-01  6.11467414e-01  9.02418238e-01 ...  1.38387512e+00
   5.57311202e-01  7.02075918e-01]
 [            nan  1.09444021e-01  9.97976281e-01 ...  6.13233648e-01
   7.11516168e-01  1.11025900e+00]
 [-5.86902895e+00  5.50223383e-01  1.21797297e+00 ...  2.19938570e-01
   2.98100052e-01  6.07241769e-01]]
[Time: 28.06.23 08:07:48] [Level: info] transition: wait_for_params
[Time: 28.06.23 08:07:49] [Level: info] state: wait_for_params
[CTRL] GET /data
[CTRL] POST /data
setting parameters
INCOMINGS
[{'PCs': 43, <COParams.SEND_PROJ: ('Send projections', False)>: False, 'Row names': ['C9orf48', 'MTHFD2', 'RPS19BP1', 'ZNF549', 'SNCG', 'PRSS3', 'NDUFB11', 'FBXO32', 'CDKN1A', 'SNRPN', 'PYHIN1', 'NDST1', 'TSPAN6', 'AI005038', 'GPSM2', 'L3MBTL4', 'KLRC3', 'LOC388610', 'SPARC', 'EDG3', 'N98591', 'NNMT', 'LY96', 'BNIP2', 'DYNLT1', 'S100A10', 'LOC400451', 'AI357047', 'DIP2C', 'AA598555', 'R61377', 'PLTP', 'IL21R', 'DDEF1', 'TIMP3', 'STXBP1', 'RAB20', 'ANXA1', 'MDFI', 'GPNMB', 'MICAL2', 'COL3A1', 'STMN1', 'ATP6V1C1', 'PARP14', 'A2BP1', 'DPYD', 'RPS3A', 'DEF6', 'C6orf12', 'HNRNPG.T', 'PCP4', 'SLC35A2', 'T62491', 'SPAG6', 'MVP', 'SOX4', 'HLA.DRB1', 'AI262682', 'CYR61', 'H41096', 'EXT1', 'POSTN', 'RUNX1', 'NOTCH1', 'IMAGE.33267', 'RAB30', 'C4A', 'CD44', 'AA975768', 'T51726', 'PLP2', 'STK17A', 'LYN', 'H24428', 'NUAK1', 'KCNK6', 'TncRNA', 'CTHRC1', 'SLC15A2', 'TNFAIP3', 'LOC283130', 'C1orf187', 'FZD7', 'RBP4', 'IFI30', 'HLA.F', 'CHN1', 'SORT1', 'PYCR1', 'DDIT4', 'X38595', 'COX7A1', 'HLA.A', 'CHI3L2', 'ZFHX1B', 'SCAMP5', 'PRKCB1', 'ASPA', 'FCGR2B', 'DLL3', 'WASF1', 'ITGA5', 'MED11', 'BLVRB', 'MGP', 'R52960', 'IGF2BP3', 'CCDC3', 'C1orf63', 'HEY1', 'LAPTM5', 'MAPKBP1', 'SERPINA3', 'ANK3', 'BGN', 'ARPP.19', 'DDN', 'AA131320', 'KNS2', 'TNC', 'CSPG2', 'USP6NL', 'ZNF160', 'UBE4B', 'URP2', 'GBP2', 'COL9A2', 'HAMP', 'DNASE1L1', 'CACNB2', 'TLL2', 'SETD5', 'RGS16', 'DCLRE1B', 'S100A11', 'X37864', 'PPP1R14A', 'ZNF233', 'NEFH', 'EMP3', 'TCF7L1', 'ADARB2', 'GADD45B', 'SOCS3', 'SP100', 'NPC2', 'L1CAM', 'LOC283070', 'FABP3', 'PLOD2', 'PTPRZ1', 'OSBPL1A', 'CDC20B', 'MGC39606', 'HCLS1', 'PSG1', 'INPP5F', 'NY.SAR.48', 'ADM', 'HMOX1', 'COX6A2', 'CAMK2A', 'MST1', 'CAMKK2', 'ITPKA', 'PRKAR1B', 'S100A1', 'LILRA1', 'ZNF217', 'PLA2G2A', 'PDE2A', 'TCTEX1D1', 'PEG3', 'MYCBP2', 'ITGA9', 'LOC541471', 'CLTB', 'NPTX1', 'PNCK', 'HPCA', 'IGSF3', 'SERPINI1', 'LSP1', 'PALLD', 'ABCC3', 'CLIC1', 'FAS', 'VEGF', 'RTN3', 'CCL2', 'ITGA3', 'KCNMA1', 'GYPA', 'GOT1', 'GAS1', 'MSN', 'LOC57228', 'LGALS3', 'ID4', 'PARD3', 'ZNF226', 'CDKN2D', 'CCR1', 'SBP1', 'EID.3', 'LRBA', 'MMP2', 'H10054', 'HK2', 'NPL', 'PRKCZ', 'FBL', 'CAV1', 'F13A1', 'SYT7', 'RFXAP', 'CBX6', 'APOC1', 'LHFPL2', 'KCNJ1', 'T97457', 'TBC1D7', 'CASP1', 'H20822', 'ACAD8', 'FAM84B', 'KCNQ2', 'HBA1', 'TXNDC', 'PPP3CB', 'MST150', 'ABCA5', 'NSF', 'PDLIM7', 'NCF2', 'LOC613212', 'AA669383', 'AIF1', 'SAA2', 'FBXO2', 'HLA.G', 'TMEM146', 'AI263051', 'CYBA', 'SVIL', 'PHLDA1', 'D21S2089E', 'SERPING1', 'MYC', 'USP3', 'FLJ38984', 'MASP1', 'RBP7', 'FAM46A', 'TIMP1', 'PCDHGC3', 'CA11', 'AI335002', 'AP4B1', 'GYPC', 'IQSEC1', 'MGC26694', 'LOC389831', 'PSG5', 'NCF1', 'PLAU', 'TGFBI', 'KIAA1644', 'CD58', 'FAM84A', 'MGC42367', 'TMEM49', 'ESM1', 'KLRC1', 'CD53', 'FBXL16', 'EPB49', 'TNFRSF12A', 'PRRX1', 'EDG1', 'VASP', 'ANXA5', 'CBLN2', 'GABBR1', 'APCS', 'MRC2', 'SLC16A3', 'SPINT2', 'AKR1C1', 'RND3', 'AEBP1', 'SERPINH1', 'H08563', 'AKR1C2', 'MYBPC2', 'EGLN2', 'AA490257', 'DECR2', 'AA029415', 'PPP3CA', 'CAP2', 'TFDP2', 'VSNL1', 'UGCG', 'TAP1', 'UBA52', 'SRPX', 'ADCY1', 'KIAA0963', 'ZNF419B', 'CA12', 'IL1RAP', 'SYNGR3', 'FGF13', 'CLCA3', 'RALY', 'LAMB1', 'AA398420', 'TSPYL1', 'COL1A1', 'IL32', 'R70684', 'ADFP', 'GBP1', 'TSPAN4', 'KIAA1543', 'CKMT1A', 'AA281932', 'C8orf4', 'YWHAH', 'PSD3', 'EDNRB', 'APOC2', 'TOMM40', 'EPHB1', 'FLJ35740', 'DSCR1L1', 'PRKCG', 'ZNF329', 'AA479357', 'VAMP2', 'IGHG1', 'MB', 'ID3', 'COL4A2', 'C1R', 'MDK', 'TTC23', 'BCL2A1', 'R70506', 'HSPG2', 'OSR1', 'SCN2B', 'H86813', 'AI871056', 'LUM', 'BCAM', 'SUV39H1', 'NMNAT2', 'RAB27B', 'WWTR1', 'NR4A1', 'LMO7', 'NLGN1', 'AA906888', 'YWHAG', 'FBXW7', 'AA424849', 'LAMA4', 'DMN', 'NLK', 'AA401952', 'PLAUR', 'C16orf5', 'CEAL1', 'COL6A2', 'HPRT1', 'MSTP9', 'DKFZp313A2432', 'HBXIP', 'CD47', 'IGFBP3', 'AA489629', 'COL1A2', 'DUS3L', 'CALM1', 'ADAM19', 'RAB11FIP4', 'PDPN', 'FREQ', 'AI822135', 'MGC18216', 'CACNB3', 'KLRC2', 'CLSTN3', 'PRSS1', 'AA598631', 'LTF', 'FN1', 'MOAP1', 'MAL2', 'PDE4DIP', 'IGF1R', 'DES', 'WDR7', 'W93688', 'LOC146795', 'AI002301', 'PYGL', 'IGFBP5', 'PRG1', 'CAPG', 'PDXP', 'AA181288', 'EFHB', 'H78560', 'STC1', 'STEAP3', 'AI350724', 'H91845', 'FCGRT']}, {'PCs': 43, <COParams.SEND_PROJ: ('Send projections', False)>: False, 'Row names': ['C9orf48', 'MTHFD2', 'RPS19BP1', 'ZNF549', 'SNCG', 'PRSS3', 'NDUFB11', 'FBXO32', 'CDKN1A', 'SNRPN', 'PYHIN1', 'NDST1', 'TSPAN6', 'AI005038', 'GPSM2', 'L3MBTL4', 'KLRC3', 'LOC388610', 'SPARC', 'EDG3', 'N98591', 'NNMT', 'LY96', 'BNIP2', 'DYNLT1', 'S100A10', 'LOC400451', 'AI357047', 'DIP2C', 'AA598555', 'R61377', 'PLTP', 'IL21R', 'DDEF1', 'TIMP3', 'STXBP1', 'RAB20', 'ANXA1', 'MDFI', 'GPNMB', 'MICAL2', 'COL3A1', 'STMN1', 'ATP6V1C1', 'PARP14', 'A2BP1', 'DPYD', 'RPS3A', 'DEF6', 'C6orf12', 'HNRNPG.T', 'PCP4', 'SLC35A2', 'T62491', 'SPAG6', 'MVP', 'SOX4', 'HLA.DRB1', 'AI262682', 'CYR61', 'H41096', 'EXT1', 'POSTN', 'RUNX1', 'NOTCH1', 'IMAGE.33267', 'RAB30', 'C4A', 'CD44', 'AA975768', 'T51726', 'PLP2', 'STK17A', 'LYN', 'H24428', 'NUAK1', 'KCNK6', 'TncRNA', 'CTHRC1', 'SLC15A2', 'TNFAIP3', 'LOC283130', 'C1orf187', 'FZD7', 'RBP4', 'IFI30', 'HLA.F', 'CHN1', 'SORT1', 'PYCR1', 'DDIT4', 'X38595', 'COX7A1', 'HLA.A', 'CHI3L2', 'ZFHX1B', 'SCAMP5', 'PRKCB1', 'ASPA', 'FCGR2B', 'DLL3', 'WASF1', 'ITGA5', 'MED11', 'BLVRB', 'MGP', 'R52960', 'IGF2BP3', 'CCDC3', 'C1orf63', 'HEY1', 'LAPTM5', 'MAPKBP1', 'SERPINA3', 'ANK3', 'BGN', 'ARPP.19', 'DDN', 'AA131320', 'KNS2', 'TNC', 'CSPG2', 'USP6NL', 'ZNF160', 'UBE4B', 'URP2', 'GBP2', 'COL9A2', 'HAMP', 'DNASE1L1', 'CACNB2', 'TLL2', 'SETD5', 'RGS16', 'DCLRE1B', 'S100A11', 'X37864', 'PPP1R14A', 'ZNF233', 'NEFH', 'EMP3', 'TCF7L1', 'ADARB2', 'GADD45B', 'SOCS3', 'SP100', 'NPC2', 'L1CAM', 'LOC283070', 'FABP3', 'PLOD2', 'PTPRZ1', 'OSBPL1A', 'CDC20B', 'MGC39606', 'HCLS1', 'PSG1', 'INPP5F', 'NY.SAR.48', 'ADM', 'HMOX1', 'COX6A2', 'CAMK2A', 'MST1', 'CAMKK2', 'ITPKA', 'PRKAR1B', 'S100A1', 'LILRA1', 'ZNF217', 'PLA2G2A', 'PDE2A', 'TCTEX1D1', 'PEG3', 'MYCBP2', 'ITGA9', 'LOC541471', 'CLTB', 'NPTX1', 'PNCK', 'HPCA', 'IGSF3', 'SERPINI1', 'LSP1', 'PALLD', 'ABCC3', 'CLIC1', 'FAS', 'VEGF', 'RTN3', 'CCL2', 'ITGA3', 'KCNMA1', 'GYPA', 'GOT1', 'GAS1', 'MSN', 'LOC57228', 'LGALS3', 'ID4', 'PARD3', 'ZNF226', 'CDKN2D', 'CCR1', 'SBP1', 'EID.3', 'LRBA', 'MMP2', 'H10054', 'HK2', 'NPL', 'PRKCZ', 'FBL', 'CAV1', 'F13A1', 'SYT7', 'RFXAP', 'CBX6', 'APOC1', 'LHFPL2', 'KCNJ1', 'T97457', 'TBC1D7', 'CASP1', 'H20822', 'ACAD8', 'FAM84B', 'KCNQ2', 'HBA1', 'TXNDC', 'PPP3CB', 'MST150', 'ABCA5', 'NSF', 'PDLIM7', 'NCF2', 'LOC613212', 'AA669383', 'AIF1', 'SAA2', 'FBXO2', 'HLA.G', 'TMEM146', 'AI263051', 'CYBA', 'SVIL', 'PHLDA1', 'D21S2089E', 'SERPING1', 'MYC', 'USP3', 'FLJ38984', 'MASP1', 'RBP7', 'FAM46A', 'TIMP1', 'PCDHGC3', 'CA11', 'AI335002', 'AP4B1', 'GYPC', 'IQSEC1', 'MGC26694', 'LOC389831', 'PSG5', 'NCF1', 'PLAU', 'TGFBI', 'KIAA1644', 'CD58', 'FAM84A', 'MGC42367', 'TMEM49', 'ESM1', 'KLRC1', 'CD53', 'FBXL16', 'EPB49', 'TNFRSF12A', 'PRRX1', 'EDG1', 'VASP', 'ANXA5', 'CBLN2', 'GABBR1', 'APCS', 'MRC2', 'SLC16A3', 'SPINT2', 'AKR1C1', 'RND3', 'AEBP1', 'SERPINH1', 'H08563', 'AKR1C2', 'MYBPC2', 'EGLN2', 'AA490257', 'DECR2', 'AA029415', 'PPP3CA', 'CAP2', 'TFDP2', 'VSNL1', 'UGCG', 'TAP1', 'UBA52', 'SRPX', 'ADCY1', 'KIAA0963', 'ZNF419B', 'CA12', 'IL1RAP', 'SYNGR3', 'FGF13', 'CLCA3', 'RALY', 'LAMB1', 'AA398420', 'TSPYL1', 'COL1A1', 'IL32', 'R70684', 'ADFP', 'GBP1', 'TSPAN4', 'KIAA1543', 'CKMT1A', 'AA281932', 'C8orf4', 'YWHAH', 'PSD3', 'EDNRB', 'APOC2', 'TOMM40', 'EPHB1', 'FLJ35740', 'DSCR1L1', 'PRKCG', 'ZNF329', 'AA479357', 'VAMP2', 'IGHG1', 'MB', 'ID3', 'COL4A2', 'C1R', 'MDK', 'TTC23', 'BCL2A1', 'R70506', 'HSPG2', 'OSR1', 'SCN2B', 'H86813', 'AI871056', 'LUM', 'BCAM', 'SUV39H1', 'NMNAT2', 'RAB27B', 'WWTR1', 'NR4A1', 'LMO7', 'NLGN1', 'AA906888', 'YWHAG', 'FBXW7', 'AA424849', 'LAMA4', 'DMN', 'NLK', 'AA401952', 'PLAUR', 'C16orf5', 'CEAL1', 'COL6A2', 'HPRT1', 'MSTP9', 'DKFZp313A2432', 'HBXIP', 'CD47', 'IGFBP3', 'AA489629', 'COL1A2', 'DUS3L', 'CALM1', 'ADAM19', 'RAB11FIP4', 'PDPN', 'FREQ', 'AI822135', 'MGC18216', 'CACNB3', 'KLRC2', 'CLSTN3', 'PRSS1', 'AA598631', 'LTF', 'FN1', 'MOAP1', 'MAL2', 'PDE4DIP', 'IGF1R', 'DES', 'WDR7', 'W93688', 'LOC146795', 'AI002301', 'PYGL', 'IGFBP5', 'PRG1', 'CAPG', 'PDXP', 'AA181288', 'EFHB', 'H78560', 'STC1', 'STEAP3', 'AI350724', 'H91845', 'FCGRT']}]
INCOMING
{'PCs': 43, <COParams.SEND_PROJ: ('Send projections', False)>: False, 'Row names': ['C9orf48', 'MTHFD2', 'RPS19BP1', 'ZNF549', 'SNCG', 'PRSS3', 'NDUFB11', 'FBXO32', 'CDKN1A', 'SNRPN', 'PYHIN1', 'NDST1', 'TSPAN6', 'AI005038', 'GPSM2', 'L3MBTL4', 'KLRC3', 'LOC388610', 'SPARC', 'EDG3', 'N98591', 'NNMT', 'LY96', 'BNIP2', 'DYNLT1', 'S100A10', 'LOC400451', 'AI357047', 'DIP2C', 'AA598555', 'R61377', 'PLTP', 'IL21R', 'DDEF1', 'TIMP3', 'STXBP1', 'RAB20', 'ANXA1', 'MDFI', 'GPNMB', 'MICAL2', 'COL3A1', 'STMN1', 'ATP6V1C1', 'PARP14', 'A2BP1', 'DPYD', 'RPS3A', 'DEF6', 'C6orf12', 'HNRNPG.T', 'PCP4', 'SLC35A2', 'T62491', 'SPAG6', 'MVP', 'SOX4', 'HLA.DRB1', 'AI262682', 'CYR61', 'H41096', 'EXT1', 'POSTN', 'RUNX1', 'NOTCH1', 'IMAGE.33267', 'RAB30', 'C4A', 'CD44', 'AA975768', 'T51726', 'PLP2', 'STK17A', 'LYN', 'H24428', 'NUAK1', 'KCNK6', 'TncRNA', 'CTHRC1', 'SLC15A2', 'TNFAIP3', 'LOC283130', 'C1orf187', 'FZD7', 'RBP4', 'IFI30', 'HLA.F', 'CHN1', 'SORT1', 'PYCR1', 'DDIT4', 'X38595', 'COX7A1', 'HLA.A', 'CHI3L2', 'ZFHX1B', 'SCAMP5', 'PRKCB1', 'ASPA', 'FCGR2B', 'DLL3', 'WASF1', 'ITGA5', 'MED11', 'BLVRB', 'MGP', 'R52960', 'IGF2BP3', 'CCDC3', 'C1orf63', 'HEY1', 'LAPTM5', 'MAPKBP1', 'SERPINA3', 'ANK3', 'BGN', 'ARPP.19', 'DDN', 'AA131320', 'KNS2', 'TNC', 'CSPG2', 'USP6NL', 'ZNF160', 'UBE4B', 'URP2', 'GBP2', 'COL9A2', 'HAMP', 'DNASE1L1', 'CACNB2', 'TLL2', 'SETD5', 'RGS16', 'DCLRE1B', 'S100A11', 'X37864', 'PPP1R14A', 'ZNF233', 'NEFH', 'EMP3', 'TCF7L1', 'ADARB2', 'GADD45B', 'SOCS3', 'SP100', 'NPC2', 'L1CAM', 'LOC283070', 'FABP3', 'PLOD2', 'PTPRZ1', 'OSBPL1A', 'CDC20B', 'MGC39606', 'HCLS1', 'PSG1', 'INPP5F', 'NY.SAR.48', 'ADM', 'HMOX1', 'COX6A2', 'CAMK2A', 'MST1', 'CAMKK2', 'ITPKA', 'PRKAR1B', 'S100A1', 'LILRA1', 'ZNF217', 'PLA2G2A', 'PDE2A', 'TCTEX1D1', 'PEG3', 'MYCBP2', 'ITGA9', 'LOC541471', 'CLTB', 'NPTX1', 'PNCK', 'HPCA', 'IGSF3', 'SERPINI1', 'LSP1', 'PALLD', 'ABCC3', 'CLIC1', 'FAS', 'VEGF', 'RTN3', 'CCL2', 'ITGA3', 'KCNMA1', 'GYPA', 'GOT1', 'GAS1', 'MSN', 'LOC57228', 'LGALS3', 'ID4', 'PARD3', 'ZNF226', 'CDKN2D', 'CCR1', 'SBP1', 'EID.3', 'LRBA', 'MMP2', 'H10054', 'HK2', 'NPL', 'PRKCZ', 'FBL', 'CAV1', 'F13A1', 'SYT7', 'RFXAP', 'CBX6', 'APOC1', 'LHFPL2', 'KCNJ1', 'T97457', 'TBC1D7', 'CASP1', 'H20822', 'ACAD8', 'FAM84B', 'KCNQ2', 'HBA1', 'TXNDC', 'PPP3CB', 'MST150', 'ABCA5', 'NSF', 'PDLIM7', 'NCF2', 'LOC613212', 'AA669383', 'AIF1', 'SAA2', 'FBXO2', 'HLA.G', 'TMEM146', 'AI263051', 'CYBA', 'SVIL', 'PHLDA1', 'D21S2089E', 'SERPING1', 'MYC', 'USP3', 'FLJ38984', 'MASP1', 'RBP7', 'FAM46A', 'TIMP1', 'PCDHGC3', 'CA11', 'AI335002', 'AP4B1', 'GYPC', 'IQSEC1', 'MGC26694', 'LOC389831', 'PSG5', 'NCF1', 'PLAU', 'TGFBI', 'KIAA1644', 'CD58', 'FAM84A', 'MGC42367', 'TMEM49', 'ESM1', 'KLRC1', 'CD53', 'FBXL16', 'EPB49', 'TNFRSF12A', 'PRRX1', 'EDG1', 'VASP', 'ANXA5', 'CBLN2', 'GABBR1', 'APCS', 'MRC2', 'SLC16A3', 'SPINT2', 'AKR1C1', 'RND3', 'AEBP1', 'SERPINH1', 'H08563', 'AKR1C2', 'MYBPC2', 'EGLN2', 'AA490257', 'DECR2', 'AA029415', 'PPP3CA', 'CAP2', 'TFDP2', 'VSNL1', 'UGCG', 'TAP1', 'UBA52', 'SRPX', 'ADCY1', 'KIAA0963', 'ZNF419B', 'CA12', 'IL1RAP', 'SYNGR3', 'FGF13', 'CLCA3', 'RALY', 'LAMB1', 'AA398420', 'TSPYL1', 'COL1A1', 'IL32', 'R70684', 'ADFP', 'GBP1', 'TSPAN4', 'KIAA1543', 'CKMT1A', 'AA281932', 'C8orf4', 'YWHAH', 'PSD3', 'EDNRB', 'APOC2', 'TOMM40', 'EPHB1', 'FLJ35740', 'DSCR1L1', 'PRKCG', 'ZNF329', 'AA479357', 'VAMP2', 'IGHG1', 'MB', 'ID3', 'COL4A2', 'C1R', 'MDK', 'TTC23', 'BCL2A1', 'R70506', 'HSPG2', 'OSR1', 'SCN2B', 'H86813', 'AI871056', 'LUM', 'BCAM', 'SUV39H1', 'NMNAT2', 'RAB27B', 'WWTR1', 'NR4A1', 'LMO7', 'NLGN1', 'AA906888', 'YWHAG', 'FBXW7', 'AA424849', 'LAMA4', 'DMN', 'NLK', 'AA401952', 'PLAUR', 'C16orf5', 'CEAL1', 'COL6A2', 'HPRT1', 'MSTP9', 'DKFZp313A2432', 'HBXIP', 'CD47', 'IGFBP3', 'AA489629', 'COL1A2', 'DUS3L', 'CALM1', 'ADAM19', 'RAB11FIP4', 'PDPN', 'FREQ', 'AI822135', 'MGC18216', 'CACNB3', 'KLRC2', 'CLSTN3', 'PRSS1', 'AA598631', 'LTF', 'FN1', 'MOAP1', 'MAL2', 'PDE4DIP', 'IGF1R', 'DES', 'WDR7', 'W93688', 'LOC146795', 'AI002301', 'PYGL', 'IGFBP5', 'PRG1', 'CAPG', 'PDXP', 'AA181288', 'EFHB', 'H78560', 'STC1', 'STEAP3', 'AI350724', 'H91845', 'FCGRT']}
K
[43, 43]
incoming[COParams.PCS.n]
43
INCOMING
{'PCs': 43, <COParams.SEND_PROJ: ('Send projections', False)>: False, 'Row names': ['C9orf48', 'MTHFD2', 'RPS19BP1', 'ZNF549', 'SNCG', 'PRSS3', 'NDUFB11', 'FBXO32', 'CDKN1A', 'SNRPN', 'PYHIN1', 'NDST1', 'TSPAN6', 'AI005038', 'GPSM2', 'L3MBTL4', 'KLRC3', 'LOC388610', 'SPARC', 'EDG3', 'N98591', 'NNMT', 'LY96', 'BNIP2', 'DYNLT1', 'S100A10', 'LOC400451', 'AI357047', 'DIP2C', 'AA598555', 'R61377', 'PLTP', 'IL21R', 'DDEF1', 'TIMP3', 'STXBP1', 'RAB20', 'ANXA1', 'MDFI', 'GPNMB', 'MICAL2', 'COL3A1', 'STMN1', 'ATP6V1C1', 'PARP14', 'A2BP1', 'DPYD', 'RPS3A', 'DEF6', 'C6orf12', 'HNRNPG.T', 'PCP4', 'SLC35A2', 'T62491', 'SPAG6', 'MVP', 'SOX4', 'HLA.DRB1', 'AI262682', 'CYR61', 'H41096', 'EXT1', 'POSTN', 'RUNX1', 'NOTCH1', 'IMAGE.33267', 'RAB30', 'C4A', 'CD44', 'AA975768', 'T51726', 'PLP2', 'STK17A', 'LYN', 'H24428', 'NUAK1', 'KCNK6', 'TncRNA', 'CTHRC1', 'SLC15A2', 'TNFAIP3', 'LOC283130', 'C1orf187', 'FZD7', 'RBP4', 'IFI30', 'HLA.F', 'CHN1', 'SORT1', 'PYCR1', 'DDIT4', 'X38595', 'COX7A1', 'HLA.A', 'CHI3L2', 'ZFHX1B', 'SCAMP5', 'PRKCB1', 'ASPA', 'FCGR2B', 'DLL3', 'WASF1', 'ITGA5', 'MED11', 'BLVRB', 'MGP', 'R52960', 'IGF2BP3', 'CCDC3', 'C1orf63', 'HEY1', 'LAPTM5', 'MAPKBP1', 'SERPINA3', 'ANK3', 'BGN', 'ARPP.19', 'DDN', 'AA131320', 'KNS2', 'TNC', 'CSPG2', 'USP6NL', 'ZNF160', 'UBE4B', 'URP2', 'GBP2', 'COL9A2', 'HAMP', 'DNASE1L1', 'CACNB2', 'TLL2', 'SETD5', 'RGS16', 'DCLRE1B', 'S100A11', 'X37864', 'PPP1R14A', 'ZNF233', 'NEFH', 'EMP3', 'TCF7L1', 'ADARB2', 'GADD45B', 'SOCS3', 'SP100', 'NPC2', 'L1CAM', 'LOC283070', 'FABP3', 'PLOD2', 'PTPRZ1', 'OSBPL1A', 'CDC20B', 'MGC39606', 'HCLS1', 'PSG1', 'INPP5F', 'NY.SAR.48', 'ADM', 'HMOX1', 'COX6A2', 'CAMK2A', 'MST1', 'CAMKK2', 'ITPKA', 'PRKAR1B', 'S100A1', 'LILRA1', 'ZNF217', 'PLA2G2A', 'PDE2A', 'TCTEX1D1', 'PEG3', 'MYCBP2', 'ITGA9', 'LOC541471', 'CLTB', 'NPTX1', 'PNCK', 'HPCA', 'IGSF3', 'SERPINI1', 'LSP1', 'PALLD', 'ABCC3', 'CLIC1', 'FAS', 'VEGF', 'RTN3', 'CCL2', 'ITGA3', 'KCNMA1', 'GYPA', 'GOT1', 'GAS1', 'MSN', 'LOC57228', 'LGALS3', 'ID4', 'PARD3', 'ZNF226', 'CDKN2D', 'CCR1', 'SBP1', 'EID.3', 'LRBA', 'MMP2', 'H10054', 'HK2', 'NPL', 'PRKCZ', 'FBL', 'CAV1', 'F13A1', 'SYT7', 'RFXAP', 'CBX6', 'APOC1', 'LHFPL2', 'KCNJ1', 'T97457', 'TBC1D7', 'CASP1', 'H20822', 'ACAD8', 'FAM84B', 'KCNQ2', 'HBA1', 'TXNDC', 'PPP3CB', 'MST150', 'ABCA5', 'NSF', 'PDLIM7', 'NCF2', 'LOC613212', 'AA669383', 'AIF1', 'SAA2', 'FBXO2', 'HLA.G', 'TMEM146', 'AI263051', 'CYBA', 'SVIL', 'PHLDA1', 'D21S2089E', 'SERPING1', 'MYC', 'USP3', 'FLJ38984', 'MASP1', 'RBP7', 'FAM46A', 'TIMP1', 'PCDHGC3', 'CA11', 'AI335002', 'AP4B1', 'GYPC', 'IQSEC1', 'MGC26694', 'LOC389831', 'PSG5', 'NCF1', 'PLAU', 'TGFBI', 'KIAA1644', 'CD58', 'FAM84A', 'MGC42367', 'TMEM49', 'ESM1', 'KLRC1', 'CD53', 'FBXL16', 'EPB49', 'TNFRSF12A', 'PRRX1', 'EDG1', 'VASP', 'ANXA5', 'CBLN2', 'GABBR1', 'APCS', 'MRC2', 'SLC16A3', 'SPINT2', 'AKR1C1', 'RND3', 'AEBP1', 'SERPINH1', 'H08563', 'AKR1C2', 'MYBPC2', 'EGLN2', 'AA490257', 'DECR2', 'AA029415', 'PPP3CA', 'CAP2', 'TFDP2', 'VSNL1', 'UGCG', 'TAP1', 'UBA52', 'SRPX', 'ADCY1', 'KIAA0963', 'ZNF419B', 'CA12', 'IL1RAP', 'SYNGR3', 'FGF13', 'CLCA3', 'RALY', 'LAMB1', 'AA398420', 'TSPYL1', 'COL1A1', 'IL32', 'R70684', 'ADFP', 'GBP1', 'TSPAN4', 'KIAA1543', 'CKMT1A', 'AA281932', 'C8orf4', 'YWHAH', 'PSD3', 'EDNRB', 'APOC2', 'TOMM40', 'EPHB1', 'FLJ35740', 'DSCR1L1', 'PRKCG', 'ZNF329', 'AA479357', 'VAMP2', 'IGHG1', 'MB', 'ID3', 'COL4A2', 'C1R', 'MDK', 'TTC23', 'BCL2A1', 'R70506', 'HSPG2', 'OSR1', 'SCN2B', 'H86813', 'AI871056', 'LUM', 'BCAM', 'SUV39H1', 'NMNAT2', 'RAB27B', 'WWTR1', 'NR4A1', 'LMO7', 'NLGN1', 'AA906888', 'YWHAG', 'FBXW7', 'AA424849', 'LAMA4', 'DMN', 'NLK', 'AA401952', 'PLAUR', 'C16orf5', 'CEAL1', 'COL6A2', 'HPRT1', 'MSTP9', 'DKFZp313A2432', 'HBXIP', 'CD47', 'IGFBP3', 'AA489629', 'COL1A2', 'DUS3L', 'CALM1', 'ADAM19', 'RAB11FIP4', 'PDPN', 'FREQ', 'AI822135', 'MGC18216', 'CACNB3', 'KLRC2', 'CLSTN3', 'PRSS1', 'AA598631', 'LTF', 'FN1', 'MOAP1', 'MAL2', 'PDE4DIP', 'IGF1R', 'DES', 'WDR7', 'W93688', 'LOC146795', 'AI002301', 'PYGL', 'IGFBP5', 'PRG1', 'CAPG', 'PDXP', 'AA181288', 'EFHB', 'H78560', 'STC1', 'STEAP3', 'AI350724', 'H91845', 'FCGRT']}
K
[43, 43]
incoming[COParams.PCS.n]
43
['C9orf48', 'MTHFD2', 'RPS19BP1', 'ZNF549', 'SNCG', 'PRSS3', 'NDUFB11', 'FBXO32', 'CDKN1A', 'SNRPN', 'PYHIN1', 'NDST1', 'TSPAN6', 'AI005038', 'GPSM2', 'L3MBTL4', 'KLRC3', 'LOC388610', 'SPARC', 'EDG3', 'N98591', 'NNMT', 'LY96', 'BNIP2', 'DYNLT1', 'S100A10', 'LOC400451', 'AI357047', 'DIP2C', 'AA598555', 'R61377', 'PLTP', 'IL21R', 'DDEF1', 'TIMP3', 'STXBP1', 'RAB20', 'ANXA1', 'MDFI', 'GPNMB', 'MICAL2', 'COL3A1', 'STMN1', 'ATP6V1C1', 'PARP14', 'A2BP1', 'DPYD', 'RPS3A', 'DEF6', 'C6orf12', 'HNRNPG.T', 'PCP4', 'SLC35A2', 'T62491', 'SPAG6', 'MVP', 'SOX4', 'HLA.DRB1', 'AI262682', 'CYR61', 'H41096', 'EXT1', 'POSTN', 'RUNX1', 'NOTCH1', 'IMAGE.33267', 'RAB30', 'C4A', 'CD44', 'AA975768', 'T51726', 'PLP2', 'STK17A', 'LYN', 'H24428', 'NUAK1', 'KCNK6', 'TncRNA', 'CTHRC1', 'SLC15A2', 'TNFAIP3', 'LOC283130', 'C1orf187', 'FZD7', 'RBP4', 'IFI30', 'HLA.F', 'CHN1', 'SORT1', 'PYCR1', 'DDIT4', 'X38595', 'COX7A1', 'HLA.A', 'CHI3L2', 'ZFHX1B', 'SCAMP5', 'PRKCB1', 'ASPA', 'FCGR2B', 'DLL3', 'WASF1', 'ITGA5', 'MED11', 'BLVRB', 'MGP', 'R52960', 'IGF2BP3', 'CCDC3', 'C1orf63', 'HEY1', 'LAPTM5', 'MAPKBP1', 'SERPINA3', 'ANK3', 'BGN', 'ARPP.19', 'DDN', 'AA131320', 'KNS2', 'TNC', 'CSPG2', 'USP6NL', 'ZNF160', 'UBE4B', 'URP2', 'GBP2', 'COL9A2', 'HAMP', 'DNASE1L1', 'CACNB2', 'TLL2', 'SETD5', 'RGS16', 'DCLRE1B', 'S100A11', 'X37864', 'PPP1R14A', 'ZNF233', 'NEFH', 'EMP3', 'TCF7L1', 'ADARB2', 'GADD45B', 'SOCS3', 'SP100', 'NPC2', 'L1CAM', 'LOC283070', 'FABP3', 'PLOD2', 'PTPRZ1', 'OSBPL1A', 'CDC20B', 'MGC39606', 'HCLS1', 'PSG1', 'INPP5F', 'NY.SAR.48', 'ADM', 'HMOX1', 'COX6A2', 'CAMK2A', 'MST1', 'CAMKK2', 'ITPKA', 'PRKAR1B', 'S100A1', 'LILRA1', 'ZNF217', 'PLA2G2A', 'PDE2A', 'TCTEX1D1', 'PEG3', 'MYCBP2', 'ITGA9', 'LOC541471', 'CLTB', 'NPTX1', 'PNCK', 'HPCA', 'IGSF3', 'SERPINI1', 'LSP1', 'PALLD', 'ABCC3', 'CLIC1', 'FAS', 'VEGF', 'RTN3', 'CCL2', 'ITGA3', 'KCNMA1', 'GYPA', 'GOT1', 'GAS1', 'MSN', 'LOC57228', 'LGALS3', 'ID4', 'PARD3', 'ZNF226', 'CDKN2D', 'CCR1', 'SBP1', 'EID.3', 'LRBA', 'MMP2', 'H10054', 'HK2', 'NPL', 'PRKCZ', 'FBL', 'CAV1', 'F13A1', 'SYT7', 'RFXAP', 'CBX6', 'APOC1', 'LHFPL2', 'KCNJ1', 'T97457', 'TBC1D7', 'CASP1', 'H20822', 'ACAD8', 'FAM84B', 'KCNQ2', 'HBA1', 'TXNDC', 'PPP3CB', 'MST150', 'ABCA5', 'NSF', 'PDLIM7', 'NCF2', 'LOC613212', 'AA669383', 'AIF1', 'SAA2', 'FBXO2', 'HLA.G', 'TMEM146', 'AI263051', 'CYBA', 'SVIL', 'PHLDA1', 'D21S2089E', 'SERPING1', 'MYC', 'USP3', 'FLJ38984', 'MASP1', 'RBP7', 'FAM46A', 'TIMP1', 'PCDHGC3', 'CA11', 'AI335002', 'AP4B1', 'GYPC', 'IQSEC1', 'MGC26694', 'LOC389831', 'PSG5', 'NCF1', 'PLAU', 'TGFBI', 'KIAA1644', 'CD58', 'FAM84A', 'MGC42367', 'TMEM49', 'ESM1', 'KLRC1', 'CD53', 'FBXL16', 'EPB49', 'TNFRSF12A', 'PRRX1', 'EDG1', 'VASP', 'ANXA5', 'CBLN2', 'GABBR1', 'APCS', 'MRC2', 'SLC16A3', 'SPINT2', 'AKR1C1', 'RND3', 'AEBP1', 'SERPINH1', 'H08563', 'AKR1C2', 'MYBPC2', 'EGLN2', 'AA490257', 'DECR2', 'AA029415', 'PPP3CA', 'CAP2', 'TFDP2', 'VSNL1', 'UGCG', 'TAP1', 'UBA52', 'SRPX', 'ADCY1', 'KIAA0963', 'ZNF419B', 'CA12', 'IL1RAP', 'SYNGR3', 'FGF13', 'CLCA3', 'RALY', 'LAMB1', 'AA398420', 'TSPYL1', 'COL1A1', 'IL32', 'R70684', 'ADFP', 'GBP1', 'TSPAN4', 'KIAA1543', 'CKMT1A', 'AA281932', 'C8orf4', 'YWHAH', 'PSD3', 'EDNRB', 'APOC2', 'TOMM40', 'EPHB1', 'FLJ35740', 'DSCR1L1', 'PRKCG', 'ZNF329', 'AA479357', 'VAMP2', 'IGHG1', 'MB', 'ID3', 'COL4A2', 'C1R', 'MDK', 'TTC23', 'BCL2A1', 'R70506', 'HSPG2', 'OSR1', 'SCN2B', 'H86813', 'AI871056', 'LUM', 'BCAM', 'SUV39H1', 'NMNAT2', 'RAB27B', 'WWTR1', 'NR4A1', 'LMO7', 'NLGN1', 'AA906888', 'YWHAG', 'FBXW7', 'AA424849', 'LAMA4', 'DMN', 'NLK', 'AA401952', 'PLAUR', 'C16orf5', 'CEAL1', 'COL6A2', 'HPRT1', 'MSTP9', 'DKFZp313A2432', 'HBXIP', 'CD47', 'IGFBP3', 'AA489629', 'COL1A2', 'DUS3L', 'CALM1', 'ADAM19', 'RAB11FIP4', 'PDPN', 'FREQ', 'AI822135', 'MGC18216', 'CACNB3', 'KLRC2', 'CLSTN3', 'PRSS1', 'AA598631', 'LTF', 'FN1', 'MOAP1', 'MAL2', 'PDE4DIP', 'IGF1R', 'DES', 'WDR7', 'W93688', 'LOC146795', 'AI002301', 'PYGL', 'IGFBP5', 'PRG1', 'CAPG', 'PDXP', 'AA181288', 'EFHB', 'H78560', 'STC1', 'STEAP3', 'AI350724', 'H91845', 'FCGRT']
INDEX
[109, 176, 162, 29, 218, 317, 61, 37, 259, 244, 297, 402, 258, 301, 50, 222, 116, 203, 403, 321, 419, 128, 248, 410, 387, 325, 156, 207, 1, 354, 185, 318, 284, 32, 123, 206, 389, 179, 394, 309, 408, 152, 187, 105, 407, 216, 223, 183, 254, 335, 43, 379, 299, 311, 6, 273, 196, 417, 194, 370, 383, 0, 267, 107, 237, 84, 239, 241, 305, 236, 371, 89, 415, 395, 279, 307, 56, 409, 385, 421, 266, 414, 361, 411, 292, 104, 366, 374, 26, 220, 293, 257, 18, 217, 87, 400, 182, 339, 81, 240, 94, 149, 77, 406, 65, 423, 342, 250, 8, 14, 160, 326, 170, 198, 349, 70, 120, 336, 136, 245, 165, 148, 15, 45, 60, 285, 338, 197, 304, 308, 16, 53, 91, 76, 28, 90, 127, 420, 58, 186, 74, 132, 4, 412, 85, 208, 364, 296, 27, 141, 268, 302, 294, 265, 3, 209, 66, 322, 353, 144, 175, 59, 286, 134, 295, 290, 212, 341, 47, 233, 276, 121, 10, 139, 73, 331, 79, 214, 422, 125, 384, 64, 347, 211, 397, 221, 99, 306, 100, 75, 274, 373, 228, 11, 261, 388, 68, 137, 113, 171, 5, 24, 269, 332, 39, 20, 46, 324, 401, 291, 119, 200, 413, 399, 340, 405, 164, 150, 51, 108, 34, 92, 129, 252, 224, 13, 96, 277, 310, 396, 78, 138, 131, 281, 253, 316, 98, 270, 365, 369, 312, 329, 55, 359, 355, 2, 260, 42, 173, 264, 256, 242, 88, 63, 275, 82, 229, 352, 215, 44, 263, 362, 210, 235, 36, 351, 184, 358, 153, 133, 382, 40, 140, 390, 118, 283, 188, 393, 71, 327, 25, 12, 192, 337, 146, 287, 130, 142, 314, 7, 174, 157, 143, 69, 9, 67, 48, 234, 135, 199, 112, 319, 57, 313, 346, 357, 93, 380, 303, 280, 31, 110, 328, 372, 205, 17, 97, 320, 83, 95, 102, 247, 398, 227, 246, 330, 22, 278, 101, 315, 344, 106, 111, 178, 360, 191, 201, 334, 416, 38, 231, 147, 381, 238, 356, 122, 189, 272, 62, 343, 177, 161, 41, 404, 181, 204, 378, 49, 163, 145, 151, 190, 392, 226, 154, 193, 213, 376, 391, 289, 33, 348, 386, 124, 155, 19, 159, 288, 230, 166, 23, 103, 115, 180, 158, 21, 251, 375, 282, 86, 345, 225, 35, 172, 117, 271, 368, 377, 232, 202, 169, 333, 323, 52, 363, 126, 255, 195, 350, 243, 219, 418, 72, 168, 249, 262, 80, 167, 114, 367, 298, 300]
['C9orf48', 'MTHFD2', 'RPS19BP1', 'ZNF549', 'SNCG', 'PRSS3', 'NDUFB11', 'FBXO32', 'CDKN1A', 'SNRPN', 'PYHIN1', 'NDST1', 'TSPAN6', 'AI005038', 'GPSM2', 'L3MBTL4', 'KLRC3', 'LOC388610', 'SPARC', 'EDG3', 'N98591', 'NNMT', 'LY96', 'BNIP2', 'DYNLT1', 'S100A10', 'LOC400451', 'AI357047', 'DIP2C', 'AA598555', 'R61377', 'PLTP', 'IL21R', 'DDEF1', 'TIMP3', 'STXBP1', 'RAB20', 'ANXA1', 'MDFI', 'GPNMB', 'MICAL2', 'COL3A1', 'STMN1', 'ATP6V1C1', 'PARP14', 'A2BP1', 'DPYD', 'RPS3A', 'DEF6', 'C6orf12', 'HNRNPG.T', 'PCP4', 'SLC35A2', 'T62491', 'SPAG6', 'MVP', 'SOX4', 'HLA.DRB1', 'AI262682', 'CYR61', 'H41096', 'EXT1', 'POSTN', 'RUNX1', 'NOTCH1', 'IMAGE.33267', 'RAB30', 'C4A', 'CD44', 'AA975768', 'T51726', 'PLP2', 'STK17A', 'LYN', 'H24428', 'NUAK1', 'KCNK6', 'TncRNA', 'CTHRC1', 'SLC15A2', 'TNFAIP3', 'LOC283130', 'C1orf187', 'FZD7', 'RBP4', 'IFI30', 'HLA.F', 'CHN1', 'SORT1', 'PYCR1', 'DDIT4', 'X38595', 'COX7A1', 'HLA.A', 'CHI3L2', 'ZFHX1B', 'SCAMP5', 'PRKCB1', 'ASPA', 'FCGR2B', 'DLL3', 'WASF1', 'ITGA5', 'MED11', 'BLVRB', 'MGP', 'R52960', 'IGF2BP3', 'CCDC3', 'C1orf63', 'HEY1', 'LAPTM5', 'MAPKBP1', 'SERPINA3', 'ANK3', 'BGN', 'ARPP.19', 'DDN', 'AA131320', 'KNS2', 'TNC', 'CSPG2', 'USP6NL', 'ZNF160', 'UBE4B', 'URP2', 'GBP2', 'COL9A2', 'HAMP', 'DNASE1L1', 'CACNB2', 'TLL2', 'SETD5', 'RGS16', 'DCLRE1B', 'S100A11', 'X37864', 'PPP1R14A', 'ZNF233', 'NEFH', 'EMP3', 'TCF7L1', 'ADARB2', 'GADD45B', 'SOCS3', 'SP100', 'NPC2', 'L1CAM', 'LOC283070', 'FABP3', 'PLOD2', 'PTPRZ1', 'OSBPL1A', 'CDC20B', 'MGC39606', 'HCLS1', 'PSG1', 'INPP5F', 'NY.SAR.48', 'ADM', 'HMOX1', 'COX6A2', 'CAMK2A', 'MST1', 'CAMKK2', 'ITPKA', 'PRKAR1B', 'S100A1', 'LILRA1', 'ZNF217', 'PLA2G2A', 'PDE2A', 'TCTEX1D1', 'PEG3', 'MYCBP2', 'ITGA9', 'LOC541471', 'CLTB', 'NPTX1', 'PNCK', 'HPCA', 'IGSF3', 'SERPINI1', 'LSP1', 'PALLD', 'ABCC3', 'CLIC1', 'FAS', 'VEGF', 'RTN3', 'CCL2', 'ITGA3', 'KCNMA1', 'GYPA', 'GOT1', 'GAS1', 'MSN', 'LOC57228', 'LGALS3', 'ID4', 'PARD3', 'ZNF226', 'CDKN2D', 'CCR1', 'SBP1', 'EID.3', 'LRBA', 'MMP2', 'H10054', 'HK2', 'NPL', 'PRKCZ', 'FBL', 'CAV1', 'F13A1', 'SYT7', 'RFXAP', 'CBX6', 'APOC1', 'LHFPL2', 'KCNJ1', 'T97457', 'TBC1D7', 'CASP1', 'H20822', 'ACAD8', 'FAM84B', 'KCNQ2', 'HBA1', 'TXNDC', 'PPP3CB', 'MST150', 'ABCA5', 'NSF', 'PDLIM7', 'NCF2', 'LOC613212', 'AA669383', 'AIF1', 'SAA2', 'FBXO2', 'HLA.G', 'TMEM146', 'AI263051', 'CYBA', 'SVIL', 'PHLDA1', 'D21S2089E', 'SERPING1', 'MYC', 'USP3', 'FLJ38984', 'MASP1', 'RBP7', 'FAM46A', 'TIMP1', 'PCDHGC3', 'CA11', 'AI335002', 'AP4B1', 'GYPC', 'IQSEC1', 'MGC26694', 'LOC389831', 'PSG5', 'NCF1', 'PLAU', 'TGFBI', 'KIAA1644', 'CD58', 'FAM84A', 'MGC42367', 'TMEM49', 'ESM1', 'KLRC1', 'CD53', 'FBXL16', 'EPB49', 'TNFRSF12A', 'PRRX1', 'EDG1', 'VASP', 'ANXA5', 'CBLN2', 'GABBR1', 'APCS', 'MRC2', 'SLC16A3', 'SPINT2', 'AKR1C1', 'RND3', 'AEBP1', 'SERPINH1', 'H08563', 'AKR1C2', 'MYBPC2', 'EGLN2', 'AA490257', 'DECR2', 'AA029415', 'PPP3CA', 'CAP2', 'TFDP2', 'VSNL1', 'UGCG', 'TAP1', 'UBA52', 'SRPX', 'ADCY1', 'KIAA0963', 'ZNF419B', 'CA12', 'IL1RAP', 'SYNGR3', 'FGF13', 'CLCA3', 'RALY', 'LAMB1', 'AA398420', 'TSPYL1', 'COL1A1', 'IL32', 'R70684', 'ADFP', 'GBP1', 'TSPAN4', 'KIAA1543', 'CKMT1A', 'AA281932', 'C8orf4', 'YWHAH', 'PSD3', 'EDNRB', 'APOC2', 'TOMM40', 'EPHB1', 'FLJ35740', 'DSCR1L1', 'PRKCG', 'ZNF329', 'AA479357', 'VAMP2', 'IGHG1', 'MB', 'ID3', 'COL4A2', 'C1R', 'MDK', 'TTC23', 'BCL2A1', 'R70506', 'HSPG2', 'OSR1', 'SCN2B', 'H86813', 'AI871056', 'LUM', 'BCAM', 'SUV39H1', 'NMNAT2', 'RAB27B', 'WWTR1', 'NR4A1', 'LMO7', 'NLGN1', 'AA906888', 'YWHAG', 'FBXW7', 'AA424849', 'LAMA4', 'DMN', 'NLK', 'AA401952', 'PLAUR', 'C16orf5', 'CEAL1', 'COL6A2', 'HPRT1', 'MSTP9', 'DKFZp313A2432', 'HBXIP', 'CD47', 'IGFBP3', 'AA489629', 'COL1A2', 'DUS3L', 'CALM1', 'ADAM19', 'RAB11FIP4', 'PDPN', 'FREQ', 'AI822135', 'MGC18216', 'CACNB3', 'KLRC2', 'CLSTN3', 'PRSS1', 'AA598631', 'LTF', 'FN1', 'MOAP1', 'MAL2', 'PDE4DIP', 'IGF1R', 'DES', 'WDR7', 'W93688', 'LOC146795', 'AI002301', 'PYGL', 'IGFBP5', 'PRG1', 'CAPG', 'PDXP', 'AA181288', 'EFHB', 'H78560', 'STC1', 'STEAP3', 'AI350724', 'H91845', 'FCGRT']
INDEX
[109, 176, 162, 29, 218, 317, 61, 37, 259, 244, 297, 402, 258, 301, 50, 222, 116, 203, 403, 321, 419, 128, 248, 410, 387, 325, 156, 207, 1, 354, 185, 318, 284, 32, 123, 206, 389, 179, 394, 309, 408, 152, 187, 105, 407, 216, 223, 183, 254, 335, 43, 379, 299, 311, 6, 273, 196, 417, 194, 370, 383, 0, 267, 107, 237, 84, 239, 241, 305, 236, 371, 89, 415, 395, 279, 307, 56, 409, 385, 421, 266, 414, 361, 411, 292, 104, 366, 374, 26, 220, 293, 257, 18, 217, 87, 400, 182, 339, 81, 240, 94, 149, 77, 406, 65, 423, 342, 250, 8, 14, 160, 326, 170, 198, 349, 70, 120, 336, 136, 245, 165, 148, 15, 45, 60, 285, 338, 197, 304, 308, 16, 53, 91, 76, 28, 90, 127, 420, 58, 186, 74, 132, 4, 412, 85, 208, 364, 296, 27, 141, 268, 302, 294, 265, 3, 209, 66, 322, 353, 144, 175, 59, 286, 134, 295, 290, 212, 341, 47, 233, 276, 121, 10, 139, 73, 331, 79, 214, 422, 125, 384, 64, 347, 211, 397, 221, 99, 306, 100, 75, 274, 373, 228, 11, 261, 388, 68, 137, 113, 171, 5, 24, 269, 332, 39, 20, 46, 324, 401, 291, 119, 200, 413, 399, 340, 405, 164, 150, 51, 108, 34, 92, 129, 252, 224, 13, 96, 277, 310, 396, 78, 138, 131, 281, 253, 316, 98, 270, 365, 369, 312, 329, 55, 359, 355, 2, 260, 42, 173, 264, 256, 242, 88, 63, 275, 82, 229, 352, 215, 44, 263, 362, 210, 235, 36, 351, 184, 358, 153, 133, 382, 40, 140, 390, 118, 283, 188, 393, 71, 327, 25, 12, 192, 337, 146, 287, 130, 142, 314, 7, 174, 157, 143, 69, 9, 67, 48, 234, 135, 199, 112, 319, 57, 313, 346, 357, 93, 380, 303, 280, 31, 110, 328, 372, 205, 17, 97, 320, 83, 95, 102, 247, 398, 227, 246, 330, 22, 278, 101, 315, 344, 106, 111, 178, 360, 191, 201, 334, 416, 38, 231, 147, 381, 238, 356, 122, 189, 272, 62, 343, 177, 161, 41, 404, 181, 204, 378, 49, 163, 145, 151, 190, 392, 226, 154, 193, 213, 376, 391, 289, 33, 348, 386, 124, 155, 19, 159, 288, 230, 166, 23, 103, 115, 180, 158, 21, 251, 375, 282, 86, 345, 225, 35, 172, 117, 271, 368, 377, 232, 202, 169, 333, 323, 52, 363, 126, 255, 195, 350, 243, 219, 418, 72, 168, 249, 262, 80, 167, 114, 367, 298, 300]
[Time: 28.06.23 08:07:52] [Level: info] transition: compute_std
[Time: 28.06.23 08:07:53] [Level: info] state: compute_std
[CTRL] GET /data
[CTRL] POST /data
(422, 1)
(422, 1)
[Time: 28.06.23 08:07:55] [Level: info] transition: apply_scaling
[Time: 28.06.23 08:07:56] [Level: info] state: apply_scaling
[CTRL] GET /data
[CTRL] POST /data
TEST
INCOMINGS
[{'Stds': [array([ 1.25511635,  1.26007386,  1.90377287,  0.67106372,  1.37918751,
       -0.        ,  0.71810359,  0.69805917,  1.47417301,  1.07982778,
        1.05353435,  0.95750986,  1.72736674,  0.98675052,  0.33471595,
        1.08515514,  1.74913791,  2.14465887,  0.48906074,  0.68399743,
        0.54190584,  0.82171252,  1.72988306,  0.74718634,  0.73037659,
        0.99447962,  1.79590986,  1.78865583,  0.4898362 ,  1.24334061,
        0.70701564,  0.39196428,  2.09549518,  0.63933775,  1.57462825,
        1.1309444 ,  1.01110299,  0.98473663,  2.66986185,  1.26647743,
        1.4069533 ,  0.79081028,  1.09222041,  0.6821839 ,  0.62398889,
        0.65651133,  1.27090467,  0.55660802,  1.03955185,  0.85811024,
        0.58108545,  1.20088271,  1.10550531,  1.23281731,  0.68950583,
        1.10047413,  1.09569113,  0.3128263 ,  1.96959732,  1.9937797 ,
        0.88393281,  0.53442172,  1.51401409,  1.405229  ,  0.92039124,
        1.39495767,  2.09516105,  0.87899226,  3.0229227 ,  1.30189661,
        1.65716674,  3.17483468,  1.41604317,  0.80607473,  0.95851865,
        0.32925857,  0.60338279,  2.03287657,  0.68191802,  0.69672987,
        2.28668869,  1.33923517,  1.18758497,  0.63890845, -0.        ,
        1.21122939,  2.00225651,  0.37818222,  0.46916893,  1.91014387,
        1.3792521 ,  1.901808  ,  1.34048181,  1.49996963,  0.78957862,
        2.95530788,  0.57405926,  1.72926734,  0.6977913 ,  0.54108074,
        1.44610059,  1.98739184,  2.65766734,  0.34915181,  0.92537651,
        1.30750232,  0.98508634,  0.95314904,  0.60354362,  1.60850973,
        0.85100443,  0.7522443 ,  1.14737111,  1.18526077,  1.33106034,
        1.64164366,  0.93025419,  0.62666714,  0.48652637,  0.92331175,
        1.72240148,  0.5234749 ,  1.18775474,  0.3486699 ,  1.96171289,
        0.61502559,  0.65171146,  0.6426825 ,  1.09861466,  0.64914558,
        0.60904377,  1.2655697 ,  1.01108149,  0.80211861,  0.49958075,
        0.95518383,  1.14775731,  0.62447164,  0.3302602 ,  2.41754192,
        0.97068647,  1.85578029,  0.76880893,  0.48812411,  1.35517486,
        1.59643137,  0.73492298,  1.5163234 ,  1.52637973,  0.72721044,
        0.97408939,  1.37233218,  0.38429878, -0.        ,  0.46888484,
        0.8477802 ,  0.50439554,  1.44658746,  1.93902336,  0.67855999,
        1.03385239,  0.70478867,  1.03848952,  3.58497647,  1.02983226,
        1.81543712,  0.82463635,  1.38453566,  0.83578987,  0.8337751 ,
        1.45146611,  1.75202463,  0.32963386,  1.04038052,  0.81460909,
        0.99861469,  2.43228083,  1.4584471 ,  2.04490514,  0.72322193,
        2.35216825,  0.42468937,  0.70484433,  1.85882734,  0.30918859,
        1.24104668,  0.37031243,  0.78724217,  1.40524129,  1.18042222,
        0.73764462,  0.8332197 ,  0.7952106 ,  0.48405051,  0.90807801,
        1.93552518,  0.99607916,  1.03005379,  1.06953802,  0.46645939,
        0.61228743,  0.55653649,  0.62017332,  0.94288375,  0.4910328 ,
        0.5090949 ,  1.11650534,  1.77111844,  2.09851519,  2.02558466,
        0.63188532,  0.82891269,  2.188616  ,  1.8008939 ,  0.69899629,
        1.61441283,  0.66649855,  0.59034394,  0.85630758,  0.66720908,
        0.97954555,  2.37571671,  0.57026686,  1.35375425,  0.61937685,
        0.9434344 ,  1.5573603 ,  0.80186034,  0.90150791,  1.65902404,
        0.95151168,  1.64865084,  1.61938998,  0.95641429,  2.39274133,
        0.54112061,  2.30600431,  1.42502481,  0.51282855,  0.75309928,
        1.02266485,  0.66517073,  0.49335776,  1.57174044,  0.78126205,
        0.6639389 ,  1.49506794,  0.94724964,  0.63291833,  1.91189004,
        2.01591215,  1.82933387,  1.32981307,  1.01437402,  1.43590053,
        1.09082537,  0.72339565,  0.86877625,  1.11766821,  1.14816924,
        1.70322517,  0.90794714,  1.50073377,  2.84170862,  0.47757149,
        1.2210077 ,  2.17461449,  1.37233736,  1.43645726,  1.53796537,
        0.83998605,  0.63232998,  1.46365822,  1.49832008,  1.20930563,
        0.70991955,  1.67777882,  0.65048086,  1.766762  ,  0.48786684,
        0.48369437,  0.95324011,  1.05722093,  0.85005829,  0.83336421,
        0.7488812 ,  0.59897144,  1.4074905 ,  2.71355114,  0.63389128,
        0.79888385,  0.86483928,  1.27354794,  0.94365117,  1.13453834,
        1.11657229,  0.47409425,  0.77674865,  2.05155232,  0.82120509,
        1.78000234,  0.63291228,  0.5464105 ,  1.36063337,  1.42990758,
        0.43246666,  0.8439025 ,  1.08285219,  1.51392118,  1.12679452,
        0.53231191,  1.12279202,  0.95402304,  0.4905248 ,  0.9281598 ,
        0.22261841,  0.76577521,  1.40912201,  0.88617832,  2.34757861,
        2.07915018,  1.78881576,  0.61672665,  1.03035434,  0.64880174,
        1.37779514,  0.81546292,  0.89429492,  1.26716063,  1.09959545,
        0.35638151,  2.19730172,  0.86311818,  1.03720383,  0.5316864 ,
        1.24048937,  0.53150348,  0.79732681,  1.38987568,  1.20250198,
        1.0552285 ,  0.49857172,  0.73068367,  0.64481532,  1.43296944,
        1.01440134,  0.85519529,  2.82278939,  1.3057551 ,  1.66305891,
        0.79633352,  0.89687716,  0.49573441,  1.8173893 ,  1.64634322,
       -0.        ,  0.14262522,  0.56798321,  0.71951684,  0.86448286,
        0.47812803,  0.49751206,  1.41927375,  1.25182679,  1.12263777,
        1.90480099,  0.89722916,  1.01349492,  1.33136734,  0.83091209,
        0.86541911,  0.54247291,  0.38815058,  2.2766856 ,  1.42824498,
        0.39163155,  1.40856   ,  1.40293736,  0.71941471,  1.37476283,
        1.53102566,  1.755857  ,  1.44034567,  0.68006445,  1.66728882,
        0.96133841,  0.58521638,  0.59225226,  1.14629116,  1.47343851,
        0.76544639,  1.77916664,  1.62504416,  1.1916901 ,  0.99169387,
        1.41861755, -0.        ,  0.51738363,  1.1094005 ,  1.6173226 ,
        0.8639019 ,  4.2157831 ,  0.78483595,  0.65852295,  1.91491337,
        0.58869056,  0.90825557,  1.21233463,  0.72355748,  1.16970935,
        1.07925799,  0.56536226,  1.43900157,  0.75204516,  1.26115528,
        1.80980042,  1.99262563,  0.9353901 ,  1.99406353,  1.08314775,
        1.73720725,  0.36820447]), array([ 1.59604558,  2.11458276,  1.07350139,  0.91929175,  1.84169208,
       -0.        ,  0.51402914,  0.45769819,  1.33176934,  1.3827905 ,
        0.90937103,  0.64809823,  1.42379508,  2.11530525,  0.33261135,
        1.1983274 ,  1.42579397,  1.37179193,  0.61077764,  0.90309205,
        0.60508005,  1.23438094,  1.57352094,  0.9631659 ,  0.94561244,
        1.28655742,  1.41972054,  1.80361996,  0.60061756,  1.50231733,
        1.18590235,  0.30335839,  1.96335169,  0.52657646,  0.95966321,
        0.89063344,  0.81951748,  0.96492787,  1.63448432,  1.53558738,
        1.61974637,  1.39680313,  1.80269166,  0.58106264,  0.41552396,
        0.67635032,  1.01410657,  0.93348498,  1.36655864,  0.63122748,
        0.43299831,  1.23037776,  0.86059732,  1.01487773,  1.12969079,
        0.58574629,  2.75335397,  0.26792936,  2.147183  ,  2.01877185,
        1.09362032,  0.36701338,  2.26407382,  1.205505  ,  0.7243486 ,
        1.01103524,  0.91685182,  0.54147921,  1.69701726,  1.34083283,
        1.51172113,  3.29168599,  1.07339906,  0.86612677,  0.71959545,
        0.8527581 ,  0.65004849,  1.68673409,  1.4169052 ,  0.5305771 ,
        1.34334105,  1.04099834,  1.28845038,  1.21453984,  0.        ,
        0.95884138,  1.45315684,  0.60664225,  0.40711969,  2.19888866,
        1.56924339,  1.40014263,  1.46574855,  0.49734689,  1.17858875,
        1.22555225,  0.59909759,  1.21883909,  0.68210089,  0.42858978,
        2.16401348,  0.75137175,  3.10804722,  0.37227292,  0.89261279,
        1.609021  ,  1.58235568,  0.50763047,  0.67370754,  0.68440322,
        1.13318083,  0.44398658,  0.64703885,  0.90257268,  1.95406636,
        1.33049957,  0.71805684,  1.12134563,  0.48041672,  0.73827567,
        1.66128871,  0.67802929,  1.2690939 ,  0.32146618,  1.11804816,
        0.67211496,  1.02177844,  0.54245135,  1.30655191,  0.49317925,
        0.85197025,  2.12419839,  1.88737579,  0.71590934,  0.46591193,
        0.98636853,  0.61248466,  1.08347248,  0.4118547 ,  2.15005275,
        1.10383334,  2.47545681,  1.27743931,  0.93106173,  1.09062759,
        1.0976002 ,  0.78335852,  1.55890228,  1.58572318,  0.76443681,
        1.67300422,  0.37329816,  0.76855586,  0.71818373,  0.3718687 ,
        0.54155054,  0.34867013,  1.12316815,  1.29765297,  1.2713166 ,
        0.84943982,  0.4292497 ,  1.18210051,  3.0415563 ,  0.92338927,
        1.1117816 ,  1.02048033,  0.83548085,  0.79997259,  0.8337751 ,
        1.46008482,  2.11900012,  0.42537677,  2.37093719,  1.7285051 ,
        1.37633723,  1.24502926,  2.23726564,  1.59259909,  0.63754963,
        2.03153271,  0.47508553,  1.23321496,  2.02146066,  0.43129917,
        1.6464461 ,  1.49459682,  0.97414009,  1.54376624,  0.85684626,
        1.19126028,  0.77261552,  2.06548051,  0.4377833 ,  1.22493412,
        1.43444346,  0.82608573,  1.05732097,  1.70678378,  0.46395695,
        0.58290035,  0.50742474,  0.93028459,  2.01765121,  0.43027882,
        0.47923245,  1.23111207,  1.64730628,  1.26449205,  1.55763916,
        0.44059862,  0.82371612,  1.88003776,  2.06581058,  0.56263256,
        1.242529  ,  0.82535151,  0.97562697,  1.11280556,  0.6225587 ,
        1.41054646,  1.4590347 ,  0.65681771,  0.95575368,  0.77414577,
        0.46748711,  2.59366613,  1.35467402,  0.69215226,  0.71239956,
        0.89412835,  1.31732093,  0.93995809,  1.06798589,  1.56174737,
        0.4177726 ,  1.72782872,  1.18469089,  0.49755771,  0.84459552,
        1.66206751,  0.57454007,  0.54950686,  1.3714047 ,  0.72385284,
        0.78795313,  2.96109874,  0.64594024,  0.50215735,  2.08541166,
        1.97818679,  0.71778117,  1.25560031,  1.93878815,  0.99956851,
        1.07524131,  0.78805421,  0.71154926,  1.90172686,  0.86790381,
        1.10863312,  0.5413776 ,  0.93287181,  1.22332243,  0.70391461,
        1.43164813,  1.41730847,  2.90103744,  1.25285413,  1.87978818,
        0.48433176,  1.03360965,  1.3159597 ,  0.95824905,  2.80945868,
        0.81770811,  1.17785275,  1.08791496,  0.93036104,  0.42659544,
        0.5955744 ,  0.83207822,  1.86971571,  1.03249272,  0.60482144,
        0.71569179,  1.06002231,  2.02563988,  1.13373144,  0.62962855,
        1.64599307,  1.3853736 ,  1.85823924,  1.00948283,  1.1348957 ,
        1.01099811,  0.46857594,  1.14840243,  1.32680807,  0.95000684,
        1.43343253,  1.0358396 ,  0.47390061,  1.5951578 ,  2.07524133,
        0.65264323,  1.19314801,  1.43680434,  1.17838093,  2.30347524,
        0.96921386,  1.91568394,  1.07106012,  1.71351156,  0.78389588,
        0.26227203,  0.80025034,  2.27233879,  0.95018799,  1.25477182,
        1.38488347,  2.01325081,  1.11877863,  0.87036185,  0.65768047,
        1.18136889,  0.44575056,  1.36165149,  1.63850545,  1.03960219,
        0.75508394,  1.34904011,  1.12994445,  0.97485441,  0.43532357,
        0.88358645,  0.48260737,  1.4653925 ,  1.17203207,  2.63528189,
        0.88148469,  0.52823839,  0.68511405,  0.53965829,  1.58592264,
        1.38995765,  1.13886466,  1.96570969,  0.67130488,  1.46960361,
        0.99784585,  1.70189017,  0.64282783,  1.35730515,  1.59660506,
        0.        ,  0.14262522,  0.65702946,  1.4260718 ,  1.10434458,
        0.96504168,  0.73498153,  1.81055678,  1.67419041,  0.92361018,
        1.81579308,  0.73050594,  1.51751239,  1.06399495,  1.13404717,
        0.47132846,  0.55988401,  0.30968482,  0.87433201,  0.85272324,
        0.37738821,  1.24948075,  1.68776998,  0.51498448,  1.48376165,
        0.74557984,  1.08471466,  2.24312446,  0.90625691,  1.58771349,
        1.08547369,  0.4605101 ,  0.70971635,  1.22307338,  1.19866464,
        0.78636789,  2.15133948,  1.23613445,  1.33367707,  1.99697324,
        0.98450182, -0.        ,  0.50202955,  0.8001255 ,  0.98375175,
        0.92942422,  1.95880365,  0.66248804,  0.39598137,  0.94243149,
        0.54616413,  1.02676189,  0.81677011,  0.87296996,  1.69478892,
        1.00874117,  0.41018206,  0.66811218,  0.89420019,  0.8896891 ,
        1.46920822,  1.23851264,  1.05691824,  1.25645826,  1.46266014,
        3.25664973,  0.34405401])], 'select rows': array([ 84, 396,   5, 153, 355, 356, 315, 184,  57,  75, 172, 138,  14,
       123, 103, 330, 421, 186,  87, 152, 372, 375,  31, 181, 305, 199,
       154,  88, 296, 264, 360, 280, 193, 118, 279, 143,  18,  28, 313,
       204, 242, 352, 361, 341, 134, 156, 205, 238, 397, 121, 336, 334,
       310,  61,  99, 235,  20, 371, 302, 201,  47, 411, 357, 222,  96,
        50, 386, 405, 217, 387, 286,  76, 108, 130, 200, 125, 322, 224,
       202,  44, 137, 117, 210, 271, 301, 248, 289,  83,  33, 127, 343,
       324, 129, 277, 126,  45, 403, 245, 241, 216, 219,   3, 159, 383,
        78,  43,  19,  54,  79,  98,   7, 214, 161, 182,  30, 275,   6,
       378, 358, 179, 256, 408, 149,  24, 342, 146, 190,  23, 285, 413,
       111, 239, 390, 316, 142, 297, 244, 402, 187,  94,  41, 192, 350,
       337, 290, 227, 133,  73, 174, 326, 299,  21, 166, 211, 369, 191,
       284, 169, 168, 270, 306, 155, 283, 110, 346, 218,  49, 332, 400,
       359, 291, 370, 257,  67,  60, 318, 327, 351, 366, 228, 261, 194,
       406,  64, 119, 104, 314, 116, 417, 203, 225, 293, 247, 230, 107,
       281, 312, 135, 233,  11,  74, 385, 140, 150, 220,  37, 106,  13,
       394,  25, 196, 175, 132,  36, 367, 253, 345, 240, 164, 197, 323,
       160, 333, 162,  48, 173,  10, 340, 282, 198, 410,   9, 307, 419,
        15, 255,  42,  56, 128, 329,  55,  52, 398, 206, 295, 258, 364,
       311, 309,  35, 294, 388, 112, 136, 259, 409, 189, 113,  82, 122,
       393,  51, 339, 274,  85, 407, 265,  53, 335, 185,  29, 363,   0,
         1, 414, 131,  39, 328,  46, 292,  69, 348, 105, 252, 114, 368,
        81,  92, 223, 144, 303, 151, 267, 379, 325,   4,  90, 167, 338,
        65, 377,  63, 188,  40, 287, 376, 317,  72, 395, 362, 237, 374,
       304, 344, 254, 268, 412, 382, 100, 157, 170, 177, 272, 389,   8,
       246, 273,  93, 262, 308,  62, 147, 148, 380, 269, 226, 243,  34,
       145, 109, 215, 399, 232, 392, 115, 354, 231,  70, 229, 349, 384,
       276, 260, 120,  12,  97,  22, 420,  16, 171, 381, 278, 207, 391,
       300,  27, 321,  26, 213, 415, 165, 353, 251, 141, 183,  91,   2,
       365,  89]), 'remove rows': (array([  5,  84, 153, 355, 396]),), 'variance': array([ 1.57531705,  1.58778614,  3.62435114,  0.45032652,  1.90215818,
       -0.        ,  0.51567276,  0.48728661,  2.17318607,  1.16602803,
        1.10993462,  0.91682513,  2.98379586,  0.97367659,  0.11203477,
        1.17756167,  3.05948344,  4.59956168,  0.2391804 ,  0.46785249,
        0.29366194,  0.67521147,  2.99249538,  0.55828743,  0.53344996,
        0.98898972,  3.22529222,  3.19928968,  0.23993951,  1.54589588,
        0.49987112,  0.153636  ,  4.39110003,  0.40875276,  2.47945412,
        1.27903523,  1.02232925,  0.96970623,  7.12816231,  1.60396509,
        1.9795176 ,  0.6253809 ,  1.19294542,  0.46537487,  0.38936214,
        0.43100713,  1.61519868,  0.30981248,  1.08066804,  0.73635318,
        0.3376603 ,  1.44211929,  1.22214199,  1.51983851,  0.47541829,
        1.21104331,  1.20053905,  0.09786029,  3.8793136 ,  3.97515749,
        0.78133721,  0.28560658,  2.29223866,  1.97466855,  0.84712004,
        1.94590691,  4.38969981,  0.77262739,  9.13806167,  1.69493478,
        2.7462016 , 10.07957522,  2.00517825,  0.64975648,  0.91875801,
        0.10841121,  0.36407079,  4.13258714,  0.46501219,  0.48543252,
        5.22894518,  1.79355085,  1.41035805,  0.408204  , -0.        ,
        1.46707663,  4.00903114,  0.14302179,  0.22011948,  3.64864961,
        1.90233637,  3.61687368,  1.79689147,  2.2499089 ,  0.62343439,
        8.73384469,  0.32954404,  2.99036554,  0.4869127 ,  0.29276837,
        2.09120692,  3.94972632,  7.06319568,  0.12190699,  0.85632168,
        1.70956231,  0.97039509,  0.9084931 ,  0.36426491,  2.58730355,
        0.72420854,  0.56587149,  1.31646045,  1.40484309,  1.77172162,
        2.6949939 ,  0.86537285,  0.3927117 ,  0.23670791,  0.85250459,
        2.96666685,  0.27402597,  1.41076131,  0.1215707 ,  3.84831747,
        0.37825647,  0.42472783,  0.41304079,  1.20695417,  0.42138999,
        0.37093431,  1.60166668,  1.02228577,  0.64339426,  0.24958092,
        0.91237615,  1.31734685,  0.38996483,  0.1090718 ,  5.84450895,
        0.94223222,  3.44392048,  0.59106717,  0.23826515,  1.83649891,
        2.54859312,  0.54011178,  2.29923665,  2.32983507,  0.52883503,
        0.94885014,  1.88329562,  0.14768556, -0.        ,  0.219853  ,
        0.71873127,  0.25441486,  2.09261527,  3.75981158,  0.46044366,
        1.06885076,  0.49672707,  1.07846049, 12.85205627,  1.06055449,
        3.29581193,  0.68002511,  1.91693899,  0.69854471,  0.69518092,
        2.10675387,  3.06959029,  0.10865848,  1.08239162,  0.66358797,
        0.99723131,  5.91599005,  2.12706794,  4.18163703,  0.52304996,
        5.5326955 ,  0.18036106,  0.49680552,  3.45523908,  0.09559758,
        1.54019686,  0.1371313 ,  0.61975023,  1.97470309,  1.39339661,
        0.54411959,  0.69425507,  0.63235989,  0.2343049 ,  0.82460567,
        3.74625774,  0.9921737 ,  1.06101081,  1.14391158,  0.21758436,
        0.3748959 ,  0.30973286,  0.38461495,  0.88902977,  0.24111321,
        0.25917761,  1.24658418,  3.13686051,  4.40376601,  4.10299322,
        0.39927906,  0.68709625,  4.79003999,  3.24321883,  0.48859581,
        2.6063288 ,  0.44422032,  0.34850596,  0.73326266,  0.44516796,
        0.95950949,  5.64402991,  0.32520429,  1.83265056,  0.38362768,
        0.89006847,  2.42537111,  0.64298001,  0.81271652,  2.75236076,
        0.90537447,  2.71804959,  2.62242392,  0.9147283 ,  5.72521108,
        0.29281152,  5.31765586,  2.03069571,  0.26299313,  0.56715853,
        1.04584339,  0.4424521 ,  0.24340188,  2.47036802,  0.61037038,
        0.44081486,  2.23522815,  0.89728188,  0.40058561,  3.65532352,
        4.0639018 ,  3.34646242,  1.76840279,  1.02895465,  2.06181034,
        1.18989999,  0.52330127,  0.75477217,  1.24918223,  1.31829261,
        2.90097597,  0.82436801,  2.25220184,  8.07530789,  0.22807453,
        1.49085979,  4.72894818,  1.88330984,  2.06340946,  2.36533749,
        0.70557656,  0.3998412 ,  2.14229539,  2.24496307,  1.4624201 ,
        0.50398577,  2.81494178,  0.42312535,  3.12144797,  0.23801406,
        0.23396024,  0.9086667 ,  1.11771609,  0.7225991 ,  0.6944959 ,
        0.56082305,  0.35876679,  1.98102951,  7.36335978,  0.40181816,
        0.63821541,  0.74794698,  1.62192435,  0.89047753,  1.28717724,
        1.24673367,  0.22476536,  0.60333846,  4.20886691,  0.6743778 ,
        3.16840832,  0.40057796,  0.29856444,  1.85132318,  2.04463568,
        0.18702741,  0.71217144,  1.17256886,  2.29195734,  1.26966589,
        0.28335597,  1.26066191,  0.91015997,  0.24061458,  0.86148062,
        0.04955896,  0.58641168,  1.98562483,  0.78531202,  5.51112535,
        4.32286549,  3.19986181,  0.38035176,  1.06163007,  0.4209437 ,
        1.89831944,  0.66497977,  0.79976341,  1.60569607,  1.20911015,
        0.12700778,  4.82813486,  0.74497299,  1.07579179,  0.28269042,
        1.53881387,  0.28249595,  0.63573005,  1.9317544 ,  1.44601102,
        1.11350718,  0.24857376,  0.53389862,  0.41578679,  2.05340142,
        1.02901007,  0.73135899,  7.96813994,  1.70499638,  2.76576495,
        0.63414707,  0.80438865,  0.2457526 ,  3.30290388,  2.710446  ,
       -0.        ,  0.02034195,  0.32260493,  0.51770449,  0.74733061,
        0.22860641,  0.24751825,  2.01433798,  1.56707032,  1.26031557,
        3.62826681,  0.80502016,  1.02717196,  1.77253898,  0.69041489,
        0.74895024,  0.29427686,  0.15066087,  5.18329732,  2.03988372,
        0.15337527,  1.98404128,  1.96823323,  0.51755752,  1.88997283,
        2.34403958,  3.0830338 ,  2.07459566,  0.46248766,  2.77985202,
        0.92417155,  0.34247821,  0.35076274,  1.31398341,  2.17102105,
        0.58590817,  3.16543395,  2.64076851,  1.42012528,  0.98345673,
        2.01247574, -0.        ,  0.26768582,  1.23076947,  2.61573238,
        0.74632649, 17.77282716,  0.61596746,  0.43365247,  3.66689322,
        0.34655657,  0.82492818,  1.46975526,  0.52353543,  1.36821997,
        1.1647978 ,  0.31963448,  2.07072553,  0.56557193,  1.59051264,
        3.27537754,  3.97055691,  0.87495464,  3.97628935,  1.17320905,
        3.01788903,  0.13557453])}, {'Stds': [array([ 1.25511635,  1.26007386,  1.90377287,  0.67106372,  1.37918751,
       -0.        ,  0.71810359,  0.69805917,  1.47417301,  1.07982778,
        1.05353435,  0.95750986,  1.72736674,  0.98675052,  0.33471595,
        1.08515514,  1.74913791,  2.14465887,  0.48906074,  0.68399743,
        0.54190584,  0.82171252,  1.72988306,  0.74718634,  0.73037659,
        0.99447962,  1.79590986,  1.78865583,  0.4898362 ,  1.24334061,
        0.70701564,  0.39196428,  2.09549518,  0.63933775,  1.57462825,
        1.1309444 ,  1.01110299,  0.98473663,  2.66986185,  1.26647743,
        1.4069533 ,  0.79081028,  1.09222041,  0.6821839 ,  0.62398889,
        0.65651133,  1.27090467,  0.55660802,  1.03955185,  0.85811024,
        0.58108545,  1.20088271,  1.10550531,  1.23281731,  0.68950583,
        1.10047413,  1.09569113,  0.3128263 ,  1.96959732,  1.9937797 ,
        0.88393281,  0.53442172,  1.51401409,  1.405229  ,  0.92039124,
        1.39495767,  2.09516105,  0.87899226,  3.0229227 ,  1.30189661,
        1.65716674,  3.17483468,  1.41604317,  0.80607473,  0.95851865,
        0.32925857,  0.60338279,  2.03287657,  0.68191802,  0.69672987,
        2.28668869,  1.33923517,  1.18758497,  0.63890845, -0.        ,
        1.21122939,  2.00225651,  0.37818222,  0.46916893,  1.91014387,
        1.3792521 ,  1.901808  ,  1.34048181,  1.49996963,  0.78957862,
        2.95530788,  0.57405926,  1.72926734,  0.6977913 ,  0.54108074,
        1.44610059,  1.98739184,  2.65766734,  0.34915181,  0.92537651,
        1.30750232,  0.98508634,  0.95314904,  0.60354362,  1.60850973,
        0.85100443,  0.7522443 ,  1.14737111,  1.18526077,  1.33106034,
        1.64164366,  0.93025419,  0.62666714,  0.48652637,  0.92331175,
        1.72240148,  0.5234749 ,  1.18775474,  0.3486699 ,  1.96171289,
        0.61502559,  0.65171146,  0.6426825 ,  1.09861466,  0.64914558,
        0.60904377,  1.2655697 ,  1.01108149,  0.80211861,  0.49958075,
        0.95518383,  1.14775731,  0.62447164,  0.3302602 ,  2.41754192,
        0.97068647,  1.85578029,  0.76880893,  0.48812411,  1.35517486,
        1.59643137,  0.73492298,  1.5163234 ,  1.52637973,  0.72721044,
        0.97408939,  1.37233218,  0.38429878, -0.        ,  0.46888484,
        0.8477802 ,  0.50439554,  1.44658746,  1.93902336,  0.67855999,
        1.03385239,  0.70478867,  1.03848952,  3.58497647,  1.02983226,
        1.81543712,  0.82463635,  1.38453566,  0.83578987,  0.8337751 ,
        1.45146611,  1.75202463,  0.32963386,  1.04038052,  0.81460909,
        0.99861469,  2.43228083,  1.4584471 ,  2.04490514,  0.72322193,
        2.35216825,  0.42468937,  0.70484433,  1.85882734,  0.30918859,
        1.24104668,  0.37031243,  0.78724217,  1.40524129,  1.18042222,
        0.73764462,  0.8332197 ,  0.7952106 ,  0.48405051,  0.90807801,
        1.93552518,  0.99607916,  1.03005379,  1.06953802,  0.46645939,
        0.61228743,  0.55653649,  0.62017332,  0.94288375,  0.4910328 ,
        0.5090949 ,  1.11650534,  1.77111844,  2.09851519,  2.02558466,
        0.63188532,  0.82891269,  2.188616  ,  1.8008939 ,  0.69899629,
        1.61441283,  0.66649855,  0.59034394,  0.85630758,  0.66720908,
        0.97954555,  2.37571671,  0.57026686,  1.35375425,  0.61937685,
        0.9434344 ,  1.5573603 ,  0.80186034,  0.90150791,  1.65902404,
        0.95151168,  1.64865084,  1.61938998,  0.95641429,  2.39274133,
        0.54112061,  2.30600431,  1.42502481,  0.51282855,  0.75309928,
        1.02266485,  0.66517073,  0.49335776,  1.57174044,  0.78126205,
        0.6639389 ,  1.49506794,  0.94724964,  0.63291833,  1.91189004,
        2.01591215,  1.82933387,  1.32981307,  1.01437402,  1.43590053,
        1.09082537,  0.72339565,  0.86877625,  1.11766821,  1.14816924,
        1.70322517,  0.90794714,  1.50073377,  2.84170862,  0.47757149,
        1.2210077 ,  2.17461449,  1.37233736,  1.43645726,  1.53796537,
        0.83998605,  0.63232998,  1.46365822,  1.49832008,  1.20930563,
        0.70991955,  1.67777882,  0.65048086,  1.766762  ,  0.48786684,
        0.48369437,  0.95324011,  1.05722093,  0.85005829,  0.83336421,
        0.7488812 ,  0.59897144,  1.4074905 ,  2.71355114,  0.63389128,
        0.79888385,  0.86483928,  1.27354794,  0.94365117,  1.13453834,
        1.11657229,  0.47409425,  0.77674865,  2.05155232,  0.82120509,
        1.78000234,  0.63291228,  0.5464105 ,  1.36063337,  1.42990758,
        0.43246666,  0.8439025 ,  1.08285219,  1.51392118,  1.12679452,
        0.53231191,  1.12279202,  0.95402304,  0.4905248 ,  0.9281598 ,
        0.22261841,  0.76577521,  1.40912201,  0.88617832,  2.34757861,
        2.07915018,  1.78881576,  0.61672665,  1.03035434,  0.64880174,
        1.37779514,  0.81546292,  0.89429492,  1.26716063,  1.09959545,
        0.35638151,  2.19730172,  0.86311818,  1.03720383,  0.5316864 ,
        1.24048937,  0.53150348,  0.79732681,  1.38987568,  1.20250198,
        1.0552285 ,  0.49857172,  0.73068367,  0.64481532,  1.43296944,
        1.01440134,  0.85519529,  2.82278939,  1.3057551 ,  1.66305891,
        0.79633352,  0.89687716,  0.49573441,  1.8173893 ,  1.64634322,
       -0.        ,  0.14262522,  0.56798321,  0.71951684,  0.86448286,
        0.47812803,  0.49751206,  1.41927375,  1.25182679,  1.12263777,
        1.90480099,  0.89722916,  1.01349492,  1.33136734,  0.83091209,
        0.86541911,  0.54247291,  0.38815058,  2.2766856 ,  1.42824498,
        0.39163155,  1.40856   ,  1.40293736,  0.71941471,  1.37476283,
        1.53102566,  1.755857  ,  1.44034567,  0.68006445,  1.66728882,
        0.96133841,  0.58521638,  0.59225226,  1.14629116,  1.47343851,
        0.76544639,  1.77916664,  1.62504416,  1.1916901 ,  0.99169387,
        1.41861755, -0.        ,  0.51738363,  1.1094005 ,  1.6173226 ,
        0.8639019 ,  4.2157831 ,  0.78483595,  0.65852295,  1.91491337,
        0.58869056,  0.90825557,  1.21233463,  0.72355748,  1.16970935,
        1.07925799,  0.56536226,  1.43900157,  0.75204516,  1.26115528,
        1.80980042,  1.99262563,  0.9353901 ,  1.99406353,  1.08314775,
        1.73720725,  0.36820447]), array([ 1.59604558,  2.11458276,  1.07350139,  0.91929175,  1.84169208,
       -0.        ,  0.51402914,  0.45769819,  1.33176934,  1.3827905 ,
        0.90937103,  0.64809823,  1.42379508,  2.11530525,  0.33261135,
        1.1983274 ,  1.42579397,  1.37179193,  0.61077764,  0.90309205,
        0.60508005,  1.23438094,  1.57352094,  0.9631659 ,  0.94561244,
        1.28655742,  1.41972054,  1.80361996,  0.60061756,  1.50231733,
        1.18590235,  0.30335839,  1.96335169,  0.52657646,  0.95966321,
        0.89063344,  0.81951748,  0.96492787,  1.63448432,  1.53558738,
        1.61974637,  1.39680313,  1.80269166,  0.58106264,  0.41552396,
        0.67635032,  1.01410657,  0.93348498,  1.36655864,  0.63122748,
        0.43299831,  1.23037776,  0.86059732,  1.01487773,  1.12969079,
        0.58574629,  2.75335397,  0.26792936,  2.147183  ,  2.01877185,
        1.09362032,  0.36701338,  2.26407382,  1.205505  ,  0.7243486 ,
        1.01103524,  0.91685182,  0.54147921,  1.69701726,  1.34083283,
        1.51172113,  3.29168599,  1.07339906,  0.86612677,  0.71959545,
        0.8527581 ,  0.65004849,  1.68673409,  1.4169052 ,  0.5305771 ,
        1.34334105,  1.04099834,  1.28845038,  1.21453984,  0.        ,
        0.95884138,  1.45315684,  0.60664225,  0.40711969,  2.19888866,
        1.56924339,  1.40014263,  1.46574855,  0.49734689,  1.17858875,
        1.22555225,  0.59909759,  1.21883909,  0.68210089,  0.42858978,
        2.16401348,  0.75137175,  3.10804722,  0.37227292,  0.89261279,
        1.609021  ,  1.58235568,  0.50763047,  0.67370754,  0.68440322,
        1.13318083,  0.44398658,  0.64703885,  0.90257268,  1.95406636,
        1.33049957,  0.71805684,  1.12134563,  0.48041672,  0.73827567,
        1.66128871,  0.67802929,  1.2690939 ,  0.32146618,  1.11804816,
        0.67211496,  1.02177844,  0.54245135,  1.30655191,  0.49317925,
        0.85197025,  2.12419839,  1.88737579,  0.71590934,  0.46591193,
        0.98636853,  0.61248466,  1.08347248,  0.4118547 ,  2.15005275,
        1.10383334,  2.47545681,  1.27743931,  0.93106173,  1.09062759,
        1.0976002 ,  0.78335852,  1.55890228,  1.58572318,  0.76443681,
        1.67300422,  0.37329816,  0.76855586,  0.71818373,  0.3718687 ,
        0.54155054,  0.34867013,  1.12316815,  1.29765297,  1.2713166 ,
        0.84943982,  0.4292497 ,  1.18210051,  3.0415563 ,  0.92338927,
        1.1117816 ,  1.02048033,  0.83548085,  0.79997259,  0.8337751 ,
        1.46008482,  2.11900012,  0.42537677,  2.37093719,  1.7285051 ,
        1.37633723,  1.24502926,  2.23726564,  1.59259909,  0.63754963,
        2.03153271,  0.47508553,  1.23321496,  2.02146066,  0.43129917,
        1.6464461 ,  1.49459682,  0.97414009,  1.54376624,  0.85684626,
        1.19126028,  0.77261552,  2.06548051,  0.4377833 ,  1.22493412,
        1.43444346,  0.82608573,  1.05732097,  1.70678378,  0.46395695,
        0.58290035,  0.50742474,  0.93028459,  2.01765121,  0.43027882,
        0.47923245,  1.23111207,  1.64730628,  1.26449205,  1.55763916,
        0.44059862,  0.82371612,  1.88003776,  2.06581058,  0.56263256,
        1.242529  ,  0.82535151,  0.97562697,  1.11280556,  0.6225587 ,
        1.41054646,  1.4590347 ,  0.65681771,  0.95575368,  0.77414577,
        0.46748711,  2.59366613,  1.35467402,  0.69215226,  0.71239956,
        0.89412835,  1.31732093,  0.93995809,  1.06798589,  1.56174737,
        0.4177726 ,  1.72782872,  1.18469089,  0.49755771,  0.84459552,
        1.66206751,  0.57454007,  0.54950686,  1.3714047 ,  0.72385284,
        0.78795313,  2.96109874,  0.64594024,  0.50215735,  2.08541166,
        1.97818679,  0.71778117,  1.25560031,  1.93878815,  0.99956851,
        1.07524131,  0.78805421,  0.71154926,  1.90172686,  0.86790381,
        1.10863312,  0.5413776 ,  0.93287181,  1.22332243,  0.70391461,
        1.43164813,  1.41730847,  2.90103744,  1.25285413,  1.87978818,
        0.48433176,  1.03360965,  1.3159597 ,  0.95824905,  2.80945868,
        0.81770811,  1.17785275,  1.08791496,  0.93036104,  0.42659544,
        0.5955744 ,  0.83207822,  1.86971571,  1.03249272,  0.60482144,
        0.71569179,  1.06002231,  2.02563988,  1.13373144,  0.62962855,
        1.64599307,  1.3853736 ,  1.85823924,  1.00948283,  1.1348957 ,
        1.01099811,  0.46857594,  1.14840243,  1.32680807,  0.95000684,
        1.43343253,  1.0358396 ,  0.47390061,  1.5951578 ,  2.07524133,
        0.65264323,  1.19314801,  1.43680434,  1.17838093,  2.30347524,
        0.96921386,  1.91568394,  1.07106012,  1.71351156,  0.78389588,
        0.26227203,  0.80025034,  2.27233879,  0.95018799,  1.25477182,
        1.38488347,  2.01325081,  1.11877863,  0.87036185,  0.65768047,
        1.18136889,  0.44575056,  1.36165149,  1.63850545,  1.03960219,
        0.75508394,  1.34904011,  1.12994445,  0.97485441,  0.43532357,
        0.88358645,  0.48260737,  1.4653925 ,  1.17203207,  2.63528189,
        0.88148469,  0.52823839,  0.68511405,  0.53965829,  1.58592264,
        1.38995765,  1.13886466,  1.96570969,  0.67130488,  1.46960361,
        0.99784585,  1.70189017,  0.64282783,  1.35730515,  1.59660506,
        0.        ,  0.14262522,  0.65702946,  1.4260718 ,  1.10434458,
        0.96504168,  0.73498153,  1.81055678,  1.67419041,  0.92361018,
        1.81579308,  0.73050594,  1.51751239,  1.06399495,  1.13404717,
        0.47132846,  0.55988401,  0.30968482,  0.87433201,  0.85272324,
        0.37738821,  1.24948075,  1.68776998,  0.51498448,  1.48376165,
        0.74557984,  1.08471466,  2.24312446,  0.90625691,  1.58771349,
        1.08547369,  0.4605101 ,  0.70971635,  1.22307338,  1.19866464,
        0.78636789,  2.15133948,  1.23613445,  1.33367707,  1.99697324,
        0.98450182, -0.        ,  0.50202955,  0.8001255 ,  0.98375175,
        0.92942422,  1.95880365,  0.66248804,  0.39598137,  0.94243149,
        0.54616413,  1.02676189,  0.81677011,  0.87296996,  1.69478892,
        1.00874117,  0.41018206,  0.66811218,  0.89420019,  0.8896891 ,
        1.46920822,  1.23851264,  1.05691824,  1.25645826,  1.46266014,
        3.25664973,  0.34405401])], 'select rows': array([396,   5, 355,  84, 356, 315,  57,  31, 372, 123,  14, 421, 156,
        61, 154, 103, 151, 375, 403,  88, 411, 138,  44, 235, 172, 279,
        99, 161, 204, 184,  50, 334, 193, 210, 111, 326,   7, 386, 199,
       134, 225, 296, 370, 302, 181, 205, 118, 336, 270, 129,  93, 238,
       397, 248, 201, 107,   6, 378,  33, 341,  79, 343, 261,  67, 155,
       127, 405, 242, 371, 214, 241,  43, 200,  55, 280,  96,  28, 284,
        20,  87,  18, 136, 219, 289,  49, 179, 352, 247, 112,  11,  76,
       305, 222, 357, 324, 402, 412, 348, 125, 108,  45, 121,  98, 109,
       342, 228, 264, 387, 257, 229, 285, 133, 251, 116, 153,  74, 244,
        64, 366, 361, 119, 380, 101, 330, 149, 152, 191, 224, 146, 314,
       390, 245, 256, 168, 398, 316, 407, 275,  36, 211, 216, 196, 281,
       169, 167, 239, 160, 130, 374,  75, 189,  52,  73, 259, 323, 408,
       373, 340, 335, 414,  35, 104, 230, 413, 113,  19, 383,  10,  66,
         3, 164, 364, 400, 202, 278, 143, 262,  47, 232, 404,  24, 299,
       318, 223, 273,  85,  34,  23,  37, 360, 310, 187, 333, 217, 399,
       395, 135, 350, 254, 410, 293, 295,  65,  46,  53, 166, 126, 406,
       283, 271, 301, 329,  81, 417, 197, 286, 368, 233, 312,  72,   2,
       255, 137, 381, 385, 277, 144,  60, 145, 140, 359, 260, 165, 218,
       124, 322, 117, 157,  54, 332, 110, 288, 369, 294, 346, 297, 338,
       276, 308,  94, 325, 162, 237,  30, 190, 306,  15, 389,  63,  83,
        97, 388, 263, 194,  95,  51, 206, 182,  21, 392, 416, 215, 176,
       376, 268, 319, 252, 418, 208, 122, 159, 142,  25,  82, 158, 128,
       272, 231, 298, 115,   8, 393,  69,  80, 331, 227, 353, 327,  48,
       243,  17, 175,   9, 320, 291, 345,  41,  91, 220,  78, 266,  26,
        12,  16, 358, 265, 300, 195, 307,  86, 221, 170, 419, 337,  92,
       415, 349, 379, 186,  29,  70, 367,  39, 188, 209, 147, 234,  90,
        22, 106, 148, 344, 384, 178, 303,   0, 354, 105,  40,  38, 328,
       290, 185, 207, 120, 240, 150, 363,  77, 377, 409,  68, 351, 198,
       313, 236, 174,  42,  27, 362, 365,   4, 292, 282, 269, 212, 132,
       258, 311]), 'remove rows': (array([  5,  84, 355, 396]),), 'variance': array([ 2.54736148,  4.47146027,  1.15240523,  0.84509733,  3.39182973,
       -0.        ,  0.26422596,  0.20948763,  1.77360957,  1.91210957,
        0.82695567,  0.42003132,  2.02719244,  4.47451631,  0.11063031,
        1.43598855,  2.03288843,  1.88181311,  0.37304933,  0.81557525,
        0.36612187,  1.52369631,  2.47596816,  0.92768855,  0.8941829 ,
        1.65523001,  2.01560642,  3.25304495,  0.36074145,  2.25695735,
        1.40636438,  0.09202632,  3.85474987,  0.27728277,  0.92095348,
        0.79322792,  0.6716089 ,  0.9310858 ,  2.671539  ,  2.3580286 ,
        2.6235783 ,  1.95105897,  3.24969723,  0.33763379,  0.17266016,
        0.45744975,  1.02841214,  0.87139421,  1.86748251,  0.39844813,
        0.18748754,  1.51382943,  0.74062775,  1.0299768 ,  1.27620128,
        0.34309871,  7.58095807,  0.07178614,  4.61039486,  4.07543977,
        1.1960054 ,  0.13469882,  5.12603026,  1.45324232,  0.52468089,
        1.02219226,  0.84061726,  0.29319973,  2.87986758,  1.79783267,
        2.28530077, 10.83519664,  1.15218555,  0.75017558,  0.51781762,
        0.72719637,  0.42256304,  2.84507188,  2.00762034,  0.28151206,
        1.80456519,  1.08367754,  1.66010437,  1.47510702,  0.        ,
        0.91937679,  2.11166481,  0.36801481,  0.16574644,  4.83511133,
        2.46252481,  1.96039938,  2.14841882,  0.24735393,  1.38907143,
        1.50197832,  0.35891792,  1.48556873,  0.46526163,  0.1836892 ,
        4.68295436,  0.56455951,  9.65995752,  0.13858713,  0.79675759,
        2.58894858,  2.50384951,  0.2576887 ,  0.45388184,  0.46840777,
        1.28409879,  0.19712409,  0.41865928,  0.81463745,  3.81837534,
        1.77022912,  0.51560562,  1.25741602,  0.23080022,  0.54505097,
        2.75988018,  0.45972372,  1.61059932,  0.10334051,  1.25003169,
        0.45173852,  1.04403118,  0.29425347,  1.70707789,  0.24322577,
        0.72585331,  4.5122188 ,  3.56218738,  0.51252619,  0.21707393,
        0.97292288,  0.37513746,  1.17391261,  0.1696243 ,  4.62272683,
        1.21844805,  6.1278864 ,  1.63185119,  0.86687594,  1.18946854,
        1.2047262 ,  0.61365057,  2.43017633,  2.514518  ,  0.58436363,
        2.79894312,  0.13935151,  0.59067811,  0.51578787,  0.13828633,
        0.29327698,  0.12157086,  1.26150668,  1.68390324,  1.6162459 ,
        0.721548  ,  0.1842553 ,  1.39736161,  9.25106476,  0.85264774,
        1.23605833,  1.04138009,  0.69802825,  0.63995615,  0.69518092,
        2.13184767,  4.49016152,  0.1809454 ,  5.62134314,  2.98772987,
        1.89430417,  1.55009786,  5.00535756,  2.53637185,  0.40646953,
        4.12712513,  0.22570626,  1.52081913,  4.08630319,  0.18601898,
        2.71078477,  2.23381967,  0.94894891,  2.38321419,  0.73418551,
        1.41910104,  0.59693474,  4.26620972,  0.19165422,  1.5004636 ,
        2.05762804,  0.68241763,  1.11792763,  2.91311087,  0.21525605,
        0.33977281,  0.25747986,  0.86542942,  4.07091639,  0.18513986,
        0.22966375,  1.51563693,  2.71361799,  1.59894014,  2.42623976,
        0.19412714,  0.67850825,  3.534542  ,  4.26757335,  0.3165554 ,
        1.54387832,  0.68120511,  0.95184798,  1.23833621,  0.38757934,
        1.98964132,  2.12878224,  0.4314095 ,  0.9134651 ,  0.59930168,
        0.21854419,  6.72710397,  1.8351417 ,  0.47907475,  0.50751313,
        0.7994655 ,  1.73533443,  0.88352122,  1.14059387,  2.43905485,
        0.17453395,  2.9853921 ,  1.40349251,  0.24756368,  0.71334159,
        2.76246841,  0.33009629,  0.30195779,  1.88075086,  0.52396294,
        0.62087013,  8.76810572,  0.41723879,  0.25216201,  4.3489418 ,
        3.91322296,  0.51520981,  1.57653214,  3.75889948,  0.99913721,
        1.15614388,  0.62102944,  0.50630235,  3.61656506,  0.75325703,
        1.2290674 ,  0.29308971,  0.87024982,  1.49651776,  0.49549577,
        2.04961636,  2.00876329,  8.41601826,  1.56964347,  3.53360361,
        0.23457725,  1.06834891,  1.73174993,  0.91824123,  7.89305808,
        0.66864655,  1.3873371 ,  1.18355895,  0.86557166,  0.18198367,
        0.35470887,  0.69235417,  3.49583684,  1.06604123,  0.36580897,
        0.51221473,  1.12364729,  4.10321693,  1.28534698,  0.39643211,
        2.7092932 ,  1.91926002,  3.45305309,  1.01905559,  1.28798825,
        1.02211717,  0.21956341,  1.31882814,  1.76041964,  0.90251299,
        2.0547288 ,  1.07296367,  0.22458179,  2.54452842,  4.30662659,
        0.42594319,  1.42360217,  2.06440671,  1.38858162,  5.30599819,
        0.93937551,  3.66984497,  1.14716979,  2.93612187,  0.61449275,
        0.06878662,  0.64040061,  5.16352359,  0.90285721,  1.57445232,
        1.91790223,  4.05317883,  1.25166562,  0.75752975,  0.4325436 ,
        1.39563245,  0.19869356,  1.85409477,  2.6847001 ,  1.0807727 ,
        0.57015176,  1.81990921,  1.27677445,  0.95034111,  0.18950661,
        0.78072501,  0.23290988,  2.14737518,  1.37365918,  6.94471063,
        0.77701526,  0.2790358 ,  0.46938126,  0.29123107,  2.51515062,
        1.93198227,  1.2970127 ,  3.86401458,  0.45065024,  2.15973478,
        0.99569634,  2.89643016,  0.41322762,  1.84227726,  2.54914773,
        0.        ,  0.02034195,  0.43168771,  2.03368078,  1.21957695,
        0.93130545,  0.54019785,  3.27811584,  2.80291354,  0.85305577,
        3.29710452,  0.53363893,  2.30284385,  1.13208526,  1.28606298,
        0.22215052,  0.3134701 ,  0.09590469,  0.76445646,  0.72713692,
        0.14242186,  1.56120216,  2.84856751,  0.26520901,  2.20154864,
        0.55588929,  1.1766059 ,  5.03160732,  0.82130159,  2.52083411,
        1.17825312,  0.21206955,  0.50369729,  1.49590849,  1.43679691,
        0.61837445,  4.62826155,  1.52802839,  1.77869454,  3.98790212,
        0.96924383, -0.        ,  0.25203367,  0.64020081,  0.96776751,
        0.86382938,  3.83691173,  0.43889041,  0.15680125,  0.88817712,
        0.29829525,  1.05423998,  0.66711341,  0.76207656,  2.87230948,
        1.01755874,  0.16824932,  0.44637388,  0.79959398,  0.7915467 ,
        2.1585728 ,  1.53391357,  1.11707618,  1.57868737,  2.13937468,
       10.60576748,  0.11837316])}]
COParams.STDS.n[idx]
S
COParams.STDS.n
Stds
INCOMING
{'Stds': [array([ 1.25511635,  1.26007386,  1.90377287,  0.67106372,  1.37918751,
       -0.        ,  0.71810359,  0.69805917,  1.47417301,  1.07982778,
        1.05353435,  0.95750986,  1.72736674,  0.98675052,  0.33471595,
        1.08515514,  1.74913791,  2.14465887,  0.48906074,  0.68399743,
        0.54190584,  0.82171252,  1.72988306,  0.74718634,  0.73037659,
        0.99447962,  1.79590986,  1.78865583,  0.4898362 ,  1.24334061,
        0.70701564,  0.39196428,  2.09549518,  0.63933775,  1.57462825,
        1.1309444 ,  1.01110299,  0.98473663,  2.66986185,  1.26647743,
        1.4069533 ,  0.79081028,  1.09222041,  0.6821839 ,  0.62398889,
        0.65651133,  1.27090467,  0.55660802,  1.03955185,  0.85811024,
        0.58108545,  1.20088271,  1.10550531,  1.23281731,  0.68950583,
        1.10047413,  1.09569113,  0.3128263 ,  1.96959732,  1.9937797 ,
        0.88393281,  0.53442172,  1.51401409,  1.405229  ,  0.92039124,
        1.39495767,  2.09516105,  0.87899226,  3.0229227 ,  1.30189661,
        1.65716674,  3.17483468,  1.41604317,  0.80607473,  0.95851865,
        0.32925857,  0.60338279,  2.03287657,  0.68191802,  0.69672987,
        2.28668869,  1.33923517,  1.18758497,  0.63890845, -0.        ,
        1.21122939,  2.00225651,  0.37818222,  0.46916893,  1.91014387,
        1.3792521 ,  1.901808  ,  1.34048181,  1.49996963,  0.78957862,
        2.95530788,  0.57405926,  1.72926734,  0.6977913 ,  0.54108074,
        1.44610059,  1.98739184,  2.65766734,  0.34915181,  0.92537651,
        1.30750232,  0.98508634,  0.95314904,  0.60354362,  1.60850973,
        0.85100443,  0.7522443 ,  1.14737111,  1.18526077,  1.33106034,
        1.64164366,  0.93025419,  0.62666714,  0.48652637,  0.92331175,
        1.72240148,  0.5234749 ,  1.18775474,  0.3486699 ,  1.96171289,
        0.61502559,  0.65171146,  0.6426825 ,  1.09861466,  0.64914558,
        0.60904377,  1.2655697 ,  1.01108149,  0.80211861,  0.49958075,
        0.95518383,  1.14775731,  0.62447164,  0.3302602 ,  2.41754192,
        0.97068647,  1.85578029,  0.76880893,  0.48812411,  1.35517486,
        1.59643137,  0.73492298,  1.5163234 ,  1.52637973,  0.72721044,
        0.97408939,  1.37233218,  0.38429878, -0.        ,  0.46888484,
        0.8477802 ,  0.50439554,  1.44658746,  1.93902336,  0.67855999,
        1.03385239,  0.70478867,  1.03848952,  3.58497647,  1.02983226,
        1.81543712,  0.82463635,  1.38453566,  0.83578987,  0.8337751 ,
        1.45146611,  1.75202463,  0.32963386,  1.04038052,  0.81460909,
        0.99861469,  2.43228083,  1.4584471 ,  2.04490514,  0.72322193,
        2.35216825,  0.42468937,  0.70484433,  1.85882734,  0.30918859,
        1.24104668,  0.37031243,  0.78724217,  1.40524129,  1.18042222,
        0.73764462,  0.8332197 ,  0.7952106 ,  0.48405051,  0.90807801,
        1.93552518,  0.99607916,  1.03005379,  1.06953802,  0.46645939,
        0.61228743,  0.55653649,  0.62017332,  0.94288375,  0.4910328 ,
        0.5090949 ,  1.11650534,  1.77111844,  2.09851519,  2.02558466,
        0.63188532,  0.82891269,  2.188616  ,  1.8008939 ,  0.69899629,
        1.61441283,  0.66649855,  0.59034394,  0.85630758,  0.66720908,
        0.97954555,  2.37571671,  0.57026686,  1.35375425,  0.61937685,
        0.9434344 ,  1.5573603 ,  0.80186034,  0.90150791,  1.65902404,
        0.95151168,  1.64865084,  1.61938998,  0.95641429,  2.39274133,
        0.54112061,  2.30600431,  1.42502481,  0.51282855,  0.75309928,
        1.02266485,  0.66517073,  0.49335776,  1.57174044,  0.78126205,
        0.6639389 ,  1.49506794,  0.94724964,  0.63291833,  1.91189004,
        2.01591215,  1.82933387,  1.32981307,  1.01437402,  1.43590053,
        1.09082537,  0.72339565,  0.86877625,  1.11766821,  1.14816924,
        1.70322517,  0.90794714,  1.50073377,  2.84170862,  0.47757149,
        1.2210077 ,  2.17461449,  1.37233736,  1.43645726,  1.53796537,
        0.83998605,  0.63232998,  1.46365822,  1.49832008,  1.20930563,
        0.70991955,  1.67777882,  0.65048086,  1.766762  ,  0.48786684,
        0.48369437,  0.95324011,  1.05722093,  0.85005829,  0.83336421,
        0.7488812 ,  0.59897144,  1.4074905 ,  2.71355114,  0.63389128,
        0.79888385,  0.86483928,  1.27354794,  0.94365117,  1.13453834,
        1.11657229,  0.47409425,  0.77674865,  2.05155232,  0.82120509,
        1.78000234,  0.63291228,  0.5464105 ,  1.36063337,  1.42990758,
        0.43246666,  0.8439025 ,  1.08285219,  1.51392118,  1.12679452,
        0.53231191,  1.12279202,  0.95402304,  0.4905248 ,  0.9281598 ,
        0.22261841,  0.76577521,  1.40912201,  0.88617832,  2.34757861,
        2.07915018,  1.78881576,  0.61672665,  1.03035434,  0.64880174,
        1.37779514,  0.81546292,  0.89429492,  1.26716063,  1.09959545,
        0.35638151,  2.19730172,  0.86311818,  1.03720383,  0.5316864 ,
        1.24048937,  0.53150348,  0.79732681,  1.38987568,  1.20250198,
        1.0552285 ,  0.49857172,  0.73068367,  0.64481532,  1.43296944,
        1.01440134,  0.85519529,  2.82278939,  1.3057551 ,  1.66305891,
        0.79633352,  0.89687716,  0.49573441,  1.8173893 ,  1.64634322,
       -0.        ,  0.14262522,  0.56798321,  0.71951684,  0.86448286,
        0.47812803,  0.49751206,  1.41927375,  1.25182679,  1.12263777,
        1.90480099,  0.89722916,  1.01349492,  1.33136734,  0.83091209,
        0.86541911,  0.54247291,  0.38815058,  2.2766856 ,  1.42824498,
        0.39163155,  1.40856   ,  1.40293736,  0.71941471,  1.37476283,
        1.53102566,  1.755857  ,  1.44034567,  0.68006445,  1.66728882,
        0.96133841,  0.58521638,  0.59225226,  1.14629116,  1.47343851,
        0.76544639,  1.77916664,  1.62504416,  1.1916901 ,  0.99169387,
        1.41861755, -0.        ,  0.51738363,  1.1094005 ,  1.6173226 ,
        0.8639019 ,  4.2157831 ,  0.78483595,  0.65852295,  1.91491337,
        0.58869056,  0.90825557,  1.21233463,  0.72355748,  1.16970935,
        1.07925799,  0.56536226,  1.43900157,  0.75204516,  1.26115528,
        1.80980042,  1.99262563,  0.9353901 ,  1.99406353,  1.08314775,
        1.73720725,  0.36820447]), array([ 1.59604558,  2.11458276,  1.07350139,  0.91929175,  1.84169208,
       -0.        ,  0.51402914,  0.45769819,  1.33176934,  1.3827905 ,
        0.90937103,  0.64809823,  1.42379508,  2.11530525,  0.33261135,
        1.1983274 ,  1.42579397,  1.37179193,  0.61077764,  0.90309205,
        0.60508005,  1.23438094,  1.57352094,  0.9631659 ,  0.94561244,
        1.28655742,  1.41972054,  1.80361996,  0.60061756,  1.50231733,
        1.18590235,  0.30335839,  1.96335169,  0.52657646,  0.95966321,
        0.89063344,  0.81951748,  0.96492787,  1.63448432,  1.53558738,
        1.61974637,  1.39680313,  1.80269166,  0.58106264,  0.41552396,
        0.67635032,  1.01410657,  0.93348498,  1.36655864,  0.63122748,
        0.43299831,  1.23037776,  0.86059732,  1.01487773,  1.12969079,
        0.58574629,  2.75335397,  0.26792936,  2.147183  ,  2.01877185,
        1.09362032,  0.36701338,  2.26407382,  1.205505  ,  0.7243486 ,
        1.01103524,  0.91685182,  0.54147921,  1.69701726,  1.34083283,
        1.51172113,  3.29168599,  1.07339906,  0.86612677,  0.71959545,
        0.8527581 ,  0.65004849,  1.68673409,  1.4169052 ,  0.5305771 ,
        1.34334105,  1.04099834,  1.28845038,  1.21453984,  0.        ,
        0.95884138,  1.45315684,  0.60664225,  0.40711969,  2.19888866,
        1.56924339,  1.40014263,  1.46574855,  0.49734689,  1.17858875,
        1.22555225,  0.59909759,  1.21883909,  0.68210089,  0.42858978,
        2.16401348,  0.75137175,  3.10804722,  0.37227292,  0.89261279,
        1.609021  ,  1.58235568,  0.50763047,  0.67370754,  0.68440322,
        1.13318083,  0.44398658,  0.64703885,  0.90257268,  1.95406636,
        1.33049957,  0.71805684,  1.12134563,  0.48041672,  0.73827567,
        1.66128871,  0.67802929,  1.2690939 ,  0.32146618,  1.11804816,
        0.67211496,  1.02177844,  0.54245135,  1.30655191,  0.49317925,
        0.85197025,  2.12419839,  1.88737579,  0.71590934,  0.46591193,
        0.98636853,  0.61248466,  1.08347248,  0.4118547 ,  2.15005275,
        1.10383334,  2.47545681,  1.27743931,  0.93106173,  1.09062759,
        1.0976002 ,  0.78335852,  1.55890228,  1.58572318,  0.76443681,
        1.67300422,  0.37329816,  0.76855586,  0.71818373,  0.3718687 ,
        0.54155054,  0.34867013,  1.12316815,  1.29765297,  1.2713166 ,
        0.84943982,  0.4292497 ,  1.18210051,  3.0415563 ,  0.92338927,
        1.1117816 ,  1.02048033,  0.83548085,  0.79997259,  0.8337751 ,
        1.46008482,  2.11900012,  0.42537677,  2.37093719,  1.7285051 ,
        1.37633723,  1.24502926,  2.23726564,  1.59259909,  0.63754963,
        2.03153271,  0.47508553,  1.23321496,  2.02146066,  0.43129917,
        1.6464461 ,  1.49459682,  0.97414009,  1.54376624,  0.85684626,
        1.19126028,  0.77261552,  2.06548051,  0.4377833 ,  1.22493412,
        1.43444346,  0.82608573,  1.05732097,  1.70678378,  0.46395695,
        0.58290035,  0.50742474,  0.93028459,  2.01765121,  0.43027882,
        0.47923245,  1.23111207,  1.64730628,  1.26449205,  1.55763916,
        0.44059862,  0.82371612,  1.88003776,  2.06581058,  0.56263256,
        1.242529  ,  0.82535151,  0.97562697,  1.11280556,  0.6225587 ,
        1.41054646,  1.4590347 ,  0.65681771,  0.95575368,  0.77414577,
        0.46748711,  2.59366613,  1.35467402,  0.69215226,  0.71239956,
        0.89412835,  1.31732093,  0.93995809,  1.06798589,  1.56174737,
        0.4177726 ,  1.72782872,  1.18469089,  0.49755771,  0.84459552,
        1.66206751,  0.57454007,  0.54950686,  1.3714047 ,  0.72385284,
        0.78795313,  2.96109874,  0.64594024,  0.50215735,  2.08541166,
        1.97818679,  0.71778117,  1.25560031,  1.93878815,  0.99956851,
        1.07524131,  0.78805421,  0.71154926,  1.90172686,  0.86790381,
        1.10863312,  0.5413776 ,  0.93287181,  1.22332243,  0.70391461,
        1.43164813,  1.41730847,  2.90103744,  1.25285413,  1.87978818,
        0.48433176,  1.03360965,  1.3159597 ,  0.95824905,  2.80945868,
        0.81770811,  1.17785275,  1.08791496,  0.93036104,  0.42659544,
        0.5955744 ,  0.83207822,  1.86971571,  1.03249272,  0.60482144,
        0.71569179,  1.06002231,  2.02563988,  1.13373144,  0.62962855,
        1.64599307,  1.3853736 ,  1.85823924,  1.00948283,  1.1348957 ,
        1.01099811,  0.46857594,  1.14840243,  1.32680807,  0.95000684,
        1.43343253,  1.0358396 ,  0.47390061,  1.5951578 ,  2.07524133,
        0.65264323,  1.19314801,  1.43680434,  1.17838093,  2.30347524,
        0.96921386,  1.91568394,  1.07106012,  1.71351156,  0.78389588,
        0.26227203,  0.80025034,  2.27233879,  0.95018799,  1.25477182,
        1.38488347,  2.01325081,  1.11877863,  0.87036185,  0.65768047,
        1.18136889,  0.44575056,  1.36165149,  1.63850545,  1.03960219,
        0.75508394,  1.34904011,  1.12994445,  0.97485441,  0.43532357,
        0.88358645,  0.48260737,  1.4653925 ,  1.17203207,  2.63528189,
        0.88148469,  0.52823839,  0.68511405,  0.53965829,  1.58592264,
        1.38995765,  1.13886466,  1.96570969,  0.67130488,  1.46960361,
        0.99784585,  1.70189017,  0.64282783,  1.35730515,  1.59660506,
        0.        ,  0.14262522,  0.65702946,  1.4260718 ,  1.10434458,
        0.96504168,  0.73498153,  1.81055678,  1.67419041,  0.92361018,
        1.81579308,  0.73050594,  1.51751239,  1.06399495,  1.13404717,
        0.47132846,  0.55988401,  0.30968482,  0.87433201,  0.85272324,
        0.37738821,  1.24948075,  1.68776998,  0.51498448,  1.48376165,
        0.74557984,  1.08471466,  2.24312446,  0.90625691,  1.58771349,
        1.08547369,  0.4605101 ,  0.70971635,  1.22307338,  1.19866464,
        0.78636789,  2.15133948,  1.23613445,  1.33367707,  1.99697324,
        0.98450182, -0.        ,  0.50202955,  0.8001255 ,  0.98375175,
        0.92942422,  1.95880365,  0.66248804,  0.39598137,  0.94243149,
        0.54616413,  1.02676189,  0.81677011,  0.87296996,  1.69478892,
        1.00874117,  0.41018206,  0.66811218,  0.89420019,  0.8896891 ,
        1.46920822,  1.23851264,  1.05691824,  1.25645826,  1.46266014,
        3.25664973,  0.34405401])], 'select rows': array([ 84, 396,   5, 153, 355, 356, 315, 184,  57,  75, 172, 138,  14,
       123, 103, 330, 421, 186,  87, 152, 372, 375,  31, 181, 305, 199,
       154,  88, 296, 264, 360, 280, 193, 118, 279, 143,  18,  28, 313,
       204, 242, 352, 361, 341, 134, 156, 205, 238, 397, 121, 336, 334,
       310,  61,  99, 235,  20, 371, 302, 201,  47, 411, 357, 222,  96,
        50, 386, 405, 217, 387, 286,  76, 108, 130, 200, 125, 322, 224,
       202,  44, 137, 117, 210, 271, 301, 248, 289,  83,  33, 127, 343,
       324, 129, 277, 126,  45, 403, 245, 241, 216, 219,   3, 159, 383,
        78,  43,  19,  54,  79,  98,   7, 214, 161, 182,  30, 275,   6,
       378, 358, 179, 256, 408, 149,  24, 342, 146, 190,  23, 285, 413,
       111, 239, 390, 316, 142, 297, 244, 402, 187,  94,  41, 192, 350,
       337, 290, 227, 133,  73, 174, 326, 299,  21, 166, 211, 369, 191,
       284, 169, 168, 270, 306, 155, 283, 110, 346, 218,  49, 332, 400,
       359, 291, 370, 257,  67,  60, 318, 327, 351, 366, 228, 261, 194,
       406,  64, 119, 104, 314, 116, 417, 203, 225, 293, 247, 230, 107,
       281, 312, 135, 233,  11,  74, 385, 140, 150, 220,  37, 106,  13,
       394,  25, 196, 175, 132,  36, 367, 253, 345, 240, 164, 197, 323,
       160, 333, 162,  48, 173,  10, 340, 282, 198, 410,   9, 307, 419,
        15, 255,  42,  56, 128, 329,  55,  52, 398, 206, 295, 258, 364,
       311, 309,  35, 294, 388, 112, 136, 259, 409, 189, 113,  82, 122,
       393,  51, 339, 274,  85, 407, 265,  53, 335, 185,  29, 363,   0,
         1, 414, 131,  39, 328,  46, 292,  69, 348, 105, 252, 114, 368,
        81,  92, 223, 144, 303, 151, 267, 379, 325,   4,  90, 167, 338,
        65, 377,  63, 188,  40, 287, 376, 317,  72, 395, 362, 237, 374,
       304, 344, 254, 268, 412, 382, 100, 157, 170, 177, 272, 389,   8,
       246, 273,  93, 262, 308,  62, 147, 148, 380, 269, 226, 243,  34,
       145, 109, 215, 399, 232, 392, 115, 354, 231,  70, 229, 349, 384,
       276, 260, 120,  12,  97,  22, 420,  16, 171, 381, 278, 207, 391,
       300,  27, 321,  26, 213, 415, 165, 353, 251, 141, 183,  91,   2,
       365,  89]), 'remove rows': (array([  5,  84, 153, 355, 396]),), 'variance': array([ 1.57531705,  1.58778614,  3.62435114,  0.45032652,  1.90215818,
       -0.        ,  0.51567276,  0.48728661,  2.17318607,  1.16602803,
        1.10993462,  0.91682513,  2.98379586,  0.97367659,  0.11203477,
        1.17756167,  3.05948344,  4.59956168,  0.2391804 ,  0.46785249,
        0.29366194,  0.67521147,  2.99249538,  0.55828743,  0.53344996,
        0.98898972,  3.22529222,  3.19928968,  0.23993951,  1.54589588,
        0.49987112,  0.153636  ,  4.39110003,  0.40875276,  2.47945412,
        1.27903523,  1.02232925,  0.96970623,  7.12816231,  1.60396509,
        1.9795176 ,  0.6253809 ,  1.19294542,  0.46537487,  0.38936214,
        0.43100713,  1.61519868,  0.30981248,  1.08066804,  0.73635318,
        0.3376603 ,  1.44211929,  1.22214199,  1.51983851,  0.47541829,
        1.21104331,  1.20053905,  0.09786029,  3.8793136 ,  3.97515749,
        0.78133721,  0.28560658,  2.29223866,  1.97466855,  0.84712004,
        1.94590691,  4.38969981,  0.77262739,  9.13806167,  1.69493478,
        2.7462016 , 10.07957522,  2.00517825,  0.64975648,  0.91875801,
        0.10841121,  0.36407079,  4.13258714,  0.46501219,  0.48543252,
        5.22894518,  1.79355085,  1.41035805,  0.408204  , -0.        ,
        1.46707663,  4.00903114,  0.14302179,  0.22011948,  3.64864961,
        1.90233637,  3.61687368,  1.79689147,  2.2499089 ,  0.62343439,
        8.73384469,  0.32954404,  2.99036554,  0.4869127 ,  0.29276837,
        2.09120692,  3.94972632,  7.06319568,  0.12190699,  0.85632168,
        1.70956231,  0.97039509,  0.9084931 ,  0.36426491,  2.58730355,
        0.72420854,  0.56587149,  1.31646045,  1.40484309,  1.77172162,
        2.6949939 ,  0.86537285,  0.3927117 ,  0.23670791,  0.85250459,
        2.96666685,  0.27402597,  1.41076131,  0.1215707 ,  3.84831747,
        0.37825647,  0.42472783,  0.41304079,  1.20695417,  0.42138999,
        0.37093431,  1.60166668,  1.02228577,  0.64339426,  0.24958092,
        0.91237615,  1.31734685,  0.38996483,  0.1090718 ,  5.84450895,
        0.94223222,  3.44392048,  0.59106717,  0.23826515,  1.83649891,
        2.54859312,  0.54011178,  2.29923665,  2.32983507,  0.52883503,
        0.94885014,  1.88329562,  0.14768556, -0.        ,  0.219853  ,
        0.71873127,  0.25441486,  2.09261527,  3.75981158,  0.46044366,
        1.06885076,  0.49672707,  1.07846049, 12.85205627,  1.06055449,
        3.29581193,  0.68002511,  1.91693899,  0.69854471,  0.69518092,
        2.10675387,  3.06959029,  0.10865848,  1.08239162,  0.66358797,
        0.99723131,  5.91599005,  2.12706794,  4.18163703,  0.52304996,
        5.5326955 ,  0.18036106,  0.49680552,  3.45523908,  0.09559758,
        1.54019686,  0.1371313 ,  0.61975023,  1.97470309,  1.39339661,
        0.54411959,  0.69425507,  0.63235989,  0.2343049 ,  0.82460567,
        3.74625774,  0.9921737 ,  1.06101081,  1.14391158,  0.21758436,
        0.3748959 ,  0.30973286,  0.38461495,  0.88902977,  0.24111321,
        0.25917761,  1.24658418,  3.13686051,  4.40376601,  4.10299322,
        0.39927906,  0.68709625,  4.79003999,  3.24321883,  0.48859581,
        2.6063288 ,  0.44422032,  0.34850596,  0.73326266,  0.44516796,
        0.95950949,  5.64402991,  0.32520429,  1.83265056,  0.38362768,
        0.89006847,  2.42537111,  0.64298001,  0.81271652,  2.75236076,
        0.90537447,  2.71804959,  2.62242392,  0.9147283 ,  5.72521108,
        0.29281152,  5.31765586,  2.03069571,  0.26299313,  0.56715853,
        1.04584339,  0.4424521 ,  0.24340188,  2.47036802,  0.61037038,
        0.44081486,  2.23522815,  0.89728188,  0.40058561,  3.65532352,
        4.0639018 ,  3.34646242,  1.76840279,  1.02895465,  2.06181034,
        1.18989999,  0.52330127,  0.75477217,  1.24918223,  1.31829261,
        2.90097597,  0.82436801,  2.25220184,  8.07530789,  0.22807453,
        1.49085979,  4.72894818,  1.88330984,  2.06340946,  2.36533749,
        0.70557656,  0.3998412 ,  2.14229539,  2.24496307,  1.4624201 ,
        0.50398577,  2.81494178,  0.42312535,  3.12144797,  0.23801406,
        0.23396024,  0.9086667 ,  1.11771609,  0.7225991 ,  0.6944959 ,
        0.56082305,  0.35876679,  1.98102951,  7.36335978,  0.40181816,
        0.63821541,  0.74794698,  1.62192435,  0.89047753,  1.28717724,
        1.24673367,  0.22476536,  0.60333846,  4.20886691,  0.6743778 ,
        3.16840832,  0.40057796,  0.29856444,  1.85132318,  2.04463568,
        0.18702741,  0.71217144,  1.17256886,  2.29195734,  1.26966589,
        0.28335597,  1.26066191,  0.91015997,  0.24061458,  0.86148062,
        0.04955896,  0.58641168,  1.98562483,  0.78531202,  5.51112535,
        4.32286549,  3.19986181,  0.38035176,  1.06163007,  0.4209437 ,
        1.89831944,  0.66497977,  0.79976341,  1.60569607,  1.20911015,
        0.12700778,  4.82813486,  0.74497299,  1.07579179,  0.28269042,
        1.53881387,  0.28249595,  0.63573005,  1.9317544 ,  1.44601102,
        1.11350718,  0.24857376,  0.53389862,  0.41578679,  2.05340142,
        1.02901007,  0.73135899,  7.96813994,  1.70499638,  2.76576495,
        0.63414707,  0.80438865,  0.2457526 ,  3.30290388,  2.710446  ,
       -0.        ,  0.02034195,  0.32260493,  0.51770449,  0.74733061,
        0.22860641,  0.24751825,  2.01433798,  1.56707032,  1.26031557,
        3.62826681,  0.80502016,  1.02717196,  1.77253898,  0.69041489,
        0.74895024,  0.29427686,  0.15066087,  5.18329732,  2.03988372,
        0.15337527,  1.98404128,  1.96823323,  0.51755752,  1.88997283,
        2.34403958,  3.0830338 ,  2.07459566,  0.46248766,  2.77985202,
        0.92417155,  0.34247821,  0.35076274,  1.31398341,  2.17102105,
        0.58590817,  3.16543395,  2.64076851,  1.42012528,  0.98345673,
        2.01247574, -0.        ,  0.26768582,  1.23076947,  2.61573238,
        0.74632649, 17.77282716,  0.61596746,  0.43365247,  3.66689322,
        0.34655657,  0.82492818,  1.46975526,  0.52353543,  1.36821997,
        1.1647978 ,  0.31963448,  2.07072553,  0.56557193,  1.59051264,
        3.27537754,  3.97055691,  0.87495464,  3.97628935,  1.17320905,
        3.01788903,  0.13557453])}
[Time: 28.06.23 08:07:58] [Level: info] Traceback (most recent call last):
  File "/app/engine/app.py", line 169, in guarded_run
    self.run()
  File "/app/engine/app.py", line 184, in run
    transition = self.current_state.run()
  File "/app/apps/svd/app.py", line 172, in run
    self.load('mfa').apply_scaling(incoming, highly_variable=config.highly_variable)
  File "/app/apps/svd/FC_Federated_MFA.py", line 199, in apply_scaling
    self.std[idx] = incoming[COParams.STDS.n].reshape((len(incoming[COParams.STDS.n]),1))
AttributeError: 'list' object has no attribute 'reshape'

