2023-06-27 06:53:25,885 CRIT Supervisor is running as root.  Privileges were not dropped because no user is specified in the config file.  If you intend to run as root, you can set user=root in the config file to avoid this message.
2023-06-27 06:53:25,887 INFO supervisord started with pid 6
2023-06-27 06:53:26,889 INFO spawned: 'nginx' with pid 9
2023-06-27 06:53:26,891 INFO spawned: 'app' with pid 10
2023-06-27 06:53:27,901 INFO success: nginx entered RUNNING state, process has stayed up for > than 1 seconds (startsecs)
2023-06-27 06:53:27,902 INFO success: app entered RUNNING state, process has stayed up for > than 1 seconds (startsecs)
[CTRL] POST /setup
[Time: 27.06.23 06:53:29] [Level: info] id: 87c95916ff9f1614
[Time: 27.06.23 06:53:29] [Level: info] coordinator: False
[Time: 27.06.23 06:53:29] [Level: info] clients: ['87c95916ff9f1614', '76f8e5e5cc377d09']
[Time: 27.06.23 06:53:29] [Level: info] state: initial
[CLIENT] Parsing parameter file...
[API] /setup parsing parameter file 
[API] /setup config file found ... parsing file: /mnt/input/config.yaml
YAML file does not follow specification: missing key: eigenvalues
Setting default: eigenvalues.tsv
YAML file does not follow specification: missing key: explained_variance
Setting default: eigenvalues.tsv
YAML file does not follow specification: missing key: output delimiter
Setting default: tab
[API] /setup config file found ... parsing done
[CLIENT] finished parsing parameter file.
[STARTUP] Instantiate SVD
[STARTUP] Copy configuration and create dir
[STARTUP] Configuration copied
Log Transform performed
/app/apps/svd/FC_Federated_PCA.py:89: RuntimeWarning: invalid value encountered in log2
  self.tabdata.scaled = np.log2(self.tabdata.scaled+1)
[Time: 27.06.23 06:53:29] [Level: info] transition: wait_for_params
[Time: 27.06.23 06:53:30] [Level: info] state: wait_for_params
[CTRL] GET /data
[CTRL] POST /data
setting parameters
[API] Setting parameters
['AI005038', 'CHI3L2', 'KIAA0963', 'AA489629', 'CYBA', 'SERPING1', 'NPL', 'PTPRZ1', 'MGC39606', 'ADCY1', 'MICAL2', 'AI335002', 'LOC388610', 'NNMT', 'ADFP', 'MST1', 'TSPYL1', 'NLK', 'H78560', 'MYCBP2', 'HSPG2', 'FABP3', 'PLA2G2A', 'MAPKBP1', 'BGN', 'CCR1', 'GADD45B', 'APCS', 'TFDP2', 'NEFH', 'CHN1', 'TBC1D7', 'MDFI', 'UGCG', 'KCNK6', 'TMEM146', 'ATP6V1C1', 'CSPG2', 'TCTEX1D1', 'STMN1', 'DIP2C', 'TOMM40', 'DCLRE1B', 'MED11', 'GAS1', 'TncRNA', 'SCN2B', 'KCNJ1', 'ASPA', 'ADAM19', 'FBL', 'RGS16', 'KCNMA1', 'DLL3', 'MGC42367', 'T62491', 'MASP1', 'GPSM2', 'HBXIP', 'LUM', 'OSR1', 'AA131320', 'PDPN', 'LOC400451', 'SRPX', 'C9orf48', 'MAL2', 'LOC57228', 'R52960', 'USP3', 'MTHFD2', 'SOX4', 'AI263051', 'S100A10', 'SVIL', 'TNFRSF12A', 'AA598631', 'LY96', 'NMNAT2', 'IGHG1', 'LGALS3', 'HLA.A', 'OSBPL1A', 'AA181288', 'ID4', 'PRKCZ', 'AA598555', 'FAS', 'RAB20', 'FAM84A', 'PLAUR', 'AA975768', 'CKMT1A', 'CTHRC1', 'NR4A1', 'CACNB3', 'FZD7', 'HLA.G', 'PPP1R14A', 'NLGN1', 'CACNB2', 'WASF1', 'FLJ35740', 'YWHAH', 'CD58', 'BCL2A1', 'LAPTM5', 'PLTP', 'INPP5F', 'CBX6', 'SP100', 'C8orf4', 'SLC16A3', 'KLRC1', 'RPS3A', 'AI822135', 'SAA2', 'H41096', 'IGF1R', 'HLA.F', 'MYBPC2', 'RAB11FIP4', 'CD47', 'EDG3', 'PCP4', 'NOTCH1', 'LAMA4', 'F13A1', 'EMP3', 'FGF13', 'EFHB', 'C1orf187', 'VASP', 'H20822', 'EID.3', 'LSP1', 'FBXW7', 'AI357047', 'HEY1', 'TSPAN6', 'TNC', 'IQSEC1', 'PRKAR1B', 'S100A11', 'PRG1', 'COL1A1', 'ANK3', 'PLP2', 'ITPKA', 'TSPAN4', 'TTC23', 'PSG1', 'SORT1', 'HNRNPG.T', 'ANXA5', 'TNFAIP3', 'GOT1', 'CCDC3', 'ZNF217', 'NCF1', 'STC1', 'LMO7', 'AEBP1', 'NUAK1', 'FBXO32', 'C4A', 'RAB27B', 'R70506', 'PYCR1', 'H91845', 'USP6NL', 'TIMP3', 'PARD3', 'S100A1', 'DDIT4', 'BCAM', 'SERPINI1', 'PLOD2', 'HBA1', 'WDR7', 'ZNF419B', 'X38595', 'VEGF', 'CAPG', 'FBXO2', 'ID3', 'FCGR2B', 'RND3', 'CLTB', 'CD53', 'LOC283070', 'CA12', 'H24428', 'NPTX1', 'AA669383', 'ZNF160', 'PNCK', 'CLIC1', 'LHFPL2', 'IGF2BP3', 'C6orf12', 'RBP4', 'TLL2', 'PDE4DIP', 'MRC2', 'DSCR1L1', 'SETD5', 'AA479357', 'IL21R', 'PSD3', 'MB', 'GPNMB', 'RBP7', 'DKFZp313A2432', 'LOC146795', 'PLAU', 'CDKN1A', 'ARPP.19', 'CCL2', 'COX7A1', 'LYN', 'UBA52', 'PRKCG', 'RTN3', 'H08563', 'COL3A1', 'DUS3L', 'C1orf63', 'C16orf5', 'APOC2', 'FAM84B', 'NPC2', 'FBXL16', 'ITGA5', 'WWTR1', 'NSF', 'FN1', 'TGFBI', 'LOC283130', 'AA401952', 'PRRX1', 'STEAP3', 'IFI30', 'PARP14', 'SCAMP5', 'STXBP1', 'FAM46A', 'IGFBP5', 'ITGA3', 'L1CAM', 'DYNLT1', 'AI350724', 'SOCS3', 'NY.SAR.48', 'AI871056', 'EDG1', 'CAMK2A', 'AP4B1', 'PYGL', 'IMAGE.33267', 'YWHAG', 'RUNX1', 'ITGA9', 'AA424849', 'AKR1C2', 'NCF2', 'D21S2089E', 'ZNF233', 'EPHB1', 'PHLDA1', 'DPYD', 'TAP1', 'CA11', 'ADM', 'SLC15A2', 'ESM1', 'COL4A2', 'RAB30', 'ANXA1', 'H10054', 'SLC35A2', 'FLJ38984', 'MYC', 'AIF1', 'KCNQ2', 'R70684', 'DES', 'AA029415', 'DECR2', 'CD44', 'DEF6', 'R61377', 'AKR1C1', 'ABCA5', 'T97457', 'MSN', 'GYPC', 'SPAG6', 'ZNF329', 'SERPINA3', 'MGC18216', 'LOC389831', 'KIAA1543', 'PPP3CA', 'DNASE1L1', 'ZNF226', 'ZNF549', 'COL6A2', 'CALM1', 'PCDHGC3', 'MMP2', 'PALLD', 'X37864', 'CLCA3', 'AA906888', 'RALY', 'NDST1', 'LRBA', 'AI262682', 'KLRC3', 'LILRA1', 'HPRT1', 'PDE2A', 'LTF', 'UBE4B', 'TIMP1', 'BNIP2', 'PRSS3', 'AA281932', 'FCGRT', 'EDNRB', 'DDN', 'PEG3', 'IGSF3', 'RPS19BP1', 'ADARB2', 'HK2', 'CAMKK2', 'GABBR1', 'MST150', 'STK17A', 'MGC26694', 'MDK', 'KNS2', 'AA398420', 'SNCG', 'MOAP1', 'AA490257', 'URP2', 'TMEM49', 'HMOX1', 'IGFBP3', 'CASP1', 'W93688', 'PRKCB1', 'PDLIM7', 'HLA.DRB1', 'LOC613212', 'RFXAP', 'PRSS1', 'EGLN2', 'CDC20B', 'GBP2', 'VSNL1', 'COX6A2', 'ACAD8', 'T51726', 'IL32', 'DMN', 'POSTN', 'LAMB1', 'CLSTN3', 'SBP1', 'C1R', 'CAP2', 'SYT7', 'COL1A2', 'CYR61', 'IL1RAP', 'N98591', 'KLRC2', 'SNRPN', 'VAMP2', 'APOC1', 'EPB49', 'L3MBTL4', 'PPP3CB', 'A2BP1', 'H86813', 'CEAL1', 'EXT1', 'HCLS1', 'GYPA', 'PYHIN1', 'LOC541471', 'GBP1', 'TXNDC', 'PDXP', 'PSG5', 'ZFHX1B', 'SUV39H1', 'CAV1', 'FREQ', 'KIAA1644', 'TCF7L1', 'CBLN2', 'BLVRB', 'SYNGR3', 'DDEF1', 'ABCC3', 'SPINT2', 'NDUFB11', 'AI002301', 'SERPINH1', 'MSTP9', 'HPCA', 'HAMP', 'CDKN2D', 'COL9A2', 'MVP', 'SPARC', 'MGP']
INDEX
[301, 87, 280, 180, 355, 173, 119, 302, 3, 303, 408, 215, 203, 128, 227, 134, 95, 348, 80, 73, 161, 141, 276, 170, 70, 332, 412, 287, 57, 186, 374, 129, 394, 346, 56, 55, 105, 148, 10, 187, 1, 360, 28, 406, 388, 409, 404, 34, 81, 375, 413, 76, 228, 94, 40, 311, 88, 50, 23, 378, 41, 136, 86, 156, 380, 109, 333, 137, 342, 256, 176, 196, 359, 325, 2, 71, 377, 248, 145, 381, 113, 217, 294, 249, 171, 200, 354, 306, 389, 382, 124, 236, 278, 385, 392, 172, 411, 329, 420, 154, 16, 149, 201, 344, 133, 343, 326, 318, 322, 150, 208, 315, 142, 118, 183, 225, 369, 383, 52, 366, 67, 282, 103, 321, 379, 237, 289, 340, 74, 205, 262, 361, 12, 224, 20, 211, 376, 207, 160, 258, 165, 362, 212, 90, 418, 102, 349, 89, 290, 330, 62, 66, 26, 43, 192, 266, 261, 8, 233, 351, 167, 226, 157, 307, 37, 241, 151, 177, 220, 298, 15, 123, 5, 341, 293, 49, 347, 268, 310, 126, 31, 257, 100, 72, 312, 356, 240, 174, 214, 283, 27, 110, 279, 422, 270, 45, 125, 99, 108, 250, 335, 292, 53, 323, 130, 334, 91, 231, 284, 106, 238, 309, 63, 166, 195, 184, 259, 120, 274, 18, 395, 93, 416, 75, 69, 152, 21, 14, 155, 178, 96, 364, 188, 77, 190, 281, 202, 358, 414, 386, 327, 114, 104, 407, 182, 206, 275, 219, 373, 296, 387, 367, 85, 353, 204, 25, 286, 44, 243, 84, 213, 107, 331, 391, 9, 316, 42, 58, 191, 260, 223, 357, 352, 144, 421, 390, 122, 239, 179, 401, 299, 242, 264, 365, 277, 398, 363, 199, 135, 305, 254, 185, 7, 131, 92, 68, 263, 6, 38, 198, 35, 235, 22, 112, 308, 24, 29, 159, 251, 229, 324, 397, 127, 17, 193, 97, 402, 46, 194, 116, 47, 288, 121, 232, 60, 82, 410, 317, 101, 300, 111, 336, 139, 64, 162, 4, 291, 295, 146, 138, 415, 210, 272, 245, 83, 218, 169, 234, 285, 140, 175, 115, 252, 255, 339, 253, 417, 98, 164, 368, 48, 265, 338, 313, 59, 13, 371, 247, 33, 267, 320, 271, 39, 189, 319, 405, 158, 370, 328, 419, 117, 244, 147, 51, 393, 222, 78, 216, 181, 19, 0, 209, 11, 297, 79, 246, 396, 168, 36, 400, 163, 399, 345, 153, 132, 337, 65, 372, 32, 221, 314, 61, 350, 143, 230, 384, 304, 269, 197, 273, 403, 423]
[Time: 27.06.23 06:53:33] [Level: info] transition: compute_std
[Time: 27.06.23 06:53:34] [Level: info] state: compute_std
[CTRL] GET /data
[CTRL] POST /data
(422, 1)
[Time: 27.06.23 06:53:36] [Level: info] transition: apply_scaling
[Time: 27.06.23 06:53:37] [Level: info] state: apply_scaling
[CTRL] GET /data
[CTRL] POST /data
[359 327  59 313 356 195  57 329 107 239  43 311 151 389 267  38   8 152
 390 372 333 240 392  84 134  61 265 360  41 186  42 144 118  76 102 153
 308 283 243  28 382  35  30 305   6  17 364  40 255 304   5 271 379 164
 179 420 418 408 210 106 244  60 158 172  37 411 274 414 302  97 398 175
 127  89  34  36  31 292 103 198 157 348  82 368 234  49 395 387 196 391
 141  48 165 365 163  79 338 133 203  74  27 200   4  21 231  51 100 309
 358 272 116 166 266 402 114 248 178 189 316 260  26 315 199 123 412 343
 125 217 192 417 320 419   3  85 180 306 129 220 109 250 397 312  23 326
 287 132 167 362  88 295  98   7 346  54 406 374  87 386 204  14 344 350
 280 224 323 337 142 285 405 207 245 331 150 297 278 143 393 257 384 353
 229 160 214 223 128 117  99  13 347 383 138 235  81 183 247 373 126  78
 120 291 378 218 299 330  96   1  83 226 268  67 173 242 176 111 221 228
 335 325  55 385 197  58 284 263 227 270 352 256 156 264  73   9 371 273
 238 259 341 246 275 400  75 317 121 225 396 252 340 170  92 307  93 149
 124 131 290 162 171  47 222 262 416 261 296 361 293 276 205  56 281 108
 403 381 251  95 194 236 112  64 110  62  86  91  68 136 148 159 187 101
 375 354 349 122 232 286 168 216 300 339 277  90  20 219 184 182  72  19
 334  22 211 321 213  65  24 366 177 174 409 324 328 421  10 363 185 258
  80 241 249 253 407  18 161  46  39  94 105 279 206 413 190 139  70  63
 380 303 154 294 319 181 212  11 376 367 388 130 410 191  44  77  12 288
 394 401 193  45 145  25 119 140 345 310  52 155 215   0 336 209 202  33
 146]
(array([327, 359]),)
[Time: 27.06.23 06:53:39] [Level: info] transition: start_power_iteration
[Time: 27.06.23 06:53:40] [Level: info] state: start_power_iteration
[STARTUP] Computing covariance matrix
[STARTUP] Random initialisation
TABDATA SCALED
[[ 0.87473456  0.2501072   0.         ... -4.42950692 -0.01185375
   0.52716548]
 [-1.33026745 -0.34270202 -0.24177829 ... -0.63111966 -0.68313486
  -0.58333182]
 [ 0.04170897 -4.13662418  0.         ...  0.         -2.40180444
   0.59581605]
 ...
 [ 1.00844153  0.18069312  0.58963824 ...  0.77158278  1.00898556
   0.09472481]
 [ 1.21225138  0.24036888 -3.0548528  ... -1.17176449 -0.49289022
   0.9171412 ]
 [-3.93433402  0.37222907  0.82021048 ...  0.15064682  0.20308398
   0.4104817 ]]
[Time: 27.06.23 06:53:41] [Level: info] transition: compute_final_h_cov
[CTRL] GET /data
[Time: 27.06.23 06:53:42] [Level: info] state: compute_final_h_cov
[CTRL] POST /data
Setting k
starting eigenvector norms
17
[Time: 27.06.23 06:53:42] [Level: info] transition: compute_local_conorm
[Time: 27.06.23 06:53:43] [Level: info] state: compute_local_conorm
[CTRL] GET /data
[CTRL] POST /data
[Time: 27.06.23 06:53:45] [Level: info] transition: compute_local_norm
[Time: 27.06.23 06:53:46] [Level: info] state: compute_local_norm
[CTRL] GET /data
[CTRL] POST /data
starting orthogonalise_current
ending orthogonalise_current
starting eigenvector norms
17
[Time: 27.06.23 06:53:48] [Level: info] transition: compute_local_conorm
[Time: 27.06.23 06:53:49] [Level: info] state: compute_local_conorm
[CTRL] GET /data
[CTRL] POST /data
[Time: 27.06.23 06:53:51] [Level: info] transition: compute_local_norm
[Time: 27.06.23 06:53:52] [Level: info] state: compute_local_norm
[CTRL] GET /data
[CTRL] POST /data
starting orthogonalise_current
ending orthogonalise_current
starting eigenvector norms
17
[Time: 27.06.23 06:53:54] [Level: info] transition: compute_local_conorm
[Time: 27.06.23 06:53:55] [Level: info] state: compute_local_conorm
[CTRL] GET /data
[CTRL] POST /data
[Time: 27.06.23 06:53:57] [Level: info] transition: compute_local_norm
[Time: 27.06.23 06:53:58] [Level: info] state: compute_local_norm
[CTRL] GET /data
[CTRL] POST /data
starting orthogonalise_current
ending orthogonalise_current
starting eigenvector norms
17
[Time: 27.06.23 06:54:00] [Level: info] transition: compute_local_conorm
[Time: 27.06.23 06:54:01] [Level: info] state: compute_local_conorm
[CTRL] GET /data
[CTRL] POST /data
[Time: 27.06.23 06:54:03] [Level: info] transition: compute_local_norm
[Time: 27.06.23 06:54:04] [Level: info] state: compute_local_norm
[CTRL] GET /data
[CTRL] POST /data
starting orthogonalise_current
ending orthogonalise_current
starting eigenvector norms
17
[Time: 27.06.23 06:54:06] [Level: info] transition: compute_local_conorm
[Time: 27.06.23 06:54:07] [Level: info] state: compute_local_conorm
[CTRL] GET /data
[CTRL] POST /data
[Time: 27.06.23 06:54:09] [Level: info] transition: compute_local_norm
[Time: 27.06.23 06:54:10] [Level: info] state: compute_local_norm
[CTRL] GET /data
[CTRL] POST /data
starting orthogonalise_current
ending orthogonalise_current
starting eigenvector norms
17
[Time: 27.06.23 06:54:13] [Level: info] transition: compute_local_conorm
[Time: 27.06.23 06:54:14] [Level: info] state: compute_local_conorm
[CTRL] GET /data
[CTRL] POST /data
[Time: 27.06.23 06:54:16] [Level: info] transition: compute_local_norm
[Time: 27.06.23 06:54:17] [Level: info] state: compute_local_norm
[CTRL] GET /data
[CTRL] POST /data
starting orthogonalise_current
ending orthogonalise_current
starting eigenvector norms
17
[Time: 27.06.23 06:54:19] [Level: info] transition: compute_local_conorm
[Time: 27.06.23 06:54:20] [Level: info] state: compute_local_conorm
[CTRL] GET /data
[CTRL] POST /data
[Time: 27.06.23 06:54:22] [Level: info] transition: compute_local_norm
[Time: 27.06.23 06:54:23] [Level: info] state: compute_local_norm
[CTRL] GET /data
[CTRL] POST /data
starting orthogonalise_current
ending orthogonalise_current
starting eigenvector norms
17
[Time: 27.06.23 06:54:25] [Level: info] transition: compute_local_conorm
[Time: 27.06.23 06:54:26] [Level: info] state: compute_local_conorm
[CTRL] GET /data
[CTRL] POST /data
[Time: 27.06.23 06:54:28] [Level: info] transition: compute_local_norm
[Time: 27.06.23 06:54:29] [Level: info] state: compute_local_norm
[CTRL] GET /data
[CTRL] POST /data
starting orthogonalise_current
ending orthogonalise_current
starting eigenvector norms
17
[Time: 27.06.23 06:54:31] [Level: info] transition: compute_local_conorm
[Time: 27.06.23 06:54:32] [Level: info] state: compute_local_conorm
[CTRL] GET /data
[CTRL] POST /data
[Time: 27.06.23 06:54:34] [Level: info] transition: compute_local_norm
[Time: 27.06.23 06:54:35] [Level: info] state: compute_local_norm
[CTRL] GET /data
[CTRL] POST /data
starting orthogonalise_current
ending orthogonalise_current
starting eigenvector norms
17
[Time: 27.06.23 06:54:37] [Level: info] transition: compute_local_conorm
[Time: 27.06.23 06:54:38] [Level: info] state: compute_local_conorm
[CTRL] GET /data
[CTRL] POST /data
[Time: 27.06.23 06:54:40] [Level: info] transition: compute_local_norm
[Time: 27.06.23 06:54:41] [Level: info] state: compute_local_norm
[CTRL] GET /data
[CTRL] POST /data
starting orthogonalise_current
ending orthogonalise_current
starting eigenvector norms
17
[Time: 27.06.23 06:54:43] [Level: info] transition: compute_local_conorm
[Time: 27.06.23 06:54:44] [Level: info] state: compute_local_conorm
[CTRL] GET /data
[CTRL] POST /data
[Time: 27.06.23 06:54:46] [Level: info] transition: compute_local_norm
[Time: 27.06.23 06:54:47] [Level: info] state: compute_local_norm
[CTRL] GET /data
[CTRL] POST /data
starting orthogonalise_current
ending orthogonalise_current
starting eigenvector norms
17
[Time: 27.06.23 06:54:49] [Level: info] transition: compute_local_conorm
[Time: 27.06.23 06:54:50] [Level: info] state: compute_local_conorm
[CTRL] GET /data
[CTRL] POST /data
[Time: 27.06.23 06:54:52] [Level: info] transition: compute_local_norm
[Time: 27.06.23 06:54:53] [Level: info] state: compute_local_norm
[CTRL] GET /data
[CTRL] POST /data
starting orthogonalise_current
ending orthogonalise_current
starting eigenvector norms
17
[Time: 27.06.23 06:54:55] [Level: info] transition: compute_local_conorm
[Time: 27.06.23 06:54:56] [Level: info] state: compute_local_conorm
[CTRL] GET /data
[CTRL] POST /data
[Time: 27.06.23 06:54:58] [Level: info] transition: compute_local_norm
[Time: 27.06.23 06:54:59] [Level: info] state: compute_local_norm
[CTRL] GET /data
[CTRL] POST /data
starting orthogonalise_current
ending orthogonalise_current
starting eigenvector norms
17
[Time: 27.06.23 06:55:01] [Level: info] transition: compute_local_conorm
[Time: 27.06.23 06:55:02] [Level: info] state: compute_local_conorm
[CTRL] GET /data
[CTRL] POST /data
[Time: 27.06.23 06:55:04] [Level: info] transition: compute_local_norm
[Time: 27.06.23 06:55:05] [Level: info] state: compute_local_norm
[CTRL] GET /data
[CTRL] POST /data
starting orthogonalise_current
ending orthogonalise_current
starting eigenvector norms
17
[Time: 27.06.23 06:55:07] [Level: info] transition: compute_local_conorm
[Time: 27.06.23 06:55:08] [Level: info] state: compute_local_conorm
[CTRL] GET /data
[CTRL] POST /data
[Time: 27.06.23 06:55:10] [Level: info] transition: compute_local_norm
[Time: 27.06.23 06:55:11] [Level: info] state: compute_local_norm
[CTRL] GET /data
[CTRL] POST /data
starting orthogonalise_current
ending orthogonalise_current
starting eigenvector norms
17
[Time: 27.06.23 06:55:13] [Level: info] transition: compute_local_conorm
[Time: 27.06.23 06:55:14] [Level: info] state: compute_local_conorm
[CTRL] GET /data
[CTRL] POST /data
[Time: 27.06.23 06:55:16] [Level: info] transition: compute_local_norm
[Time: 27.06.23 06:55:17] [Level: info] state: compute_local_norm
[CTRL] GET /data
[CTRL] POST /data
starting orthogonalise_current
ending orthogonalise_current
starting eigenvector norms
17
[Time: 27.06.23 06:55:19] [Level: info] transition: normalize_g
[Time: 27.06.23 06:55:20] [Level: info] state: normalize_g
[CTRL] GET /data
[CTRL] POST /data
Normalising
(26, 17)
17
End normalising
(26, 17)
(17, 17)
(17,)
(26, 17)
[Time: 27.06.23 06:55:22] [Level: info] transition: save_results
[Time: 27.06.23 06:55:23] [Level: info] state: save_results
SAVING RESULTS
saving pca/mnt/output/pca/left_eigenvectors.tsv
	
MOVE INPUT TO OUTPUT
[Time: 27.06.23 06:55:23] [Level: info] transition: finalize
[CTRL] GET /data
[Time: 27.06.23 06:55:24] [Level: info] state: finalize
[Time: 27.06.23 06:55:24] [Level: info] transition: terminal
[Time: 27.06.23 06:55:24] [Level: info] done
