2023-07-01 13:25:58,577 CRIT Supervisor is running as root.  Privileges were not dropped because no user is specified in the config file.  If you intend to run as root, you can set user=root in the config file to avoid this message.
2023-07-01 13:25:58,580 INFO supervisord started with pid 7
2023-07-01 13:25:59,582 INFO spawned: 'nginx' with pid 10
2023-07-01 13:25:59,584 INFO spawned: 'app' with pid 11
2023-07-01 13:26:00,613 INFO success: nginx entered RUNNING state, process has stayed up for > than 1 seconds (startsecs)
2023-07-01 13:26:00,613 INFO success: app entered RUNNING state, process has stayed up for > than 1 seconds (startsecs)
[CTRL] POST /setup
[Time: 01.07.23 13:26:02] [Level: info] id: 2f963fefd76fe028
[Time: 01.07.23 13:26:02] [Level: info] coordinator: False
[Time: 01.07.23 13:26:02] [Level: info] clients: ['2f963fefd76fe028', '7dee906f1e231813']
[Time: 01.07.23 13:26:02] [Level: info] state: initial
[CLIENT] Parsing parameter file...
[API] /setup parsing parameter file 
[API] /setup config file found ... parsing file: /mnt/input/config.yaml
YAML file does not follow specification: missing key: eigenvalues
Setting default: eigenvalues.tsv
YAML file does not follow specification: missing key: explained_variance
Setting default: eigenvalues.tsv
YAML file does not follow specification: missing key: output delimiter
Setting default: tab
[API] /setup config file found ... parsing done
[CLIENT] finished parsing parameter file.
[STARTUP] Instantiate SVD
[Time: 01.07.23 13:26:02] [Level: info] transition: init_pca
[Time: 01.07.23 13:26:03] [Level: info] state: init_pca
[STARTUP] Copy configuration and create dir
/mnt/input/hospital_data_bredel_1.csv
TEST: ['/mnt/input/data_wine_1.csv', '/mnt/input/data_wine_2.csv', '/mnt/input/data_wine_3.csv']
[STARTUP] Configuration copied
Log Transform performed
out {'Row names': array(['fruity', 'woody', 'coffee'], dtype=object), 'Sample count': 3, 'Nans': array([0, 0, 0])}
[Time: 01.07.23 13:26:03] [Level: info] transition: wait_for_params
[Time: 01.07.23 13:26:04] [Level: info] state: wait_for_params
[CTRL] GET /data
[CTRL] POST /data
setting parameters
[API] Setting parameters
['coffee', 'fruity', 'woody']
INDEX
[2, 0, 1]
[Time: 01.07.23 13:26:06] [Level: info] transition: compute_std
[Time: 01.07.23 13:26:07] [Level: info] state: compute_std
[CTRL] GET /data
[CTRL] POST /data
(3, 1)
[Time: 01.07.23 13:26:09] [Level: info] transition: apply_scaling
[Time: 01.07.23 13:26:10] [Level: info] state: apply_scaling
[CTRL] GET /data
[CTRL] POST /data
[0 1]
(array([], dtype=int64),)
CURRENT DATA:  <apps.svd.TabData.TabData object at 0x7f6a233e4340>
[Time: 01.07.23 13:26:12] [Level: info] transition: mfa_prerequisites
[Time: 01.07.23 13:26:13] [Level: info] state: mfa_prerequisites
Calling start_power_iteration
[Time: 01.07.23 13:26:13] [Level: info] transition: start_power_iteration
[Time: 01.07.23 13:26:14] [Level: info] state: start_power_iteration
[STARTUP] Computing covariance matrix
[STARTUP] Random initialisation
TABDATA SCALED
[[-0.53813037  0.49463657  0.49463657]
 [ 1.07944432 -0.74520945 -0.21002947]
 [-1.21264378  0.80546508  0.47054734]]
[Time: 01.07.23 13:26:14] [Level: info] transition: compute_final_h_cov
[Time: 01.07.23 13:26:15] [Level: info] state: compute_final_h_cov
[CTRL] GET /data
[CTRL] POST /data
Setting k
starting eigenvector norms
2
[Time: 01.07.23 13:26:18] [Level: info] transition: compute_local_conorm
[Time: 01.07.23 13:26:19] [Level: info] state: compute_local_conorm
[CTRL] GET /data
[CTRL] POST /data
[Time: 01.07.23 13:26:21] [Level: info] transition: compute_local_norm
[Time: 01.07.23 13:26:22] [Level: info] state: compute_local_norm
[CTRL] GET /data
[CTRL] POST /data
starting orthogonalise_current
ending orthogonalise_current
starting eigenvector norms
2
[Time: 01.07.23 13:26:24] [Level: info] transition: normalize_g
[Time: 01.07.23 13:26:25] [Level: info] state: normalize_g
[CTRL] GET /data
[CTRL] POST /data
Normalising
(3, 2)
2
End normalising
(3, 2)
(2, 2)
(2,)
(3, 2)
[Time: 01.07.23 13:26:27] [Level: info] transition: separate_pca
[Time: 01.07.23 13:26:28] [Level: info] state: separate_pca
[Time: 01.07.23 13:26:28] [Level: info] transition: init_pca
[Time: 01.07.23 13:26:29] [Level: info] state: init_pca
[STARTUP] Copy configuration and create dir
/mnt/input/hospital_data_bredel_1.csv
TEST: ['/mnt/input/data_wine_1.csv', '/mnt/input/data_wine_2.csv', '/mnt/input/data_wine_3.csv']
[STARTUP] Configuration copied
Log Transform performed
out {'Row names': array(['red_fruit', 'roasted', 'vanillin', 'woody_2'], dtype=object), 'Sample count': 3, 'Nans': array([0, 0, 0, 0])}
[Time: 01.07.23 13:26:29] [Level: info] transition: wait_for_params
[Time: 01.07.23 13:26:30] [Level: info] state: wait_for_params
[CTRL] GET /data
[CTRL] POST /data
setting parameters
[API] Setting parameters
['vanillin', 'red_fruit', 'woody_2', 'roasted']
INDEX
[2, 0, 3, 1]
[Time: 01.07.23 13:26:33] [Level: info] transition: compute_std
[Time: 01.07.23 13:26:34] [Level: info] state: compute_std
[CTRL] GET /data
[CTRL] POST /data
(4, 1)
[Time: 01.07.23 13:26:36] [Level: info] transition: apply_scaling
[Time: 01.07.23 13:26:37] [Level: info] state: apply_scaling
[CTRL] GET /data
[CTRL] POST /data
[3 1 2]
(array([], dtype=int64),)
CURRENT DATA:  <apps.svd.TabData.TabData object at 0x7f6a233e4070>
[Time: 01.07.23 13:26:39] [Level: info] transition: mfa_prerequisites
[Time: 01.07.23 13:26:40] [Level: info] state: mfa_prerequisites
Calling start_power_iteration
[Time: 01.07.23 13:26:40] [Level: info] transition: start_power_iteration
[Time: 01.07.23 13:26:41] [Level: info] state: start_power_iteration
[STARTUP] Computing covariance matrix
[STARTUP] Random initialisation
TABDATA SCALED
[[-1.22927739  0.83707     0.28208191]
 [ 1.5044393  -0.49785477 -0.49785477]
 [-0.60073593  0.76590344  0.76590344]
 [-1.26314037  0.76493348  0.76493348]]
[Time: 01.07.23 13:26:41] [Level: info] transition: compute_final_h_cov
[Time: 01.07.23 13:26:42] [Level: info] state: compute_final_h_cov
[CTRL] GET /data
[CTRL] POST /data
Setting k
starting eigenvector norms
3
[Time: 01.07.23 13:26:45] [Level: info] transition: compute_local_conorm
[Time: 01.07.23 13:26:46] [Level: info] state: compute_local_conorm
[CTRL] GET /data
[CTRL] POST /data
[Time: 01.07.23 13:26:48] [Level: info] transition: compute_local_norm
[Time: 01.07.23 13:26:49] [Level: info] state: compute_local_norm
[CTRL] GET /data
[CTRL] POST /data
starting orthogonalise_current
ending orthogonalise_current
starting eigenvector norms
3
[Time: 01.07.23 13:26:51] [Level: info] transition: compute_local_conorm
[Time: 01.07.23 13:26:52] [Level: info] state: compute_local_conorm
[CTRL] GET /data
[CTRL] POST /data
[Time: 01.07.23 13:26:54] [Level: info] transition: compute_local_norm
[Time: 01.07.23 13:26:55] [Level: info] state: compute_local_norm
[CTRL] GET /data
[CTRL] POST /data
starting orthogonalise_current
ending orthogonalise_current
starting eigenvector norms
3
[Time: 01.07.23 13:26:57] [Level: info] transition: normalize_g
[Time: 01.07.23 13:26:58] [Level: info] state: normalize_g
[CTRL] GET /data
[CTRL] POST /data
Normalising
(3, 3)
3
End normalising
(3, 3)
(3, 3)
(3,)
(3, 3)
[Time: 01.07.23 13:27:00] [Level: info] transition: separate_pca
[Time: 01.07.23 13:27:01] [Level: info] state: separate_pca
[Time: 01.07.23 13:27:01] [Level: info] transition: init_pca
[Time: 01.07.23 13:27:02] [Level: info] state: init_pca
[STARTUP] Copy configuration and create dir
/mnt/input/hospital_data_bredel_1.csv
TEST: ['/mnt/input/data_wine_1.csv', '/mnt/input/data_wine_2.csv', '/mnt/input/data_wine_3.csv']
[STARTUP] Configuration copied
Log Transform performed
out {'Row names': array(['fruity_2', 'butter', 'woody_3'], dtype=object), 'Sample count': 3, 'Nans': array([0, 0, 0])}
[Time: 01.07.23 13:27:02] [Level: info] transition: wait_for_params
[Time: 01.07.23 13:27:03] [Level: info] state: wait_for_params
[CTRL] GET /data
[CTRL] POST /data
setting parameters
[API] Setting parameters
['woody_3', 'fruity_2', 'butter']
INDEX
[2, 0, 1]
[Time: 01.07.23 13:27:06] [Level: info] transition: compute_std
[Time: 01.07.23 13:27:07] [Level: info] state: compute_std
[CTRL] GET /data
[CTRL] POST /data
(3, 1)
[Time: 01.07.23 13:27:09] [Level: info] transition: apply_scaling
[Time: 01.07.23 13:27:10] [Level: info] state: apply_scaling
[CTRL] GET /data
[CTRL] POST /data
[1 0]
(array([], dtype=int64),)
CURRENT DATA:  <apps.svd.TabData.TabData object at 0x7f6a232d5bb0>
[Time: 01.07.23 13:27:12] [Level: info] transition: mfa_prerequisites
[Time: 01.07.23 13:27:13] [Level: info] state: mfa_prerequisites
Calling start_power_iteration
[Time: 01.07.23 13:27:13] [Level: info] transition: start_power_iteration
[Time: 01.07.23 13:27:14] [Level: info] state: start_power_iteration
[STARTUP] Computing covariance matrix
[STARTUP] Random initialisation
TABDATA SCALED
[[-0.74520945  0.83103354  0.54426434]
 [-0.47630665 -0.47630665 -1.3197291 ]
 [-0.83662619  0.69288031  0.93392557]]
[Time: 01.07.23 13:27:14] [Level: info] transition: compute_final_h_cov
[Time: 01.07.23 13:27:15] [Level: info] state: compute_final_h_cov
[CTRL] GET /data
[CTRL] POST /data
Setting k
starting eigenvector norms
2
[Time: 01.07.23 13:27:18] [Level: info] transition: compute_local_conorm
[Time: 01.07.23 13:27:19] [Level: info] state: compute_local_conorm
[CTRL] GET /data
[CTRL] POST /data
[Time: 01.07.23 13:27:21] [Level: info] transition: compute_local_norm
[Time: 01.07.23 13:27:22] [Level: info] state: compute_local_norm
[CTRL] GET /data
[CTRL] POST /data
starting orthogonalise_current
ending orthogonalise_current
starting eigenvector norms
2
[Time: 01.07.23 13:27:24] [Level: info] transition: normalize_g
[Time: 01.07.23 13:27:25] [Level: info] state: normalize_g
[CTRL] GET /data
[CTRL] POST /data
Normalising
(3, 2)
2
End normalising
(3, 2)
(2, 2)
(2,)
(3, 2)
[Time: 01.07.23 13:27:27] [Level: info] transition: separate_pca
[Time: 01.07.23 13:27:28] [Level: info] state: separate_pca
Starting scale tabdata
[Time: 01.07.23 13:27:28] [Level: info] transition: scale_tabdata
[Time: 01.07.23 13:27:29] [Level: info] state: scale_tabdata
Starting merge tabdata
[Time: 01.07.23 13:27:29] [Level: info] transition: merging_tabdata
[Time: 01.07.23 13:27:30] [Level: info] state: merging_tabdata
Starting global pca
[Time: 01.07.23 13:27:30] [Level: info] transition: init_pca
[Time: 01.07.23 13:27:31] [Level: info] state: init_pca
[STARTUP] Copy configuration and create dir
/mnt/input/hospital_data_bredel_1.csv
TEST: ['/mnt/input/data_wine_1.csv', '/mnt/input/data_wine_2.csv', '/mnt/input/data_wine_3.csv']
Log Transform performed
out {'Row names': array(['coffee', 'fruity', 'woody', 'vanillin', 'red_fruit', 'woody_2',
       'roasted', 'woody_3', 'fruity_2', 'butter'], dtype=object), 'Sample count': 3, 'Nans': array([0, 0, 0, 0, 0, 0, 0, 0, 0, 0])}
[Time: 01.07.23 13:27:31] [Level: info] transition: wait_for_params
[CTRL] GET /data
[Time: 01.07.23 13:27:32] [Level: info] state: wait_for_params
[CTRL] POST /data
setting parameters
[API] Setting parameters
['woody_3', 'woody_2', 'vanillin', 'coffee', 'fruity', 'red_fruit', 'fruity_2', 'woody', 'butter', 'roasted']
INDEX
[7, 5, 3, 0, 1, 4, 8, 2, 9, 6]
[Time: 01.07.23 13:27:33] [Level: info] transition: compute_std
[Time: 01.07.23 13:27:34] [Level: info] state: compute_std
[CTRL] GET /data
[CTRL] POST /data
(10, 1)
[Time: 01.07.23 13:27:36] [Level: info] transition: apply_scaling
[Time: 01.07.23 13:27:37] [Level: info] state: apply_scaling
[CTRL] GET /data
[CTRL] POST /data
[5 1 2 6 3 9 7 4 0]
(array([], dtype=int64),)
CURRENT DATA:  <apps.svd.TabData.TabData object at 0x7f6a233e49a0>
[Time: 01.07.23 13:27:39] [Level: info] transition: mfa_prerequisites
[Time: 01.07.23 13:27:40] [Level: info] state: mfa_prerequisites
Calling start_power_iteration
[Time: 01.07.23 13:27:40] [Level: info] transition: start_power_iteration
[Time: 01.07.23 13:27:41] [Level: info] state: start_power_iteration
[STARTUP] Computing covariance matrix
[STARTUP] Random initialisation
TABDATA SCALED
[[-0.40674389  0.71930767  0.57460204]
 [-0.35993602  0.74171239  0.74171239]
 [-1.26817869  0.77872632  0.42920577]
 [-0.29486351  0.58784112  0.58784112]
 [ 0.84447177 -0.42845581  0.07977852]
 [ 1.1999393  -0.29394295 -0.29394295]
 [-0.2402658  -0.2402658  -1.70527145]
 [-1.26174359  0.76367254  0.56532965]
 [-0.43598684  0.62328667  0.72852877]
 [-1.28025387  0.72321829  0.72321829]]
[Time: 01.07.23 13:27:41] [Level: info] transition: compute_final_h_cov
[Time: 01.07.23 13:27:42] [Level: info] state: compute_final_h_cov
[CTRL] GET /data
[CTRL] POST /data
Setting k
starting eigenvector norms
3
[Time: 01.07.23 13:27:45] [Level: info] transition: compute_local_conorm
[Time: 01.07.23 13:27:46] [Level: info] state: compute_local_conorm
[CTRL] GET /data
[CTRL] POST /data
[Time: 01.07.23 13:27:48] [Level: info] transition: compute_local_norm
[Time: 01.07.23 13:27:49] [Level: info] state: compute_local_norm
[CTRL] GET /data
[CTRL] POST /data
starting orthogonalise_current
ending orthogonalise_current
starting eigenvector norms
3
[Time: 01.07.23 13:27:51] [Level: info] transition: compute_local_conorm
[Time: 01.07.23 13:27:52] [Level: info] state: compute_local_conorm
[CTRL] GET /data
[CTRL] POST /data
[Time: 01.07.23 13:27:54] [Level: info] transition: compute_local_norm
[Time: 01.07.23 13:27:55] [Level: info] state: compute_local_norm
[CTRL] GET /data
[CTRL] POST /data
starting orthogonalise_current
ending orthogonalise_current
starting eigenvector norms
3
[Time: 01.07.23 13:27:57] [Level: info] transition: normalize_g
[Time: 01.07.23 13:27:58] [Level: info] state: normalize_g
[CTRL] GET /data
[CTRL] POST /data
Normalising
(3, 3)
3
End normalising
(3, 3)
(3, 3)
(3,)
(3, 3)
[Time: 01.07.23 13:28:00] [Level: info] transition: separate_pca
[Time: 01.07.23 13:28:01] [Level: info] state: separate_pca
Starting factor analysis
[Time: 01.07.23 13:28:01] [Level: info] transition: waiting_for_projection_matrix
[Time: 01.07.23 13:28:02] [Level: info] state: waiting_for_projection_matrix
