2023-06-28 08:12:20,048 CRIT Supervisor is running as root.  Privileges were not dropped because no user is specified in the config file.  If you intend to run as root, you can set user=root in the config file to avoid this message.
2023-06-28 08:12:20,050 INFO supervisord started with pid 7
2023-06-28 08:12:21,053 INFO spawned: 'nginx' with pid 10
2023-06-28 08:12:21,055 INFO spawned: 'app' with pid 11
2023-06-28 08:12:22,074 INFO success: nginx entered RUNNING state, process has stayed up for > than 1 seconds (startsecs)
2023-06-28 08:12:22,074 INFO success: app entered RUNNING state, process has stayed up for > than 1 seconds (startsecs)
[CTRL] POST /setup
[Time: 28.06.23 08:12:23] [Level: info] id: c2071dfa902de6a1
[Time: 28.06.23 08:12:23] [Level: info] coordinator: False
[Time: 28.06.23 08:12:23] [Level: info] clients: ['c2071dfa902de6a1', '95454a48bbd2ec96']
[Time: 28.06.23 08:12:23] [Level: info] state: initial
[CLIENT] Parsing parameter file...
[API] /setup parsing parameter file 
[API] /setup config file found ... parsing file: /mnt/input/config.yaml
YAML file does not follow specification: missing key: eigenvalues
Setting default: eigenvalues.tsv
YAML file does not follow specification: missing key: explained_variance
Setting default: eigenvalues.tsv
YAML file does not follow specification: missing key: output delimiter
Setting default: tab
[API] /setup config file found ... parsing done
[CLIENT] finished parsing parameter file.
[STARTUP] Instantiate SVD
[STARTUP] Copy configuration and create dir
[STARTUP] Configuration copied
Log Transform performed
[[ 6.74542027e-02  1.81002875e-01  1.61967477e-01 ...  5.41621673e-02
   2.44542698e-01 -2.60220260e-01]
 [-4.61545797e-01 -1.99712471e-03  2.53967477e-01 ...  8.65162167e-01
  -9.04573017e-02  1.22779740e-01]
 [ 1.17454203e-01  1.64002875e-01 -1.81032523e-01 ...  1.16216733e-03
   2.59542698e-01 -1.47220260e-01]
 ...
 [ 6.77109851e-01  5.27812409e-01  8.69196496e-01 ...  1.60968399e+00
   4.71524132e-01  6.26844003e-01]
 [-2.01389015e+00  7.88124088e-02  9.97196496e-01 ...  5.29683994e-01
   6.37524132e-01  1.15884400e+00]
 [-9.82890149e-01  4.64312409e-01  1.32619650e+00 ...  1.64683994e-01
   2.29524132e-01  5.23344003e-01]]
/app/apps/svd/FC_Federated_MFA.py:126: RuntimeWarning: invalid value encountered in log2
  tabdata.scaled = np.log2(tabdata.scaled+1)
[[ 9.41741748e-02  2.40012477e-01  2.16569689e-01 ...  7.60968214e-02
   3.15615728e-01 -4.34832304e-01]
 [-8.93104451e-01 -2.88412285e-03  3.26499931e-01 ...  8.99301072e-01
  -1.36786728e-01  1.67074937e-01]
 [ 1.60215706e-01  2.19094622e-01 -2.88121934e-01 ...  1.67567952e-03
   3.32900030e-01 -2.29754931e-01]
 ...
 [ 7.45977189e-01  6.11467414e-01  9.02418238e-01 ...  1.38387512e+00
   5.57311202e-01  7.02075918e-01]
 [            nan  1.09444021e-01  9.97976281e-01 ...  6.13233648e-01
   7.11516168e-01  1.11025900e+00]
 [-5.86902895e+00  5.50223383e-01  1.21797297e+00 ...  2.19938570e-01
   2.98100052e-01  6.07241769e-01]]
Log Transform performed
[[ 6.74542027e-02  1.81002875e-01  1.61967477e-01 ...  5.41621673e-02
   2.44542698e-01 -2.60220260e-01]
 [-4.61545797e-01 -1.99712471e-03  2.53967477e-01 ...  8.65162167e-01
  -9.04573017e-02  1.22779740e-01]
 [ 1.17454203e-01  1.64002875e-01 -1.81032523e-01 ...  1.16216733e-03
   2.59542698e-01 -1.47220260e-01]
 ...
 [ 6.77109851e-01  5.27812409e-01  8.69196496e-01 ...  1.60968399e+00
   4.71524132e-01  6.26844003e-01]
 [-2.01389015e+00  7.88124088e-02  9.97196496e-01 ...  5.29683994e-01
   6.37524132e-01  1.15884400e+00]
 [-9.82890149e-01  4.64312409e-01  1.32619650e+00 ...  1.64683994e-01
   2.29524132e-01  5.23344003e-01]]
/app/apps/svd/FC_Federated_MFA.py:126: RuntimeWarning: invalid value encountered in log2
  tabdata.scaled = np.log2(tabdata.scaled+1)
[[ 9.41741748e-02  2.40012477e-01  2.16569689e-01 ...  7.60968214e-02
   3.15615728e-01 -4.34832304e-01]
 [-8.93104451e-01 -2.88412285e-03  3.26499931e-01 ...  8.99301072e-01
  -1.36786728e-01  1.67074937e-01]
 [ 1.60215706e-01  2.19094622e-01 -2.88121934e-01 ...  1.67567952e-03
   3.32900030e-01 -2.29754931e-01]
 ...
 [ 7.45977189e-01  6.11467414e-01  9.02418238e-01 ...  1.38387512e+00
   5.57311202e-01  7.02075918e-01]
 [            nan  1.09444021e-01  9.97976281e-01 ...  6.13233648e-01
   7.11516168e-01  1.11025900e+00]
 [-5.86902895e+00  5.50223383e-01  1.21797297e+00 ...  2.19938570e-01
   2.98100052e-01  6.07241769e-01]]
[Time: 28.06.23 08:12:23] [Level: info] transition: wait_for_params
[Time: 28.06.23 08:12:24] [Level: info] state: wait_for_params
[CTRL] GET /data
[CTRL] POST /data
setting parameters
INCOMINGS
[{'PCs': 43, <COParams.SEND_PROJ: ('Send projections', False)>: False, 'Row names': ['YWHAH', 'GABBR1', 'EPHB1', 'CAPG', 'UBE4B', 'SOX4', 'HLA.A', 'H20822', 'AA489629', 'C1orf187', 'CLIC1', 'CHI3L2', 'ZNF549', 'MSTP9', 'BCAM', 'AP4B1', 'LOC389831', 'WDR7', 'D21S2089E', 'MST1', 'MGC26694', 'COL9A2', 'LOC283130', 'SCAMP5', 'A2BP1', 'RUNX1', 'PDPN', 'R70684', 'BNIP2', 'KCNMA1', 'EPB49', 'NCF1', 'IGSF3', 'APOC2', 'RBP7', 'FBXO2', 'HPCA', 'MDFI', 'SPARC', 'PARP14', 'MYC', 'TBC1D7', 'SAA2', 'MST150', 'NR4A1', 'PLP2', 'KLRC1', 'SVIL', 'PRKCZ', 'NPL', 'KNS2', 'AA906888', 'ITGA3', 'DIP2C', 'SPAG6', 'PSG1', 'TNC', 'PYHIN1', 'APCS', 'CLTB', 'N98591', 'CD44', 'ARPP.19', 'SETD5', 'OSBPL1A', 'DPYD', 'DUS3L', 'NNMT', 'GPNMB', 'MGC42367', 'RPS19BP1', 'H24428', 'AA598555', 'AI871056', 'MASP1', 'C8orf4', 'NEFH', 'R61377', 'C6orf12', 'LMO7', 'AA479357', 'AI350724', 'TNFAIP3', 'SP100', 'SLC35A2', 'KCNK6', 'C1orf63', 'CAMK2A', 'LY96', 'H78560', 'CALM1', 'CHN1', 'PLOD2', 'CA11', 'ZNF419B', 'TSPYL1', 'C16orf5', 'TIMP1', 'ITGA5', 'DLL3', 'PDXP', 'IMAGE.33267', 'ZNF226', 'TCF7L1', 'URP2', 'CLCA3', 'APOC1', 'MED11', 'AA424849', 'PEG3', 'AI263051', 'TncRNA', 'PRKCG', 'NLGN1', 'DKFZp313A2432', 'MMP2', 'CA12', 'IGFBP5', 'STK17A', 'ZNF217', 'COL1A2', 'PDLIM7', 'ASPA', 'T62491', 'EGLN2', 'BLVRB', 'ESM1', 'NDUFB11', 'LOC400451', 'USP6NL', 'KIAA1543', 'KIAA0963', 'PRRX1', 'FBXL16', 'MTHFD2', 'FN1', 'STXBP1', 'SUV39H1', 'HBXIP', 'LOC541471', 'CD47', 'AKR1C2', 'LOC57228', 'KIAA1644', 'SOCS3', 'HBA1', 'L1CAM', 'PSD3', 'C9orf48', 'CDC20B', 'FBXW7', 'RBP4', 'TGFBI', 'ZNF160', 'IFI30', 'CKMT1A', 'VSNL1', 'PHLDA1', 'SERPINH1', 'RPS3A', 'KLRC3', 'R70506', 'GOT1', 'STMN1', 'STC1', 'LAPTM5', 'C1R', 'PARD3', 'ITPKA', 'MB', 'NPC2', 'CD53', 'LOC388610', 'ID3', 'ANXA1', 'POSTN', 'AA401952', 'SCN2B', 'RND3', 'AI002301', 'W93688', 'CBLN2', 'PLAU', 'HEY1', 'CCR1', 'ADFP', 'TOMM40', 'DYNLT1', 'ANK3', 'LSP1', 'KCNQ2', 'FREQ', 'YWHAG', 'FABP3', 'COL1A1', 'TLL2', 'FCGRT', 'LUM', 'SYT7', 'FBL', 'DDN', 'H86813', 'CAP2', 'LAMB1', 'BCL2A1', 'CASP1', 'CLSTN3', 'TIMP3', 'IGF2BP3', 'IGHG1', 'CAV1', 'SLC16A3', 'ZNF329', 'GBP2', 'S100A11', 'DNASE1L1', 'LOC283070', 'INPP5F', 'PSG5', 'PPP3CB', 'L3MBTL4', 'HLA.DRB1', 'COX6A2', 'LGALS3', 'MYCBP2', 'TXNDC', 'AI262682', 'NPTX1', 'CYBA', 'IQSEC1', 'AA398420', 'FAM84A', 'LILRA1', 'MICAL2', 'EDNRB', 'EMP3', 'FAS', 'ITGA9', 'GYPC', 'LRBA', 'AA490257', 'HLA.F', 'NSF', 'ADARB2', 'EFHB', 'DDIT4', 'TTC23', 'COL3A1', 'AA975768', 'FGF13', 'TAP1', 'DCLRE1B', 'TCTEX1D1', 'DSCR1L1', 'NCF2', 'CYR61', 'DDEF1', 'CDKN1A', 'FLJ38984', 'MAL2', 'PLAUR', 'SYNGR3', 'EDG1', 'RALY', 'TNFRSF12A', 'ACAD8', 'PLTP', 'DMN', 'CEAL1', 'STEAP3', 'T97457', 'FCGR2B', 'SNCG', 'ANXA5', 'SERPINI1', 'PCP4', 'FBXO32', 'LHFPL2', 'RAB20', 'AA281932', 'PLA2G2A', 'EID.3', 'PALLD', 'PRKCB1', 'AA029415', 'MGP', 'LOC613212', 'H08563', 'GYPA', 'MVP', 'IL1RAP', 'X38595', 'IGF1R', 'PPP1R14A', 'LAMA4', 'NUAK1', 'KLRC2', 'RAB11FIP4', 'IL32', 'CAMKK2', 'CACNB3', 'BGN', 'AIF1', 'HSPG2', 'AEBP1', 'AA669383', 'TMEM146', 'ABCC3', 'SLC15A2', 'RFXAP', 'NMNAT2', 'PPP3CA', 'T51726', 'MGC18216', 'MSN', 'AA131320', 'IGFBP3', 'TFDP2', 'RGS16', 'MDK', 'AI005038', 'EDG3', 'NDST1', 'PYCR1', 'HCLS1', 'MRC2', 'RTN3', 'COX7A1', 'MAPKBP1', 'SNRPN', 'USP3', 'GAS1', 'CCL2', 'AKR1C1', 'GADD45B', 'KCNJ1', 'FLJ35740', 'IL21R', 'ZFHX1B', 'PRSS1', 'C4A', 'PNCK', 'F13A1', 'PRSS3', 'EXT1', 'TSPAN4', 'SBP1', 'AA598631', 'ZNF233', 'AI357047', 'ADAM19', 'VASP', 'CBX6', 'VAMP2', 'S100A1', 'NY.SAR.48', 'FAM84B', 'MYBPC2', 'CCDC3', 'ATP6V1C1', 'ABCA5', 'UBA52', 'AI822135', 'CD58', 'WASF1', 'DES', 'TMEM49', 'DECR2', 'X37864', 'RAB27B', 'HLA.G', 'CTHRC1', 'LTF', 'PYGL', 'HMOX1', 'H41096', 'FZD7', 'COL6A2', 'SERPINA3', 'HK2', 'NLK', 'DEF6', 'OSR1', 'HAMP', 'CDKN2D', 'FAM46A', 'LOC146795', 'NOTCH1', 'SRPX', 'SORT1', 'PTPRZ1', 'ADM', 'R52960', 'H91845', 'COL4A2', 'PDE4DIP', 'H10054', 'VEGF', 'PRKAR1B', 'WWTR1', 'HPRT1', 'CSPG2', 'AA181288', 'TSPAN6', 'GBP1', 'AI335002', 'S100A10', 'PCDHGC3', 'ID4', 'HNRNPG.T', 'ADCY1', 'PDE2A', 'SPINT2', 'CACNB2', 'PRG1', 'UGCG', 'RAB30', 'MOAP1', 'SERPING1', 'MGC39606', 'GPSM2', 'LYN']}, {'PCs': 43, <COParams.SEND_PROJ: ('Send projections', False)>: False, 'Row names': ['YWHAH', 'GABBR1', 'EPHB1', 'CAPG', 'UBE4B', 'SOX4', 'HLA.A', 'H20822', 'AA489629', 'C1orf187', 'CLIC1', 'CHI3L2', 'ZNF549', 'MSTP9', 'BCAM', 'AP4B1', 'LOC389831', 'WDR7', 'D21S2089E', 'MST1', 'MGC26694', 'COL9A2', 'LOC283130', 'SCAMP5', 'A2BP1', 'RUNX1', 'PDPN', 'R70684', 'BNIP2', 'KCNMA1', 'EPB49', 'NCF1', 'IGSF3', 'APOC2', 'RBP7', 'FBXO2', 'HPCA', 'MDFI', 'SPARC', 'PARP14', 'MYC', 'TBC1D7', 'SAA2', 'MST150', 'NR4A1', 'PLP2', 'KLRC1', 'SVIL', 'PRKCZ', 'NPL', 'KNS2', 'AA906888', 'ITGA3', 'DIP2C', 'SPAG6', 'PSG1', 'TNC', 'PYHIN1', 'APCS', 'CLTB', 'N98591', 'CD44', 'ARPP.19', 'SETD5', 'OSBPL1A', 'DPYD', 'DUS3L', 'NNMT', 'GPNMB', 'MGC42367', 'RPS19BP1', 'H24428', 'AA598555', 'AI871056', 'MASP1', 'C8orf4', 'NEFH', 'R61377', 'C6orf12', 'LMO7', 'AA479357', 'AI350724', 'TNFAIP3', 'SP100', 'SLC35A2', 'KCNK6', 'C1orf63', 'CAMK2A', 'LY96', 'H78560', 'CALM1', 'CHN1', 'PLOD2', 'CA11', 'ZNF419B', 'TSPYL1', 'C16orf5', 'TIMP1', 'ITGA5', 'DLL3', 'PDXP', 'IMAGE.33267', 'ZNF226', 'TCF7L1', 'URP2', 'CLCA3', 'APOC1', 'MED11', 'AA424849', 'PEG3', 'AI263051', 'TncRNA', 'PRKCG', 'NLGN1', 'DKFZp313A2432', 'MMP2', 'CA12', 'IGFBP5', 'STK17A', 'ZNF217', 'COL1A2', 'PDLIM7', 'ASPA', 'T62491', 'EGLN2', 'BLVRB', 'ESM1', 'NDUFB11', 'LOC400451', 'USP6NL', 'KIAA1543', 'KIAA0963', 'PRRX1', 'FBXL16', 'MTHFD2', 'FN1', 'STXBP1', 'SUV39H1', 'HBXIP', 'LOC541471', 'CD47', 'AKR1C2', 'LOC57228', 'KIAA1644', 'SOCS3', 'HBA1', 'L1CAM', 'PSD3', 'C9orf48', 'CDC20B', 'FBXW7', 'RBP4', 'TGFBI', 'ZNF160', 'IFI30', 'CKMT1A', 'VSNL1', 'PHLDA1', 'SERPINH1', 'RPS3A', 'KLRC3', 'R70506', 'GOT1', 'STMN1', 'STC1', 'LAPTM5', 'C1R', 'PARD3', 'ITPKA', 'MB', 'NPC2', 'CD53', 'LOC388610', 'ID3', 'ANXA1', 'POSTN', 'AA401952', 'SCN2B', 'RND3', 'AI002301', 'W93688', 'CBLN2', 'PLAU', 'HEY1', 'CCR1', 'ADFP', 'TOMM40', 'DYNLT1', 'ANK3', 'LSP1', 'KCNQ2', 'FREQ', 'YWHAG', 'FABP3', 'COL1A1', 'TLL2', 'FCGRT', 'LUM', 'SYT7', 'FBL', 'DDN', 'H86813', 'CAP2', 'LAMB1', 'BCL2A1', 'CASP1', 'CLSTN3', 'TIMP3', 'IGF2BP3', 'IGHG1', 'CAV1', 'SLC16A3', 'ZNF329', 'GBP2', 'S100A11', 'DNASE1L1', 'LOC283070', 'INPP5F', 'PSG5', 'PPP3CB', 'L3MBTL4', 'HLA.DRB1', 'COX6A2', 'LGALS3', 'MYCBP2', 'TXNDC', 'AI262682', 'NPTX1', 'CYBA', 'IQSEC1', 'AA398420', 'FAM84A', 'LILRA1', 'MICAL2', 'EDNRB', 'EMP3', 'FAS', 'ITGA9', 'GYPC', 'LRBA', 'AA490257', 'HLA.F', 'NSF', 'ADARB2', 'EFHB', 'DDIT4', 'TTC23', 'COL3A1', 'AA975768', 'FGF13', 'TAP1', 'DCLRE1B', 'TCTEX1D1', 'DSCR1L1', 'NCF2', 'CYR61', 'DDEF1', 'CDKN1A', 'FLJ38984', 'MAL2', 'PLAUR', 'SYNGR3', 'EDG1', 'RALY', 'TNFRSF12A', 'ACAD8', 'PLTP', 'DMN', 'CEAL1', 'STEAP3', 'T97457', 'FCGR2B', 'SNCG', 'ANXA5', 'SERPINI1', 'PCP4', 'FBXO32', 'LHFPL2', 'RAB20', 'AA281932', 'PLA2G2A', 'EID.3', 'PALLD', 'PRKCB1', 'AA029415', 'MGP', 'LOC613212', 'H08563', 'GYPA', 'MVP', 'IL1RAP', 'X38595', 'IGF1R', 'PPP1R14A', 'LAMA4', 'NUAK1', 'KLRC2', 'RAB11FIP4', 'IL32', 'CAMKK2', 'CACNB3', 'BGN', 'AIF1', 'HSPG2', 'AEBP1', 'AA669383', 'TMEM146', 'ABCC3', 'SLC15A2', 'RFXAP', 'NMNAT2', 'PPP3CA', 'T51726', 'MGC18216', 'MSN', 'AA131320', 'IGFBP3', 'TFDP2', 'RGS16', 'MDK', 'AI005038', 'EDG3', 'NDST1', 'PYCR1', 'HCLS1', 'MRC2', 'RTN3', 'COX7A1', 'MAPKBP1', 'SNRPN', 'USP3', 'GAS1', 'CCL2', 'AKR1C1', 'GADD45B', 'KCNJ1', 'FLJ35740', 'IL21R', 'ZFHX1B', 'PRSS1', 'C4A', 'PNCK', 'F13A1', 'PRSS3', 'EXT1', 'TSPAN4', 'SBP1', 'AA598631', 'ZNF233', 'AI357047', 'ADAM19', 'VASP', 'CBX6', 'VAMP2', 'S100A1', 'NY.SAR.48', 'FAM84B', 'MYBPC2', 'CCDC3', 'ATP6V1C1', 'ABCA5', 'UBA52', 'AI822135', 'CD58', 'WASF1', 'DES', 'TMEM49', 'DECR2', 'X37864', 'RAB27B', 'HLA.G', 'CTHRC1', 'LTF', 'PYGL', 'HMOX1', 'H41096', 'FZD7', 'COL6A2', 'SERPINA3', 'HK2', 'NLK', 'DEF6', 'OSR1', 'HAMP', 'CDKN2D', 'FAM46A', 'LOC146795', 'NOTCH1', 'SRPX', 'SORT1', 'PTPRZ1', 'ADM', 'R52960', 'H91845', 'COL4A2', 'PDE4DIP', 'H10054', 'VEGF', 'PRKAR1B', 'WWTR1', 'HPRT1', 'CSPG2', 'AA181288', 'TSPAN6', 'GBP1', 'AI335002', 'S100A10', 'PCDHGC3', 'ID4', 'HNRNPG.T', 'ADCY1', 'PDE2A', 'SPINT2', 'CACNB2', 'PRG1', 'UGCG', 'RAB30', 'MOAP1', 'SERPING1', 'MGC39606', 'GPSM2', 'LYN']}]
INCOMING
{'PCs': 43, <COParams.SEND_PROJ: ('Send projections', False)>: False, 'Row names': ['YWHAH', 'GABBR1', 'EPHB1', 'CAPG', 'UBE4B', 'SOX4', 'HLA.A', 'H20822', 'AA489629', 'C1orf187', 'CLIC1', 'CHI3L2', 'ZNF549', 'MSTP9', 'BCAM', 'AP4B1', 'LOC389831', 'WDR7', 'D21S2089E', 'MST1', 'MGC26694', 'COL9A2', 'LOC283130', 'SCAMP5', 'A2BP1', 'RUNX1', 'PDPN', 'R70684', 'BNIP2', 'KCNMA1', 'EPB49', 'NCF1', 'IGSF3', 'APOC2', 'RBP7', 'FBXO2', 'HPCA', 'MDFI', 'SPARC', 'PARP14', 'MYC', 'TBC1D7', 'SAA2', 'MST150', 'NR4A1', 'PLP2', 'KLRC1', 'SVIL', 'PRKCZ', 'NPL', 'KNS2', 'AA906888', 'ITGA3', 'DIP2C', 'SPAG6', 'PSG1', 'TNC', 'PYHIN1', 'APCS', 'CLTB', 'N98591', 'CD44', 'ARPP.19', 'SETD5', 'OSBPL1A', 'DPYD', 'DUS3L', 'NNMT', 'GPNMB', 'MGC42367', 'RPS19BP1', 'H24428', 'AA598555', 'AI871056', 'MASP1', 'C8orf4', 'NEFH', 'R61377', 'C6orf12', 'LMO7', 'AA479357', 'AI350724', 'TNFAIP3', 'SP100', 'SLC35A2', 'KCNK6', 'C1orf63', 'CAMK2A', 'LY96', 'H78560', 'CALM1', 'CHN1', 'PLOD2', 'CA11', 'ZNF419B', 'TSPYL1', 'C16orf5', 'TIMP1', 'ITGA5', 'DLL3', 'PDXP', 'IMAGE.33267', 'ZNF226', 'TCF7L1', 'URP2', 'CLCA3', 'APOC1', 'MED11', 'AA424849', 'PEG3', 'AI263051', 'TncRNA', 'PRKCG', 'NLGN1', 'DKFZp313A2432', 'MMP2', 'CA12', 'IGFBP5', 'STK17A', 'ZNF217', 'COL1A2', 'PDLIM7', 'ASPA', 'T62491', 'EGLN2', 'BLVRB', 'ESM1', 'NDUFB11', 'LOC400451', 'USP6NL', 'KIAA1543', 'KIAA0963', 'PRRX1', 'FBXL16', 'MTHFD2', 'FN1', 'STXBP1', 'SUV39H1', 'HBXIP', 'LOC541471', 'CD47', 'AKR1C2', 'LOC57228', 'KIAA1644', 'SOCS3', 'HBA1', 'L1CAM', 'PSD3', 'C9orf48', 'CDC20B', 'FBXW7', 'RBP4', 'TGFBI', 'ZNF160', 'IFI30', 'CKMT1A', 'VSNL1', 'PHLDA1', 'SERPINH1', 'RPS3A', 'KLRC3', 'R70506', 'GOT1', 'STMN1', 'STC1', 'LAPTM5', 'C1R', 'PARD3', 'ITPKA', 'MB', 'NPC2', 'CD53', 'LOC388610', 'ID3', 'ANXA1', 'POSTN', 'AA401952', 'SCN2B', 'RND3', 'AI002301', 'W93688', 'CBLN2', 'PLAU', 'HEY1', 'CCR1', 'ADFP', 'TOMM40', 'DYNLT1', 'ANK3', 'LSP1', 'KCNQ2', 'FREQ', 'YWHAG', 'FABP3', 'COL1A1', 'TLL2', 'FCGRT', 'LUM', 'SYT7', 'FBL', 'DDN', 'H86813', 'CAP2', 'LAMB1', 'BCL2A1', 'CASP1', 'CLSTN3', 'TIMP3', 'IGF2BP3', 'IGHG1', 'CAV1', 'SLC16A3', 'ZNF329', 'GBP2', 'S100A11', 'DNASE1L1', 'LOC283070', 'INPP5F', 'PSG5', 'PPP3CB', 'L3MBTL4', 'HLA.DRB1', 'COX6A2', 'LGALS3', 'MYCBP2', 'TXNDC', 'AI262682', 'NPTX1', 'CYBA', 'IQSEC1', 'AA398420', 'FAM84A', 'LILRA1', 'MICAL2', 'EDNRB', 'EMP3', 'FAS', 'ITGA9', 'GYPC', 'LRBA', 'AA490257', 'HLA.F', 'NSF', 'ADARB2', 'EFHB', 'DDIT4', 'TTC23', 'COL3A1', 'AA975768', 'FGF13', 'TAP1', 'DCLRE1B', 'TCTEX1D1', 'DSCR1L1', 'NCF2', 'CYR61', 'DDEF1', 'CDKN1A', 'FLJ38984', 'MAL2', 'PLAUR', 'SYNGR3', 'EDG1', 'RALY', 'TNFRSF12A', 'ACAD8', 'PLTP', 'DMN', 'CEAL1', 'STEAP3', 'T97457', 'FCGR2B', 'SNCG', 'ANXA5', 'SERPINI1', 'PCP4', 'FBXO32', 'LHFPL2', 'RAB20', 'AA281932', 'PLA2G2A', 'EID.3', 'PALLD', 'PRKCB1', 'AA029415', 'MGP', 'LOC613212', 'H08563', 'GYPA', 'MVP', 'IL1RAP', 'X38595', 'IGF1R', 'PPP1R14A', 'LAMA4', 'NUAK1', 'KLRC2', 'RAB11FIP4', 'IL32', 'CAMKK2', 'CACNB3', 'BGN', 'AIF1', 'HSPG2', 'AEBP1', 'AA669383', 'TMEM146', 'ABCC3', 'SLC15A2', 'RFXAP', 'NMNAT2', 'PPP3CA', 'T51726', 'MGC18216', 'MSN', 'AA131320', 'IGFBP3', 'TFDP2', 'RGS16', 'MDK', 'AI005038', 'EDG3', 'NDST1', 'PYCR1', 'HCLS1', 'MRC2', 'RTN3', 'COX7A1', 'MAPKBP1', 'SNRPN', 'USP3', 'GAS1', 'CCL2', 'AKR1C1', 'GADD45B', 'KCNJ1', 'FLJ35740', 'IL21R', 'ZFHX1B', 'PRSS1', 'C4A', 'PNCK', 'F13A1', 'PRSS3', 'EXT1', 'TSPAN4', 'SBP1', 'AA598631', 'ZNF233', 'AI357047', 'ADAM19', 'VASP', 'CBX6', 'VAMP2', 'S100A1', 'NY.SAR.48', 'FAM84B', 'MYBPC2', 'CCDC3', 'ATP6V1C1', 'ABCA5', 'UBA52', 'AI822135', 'CD58', 'WASF1', 'DES', 'TMEM49', 'DECR2', 'X37864', 'RAB27B', 'HLA.G', 'CTHRC1', 'LTF', 'PYGL', 'HMOX1', 'H41096', 'FZD7', 'COL6A2', 'SERPINA3', 'HK2', 'NLK', 'DEF6', 'OSR1', 'HAMP', 'CDKN2D', 'FAM46A', 'LOC146795', 'NOTCH1', 'SRPX', 'SORT1', 'PTPRZ1', 'ADM', 'R52960', 'H91845', 'COL4A2', 'PDE4DIP', 'H10054', 'VEGF', 'PRKAR1B', 'WWTR1', 'HPRT1', 'CSPG2', 'AA181288', 'TSPAN6', 'GBP1', 'AI335002', 'S100A10', 'PCDHGC3', 'ID4', 'HNRNPG.T', 'ADCY1', 'PDE2A', 'SPINT2', 'CACNB2', 'PRG1', 'UGCG', 'RAB30', 'MOAP1', 'SERPING1', 'MGC39606', 'GPSM2', 'LYN']}
K
[43, 43]
incoming[COParams.PCS.n]
43
INCOMING
{'PCs': 43, <COParams.SEND_PROJ: ('Send projections', False)>: False, 'Row names': ['YWHAH', 'GABBR1', 'EPHB1', 'CAPG', 'UBE4B', 'SOX4', 'HLA.A', 'H20822', 'AA489629', 'C1orf187', 'CLIC1', 'CHI3L2', 'ZNF549', 'MSTP9', 'BCAM', 'AP4B1', 'LOC389831', 'WDR7', 'D21S2089E', 'MST1', 'MGC26694', 'COL9A2', 'LOC283130', 'SCAMP5', 'A2BP1', 'RUNX1', 'PDPN', 'R70684', 'BNIP2', 'KCNMA1', 'EPB49', 'NCF1', 'IGSF3', 'APOC2', 'RBP7', 'FBXO2', 'HPCA', 'MDFI', 'SPARC', 'PARP14', 'MYC', 'TBC1D7', 'SAA2', 'MST150', 'NR4A1', 'PLP2', 'KLRC1', 'SVIL', 'PRKCZ', 'NPL', 'KNS2', 'AA906888', 'ITGA3', 'DIP2C', 'SPAG6', 'PSG1', 'TNC', 'PYHIN1', 'APCS', 'CLTB', 'N98591', 'CD44', 'ARPP.19', 'SETD5', 'OSBPL1A', 'DPYD', 'DUS3L', 'NNMT', 'GPNMB', 'MGC42367', 'RPS19BP1', 'H24428', 'AA598555', 'AI871056', 'MASP1', 'C8orf4', 'NEFH', 'R61377', 'C6orf12', 'LMO7', 'AA479357', 'AI350724', 'TNFAIP3', 'SP100', 'SLC35A2', 'KCNK6', 'C1orf63', 'CAMK2A', 'LY96', 'H78560', 'CALM1', 'CHN1', 'PLOD2', 'CA11', 'ZNF419B', 'TSPYL1', 'C16orf5', 'TIMP1', 'ITGA5', 'DLL3', 'PDXP', 'IMAGE.33267', 'ZNF226', 'TCF7L1', 'URP2', 'CLCA3', 'APOC1', 'MED11', 'AA424849', 'PEG3', 'AI263051', 'TncRNA', 'PRKCG', 'NLGN1', 'DKFZp313A2432', 'MMP2', 'CA12', 'IGFBP5', 'STK17A', 'ZNF217', 'COL1A2', 'PDLIM7', 'ASPA', 'T62491', 'EGLN2', 'BLVRB', 'ESM1', 'NDUFB11', 'LOC400451', 'USP6NL', 'KIAA1543', 'KIAA0963', 'PRRX1', 'FBXL16', 'MTHFD2', 'FN1', 'STXBP1', 'SUV39H1', 'HBXIP', 'LOC541471', 'CD47', 'AKR1C2', 'LOC57228', 'KIAA1644', 'SOCS3', 'HBA1', 'L1CAM', 'PSD3', 'C9orf48', 'CDC20B', 'FBXW7', 'RBP4', 'TGFBI', 'ZNF160', 'IFI30', 'CKMT1A', 'VSNL1', 'PHLDA1', 'SERPINH1', 'RPS3A', 'KLRC3', 'R70506', 'GOT1', 'STMN1', 'STC1', 'LAPTM5', 'C1R', 'PARD3', 'ITPKA', 'MB', 'NPC2', 'CD53', 'LOC388610', 'ID3', 'ANXA1', 'POSTN', 'AA401952', 'SCN2B', 'RND3', 'AI002301', 'W93688', 'CBLN2', 'PLAU', 'HEY1', 'CCR1', 'ADFP', 'TOMM40', 'DYNLT1', 'ANK3', 'LSP1', 'KCNQ2', 'FREQ', 'YWHAG', 'FABP3', 'COL1A1', 'TLL2', 'FCGRT', 'LUM', 'SYT7', 'FBL', 'DDN', 'H86813', 'CAP2', 'LAMB1', 'BCL2A1', 'CASP1', 'CLSTN3', 'TIMP3', 'IGF2BP3', 'IGHG1', 'CAV1', 'SLC16A3', 'ZNF329', 'GBP2', 'S100A11', 'DNASE1L1', 'LOC283070', 'INPP5F', 'PSG5', 'PPP3CB', 'L3MBTL4', 'HLA.DRB1', 'COX6A2', 'LGALS3', 'MYCBP2', 'TXNDC', 'AI262682', 'NPTX1', 'CYBA', 'IQSEC1', 'AA398420', 'FAM84A', 'LILRA1', 'MICAL2', 'EDNRB', 'EMP3', 'FAS', 'ITGA9', 'GYPC', 'LRBA', 'AA490257', 'HLA.F', 'NSF', 'ADARB2', 'EFHB', 'DDIT4', 'TTC23', 'COL3A1', 'AA975768', 'FGF13', 'TAP1', 'DCLRE1B', 'TCTEX1D1', 'DSCR1L1', 'NCF2', 'CYR61', 'DDEF1', 'CDKN1A', 'FLJ38984', 'MAL2', 'PLAUR', 'SYNGR3', 'EDG1', 'RALY', 'TNFRSF12A', 'ACAD8', 'PLTP', 'DMN', 'CEAL1', 'STEAP3', 'T97457', 'FCGR2B', 'SNCG', 'ANXA5', 'SERPINI1', 'PCP4', 'FBXO32', 'LHFPL2', 'RAB20', 'AA281932', 'PLA2G2A', 'EID.3', 'PALLD', 'PRKCB1', 'AA029415', 'MGP', 'LOC613212', 'H08563', 'GYPA', 'MVP', 'IL1RAP', 'X38595', 'IGF1R', 'PPP1R14A', 'LAMA4', 'NUAK1', 'KLRC2', 'RAB11FIP4', 'IL32', 'CAMKK2', 'CACNB3', 'BGN', 'AIF1', 'HSPG2', 'AEBP1', 'AA669383', 'TMEM146', 'ABCC3', 'SLC15A2', 'RFXAP', 'NMNAT2', 'PPP3CA', 'T51726', 'MGC18216', 'MSN', 'AA131320', 'IGFBP3', 'TFDP2', 'RGS16', 'MDK', 'AI005038', 'EDG3', 'NDST1', 'PYCR1', 'HCLS1', 'MRC2', 'RTN3', 'COX7A1', 'MAPKBP1', 'SNRPN', 'USP3', 'GAS1', 'CCL2', 'AKR1C1', 'GADD45B', 'KCNJ1', 'FLJ35740', 'IL21R', 'ZFHX1B', 'PRSS1', 'C4A', 'PNCK', 'F13A1', 'PRSS3', 'EXT1', 'TSPAN4', 'SBP1', 'AA598631', 'ZNF233', 'AI357047', 'ADAM19', 'VASP', 'CBX6', 'VAMP2', 'S100A1', 'NY.SAR.48', 'FAM84B', 'MYBPC2', 'CCDC3', 'ATP6V1C1', 'ABCA5', 'UBA52', 'AI822135', 'CD58', 'WASF1', 'DES', 'TMEM49', 'DECR2', 'X37864', 'RAB27B', 'HLA.G', 'CTHRC1', 'LTF', 'PYGL', 'HMOX1', 'H41096', 'FZD7', 'COL6A2', 'SERPINA3', 'HK2', 'NLK', 'DEF6', 'OSR1', 'HAMP', 'CDKN2D', 'FAM46A', 'LOC146795', 'NOTCH1', 'SRPX', 'SORT1', 'PTPRZ1', 'ADM', 'R52960', 'H91845', 'COL4A2', 'PDE4DIP', 'H10054', 'VEGF', 'PRKAR1B', 'WWTR1', 'HPRT1', 'CSPG2', 'AA181288', 'TSPAN6', 'GBP1', 'AI335002', 'S100A10', 'PCDHGC3', 'ID4', 'HNRNPG.T', 'ADCY1', 'PDE2A', 'SPINT2', 'CACNB2', 'PRG1', 'UGCG', 'RAB30', 'MOAP1', 'SERPING1', 'MGC39606', 'GPSM2', 'LYN']}
K
[43, 43]
incoming[COParams.PCS.n]
43
['YWHAH', 'GABBR1', 'EPHB1', 'CAPG', 'UBE4B', 'SOX4', 'HLA.A', 'H20822', 'AA489629', 'C1orf187', 'CLIC1', 'CHI3L2', 'ZNF549', 'MSTP9', 'BCAM', 'AP4B1', 'LOC389831', 'WDR7', 'D21S2089E', 'MST1', 'MGC26694', 'COL9A2', 'LOC283130', 'SCAMP5', 'A2BP1', 'RUNX1', 'PDPN', 'R70684', 'BNIP2', 'KCNMA1', 'EPB49', 'NCF1', 'IGSF3', 'APOC2', 'RBP7', 'FBXO2', 'HPCA', 'MDFI', 'SPARC', 'PARP14', 'MYC', 'TBC1D7', 'SAA2', 'MST150', 'NR4A1', 'PLP2', 'KLRC1', 'SVIL', 'PRKCZ', 'NPL', 'KNS2', 'AA906888', 'ITGA3', 'DIP2C', 'SPAG6', 'PSG1', 'TNC', 'PYHIN1', 'APCS', 'CLTB', 'N98591', 'CD44', 'ARPP.19', 'SETD5', 'OSBPL1A', 'DPYD', 'DUS3L', 'NNMT', 'GPNMB', 'MGC42367', 'RPS19BP1', 'H24428', 'AA598555', 'AI871056', 'MASP1', 'C8orf4', 'NEFH', 'R61377', 'C6orf12', 'LMO7', 'AA479357', 'AI350724', 'TNFAIP3', 'SP100', 'SLC35A2', 'KCNK6', 'C1orf63', 'CAMK2A', 'LY96', 'H78560', 'CALM1', 'CHN1', 'PLOD2', 'CA11', 'ZNF419B', 'TSPYL1', 'C16orf5', 'TIMP1', 'ITGA5', 'DLL3', 'PDXP', 'IMAGE.33267', 'ZNF226', 'TCF7L1', 'URP2', 'CLCA3', 'APOC1', 'MED11', 'AA424849', 'PEG3', 'AI263051', 'TncRNA', 'PRKCG', 'NLGN1', 'DKFZp313A2432', 'MMP2', 'CA12', 'IGFBP5', 'STK17A', 'ZNF217', 'COL1A2', 'PDLIM7', 'ASPA', 'T62491', 'EGLN2', 'BLVRB', 'ESM1', 'NDUFB11', 'LOC400451', 'USP6NL', 'KIAA1543', 'KIAA0963', 'PRRX1', 'FBXL16', 'MTHFD2', 'FN1', 'STXBP1', 'SUV39H1', 'HBXIP', 'LOC541471', 'CD47', 'AKR1C2', 'LOC57228', 'KIAA1644', 'SOCS3', 'HBA1', 'L1CAM', 'PSD3', 'C9orf48', 'CDC20B', 'FBXW7', 'RBP4', 'TGFBI', 'ZNF160', 'IFI30', 'CKMT1A', 'VSNL1', 'PHLDA1', 'SERPINH1', 'RPS3A', 'KLRC3', 'R70506', 'GOT1', 'STMN1', 'STC1', 'LAPTM5', 'C1R', 'PARD3', 'ITPKA', 'MB', 'NPC2', 'CD53', 'LOC388610', 'ID3', 'ANXA1', 'POSTN', 'AA401952', 'SCN2B', 'RND3', 'AI002301', 'W93688', 'CBLN2', 'PLAU', 'HEY1', 'CCR1', 'ADFP', 'TOMM40', 'DYNLT1', 'ANK3', 'LSP1', 'KCNQ2', 'FREQ', 'YWHAG', 'FABP3', 'COL1A1', 'TLL2', 'FCGRT', 'LUM', 'SYT7', 'FBL', 'DDN', 'H86813', 'CAP2', 'LAMB1', 'BCL2A1', 'CASP1', 'CLSTN3', 'TIMP3', 'IGF2BP3', 'IGHG1', 'CAV1', 'SLC16A3', 'ZNF329', 'GBP2', 'S100A11', 'DNASE1L1', 'LOC283070', 'INPP5F', 'PSG5', 'PPP3CB', 'L3MBTL4', 'HLA.DRB1', 'COX6A2', 'LGALS3', 'MYCBP2', 'TXNDC', 'AI262682', 'NPTX1', 'CYBA', 'IQSEC1', 'AA398420', 'FAM84A', 'LILRA1', 'MICAL2', 'EDNRB', 'EMP3', 'FAS', 'ITGA9', 'GYPC', 'LRBA', 'AA490257', 'HLA.F', 'NSF', 'ADARB2', 'EFHB', 'DDIT4', 'TTC23', 'COL3A1', 'AA975768', 'FGF13', 'TAP1', 'DCLRE1B', 'TCTEX1D1', 'DSCR1L1', 'NCF2', 'CYR61', 'DDEF1', 'CDKN1A', 'FLJ38984', 'MAL2', 'PLAUR', 'SYNGR3', 'EDG1', 'RALY', 'TNFRSF12A', 'ACAD8', 'PLTP', 'DMN', 'CEAL1', 'STEAP3', 'T97457', 'FCGR2B', 'SNCG', 'ANXA5', 'SERPINI1', 'PCP4', 'FBXO32', 'LHFPL2', 'RAB20', 'AA281932', 'PLA2G2A', 'EID.3', 'PALLD', 'PRKCB1', 'AA029415', 'MGP', 'LOC613212', 'H08563', 'GYPA', 'MVP', 'IL1RAP', 'X38595', 'IGF1R', 'PPP1R14A', 'LAMA4', 'NUAK1', 'KLRC2', 'RAB11FIP4', 'IL32', 'CAMKK2', 'CACNB3', 'BGN', 'AIF1', 'HSPG2', 'AEBP1', 'AA669383', 'TMEM146', 'ABCC3', 'SLC15A2', 'RFXAP', 'NMNAT2', 'PPP3CA', 'T51726', 'MGC18216', 'MSN', 'AA131320', 'IGFBP3', 'TFDP2', 'RGS16', 'MDK', 'AI005038', 'EDG3', 'NDST1', 'PYCR1', 'HCLS1', 'MRC2', 'RTN3', 'COX7A1', 'MAPKBP1', 'SNRPN', 'USP3', 'GAS1', 'CCL2', 'AKR1C1', 'GADD45B', 'KCNJ1', 'FLJ35740', 'IL21R', 'ZFHX1B', 'PRSS1', 'C4A', 'PNCK', 'F13A1', 'PRSS3', 'EXT1', 'TSPAN4', 'SBP1', 'AA598631', 'ZNF233', 'AI357047', 'ADAM19', 'VASP', 'CBX6', 'VAMP2', 'S100A1', 'NY.SAR.48', 'FAM84B', 'MYBPC2', 'CCDC3', 'ATP6V1C1', 'ABCA5', 'UBA52', 'AI822135', 'CD58', 'WASF1', 'DES', 'TMEM49', 'DECR2', 'X37864', 'RAB27B', 'HLA.G', 'CTHRC1', 'LTF', 'PYGL', 'HMOX1', 'H41096', 'FZD7', 'COL6A2', 'SERPINA3', 'HK2', 'NLK', 'DEF6', 'OSR1', 'HAMP', 'CDKN2D', 'FAM46A', 'LOC146795', 'NOTCH1', 'SRPX', 'SORT1', 'PTPRZ1', 'ADM', 'R52960', 'H91845', 'COL4A2', 'PDE4DIP', 'H10054', 'VEGF', 'PRKAR1B', 'WWTR1', 'HPRT1', 'CSPG2', 'AA181288', 'TSPAN6', 'GBP1', 'AI335002', 'S100A10', 'PCDHGC3', 'ID4', 'HNRNPG.T', 'ADCY1', 'PDE2A', 'SPINT2', 'CACNB2', 'PRG1', 'UGCG', 'RAB30', 'MOAP1', 'SERPING1', 'MGC39606', 'GPSM2', 'LYN']
INDEX
[344, 146, 191, 72, 60, 196, 217, 224, 180, 361, 99, 87, 29, 230, 49, 44, 235, 126, 42, 134, 210, 197, 414, 182, 216, 107, 86, 398, 410, 228, 393, 351, 64, 178, 63, 312, 384, 394, 403, 407, 264, 129, 369, 138, 392, 89, 118, 2, 200, 119, 245, 193, 373, 1, 6, 66, 165, 297, 287, 214, 419, 305, 120, 91, 294, 223, 21, 128, 309, 40, 162, 279, 354, 204, 88, 315, 186, 185, 335, 226, 231, 367, 266, 208, 299, 56, 14, 286, 248, 80, 251, 374, 268, 352, 31, 95, 155, 82, 77, 94, 168, 84, 24, 132, 285, 17, 51, 406, 391, 139, 359, 409, 416, 154, 166, 324, 110, 219, 415, 233, 158, 253, 81, 311, 48, 65, 390, 61, 156, 15, 22, 280, 327, 188, 176, 202, 206, 163, 23, 79, 103, 9, 137, 153, 85, 310, 296, 106, 109, 265, 376, 292, 358, 45, 104, 278, 313, 260, 143, 183, 116, 177, 261, 187, 167, 326, 189, 5, 290, 238, 364, 283, 203, 356, 179, 267, 386, 404, 174, 350, 255, 337, 184, 160, 332, 227, 360, 387, 349, 211, 277, 345, 213, 141, 102, 53, 300, 378, 405, 413, 336, 181, 319, 320, 343, 252, 271, 123, 250, 381, 399, 142, 38, 338, 90, 308, 27, 322, 36, 78, 222, 417, 59, 113, 73, 396, 194, 422, 355, 362, 83, 382, 47, 408, 111, 74, 306, 331, 263, 46, 234, 366, 281, 4, 262, 293, 62, 152, 236, 205, 357, 28, 10, 334, 316, 370, 32, 259, 242, 333, 124, 372, 25, 97, 71, 13, 318, 33, 19, 114, 92, 240, 218, 192, 347, 379, 37, 108, 389, 101, 276, 20, 397, 339, 199, 423, 98, 69, 11, 273, 328, 257, 52, 420, 289, 307, 117, 282, 247, 295, 172, 70, 365, 161, 157, 270, 55, 221, 421, 164, 145, 112, 371, 35, 68, 136, 115, 57, 76, 272, 301, 321, 402, 220, 209, 130, 75, 18, 170, 244, 256, 388, 274, 7, 412, 34, 201, 284, 400, 368, 241, 125, 340, 317, 0, 330, 39, 377, 58, 207, 375, 12, 150, 147, 341, 353, 96, 67, 8, 105, 131, 93, 225, 133, 149, 363, 140, 135, 127, 151, 329, 385, 232, 243, 175, 383, 411, 159, 198, 291, 348, 254, 41, 304, 269, 275, 195, 237, 380, 26, 302, 144, 342, 298, 122, 323, 401, 100, 212, 190, 288, 148, 249, 258, 246, 215, 325, 229, 171, 43, 303, 121, 314, 16, 418, 346, 239, 169, 173, 3, 50, 395]
['YWHAH', 'GABBR1', 'EPHB1', 'CAPG', 'UBE4B', 'SOX4', 'HLA.A', 'H20822', 'AA489629', 'C1orf187', 'CLIC1', 'CHI3L2', 'ZNF549', 'MSTP9', 'BCAM', 'AP4B1', 'LOC389831', 'WDR7', 'D21S2089E', 'MST1', 'MGC26694', 'COL9A2', 'LOC283130', 'SCAMP5', 'A2BP1', 'RUNX1', 'PDPN', 'R70684', 'BNIP2', 'KCNMA1', 'EPB49', 'NCF1', 'IGSF3', 'APOC2', 'RBP7', 'FBXO2', 'HPCA', 'MDFI', 'SPARC', 'PARP14', 'MYC', 'TBC1D7', 'SAA2', 'MST150', 'NR4A1', 'PLP2', 'KLRC1', 'SVIL', 'PRKCZ', 'NPL', 'KNS2', 'AA906888', 'ITGA3', 'DIP2C', 'SPAG6', 'PSG1', 'TNC', 'PYHIN1', 'APCS', 'CLTB', 'N98591', 'CD44', 'ARPP.19', 'SETD5', 'OSBPL1A', 'DPYD', 'DUS3L', 'NNMT', 'GPNMB', 'MGC42367', 'RPS19BP1', 'H24428', 'AA598555', 'AI871056', 'MASP1', 'C8orf4', 'NEFH', 'R61377', 'C6orf12', 'LMO7', 'AA479357', 'AI350724', 'TNFAIP3', 'SP100', 'SLC35A2', 'KCNK6', 'C1orf63', 'CAMK2A', 'LY96', 'H78560', 'CALM1', 'CHN1', 'PLOD2', 'CA11', 'ZNF419B', 'TSPYL1', 'C16orf5', 'TIMP1', 'ITGA5', 'DLL3', 'PDXP', 'IMAGE.33267', 'ZNF226', 'TCF7L1', 'URP2', 'CLCA3', 'APOC1', 'MED11', 'AA424849', 'PEG3', 'AI263051', 'TncRNA', 'PRKCG', 'NLGN1', 'DKFZp313A2432', 'MMP2', 'CA12', 'IGFBP5', 'STK17A', 'ZNF217', 'COL1A2', 'PDLIM7', 'ASPA', 'T62491', 'EGLN2', 'BLVRB', 'ESM1', 'NDUFB11', 'LOC400451', 'USP6NL', 'KIAA1543', 'KIAA0963', 'PRRX1', 'FBXL16', 'MTHFD2', 'FN1', 'STXBP1', 'SUV39H1', 'HBXIP', 'LOC541471', 'CD47', 'AKR1C2', 'LOC57228', 'KIAA1644', 'SOCS3', 'HBA1', 'L1CAM', 'PSD3', 'C9orf48', 'CDC20B', 'FBXW7', 'RBP4', 'TGFBI', 'ZNF160', 'IFI30', 'CKMT1A', 'VSNL1', 'PHLDA1', 'SERPINH1', 'RPS3A', 'KLRC3', 'R70506', 'GOT1', 'STMN1', 'STC1', 'LAPTM5', 'C1R', 'PARD3', 'ITPKA', 'MB', 'NPC2', 'CD53', 'LOC388610', 'ID3', 'ANXA1', 'POSTN', 'AA401952', 'SCN2B', 'RND3', 'AI002301', 'W93688', 'CBLN2', 'PLAU', 'HEY1', 'CCR1', 'ADFP', 'TOMM40', 'DYNLT1', 'ANK3', 'LSP1', 'KCNQ2', 'FREQ', 'YWHAG', 'FABP3', 'COL1A1', 'TLL2', 'FCGRT', 'LUM', 'SYT7', 'FBL', 'DDN', 'H86813', 'CAP2', 'LAMB1', 'BCL2A1', 'CASP1', 'CLSTN3', 'TIMP3', 'IGF2BP3', 'IGHG1', 'CAV1', 'SLC16A3', 'ZNF329', 'GBP2', 'S100A11', 'DNASE1L1', 'LOC283070', 'INPP5F', 'PSG5', 'PPP3CB', 'L3MBTL4', 'HLA.DRB1', 'COX6A2', 'LGALS3', 'MYCBP2', 'TXNDC', 'AI262682', 'NPTX1', 'CYBA', 'IQSEC1', 'AA398420', 'FAM84A', 'LILRA1', 'MICAL2', 'EDNRB', 'EMP3', 'FAS', 'ITGA9', 'GYPC', 'LRBA', 'AA490257', 'HLA.F', 'NSF', 'ADARB2', 'EFHB', 'DDIT4', 'TTC23', 'COL3A1', 'AA975768', 'FGF13', 'TAP1', 'DCLRE1B', 'TCTEX1D1', 'DSCR1L1', 'NCF2', 'CYR61', 'DDEF1', 'CDKN1A', 'FLJ38984', 'MAL2', 'PLAUR', 'SYNGR3', 'EDG1', 'RALY', 'TNFRSF12A', 'ACAD8', 'PLTP', 'DMN', 'CEAL1', 'STEAP3', 'T97457', 'FCGR2B', 'SNCG', 'ANXA5', 'SERPINI1', 'PCP4', 'FBXO32', 'LHFPL2', 'RAB20', 'AA281932', 'PLA2G2A', 'EID.3', 'PALLD', 'PRKCB1', 'AA029415', 'MGP', 'LOC613212', 'H08563', 'GYPA', 'MVP', 'IL1RAP', 'X38595', 'IGF1R', 'PPP1R14A', 'LAMA4', 'NUAK1', 'KLRC2', 'RAB11FIP4', 'IL32', 'CAMKK2', 'CACNB3', 'BGN', 'AIF1', 'HSPG2', 'AEBP1', 'AA669383', 'TMEM146', 'ABCC3', 'SLC15A2', 'RFXAP', 'NMNAT2', 'PPP3CA', 'T51726', 'MGC18216', 'MSN', 'AA131320', 'IGFBP3', 'TFDP2', 'RGS16', 'MDK', 'AI005038', 'EDG3', 'NDST1', 'PYCR1', 'HCLS1', 'MRC2', 'RTN3', 'COX7A1', 'MAPKBP1', 'SNRPN', 'USP3', 'GAS1', 'CCL2', 'AKR1C1', 'GADD45B', 'KCNJ1', 'FLJ35740', 'IL21R', 'ZFHX1B', 'PRSS1', 'C4A', 'PNCK', 'F13A1', 'PRSS3', 'EXT1', 'TSPAN4', 'SBP1', 'AA598631', 'ZNF233', 'AI357047', 'ADAM19', 'VASP', 'CBX6', 'VAMP2', 'S100A1', 'NY.SAR.48', 'FAM84B', 'MYBPC2', 'CCDC3', 'ATP6V1C1', 'ABCA5', 'UBA52', 'AI822135', 'CD58', 'WASF1', 'DES', 'TMEM49', 'DECR2', 'X37864', 'RAB27B', 'HLA.G', 'CTHRC1', 'LTF', 'PYGL', 'HMOX1', 'H41096', 'FZD7', 'COL6A2', 'SERPINA3', 'HK2', 'NLK', 'DEF6', 'OSR1', 'HAMP', 'CDKN2D', 'FAM46A', 'LOC146795', 'NOTCH1', 'SRPX', 'SORT1', 'PTPRZ1', 'ADM', 'R52960', 'H91845', 'COL4A2', 'PDE4DIP', 'H10054', 'VEGF', 'PRKAR1B', 'WWTR1', 'HPRT1', 'CSPG2', 'AA181288', 'TSPAN6', 'GBP1', 'AI335002', 'S100A10', 'PCDHGC3', 'ID4', 'HNRNPG.T', 'ADCY1', 'PDE2A', 'SPINT2', 'CACNB2', 'PRG1', 'UGCG', 'RAB30', 'MOAP1', 'SERPING1', 'MGC39606', 'GPSM2', 'LYN']
INDEX
[344, 146, 191, 72, 60, 196, 217, 224, 180, 361, 99, 87, 29, 230, 49, 44, 235, 126, 42, 134, 210, 197, 414, 182, 216, 107, 86, 398, 410, 228, 393, 351, 64, 178, 63, 312, 384, 394, 403, 407, 264, 129, 369, 138, 392, 89, 118, 2, 200, 119, 245, 193, 373, 1, 6, 66, 165, 297, 287, 214, 419, 305, 120, 91, 294, 223, 21, 128, 309, 40, 162, 279, 354, 204, 88, 315, 186, 185, 335, 226, 231, 367, 266, 208, 299, 56, 14, 286, 248, 80, 251, 374, 268, 352, 31, 95, 155, 82, 77, 94, 168, 84, 24, 132, 285, 17, 51, 406, 391, 139, 359, 409, 416, 154, 166, 324, 110, 219, 415, 233, 158, 253, 81, 311, 48, 65, 390, 61, 156, 15, 22, 280, 327, 188, 176, 202, 206, 163, 23, 79, 103, 9, 137, 153, 85, 310, 296, 106, 109, 265, 376, 292, 358, 45, 104, 278, 313, 260, 143, 183, 116, 177, 261, 187, 167, 326, 189, 5, 290, 238, 364, 283, 203, 356, 179, 267, 386, 404, 174, 350, 255, 337, 184, 160, 332, 227, 360, 387, 349, 211, 277, 345, 213, 141, 102, 53, 300, 378, 405, 413, 336, 181, 319, 320, 343, 252, 271, 123, 250, 381, 399, 142, 38, 338, 90, 308, 27, 322, 36, 78, 222, 417, 59, 113, 73, 396, 194, 422, 355, 362, 83, 382, 47, 408, 111, 74, 306, 331, 263, 46, 234, 366, 281, 4, 262, 293, 62, 152, 236, 205, 357, 28, 10, 334, 316, 370, 32, 259, 242, 333, 124, 372, 25, 97, 71, 13, 318, 33, 19, 114, 92, 240, 218, 192, 347, 379, 37, 108, 389, 101, 276, 20, 397, 339, 199, 423, 98, 69, 11, 273, 328, 257, 52, 420, 289, 307, 117, 282, 247, 295, 172, 70, 365, 161, 157, 270, 55, 221, 421, 164, 145, 112, 371, 35, 68, 136, 115, 57, 76, 272, 301, 321, 402, 220, 209, 130, 75, 18, 170, 244, 256, 388, 274, 7, 412, 34, 201, 284, 400, 368, 241, 125, 340, 317, 0, 330, 39, 377, 58, 207, 375, 12, 150, 147, 341, 353, 96, 67, 8, 105, 131, 93, 225, 133, 149, 363, 140, 135, 127, 151, 329, 385, 232, 243, 175, 383, 411, 159, 198, 291, 348, 254, 41, 304, 269, 275, 195, 237, 380, 26, 302, 144, 342, 298, 122, 323, 401, 100, 212, 190, 288, 148, 249, 258, 246, 215, 325, 229, 171, 43, 303, 121, 314, 16, 418, 346, 239, 169, 173, 3, 50, 395]
[Time: 28.06.23 08:12:27] [Level: info] transition: compute_std
[Time: 28.06.23 08:12:28] [Level: info] state: compute_std
[CTRL] GET /data
[CTRL] POST /data
(422, 1)
(422, 1)
[Time: 28.06.23 08:12:30] [Level: info] transition: apply_scaling
[Time: 28.06.23 08:12:31] [Level: info] state: apply_scaling
[CTRL] GET /data
[CTRL] POST /data
TEST
incoming[COParams.STDS.n]
[array([ 0.35638151,  0.83336421,  1.24048937,  1.43900157,  1.96171289,
        1.09569113,  1.49996963,  0.61937685,  0.68006445,  1.18758497,
        0.37031243,  0.78957862,  0.67106372,  0.71941471,  0.56798321,
        1.14816924,  2.84170862,  0.58869056,  0.94724964,  3.58497647,
        1.50073377,  0.6426825 ,  1.33923517,  0.57405926,  0.65651133,
        1.405229  ,  1.47343851,  0.61672665,  0.74718634,  0.7952106 ,
        0.65048086,  1.2210077 ,  0.42468937,  1.03720383,  1.01437402,
        1.02266485,  2.35216825,  2.66986185,  0.48906074,  0.62398889,
        1.91189004,  0.57026686,  0.75309928,  1.64865084,  1.41927375,
        3.17483468,  1.20930563,  0.6639389 ,  0.82891269,  0.63188532,
        0.92331175,  1.90480099,  0.8332197 ,  0.4898362 ,  0.68950583,
        0.50439554,  1.72240148,  1.05353435,  0.7488812 ,  1.4584471 ,
        0.54190584,  3.0229227 ,  0.93025419,  1.01108149,  0.38429878,
        1.27090467,  0.96133841,  0.82171252,  1.26647743,  0.63232998,
        1.90377287,  0.95851865,  1.24334061, -0.        ,  1.32981307,
        1.09959545,  2.41754192,  0.70701564,  0.85811024,  1.25182679,
        1.0552285 ,  1.08314775,  2.28668869,  1.59643137,  1.10550531,
        0.60338279,  1.60850973,  1.03848952,  1.72988306,  1.99262563,
        0.58521638,  0.37818222,  0.97408939,  0.86877625,  0.53231191,
        2.34757861,  1.42824498,  1.09082537,  2.65766734,  1.44610059,
        0.75204516,  1.39495767,  0.55653649,  1.85578029,  0.61502559,
        0.22261841,  0.85630758,  0.34915181,  1.33136734,  1.04038052,
        1.57174044,  2.03287657,  1.38987568,  1.12263777,  1.37476283,
        1.77111844,  1.12279202,  1.07925799,  1.41604317,  0.8337751 ,
        1.66728882,  2.39274133,  0.6977913 ,  1.23281731,  0.47409425,
        0.92537651,  1.49832008,  0.71810359,  1.79590986,  1.18775474,
        0.81546292,  1.12679452,  0.48786684,  1.67777882,  1.26007386,
        1.6173226 ,  1.1309444 ,  0.71951684,  1.53102566,  2.43228083,
        1.755857  ,  1.13453834,  1.03005379,  1.43645726,  1.35517486,
        0.90150791,  1.5163234 ,  2.19730172,  1.25511635, -0.        ,
        1.01349492, -0.        ,  1.37233736,  0.3486699 ,  1.21122939,
        0.89429492,  1.36063337,  1.49506794,  1.27354794,  0.55660802,
        1.74913791,  0.79633352,  0.90807801,  1.09222041,  0.9353901 ,
        0.7522443 ,  0.85519529,  0.61228743,  1.81543712,  0.64481532,
        0.73492298,  0.70991955,  2.14465887,  1.43296944,  0.98473663,
        1.51401409,  0.38815058,  1.8173893 ,  0.79888385,  0.72355748,
        0.90825557,  0.85005829,  2.17461449,  0.85100443,  0.94288375,
        1.03035434,  0.5316864 ,  0.73037659,  1.33106034,  1.85882734,
        0.80186034,  0.76544639,  0.89722916,  0.72721044,  2.07915018,
        1.2655697 ,  0.36820447,  0.14262522,  1.61441283,  2.188616  ,
        0.62666714,  1.64634322,  0.63291228,  1.40912201,  1.66305891,
        1.35375425,  1.41861755,  1.57462825,  0.95314904,  0.73068367,
        1.8008939 ,  1.4074905 ,  1.20250198,  0.65171146,  0.95518383,
        0.64914558,  1.52637973,  1.44658746,  0.47757149,  0.95151168,
        1.08515514,  0.3128263 ,  0.70478867,  1.06953802,  0.81460909,
        1.65902404,  1.96959732,  2.04490514,  0.78126205,  0.90794714,
        0.88617832,  0.83998605,  0.83578987,  1.4069533 ,  0.86311818,
        0.97068647,  0.78724217,  0.99861469,  1.70322517,  1.11650534,
        0.77674865,  2.00225651,  0.95641429,  0.76880893,  1.80980042,
        1.3792521 ,  1.3057551 ,  0.79081028,  1.30189661,  0.9281598 ,
        0.43246666,  0.49958075,  0.32963386,  0.79732681,  0.54112061,
        1.9937797 ,  0.63933775,  1.47417301,  1.82933387,  4.2157831 ,
        2.2766856 ,  0.4905248 ,  0.48369437,  0.76577521,  1.766762  ,
        0.9434344 ,  0.39196428,  0.86541911,  0.39163155,  1.99406353,
        2.37571671,  0.54108074,  1.37918751,  1.05722093,  0.70484433,
        1.20088271,  0.69805917,  0.66720908,  1.01110299,  1.26716063,
        1.45146611,  0.5090949 ,  0.30918859,  1.72926734,  0.82120509,
        1.30750232,  2.30600431,  0.94365117,  0.48405051,  1.10047413,
        0.95402304,  1.901808  ,  0.65852295,  0.62447164,  0.83091209,
        0.32925857,  0.99169387,  1.14629116,  1.78881576,  1.02983226,
        1.1916901 ,  1.64164366,  0.51282855,  0.89687716,  0.86483928,
        1.42502481,  0.49335776,  1.24104668,  0.69672987,  0.66649855,
        0.86448286,  1.78000234,  1.65716674,  1.62504416,  0.99607916,
        0.48652637,  1.44034567,  0.5464105 ,  0.80211861,  2.82278939,
        0.98675052,  0.68399743,  0.95750986,  1.91014387,  0.8477802 ,
        0.59897144,  1.18042222,  1.34048181,  1.14737111,  1.07982778,
        2.01591215,  1.93552518,  0.73764462,  0.63389128,  0.48812411,
        0.97954555,  0.53150348,  2.09549518,  2.95530788, -0.        ,
        0.87899226,  0.72322193,  0.69899629, -0.        ,  0.53442172,
        1.37779514,  0.4910328 ,  0.51738363,  0.3302602 ,  1.78865583,
        0.59225226,  0.95324011,  0.59034394,  0.49857172,  1.38453566,
        1.93902336,  1.5573603 ,  1.11657229,  0.60354362,  0.6821839 ,
        1.61938998,  0.8439025 ,  1.77916664,  1.53796537,  1.98739184,
        1.91491337,  1.46365822,  2.05155232,  1.14775731,  0.47812803,
        0.66517073,  0.68191802,  1.1094005 ,  1.16970935,  1.03385239,
        0.88393281,  0.63890845,  1.40856   ,  1.18526077,  2.02558466,
        0.54247291,  1.03955185,  0.49573441,  1.09861466,  0.62017332,
        1.43590053,  1.21233463,  0.92039124,  1.08285219,  0.46916893,
        1.37233218,  0.67855999,  0.98508634,  1.73720725,  1.01440134,
        0.78483595,  2.09851519,  1.40524129,  0.82463635,  0.49751206,
        1.40293736,  0.5234749 ,  1.26115528,  1.72736674,  0.64880174,
        1.11766821,  0.99447962,  0.72339565,  0.46645939,  0.58108545,
        1.51392118,  1.75202463,  2.71355114,  0.60904377,  0.56536226,
        1.42990758,  2.09516105,  0.8639019 ,  0.63291833,  0.46888484,
        0.33471595,  0.80607473]), array([ 0.75508394,  0.60482144,  0.88358645,  0.66811218,  1.11804816,
        2.75335397,  0.49734689,  0.77414577,  0.90625691,  1.28845038,
        1.49459682,  1.17858875,  0.91929175,  0.51498448,  0.65702946,
        0.86790381,  1.22332243,  0.54616413,  0.64594024,  3.0415563 ,
        0.93287181,  0.54245135,  1.04099834,  0.59909759,  0.67635032,
        1.205505  ,  1.19866464,  1.11877863,  0.9631659 ,  2.06548051,
        1.08791496,  1.43164813,  0.47508553,  0.97485441,  1.93878815,
        1.66206751,  2.03153271,  1.63448432,  0.61077764,  0.41552396,
        2.08541166,  0.65681771,  0.84459552,  1.31732093,  1.81055678,
        3.29168599,  2.80945868,  0.78795313,  0.82371612,  0.44059862,
        0.73827567,  1.81579308,  0.77261552,  0.60061756,  1.12969079,
        0.34867013,  1.66128871,  0.90937103,  0.71569179,  2.23726564,
        0.60508005,  1.69701726,  0.71805684,  1.88737579,  0.76855586,
        1.01410657,  1.08547369,  1.23438094,  1.53558738,  1.03360965,
        1.07350139,  0.71959545,  1.50231733,  0.        ,  1.25560031,
        1.03960219,  2.15005275,  1.18590235,  0.63122748,  1.67419041,
        0.88148469,  1.46266014,  1.34334105,  1.0976002 ,  0.86059732,
        0.65004849,  0.68440322,  1.18210051,  1.57352094,  1.23851264,
        0.4605101 ,  0.60664225,  1.67300422,  0.71154926,  0.96921386,
        1.25477182,  0.85272324,  1.07524131,  3.10804722,  2.16401348,
        0.89420019,  1.01103524,  0.50742474,  2.47545681,  0.67211496,
        0.26227203,  1.11280556,  0.37227292,  1.06399495,  2.37093719,
        1.3714047 ,  1.68673409,  1.17203207,  0.92361018,  1.48376165,
        1.64730628,  1.91568394,  1.00874117,  1.07339906,  0.8337751 ,
        1.58771349,  1.56174737,  0.68210089,  1.01487773,  0.46857594,
        0.89261279,  0.95824905,  0.51402914,  1.41972054,  1.2690939 ,
        0.44575056,  2.30347524,  0.42659544,  1.17785275,  2.11458276,
        0.98375175,  0.89063344,  1.4260718 ,  0.74557984,  1.24502926,
        1.08471466,  1.1348957 ,  1.05732097,  1.25285413,  1.09062759,
        0.69215226,  1.55890228,  1.34904011,  1.59604558,  0.71818373,
        1.51751239,  0.        ,  2.90103744,  0.32146618,  0.95884138,
        1.36165149,  1.5951578 ,  2.96109874,  1.85823924,  0.93348498,
        1.42579397,  0.99784585,  1.22493412,  1.80269166,  1.05691824,
        0.44398658,  1.13886466,  0.58290035,  1.1117816 ,  0.53965829,
        0.78335852,  0.81770811,  1.37179193,  1.58592264,  0.96492787,
        2.26407382,  0.30968482,  1.35730515,  1.64599307,  0.87296996,
        1.02676189,  1.03249272,  1.41730847,  1.13318083,  2.01765121,
        0.87036185,  0.43532357,  0.94561244,  1.95406636,  2.02146066,
        1.35467402,  0.78636789,  0.73050594,  0.76443681,  1.38488347,
        2.12419839,  0.34405401,  0.14262522,  1.242529  ,  1.88003776,
        1.12134563,  1.59660506,  1.0358396 ,  2.27233879,  1.46960361,
        0.95575368,  0.98450182,  0.95966321,  0.50763047,  0.68511405,
        2.06581058,  2.02563988,  2.63528189,  1.02177844,  0.98636853,
        0.49317925,  1.58572318,  1.12316815,  0.70391461,  0.89412835,
        1.1983274 ,  0.26792936,  0.4292497 ,  1.70678378,  1.7285051 ,
        0.71239956,  2.147183  ,  1.59259909,  0.72385284,  0.5413776 ,
        0.95018799,  0.48433176,  0.79997259,  1.61974637,  1.12994445,
        1.10383334,  0.97414009,  1.37633723,  1.10863312,  1.23111207,
        1.14840243,  1.45315684,  1.06798589,  1.27743931,  1.46920822,
        1.56924339,  0.67130488,  1.39680313,  1.34083283,  0.78389588,
        0.65264323,  0.46591193,  0.42537677,  1.4653925 ,  0.4177726 ,
        2.01877185,  0.52657646,  1.33176934,  0.71778117,  1.95880365,
        0.87433201,  1.71351156,  0.5955744 ,  0.80025034,  0.93036104,
        0.46748711,  0.30335839,  0.47132846,  0.37738821,  1.25645826,
        1.4590347 ,  0.42858978,  1.84169208,  1.86971571,  1.23321496,
        1.23037776,  0.45769819,  0.6225587 ,  0.81951748,  1.63850545,
        1.46008482,  0.47923245,  0.43129917,  1.21883909,  0.95000684,
        1.609021  ,  1.72782872,  1.00948283,  0.4377833 ,  0.58574629,
        1.07106012,  1.40014263,  0.39598137,  1.08347248,  1.13404717,
        0.8527581 ,  1.99697324,  1.22307338,  2.01325081,  0.92338927,
        1.33367707,  1.33049957,  0.49755771,  1.70189017,  1.3853736 ,
        1.18469089,  0.54950686,  1.6464461 ,  0.5305771 ,  0.82535151,
        1.10434458,  1.43343253,  1.51172113,  1.23613445,  0.82608573,
        0.48041672,  2.24312446,  0.47390061,  0.71590934,  1.96570969,
        2.11530525,  0.90309205,  0.64809823,  2.19888866,  0.54155054,
        1.06002231,  0.85684626,  1.46574855,  0.64703885,  1.3827905 ,
        1.97818679,  1.43444346,  1.19126028,  0.62962855,  0.93106173,
        1.41054646,  0.48260737,  1.96335169,  1.22555225, -0.        ,
        0.54147921,  0.63754963,  0.56263256, -0.        ,  0.36701338,
        1.18136889,  0.43027882,  0.50202955,  0.4118547 ,  1.80361996,
        0.70971635,  0.83207822,  0.97562697,  0.52823839,  0.83548085,
        1.29765297,  2.59366613,  1.01099811,  0.67370754,  0.58106264,
        0.93995809,  1.19314801,  2.15133948,  1.87978818,  0.75137175,
        0.94243149,  1.3159597 ,  1.32680807,  0.61248466,  0.96504168,
        0.57454007,  1.4169052 ,  0.8001255 ,  1.69478892,  0.84943982,
        1.09362032,  1.21453984,  1.24948075,  0.90257268,  1.55763916,
        0.55988401,  1.36655864,  0.64282783,  1.30655191,  0.93028459,
        0.99956851,  0.81677011,  0.7243486 ,  1.43680434,  0.40711969,
        0.37329816,  1.2713166 ,  1.58235568,  3.25664973,  1.38995765,
        0.66248804,  1.26449205,  1.54376624,  1.02048033,  0.73498153,
        1.68776998,  0.67802929,  0.8896891 ,  1.42379508,  0.65768047,
        1.90172686,  1.28655742,  0.78805421,  0.46395695,  0.43299831,
        1.17838093,  2.11900012,  1.13373144,  0.85197025,  0.41018206,
        2.07524133,  0.91685182,  0.92942422,  0.50215735,  0.3718687 ,
        0.33261135,  0.86612677])]
[Time: 28.06.23 08:12:33] [Level: info] Traceback (most recent call last):
  File "/app/engine/app.py", line 169, in guarded_run
    self.run()
  File "/app/engine/app.py", line 184, in run
    transition = self.current_state.run()
  File "/app/apps/svd/app.py", line 172, in run
    self.load('mfa').apply_scaling(incoming, highly_variable=config.highly_variable)
  File "/app/apps/svd/FC_Federated_MFA.py", line 193, in apply_scaling
    self.std[idx] = incoming[COParams.STDS.n][idx].reshape((len(incoming[COParams.STDS.n][idx]),1))
IndexError: list assignment index out of range

