2023-07-03 13:38:46,744 CRIT Supervisor is running as root.  Privileges were not dropped because no user is specified in the config file.  If you intend to run as root, you can set user=root in the config file to avoid this message.
2023-07-03 13:38:46,746 INFO supervisord started with pid 6
2023-07-03 13:38:47,748 INFO spawned: 'nginx' with pid 9
2023-07-03 13:38:47,750 INFO spawned: 'app' with pid 10
2023-07-03 13:38:48,792 INFO success: nginx entered RUNNING state, process has stayed up for > than 1 seconds (startsecs)
2023-07-03 13:38:48,792 INFO success: app entered RUNNING state, process has stayed up for > than 1 seconds (startsecs)
[CTRL] POST /setup
[Time: 03.07.23 13:38:50] [Level: info] id: 4ebf650aa3eb5325
[Time: 03.07.23 13:38:50] [Level: info] coordinator: True
[Time: 03.07.23 13:38:50] [Level: info] clients: ['4ebf650aa3eb5325']
[Time: 03.07.23 13:38:50] [Level: info] state: initial
[CLIENT] Parsing parameter file...
[API] /setup parsing parameter file 
[API] /setup config file found ... parsing file: /mnt/input/config.yaml
YAML file does not follow specification: missing key: eigenvalues
Setting default: eigenvalues.tsv
YAML file does not follow specification: missing key: explained_variance
Setting default: eigenvalues.tsv
YAML file does not follow specification: missing key: output delimiter
Setting default: tab
YAML file does not follow specification: missing key: inertia
Setting default: inertia.tsv
YAML file does not follow specification: missing key: global_factor_score
Setting default: global_factor_score.tsv
YAML file does not follow specification: missing key: omic_factor_score
Setting default: omic_factor_score.tsv
YAML file does not follow specification: missing key: projection_matrix
Setting default: projection_matrix.tsv
[API] /setup config file found ... parsing done
[CLIENT] finished parsing parameter file.
[STARTUP] Instantiate SVD
[Time: 03.07.23 13:38:50] [Level: info] transition: init_pca
[Time: 03.07.23 13:38:51] [Level: info] state: init_pca
[STARTUP] Copy configuration and create dir
/mnt/input/data_wine_full_all_omics.csv
TEST: ['/mnt/input/data_wine_full_all_omics.csv']
[STARTUP] Configuration copied
out {'Row names': array(['fruity', 'woody', 'coffee', 'red_fruit', 'roasted', 'vanillin',
       'woody_2', 'fruity_2', 'butter', 'woody_3'], dtype=object), 'Sample count': 6, 'Nans': array([0, 0, 0, 0, 0, 0, 0, 0, 0, 0])}
[Time: 03.07.23 13:38:51] [Level: info] transition: check_row_names
[Time: 03.07.23 13:38:52] [Level: info] state: check_row_names
gathering
unifying row names
[{'Row names': array(['fruity', 'woody', 'coffee', 'red_fruit', 'roasted', 'vanillin',
       'woody_2', 'fruity_2', 'butter', 'woody_3'], dtype=object), 'Sample count': 6, 'Nans': array([0, 0, 0, 0, 0, 0, 0, 0, 0, 0])}]
['fruity', 'woody', 'coffee', 'red_fruit', 'roasted', 'vanillin', 'woody_2', 'fruity_2', 'butter', 'woody_3']
['coffee', 'butter', 'woody_2', 'roasted', 'woody', 'woody_3', 'fruity', 'fruity_2', 'vanillin', 'red_fruit']
[6, 6, 6, 6, 6, 6, 6, 6, 6, 6]
[API] [COORDINATOR] row names identified!
[Time: 03.07.23 13:38:52] [Level: info] transition: wait_for_params
[CTRL] GET /data
[Time: 03.07.23 13:38:53] [Level: info] state: wait_for_params
setting parameters
[API] Setting parameters
['coffee', 'butter', 'woody_2', 'roasted', 'woody', 'woody_3', 'fruity', 'fruity_2', 'vanillin', 'red_fruit']
INDEX
[2, 8, 6, 4, 1, 9, 0, 7, 5, 3]
[Time: 03.07.23 13:38:53] [Level: info] transition: aggregate_sums
[Time: 03.07.23 13:38:54] [Level: info] state: aggregate_sums
setting parameters
[{'Sums': array([1.21, 1.39, 1.24, 1.15, 1.27, 1.44, 1.32, 1.23, 1.08, 1.04]), 'Sample count': 6}]
SUMS
[0.20166667 0.23166667 0.20666667 0.19166667 0.21166667 0.24
 0.22       0.205      0.18       0.17333333]
[Time: 03.07.23 13:38:54] [Level: info] transition: compute_std
[Time: 03.07.23 13:38:55] [Level: info] state: compute_std
(10, 1)
[Time: 03.07.23 13:38:55] [Level: info] transition: aggregate_stds
[CTRL] GET /data
[Time: 03.07.23 13:38:56] [Level: info] state: aggregate_stds
setting parameters
[0.10088333 0.07288333 0.01613333 0.04588333 0.07888333 0.0576
 0.0484     0.14955    0.0822     0.09013333]
COMPUTE STD
[0.10088333 0.07288333 0.01613333 0.04588333 0.07888333 0.0576
 0.0484     0.14955    0.0822     0.09013333]
STD
[0.14204459 0.12073387 0.05680376 0.09579492 0.1256052  0.10733126
 0.09838699 0.17294508 0.12821856 0.13426342]
[2 3 6 5 1 4 8 9 0 7]
['woody_2' 'roasted' 'fruity' 'woody_3' 'butter' 'woody' 'vanillin'
 'red_fruit' 'coffee' 'fruity_2']
(array([], dtype=int64),)
[]
[Time: 03.07.23 13:38:56] [Level: info] transition: apply_scaling
[Time: 03.07.23 13:38:57] [Level: info] state: apply_scaling
[Time: 03.07.23 13:38:57] [Level: info] Traceback (most recent call last):
  File "/app/engine/app.py", line 169, in guarded_run
    self.run()
  File "/app/engine/app.py", line 184, in run
    transition = self.current_state.run()
  File "/app/apps/svd/app.py", line 240, in run
    self.load('svd').apply_scaling(incoming, highly_variable=config.highly_variable)
  File "/app/apps/svd/FC_Federated_PCA.py", line 181, in apply_scaling
    if self.L2:
ValueError: The truth value of an array with more than one element is ambiguous. Use a.any() or a.all()

[CTRL] GET /data
