2023-06-30 07:14:50,956 CRIT Supervisor is running as root.  Privileges were not dropped because no user is specified in the config file.  If you intend to run as root, you can set user=root in the config file to avoid this message.
2023-06-30 07:14:50,961 INFO supervisord started with pid 7
2023-06-30 07:14:51,964 INFO spawned: 'nginx' with pid 10
2023-06-30 07:14:51,967 INFO spawned: 'app' with pid 11
2023-06-30 07:14:52,996 INFO success: nginx entered RUNNING state, process has stayed up for > than 1 seconds (startsecs)
2023-06-30 07:14:52,997 INFO success: app entered RUNNING state, process has stayed up for > than 1 seconds (startsecs)
[CTRL] POST /setup
[Time: 30.06.23 07:14:54] [Level: info] id: 088fdf26c16b0179
[Time: 30.06.23 07:14:54] [Level: info] coordinator: False
[Time: 30.06.23 07:14:54] [Level: info] clients: ['088fdf26c16b0179', '654a550ef8cd41e0']
[Time: 30.06.23 07:14:54] [Level: info] state: initial
[CLIENT] Parsing parameter file...
[API] /setup parsing parameter file 
[API] /setup config file found ... parsing file: /mnt/input/config.yaml
YAML file does not follow specification: missing key: eigenvalues
Setting default: eigenvalues.tsv
YAML file does not follow specification: missing key: explained_variance
Setting default: eigenvalues.tsv
YAML file does not follow specification: missing key: output delimiter
Setting default: tab
[API] /setup config file found ... parsing done
[CLIENT] finished parsing parameter file.
[STARTUP] Instantiate SVD
[Time: 30.06.23 07:14:54] [Level: info] transition: init_pca
[Time: 30.06.23 07:14:55] [Level: info] state: init_pca
[STARTUP] Copy configuration and create dir
/mnt/input/hospital_data_bredel_1.csv
TEST: []
[Time: 30.06.23 07:14:55] [Level: info] Traceback (most recent call last):
  File "/app/engine/app.py", line 169, in guarded_run
    self.run()
  File "/app/engine/app.py", line 184, in run
    transition = self.current_state.run()
  File "/app/apps/svd/app.py", line 70, in run
    print("RUNNING ON: ", input_files[self.load('idx_omics')])
IndexError: list index out of range

