2023-06-27 08:25:16,881 CRIT Supervisor is running as root.  Privileges were not dropped because no user is specified in the config file.  If you intend to run as root, you can set user=root in the config file to avoid this message.
2023-06-27 08:25:16,882 INFO supervisord started with pid 7
2023-06-27 08:25:17,885 INFO spawned: 'nginx' with pid 10
2023-06-27 08:25:17,888 INFO spawned: 'app' with pid 11
2023-06-27 08:25:18,911 INFO success: nginx entered RUNNING state, process has stayed up for > than 1 seconds (startsecs)
2023-06-27 08:25:18,911 INFO success: app entered RUNNING state, process has stayed up for > than 1 seconds (startsecs)
[CTRL] POST /setup
[Time: 27.06.23 08:25:26] [Level: info] id: 6e3548131520ab74
[Time: 27.06.23 08:25:26] [Level: info] coordinator: True
[Time: 27.06.23 08:25:26] [Level: info] clients: ['b777e4cb9c96e477', '6e3548131520ab74']
[Time: 27.06.23 08:25:26] [Level: info] state: initial
[CLIENT] Parsing parameter file...
[API] /setup parsing parameter file 
[API] /setup config file found ... parsing file: /mnt/input/config.yaml
YAML file does not follow specification: missing key: eigenvalues
Setting default: eigenvalues.tsv
YAML file does not follow specification: missing key: explained_variance
Setting default: eigenvalues.tsv
YAML file does not follow specification: missing key: output delimiter
Setting default: tab
[API] /setup config file found ... parsing done
[CLIENT] finished parsing parameter file.
[STARTUP] Instantiate SVD
[STARTUP] Copy configuration and create dir
TEST: ['/mnt/input/hospital_data_bredel_1 copy.csv', '/mnt/input/hospital_data_bredel_1.csv', '/mnt/input/hospital_data_bredel_1 copy 2.csv']
[STARTUP] Configuration copied
Log Transform performed
/app/apps/svd/FC_Federated_PCA.py:94: RuntimeWarning: invalid value encountered in log2
  self.tabdata.scaled = np.log2(self.tabdata.scaled+1)
[Time: 27.06.23 08:25:26] [Level: info] transition: check_row_names
[Time: 27.06.23 08:25:27] [Level: info] state: check_row_names
gathering
[CTRL] POST /data
unifying row names
[{'Row names': array(['EXT1', 'DIP2C', 'SVIL', 'MGC39606', 'ADARB2', 'PARD3', 'SPAG6',
       'AKR1C1', 'CCDC3', 'AKR1C2', 'TCTEX1D1', 'GYPA', 'VASP', 'ACAD8',
       'C1orf63', 'USP6NL', 'CACNB2', 'CLCA3', 'COX7A1', 'CEAL1', 'EID.3',
       'DUS3L', 'KIAA1543', 'HBXIP', 'ZNF226', 'EDG1', 'SORT1',
       'LOC283070', 'DCLRE1B', 'ZNF549', 'KLRC3', 'ZNF419B', 'DDEF1',
       'DMN', 'KCNJ1', 'MGC18216', 'PSG5', 'FBXO32', 'ZNF329', 'SBP1',
       'MGC42367', 'OSR1', 'D21S2089E', 'HNRNPG.T', 'AP4B1', 'ZNF160',
       'LRBA', 'LILRA1', 'EGLN2', 'BCAM', 'GPSM2', 'APOC1', 'IGF1R',
       'TLL2', 'CA11', 'TMEM146', 'KCNK6', 'TFDP2', 'ZNF233', 'COX6A2',
       'UBE4B', 'NDUFB11', 'TTC23', 'RBP7', 'IGSF3', 'BLVRB', 'PSG1',
       'MYBPC2', 'MSN', 'H08563', 'BGN', 'TNFRSF12A', 'CAPG', 'MYCBP2',
       'EMP3', 'RTN3', 'RGS16', 'ITGA5', 'PPP3CB', 'LOC541471', 'H78560',
       'ASPA', 'TIMP1', 'AA398420', 'IMAGE.33267', 'SOCS3', 'PDPN',
       'CHI3L2', 'MASP1', 'PLP2', 'S100A11', 'SETD5', 'T97457', 'UBA52',
       'DLL3', 'TSPYL1', 'FAM84B', 'RALY', 'LOC613212', 'CLIC1', 'VEGF',
       'AA281932', 'COL1A1', 'CD47', 'IFI30', 'ATP6V1C1', 'PSD3', 'RUNX1',
       'LHFPL2', 'C9orf48', 'CA12', 'EDNRB', 'PPP3CA', 'LGALS3', 'STEAP3',
       'IGFBP3', 'KLRC3', 'KLRC2', 'KLRC1', 'NPL', 'ARPP.19', 'PDE2A',
       'COL4A2', 'TIMP3', 'PLAUR', 'PNCK', 'WDR7', 'X37864', 'NNMT',
       'TBC1D7', 'MRC2', 'ABCA5', 'TCF7L1', 'CD58', 'MST1', 'DECR2',
       'AA131320', 'LOC57228', 'MST150', 'PEG3', 'TMEM49', 'FABP3',
       'SLC16A3', 'SERPINH1', 'ADM', 'NMNAT2', 'GABBR1', 'VAMP2', 'CSPG2',
       'WASF1', 'CBX6', 'RAB27B', 'COL3A1', 'KIAA1644', 'NLGN1',
       'C16orf5', 'LOC400451', 'AEBP1', 'COL1A2', 'COL6A2', 'HEY1',
       'HSPG2', 'RPS19BP1', 'SUV39H1', 'RFXAP', 'TNC', 'DKFZp313A2432',
       'STC1', 'PDXP', 'MOAP1', 'MAPKBP1', 'ID4', 'CACNB3', 'SERPING1',
       'RND3', 'HMOX1', 'MTHFD2', 'R70506', 'APOC2', 'ANXA1', 'AA489629',
       'H86813', 'SCAMP5', 'RPS3A', 'PLAU', 'R61377', 'NEFH', 'STMN1',
       'FBXL16', 'C1R', 'WWTR1', 'EPHB1', 'ANXA5', 'AA906888', 'AI262682',
       'LOC146795', 'SOX4', 'COL9A2', 'SERPINA3', 'AA029415', 'PRKCZ',
       'FLJ35740', 'FN1', 'LOC388610', 'AI871056', 'FGF13', 'STXBP1',
       'AI357047', 'SP100', 'HCLS1', 'MGC26694', 'LSP1', 'PRKAR1B',
       'YWHAG', 'CLTB', 'AI335002', 'A2BP1', 'HLA.A', 'SNCG', 'IGFBP5',
       'PYCR1', 'ABCC3', 'L3MBTL4', 'DPYD', 'H20822', 'AI822135', 'LMO7',
       'ADFP', 'KCNMA1', 'PCDHGC3', 'MSTP9', 'AA479357', 'LTF', 'ZNF217',
       'AA490257', 'LOC389831', 'AA975768', 'NOTCH1', 'MB', 'RAB30',
       'FCGR2B', 'C4A', 'FLJ38984', 'PYGL', 'SNRPN', 'KNS2', 'GBP1',
       'IL32', 'LY96', 'AA181288', 'IGF2BP3', 'CALM1', 'CASP1', 'PDLIM7',
       'DEF6', 'W93688', 'USP3', 'X38595', 'TSPAN6', 'CDKN1A', 'PHLDA1',
       'GOT1', 'EFHB', 'GYPC', 'MYC', 'CDC20B', 'TNFAIP3', 'POSTN',
       'PLOD2', 'CDKN2D', 'AA669383', 'CLSTN3', 'MDK', 'MVP', 'CCL2',
       'FAM46A', 'PLA2G2A', 'KCNQ2', 'CKMT1A', 'H24428', 'KIAA0963',
       'NSF', 'RAB11FIP4', 'CD53', 'IL21R', 'URP2', 'CAMK2A', 'APCS',
       'HPRT1', 'LAMA4', 'ITPKA', 'HK2', 'RBP4', 'DDIT4', 'OSBPL1A',
       'CAMKK2', 'L1CAM', 'PYHIN1', 'H91845', 'SLC35A2', 'FCGRT',
       'AI005038', 'PTPRZ1', 'ADCY1', 'HAMP', 'CD44', 'FAS', 'NUAK1',
       'DNASE1L1', 'GPNMB', 'HBA1', 'T62491', 'FBXO2', 'VSNL1', 'SPINT2',
       'C8orf4', 'NCF2', 'PRSS3', 'PLTP', 'CAP2', 'LAMB1', 'EDG3',
       'INPP5F', 'PDE4DIP', 'MMP2', 'S100A10', 'LAPTM5', 'PRRX1',
       'IL1RAP', 'HLA.G', 'TSPAN4', 'ITGA9', 'CCR1', 'MAL2', 'DSCR1L1',
       'C6orf12', 'DDN', 'CBLN2', 'GBP2', 'PRKCB1', 'F13A1', 'S100A1',
       'R52960', 'BCL2A1', 'YWHAH', 'FREQ', 'UGCG', 'SERPINI1', 'NLK',
       'ANK3', 'AI002301', 'NCF1', 'CA11', 'NY.SAR.48', 'AA598555',
       'CYBA', 'ID3', 'TAP1', 'TGFBI', 'AI263051', 'TOMM40', 'C1orf187',
       'IQSEC1', 'DES', 'NPC2', 'AIF1', 'HLA.F', 'AI350724', 'PRSS1',
       'SAA2', 'CYR61', 'T51726', 'SYNGR3', 'ITGA3', 'CHN1', 'ADAM19',
       'FBXW7', 'AA598631', 'LUM', 'PCP4', 'SRPX', 'IGHG1', 'FAM84A',
       'H41096', 'HPCA', 'CTHRC1', 'AA401952', 'DYNLT1', 'GAS1', 'RAB20',
       'ESM1', 'AA424849', 'NR4A1', 'EPB49', 'MDFI', 'LYN', 'TXNDC',
       'PALLD', 'R70684', 'CAV1', 'ZFHX1B', 'H10054', 'NDST1', 'SPARC',
       'SCN2B', 'SYT7', 'MED11', 'PARP14', 'MICAL2', 'TncRNA', 'BNIP2',
       'FZD7', 'GADD45B', 'FBL', 'LOC283130', 'STK17A', 'PRKCG',
       'HLA.DRB1', 'PRG1', 'N98591', 'PPP1R14A', 'SLC15A2', 'NPTX1',
       'MGP'], dtype=object), 'Sample count': 17, 'Nans': array([ 0,  0,  0,  1,  2,  0,  2,  0,  0,  0,  1,  1,  0,  0,  1,  0,  0,
        0,  1,  0,  0,  3,  0,  1,  0,  0,  1,  1,  0,  1,  0,  0,  0,  0,
        0,  1,  0,  0,  1,  0,  1,  0,  0,  3,  2,  0,  1,  1,  1,  0,  0,
        1,  0,  6,  1,  0,  0,  0,  0,  0,  1,  1,  1,  5,  0,  3,  0,  1,
        6, 11,  1, 12,  2,  0, 12,  1,  1, 13,  1,  9,  8,  0,  6,  0,  8,
        1,  2,  2,  3, 16, 10,  6, 11,  4,  5,  4,  5,  0,  0, 13,  7,  2,
        4,  0,  5,  0,  9,  6,  0,  1,  5,  1,  1, 11,  4, 15,  7,  8,  8,
        0,  0,  3,  2,  1, 11,  0,  0,  0, 13,  0,  2,  6,  1,  9,  9,  6,
        0,  0,  3,  5, 10,  0, 13, 13, 12,  0,  0,  0,  0,  1,  0,  8,  0,
        6,  0,  0,  7,  4,  9, 12,  3,  6,  2,  0,  0,  4,  3, 15,  5,  0,
        0,  0,  4,  0,  8,  0, 10,  3,  3,  8,  0,  6,  0,  3,  6,  6,  4,
        5,  1,  1,  1,  0,  2,  7,  8,  1,  7,  0,  0,  7,  2,  0,  9,  7,
       17,  6,  4,  8,  3,  0,  0,  8,  4,  0,  1,  2,  0,  0,  5,  1, 12,
        5, 11,  1,  0,  8, 10, 11,  1,  1,  0,  1,  0, 16,  0,  6,  0,  0,
        1, 11,  0,  0,  0,  7,  1,  0,  0, 16,  0,  5, 15,  0,  2,  8,  1,
        1, 12,  2,  0,  0,  2,  5,  6, 13, 11, 17,  5,  1, 12,  3,  7,  0,
       12,  0,  1,  5,  6,  2,  4,  0,  0,  0,  2,  0,  8,  0,  0,  1, 14,
        0,  5, 12, 17,  9,  1,  1,  9,  0,  8,  1,  0,  4,  0,  7,  6,  9,
        1,  0,  0,  7,  0,  5,  0,  2, 14,  4,  0, 17,  0,  3,  9,  0,  0,
        3, 13,  8,  0,  0,  0,  1,  4,  0,  3, 13,  2,  0,  1,  1,  0,  0,
        0,  2,  9,  6,  0,  0, 10,  1,  0,  4,  0,  2,  0,  3, 15, 12,  1,
        1, 11,  0,  0,  7,  0,  0,  0,  0,  1,  2, 17,  0,  7,  6, 12,  0,
        0,  0,  0,  0, 16,  2,  3,  1,  0,  0,  3,  9,  0,  0,  1,  3,  6,
        7,  7,  6,  3,  1,  0,  0,  0, 16, 12,  1,  0,  0,  1,  1,  0,  0,
        6,  9,  0,  6,  0,  3,  5,  5,  1,  0,  0,  0,  0,  0,  8,  0])}, {'Row names': array(['EXT1', 'DIP2C', 'SVIL', 'MGC39606', 'ADARB2', 'PARD3', 'SPAG6',
       'AKR1C1', 'CCDC3', 'AKR1C2', 'TCTEX1D1', 'GYPA', 'VASP', 'ACAD8',
       'C1orf63', 'USP6NL', 'CACNB2', 'CLCA3', 'COX7A1', 'CEAL1', 'EID.3',
       'DUS3L', 'KIAA1543', 'HBXIP', 'ZNF226', 'EDG1', 'SORT1',
       'LOC283070', 'DCLRE1B', 'ZNF549', 'KLRC3', 'ZNF419B', 'DDEF1',
       'DMN', 'KCNJ1', 'MGC18216', 'PSG5', 'FBXO32', 'ZNF329', 'SBP1',
       'MGC42367', 'OSR1', 'D21S2089E', 'HNRNPG.T', 'AP4B1', 'ZNF160',
       'LRBA', 'LILRA1', 'EGLN2', 'BCAM', 'GPSM2', 'APOC1', 'IGF1R',
       'TLL2', 'CA11', 'TMEM146', 'KCNK6', 'TFDP2', 'ZNF233', 'COX6A2',
       'UBE4B', 'NDUFB11', 'TTC23', 'RBP7', 'IGSF3', 'BLVRB', 'PSG1',
       'MYBPC2', 'MSN', 'H08563', 'BGN', 'TNFRSF12A', 'CAPG', 'MYCBP2',
       'EMP3', 'RTN3', 'RGS16', 'ITGA5', 'PPP3CB', 'LOC541471', 'H78560',
       'ASPA', 'TIMP1', 'AA398420', 'IMAGE.33267', 'SOCS3', 'PDPN',
       'CHI3L2', 'MASP1', 'PLP2', 'S100A11', 'SETD5', 'T97457', 'UBA52',
       'DLL3', 'TSPYL1', 'FAM84B', 'RALY', 'LOC613212', 'CLIC1', 'VEGF',
       'AA281932', 'COL1A1', 'CD47', 'IFI30', 'ATP6V1C1', 'PSD3', 'RUNX1',
       'LHFPL2', 'C9orf48', 'CA12', 'EDNRB', 'PPP3CA', 'LGALS3', 'STEAP3',
       'IGFBP3', 'KLRC3', 'KLRC2', 'KLRC1', 'NPL', 'ARPP.19', 'PDE2A',
       'COL4A2', 'TIMP3', 'PLAUR', 'PNCK', 'WDR7', 'X37864', 'NNMT',
       'TBC1D7', 'MRC2', 'ABCA5', 'TCF7L1', 'CD58', 'MST1', 'DECR2',
       'AA131320', 'LOC57228', 'MST150', 'PEG3', 'TMEM49', 'FABP3',
       'SLC16A3', 'SERPINH1', 'ADM', 'NMNAT2', 'GABBR1', 'VAMP2', 'CSPG2',
       'WASF1', 'CBX6', 'RAB27B', 'COL3A1', 'KIAA1644', 'NLGN1',
       'C16orf5', 'LOC400451', 'AEBP1', 'COL1A2', 'COL6A2', 'HEY1',
       'HSPG2', 'RPS19BP1', 'SUV39H1', 'RFXAP', 'TNC', 'DKFZp313A2432',
       'STC1', 'PDXP', 'MOAP1', 'MAPKBP1', 'ID4', 'CACNB3', 'SERPING1',
       'RND3', 'HMOX1', 'MTHFD2', 'R70506', 'APOC2', 'ANXA1', 'AA489629',
       'H86813', 'SCAMP5', 'RPS3A', 'PLAU', 'R61377', 'NEFH', 'STMN1',
       'FBXL16', 'C1R', 'WWTR1', 'EPHB1', 'ANXA5', 'AA906888', 'AI262682',
       'LOC146795', 'SOX4', 'COL9A2', 'SERPINA3', 'AA029415', 'PRKCZ',
       'FLJ35740', 'FN1', 'LOC388610', 'AI871056', 'FGF13', 'STXBP1',
       'AI357047', 'SP100', 'HCLS1', 'MGC26694', 'LSP1', 'PRKAR1B',
       'YWHAG', 'CLTB', 'AI335002', 'A2BP1', 'HLA.A', 'SNCG', 'IGFBP5',
       'PYCR1', 'ABCC3', 'L3MBTL4', 'DPYD', 'H20822', 'AI822135', 'LMO7',
       'ADFP', 'KCNMA1', 'PCDHGC3', 'MSTP9', 'AA479357', 'LTF', 'ZNF217',
       'AA490257', 'LOC389831', 'AA975768', 'NOTCH1', 'MB', 'RAB30',
       'FCGR2B', 'C4A', 'FLJ38984', 'PYGL', 'SNRPN', 'KNS2', 'GBP1',
       'IL32', 'LY96', 'AA181288', 'IGF2BP3', 'CALM1', 'CASP1', 'PDLIM7',
       'DEF6', 'W93688', 'USP3', 'X38595', 'TSPAN6', 'CDKN1A', 'PHLDA1',
       'GOT1', 'EFHB', 'GYPC', 'MYC', 'CDC20B', 'TNFAIP3', 'POSTN',
       'PLOD2', 'CDKN2D', 'AA669383', 'CLSTN3', 'MDK', 'MVP', 'CCL2',
       'FAM46A', 'PLA2G2A', 'KCNQ2', 'CKMT1A', 'H24428', 'KIAA0963',
       'NSF', 'RAB11FIP4', 'CD53', 'IL21R', 'URP2', 'CAMK2A', 'APCS',
       'HPRT1', 'LAMA4', 'ITPKA', 'HK2', 'RBP4', 'DDIT4', 'OSBPL1A',
       'CAMKK2', 'L1CAM', 'PYHIN1', 'H91845', 'SLC35A2', 'FCGRT',
       'AI005038', 'PTPRZ1', 'ADCY1', 'HAMP', 'CD44', 'FAS', 'NUAK1',
       'DNASE1L1', 'GPNMB', 'HBA1', 'T62491', 'FBXO2', 'VSNL1', 'SPINT2',
       'C8orf4', 'NCF2', 'PRSS3', 'PLTP', 'CAP2', 'LAMB1', 'EDG3',
       'INPP5F', 'PDE4DIP', 'MMP2', 'S100A10', 'LAPTM5', 'PRRX1',
       'IL1RAP', 'HLA.G', 'TSPAN4', 'ITGA9', 'CCR1', 'MAL2', 'DSCR1L1',
       'C6orf12', 'DDN', 'CBLN2', 'GBP2', 'PRKCB1', 'F13A1', 'S100A1',
       'R52960', 'BCL2A1', 'YWHAH', 'FREQ', 'UGCG', 'SERPINI1', 'NLK',
       'ANK3', 'AI002301', 'NCF1', 'CA11', 'NY.SAR.48', 'AA598555',
       'CYBA', 'ID3', 'TAP1', 'TGFBI', 'AI263051', 'TOMM40', 'C1orf187',
       'IQSEC1', 'DES', 'NPC2', 'AIF1', 'HLA.F', 'AI350724', 'PRSS1',
       'SAA2', 'CYR61', 'T51726', 'SYNGR3', 'ITGA3', 'CHN1', 'ADAM19',
       'FBXW7', 'AA598631', 'LUM', 'PCP4', 'SRPX', 'IGHG1', 'FAM84A',
       'H41096', 'HPCA', 'CTHRC1', 'AA401952', 'DYNLT1', 'GAS1', 'RAB20',
       'ESM1', 'AA424849', 'NR4A1', 'EPB49', 'MDFI', 'LYN', 'TXNDC',
       'PALLD', 'R70684', 'CAV1', 'ZFHX1B', 'H10054', 'NDST1', 'SPARC',
       'SCN2B', 'SYT7', 'MED11', 'PARP14', 'MICAL2', 'TncRNA', 'BNIP2',
       'FZD7', 'GADD45B', 'FBL', 'LOC283130', 'STK17A', 'PRKCG',
       'HLA.DRB1', 'PRG1', 'N98591', 'PPP1R14A', 'SLC15A2', 'NPTX1',
       'MGP'], dtype=object), 'Sample count': 26, 'Nans': array([ 0,  0,  0,  0,  2,  0,  3,  0,  0,  3,  3,  0,  0,  0,  0,  4,  0,
        0,  1,  0,  0,  2,  0,  0,  1,  1,  0,  4,  0,  1,  0,  0,  1,  0,
        4,  2,  0,  0,  5,  0,  0,  0,  0,  2,  1,  0,  3,  3,  0,  0,  0,
        1,  0,  9,  0,  0,  0,  1,  0,  0,  1,  0,  0,  8,  0,  2,  0,  3,
        8, 12,  2, 16,  1,  1, 18,  0,  0, 20,  0, 14, 12,  0, 11,  0, 12,
        6,  6,  2,  4, 22, 17,  5, 14,  7,  7, 10,  5,  0,  0, 22, 10,  7,
       10,  0,  6,  0, 15,  6,  0,  5,  9,  0,  0, 12,  9, 19, 16, 17, 16,
        0,  0,  1,  3,  0, 11,  0,  0,  0, 18,  0,  1, 10,  7,  7, 17, 11,
        0,  1,  2,  4, 15,  1, 24, 18, 12,  0,  0,  0,  0,  2,  0, 16,  0,
       10,  1,  1, 12,  1, 15, 15,  0, 11,  0,  2,  1,  7,  5, 17,  7,  0,
        0,  0,  4,  0,  8,  0, 18,  1,  1, 10,  0, 13,  0,  3, 11,  9,  5,
        9,  1,  0,  0,  0,  4, 16, 15,  0, 16,  0,  1, 17,  0,  0, 15,  6,
       25,  7,  6, 10,  3,  0,  1, 12,  1,  0,  4,  5,  0,  0,  6,  0, 24,
        5, 15,  1,  0, 13, 12, 17,  0,  0,  0,  0,  0, 25,  0, 14,  1,  0,
        0, 14,  0,  0,  0, 10,  2,  0,  0, 22,  2, 11, 25,  0,  4, 18,  3,
        3, 23,  3,  4,  1,  3,  0, 10, 22, 23, 24, 10,  4, 12,  4, 11,  0,
       13,  0,  1,  7, 14,  0,  4,  0,  4,  1,  4,  0, 12,  0,  0,  0, 19,
        3,  3, 16, 25, 15,  0,  2,  8,  2, 20,  0,  0,  7,  0,  5,  8, 14,
        0,  0,  0,  8,  0,  3,  3,  1, 19,  3,  0, 26,  0,  2, 17,  0,  0,
        6, 17, 10,  0,  0,  0,  0, 11,  2,  1, 15,  2,  0,  2,  1,  0,  3,
        0,  4, 16, 11,  0,  0, 17,  1,  0,  2,  2,  2,  0,  8, 20, 21,  6,
        0, 15,  4,  0, 10,  0,  1,  0,  0,  0,  4, 26,  0, 11, 12,  9,  0,
        0,  0,  1,  0, 25,  2,  3,  0,  0,  2,  3, 11,  0,  0,  3,  2, 15,
        7,  6,  2,  6,  0,  4,  0,  0, 19, 15,  0,  0,  0,  1,  7,  0,  0,
        6, 17,  2,  8,  0,  7,  3,  7,  0,  0,  0,  0,  0,  0,  8,  2])}]
['EXT1', 'DIP2C', 'SVIL', 'MGC39606', 'ADARB2', 'PARD3', 'SPAG6', 'AKR1C1', 'CCDC3', 'AKR1C2', 'TCTEX1D1', 'GYPA', 'VASP', 'ACAD8', 'C1orf63', 'USP6NL', 'CACNB2', 'CLCA3', 'COX7A1', 'CEAL1', 'EID.3', 'DUS3L', 'KIAA1543', 'HBXIP', 'ZNF226', 'EDG1', 'SORT1', 'LOC283070', 'DCLRE1B', 'ZNF549', 'KLRC3', 'ZNF419B', 'DDEF1', 'DMN', 'KCNJ1', 'MGC18216', 'PSG5', 'FBXO32', 'ZNF329', 'SBP1', 'MGC42367', 'OSR1', 'D21S2089E', 'HNRNPG.T', 'AP4B1', 'ZNF160', 'LRBA', 'LILRA1', 'EGLN2', 'BCAM', 'GPSM2', 'APOC1', 'IGF1R', 'TLL2', 'CA11', 'TMEM146', 'KCNK6', 'TFDP2', 'ZNF233', 'COX6A2', 'UBE4B', 'NDUFB11', 'TTC23', 'RBP7', 'IGSF3', 'BLVRB', 'PSG1', 'MYBPC2', 'MSN', 'H08563', 'BGN', 'TNFRSF12A', 'CAPG', 'MYCBP2', 'EMP3', 'RTN3', 'RGS16', 'ITGA5', 'PPP3CB', 'LOC541471', 'H78560', 'ASPA', 'TIMP1', 'AA398420', 'IMAGE.33267', 'SOCS3', 'PDPN', 'CHI3L2', 'MASP1', 'PLP2', 'S100A11', 'SETD5', 'T97457', 'UBA52', 'DLL3', 'TSPYL1', 'FAM84B', 'RALY', 'LOC613212', 'CLIC1', 'VEGF', 'AA281932', 'COL1A1', 'CD47', 'IFI30', 'ATP6V1C1', 'PSD3', 'RUNX1', 'LHFPL2', 'C9orf48', 'CA12', 'EDNRB', 'PPP3CA', 'LGALS3', 'STEAP3', 'IGFBP3', 'KLRC2', 'KLRC1', 'NPL', 'ARPP.19', 'PDE2A', 'COL4A2', 'TIMP3', 'PLAUR', 'PNCK', 'WDR7', 'X37864', 'NNMT', 'TBC1D7', 'MRC2', 'ABCA5', 'TCF7L1', 'CD58', 'MST1', 'DECR2', 'AA131320', 'LOC57228', 'MST150', 'PEG3', 'TMEM49', 'FABP3', 'SLC16A3', 'SERPINH1', 'ADM', 'NMNAT2', 'GABBR1', 'VAMP2', 'CSPG2', 'WASF1', 'CBX6', 'RAB27B', 'COL3A1', 'KIAA1644', 'NLGN1', 'C16orf5', 'LOC400451', 'AEBP1', 'COL1A2', 'COL6A2', 'HEY1', 'HSPG2', 'RPS19BP1', 'SUV39H1', 'RFXAP', 'TNC', 'DKFZp313A2432', 'STC1', 'PDXP', 'MOAP1', 'MAPKBP1', 'ID4', 'CACNB3', 'SERPING1', 'RND3', 'HMOX1', 'MTHFD2', 'R70506', 'APOC2', 'ANXA1', 'AA489629', 'H86813', 'SCAMP5', 'RPS3A', 'PLAU', 'R61377', 'NEFH', 'STMN1', 'FBXL16', 'C1R', 'WWTR1', 'EPHB1', 'ANXA5', 'AA906888', 'AI262682', 'LOC146795', 'SOX4', 'COL9A2', 'SERPINA3', 'AA029415', 'PRKCZ', 'FLJ35740', 'FN1', 'LOC388610', 'AI871056', 'FGF13', 'STXBP1', 'AI357047', 'SP100', 'HCLS1', 'MGC26694', 'LSP1', 'PRKAR1B', 'YWHAG', 'CLTB', 'AI335002', 'A2BP1', 'HLA.A', 'SNCG', 'IGFBP5', 'PYCR1', 'ABCC3', 'L3MBTL4', 'DPYD', 'H20822', 'AI822135', 'LMO7', 'ADFP', 'KCNMA1', 'PCDHGC3', 'MSTP9', 'AA479357', 'LTF', 'ZNF217', 'AA490257', 'LOC389831', 'AA975768', 'NOTCH1', 'MB', 'RAB30', 'FCGR2B', 'C4A', 'FLJ38984', 'PYGL', 'SNRPN', 'KNS2', 'GBP1', 'IL32', 'LY96', 'AA181288', 'IGF2BP3', 'CALM1', 'CASP1', 'PDLIM7', 'DEF6', 'W93688', 'USP3', 'X38595', 'TSPAN6', 'CDKN1A', 'PHLDA1', 'GOT1', 'EFHB', 'GYPC', 'MYC', 'CDC20B', 'TNFAIP3', 'POSTN', 'PLOD2', 'CDKN2D', 'AA669383', 'CLSTN3', 'MDK', 'MVP', 'CCL2', 'FAM46A', 'PLA2G2A', 'KCNQ2', 'CKMT1A', 'H24428', 'KIAA0963', 'NSF', 'RAB11FIP4', 'CD53', 'IL21R', 'URP2', 'CAMK2A', 'APCS', 'HPRT1', 'LAMA4', 'ITPKA', 'HK2', 'RBP4', 'DDIT4', 'OSBPL1A', 'CAMKK2', 'L1CAM', 'PYHIN1', 'H91845', 'SLC35A2', 'FCGRT', 'AI005038', 'PTPRZ1', 'ADCY1', 'HAMP', 'CD44', 'FAS', 'NUAK1', 'DNASE1L1', 'GPNMB', 'HBA1', 'T62491', 'FBXO2', 'VSNL1', 'SPINT2', 'C8orf4', 'NCF2', 'PRSS3', 'PLTP', 'CAP2', 'LAMB1', 'EDG3', 'INPP5F', 'PDE4DIP', 'MMP2', 'S100A10', 'LAPTM5', 'PRRX1', 'IL1RAP', 'HLA.G', 'TSPAN4', 'ITGA9', 'CCR1', 'MAL2', 'DSCR1L1', 'C6orf12', 'DDN', 'CBLN2', 'GBP2', 'PRKCB1', 'F13A1', 'S100A1', 'R52960', 'BCL2A1', 'YWHAH', 'FREQ', 'UGCG', 'SERPINI1', 'NLK', 'ANK3', 'AI002301', 'NCF1', 'NY.SAR.48', 'AA598555', 'CYBA', 'ID3', 'TAP1', 'TGFBI', 'AI263051', 'TOMM40', 'C1orf187', 'IQSEC1', 'DES', 'NPC2', 'AIF1', 'HLA.F', 'AI350724', 'PRSS1', 'SAA2', 'CYR61', 'T51726', 'SYNGR3', 'ITGA3', 'CHN1', 'ADAM19', 'FBXW7', 'AA598631', 'LUM', 'PCP4', 'SRPX', 'IGHG1', 'FAM84A', 'H41096', 'HPCA', 'CTHRC1', 'AA401952', 'DYNLT1', 'GAS1', 'RAB20', 'ESM1', 'AA424849', 'NR4A1', 'EPB49', 'MDFI', 'LYN', 'TXNDC', 'PALLD', 'R70684', 'CAV1', 'ZFHX1B', 'H10054', 'NDST1', 'SPARC', 'SCN2B', 'SYT7', 'MED11', 'PARP14', 'MICAL2', 'TncRNA', 'BNIP2', 'FZD7', 'GADD45B', 'FBL', 'LOC283130', 'STK17A', 'PRKCG', 'HLA.DRB1', 'PRG1', 'N98591', 'PPP1R14A', 'SLC15A2', 'NPTX1', 'MGP']
['PRKCG', 'C4A', 'RGS16', 'KIAA1644', 'DES', 'ANXA1', 'C8orf4', 'AI335002', 'CAP2', 'LAMA4', 'LOC541471', 'ADM', 'NCF2', 'SPINT2', 'DDN', 'CALM1', 'FCGRT', 'IQSEC1', 'NMNAT2', 'NPTX1', 'CHN1', 'PARP14', 'GBP1', 'TMEM49', 'URP2', 'ZNF160', 'ITGA5', 'TSPAN6', 'FLJ38984', 'NDST1', 'EMP3', 'ZNF329', 'EID.3', 'USP6NL', 'KCNK6', 'IFI30', 'R70506', 'BGN', 'CLTB', 'FBL', 'NPC2', 'AA598555', 'NLK', 'TNC', 'A2BP1', 'DEF6', 'ESM1', 'PRSS1', 'SVIL', 'CLCA3', 'IGF2BP3', 'AKR1C1', 'MTHFD2', 'PDE4DIP', 'DDIT4', 'HPCA', 'NOTCH1', 'W93688', 'SNCG', 'PRSS3', 'YWHAH', 'UBE4B', 'KIAA0963', 'SERPING1', 'FBXO2', 'DDEF1', 'AA906888', 'SPAG6', 'MGC18216', 'TTC23', 'AKR1C2', 'TncRNA', 'H10054', 'AI357047', 'FZD7', 'SLC35A2', 'COL9A2', 'SOX4', 'FBXW7', 'PNCK', 'CKMT1A', 'SCN2B', 'CYBA', 'CDKN1A', 'CSPG2', 'CAMK2A', 'ITGA3', 'NSF', 'LMO7', 'EFHB', 'FBXL16', 'L1CAM', 'ZNF549', 'NEFH', 'MSN', 'IGHG1', 'X37864', 'LGALS3', 'RALY', 'AI263051', 'DECR2', 'TNFAIP3', 'TIMP1', 'AI871056', 'LOC283130', 'FN1', 'HPRT1', 'AA181288', 'AA398420', 'C9orf48', 'AA669383', 'SBP1', 'PHLDA1', 'VASP', 'HLA.A', 'AIF1', 'WASF1', 'TXNDC', 'RAB30', 'AI005038', 'PRG1', 'FCGR2B', 'MGC26694', 'EPHB1', 'HLA.F', 'DCLRE1B', 'C1orf63', 'CHI3L2', 'EXT1', 'SUV39H1', 'H91845', 'KLRC3', 'T97457', 'DPYD', 'AA029415', 'CCDC3', 'MB', 'LUM', 'TIMP3', 'TSPAN4', 'TGFBI', 'LOC400451', 'RTN3', 'MSTP9', 'MAPKBP1', 'T62491', 'LOC146795', 'CA11', 'H78560', 'LHFPL2', 'TSPYL1', 'R61377', 'COL3A1', 'LYN', 'MRC2', 'MYC', 'AA598631', 'SLC15A2', 'USP3', 'HLA.G', 'CAPG', 'IGFBP5', 'PCDHGC3', 'EDNRB', 'NLGN1', 'UBA52', 'KCNQ2', 'MDK', 'PRKAR1B', 'AA424849', 'S100A10', 'RUNX1', 'MOAP1', 'ANK3', 'C1orf187', 'DNASE1L1', 'ANXA5', 'ADCY1', 'STK17A', 'NPL', 'STMN1', 'NY.SAR.48', 'KNS2', 'CACNB3', 'OSBPL1A', 'BNIP2', 'PLAUR', 'ADFP', 'RFXAP', 'CTHRC1', 'PDPN', 'H41096', 'MYBPC2', 'EPB49', 'GADD45B', 'ITPKA', 'RPS19BP1', 'CYR61', 'KIAA1543', 'COL1A1', 'PARD3', 'AA975768', 'COX6A2', 'PYCR1', 'RAB27B', 'CLSTN3', 'F13A1', 'PEG3', 'APOC1', 'ACAD8', 'TCTEX1D1', 'CEAL1', 'HEY1', 'EDG1', 'AI262682', 'NCF1', 'NUAK1', 'COL4A2', 'KLRC1', 'COL1A2', 'H20822', 'CD58', 'HAMP', 'MASP1', 'IMAGE.33267', 'PRRX1', 'SRPX', 'AA489629', 'KCNJ1', 'D21S2089E', 'FAM84B', 'PRKCB1', 'C16orf5', 'PLTP', 'PYGL', 'FLJ35740', 'GAS1', 'ABCA5', 'N98591', 'IL1RAP', 'CD53', 'HBA1', 'CD44', 'AA131320', 'IGF1R', 'AA281932', 'ID3', 'COL6A2', 'H24428', 'AI822135', 'EGLN2', 'ABCC3', 'H86813', 'AA490257', 'LOC389831', 'POSTN', 'HCLS1', 'VSNL1', 'KLRC2', 'HMOX1', 'LILRA1', 'LAPTM5', 'MST1', 'PTPRZ1', 'TOMM40', 'TLL2', 'RBP7', 'CD47', 'DLL3', 'SP100', 'SPARC', 'PDE2A', 'LY96', 'PRKCZ', 'TMEM146', 'DMN', 'BCL2A1', 'AI350724', 'LAMB1', 'ARPP.19', 'RAB11FIP4', 'PLA2G2A', 'FREQ', 'MGC42367', 'LRBA', 'FAM84A', 'COX7A1', 'CAMKK2', 'ASPA', 'RAB20', 'FAM46A', 'S100A11', 'SYNGR3', 'BCAM', 'WDR7', 'FABP3', 'SCAMP5', 'CBX6', 'LSP1', 'NNMT', 'VEGF', 'CCL2', 'DYNLT1', 'PSG5', 'TNFRSF12A', 'H08563', 'MYCBP2', 'CASP1', 'S100A1', 'MGP', 'LTF', 'CACNB2', 'SERPINA3', 'GOT1', 'MDFI', 'PPP3CB', 'R70684', 'STXBP1', 'CAV1', 'PALLD', 'FBXO32', 'MST150', 'TBC1D7', 'WWTR1', 'LOC57228', 'X38595', 'GABBR1', 'TCF7L1', 'FAS', 'DIP2C', 'HSPG2', 'SETD5', 'LOC388610', 'HBXIP', 'HLA.DRB1', 'NDUFB11', 'GYPC', 'GBP2', 'SYT7', 'APOC2', 'TAP1', 'PLAU', 'ATP6V1C1', 'MICAL2', 'ZNF217', 'L3MBTL4', 'OSR1', 'UGCG', 'PCP4', 'AA479357', 'ZNF233', 'LOC283070', 'PDXP', 'SERPINH1', 'IL32', 'GPSM2', 'ADAM19', 'EDG3', 'ID4', 'GYPA', 'LOC613212', 'PDLIM7', 'DKFZp313A2432', 'SLC16A3', 'PLP2', 'SOCS3', 'CLIC1', 'R52960', 'PLOD2', 'STC1', 'PSG1', 'T51726', 'CDKN2D', 'AI002301', 'GPNMB', 'ZNF226', 'AP4B1', 'VAMP2', 'CA12', 'MED11', 'NR4A1', 'IGSF3', 'CBLN2', 'CCR1', 'SAA2', 'KCNMA1', 'AA401952', 'RPS3A', 'RND3', 'IGFBP3', 'STEAP3', 'IL21R', 'C6orf12', 'C1R', 'SNRPN', 'YWHAG', 'SORT1', 'HK2', 'FGF13', 'RBP4', 'APCS', 'DUS3L', 'ZNF419B', 'BLVRB', 'MAL2', 'ADARB2', 'TFDP2', 'PSD3', 'MVP', 'INPP5F', 'ZFHX1B', 'PPP3CA', 'MGC39606', 'DSCR1L1', 'PPP1R14A', 'AEBP1', 'HNRNPG.T', 'CDC20B', 'PYHIN1', 'ITGA9', 'SERPINI1', 'MMP2']
[42, 43, 42, 27, 42, 25, 36, 36, 38, 40, 20, 19, 43, 10, 40, 43, 43, 43, 43, 27, 43, 43, 43, 18, 43, 43, 10, 39, 43, 43, 13, 37, 43, 39, 43, 32, 39, 40, 38, 33, 43, 8, 43, 32, 43, 39, 22, 0, 43, 43, 3, 43, 15, 34, 19, 37, 43, 39, 32, 0, 43, 41, 39, 43, 40, 42, 20, 38, 40, 42, 40, 17, 42, 25, 29, 42, 43, 20, 42, 43, 35, 41, 10, 42, 43, 43, 43, 42, 21, 27, 41, 26, 41, 34, 29, 42, 43, 20, 43, 39, 26, 28, 26, 1, 35, 19, 10, 27, 43, 37, 25, 43, 38, 43, 43, 43, 40, 39, 18, 32, 43, 43, 42, 43, 42, 43, 42, 39, 43, 41, 15, 20, 18, 41, 19, 43, 42, 2, 42, 28, 17, 24, 42, 43, 43, 35, 42, 42, 23, 43, 29, 28, 43, 42, 40, 9, 43, 43, 8, 42, 40, 42, 42, 42, 42, 32, 41, 18, 38, 29, 25, 31, 43, 37, 26, 43, 37, 31, 31, 43, 29, 32, 43, 35, 42, 41, 21, 15, 42, 23, 35, 41, 39, 35, 43, 35, 41, 25, 43, 29, 43, 42, 43, 7, 19, 43, 43, 34, 41, 43, 39, 43, 40, 42, 20, 39, 43, 38, 19, 19, 43, 27, 29, 36, 23, 43, 37, 43, 39, 43, 33, 40, 42, 43, 26, 43, 39, 27, 43, 43, 43, 43, 20, 43, 43, 34, 36, 16, 43, 22, 42, 33, 24, 43, 23, 38, 43, 40, 18, 43, 39, 43, 17, 43, 43, 28, 30, 43, 31, 37, 43, 39, 41, 41, 43, 43, 26, 37, 17, 43, 37, 23, 43, 42, 39, 43, 41, 40, 43, 38, 31, 16, 22, 43, 43, 42, 43, 43, 23, 12, 26, 41, 43, 43, 15, 20, 42, 37, 37, 41, 43, 43, 42, 38, 34, 42, 43, 33, 8, 43, 43, 38, 43, 42, 42, 38, 43, 35, 42, 43, 26, 32, 30, 42, 43, 42, 8, 43, 35, 39, 42, 26, 43, 31, 2, 17, 43, 16, 39, 42, 43, 38, 31, 12, 5, 43, 43, 43, 43, 42, 43, 17, 35, 6, 5, 36, 8, 18, 19, 11, 43, 25, 36, 41, 28, 42, 40, 43, 29, 43, 30, 43, 41, 39, 43, 42, 43, 37, 27, 9, 30, 23, 43, 42, 40, 43, 42, 15, 30, 1, 42, 38, 43, 38, 15, 39, 42, 19, 43, 43, 16, 42, 42, 39, 43, 38, 38, 2, 41, 41, 41, 13]
[API] [COORDINATOR] row names identified!
[Time: 27.06.23 08:25:31] [Level: info] transition: wait_for_params
[CTRL] GET /data
[Time: 27.06.23 08:25:32] [Level: info] state: wait_for_params
setting parameters
[API] Setting parameters
['PRKCG', 'C4A', 'RGS16', 'KIAA1644', 'DES', 'ANXA1', 'C8orf4', 'AI335002', 'CAP2', 'LAMA4', 'LOC541471', 'ADM', 'NCF2', 'SPINT2', 'DDN', 'CALM1', 'FCGRT', 'IQSEC1', 'NMNAT2', 'NPTX1', 'CHN1', 'PARP14', 'GBP1', 'TMEM49', 'URP2', 'ZNF160', 'ITGA5', 'TSPAN6', 'FLJ38984', 'NDST1', 'EMP3', 'ZNF329', 'EID.3', 'USP6NL', 'KCNK6', 'IFI30', 'R70506', 'BGN', 'CLTB', 'FBL', 'NPC2', 'AA598555', 'NLK', 'TNC', 'A2BP1', 'DEF6', 'ESM1', 'PRSS1', 'SVIL', 'CLCA3', 'IGF2BP3', 'AKR1C1', 'MTHFD2', 'PDE4DIP', 'DDIT4', 'HPCA', 'NOTCH1', 'W93688', 'SNCG', 'PRSS3', 'YWHAH', 'UBE4B', 'KIAA0963', 'SERPING1', 'FBXO2', 'DDEF1', 'AA906888', 'SPAG6', 'MGC18216', 'TTC23', 'AKR1C2', 'TncRNA', 'H10054', 'AI357047', 'FZD7', 'SLC35A2', 'COL9A2', 'SOX4', 'FBXW7', 'PNCK', 'CKMT1A', 'SCN2B', 'CYBA', 'CDKN1A', 'CSPG2', 'CAMK2A', 'ITGA3', 'NSF', 'LMO7', 'EFHB', 'FBXL16', 'L1CAM', 'ZNF549', 'NEFH', 'MSN', 'IGHG1', 'X37864', 'LGALS3', 'RALY', 'AI263051', 'DECR2', 'TNFAIP3', 'TIMP1', 'AI871056', 'LOC283130', 'FN1', 'HPRT1', 'AA181288', 'AA398420', 'C9orf48', 'AA669383', 'SBP1', 'PHLDA1', 'VASP', 'HLA.A', 'AIF1', 'WASF1', 'TXNDC', 'RAB30', 'AI005038', 'PRG1', 'FCGR2B', 'MGC26694', 'EPHB1', 'HLA.F', 'DCLRE1B', 'C1orf63', 'CHI3L2', 'EXT1', 'SUV39H1', 'H91845', 'KLRC3', 'T97457', 'DPYD', 'AA029415', 'CCDC3', 'MB', 'LUM', 'TIMP3', 'TSPAN4', 'TGFBI', 'LOC400451', 'RTN3', 'MSTP9', 'MAPKBP1', 'T62491', 'LOC146795', 'CA11', 'H78560', 'LHFPL2', 'TSPYL1', 'R61377', 'COL3A1', 'LYN', 'MRC2', 'MYC', 'AA598631', 'SLC15A2', 'USP3', 'HLA.G', 'CAPG', 'IGFBP5', 'PCDHGC3', 'EDNRB', 'NLGN1', 'UBA52', 'KCNQ2', 'MDK', 'PRKAR1B', 'AA424849', 'S100A10', 'RUNX1', 'MOAP1', 'ANK3', 'C1orf187', 'DNASE1L1', 'ANXA5', 'ADCY1', 'STK17A', 'NPL', 'STMN1', 'NY.SAR.48', 'KNS2', 'CACNB3', 'OSBPL1A', 'BNIP2', 'PLAUR', 'ADFP', 'RFXAP', 'CTHRC1', 'PDPN', 'H41096', 'MYBPC2', 'EPB49', 'GADD45B', 'ITPKA', 'RPS19BP1', 'CYR61', 'KIAA1543', 'COL1A1', 'PARD3', 'AA975768', 'COX6A2', 'PYCR1', 'RAB27B', 'CLSTN3', 'F13A1', 'PEG3', 'APOC1', 'ACAD8', 'TCTEX1D1', 'CEAL1', 'HEY1', 'EDG1', 'AI262682', 'NCF1', 'NUAK1', 'COL4A2', 'KLRC1', 'COL1A2', 'H20822', 'CD58', 'HAMP', 'MASP1', 'IMAGE.33267', 'PRRX1', 'SRPX', 'AA489629', 'KCNJ1', 'D21S2089E', 'FAM84B', 'PRKCB1', 'C16orf5', 'PLTP', 'PYGL', 'FLJ35740', 'GAS1', 'ABCA5', 'N98591', 'IL1RAP', 'CD53', 'HBA1', 'CD44', 'AA131320', 'IGF1R', 'AA281932', 'ID3', 'COL6A2', 'H24428', 'AI822135', 'EGLN2', 'ABCC3', 'H86813', 'AA490257', 'LOC389831', 'POSTN', 'HCLS1', 'VSNL1', 'KLRC2', 'HMOX1', 'LILRA1', 'LAPTM5', 'MST1', 'PTPRZ1', 'TOMM40', 'TLL2', 'RBP7', 'CD47', 'DLL3', 'SP100', 'SPARC', 'PDE2A', 'LY96', 'PRKCZ', 'TMEM146', 'DMN', 'BCL2A1', 'AI350724', 'LAMB1', 'ARPP.19', 'RAB11FIP4', 'PLA2G2A', 'FREQ', 'MGC42367', 'LRBA', 'FAM84A', 'COX7A1', 'CAMKK2', 'ASPA', 'RAB20', 'FAM46A', 'S100A11', 'SYNGR3', 'BCAM', 'WDR7', 'FABP3', 'SCAMP5', 'CBX6', 'LSP1', 'NNMT', 'VEGF', 'CCL2', 'DYNLT1', 'PSG5', 'TNFRSF12A', 'H08563', 'MYCBP2', 'CASP1', 'S100A1', 'MGP', 'LTF', 'CACNB2', 'SERPINA3', 'GOT1', 'MDFI', 'PPP3CB', 'R70684', 'STXBP1', 'CAV1', 'PALLD', 'FBXO32', 'MST150', 'TBC1D7', 'WWTR1', 'LOC57228', 'X38595', 'GABBR1', 'TCF7L1', 'FAS', 'DIP2C', 'HSPG2', 'SETD5', 'LOC388610', 'HBXIP', 'HLA.DRB1', 'NDUFB11', 'GYPC', 'GBP2', 'SYT7', 'APOC2', 'TAP1', 'PLAU', 'ATP6V1C1', 'MICAL2', 'ZNF217', 'L3MBTL4', 'OSR1', 'UGCG', 'PCP4', 'AA479357', 'ZNF233', 'LOC283070', 'PDXP', 'SERPINH1', 'IL32', 'GPSM2', 'ADAM19', 'EDG3', 'ID4', 'GYPA', 'LOC613212', 'PDLIM7', 'DKFZp313A2432', 'SLC16A3', 'PLP2', 'SOCS3', 'CLIC1', 'R52960', 'PLOD2', 'STC1', 'PSG1', 'T51726', 'CDKN2D', 'AI002301', 'GPNMB', 'ZNF226', 'AP4B1', 'VAMP2', 'CA12', 'MED11', 'NR4A1', 'IGSF3', 'CBLN2', 'CCR1', 'SAA2', 'KCNMA1', 'AA401952', 'RPS3A', 'RND3', 'IGFBP3', 'STEAP3', 'IL21R', 'C6orf12', 'C1R', 'SNRPN', 'YWHAG', 'SORT1', 'HK2', 'FGF13', 'RBP4', 'APCS', 'DUS3L', 'ZNF419B', 'BLVRB', 'MAL2', 'ADARB2', 'TFDP2', 'PSD3', 'MVP', 'INPP5F', 'ZFHX1B', 'PPP3CA', 'MGC39606', 'DSCR1L1', 'PPP1R14A', 'AEBP1', 'HNRNPG.T', 'CDC20B', 'PYHIN1', 'ITGA9', 'SERPINI1', 'MMP2']
INDEX
[416, 241, 76, 153, 363, 179, 315, 215, 319, 289, 79, 144, 316, 314, 336, 251, 300, 362, 145, 422, 374, 407, 246, 140, 285, 45, 77, 258, 242, 402, 74, 38, 20, 15, 56, 104, 177, 70, 214, 413, 364, 354, 348, 165, 216, 254, 390, 368, 2, 17, 250, 7, 176, 323, 293, 384, 237, 255, 218, 317, 344, 60, 280, 173, 312, 32, 193, 6, 35, 62, 9, 409, 401, 207, 411, 299, 197, 196, 376, 125, 278, 404, 355, 259, 148, 286, 373, 281, 226, 262, 188, 296, 29, 186, 68, 381, 127, 113, 97, 359, 135, 266, 82, 204, 414, 202, 288, 249, 83, 109, 270, 39, 260, 12, 217, 365, 149, 396, 239, 301, 418, 240, 210, 191, 366, 28, 14, 87, 0, 163, 298, 116, 92, 223, 199, 8, 238, 378, 123, 330, 358, 156, 75, 230, 170, 311, 195, 352, 80, 108, 95, 185, 152, 395, 130, 264, 377, 421, 256, 329, 72, 219, 229, 111, 154, 93, 277, 272, 212, 391, 325, 107, 169, 349, 361, 308, 192, 303, 415, 119, 187, 353, 245, 172, 294, 410, 124, 227, 164, 385, 86, 383, 67, 393, 412, 290, 162, 370, 22, 102, 5, 236, 59, 220, 151, 271, 340, 139, 51, 13, 10, 19, 160, 25, 194, 351, 307, 122, 118, 158, 224, 133, 304, 88, 84, 327, 380, 180, 34, 42, 96, 339, 155, 318, 243, 201, 388, 131, 419, 328, 283, 310, 305, 136, 52, 101, 356, 159, 279, 225, 48, 221, 181, 234, 235, 267, 209, 313, 117, 175, 47, 326, 134, 302, 360, 53, 63, 103, 94, 208, 403, 121, 248, 200, 55, 33, 343, 367, 320, 120, 282, 276, 345, 40, 46, 382, 18, 295, 81, 389, 275, 90, 372, 49, 126, 141, 182, 150, 211, 128, 100, 274, 387, 36, 71, 69, 73, 252, 341, 423, 232, 16, 198, 261, 394, 78, 398, 206, 399, 397, 37, 138, 129, 190, 137, 257, 146, 132, 306, 1, 161, 91, 203, 23, 417, 61, 263, 338, 405, 178, 357, 184, 105, 408, 233, 222, 41, 346, 379, 231, 58, 27, 168, 143, 247, 50, 375, 321, 171, 11, 98, 253, 166, 142, 89, 85, 99, 342, 268, 167, 66, 371, 269, 350, 309, 24, 44, 147, 110, 406, 392, 64, 337, 332, 369, 228, 386, 183, 174, 115, 114, 284, 335, 189, 244, 213, 26, 291, 205, 292, 287, 21, 31, 65, 333, 4, 57, 106, 273, 322, 400, 112, 3, 334, 420, 157, 43, 265, 297, 331, 347, 324]
[Time: 27.06.23 08:25:32] [Level: info] transition: aggregate_sums
[Time: 27.06.23 08:25:33] [Level: info] state: aggregate_sums
[CTRL] POST /data
setting parameters
[{'Sums': array([-1.97944457e+00,  1.66170144e+01,  1.47094980e+01, -8.52338135e+00,
       -1.00717879e+01,  1.48713766e+00,  6.19787985e+00, -7.03746757e-01,
        4.34694791e+00,  5.95671265e+00, -1.20733940e+01,  1.56986279e+00,
        2.56142674e+01, -5.53381529e+00,  1.25253150e+01,  2.79231767e+01,
        2.48621287e+01,  1.39062544e+01,  1.20669064e+01, -8.53910070e+00,
        2.64738310e+01,  1.26131684e+01,  1.76823194e+01, -6.83070841e+00,
        1.09810668e+01,  2.47175546e+00, -2.10905577e+00, -9.67456657e+00,
        5.82405207e+00,  1.51042791e+01, -8.31504113e+00, -2.52277296e+01,
       -4.69559948e+00, -1.25962192e+01, -1.09938301e+01,  4.95650576e+00,
        8.91013077e+00,  1.09754109e+01, -1.47956377e+01, -9.05826053e+00,
        7.62005318e+00, -6.96874216e-01,  1.37091307e+01, -1.58089748e+00,
        1.86155911e+01,  4.12439114e+00, -1.22819004e+00,  0.00000000e+00,
        3.16675385e-01,  6.19501218e+00, -5.57795870e+00,  4.11139982e+00,
        2.40142139e+00,  6.67694411e+00, -6.50308609e+00, -1.44749471e+01,
        1.91315220e+01,  1.00368609e+01,  5.21165949e+00,  0.00000000e+00,
        1.33174949e+01, -1.82516261e+01, -7.17559865e+00,  2.92950740e+01,
        1.16766510e+01,  2.20434898e+00,  4.77401219e+00, -5.42270855e+00,
       -1.62364545e+01, -2.16557725e+00, -1.25626687e+01, -1.76344424e+01,
       -9.53518856e+00, -1.19123455e+01,  2.70855945e+00, -2.42450719e+00,
        1.88371504e+01,  1.08081414e+01,  3.77751890e+00,  1.22160394e+01,
        1.10360436e+01,  1.99260032e+00, -5.46702654e+00, -1.40113462e+00,
        2.62480073e+01,  6.84721165e+00,  6.37989830e+00,  7.83935651e+00,
       -1.31564294e+01, -1.36095066e+01,  1.25470119e+01,  8.32996456e-01,
       -8.14057291e+00, -1.74026030e+01, -3.11274906e+00,  1.78626761e+01,
        2.87522538e+01,  3.30310090e-03,  1.81256004e+01, -3.78656079e+00,
       -7.68818904e+00, -2.05342146e+01,  5.18974446e+00,  0.00000000e+00,
        6.89182401e+00, -8.89208134e+00, -8.27073635e+00, -1.60351829e+01,
        1.43427087e+01, -4.93820406e+00, -7.54018882e+00, -9.76242891e+00,
        4.71971355e+00, -1.70564149e+01,  6.74912428e+00,  2.17205952e+01,
        1.02966779e+01, -1.37068703e+01, -3.27831636e+00,  3.40951780e+00,
        2.46941688e+01,  2.24787583e+01,  1.43327385e+01,  2.62903595e+01,
        2.92179226e+00, -2.80829518e+00, -1.77845884e+01,  2.45589993e+01,
        3.09295976e+00,  2.71418697e+00, -1.01134825e+01,  5.37689073e+00,
       -1.15253417e+01,  6.96714562e+00,  1.04305840e+01,  8.07813231e-01,
        1.21901548e+01, -5.32137831e-01,  1.02694247e+01, -1.36397624e+01,
        1.00964274e+00, -1.64430565e+01,  9.53222092e+00,  1.09119562e+01,
        1.43047410e+01,  3.52701950e+00,  1.25694259e+01,  2.09196056e+01,
       -3.90439660e+00,  1.65896852e+01, -1.40101462e+01, -5.93545794e+00,
/app/apps/svd/Aggregator_FC_Federated_PCA.py:78: RuntimeWarning: invalid value encountered in true_divide
  my_sums = my_sums/self.values_per_row
        2.79852393e+01,  5.63282002e+00,  8.09337799e+00, -7.69257349e+00,
        2.02847498e+01,  2.12914734e+01, -1.07908835e+01,  8.19007006e+00,
        6.49871226e+00,  2.79606440e+00,  2.74498578e+01,  1.74399008e+01,
        1.35744163e+01,  1.93861561e+00,  2.75800009e+01, -7.85045484e+00,
       -3.01416998e+00, -6.71201533e+00, -4.34140113e+00, -9.06918730e+00,
        1.44492514e+01,  7.35816132e-01, -6.97452694e+00,  6.84830154e+00,
       -1.03882010e+01, -9.96070846e+00, -9.16472814e+00,  2.48433092e+01,
       -4.06748899e+00, -1.49871955e+01,  1.33417018e+01, -4.14844387e+00,
        1.40459932e+01, -7.41860354e+00, -1.24558061e+00, -5.75373829e-01,
        1.76454502e+01, -2.28854843e+00,  6.87962055e+00,  1.31130194e+01,
       -1.36664674e+01,  1.06061548e+01,  1.82094892e+01, -8.08202103e+00,
        1.34442073e+01, -1.01747156e+01, -2.93690919e+00,  7.99058590e-01,
       -6.64062157e-01,  7.62966637e+00, -3.55813983e+00, -2.08637508e+00,
       -4.81000580e-01,  4.89007079e+00,  2.11685373e+01,  3.22804726e+00,
       -1.04088225e+01,  2.09074573e+00,  1.90939086e+00, -3.06316284e+00,
        1.64299153e+01, -3.43131044e+00, -1.35966070e+01,  9.88046312e-02,
        1.81849175e+01,  1.12779525e+01,  5.30062822e+00,  9.88201619e-02,
        2.26617745e+01, -1.00420303e+01,  1.70569283e+00,  1.35887448e+01,
       -1.70925707e+00,  2.14928439e+01,  5.44373271e+00,  1.82030787e+01,
       -8.62027236e+00, -1.01750957e+01,  1.21819368e+01, -2.88218617e+00,
        4.43228835e+00,  2.71799752e+01, -7.86219644e+00,  2.30045974e+01,
       -3.97323928e+00,  1.93083583e+00,  1.32861986e+01,  1.27464809e+01,
        1.58877253e+01,  1.59202656e+01, -1.56414686e+01,  3.23357056e+01,
        6.49325678e+00,  3.50255500e+00,  5.83213798e+00, -1.42838830e+00,
        1.40606228e+01, -2.33705745e+00, -7.48102545e-01,  8.57398390e+00,
       -1.81941299e+01,  1.60328394e+01, -9.94007719e+00, -6.23517778e+00,
        1.55942883e+01,  6.99624507e+00,  7.94689273e+00,  1.87850513e+01,
       -1.40902940e+01,  2.30061614e+01, -9.52124887e+00,  3.13793316e+01,
        1.41956421e+01, -1.17363054e+01, -1.16633312e+01,  1.20771070e+00,
        1.99752204e+01, -4.10809130e+00,  2.24953873e+01,  5.63142364e+00,
       -5.65188827e+00,  8.90242715e+00, -1.99612928e+00,  1.49003815e-01,
       -9.72844595e+00,  1.40108105e+01, -8.61615300e+00,  1.14293441e+01,
        2.70979753e+00,  3.02676078e+00,  1.30454265e+01,  7.79103543e+00,
       -1.66676862e+01,  1.92193495e+01, -1.13336325e+01,  3.38902893e-01,
        2.45605448e+01, -2.30274990e+00, -5.90503149e+00, -7.00084716e+00,
       -5.40679488e+00, -1.57704477e+00,  1.75711514e+01,  5.82899453e+00,
        2.95345989e+01,  1.36456121e+01, -9.40706773e+00,  4.89879253e+00,
       -2.82601717e+00,  1.70879054e+01,  9.81084079e+00, -6.89235464e+00,
       -6.79530165e+00, -1.15225868e+01,  1.04613217e+01, -3.32564810e+00,
        1.11025626e+00,  1.20551139e+00,  1.85697683e+01, -3.77086352e+00,
        1.75529595e+01,  2.24584513e+00, -3.44637744e+00,  3.49814391e+00,
        1.24449930e+01,  6.09510392e+00,  4.71852411e-01,  2.13474739e+01,
        2.69304647e+00, -5.80318895e+00,  1.94977252e+01,  1.12735937e+01,
        9.94069114e+00,  6.36863443e-01,  2.67130585e+01, -2.30628777e+00,
       -3.38994067e-01,  3.36090277e+00,  8.37858497e-01,  7.21750338e+00,
       -9.38105694e+00, -2.35861508e+01,  4.17653457e+01, -3.45735822e+00,
       -7.13435256e+00,  2.01225446e+01,  7.69287175e-01,  9.57493436e+00,
        1.56643887e+01, -1.53288822e+01,  1.44295773e+01, -2.90769493e+00,
       -1.53720645e+00,  6.04630729e-01, -5.11336935e+00, -1.23814411e+01,
        4.45874417e+00,  7.36140552e+00, -6.12676808e-01, -1.05357271e+01,
        4.23145182e+00, -6.09098224e+00,  8.74475356e-01,  3.85734086e+00,
        1.72111512e+01,  1.59838276e+01,  3.13848549e+01,  3.78493522e+00,
       -1.33205610e+01, -2.17327634e+01, -8.06667482e+00, -2.64641573e+00,
       -5.83191264e+00,  2.27745375e+00, -9.31728990e+00, -8.44514671e+00,
       -3.43288170e+00, -1.16854446e+00,  2.80641034e+00, -2.16549564e+01,
       -2.76955855e-01,  1.22513758e+00, -6.03136501e-01, -1.53422939e+00,
       -1.13314815e+01,  2.64001401e+01,  6.07746270e+00,  2.40556474e+01,
       -2.13798399e+00, -1.90270894e+00,  1.08905928e+01,  8.01297606e+00,
        1.58639788e+01,  9.73879963e+00,  2.61773044e+01,  1.17395423e+01,
        8.68438034e-01,  5.12875466e-01, -1.17915245e+01, -8.85361642e+00,
        7.80665986e+00,  1.91987116e+01,  1.21405782e+01,  1.00758527e+00,
       -4.66745713e-01, -8.52504804e+00,  8.06840242e+00,  0.00000000e+00,
        8.45718782e+00, -1.19317616e+01, -9.13082763e+00, -1.07188286e+01,
       -1.06628190e+01, -5.27592027e+00, -7.76653465e+00, -1.12170557e+01,
        2.04295656e+01,  7.58750103e+00, -4.18700817e+00, -7.33930397e+00,
        2.23534367e+00,  4.56701297e+00,  2.95455319e+01,  1.01825481e+01,
       -2.75736249e+00,  0.00000000e+00, -2.36829259e+00, -8.94540727e+00,
        2.04265717e+01, -9.67518547e+00]), 'Sample count': 17}, {'Sums': array([ 10.36417734,  29.86881658,  23.33128318,   0.22601668,
         0.13043288,   0.13326408,  13.43556457, -14.95447486,
        12.53702641,   6.8436352 ,  -1.1457943 ,   2.22537021,
        38.63954234,  -5.70053174,  20.04304855,  48.61101754,
        33.02847201,  31.11314393,  19.01943819,   1.99972477,
        44.89808921,  22.69370681,  27.9692238 ,  -8.32692281,
        12.42787688,   4.63699579, -22.46916445, -11.26674302,
        20.66120721,  18.17226258,  -7.88465987, -42.05969413,
         0.33908147, -28.31312097, -10.9167252 ,   6.01029438,
         1.82021034,  17.99648404, -13.15755623, -26.25179469,
         3.58458661,  -8.17783735,  23.98985169,   1.89007035,
        33.63947076,  -3.11275646,   8.14415673,   0.        ,
        -9.10027471,  10.69261504,  -3.29660982,   1.91189131,
       -10.00858166,  10.77751924, -13.59383695,   3.81812303,
        25.13147477,  18.26477853,  11.16029977,   0.        ,
        23.11244177, -17.43852374, -24.80046659,  46.84241612,
        22.05449925,   6.23707483,  -1.32475845, -16.85027158,
       -28.36457456,  -7.87264398, -21.01975103,  -5.56366943,
         8.97075319, -23.5226948 ,   0.91955455,   8.5549901 ,
        35.29995995,  -2.2212053 ,  11.70991654,  24.10658501,
        21.44265088,  -2.60969211,  -7.20591104,   0.74194322,
        31.17661953,  13.08384824,   0.36566987,  18.97193163,
       -23.66581255, -19.57560906,  27.87830433,  -6.60654788,
       -11.37475874, -16.05143545,  -2.92627835,  26.72346351,
        49.30995472,  -8.6626107 ,  27.31601709, -18.11824572,
       -17.81835168,  -8.51951502,   9.6970924 ,  -1.3306854 ,
        13.68732911, -12.10942639, -10.35051749, -12.00473787,
        22.74171752,  -2.49812998, -12.85332809,  -8.80830603,
       -18.7368356 , -22.73140106,  14.2199471 ,  31.2369353 ,
        28.47402742,  -6.98931445,  -4.06805688,  -8.32059639,
        37.38101361,  33.60910259,  34.12160421,  37.46381066,
         7.55732557,  -7.13138958, -21.01399139,  31.19544825,
         2.50479606,  -1.83722968, -10.75697063,   9.02919613,
        -3.52591034,  12.13315983,   6.42128328,  -3.62180058,
        14.63879136,  -0.38951261,  17.56435916,  -4.5118644 ,
       -15.27165411, -16.97367267,  17.51303628,  16.4331743 ,
        31.161377  ,  -0.91016139,  20.57644675,  40.24926761,
         1.87357823,  22.95621672, -10.03817539,  -5.51676749,
        34.04270792,   5.65769687,   8.25195328,  -7.30500914,
        24.19201158,  33.52150117,  -4.96774359,  13.49287603,
        17.63313686,  14.79753612,  41.79583218,  22.69103084,
        16.07387562,   1.13879269,  26.19318571, -24.51384317,
         2.86749745,  -0.13864725, -18.10656222,  -3.70192217,
        27.55542502,   2.0551514 ,  -2.91761008,   6.81729545,
       -25.65956312,   2.85795905,  -7.20280186,  39.54552619,
        -9.06424059,  -1.40409555,  28.01595643,  -5.62252869,
        20.0235761 , -19.48902088,  -3.46526368,  -4.20235084,
        29.33294942,  -4.85565206,  16.96181647,  27.16574567,
       -32.03531927,  21.56111361,  26.15474913,   0.8045894 ,
        21.97033376,  -4.80148692,   1.36577922,  14.62317947,
        -4.47519585,   9.04275858,  -2.44186566,  -5.68376764,
         1.62504329,  20.78779685,  30.85367289, -13.1417503 ,
       -23.49520722,   3.50992463,   0.21463231,  -7.16767318,
        17.52207812,  -4.48772041, -20.31570443,   8.69366812,
        28.78508495,  12.49183057,   1.64771677,  -4.78230685,
        29.09232155, -30.31692131,   0.48077122,   9.22566187,
         3.60519057,  31.79706215,  -0.15040851,  22.75899648,
       -18.89264026,  -9.6958913 ,  -6.14840663,  18.43613191,
        22.97912874,  40.70549511, -17.33638031,  40.82423952,
         5.73254392,   7.17423233,  12.40416129,  23.93703121,
        23.86643678,  19.80619136,  -4.83647867,  43.85396129,
         1.11478367,   2.72368287,  -1.74105524, -12.45257416,
        28.71997988,  -9.37414136,  -1.04085441,   1.87570403,
       -17.95758935,  17.80468877,  -2.71830458,   0.719246  ,
        20.82262154,  19.86225691,   5.6754734 ,  29.45282245,
       -16.34002406,  37.68884501, -23.34971654,  54.99704955,
        18.7022459 , -37.99057551, -31.28590186,   8.44970426,
         8.20368519, -10.69871515,  33.58978347,   6.54661122,
        -8.69982496,  18.3039158 ,  -7.40997458,  -2.6843699 ,
       -14.1987079 ,   5.41872022, -18.56264955,  22.0647516 ,
        10.46102006,   9.30246134,  24.85795693,   9.07423645,
       -27.99751981,  38.93893123, -14.87620045,  11.73791461,
        38.51969158,  -8.86907449,  -3.45332715, -10.38412708,
       -20.07465566,   1.63773068,  26.26737668,  12.09067896,
        46.75150616,  16.77921043, -19.839297  ,   2.66034442,
         9.24182681,  18.09212694,   4.46528206,  -4.31984143,
        -5.50808618, -18.07635069,  10.92183477,   2.25030342,
        13.46970573,  -1.39459144,  23.91328861, -12.17424688,
        26.50308559,  -1.12024693,   5.45338896,  11.51791585,
        12.39690262,  19.71538396,  -9.30329039,  26.86580367,
         1.98259288,   6.58457684,  27.06151218,  21.36220119,
        11.44941833,  14.6788572 ,  42.9007207 ,  -9.25164412,
        -1.04576483,   0.73381816,  -3.55982684,  -6.96638785,
       -10.01414529, -26.61158225,  62.51287135,  -3.85432233,
        -1.67082379,  25.0916295 ,  16.84658348,   8.18372317,
        17.62619576,  -6.27624583,  24.09180801,  10.43267484,
        -0.70343135,  -7.51716209,  -9.34379824, -24.17960341,
         9.46249282,  11.07383128,   1.00881746, -17.29019558,
         7.77675264, -21.8239408 ,  -3.6573616 ,   6.16527189,
        19.65579353,  14.61856994,  45.97798314,   5.28357117,
        -9.80780705,  -8.86726943, -12.13577948,  -4.69091697,
       -10.62831186,  10.72678737,  -8.54949151, -15.52565803,
       -19.91073882, -10.19706172,  13.77063635, -11.86061483,
         6.19183046,  -5.29577789,  -7.30715946,   1.40674833,
       -12.12891866,  43.23166043,   7.31940292,  32.68377127,
       -29.62761045,   0.83584491,  26.110256  ,  -3.10597653,
        11.01756797,   7.95027644,  39.46076628,   8.40915285,
       -13.38712287,  -9.801032  ,   2.95214255, -16.4616533 ,
         9.75255053,  19.89728366,  18.29421298,  10.6360229 ,
         0.93607767, -19.36450023,  17.41221984,  -4.29094284,
        11.44553137, -26.1756699 , -13.79142535, -21.93867978,
        -6.14798938, -20.89204073,  -9.86549591,  -8.38096741,
        39.3785139 ,  17.28575396,  -3.53019231, -11.32760444,
         5.44156491,  10.15013336,  32.60760926,  13.86093466,
        -3.3441711 ,  -2.90792428,  -5.26845117, -17.97679401,
        30.33888293, -21.56934899]), 'Sample count': 26}]
SUMS
[ 1.99636495e-01  1.08106584e+00  9.05732884e-01 -3.07309803e-01
 -2.36698929e-01  6.48160695e-02  5.45373456e-01 -4.34950600e-01
  4.44315114e-01  3.20008696e-01 -6.60959414e-01  1.99749105e-01
  1.49427465e+00 -1.12343470e+00  8.14209090e-01  1.77986498e+00
  1.34629304e+00  1.04696275e+00  7.22938247e-01 -2.42199109e-01
  1.65981210e+00  8.21090121e-01  1.06166380e+00 -8.42090623e-01
  5.44394039e-01  1.65319796e-01 -2.45782202e+00 -5.36956656e-01
  6.15936262e-01  7.73873062e-01 -1.24613085e+00 -1.81857902e+00
 -1.01314372e-01 -1.04895744e+00 -5.09547798e-01  3.42712504e-01
  2.75136952e-01  7.24297372e-01 -7.35610365e-01 -1.07000167e+00
  2.60573019e-01 -1.10933895e+00  8.76720520e-01  9.66165222e-03
  1.21523400e+00  2.59393507e-02  3.14362122e-01             nan
 -2.04269752e-01  3.92735517e-01 -2.95818951e+00  1.40076538e-01
 -5.07144018e-01  5.13366569e-01 -1.05773279e+00 -2.88022273e-01
  1.02937202e+00  7.25683061e-01  5.11623727e-01             nan
  8.47207831e-01 -8.70491459e-01 -8.19899109e-01  1.77063930e+00
  8.43278757e-01  2.00986281e-01  1.72462687e-01 -5.86131056e-01
 -1.11502573e+00 -2.39005267e-01 -8.39560493e-01 -1.36459482e+00
 -1.34389374e-02 -1.41740161e+00  1.25107379e-01  1.45963879e-01
  1.25900257e+00  4.29346804e-01  3.68748463e-01  8.44712196e-01
  9.27962699e-01 -1.50510194e-02 -1.26729376e+00 -1.56950333e-02
  1.33545644e+00  4.63513021e-01  1.56873678e-01  6.38364003e-01
 -1.75344009e+00 -1.22907836e+00  9.85983324e-01 -2.22059670e-01
 -4.75983699e-01 -9.83942308e-01 -2.08242325e-01  1.06157475e+00
  1.81540020e+00 -4.32965380e-01  1.05678180e+00 -5.61661705e-01
 -9.81020797e-01 -1.03763320e+00  5.72570649e-01 -1.33068540e+00
  5.87975804e-01 -1.10534251e+00 -1.86212538e+00 -1.03851558e+00
  8.62428516e-01 -2.00982001e-01 -8.15740676e-01 -4.31877557e-01
 -3.68871633e-01 -9.25298045e-01  4.87652823e-01  1.23157048e+00
  9.69267634e-01 -5.30671403e-01 -4.08131847e-01 -1.53471206e-01
  1.44360889e+00  1.30436886e+00  1.15367483e+00  1.48265512e+00
  2.49502806e-01 -2.31155460e-01 -9.23775710e-01  1.42960122e+00
  1.30180368e-01  2.13892023e-02 -1.39136354e+00  7.20304343e-01
 -8.36180671e-01  4.65861109e-01  8.86940381e-01 -6.54415663e-02
  6.38784432e-01 -4.60825220e-01  6.62709139e-01 -6.48272385e-01
 -8.38941845e-01 -1.39236372e+00  6.43934695e-01  6.35933267e-01
  1.05735158e+00  7.47673746e-02  7.89187444e-01  1.45640174e+00
 -8.82964510e-02  9.19672137e-01 -8.29252469e-01 -4.09008051e-01
  1.44251040e+00  2.68821831e-01  4.08633282e-01 -1.66639807e+00
  1.03434329e+00  1.27472034e+00 -1.96982839e+00  5.16260621e-01
  6.03296228e-01  4.18895251e-01  1.64870690e+00  9.55498372e-01
  7.05911711e-01  9.61690094e-02  1.31154114e+00 -1.79801656e+00
 -3.85980329e-03 -2.36229744e-01 -8.97918534e-01 -4.11971273e-01
  9.76852940e-01  7.54315550e-02 -3.80466808e-01  3.17804581e-01
 -9.74263896e-01 -2.29120949e-01 -5.27984839e-01  1.49741478e+00
 -4.52818261e-01 -5.12227845e-01  9.61806005e-01 -2.79170645e-01
  8.11180221e-01 -6.56283522e-01 -2.24325919e-01 -3.18514978e-01
  1.11853332e+00 -3.10617413e-01  6.81183915e-01  9.82408905e-01
 -1.17184068e+00  9.19064813e-01  1.03172647e+00 -2.07926618e-01
  8.63769295e-01 -5.99048100e-01 -3.65379061e-02  5.31801312e-01
 -1.19517628e-01  3.96962499e-01 -1.39535011e-01 -1.11002039e+00
  6.02127742e-02  5.97159713e-01  1.20981884e+00 -2.91579501e-01
 -8.26927554e-01  1.30248148e-01  5.44621328e-02 -2.37926419e-01
  8.48799834e-01 -1.88548354e-01 -1.69561557e+00  2.25448019e-01
  1.09232564e+00  6.25520607e-01  3.65702368e-01 -2.46499299e-01
  1.20358363e+00 -1.49477599e+00  7.53953120e-02  6.33733519e-01
  8.24318914e-02  1.23930014e+00  1.43062816e-01  9.52606399e-01
 -7.05459298e-01 -4.62115976e-01  1.82834249e-01  3.88848643e-01
  6.52652788e-01  1.57873187e+00 -9.69176029e-01  1.48439156e+00
  4.51103754e-02  3.37224747e-01  5.97450230e-01  8.53104932e-01
  9.24515398e-01  8.30847837e-01 -1.02389736e+00  1.77185272e+00
  1.76931173e-01  1.83124643e-01  1.13641187e-01 -8.67560154e-01
  9.94897736e-01 -5.32327218e-01 -4.25942133e-02  3.16657210e-01
 -1.50632164e+00  7.86919260e-01 -5.50364425e-01 -1.45156100e-01
  8.46904879e-01  6.71462550e-01  7.56798118e-01  1.12181102e+00
 -7.80264566e-01  1.41151178e+00 -1.93358620e+00  2.00875305e+00
  7.65067163e-01 -1.77596003e+00 -1.43164110e+00  2.24591045e-01
  9.08996955e-01 -4.00183958e-01  1.30430630e+00  3.12257304e-01
 -3.50041786e-01  6.63569340e-01 -2.18746601e-01 -5.89620020e-02
 -9.20275148e-01  5.25122451e-01 -1.59875309e+00  7.78932457e-01
  3.55968043e-01  5.36053136e-01  8.81474033e-01  4.01554092e-01
 -1.14526169e+00  1.35251816e+00 -6.39264219e-01  3.01920438e-01
  1.46698224e+00 -2.93995379e-01 -3.01882537e-01 -1.08656089e+00
 -1.15824775e+00  1.41130010e-03  1.01950065e+00  4.26658893e-01
  1.77409547e+00  7.07554012e-01 -1.27158108e+00  6.29928079e-01
  2.46761909e-01  8.58049569e-01  3.32002857e-01 -2.60748746e-01
 -8.20225855e-01 -1.47994687e+00  5.09122773e-01 -2.90633698e-02
  3.94053027e-01 -4.61170846e-03  9.87978069e-01 -3.70816521e-01
  1.04895345e+00  2.96210052e-02  5.90297506e-02  3.57525232e-01
  5.77718504e-01  7.82135996e-01 -1.10392975e+00  1.12123901e+00
  1.08735799e-01  2.05628391e-02  1.08277296e+00  7.77042735e-01
  5.09288321e-01  4.03045280e-01  1.61892510e+00 -3.30226625e-01
 -3.29704500e-02  9.52260682e-02 -1.04691090e-01  7.84736025e-03
 -6.46506741e-01 -1.19518412e+00  2.42507481e+00 -1.74087632e-01
 -1.10064704e+00  1.05149242e+00  5.03310590e-01  4.55350193e-01
  7.92632963e-01 -8.30966464e-01  8.95846170e-01  2.42741287e-01
 -1.12031890e+00 -4.06619492e-01 -3.36213200e-01 -2.28506528e+00
  3.56954795e-01  4.38934209e-01  9.21257335e-03 -7.32261122e-01
  3.87361434e-01 -2.32624359e+00 -5.56577249e-01  2.33084017e-01
  8.57370807e-01  7.11683664e-01  1.79913577e+00  2.15916819e-01
 -5.37869024e-01 -1.80000193e+00 -5.77212980e-01 -1.22288878e+00
 -3.29204490e+00  3.61228920e-01 -2.23334768e+00 -1.33171137e+00
 -1.22861161e+00 -1.03323693e+00  3.85512714e-01 -1.34062285e+00
  1.64302072e-01 -9.92839101e-02 -2.82510570e-01 -3.03526342e-03
 -5.86510004e-01  1.61934420e+00  4.61960884e-01  1.31952136e+00
 -1.05885315e+00 -2.48107914e-02  9.02459726e-01  1.25820501e-01
  6.25152251e-01  4.21168478e-01  1.52646676e+00  5.44559327e-01
 -4.63654994e-01 -1.03201739e+00 -2.94646065e-01 -1.10066390e+00
  4.08353730e-01  9.30857029e-01  7.60869780e-01  2.70781586e-01
  1.11745705e-02 -1.85930322e+00  8.49354076e-01 -4.29094284e+00
  4.73874266e-01 -1.00282715e+00 -5.33075651e-01 -8.59408114e-01
 -1.12072056e+00 -6.70973359e-01 -4.19810251e-01 -1.03147490e+00
  1.39088557e+00  5.78447790e-01 -4.82325030e-01 -4.44450200e-01
  1.82783538e-01  3.77362727e-01  1.44542189e+00  6.32723230e-01
 -1.60566673e-01 -1.45396214e+00 -1.86262043e-01 -6.56639055e-01
  1.23818182e+00 -2.40342573e+00]
[Time: 27.06.23 08:25:34] [Level: info] transition: compute_std
[CTRL] GET /data
[Time: 27.06.23 08:25:35] [Level: info] state: compute_std
(422, 1)
[Time: 27.06.23 08:25:35] [Level: info] transition: aggregate_stds
[Time: 27.06.23 08:25:36] [Level: info] state: aggregate_stds
[CTRL] POST /data
setting parameters
[2.94324036e+01 1.26812861e+01 9.97170785e+00 2.06466785e+01
 5.96190010e+01 8.22247193e+00 1.51001094e+01 1.70530031e+01
 5.34425574e+00 1.13838047e+01 4.21315792e+01 2.07715537e+00
 4.83042184e+00 1.83765574e+01 6.08090558e+00 5.53304059e+00
 2.15262111e+00 1.32745040e+01 1.23298793e+01 3.49822369e+01
 2.29416752e+00 6.38533621e+00 6.94267496e+00 1.38825049e+01
 6.17678553e+00 2.00343615e+00 1.89235446e+01 4.92226024e+01
 5.47497010e+01 1.50455222e+01 3.96171464e+00 2.18964477e+01
 4.08527148e+00 2.23562435e+01 5.88962200e+00 1.68547618e+01
 8.16477531e+00 4.17632618e+01 3.26881604e+01 6.33923215e+01
 8.69175601e+00 2.44750418e+00 4.82468278e+00 3.69896359e+01
 7.02132925e+00 1.63740205e+01 2.15757285e+01 0.00000000e+00
 6.96296070e+00 8.12709641e-01 1.16231511e+00 6.56527450e+00
 6.48613133e+00 8.30728719e+00 1.40316861e+01 7.24017508e+01
 1.39198735e+01 1.27186192e+01 2.18547324e+01 0.00000000e+00
 2.07017055e+00 5.92460452e+01 1.94126094e+01 6.59562221e+00
 1.70433422e+01 6.70886487e+00 3.35386596e+01 6.61745741e+00
 4.08693816e+01 2.63750555e+01 2.11503225e+01 2.65722090e+01
 6.66039454e+01 2.71764828e+01 4.23807531e+00 1.85116802e+01
 6.67280655e+00 7.16102408e+00 1.67982226e+01 8.53091943e+00
 9.97548240e+00 5.10875154e+01 2.59548076e+00 3.58264477e+01
 4.24964441e+00 1.77715455e+01 1.11570885e+01 1.48734566e+01
 1.01720546e+01 3.43911546e+01 4.34069466e+01 1.72074960e+01
 6.97412505e+00 7.25482079e+01 1.03995251e+01 8.26076383e+00
 2.16399930e+01 6.26850112e+00 9.67523696e+00 3.96454933e+01
 4.37534821e+01 5.72407142e+01 1.24378450e+01 0.00000000e+00
 2.06254815e+01 1.96178432e+01 4.87156410e+00 1.76313032e+01
 1.29554537e+01 2.43150249e+01 1.92767942e+01 3.85167733e+00
 2.98540224e+01 1.49549602e+01 3.70721492e+01 4.32609889e+00
 6.05605991e+01 4.46762102e+01 2.41290133e+01 1.12311031e+01
 5.27346397e+00 4.82867323e+00 3.64870692e+01 2.53649624e+01
 6.21181668e+01 4.09089512e+00 3.99313147e+01 8.83259696e+00
 4.69576720e+00 8.39287873e+00 2.42820772e+01 2.87316093e+01
 3.01597183e+01 2.50304763e+01 6.10719443e+00 5.93063065e+00
 6.37080997e+00 5.08548845e-03 3.84294152e+01 2.21779054e+01
 9.17603760e+00 3.03423334e+01 2.15863337e+01 8.53947814e+00
 2.14303121e+01 1.73871727e+01 2.27811434e+01 1.16589620e+01
 3.33742104e+01 7.32553920e+00 6.83734216e+01 5.18180018e+00
 1.00595306e+01 1.00374505e+01 5.13012448e+00 1.70028229e+01
 4.25907229e+00 8.00653421e+00 1.78342653e+01 6.85791404e+00
 2.99040705e+01 1.77637477e+01 8.08934175e+00 1.14588841e+01
 2.07352874e+01 8.88689431e+00 8.30897497e+00 3.58673886e+01
 8.39543154e+00 1.65272802e+01 8.06342537e+00 2.03573358e+01
 1.22137562e+01 2.21456520e+01 1.30765513e+01 6.90774490e+00
 1.57137244e+01 2.12467380e+01 2.28387912e+01 6.57998579e+00
 1.36480846e+01 4.82255098e+01 1.38705425e+01 1.77460602e+01
 2.26743816e+00 8.83427203e+00 2.85081689e+01 5.72332683e+00
 7.28426173e+00 3.48674506e+00 3.10851514e+01 1.25443336e+01
 1.86177082e+01 4.44139642e+00 3.92166397e+00 3.74912630e+01
 5.25492334e+01 3.70831365e+01 1.08562032e+01 5.21878935e+01
 6.14533062e+00 2.79476370e+01 8.16557843e+00 4.12158439e+00
 1.84956376e+00 3.26071987e+01 8.05400430e+00 1.17151105e+01
 1.11939517e+01 1.46858001e+01 1.65473738e+00 2.50985720e+00
 9.50595647e+00 3.85910870e+00 3.27733160e+01 2.13873217e+01
 1.78558611e+00 1.48332897e+01 1.20694556e+01 2.05853031e+01
 6.22511675e+00 1.77355813e+01 1.26522247e+01 2.33350370e+01
 1.63069007e+01 3.92333090e+00 1.55810923e+01 7.54379123e+00
 1.54496861e+01 1.46888513e+01 2.59407055e+01 4.66256161e+01
 3.25842925e+01 2.53247166e+00 1.28908714e+01 4.55364482e+00
 5.74640918e+01 2.74135602e+01 4.63363804e+00 1.49509389e+01
 8.31513312e+00 1.33400842e+01 6.58372145e+01 3.79966530e+00
 6.89257631e+00 2.32597084e+01 3.12034120e+01 8.83024730e+00
 1.49835429e+01 2.66171852e+01 3.48377859e+00 1.72665019e+01
 2.82907338e+01 9.80263400e+00 8.36419107e+01 3.50591984e+01
 1.18280881e+01 2.66676015e+01 8.21606701e+00 1.76342720e+01
 1.07568925e+01 9.31570592e+00 9.29241793e+01 3.09085244e+01
 4.63379631e+00 1.48466530e+01 1.08468130e+01 5.07227166e+01
 2.17809410e+01 3.43591118e+01 3.94423213e+00 4.14148908e+01
 4.93737618e+01 9.94497196e+00 3.95196856e+00 1.23290140e+01
 2.90334235e+01 1.59724210e+01 1.31850156e+01 1.42076141e+01
 1.88617751e+01 2.14943850e+01 9.58613259e+00 6.16199099e+00
 1.92470035e+01 1.13341130e+01 2.78254854e+01 1.59481940e+01
 8.03096731e+00 1.37419216e+01 2.35671117e+01 5.90009632e+00
 1.08757287e+00 5.26755280e+00 5.71694165e+00 8.67671540e+00
 5.42902923e+00 5.69379549e+00 2.92083775e+01 2.18636444e+00
 1.78620810e+01 8.19069123e+00 8.42648955e+00 3.63241132e+00
 1.38650517e+01 4.87386811e+00 1.08702878e+01 2.63428208e+01
 2.71591749e+01 2.81632510e+01 2.02396339e+01 5.98167441e+00
 2.31780248e+01 9.46270082e+00 9.56498867e+01 1.39392476e+01
 6.12694157e+00 1.55270245e+01 2.48308941e+00 1.46431825e+00
 8.02480606e+00 3.60219478e+01 5.34015204e+00 3.81094494e+00
 1.74668754e+01 5.17331031e+01 1.14450417e+01 5.29947854e+01
 9.60545158e+00 3.89337875e+00 8.26537424e+00 9.98969693e+00
 4.35895485e+01 3.59532162e+01 1.60841097e+00 7.98432812e+00
 8.28778172e+00 6.89881385e+00 3.80880921e+01 1.43646123e+01
 2.72953329e+00 4.79055627e+01 7.66485281e+00 2.02157193e+01
 1.73795230e-01 6.17659022e+00 4.04707480e+00 1.22074649e+01
 2.08936023e+01 1.72571795e+01 1.78688759e+00 3.60696176e+01
 6.49928301e+00 5.35393069e+00 2.04791156e+00 1.84833484e+00
 5.63735011e+00 7.39315960e+00 3.57631847e+00 3.62964849e+00
 8.73640835e+01 4.43861554e+01 2.55146275e+01 2.52303373e+00
 6.45092814e+00 2.79904462e+01 4.43114896e-01 6.89994393e+00
 4.38599741e+00 1.41446086e+00 3.89419813e+00 2.62564511e+01
 5.03154783e+00 8.40912929e+00 1.51340492e+01 5.05742184e+00
 1.89953972e+01 4.07391871e+00 1.44868021e+01 1.95445054e+00
 1.82435639e+01 2.92853365e+00 1.09288914e+01 1.13967030e+01
 8.76519751e+00 9.63015373e+00 2.48478647e+00 3.82680725e+00
 5.07184437e+00 3.68785231e+00 4.69875927e+01 3.72813452e+01
 1.21336612e+01 1.09830871e+01 1.80734075e+01 1.30032578e+01
 3.40391520e+00 1.84485904e+01 9.00914123e+00 0.00000000e+00
 8.67816860e+00 1.23958765e+01 4.67527196e+00 1.15291354e+01
 6.28756156e+01 8.08079176e+00 4.91672023e+00 3.56705482e+01
 1.97586388e+01 3.44190599e+01 3.92658319e+01 4.91093380e+01
 3.39867490e+00 9.19255499e+00 5.89957142e+00 9.30360798e+00
 4.55371547e+00 0.00000000e+00 1.82967130e+01 1.63214962e+01
 7.69231730e+00 1.09789710e+01]
[3.25109134e+01 7.21428316e+00 1.30649575e+01 2.10027083e+01
 1.87582272e+01 1.42859202e+01 2.42193406e+01 7.11066636e+01
 2.48221741e+01 2.89159033e+01 9.67215010e+00 2.16744048e+01
 4.44682892e+00 5.30853304e+00 2.95269609e+01 4.94683546e+00
 2.68856942e+00 6.19259301e+00 3.10950046e+01 3.65230170e+01
 9.12744085e+00 4.24975220e+00 1.10185345e+01 1.79996739e+01
 1.12672681e+01 2.62548172e+00 3.20097909e+01 4.35625051e+01
 1.13115829e+01 1.03897159e+01 7.84582141e+00 1.41173105e+02
 5.10875764e+00 3.25947330e+01 1.03156074e+01 1.78368362e+01
 2.14470037e+01 4.15670754e+01 1.06857615e+02 6.21073552e+01
 1.47872728e+01 9.71139794e+00 7.87268786e+00 5.07467078e+01
 1.13118298e+01 4.08394166e+01 7.64514923e+00 0.00000000e+00
 1.46178116e+01 1.73445122e+00 1.14528310e-01 9.85586411e+00
 2.77983523e+01 8.53299781e+00 2.52215848e+01 8.10434883e+01
 1.31540478e+01 2.35081042e+01 6.60306809e+01 0.00000000e+00
 1.44392985e+01 2.89184041e+01 1.10687400e+02 6.37521602e+00
 6.16119629e+01 6.67277955e+00 3.03926179e+01 2.76243082e+01
 3.56808779e+01 1.12328815e+01 2.87549772e+01 1.78762606e+01
 3.26032329e+01 5.02948735e+01 2.55702580e+01 1.67551128e+01
 6.94663486e+00 6.77750048e+01 5.59103016e+01 9.97617745e+00
 3.97371091e+01 4.46802345e+01 2.20664725e+00 4.33478287e+01
 1.06599444e+01 3.55425571e+01 1.40558187e+01 2.71995322e+01
 3.76446980e+01 3.34568676e+01 3.30376961e+01 4.09084999e+01
 2.06797281e+01 9.23152909e+01 1.18493753e+01 1.18968058e+01
 9.18962765e+00 3.71254603e+01 1.63280421e+01 3.79742986e+01
 2.43748663e+01 2.09388534e+01 1.66171665e+01 0.00000000e+00
 2.43789454e+01 1.01611560e+01 1.38262067e+01 1.01742007e+01
 2.30142753e+01 5.19844241e+01 2.02966724e+01 4.22554977e+00
 1.87186829e+02 1.75062461e+01 6.10669234e+00 6.26090255e+00
 1.08622844e+01 9.28349262e+00 9.46639906e+00 7.96583123e+01
 4.28838260e+00 4.67623346e+00 1.90332005e+01 1.98088825e+01
 5.37397234e+01 5.42903820e+00 1.10955850e+01 3.16809540e+01
 3.36934054e+00 4.73521764e+01 5.79556483e+01 1.89789568e+01
 1.21267487e+01 2.51744699e+01 7.45335896e+00 1.12621042e+01
 7.06153855e+00 5.08548845e-03 2.34738268e+01 1.78468097e+01
 7.83616970e+01 2.63583116e+01 1.86658617e+01 6.76196546e+00
 9.53652673e+00 2.21961864e+01 1.70110801e+01 1.23767061e+01
 1.91430003e+01 9.80609643e+00 2.34337249e+01 2.29332012e+01
 4.87380000e+01 1.89626931e+01 2.71351060e+01 1.06508219e+01
 5.80988603e+00 7.16642360e+00 9.70028221e+00 8.41699315e+00
 1.02710788e+01 2.45126444e+01 1.57284621e+01 3.21222205e+01
 2.06965461e+01 2.62860158e+01 4.02182794e+01 4.77527084e+01
 2.43639320e+01 1.77520643e+01 2.31576879e+01 2.52796621e+01
 2.16340586e+01 8.97242044e+01 2.42369770e+01 6.02550900e+00
 7.35028550e+01 1.78080794e+01 2.03311785e+01 4.91848803e+00
 5.34091439e+01 2.39965316e+01 1.31330464e+01 3.82097740e+01
 1.49551944e+01 2.06895498e+01 1.10811763e+01 6.01774821e+00
 1.65355628e+01 2.91024396e+01 2.70579892e+01 2.70825398e+01
 2.07838751e+01 2.77719231e+01 2.20673548e+01 2.33960012e+01
 2.93613116e+01 5.66136022e+01 4.61312742e+00 2.62502572e+01
 8.50599096e+00 4.39831522e+01 4.57953772e+00 7.37264103e+00
 8.71886791e+00 2.23742545e+01 8.04155108e+00 1.14659507e+02
 2.96119193e+01 5.57158756e+00 3.97895364e+00 3.55026807e+00
 3.02943083e+01 8.68617553e+00 4.80393680e+01 4.70972123e+01
 1.85309961e+01 4.31246717e+01 7.44881101e+01 2.57591221e+01
 1.48725301e+01 6.44643010e+01 2.97682572e+01 3.15636219e+01
 1.28273841e+01 4.62532575e+00 4.51661915e+01 2.06019153e+01
 4.19338093e+01 1.01847138e+01 1.24693547e+02 2.64979519e+01
 1.41712472e+01 2.33680574e+00 4.40228855e+01 5.51859430e+00
 4.44079198e+01 1.32966844e+01 8.50777131e+00 2.89919481e+01
 1.70480151e+01 1.19436429e+01 2.32891451e+01 5.47075555e+00
 2.97099221e+00 4.96197976e+01 4.78119215e+01 1.32222149e+01
 1.25161124e+01 5.69325935e+01 5.59844980e+00 5.25525036e+01
 3.15841413e+01 3.30338478e+01 1.57174822e+01 1.08942956e+02
 7.35740173e+00 6.13739354e+01 3.37538528e+01 1.83925688e+01
 1.41780005e+01 4.94384901e+00 7.36905606e+01 2.90477278e+00
 4.71275181e+00 6.64377598e+01 6.21882809e+01 2.94271652e+01
 7.65230336e+01 2.68643129e+01 9.50397893e+00 1.09826111e+02
 5.81781518e+01 1.71857163e+01 7.44896935e+00 5.55272294e+00
 3.12975396e+01 4.25038326e+01 4.14552161e+01 1.28700974e+01
 3.15200837e+01 2.37023020e+01 1.54503610e+01 2.70673595e+01
 3.38667179e+01 4.77745040e+00 5.25246653e+01 1.82507623e+01
 1.18520773e+01 1.54151859e+01 1.78433186e+01 8.20425827e+00
 4.83705474e+01 1.07912427e+01 7.60167204e+00 1.41504287e+01
 9.11936708e+00 2.40509320e+01 5.44935497e+01 8.95146242e+00
 3.27714605e+01 3.37374623e+01 2.13332514e+01 1.21234810e+01
 5.68243308e+00 1.14843699e+01 7.29316099e+01 1.88643509e+01
 1.28683633e+01 6.07092208e+01 1.60589130e+01 1.79666082e+01
 1.99522172e+01 3.77101303e+01 5.03159071e+01 1.99219077e+01
 3.13352379e+01 1.36252623e+01 1.67426880e+01 4.30135103e+00
 5.28161160e+00 3.66317223e+01 1.09003502e+01 1.36486894e+01
 2.72541665e+01 4.12993478e+01 9.27282121e+00 1.12716184e+02
 2.41948541e+01 8.94223973e+00 4.15250275e+01 6.51996460e+01
 3.52073315e+01 1.23016728e+01 1.80596889e+00 6.69529574e+00
 2.43610175e+00 2.61957069e+01 2.46733757e+01 2.21036441e+01
 1.00250775e+01 2.45486125e+01 8.55555933e+00 4.65379141e+01
 1.73795230e-01 1.25385270e+01 1.05066278e+01 3.42665806e+01
 3.54954540e+01 1.98031152e+01 4.27536712e+00 5.39468398e+01
 1.47711137e+01 2.13786346e+01 8.29838016e+00 2.82013898e+00
 1.22566767e+01 1.95205176e+01 5.43496221e+00 4.87692390e+00
 7.46520327e+01 1.52931950e+01 4.51317264e+01 5.83978472e+00
 1.93767698e+01 2.22555617e+01 7.78152418e+00 2.30396774e+01
 3.45224288e+01 8.22974024e+00 1.91242293e+00 2.54567866e+01
 1.79105056e+01 1.72341054e+01 4.04645855e+01 6.12783762e+00
 1.77984996e+01 7.00766459e+00 6.05202420e+01 3.31097374e+00
 5.14262020e+01 5.57002379e+00 2.49678494e+01 9.52351474e+01
 1.58711696e+01 1.07941835e+02 2.44119727e+00 1.77708014e+01
 4.24708180e+01 2.40491253e+01 1.98493700e+01 5.18599181e+01
 1.00971977e+01 3.13307848e+01 4.49344766e+01 1.25143106e+01
 4.18734149e+00 2.28409707e+01 1.11356648e+01 0.00000000e+00
 1.29894355e+01 2.71921447e+01 2.39536782e+01 1.85310634e+01
 1.93472824e+01 3.60744668e+01 5.46970267e+00 1.76539972e+01
 7.87456021e+00 3.17417359e+01 1.45902108e+01 5.23906911e+01
 3.48162867e+00 5.03447547e+01 2.78428561e+01 4.65205161e+01
 4.37693797e+00 1.54736361e+00 1.93828036e+01 4.41251750e+01
 3.72254516e+01 2.30639547e+01]
COMPUTE STD
[6.19433170e+01 1.98955693e+01 2.30366653e+01 4.16493868e+01
 7.83772281e+01 2.25083922e+01 3.93194500e+01 8.81596667e+01
 3.01664298e+01 4.02997079e+01 5.18037293e+01 2.37515602e+01
 9.27725076e+00 2.36850905e+01 3.56078665e+01 1.04798760e+01
 4.84119053e+00 1.94670971e+01 4.34248839e+01 7.15052538e+01
 1.14216084e+01 1.06350884e+01 1.79612095e+01 3.18821788e+01
 1.74440536e+01 4.62891787e+00 5.09333354e+01 9.27851074e+01
 6.60612839e+01 2.54352380e+01 1.18075361e+01 1.63069552e+02
 9.19402912e+00 5.49509765e+01 1.62052294e+01 3.46915980e+01
 2.96117790e+01 8.33303372e+01 1.39545775e+02 1.25499677e+02
 2.34790288e+01 1.21589021e+01 1.26973706e+01 8.77363436e+01
 1.83331590e+01 5.72134370e+01 2.92208777e+01 0.00000000e+00
 2.15807723e+01 2.54716086e+00 1.27684342e+00 1.64211386e+01
 3.42844836e+01 1.68402850e+01 3.92532709e+01 1.53445239e+02
 2.70739213e+01 3.62267234e+01 8.78854133e+01 0.00000000e+00
 1.65094691e+01 8.81644493e+01 1.30100010e+02 1.29708382e+01
 7.86553051e+01 1.33816444e+01 6.39312775e+01 3.42417656e+01
 7.65502595e+01 3.76079370e+01 4.99052998e+01 4.44484696e+01
 9.92071783e+01 7.74713563e+01 2.98083333e+01 3.52667930e+01
 1.36194414e+01 7.49360288e+01 7.27085242e+01 1.85070969e+01
 4.97125915e+01 9.57677500e+01 4.80212801e+00 7.91742764e+01
 1.49095888e+01 5.33141026e+01 2.52129072e+01 4.20729889e+01
 4.78167526e+01 6.78480222e+01 7.64446427e+01 5.81159959e+01
 2.76538532e+01 1.64863499e+02 2.22489004e+01 2.01575697e+01
 3.08296207e+01 4.33939615e+01 2.60032791e+01 7.76197919e+01
 6.81283484e+01 7.81795676e+01 2.90550116e+01 0.00000000e+00
 4.50044268e+01 2.97789992e+01 1.86977708e+01 2.78055039e+01
 3.59697290e+01 7.62994489e+01 3.95734666e+01 8.07722710e+00
 2.17040851e+02 3.24612063e+01 4.31788415e+01 1.05870014e+01
/app/apps/svd/Aggregator_FC_Federated_PCA.py:95: RuntimeWarning: invalid value encountered in true_divide
  variances = my_ssq/(val_per_row)
 7.14228836e+01 5.39597029e+01 3.35954123e+01 9.08894155e+01
 9.56184657e+00 9.50490670e+00 5.55202697e+01 4.51738450e+01
 1.15857890e+02 9.51993332e+00 5.10268997e+01 4.05135509e+01
 8.06510774e+00 5.57450551e+01 8.22377255e+01 4.77105661e+01
 4.22864670e+01 5.02049462e+01 1.35605534e+01 1.71927348e+01
 1.34323485e+01 1.01709769e-02 6.19032420e+01 4.00247152e+01
 8.75377346e+01 5.67006450e+01 4.02521954e+01 1.53014436e+01
 3.09668388e+01 3.95833591e+01 3.97922235e+01 2.40356681e+01
 5.25172106e+01 1.71316356e+01 9.18071465e+01 2.81150014e+01
 5.87975306e+01 2.90001436e+01 3.22652305e+01 2.76536448e+01
 1.00689583e+01 1.51729578e+01 2.75345475e+01 1.52749072e+01
 4.01751494e+01 4.22763921e+01 2.38178039e+01 4.35811046e+01
 4.14318335e+01 3.51729101e+01 4.85272543e+01 8.36200970e+01
 3.27593636e+01 3.42793445e+01 3.12211133e+01 4.56369979e+01
 3.38478148e+01 1.11869856e+02 3.73135283e+01 1.29332539e+01
 8.92165794e+01 3.90548174e+01 4.31699698e+01 1.14984738e+01
 6.70572284e+01 7.22220414e+01 2.70035890e+01 5.59558342e+01
 1.72226326e+01 2.95238218e+01 3.95893452e+01 1.17410750e+01
 2.38198245e+01 3.25891847e+01 5.81431406e+01 3.96268733e+01
 3.94015833e+01 3.22133195e+01 2.59890187e+01 6.08872642e+01
 8.19105449e+01 9.36967387e+01 1.54693306e+01 7.84381506e+01
 1.46513216e+01 7.19307892e+01 1.27451162e+01 1.14942254e+01
 1.05684317e+01 5.49814533e+01 1.60955554e+01 1.26374618e+02
 4.08058710e+01 2.02573877e+01 5.63369103e+00 6.06012527e+00
 3.98002648e+01 1.25452842e+01 8.08126841e+01 6.84845340e+01
 2.03165822e+01 5.79579614e+01 8.65575656e+01 4.63444252e+01
 2.10976469e+01 8.21998823e+01 4.24204819e+01 5.48986589e+01
 2.91342848e+01 8.54865665e+00 6.07472838e+01 2.81457066e+01
 5.73834954e+01 2.48735652e+01 1.50634252e+02 7.31235680e+01
 4.67555397e+01 4.86927740e+00 5.69137569e+01 1.00722391e+01
 1.01872012e+02 4.07102446e+01 1.31414093e+01 4.39428870e+01
 2.53631482e+01 2.52837270e+01 8.91263596e+01 9.27042085e+00
 9.86356852e+00 7.28795060e+01 7.90153335e+01 2.20524622e+01
 2.74996553e+01 8.35497786e+01 9.08222839e+00 6.98190055e+01
 5.98748751e+01 4.28364818e+01 9.93593929e+01 1.44002154e+02
 1.91854898e+01 8.80415369e+01 4.19699199e+01 3.60268408e+01
 2.49348930e+01 1.42595549e+01 1.66614740e+02 3.38132972e+01
 9.34654812e+00 8.12844128e+01 7.30350939e+01 8.01498818e+01
 9.83039746e+01 6.12234247e+01 1.34482111e+01 1.51241002e+02
 1.07551914e+02 2.71306883e+01 1.14009379e+01 1.78817370e+01
 6.03309631e+01 5.84762536e+01 5.46402317e+01 2.70777115e+01
 5.03818589e+01 4.51966869e+01 2.50364936e+01 3.32293505e+01
 5.31137214e+01 1.61115634e+01 8.03501507e+01 3.41989562e+01
 1.98830446e+01 2.91571075e+01 4.14104303e+01 1.41043546e+01
 4.94581202e+01 1.60587955e+01 1.33186137e+01 2.28271441e+01
 1.45483963e+01 2.97447275e+01 8.37019271e+01 1.11378269e+01
 5.06335414e+01 4.19281536e+01 2.97597410e+01 1.57558923e+01
 1.95474848e+01 1.63582381e+01 8.38018976e+01 4.52071717e+01
 4.00275382e+01 8.88724718e+01 3.62985468e+01 2.39482826e+01
 4.31302420e+01 4.71728311e+01 1.45965794e+02 3.38611553e+01
 3.74621795e+01 2.91522868e+01 1.92257774e+01 5.76566928e+00
 1.33064177e+01 7.26536701e+01 1.62405023e+01 1.74596344e+01
 4.47210419e+01 9.30324509e+01 2.07178629e+01 1.65710970e+02
 3.38003057e+01 1.28356185e+01 4.97904017e+01 7.51893429e+01
 7.87968800e+01 4.82548890e+01 3.41437986e+00 1.46796239e+01
 1.07238835e+01 3.30945207e+01 6.27614678e+01 3.64682565e+01
 1.27546108e+01 7.24541752e+01 1.62204121e+01 6.67536334e+01
 3.47590460e-01 1.87151172e+01 1.45537026e+01 4.64740455e+01
 5.63890563e+01 3.70602947e+01 6.06225470e+00 9.00164574e+01
 2.12703967e+01 2.67325653e+01 1.03462917e+01 4.66847382e+00
 1.78940268e+01 2.69136772e+01 9.01128067e+00 8.50657239e+00
 1.62016116e+02 5.96793504e+01 7.06463539e+01 8.36281844e+00
 2.58276980e+01 5.02460079e+01 8.22463908e+00 2.99396213e+01
 3.89084262e+01 9.64420110e+00 5.80662106e+00 5.17132377e+01
 2.29420534e+01 2.56432347e+01 5.55986347e+01 1.11852595e+01
 3.67938969e+01 1.10815833e+01 7.50070441e+01 5.26542428e+00
 6.96697659e+01 8.49855744e+00 3.58967408e+01 1.06631850e+02
 2.46363671e+01 1.17571989e+02 4.92598374e+00 2.15976086e+01
 4.75426624e+01 2.77369776e+01 6.68369626e+01 8.91412633e+01
 2.22308589e+01 4.23138719e+01 6.30078841e+01 2.55175684e+01
 7.59125668e+00 4.12895611e+01 2.01448060e+01 0.00000000e+00
 2.16676041e+01 3.95880212e+01 2.86289501e+01 3.00601988e+01
 8.22228980e+01 4.41552586e+01 1.03864229e+01 5.33245454e+01
 2.76331990e+01 6.61607957e+01 5.38560426e+01 1.01500029e+02
 6.88030357e+00 5.95373097e+01 3.37424276e+01 5.58241240e+01
 8.93065344e+00 1.54736361e+00 3.76795166e+01 6.04466713e+01
 4.49177689e+01 3.40429257e+01]
STD
[ 1.22915117  0.6882616   0.74957981  1.26566168  1.3826206   0.96842639
  1.05991172  1.58708778  0.90294458  1.01652636  1.65121533  1.14870846
  0.46998609  1.62224435  0.95552196  0.49952063  0.33950912  0.68081004
  1.01682142  1.65837332  0.5214816   0.50320611  0.65394789  1.36946058
  0.64446459  0.33198242  2.37891982  1.56259827  1.2541482   0.77820364
  0.99194825  2.12831149  0.46787333  1.20252997  0.62115924  1.05786758
  0.88275554  1.46173709  1.94203693  1.98036989  0.74767941  1.31794765
  0.54983484  1.6823212   0.66068433  1.22703576  1.17960602 -0.
  0.71681791  0.24626548  0.79901296  0.62528353  1.56489351  0.71436102
  1.47673196  2.06455025  0.80288055  0.97638867  1.68374978 -0.
  0.62696299  1.48462495  1.8503201   0.55572429  1.42014179  0.57129815
  1.83434023  0.96200474  1.40100934  0.95774044  1.13120426  1.66674214
  1.5555344   1.79665611  1.03178648  0.92745118  0.56944922  1.98595104
  1.33168263  0.66381109  1.20918776  1.54731824  0.73045861  1.38963301
  0.59581055  1.12666916  0.77479501  1.01300072  1.54623337  1.61540686
  1.38243122  1.52467696  0.83147239  2.23514286  0.8914054   0.70117618
  0.85676052  1.51125534  0.78684541  1.42920471  1.65079797  1.7016285
  1.07805402         nan  1.15050407  1.28623048  1.44136397  1.03413851
  0.92543078  1.45582593  1.28409285  0.43853726  2.42197625  0.87913927
  1.01393671  0.50206719  1.35327602  1.19163425  1.40577407  1.71228404
  0.47714045  0.47571767  1.16368076  1.03709582  1.68101226  0.47609356
  1.11559783  1.0325435   0.43820814  1.18051954  2.42365906  1.58463953
  1.57716177  1.12032301  0.86796548  0.63980531  0.57237947  0.10085126
  1.2287535   1.21753721  2.33904006  1.57011001  0.99083846  0.60358934
  0.85866506  1.07898862  0.98516092  0.76566037  1.54503914  0.63866743
  1.81075306  1.02043929  1.18319111  0.84102353  0.90956781  1.85922177
  0.48962956  0.60104983  1.98330703  0.61037588  1.0149542   1.01544646
  0.76218242  1.03099649  1.00525247  1.06518074  1.10144512  2.21784337
  0.94095069  1.10646387  1.14056114  1.23338285  0.89771953  1.76280912
  1.22169601  0.55491857  1.57424214  1.14097644  1.19958284  0.5232334
  1.54754677  1.52634966  0.80183701  1.28287171  0.64812361  0.85912487
  1.40693541  0.91577738  0.76221475  1.2170976   1.307705    0.99532499
  1.0182749   0.97337073  0.78662962  1.33820846  1.43100092  1.97586203
  0.60689158  1.67372713  0.59062762  1.32454124  0.55086763  1.38408968
  0.76624741  1.14415131  0.61905372  1.95691948  1.01002316  0.69449172
  0.38503899  0.37985352  1.01020771  0.55315689  2.06235282  1.34246958
  0.69550568  1.25157157  2.19288706  1.60458415  0.70874885  1.77807028
  1.23086035  1.25241092  1.15077612  0.45115346  1.29900906  0.81861827
  1.228858    0.76956334  2.169636    1.36929299  1.0678853   0.34049255
  1.50882414  0.48970932  1.63732783  1.25131077  0.55936634  1.02286813
  0.77710005  0.7758824   2.16583957  0.46981305  0.48461002  1.48609215
  1.50252486  1.21250326  0.80916852  1.99463302  0.47065674  1.47710661
  1.6134607   1.00990902  2.1251673   1.9728026   0.67586787  1.5024897
  1.57124753  0.92616517  0.81005024  0.58267762  3.2269833   0.89726167
  0.47173813  1.73508899  1.58696298  1.38142337  1.81019313  1.30408998
  0.5658582   1.99500034  1.63975542  0.82356979  0.5210095   0.65249953
  1.55346018  1.27449613  1.84797578  0.80293674  1.18300299  1.43331604
  0.77207965  0.90026216  1.18225611  0.61936149  1.41730511  0.93642742
  0.68804493  0.8877105   1.17488198  0.96968567  1.53464934  0.6183464
  0.56312507  0.74616326  0.58854939  0.84155083  1.95054686  1.00624536
  1.42314499  1.02381826  0.84176319  0.61248697  1.18162977  0.92787925
  1.42966735  1.12060465  1.05445534  1.49057432  0.92965107  0.75511403
  1.02564961  1.12913302  2.10314191  0.90878041  0.94443457  0.95446789
  1.65726872  0.37051024  0.56286719  1.40128966  0.62183489  0.65256781
  1.04439318  1.585683    0.70234069  2.20768024  0.90796349  0.55282001
  1.41124628  1.5573897   1.64837307  1.08487258  0.28512236  0.59836411
  1.23773315  0.8876738   1.35864842  0.97963818  0.55775269  1.70240037
  0.62145015  1.49168399  0.58956803  1.08152431  0.58865672  1.76019024
  1.21816359  0.95074162  0.37992025  1.55976832  0.84202923  1.55892053
  1.6082826   0.33339787  0.65272372  0.80050099  0.46320007  0.45549684
  1.9640587   1.93131028  1.44146937  1.29327634  2.54104791  1.19816536
  1.08395039  1.32708485  1.47023101  0.98204893  0.37182372  1.46789585
  0.80962166  0.80067526  1.43499432  0.52231332  0.97130492  0.51366061
  1.63671103  0.35407237  1.54996959  0.44982953  0.94732176  1.67514218
  0.76588522  1.69340175  0.34246945  0.77455379  1.35224404  1.862021
  1.51813137  2.01292712  0.7275343   1.01589648  1.27105734  0.77946209
  0.43029362  1.71733933  0.83345575         nan  0.72696503  1.03438219
  0.82561593  0.90135332  2.42344056  1.07795199  0.50331639  1.72118411
  0.81113088  1.25509244  1.89483584  1.57340728  0.40964897  1.25170736
  0.89632089  1.22831596  0.4912932   1.24393071  0.97056062  1.22929524
  1.05969063  1.68431306]
[ 47  59 137  49 334  25 355  16 233 386 379 319 370 211 350 210 412 396
 128 111 381 225 359 358  32 243  12 250 264 121 125 120 244 156 235 416
  15 115  21 406 377 274  20 375 179  42 202 329 213 175  63 340 238 320
 294 270  76  65 136 261 296 346 344 200  84 335 157 143 198 159 303 293
 206 285  34 342 322  51  60 149 135  24 184 275 323 356  22  44  79 256
  17 288   1 209 216  95 326 220  53  48 400 392  82 295  40   2 311 162
 188 147 384 204 229 282 387  86 241 240  29 395 194  98  50 357 373 182
  56 279 248 372 260 408 227 273 402  92 398 153 297 302 352  96 144 185
 134 113  36 337 289  94 414 263 172 283 403   8 328 315 154 187 108 259
  75 305 310 287 168 316 382 349 317  14  69  67   5 291 418 376 193  57
 339 369 146 142  30 191 164 299 253 208 212  87 114 160 161 393   9  18
 192 151 239 301 312 163  74 127 107 401 123 324 308  35 420   6 165 232
 405 102 145 345 366 333 166 169 126 133 307  85 313  70 170 177 205  11
 104 224 122 290  46 129 304 284 280 152 117 365 178  33  80 247 189 139
 348 174  45 415 138 228   0 419 222 171 336 417 237 217 413 223  28 409
   3 394 277 183 110 105 363 226 269 190  41 201 367  78 195 215 388 116
 338 231  23 267  90   4 203  83  68 321 118 186 330 286  64 300  99 306
 196 281 374 106 362 109  37 371 368  54 251  61 245 309 343 257 246 234
  97 390  91 181 292 148  88  81 180 380 276  72 331 353 351  27  52 141
 258 411 176 132 131 325 266   7 219 354 252  89  13 378 236 272 332 100
  10 318  19  71 199 383 124  43  58 421 385 101 341 119 397 407 265 347
 173]
['PRSS1' 'PRSS3' 'LUM' 'CLCA3' 'HLA.DRB1' 'ZNF160' 'GPSM2' 'FCGRT' 'PLTP'
 'AA401952' 'MED11' 'PALLD' 'PSG1' 'CEAL1' 'ZNF233' 'TCTEX1D1' 'MGC39606'
 'SORT1' 'EXT1' 'SBP1' 'IGSF3' 'PRRX1' 'GYPA' 'ID4' 'EID.3' 'AA131320'
 'NCF2' 'EGLN2' 'TOMM40' 'FCGR2B' 'DCLRE1B' 'PRG1' 'IGF1R' 'AA598631'
 'FLJ35740' 'HNRNPG.T' 'CALM1' 'AIF1' 'PARP14' 'TFDP2' 'VAMP2' 'TMEM146'
 'CHN1' 'ZNF226' 'NPL' 'NLK' 'COX6A2' 'DIP2C' 'EDG1' 'DNASE1L1' 'SERPING1'
 'TAP1' 'N98591' 'FBXO32' 'WDR7' 'SPARC' 'COL9A2' 'DDEF1' 'MB' 'LAPTM5'
 'SCAMP5' 'OSR1' 'ZNF217' 'PARD3' 'CSPG2' 'NDUFB11' 'SLC15A2' 'MSTP9'
 'KIAA1543' 'HLA.G' 'PSG5' 'BCAM' 'F13A1' 'FAM84A' 'KCNK6' 'ATP6V1C1'
 'TBC1D7' 'AKR1C1' 'YWHAH' 'LHFPL2' 'CCDC3' 'URP2' 'OSBPL1A' 'DMN' 'WWTR1'
 'ADAM19' 'GBP1' 'A2BP1' 'PNCK' 'HCLS1' 'IQSEC1' 'ASPA' 'C4A' 'ACAD8'
 'NUAK1' 'IGHG1' 'GABBR1' 'H20822' 'PDE4DIP' 'SVIL' 'APCS' 'C6orf12'
 'CYBA' 'FABP3' 'NPC2' 'RGS16' 'CACNB2' 'PCDHGC3' 'RFXAP' 'CA11' 'SAA2'
 'RAB27B' 'D21S2089E' 'FREQ' 'RPS3A' 'ITGA3' 'HBA1' 'CD53' 'NDST1' 'YWHAG'
 'GADD45B' 'RALY' 'IGF2BP3' 'EDG3' 'AI002301' 'KNS2' 'NOTCH1' 'ARPP.19'
 'H24428' 'CDKN2D' 'LILRA1' 'MVP' 'AA489629' 'PRKCZ' 'ZNF419B' 'ZNF549'
 'FGF13' 'LYN' 'CBX6' 'DYNLT1' 'PDXP' 'X37864' 'MAPKBP1' 'BNIP2'
 'AA029415' 'VASP' 'R70506' 'GBP2' 'RAB20' 'MSN' 'PPP1R14A' 'PTPRZ1'
 'MOAP1' 'MGC42367' 'BLVRB' 'CAP2' 'FAS' 'PPP3CB' 'MRC2' 'ADFP' 'AA398420'
 'HMOX1' 'SLC35A2' 'H08563' 'LTF' 'CAMKK2' 'PRKAR1B' 'R70684' 'CBLN2'
 'AA479357' 'STXBP1' 'DDN' 'TTC23' 'SPAG6' 'ANXA1' 'S100A11' 'PYHIN1'
 'AP4B1' 'EPB49' 'W93688' 'APOC2' 'STC1' 'LOC146795' 'RTN3' 'EMP3'
 'H41096' 'NLGN1' 'NNMT' 'AA490257' 'APOC1' 'HEY1' 'NSF' 'HLA.A' 'CAPG'
 'IGFBP5' 'C1R' 'LAMA4' 'NMNAT2' 'MYBPC2' 'R61377' 'IL1RAP' 'CCL2'
 'SERPINA3' 'EDNRB' 'FZD7' 'CHI3L2' 'AA181288' 'DUS3L' 'EPHB1' 'LOC57228'
 'S100A1' 'IFI30' 'SERPINI1' 'C8orf4' 'UBA52' 'C16orf5' 'ADARB2' 'TIMP1'
 'T62491' 'L3MBTL4' 'CLIC1' 'HBXIP' 'KCNQ2' 'AA424849' 'C1orf63' 'DPYD'
 'CASP1' 'CAMK2A' 'GOT1' 'AKR1C2' 'S100A10' 'ADCY1' 'CLSTN3' 'ADM'
 'LOC283130' 'IMAGE.33267' 'MGC26694' 'FAM46A' 'ESM1' 'SUV39H1'
 'TNFRSF12A' 'LRBA' 'RAB11FIP4' 'COL3A1' 'TXNDC' 'SOCS3' 'STK17A' 'USP6NL'
 'CKMT1A' 'COL6A2' 'CTHRC1' 'TSPAN4' 'PCP4' 'C1orf187' 'DEF6' 'AEBP1'
 'TIMP3' 'KCNJ1' 'PRKCG' 'ITGA9' 'HAMP' 'RUNX1' 'GYPC' 'CDC20B' 'ABCA5'
 'COL4A2' 'DSCR1L1' 'MASP1' 'FLJ38984' 'INPP5F' 'KIAA1644' 'SNRPN'
 'AI350724' 'CACNB3' 'AA669383' 'FN1' 'SLC16A3' 'SRPX' 'SP100' 'PDPN'
 'AA598555' 'AA975768' 'R52960' 'FBXW7' 'ITPKA' 'NCF1' 'RND3' 'WASF1'
 'SYT7' 'PRKCB1' 'TMEM49' 'CD47' 'FBXL16' 'DES' 'PYCR1' 'CDKN1A'
 'MGC18216' 'MST150' 'RAB30' 'PLAUR' 'HSPG2' 'COX7A1' 'FBXO2' 'VEGF'
 'AI263051' 'MYCBP2' 'RPS19BP1' 'PLA2G2A' 'GPNMB' 'HPRT1' 'DKFZp313A2432'
 'C9orf48' 'BGN' 'T51726' 'PLOD2' 'DDIT4' 'ABCC3' 'UBE4B' 'AA281932' 'MGP'
 'MICAL2' 'VSNL1' 'ID3' 'PYGL' 'LGALS3' 'STEAP3' 'L1CAM' 'NY.SAR.48'
 'SYNGR3' 'H78560' 'LMO7' 'SCN2B' 'STMN1' 'NR4A1' 'BCL2A1' 'H10054'
 'SETD5' 'SERPINH1' 'LOC283070' 'TSPAN6' 'MTHFD2' 'LOC400451' 'KLRC2'
 'PPP3CA' 'ANXA5' 'T97457' 'KLRC3' 'X38595' 'RBP7' 'AI335002' 'COL1A2'
 'IL32' 'H86813' 'EFHB' 'SPINT2' 'CA12' 'GAS1' 'LY96' 'LOC388610' 'DECR2'
 'LOC541471' 'CAV1' 'NPTX1' 'TncRNA' 'COL1A1' 'CCR1' 'HLA.F' 'TNC' 'SNCG'
 'MMP2' 'KCNMA1' 'TNFAIP3' 'PLAU' 'AI005038' 'HK2' 'PSD3' 'TLL2' 'UGCG'
 'ANK3']
(array([47, 59]),)
['PRSS1' 'PRSS3']
[Time: 27.06.23 08:25:37] [Level: info] transition: apply_scaling
[CTRL] GET /data
[Time: 27.06.23 08:25:38] [Level: info] state: apply_scaling
[ 47  59 137  49 334  25 355  16 233 386 379 319 370 211 350 210 412 396
 128 111 381 225 359 358  32 243  12 250 264 121 125 120 244 156 235 416
  15 115  21 406 377 274  20 375 179  42 202 329 213 175  63 340 238 320
 294 270  76  65 136 261 296 346 344 200  84 335 157 143 198 159 303 293
 206 285  34 342 322  51  60 149 135  24 184 275 323 356  22  44  79 256
  17 288   1 209 216  95 326 220  53  48 400 392  82 295  40   2 311 162
 188 147 384 204 229 282 387  86 241 240  29 395 194  98  50 357 373 182
  56 279 248 372 260 408 227 273 402  92 398 153 297 302 352  96 144 185
 134 113  36 337 289  94 414 263 172 283 403   8 328 315 154 187 108 259
  75 305 310 287 168 316 382 349 317  14  69  67   5 291 418 376 193  57
 339 369 146 142  30 191 164 299 253 208 212  87 114 160 161 393   9  18
 192 151 239 301 312 163  74 127 107 401 123 324 308  35 420   6 165 232
 405 102 145 345 366 333 166 169 126 133 307  85 313  70 170 177 205  11
 104 224 122 290  46 129 304 284 280 152 117 365 178  33  80 247 189 139
 348 174  45 415 138 228   0 419 222 171 336 417 237 217 413 223  28 409
   3 394 277 183 110 105 363 226 269 190  41 201 367  78 195 215 388 116
 338 231  23 267  90   4 203  83  68 321 118 186 330 286  64 300  99 306
 196 281 374 106 362 109  37 371 368  54 251  61 245 309 343 257 246 234
  97 390  91 181 292 148  88  81 180 380 276  72 331 353 351  27  52 141
 258 411 176 132 131 325 266   7 219 354 252  89  13 378 236 272 332 100
  10 318  19  71 199 383 124  43  58 421 385 101 341 119 397 407 265 347
 173]
(array([47, 59]),)
[Time: 27.06.23 08:25:38] [Level: info] transition: mfa_prerequisites
[Time: 27.06.23 08:25:39] [Level: info] state: mfa_prerequisites
Calling prerequisites
[Time: 27.06.23 08:25:39] [Level: info] transition: seperate_pca
[Time: 27.06.23 08:25:40] [Level: info] state: seperate_pca
Starting concat
[Time: 27.06.23 08:25:40] [Level: info] transition: concat
[Time: 27.06.23 08:25:41] [Level: info] state: concat
Starting global PCA
[Time: 27.06.23 08:25:41] [Level: info] transition: global_pca
[Time: 27.06.23 08:25:42] [Level: info] state: global_pca
init PCA
[Time: 27.06.23 08:25:42] [Level: info] transition: init_pca
[Time: 27.06.23 08:25:43] [Level: info] state: init_pca
Starting PCA
[Time: 27.06.23 08:25:43] [Level: info] transition: start_power_iteration
[Time: 27.06.23 08:25:44] [Level: info] state: start_power_iteration
[STARTUP] Computing covariance matrix
[STARTUP] Random initialisation
TABDATA SCALED
[[ 3.86697568e-01 -3.69091221e+00  4.42366051e-01 ...  2.03678669e-01
  -8.89463671e-02  7.89935939e-04]
 [-2.52913051e+00  9.38875325e-01 -1.52595918e+00 ...  1.37281990e+00
   1.81922035e+00 -6.11649697e-01]
 [-1.79084729e-01 -8.80032981e-01 -1.26578792e+00 ...  2.78805231e-01
  -7.04692504e-01 -2.81849549e+00]
 ...
 [-5.06399157e-01 -2.06558132e-01 -2.42149943e+00 ... -5.96679602e-01
   3.97523863e-01  4.26287216e-01]
 [ 5.47975024e-01 -1.19319578e+00  1.70929390e-01 ... -6.27790577e-01
  -3.65865727e-01  8.07607740e-02]
 [-1.69793272e+00  0.00000000e+00  0.00000000e+00 ...  0.00000000e+00
   0.00000000e+00  0.00000000e+00]]
[Time: 27.06.23 08:25:44] [Level: info] transition: aggregate_randomized_projections_cov
[Time: 27.06.23 08:25:45] [Level: info] state: aggregate_randomized_projections_cov
[CTRL] POST /data
17
Global cov
[[ 0.97619048 -0.09778287 -0.25263572 ... -0.50704151  0.70631002
  -0.0181593 ]
 [-0.09778287  1.          0.00976905 ...  0.01565544 -0.05512102
   0.14358868]
 [-0.25263572  0.00976905  0.97619048 ...  0.35802946 -0.33264331
   0.03183222]
 ...
 [-0.50704151  0.01565544  0.35802946 ...  0.95238095 -0.45456176
   0.06970201]
 [ 0.70631002 -0.05512102 -0.33264331 ... -0.45456176  0.95238095
   0.07251974]
 [-0.0181593   0.14358868  0.03183222 ...  0.06970201  0.07251974
   0.28571429]]
[Time: 27.06.23 08:25:46] [Level: info] transition: compute_final_h_cov
[CTRL] GET /data
[Time: 27.06.23 08:25:47] [Level: info] state: compute_final_h_cov
Setting k
starting eigenvector norms
17
[Time: 27.06.23 08:25:47] [Level: info] transition: aggregate_local_norm
[Time: 27.06.23 08:25:48] [Level: info] state: aggregate_local_norm
[CTRL] POST /data
[{'Local Eigenvector norm': 1533.690336482472}, {'Local Eigenvector norm': 2187.573186047369}]
[Time: 27.06.23 08:25:49] [Level: info] transition: compute_local_conorm
[CTRL] GET /data
[Time: 27.06.23 08:25:50] [Level: info] state: compute_local_conorm
[Time: 27.06.23 08:25:50] [Level: info] transition: aggregate_local_conorm
[Time: 27.06.23 08:25:51] [Level: info] state: aggregate_local_conorm
[CTRL] POST /data
aggregating co norms
[{'Local Conorms': [-4.5183373852907085]}, {'Local Conorms': [4.51833738529071]}]
[Time: 27.06.23 08:25:52] [Level: info] transition: compute_local_norm
[CTRL] GET /data
[Time: 27.06.23 08:25:53] [Level: info] state: compute_local_norm
starting orthogonalise_current
ending orthogonalise_current
starting eigenvector norms
17
[Time: 27.06.23 08:25:53] [Level: info] transition: aggregate_local_norm
[Time: 27.06.23 08:25:54] [Level: info] state: aggregate_local_norm
[CTRL] POST /data
[{'Local Eigenvector norm': 336.3806484853559}, {'Local Eigenvector norm': 574.860947419967}]
[Time: 27.06.23 08:25:55] [Level: info] transition: compute_local_conorm
[CTRL] GET /data
[Time: 27.06.23 08:25:56] [Level: info] state: compute_local_conorm
[Time: 27.06.23 08:25:56] [Level: info] transition: aggregate_local_conorm
[Time: 27.06.23 08:25:57] [Level: info] state: aggregate_local_conorm
[CTRL] POST /data
aggregating co norms
[{'Local Conorms': [-3.9401275903335287, -0.020989280655629713]}, {'Local Conorms': [3.9401275903335335, 0.020989280655625536]}]
[Time: 27.06.23 08:25:58] [Level: info] transition: compute_local_norm
[CTRL] GET /data
[Time: 27.06.23 08:25:59] [Level: info] state: compute_local_norm
starting orthogonalise_current
ending orthogonalise_current
starting eigenvector norms
17
[Time: 27.06.23 08:25:59] [Level: info] transition: aggregate_local_norm
[Time: 27.06.23 08:26:00] [Level: info] state: aggregate_local_norm
[CTRL] POST /data
[{'Local Eigenvector norm': 242.10657548693513}, {'Local Eigenvector norm': 379.237350122732}]
[Time: 27.06.23 08:26:01] [Level: info] transition: compute_local_conorm
[CTRL] GET /data
[Time: 27.06.23 08:26:02] [Level: info] state: compute_local_conorm
[Time: 27.06.23 08:26:02] [Level: info] transition: aggregate_local_conorm
[Time: 27.06.23 08:26:03] [Level: info] state: aggregate_local_conorm
[CTRL] POST /data
aggregating co norms
[{'Local Conorms': [0.9567159809409055, 0.7025231116271433, 1.4380369995224052]}, {'Local Conorms': [-0.9567159809409084, -0.7025231116271426, -1.4380369995223976]}]
[Time: 27.06.23 08:26:04] [Level: info] transition: compute_local_norm
[CTRL] GET /data
[Time: 27.06.23 08:26:05] [Level: info] state: compute_local_norm
starting orthogonalise_current
ending orthogonalise_current
starting eigenvector norms
17
[Time: 27.06.23 08:26:05] [Level: info] transition: aggregate_local_norm
[Time: 27.06.23 08:26:06] [Level: info] state: aggregate_local_norm
[CTRL] POST /data
[{'Local Eigenvector norm': 303.85295288746744}, {'Local Eigenvector norm': 296.18798320762414}]
[Time: 27.06.23 08:26:07] [Level: info] transition: compute_local_conorm
[CTRL] GET /data
[Time: 27.06.23 08:26:08] [Level: info] state: compute_local_conorm
[Time: 27.06.23 08:26:08] [Level: info] transition: aggregate_local_conorm
[Time: 27.06.23 08:26:09] [Level: info] state: aggregate_local_conorm
[CTRL] POST /data
aggregating co norms
[{'Local Conorms': [-0.8392963874271958, -0.40553094847702276, 1.6067127349852541, 1.6309652468794187]}, {'Local Conorms': [0.8392963874271989, 0.40553094847701604, -1.606712734985251, -1.630965246879414]}]
[Time: 27.06.23 08:26:10] [Level: info] transition: compute_local_norm
[CTRL] GET /data
[Time: 27.06.23 08:26:11] [Level: info] state: compute_local_norm
starting orthogonalise_current
ending orthogonalise_current
starting eigenvector norms
17
[Time: 27.06.23 08:26:11] [Level: info] transition: aggregate_local_norm
