2023-06-30 09:05:36,444 CRIT Supervisor is running as root.  Privileges were not dropped because no user is specified in the config file.  If you intend to run as root, you can set user=root in the config file to avoid this message.
2023-06-30 09:05:36,447 INFO supervisord started with pid 7
2023-06-30 09:05:37,449 INFO spawned: 'nginx' with pid 10
2023-06-30 09:05:37,451 INFO spawned: 'app' with pid 11
2023-06-30 09:05:38,485 INFO success: nginx entered RUNNING state, process has stayed up for > than 1 seconds (startsecs)
2023-06-30 09:05:38,485 INFO success: app entered RUNNING state, process has stayed up for > than 1 seconds (startsecs)
[CTRL] POST /setup
[Time: 30.06.23 09:05:40] [Level: info] id: 32eddf8c11b872fe
[Time: 30.06.23 09:05:40] [Level: info] coordinator: False
[Time: 30.06.23 09:05:40] [Level: info] clients: ['32eddf8c11b872fe', 'e081c1c5060f5483']
[Time: 30.06.23 09:05:40] [Level: info] state: initial
[CLIENT] Parsing parameter file...
[API] /setup parsing parameter file 
[API] /setup config file found ... parsing file: /mnt/input/config.yaml
YAML file does not follow specification: missing key: eigenvalues
Setting default: eigenvalues.tsv
YAML file does not follow specification: missing key: explained_variance
Setting default: eigenvalues.tsv
YAML file does not follow specification: missing key: output delimiter
Setting default: tab
[API] /setup config file found ... parsing done
[CLIENT] finished parsing parameter file.
[STARTUP] Instantiate SVD
[Time: 30.06.23 09:05:40] [Level: info] transition: init_pca
[Time: 30.06.23 09:05:41] [Level: info] state: init_pca
[STARTUP] Copy configuration and create dir
/mnt/input/hospital_data_bredel_1.csv
TEST: ['/mnt/input/hospital_data_bredel_1 - Copy.csv', '/mnt/input/hospital_data_bredel_1.csv']
RUNNING ON:  /mnt/input/hospital_data_bredel_1 - Copy.csv
number of omics:  2
[STARTUP] Configuration copied
Log Transform performed
/app/apps/svd/FC_Federated_PCA.py:97: RuntimeWarning: invalid value encountered in log2
  self.tabdata.scaled = np.log2(self.tabdata.scaled+1)
[Time: 30.06.23 09:05:41] [Level: info] transition: wait_for_params
[Time: 30.06.23 09:05:42] [Level: info] state: wait_for_params
[CTRL] GET /data
[CTRL] POST /data
setting parameters
[API] Setting parameters
['AA479357', 'PSG1', 'CD47', 'RPS3A', 'IGSF3', 'CLTB', 'VAMP2', 'C1orf187', 'PHLDA1', 'AA398420', 'CACNB2', 'ZNF233', 'GYPC', 'L1CAM', 'AA598631', 'LAMB1', 'NY.SAR.48', 'CLIC1', 'AA669383', 'YWHAH', 'TMEM146', 'LAMA4', 'PRKCB1', 'DLL3', 'MGC26694', 'NCF2', 'H20822', 'FAM84B', 'APCS', 'AI005038', 'MSTP9', 'SYT7', 'AA401952', 'ADCY1', 'CYBA', 'ITPKA', 'SAA2', 'TCTEX1D1', 'DDEF1', 'AI335002', 'LUM', 'ITGA3', 'RAB27B', 'GYPA', 'KIAA1644', 'IGF2BP3', 'WASF1', 'MDFI', 'AA281932', 'TMEM49', 'PLAUR', 'GAS1', 'TIMP1', 'T97457', 'C8orf4', 'HK2', 'TLL2', 'DYNLT1', 'CAPG', 'CD44', 'SLC15A2', 'MRC2', 'SYNGR3', 'SERPINA3', 'COX7A1', 'CLSTN3', 'ADAM19', 'AKR1C2', 'ESM1', 'ZNF549', 'RBP4', 'HBA1', 'CBLN2', 'SERPINI1', 'IQSEC1', 'CSPG2', 'TXNDC', 'EPHB1', 'NSF', 'HAMP', 'CCR1', 'ADARB2', 'W93688', 'OSBPL1A', 'EFHB', 'CDC20B', 'F13A1', 'AI263051', 'FBXL16', 'SERPING1', 'LYN', 'PLP2', 'SRPX', 'AA424849', 'PDLIM7', 'H91845', 'SP100', 'COX6A2', 'HPRT1', 'DMN', 'ZNF217', 'ADFP', 'PDPN', 'SNRPN', 'PALLD', 'H86813', 'LRBA', 'CBX6', 'MMP2', 'L3MBTL4', 'CALM1', 'AI262682', 'FN1', 'STK17A', 'TAP1', 'S100A1', 'BLVRB', 'PEG3', 'PPP1R14A', 'LOC613212', 'TOMM40', 'TncRNA', 'KIAA1543', 'FABP3', 'FCGRT', 'BCAM', 'H10054', 'CAMK2A', 'AI357047', 'C4A', 'TTC23', 'SPINT2', 'DPYD', 'EID.3', 'SCAMP5', 'ANK3', 'HLA.A', 'SOCS3', 'TNFRSF12A', 'DEF6', 'C1orf63', 'ZFHX1B', 'NNMT', 'C16orf5', 'FLJ38984', 'H41096', 'ATP6V1C1', 'EGLN2', 'SUV39H1', 'PRKCZ', 'IMAGE.33267', 'FAM46A', 'AI822135', 'EPB49', 'HLA.G', 'LOC541471', 'HLA.DRB1', 'NUAK1', 'ZNF160', 'HMOX1', 'AA131320', 'KCNMA1', 'AI350724', 'ANXA1', 'LAPTM5', 'PDXP', 'COL1A2', 'S100A11', 'ADM', 'RND3', 'NMNAT2', 'PLOD2', 'CAMKK2', 'RTN3', 'CEAL1', 'AA489629', 'MST150', 'ITGA9', 'PRG1', 'TNFAIP3', 'DECR2', 'CYR61', 'URP2', 'AA490257', 'RAB20', 'X37864', 'PPP3CA', 'BNIP2', 'ACAD8', 'FBL', 'HBXIP', 'LSP1', 'MAPKBP1', 'EDG3', 'RFXAP', 'AA598555', 'LILRA1', 'MST1', 'MYC', 'USP3', 'GPSM2', 'IFI30', 'PLA2G2A', 'FAM84A', 'PRSS1', 'CAV1', 'H78560', 'LY96', 'DES', 'TNC', 'FGF13', 'MGP', 'COL6A2', 'ASPA', 'TSPAN6', 'ID4', 'ANXA5', 'KCNJ1', 'EDG1', 'PCP4', 'PARP14', 'AA906888', 'RBP7', 'MGC39606', 'BCL2A1', 'KIAA0963', 'PTPRZ1', 'DSCR1L1', 'POSTN', 'SPAG6', 'MSN', 'CA12', 'PDE4DIP', 'PPP3CB', 'GBP2', 'ITGA5', 'CA11', 'FBXO2', 'CASP1', 'H24428', 'MED11', 'WDR7', 'NEFH', 'A2BP1', 'RAB30', 'ARPP.19', 'PLTP', 'NR4A1', 'FZD7', 'SORT1', 'GPNMB', 'IL32', 'DCLRE1B', 'FCGR2B', 'APOC2', 'NDUFB11', 'X38595', 'MAL2', 'SETD5', 'TIMP3', 'AA975768', 'PYHIN1', 'D21S2089E', 'NOTCH1', 'IGF1R', 'VASP', 'CCDC3', 'TSPAN4', 'WWTR1', 'MTHFD2', 'ID3', 'MYBPC2', 'DKFZp313A2432', 'YWHAG', 'PDE2A', 'LMO7', 'LOC388610', 'NPTX1', 'LOC283130', 'C1R', 'PSD3', 'PSG5', 'MOAP1', 'DUS3L', 'RALY', 'STC1', 'LOC146795', 'R70506', 'KLRC2', 'MGC18216', 'STXBP1', 'COL1A1', 'SVIL', 'CDKN2D', 'NDST1', 'ZNF226', 'MASP1', 'PYCR1', 'RUNX1', 'VSNL1', 'GOT1', 'PLAU', 'MGC42367', 'ZNF329', 'NPL', 'OSR1', 'CHI3L2', 'COL4A2', 'S100A10', 'LTF', 'PYGL', 'AI002301', 'KLRC3', 'UBA52', 'DDIT4', 'PRRX1', 'MDK', 'CD58', 'TBC1D7', 'T62491', 'GBP1', 'TGFBI', 'PRKCG', 'SLC35A2', 'AEBP1', 'CACNB3', 'LGALS3', 'FAS', 'LHFPL2', 'MICAL2', 'PNCK', 'PCDHGC3', 'NLGN1', 'BGN', 'AP4B1', 'UGCG', 'FBXO32', 'HEY1', 'STEAP3', 'CD53', 'EDNRB', 'LOC400451', 'COL9A2', 'CDKN1A', 'FLJ35740', 'GADD45B', 'INPP5F', 'ABCC3', 'LOC283070', 'SERPINH1', 'EMP3', 'AA029415', 'TCF7L1', 'R70684', 'RAB11FIP4', 'IGFBP5', 'KCNK6', 'PARD3', 'HPCA', 'LOC57228', 'CTHRC1', 'IL21R', 'SNCG', 'SCN2B', 'SPARC', 'HCLS1', 'APOC1', 'FREQ', 'MB', 'C6orf12', 'NCF1', 'GABBR1', 'CKMT1A', 'DDN', 'UBE4B', 'LOC389831', 'T51726', 'FBXW7', 'NPC2', 'SLC16A3', 'N98591', 'CAP2', 'DIP2C', 'AIF1', 'USP6NL', 'IGFBP3', 'MYCBP2', 'ZNF419B', 'DNASE1L1', 'C9orf48', 'TSPYL1', 'KCNQ2', 'IL1RAP', 'HSPG2', 'RPS19BP1', 'R61377', 'HNRNPG.T', 'R52960', 'HLA.F', 'SBP1', 'RGS16', 'EXT1', 'SOX4', 'STMN1', 'IGHG1', 'COL3A1', 'MVP', 'CLCA3', 'AI871056', 'AA181288', 'H08563', 'VEGF', 'AKR1C1', 'CHN1', 'NLK', 'KLRC1', 'CCL2', 'TFDP2', 'KNS2', 'PRSS3', 'ABCA5', 'PRKAR1B']
INDEX
[231, 66, 103, 183, 64, 214, 147, 361, 260, 83, 16, 58, 263, 296, 377, 320, 353, 99, 270, 344, 55, 289, 339, 94, 210, 316, 224, 96, 287, 301, 230, 405, 386, 303, 355, 290, 369, 10, 32, 215, 378, 373, 151, 11, 153, 250, 149, 394, 101, 140, 124, 388, 82, 92, 315, 291, 53, 387, 72, 305, 421, 130, 372, 198, 18, 271, 375, 9, 390, 29, 292, 310, 337, 347, 362, 148, 396, 191, 281, 304, 332, 4, 255, 294, 262, 265, 340, 359, 188, 173, 395, 89, 380, 391, 253, 298, 208, 59, 288, 33, 233, 227, 86, 244, 397, 181, 46, 150, 324, 222, 251, 194, 202, 415, 357, 341, 65, 139, 420, 98, 360, 409, 22, 141, 300, 49, 401, 286, 207, 241, 62, 314, 223, 20, 182, 349, 217, 85, 71, 254, 14, 400, 128, 155, 242, 383, 105, 48, 163, 200, 84, 275, 225, 393, 329, 79, 417, 307, 45, 175, 136, 228, 367, 179, 326, 168, 158, 90, 144, 174, 145, 268, 295, 75, 19, 180, 138, 331, 418, 266, 135, 370, 285, 234, 389, 127, 112, 410, 13, 413, 23, 211, 170, 321, 164, 354, 47, 134, 264, 256, 50, 104, 276, 382, 368, 399, 80, 248, 363, 165, 205, 423, 159, 81, 258, 171, 192, 34, 25, 379, 407, 193, 63, 3, 343, 280, 302, 334, 267, 6, 68, 110, 323, 78, 338, 77, 352, 312, 252, 279, 406, 126, 186, 216, 239, 120, 318, 392, 411, 26, 309, 247, 28, 240, 178, 61, 257, 333, 91, 123, 236, 297, 42, 237, 52, 12, 8, 330, 190, 176, 356, 67, 166, 213, 121, 226, 203, 422, 414, 189, 106, 36, 169, 21, 97, 167, 195, 177, 117, 35, 206, 102, 2, 269, 402, 24, 88, 220, 107, 313, 261, 184, 40, 38, 119, 41, 87, 122, 325, 232, 243, 350, 116, 93, 293, 327, 272, 133, 129, 311, 246, 358, 416, 299, 157, 172, 113, 306, 108, 408, 125, 229, 154, 70, 44, 346, 37, 160, 114, 283, 111, 156, 197, 259, 201, 412, 322, 221, 27, 143, 74, 199, 132, 398, 282, 219, 56, 5, 384, 137, 385, 284, 218, 404, 403, 209, 51, 345, 238, 335, 351, 146, 278, 336, 60, 235, 371, 376, 364, 142, 419, 319, 1, 365, 15, 115, 73, 31, 308, 109, 95, 277, 328, 161, 162, 185, 43, 342, 366, 39, 76, 0, 196, 187, 381, 152, 273, 17, 204, 249, 69, 100, 7, 374, 348, 118, 274, 57, 245, 317, 131, 212]
[Time: 30.06.23 09:05:44] [Level: info] transition: compute_std
[Time: 30.06.23 09:05:45] [Level: info] state: compute_std
[CTRL] GET /data
[CTRL] POST /data
(422, 1)
[Time: 30.06.23 09:05:47] [Level: info] transition: apply_scaling
[Time: 30.06.23 09:05:48] [Level: info] state: apply_scaling
[CTRL] GET /data
[CTRL] POST /data
[419 204  40 407 156 158 200 124 246  32 240 104   1 174  11  37 223 249
 401 399   4 315  43 215 133 160  25 147 120 253 252 178 264  14 344 396
 110 383 220 417   6  20 413 295 304 414  97 382 218 388  89 114 380 336
 241 364 342  38 368 164 134 305 100 357  75 255  60  30 122 154 281 125
  86 203 356 146 318 412  19 328 266 182  83  99 268  66 320 243 330 365
  74 213 129 188 157 404 371  26 232 292  28 369  34 123 378 400  10 331
 194 236  36  42 262 367   3  41  71 339 294 273 345 284  45 193 311 418
 263 245 239 293 196 406 175 149 387  69 210  90 107  57 165 185 192 187
 351 265 287 234 184 230 118 226 282 302 116 381 327 233  61 101   9 159
 323 410 309 172 421 353  72   0 290 373 130 229 163 167 261 334 153  82
 254 285 286 173 350 145 332 142 183 366 337  78 136  58 355 279  21 170
 271 395 392 416  63 340 248 306 409 283  77 359 115 201  73  54 313 143
  81  52 319 109  17 190 391  93 140 132 238 127 300  67 308  33  65 168
 278 150  24 151  68 148 138 106 354 405  76 137 113 384 372 212 360 267
 219   7 139 324 259 217 322 177  79 298  12  85 420 307 227 296 144 346
  44 103 162 325  18 112 379  92  96 102 195 260 397 377  35 370 169  46
  31  22  49   2  88 208 297 343 289 176 244  50 393  64 237 411  87 386
 394 202 250  98 272 389 333 376 171 314 347 374  48 211 329 299 270 310
 326 338  13  16  62 206 275 363 403 247 224 126 258 349 348 214 269 341
 288 186 216  53 312 256 222  39 166 251 105  84 131 231  51 207 276 180
 155 205 277 121 291  80 398 209 362 108 161 179 301  29  55 280  56 335
 135]
(array([204, 419]),)
CURRENT DATA:  [[ 0.5075888  -2.53636395 -0.41800606 ... -0.67180514 -0.01810548
   0.68843152]
 [-0.30537116 -0.59708476  0.44736356 ...  0.54458049  0.60446716
  -0.47843911]
 [-0.72588279 -0.70688822 -0.42716609 ... -0.6862153   0.45678922
   0.47073178]
 ...
 [ 0.          0.          0.         ...  0.          0.
   0.        ]
 [ 0.          0.          0.40253699 ...  0.         -0.21706771
   0.64834614]
 [ 0.42214072  0.87475585  1.0761786  ...  1.00906508 -0.22265085
   0.2137302 ]]
[Time: 30.06.23 09:05:50] [Level: info] transition: mfa_prerequisites
[Time: 30.06.23 09:05:51] [Level: info] state: mfa_prerequisites
Calling start_power_iteration
[Time: 30.06.23 09:05:51] [Level: info] transition: start_power_iteration
[Time: 30.06.23 09:05:52] [Level: info] state: start_power_iteration
[STARTUP] Computing covariance matrix
[STARTUP] Random initialisation
TABDATA SCALED
[[ 0.5075888  -2.53636395 -0.41800606 ... -0.67180514 -0.01810548
   0.68843152]
 [-0.30537116 -0.59708476  0.44736356 ...  0.54458049  0.60446716
  -0.47843911]
 [-0.72588279 -0.70688822 -0.42716609 ... -0.6862153   0.45678922
   0.47073178]
 ...
 [ 0.          0.          0.         ...  0.          0.
   0.        ]
 [ 0.          0.          0.40253699 ...  0.         -0.21706771
   0.64834614]
 [ 0.42214072  0.87475585  1.0761786  ...  1.00906508 -0.22265085
   0.2137302 ]]
[Time: 30.06.23 09:05:52] [Level: info] transition: compute_final_h_cov
[Time: 30.06.23 09:05:53] [Level: info] state: compute_final_h_cov
[CTRL] GET /data
[CTRL] POST /data
Setting k
starting eigenvector norms
17
[Time: 30.06.23 09:05:56] [Level: info] transition: compute_local_conorm
[Time: 30.06.23 09:05:57] [Level: info] state: compute_local_conorm
[CTRL] GET /data
[CTRL] POST /data
[Time: 30.06.23 09:05:59] [Level: info] transition: compute_local_norm
[Time: 30.06.23 09:06:00] [Level: info] state: compute_local_norm
[CTRL] GET /data
[CTRL] POST /data
starting orthogonalise_current
ending orthogonalise_current
starting eigenvector norms
17
[Time: 30.06.23 09:06:02] [Level: info] transition: compute_local_conorm
[Time: 30.06.23 09:06:03] [Level: info] state: compute_local_conorm
[CTRL] GET /data
[CTRL] POST /data
[Time: 30.06.23 09:06:05] [Level: info] transition: compute_local_norm
[Time: 30.06.23 09:06:06] [Level: info] state: compute_local_norm
[CTRL] GET /data
[CTRL] POST /data
starting orthogonalise_current
ending orthogonalise_current
starting eigenvector norms
17
[Time: 30.06.23 09:06:08] [Level: info] transition: compute_local_conorm
[Time: 30.06.23 09:06:09] [Level: info] state: compute_local_conorm
[CTRL] GET /data
[CTRL] POST /data
[Time: 30.06.23 09:06:11] [Level: info] transition: compute_local_norm
[Time: 30.06.23 09:06:12] [Level: info] state: compute_local_norm
[CTRL] GET /data
[CTRL] POST /data
starting orthogonalise_current
ending orthogonalise_current
starting eigenvector norms
17
[Time: 30.06.23 09:06:14] [Level: info] transition: compute_local_conorm
[Time: 30.06.23 09:06:15] [Level: info] state: compute_local_conorm
[CTRL] GET /data
[CTRL] POST /data
[Time: 30.06.23 09:06:17] [Level: info] transition: compute_local_norm
[Time: 30.06.23 09:06:18] [Level: info] state: compute_local_norm
[CTRL] GET /data
[CTRL] POST /data
starting orthogonalise_current
ending orthogonalise_current
starting eigenvector norms
17
[Time: 30.06.23 09:06:20] [Level: info] transition: compute_local_conorm
[Time: 30.06.23 09:06:21] [Level: info] state: compute_local_conorm
[CTRL] GET /data
[CTRL] POST /data
[Time: 30.06.23 09:06:23] [Level: info] transition: compute_local_norm
[Time: 30.06.23 09:06:24] [Level: info] state: compute_local_norm
[CTRL] GET /data
[CTRL] POST /data
starting orthogonalise_current
ending orthogonalise_current
starting eigenvector norms
17
[Time: 30.06.23 09:06:26] [Level: info] transition: compute_local_conorm
[Time: 30.06.23 09:06:27] [Level: info] state: compute_local_conorm
[CTRL] GET /data
[CTRL] POST /data
[Time: 30.06.23 09:06:29] [Level: info] transition: compute_local_norm
[Time: 30.06.23 09:06:30] [Level: info] state: compute_local_norm
[CTRL] GET /data
[CTRL] POST /data
starting orthogonalise_current
ending orthogonalise_current
starting eigenvector norms
17
[Time: 30.06.23 09:06:32] [Level: info] transition: compute_local_conorm
[Time: 30.06.23 09:06:33] [Level: info] state: compute_local_conorm
[CTRL] GET /data
[CTRL] POST /data
[Time: 30.06.23 09:06:35] [Level: info] transition: compute_local_norm
[Time: 30.06.23 09:06:36] [Level: info] state: compute_local_norm
[CTRL] GET /data
[CTRL] POST /data
starting orthogonalise_current
ending orthogonalise_current
starting eigenvector norms
17
[Time: 30.06.23 09:06:38] [Level: info] transition: compute_local_conorm
[Time: 30.06.23 09:06:39] [Level: info] state: compute_local_conorm
[CTRL] GET /data
[CTRL] POST /data
[Time: 30.06.23 09:06:41] [Level: info] transition: compute_local_norm
[Time: 30.06.23 09:06:42] [Level: info] state: compute_local_norm
[CTRL] GET /data
[CTRL] POST /data
starting orthogonalise_current
ending orthogonalise_current
starting eigenvector norms
17
[Time: 30.06.23 09:06:44] [Level: info] transition: compute_local_conorm
[Time: 30.06.23 09:06:45] [Level: info] state: compute_local_conorm
[CTRL] GET /data
[CTRL] POST /data
[Time: 30.06.23 09:06:47] [Level: info] transition: compute_local_norm
[Time: 30.06.23 09:06:48] [Level: info] state: compute_local_norm
[CTRL] GET /data
[CTRL] POST /data
starting orthogonalise_current
ending orthogonalise_current
starting eigenvector norms
17
[Time: 30.06.23 09:06:50] [Level: info] transition: compute_local_conorm
[Time: 30.06.23 09:06:51] [Level: info] state: compute_local_conorm
[CTRL] GET /data
[CTRL] POST /data
[Time: 30.06.23 09:06:53] [Level: info] transition: compute_local_norm
[Time: 30.06.23 09:06:54] [Level: info] state: compute_local_norm
[CTRL] GET /data
[CTRL] POST /data
starting orthogonalise_current
ending orthogonalise_current
starting eigenvector norms
17
[Time: 30.06.23 09:06:56] [Level: info] transition: compute_local_conorm
[Time: 30.06.23 09:06:57] [Level: info] state: compute_local_conorm
[CTRL] GET /data
[CTRL] POST /data
[Time: 30.06.23 09:06:59] [Level: info] transition: compute_local_norm
[Time: 30.06.23 09:07:00] [Level: info] state: compute_local_norm
[CTRL] GET /data
[CTRL] POST /data
starting orthogonalise_current
ending orthogonalise_current
starting eigenvector norms
17
[Time: 30.06.23 09:07:02] [Level: info] transition: compute_local_conorm
[Time: 30.06.23 09:07:03] [Level: info] state: compute_local_conorm
[CTRL] GET /data
[CTRL] POST /data
[Time: 30.06.23 09:07:05] [Level: info] transition: compute_local_norm
[Time: 30.06.23 09:07:06] [Level: info] state: compute_local_norm
[CTRL] GET /data
[CTRL] POST /data
starting orthogonalise_current
ending orthogonalise_current
starting eigenvector norms
17
[Time: 30.06.23 09:07:08] [Level: info] transition: compute_local_conorm
[Time: 30.06.23 09:07:09] [Level: info] state: compute_local_conorm
[CTRL] GET /data
[CTRL] POST /data
[Time: 30.06.23 09:07:11] [Level: info] transition: compute_local_norm
[Time: 30.06.23 09:07:12] [Level: info] state: compute_local_norm
[CTRL] GET /data
[CTRL] POST /data
starting orthogonalise_current
ending orthogonalise_current
starting eigenvector norms
17
[Time: 30.06.23 09:07:14] [Level: info] transition: compute_local_conorm
[Time: 30.06.23 09:07:15] [Level: info] state: compute_local_conorm
[CTRL] GET /data
[CTRL] POST /data
[Time: 30.06.23 09:07:17] [Level: info] transition: compute_local_norm
[Time: 30.06.23 09:07:18] [Level: info] state: compute_local_norm
[CTRL] GET /data
[CTRL] POST /data
starting orthogonalise_current
ending orthogonalise_current
starting eigenvector norms
17
[Time: 30.06.23 09:07:20] [Level: info] transition: compute_local_conorm
[Time: 30.06.23 09:07:21] [Level: info] state: compute_local_conorm
[CTRL] GET /data
[CTRL] POST /data
[Time: 30.06.23 09:07:23] [Level: info] transition: compute_local_norm
[Time: 30.06.23 09:07:24] [Level: info] state: compute_local_norm
[CTRL] GET /data
[CTRL] POST /data
starting orthogonalise_current
ending orthogonalise_current
starting eigenvector norms
17
[Time: 30.06.23 09:07:26] [Level: info] transition: compute_local_conorm
[Time: 30.06.23 09:07:27] [Level: info] state: compute_local_conorm
[CTRL] GET /data
[CTRL] POST /data
[Time: 30.06.23 09:07:29] [Level: info] transition: compute_local_norm
[Time: 30.06.23 09:07:30] [Level: info] state: compute_local_norm
[CTRL] GET /data
[CTRL] POST /data
starting orthogonalise_current
ending orthogonalise_current
starting eigenvector norms
17
[Time: 30.06.23 09:07:32] [Level: info] transition: normalize_g
[Time: 30.06.23 09:07:33] [Level: info] state: normalize_g
[CTRL] GET /data
[CTRL] POST /data
Normalising
(26, 17)
17
End normalising
(26, 17)
(17, 17)
(17,)
(26, 17)
[Time: 30.06.23 09:07:35] [Level: info] transition: separate_pca
[Time: 30.06.23 09:07:36] [Level: info] state: separate_pca
DATA NEW:  [[ 0.5075888  -2.53636395 -0.41800606 ... -0.67180514 -0.01810548
   0.68843152]
 [-0.30537116 -0.59708476  0.44736356 ...  0.54458049  0.60446716
  -0.47843911]
 [-0.72588279 -0.70688822 -0.42716609 ... -0.6862153   0.45678922
   0.47073178]
 ...
 [ 0.          0.          0.         ...  0.          0.
   0.        ]
 [ 0.          0.          0.40253699 ...  0.         -0.21706771
   0.64834614]
 [ 0.42214072  0.87475585  1.0761786  ...  1.00906508 -0.22265085
   0.2137302 ]]
CURRENT DATA MATRIX:  []
EIGEN_VALUES [array([ 6.61685189e-01, -4.92794936e-01,  1.39003743e+00,  1.39607624e-03,
       -7.26428031e-01, -7.04882692e-02,  8.63738494e-01, -1.67173443e+00,
        2.56956037e+00,  6.64892095e-01, -1.53935422e+00,  5.39143521e-01,
       -2.97931096e-02,  6.86568319e-01,  7.66972217e-01, -1.22899925e+00,
        9.46710829e-01, -1.28116257e+00,  1.34173504e-01,  7.24809525e-02,
       -5.34625042e-01,  2.70830395e-01, -1.26539376e-01,  1.70378556e-01,
       -5.53238934e-02, -8.16293746e-01])]
DATA:  [array([[ 0.5075888 , -2.53636395, -0.41800606, ..., -0.67180514,
        -0.01810548,  0.68843152],
       [-0.30537116, -0.59708476,  0.44736356, ...,  0.54458049,
         0.60446716, -0.47843911],
       [-0.72588279, -0.70688822, -0.42716609, ..., -0.6862153 ,
         0.45678922,  0.47073178],
       ...,
       [ 0.        ,  0.        ,  0.        , ...,  0.        ,
         0.        ,  0.        ],
       [ 0.        ,  0.        ,  0.40253699, ...,  0.        ,
        -0.21706771,  0.64834614],
       [ 0.42214072,  0.87475585,  1.0761786 , ...,  1.00906508,
        -0.22265085,  0.2137302 ]])]
[Time: 30.06.23 09:07:36] [Level: info] transition: init_pca
[Time: 30.06.23 09:07:37] [Level: info] state: init_pca
[STARTUP] Copy configuration and create dir
/mnt/input/hospital_data_bredel_1.csv
TEST: ['/mnt/input/hospital_data_bredel_1 - Copy.csv', '/mnt/input/hospital_data_bredel_1.csv']
RUNNING ON:  /mnt/input/hospital_data_bredel_1.csv
number of omics:  2
[STARTUP] Configuration copied
Log Transform performed
/app/apps/svd/FC_Federated_PCA.py:97: RuntimeWarning: invalid value encountered in log2
  self.tabdata.scaled = np.log2(self.tabdata.scaled+1)
[Time: 30.06.23 09:07:37] [Level: info] transition: wait_for_params
[CTRL] GET /data
[Time: 30.06.23 09:07:38] [Level: info] state: wait_for_params
[CTRL] POST /data
setting parameters
[API] Setting parameters
['AA479357', 'PSG1', 'CD47', 'RPS3A', 'IGSF3', 'CLTB', 'VAMP2', 'C1orf187', 'PHLDA1', 'AA398420', 'CACNB2', 'ZNF233', 'GYPC', 'L1CAM', 'AA598631', 'LAMB1', 'NY.SAR.48', 'CLIC1', 'AA669383', 'YWHAH', 'TMEM146', 'LAMA4', 'PRKCB1', 'DLL3', 'MGC26694', 'NCF2', 'H20822', 'FAM84B', 'APCS', 'AI005038', 'MSTP9', 'SYT7', 'AA401952', 'ADCY1', 'CYBA', 'ITPKA', 'SAA2', 'TCTEX1D1', 'DDEF1', 'AI335002', 'LUM', 'ITGA3', 'RAB27B', 'GYPA', 'KIAA1644', 'IGF2BP3', 'WASF1', 'MDFI', 'AA281932', 'TMEM49', 'PLAUR', 'GAS1', 'TIMP1', 'T97457', 'C8orf4', 'HK2', 'TLL2', 'DYNLT1', 'CAPG', 'CD44', 'SLC15A2', 'MRC2', 'SYNGR3', 'SERPINA3', 'COX7A1', 'CLSTN3', 'ADAM19', 'AKR1C2', 'ESM1', 'ZNF549', 'RBP4', 'HBA1', 'CBLN2', 'SERPINI1', 'IQSEC1', 'CSPG2', 'TXNDC', 'EPHB1', 'NSF', 'HAMP', 'CCR1', 'ADARB2', 'W93688', 'OSBPL1A', 'EFHB', 'CDC20B', 'F13A1', 'AI263051', 'FBXL16', 'SERPING1', 'LYN', 'PLP2', 'SRPX', 'AA424849', 'PDLIM7', 'H91845', 'SP100', 'COX6A2', 'HPRT1', 'DMN', 'ZNF217', 'ADFP', 'PDPN', 'SNRPN', 'PALLD', 'H86813', 'LRBA', 'CBX6', 'MMP2', 'L3MBTL4', 'CALM1', 'AI262682', 'FN1', 'STK17A', 'TAP1', 'S100A1', 'BLVRB', 'PEG3', 'PPP1R14A', 'LOC613212', 'TOMM40', 'TncRNA', 'KIAA1543', 'FABP3', 'FCGRT', 'BCAM', 'H10054', 'CAMK2A', 'AI357047', 'C4A', 'TTC23', 'SPINT2', 'DPYD', 'EID.3', 'SCAMP5', 'ANK3', 'HLA.A', 'SOCS3', 'TNFRSF12A', 'DEF6', 'C1orf63', 'ZFHX1B', 'NNMT', 'C16orf5', 'FLJ38984', 'H41096', 'ATP6V1C1', 'EGLN2', 'SUV39H1', 'PRKCZ', 'IMAGE.33267', 'FAM46A', 'AI822135', 'EPB49', 'HLA.G', 'LOC541471', 'HLA.DRB1', 'NUAK1', 'ZNF160', 'HMOX1', 'AA131320', 'KCNMA1', 'AI350724', 'ANXA1', 'LAPTM5', 'PDXP', 'COL1A2', 'S100A11', 'ADM', 'RND3', 'NMNAT2', 'PLOD2', 'CAMKK2', 'RTN3', 'CEAL1', 'AA489629', 'MST150', 'ITGA9', 'PRG1', 'TNFAIP3', 'DECR2', 'CYR61', 'URP2', 'AA490257', 'RAB20', 'X37864', 'PPP3CA', 'BNIP2', 'ACAD8', 'FBL', 'HBXIP', 'LSP1', 'MAPKBP1', 'EDG3', 'RFXAP', 'AA598555', 'LILRA1', 'MST1', 'MYC', 'USP3', 'GPSM2', 'IFI30', 'PLA2G2A', 'FAM84A', 'PRSS1', 'CAV1', 'H78560', 'LY96', 'DES', 'TNC', 'FGF13', 'MGP', 'COL6A2', 'ASPA', 'TSPAN6', 'ID4', 'ANXA5', 'KCNJ1', 'EDG1', 'PCP4', 'PARP14', 'AA906888', 'RBP7', 'MGC39606', 'BCL2A1', 'KIAA0963', 'PTPRZ1', 'DSCR1L1', 'POSTN', 'SPAG6', 'MSN', 'CA12', 'PDE4DIP', 'PPP3CB', 'GBP2', 'ITGA5', 'CA11', 'FBXO2', 'CASP1', 'H24428', 'MED11', 'WDR7', 'NEFH', 'A2BP1', 'RAB30', 'ARPP.19', 'PLTP', 'NR4A1', 'FZD7', 'SORT1', 'GPNMB', 'IL32', 'DCLRE1B', 'FCGR2B', 'APOC2', 'NDUFB11', 'X38595', 'MAL2', 'SETD5', 'TIMP3', 'AA975768', 'PYHIN1', 'D21S2089E', 'NOTCH1', 'IGF1R', 'VASP', 'CCDC3', 'TSPAN4', 'WWTR1', 'MTHFD2', 'ID3', 'MYBPC2', 'DKFZp313A2432', 'YWHAG', 'PDE2A', 'LMO7', 'LOC388610', 'NPTX1', 'LOC283130', 'C1R', 'PSD3', 'PSG5', 'MOAP1', 'DUS3L', 'RALY', 'STC1', 'LOC146795', 'R70506', 'KLRC2', 'MGC18216', 'STXBP1', 'COL1A1', 'SVIL', 'CDKN2D', 'NDST1', 'ZNF226', 'MASP1', 'PYCR1', 'RUNX1', 'VSNL1', 'GOT1', 'PLAU', 'MGC42367', 'ZNF329', 'NPL', 'OSR1', 'CHI3L2', 'COL4A2', 'S100A10', 'LTF', 'PYGL', 'AI002301', 'KLRC3', 'UBA52', 'DDIT4', 'PRRX1', 'MDK', 'CD58', 'TBC1D7', 'T62491', 'GBP1', 'TGFBI', 'PRKCG', 'SLC35A2', 'AEBP1', 'CACNB3', 'LGALS3', 'FAS', 'LHFPL2', 'MICAL2', 'PNCK', 'PCDHGC3', 'NLGN1', 'BGN', 'AP4B1', 'UGCG', 'FBXO32', 'HEY1', 'STEAP3', 'CD53', 'EDNRB', 'LOC400451', 'COL9A2', 'CDKN1A', 'FLJ35740', 'GADD45B', 'INPP5F', 'ABCC3', 'LOC283070', 'SERPINH1', 'EMP3', 'AA029415', 'TCF7L1', 'R70684', 'RAB11FIP4', 'IGFBP5', 'KCNK6', 'PARD3', 'HPCA', 'LOC57228', 'CTHRC1', 'IL21R', 'SNCG', 'SCN2B', 'SPARC', 'HCLS1', 'APOC1', 'FREQ', 'MB', 'C6orf12', 'NCF1', 'GABBR1', 'CKMT1A', 'DDN', 'UBE4B', 'LOC389831', 'T51726', 'FBXW7', 'NPC2', 'SLC16A3', 'N98591', 'CAP2', 'DIP2C', 'AIF1', 'USP6NL', 'IGFBP3', 'MYCBP2', 'ZNF419B', 'DNASE1L1', 'C9orf48', 'TSPYL1', 'KCNQ2', 'IL1RAP', 'HSPG2', 'RPS19BP1', 'R61377', 'HNRNPG.T', 'R52960', 'HLA.F', 'SBP1', 'RGS16', 'EXT1', 'SOX4', 'STMN1', 'IGHG1', 'COL3A1', 'MVP', 'CLCA3', 'AI871056', 'AA181288', 'H08563', 'VEGF', 'AKR1C1', 'CHN1', 'NLK', 'KLRC1', 'CCL2', 'TFDP2', 'KNS2', 'PRSS3', 'ABCA5', 'PRKAR1B']
INDEX
[231, 66, 103, 183, 64, 214, 147, 361, 260, 83, 16, 58, 263, 296, 377, 320, 353, 99, 270, 344, 55, 289, 339, 94, 210, 316, 224, 96, 287, 301, 230, 405, 386, 303, 355, 290, 369, 10, 32, 215, 378, 373, 151, 11, 153, 250, 149, 394, 101, 140, 124, 388, 82, 92, 315, 291, 53, 387, 72, 305, 421, 130, 372, 198, 18, 271, 375, 9, 390, 29, 292, 310, 337, 347, 362, 148, 396, 191, 281, 304, 332, 4, 255, 294, 262, 265, 340, 359, 188, 173, 395, 89, 380, 391, 253, 298, 208, 59, 288, 33, 233, 227, 86, 244, 397, 181, 46, 150, 324, 222, 251, 194, 202, 415, 357, 341, 65, 139, 420, 98, 360, 409, 22, 141, 300, 49, 401, 286, 207, 241, 62, 314, 223, 20, 182, 349, 217, 85, 71, 254, 14, 400, 128, 155, 242, 383, 105, 48, 163, 200, 84, 275, 225, 393, 329, 79, 417, 307, 45, 175, 136, 228, 367, 179, 326, 168, 158, 90, 144, 174, 145, 268, 295, 75, 19, 180, 138, 331, 418, 266, 135, 370, 285, 234, 389, 127, 112, 410, 13, 413, 23, 211, 170, 321, 164, 354, 47, 134, 264, 256, 50, 104, 276, 382, 368, 399, 80, 248, 363, 165, 205, 423, 159, 81, 258, 171, 192, 34, 25, 379, 407, 193, 63, 3, 343, 280, 302, 334, 267, 6, 68, 110, 323, 78, 338, 77, 352, 312, 252, 279, 406, 126, 186, 216, 239, 120, 318, 392, 411, 26, 309, 247, 28, 240, 178, 61, 257, 333, 91, 123, 236, 297, 42, 237, 52, 12, 8, 330, 190, 176, 356, 67, 166, 213, 121, 226, 203, 422, 414, 189, 106, 36, 169, 21, 97, 167, 195, 177, 117, 35, 206, 102, 2, 269, 402, 24, 88, 220, 107, 313, 261, 184, 40, 38, 119, 41, 87, 122, 325, 232, 243, 350, 116, 93, 293, 327, 272, 133, 129, 311, 246, 358, 416, 299, 157, 172, 113, 306, 108, 408, 125, 229, 154, 70, 44, 346, 37, 160, 114, 283, 111, 156, 197, 259, 201, 412, 322, 221, 27, 143, 74, 199, 132, 398, 282, 219, 56, 5, 384, 137, 385, 284, 218, 404, 403, 209, 51, 345, 238, 335, 351, 146, 278, 336, 60, 235, 371, 376, 364, 142, 419, 319, 1, 365, 15, 115, 73, 31, 308, 109, 95, 277, 328, 161, 162, 185, 43, 342, 366, 39, 76, 0, 196, 187, 381, 152, 273, 17, 204, 249, 69, 100, 7, 374, 348, 118, 274, 57, 245, 317, 131, 212]
[Time: 30.06.23 09:07:41] [Level: info] transition: compute_std
[Time: 30.06.23 09:07:42] [Level: info] state: compute_std
[CTRL] GET /data
[CTRL] POST /data
(422, 1)
[Time: 30.06.23 09:07:44] [Level: info] transition: apply_scaling
[Time: 30.06.23 09:07:45] [Level: info] state: apply_scaling
[CTRL] GET /data
[CTRL] POST /data
[419 204  40 407 156 158 200 124 246  32 240 104   1 174  11  37 223 249
 401 399   4 315  43 215 133 160  25 147 120 253 252 178 264  14 344 396
 110 383 220 417   6  20 413 295 304 414  97 382 218 388  89 114 380 336
 241 364 342  38 368 164 134 305 100 357  75 255  60  30 122 154 281 125
  86 203 356 146 318 412  19 328 266 182  83  99 268  66 320 243 330 365
  74 213 129 188 157 404 371  26 232 292  28 369  34 123 378 400  10 331
 194 236  36  42 262 367   3  41  71 339 294 273 345 284  45 193 311 418
 263 245 239 293 196 406 175 149 387  69 210  90 107  57 165 185 192 187
 351 265 287 234 184 230 118 226 282 302 116 381 327 233  61 101   9 159
 323 410 309 172 421 353  72   0 290 373 130 229 163 167 261 334 153  82
 254 285 286 173 350 145 332 142 183 366 337  78 136  58 355 279  21 170
 271 395 392 416  63 340 248 306 409 283  77 359 115 201  73  54 313 143
  81  52 319 109  17 190 391  93 140 132 238 127 300  67 308  33  65 168
 278 150  24 151  68 148 138 106 354 405  76 137 113 384 372 212 360 267
 219   7 139 324 259 217 322 177  79 298  12  85 420 307 227 296 144 346
  44 103 162 325  18 112 379  92  96 102 195 260 397 377  35 370 169  46
  31  22  49   2  88 208 297 343 289 176 244  50 393  64 237 411  87 386
 394 202 250  98 272 389 333 376 171 314 347 374  48 211 329 299 270 310
 326 338  13  16  62 206 275 363 403 247 224 126 258 349 348 214 269 341
 288 186 216  53 312 256 222  39 166 251 105  84 131 231  51 207 276 180
 155 205 277 121 291  80 398 209 362 108 161 179 301  29  55 280  56 335
 135]
(array([204, 419]),)
CURRENT DATA:  [[ 0.5075888  -2.53636395 -0.41800606 ... -0.67180514 -0.01810548
   0.68843152]
 [-0.30537116 -0.59708476  0.44736356 ...  0.54458049  0.60446716
  -0.47843911]
 [-0.72588279 -0.70688822 -0.42716609 ... -0.6862153   0.45678922
   0.47073178]
 ...
 [ 0.          0.          0.         ...  0.          0.
   0.        ]
 [ 0.          0.          0.40253699 ...  0.         -0.21706771
   0.64834614]
 [ 0.42214072  0.87475585  1.0761786  ...  1.00906508 -0.22265085
   0.2137302 ]]
[Time: 30.06.23 09:07:47] [Level: info] transition: mfa_prerequisites
[Time: 30.06.23 09:07:48] [Level: info] state: mfa_prerequisites
Calling start_power_iteration
[Time: 30.06.23 09:07:48] [Level: info] transition: start_power_iteration
[Time: 30.06.23 09:07:49] [Level: info] state: start_power_iteration
[STARTUP] Computing covariance matrix
[STARTUP] Random initialisation
TABDATA SCALED
[[ 0.5075888  -2.53636395 -0.41800606 ... -0.67180514 -0.01810548
   0.68843152]
 [-0.30537116 -0.59708476  0.44736356 ...  0.54458049  0.60446716
  -0.47843911]
 [-0.72588279 -0.70688822 -0.42716609 ... -0.6862153   0.45678922
   0.47073178]
 ...
 [ 0.          0.          0.         ...  0.          0.
   0.        ]
 [ 0.          0.          0.40253699 ...  0.         -0.21706771
   0.64834614]
 [ 0.42214072  0.87475585  1.0761786  ...  1.00906508 -0.22265085
   0.2137302 ]]
[Time: 30.06.23 09:07:49] [Level: info] transition: compute_final_h_cov
[CTRL] GET /data
[Time: 30.06.23 09:07:50] [Level: info] state: compute_final_h_cov
[CTRL] POST /data
Setting k
starting eigenvector norms
17
[Time: 30.06.23 09:07:53] [Level: info] transition: compute_local_conorm
[Time: 30.06.23 09:07:54] [Level: info] state: compute_local_conorm
[CTRL] GET /data
[CTRL] POST /data
[Time: 30.06.23 09:07:56] [Level: info] transition: compute_local_norm
[Time: 30.06.23 09:07:57] [Level: info] state: compute_local_norm
[CTRL] GET /data
[CTRL] POST /data
starting orthogonalise_current
ending orthogonalise_current
starting eigenvector norms
17
[Time: 30.06.23 09:07:59] [Level: info] transition: compute_local_conorm
[Time: 30.06.23 09:08:00] [Level: info] state: compute_local_conorm
[CTRL] GET /data
[CTRL] POST /data
[Time: 30.06.23 09:08:02] [Level: info] transition: compute_local_norm
[Time: 30.06.23 09:08:03] [Level: info] state: compute_local_norm
[CTRL] GET /data
[CTRL] POST /data
starting orthogonalise_current
ending orthogonalise_current
starting eigenvector norms
17
[Time: 30.06.23 09:08:05] [Level: info] transition: compute_local_conorm
[Time: 30.06.23 09:08:06] [Level: info] state: compute_local_conorm
[CTRL] GET /data
[CTRL] POST /data
[Time: 30.06.23 09:08:08] [Level: info] transition: compute_local_norm
[Time: 30.06.23 09:08:09] [Level: info] state: compute_local_norm
[CTRL] GET /data
[CTRL] POST /data
starting orthogonalise_current
ending orthogonalise_current
starting eigenvector norms
17
[Time: 30.06.23 09:08:11] [Level: info] transition: compute_local_conorm
[Time: 30.06.23 09:08:12] [Level: info] state: compute_local_conorm
[CTRL] GET /data
[CTRL] POST /data
[Time: 30.06.23 09:08:14] [Level: info] transition: compute_local_norm
[Time: 30.06.23 09:08:15] [Level: info] state: compute_local_norm
[CTRL] GET /data
[CTRL] POST /data
starting orthogonalise_current
ending orthogonalise_current
starting eigenvector norms
17
[Time: 30.06.23 09:08:17] [Level: info] transition: compute_local_conorm
[Time: 30.06.23 09:08:18] [Level: info] state: compute_local_conorm
[CTRL] GET /data
[CTRL] POST /data
[Time: 30.06.23 09:08:20] [Level: info] transition: compute_local_norm
[Time: 30.06.23 09:08:21] [Level: info] state: compute_local_norm
[CTRL] GET /data
[CTRL] POST /data
starting orthogonalise_current
ending orthogonalise_current
starting eigenvector norms
17
[Time: 30.06.23 09:08:23] [Level: info] transition: compute_local_conorm
[Time: 30.06.23 09:08:24] [Level: info] state: compute_local_conorm
[CTRL] GET /data
[CTRL] POST /data
[Time: 30.06.23 09:08:26] [Level: info] transition: compute_local_norm
[Time: 30.06.23 09:08:27] [Level: info] state: compute_local_norm
[CTRL] GET /data
[CTRL] POST /data
starting orthogonalise_current
ending orthogonalise_current
starting eigenvector norms
17
[Time: 30.06.23 09:08:29] [Level: info] transition: compute_local_conorm
[Time: 30.06.23 09:08:30] [Level: info] state: compute_local_conorm
[CTRL] GET /data
[CTRL] POST /data
[Time: 30.06.23 09:08:32] [Level: info] transition: compute_local_norm
[Time: 30.06.23 09:08:33] [Level: info] state: compute_local_norm
[CTRL] GET /data
[CTRL] POST /data
starting orthogonalise_current
ending orthogonalise_current
starting eigenvector norms
17
[Time: 30.06.23 09:08:35] [Level: info] transition: compute_local_conorm
[Time: 30.06.23 09:08:36] [Level: info] state: compute_local_conorm
[CTRL] GET /data
[CTRL] POST /data
[Time: 30.06.23 09:08:38] [Level: info] transition: compute_local_norm
[Time: 30.06.23 09:08:39] [Level: info] state: compute_local_norm
[CTRL] GET /data
[CTRL] POST /data
starting orthogonalise_current
ending orthogonalise_current
starting eigenvector norms
17
[Time: 30.06.23 09:08:41] [Level: info] transition: compute_local_conorm
[Time: 30.06.23 09:08:42] [Level: info] state: compute_local_conorm
[CTRL] GET /data
[CTRL] POST /data
[Time: 30.06.23 09:08:44] [Level: info] transition: compute_local_norm
[Time: 30.06.23 09:08:45] [Level: info] state: compute_local_norm
[CTRL] GET /data
[CTRL] POST /data
starting orthogonalise_current
ending orthogonalise_current
starting eigenvector norms
17
[Time: 30.06.23 09:08:47] [Level: info] transition: compute_local_conorm
[Time: 30.06.23 09:08:48] [Level: info] state: compute_local_conorm
[CTRL] GET /data
[CTRL] POST /data
[Time: 30.06.23 09:08:50] [Level: info] transition: compute_local_norm
[Time: 30.06.23 09:08:51] [Level: info] state: compute_local_norm
[CTRL] GET /data
[CTRL] POST /data
starting orthogonalise_current
ending orthogonalise_current
starting eigenvector norms
17
[Time: 30.06.23 09:08:53] [Level: info] transition: compute_local_conorm
[Time: 30.06.23 09:08:54] [Level: info] state: compute_local_conorm
[CTRL] GET /data
[CTRL] POST /data
[Time: 30.06.23 09:08:56] [Level: info] transition: compute_local_norm
[Time: 30.06.23 09:08:57] [Level: info] state: compute_local_norm
[CTRL] GET /data
[CTRL] POST /data
starting orthogonalise_current
ending orthogonalise_current
starting eigenvector norms
17
[Time: 30.06.23 09:08:59] [Level: info] transition: compute_local_conorm
[Time: 30.06.23 09:09:00] [Level: info] state: compute_local_conorm
[CTRL] GET /data
[CTRL] POST /data
[Time: 30.06.23 09:09:02] [Level: info] transition: compute_local_norm
[Time: 30.06.23 09:09:03] [Level: info] state: compute_local_norm
[CTRL] GET /data
[CTRL] POST /data
starting orthogonalise_current
ending orthogonalise_current
starting eigenvector norms
17
[Time: 30.06.23 09:09:05] [Level: info] transition: compute_local_conorm
[Time: 30.06.23 09:09:06] [Level: info] state: compute_local_conorm
[CTRL] GET /data
[CTRL] POST /data
[Time: 30.06.23 09:09:08] [Level: info] transition: compute_local_norm
[Time: 30.06.23 09:09:09] [Level: info] state: compute_local_norm
[CTRL] GET /data
[CTRL] POST /data
starting orthogonalise_current
ending orthogonalise_current
starting eigenvector norms
17
[Time: 30.06.23 09:09:11] [Level: info] transition: compute_local_conorm
[Time: 30.06.23 09:09:12] [Level: info] state: compute_local_conorm
[CTRL] GET /data
[CTRL] POST /data
[Time: 30.06.23 09:09:14] [Level: info] transition: compute_local_norm
[Time: 30.06.23 09:09:15] [Level: info] state: compute_local_norm
[CTRL] GET /data
[CTRL] POST /data
starting orthogonalise_current
ending orthogonalise_current
starting eigenvector norms
17
[Time: 30.06.23 09:09:17] [Level: info] transition: compute_local_conorm
[Time: 30.06.23 09:09:18] [Level: info] state: compute_local_conorm
[CTRL] GET /data
[CTRL] POST /data
[Time: 30.06.23 09:09:20] [Level: info] transition: compute_local_norm
[Time: 30.06.23 09:09:21] [Level: info] state: compute_local_norm
[CTRL] GET /data
[CTRL] POST /data
starting orthogonalise_current
ending orthogonalise_current
starting eigenvector norms
17
[Time: 30.06.23 09:09:23] [Level: info] transition: compute_local_conorm
[Time: 30.06.23 09:09:24] [Level: info] state: compute_local_conorm
[CTRL] GET /data
[CTRL] POST /data
[Time: 30.06.23 09:09:26] [Level: info] transition: compute_local_norm
[Time: 30.06.23 09:09:27] [Level: info] state: compute_local_norm
[CTRL] GET /data
[CTRL] POST /data
starting orthogonalise_current
ending orthogonalise_current
starting eigenvector norms
17
[Time: 30.06.23 09:09:29] [Level: info] transition: normalize_g
[Time: 30.06.23 09:09:30] [Level: info] state: normalize_g
[CTRL] GET /data
[CTRL] POST /data
Normalising
(26, 17)
17
End normalising
(26, 17)
(17, 17)
(17,)
(26, 17)
[Time: 30.06.23 09:09:32] [Level: info] transition: separate_pca
[Time: 30.06.23 09:09:33] [Level: info] state: separate_pca
DATA NEW:  [[ 0.5075888  -2.53636395 -0.41800606 ... -0.67180514 -0.01810548
   0.68843152]
 [-0.30537116 -0.59708476  0.44736356 ...  0.54458049  0.60446716
  -0.47843911]
 [-0.72588279 -0.70688822 -0.42716609 ... -0.6862153   0.45678922
   0.47073178]
 ...
 [ 0.          0.          0.         ...  0.          0.
   0.        ]
 [ 0.          0.          0.40253699 ...  0.         -0.21706771
   0.64834614]
 [ 0.42214072  0.87475585  1.0761786  ...  1.00906508 -0.22265085
   0.2137302 ]]
CURRENT DATA MATRIX:  [array([[ 0.5075888 , -2.53636395, -0.41800606, ..., -0.67180514,
        -0.01810548,  0.68843152],
       [-0.30537116, -0.59708476,  0.44736356, ...,  0.54458049,
         0.60446716, -0.47843911],
       [-0.72588279, -0.70688822, -0.42716609, ..., -0.6862153 ,
         0.45678922,  0.47073178],
       ...,
       [ 0.        ,  0.        ,  0.        , ...,  0.        ,
         0.        ,  0.        ],
       [ 0.        ,  0.        ,  0.40253699, ...,  0.        ,
        -0.21706771,  0.64834614],
       [ 0.42214072,  0.87475585,  1.0761786 , ...,  1.00906508,
        -0.22265085,  0.2137302 ]])]
EIGEN_VALUES [array([ 6.61685189e-01, -4.92794936e-01,  1.39003743e+00,  1.39607624e-03,
       -7.26428031e-01, -7.04882692e-02,  8.63738494e-01, -1.67173443e+00,
        2.56956037e+00,  6.64892095e-01, -1.53935422e+00,  5.39143521e-01,
       -2.97931096e-02,  6.86568319e-01,  7.66972217e-01, -1.22899925e+00,
        9.46710829e-01, -1.28116257e+00,  1.34173504e-01,  7.24809525e-02,
       -5.34625042e-01,  2.70830395e-01, -1.26539376e-01,  1.70378556e-01,
       -5.53238934e-02, -8.16293746e-01]), array([ 0.14988235,  0.5870218 , -0.44878145,  0.28040781, -1.030604  ,
       -0.13609057,  0.50024535, -1.67053627, -0.70619079, -0.90140476,
       -0.37208149,  0.42361078,  0.71155183,  0.20367223,  1.18652624,
       -0.93560659, -0.45559362,  2.21935496,  0.0953966 ,  0.22962941,
       -1.37616978,  0.83568573,  0.12833438, -0.25961575,  0.51433308,
        0.25163821])]
DATA:  [array([[ 0.5075888 , -2.53636395, -0.41800606, ..., -0.67180514,
        -0.01810548,  0.68843152],
       [-0.30537116, -0.59708476,  0.44736356, ...,  0.54458049,
         0.60446716, -0.47843911],
       [-0.72588279, -0.70688822, -0.42716609, ..., -0.6862153 ,
         0.45678922,  0.47073178],
       ...,
       [ 0.        ,  0.        ,  0.        , ...,  0.        ,
         0.        ,  0.        ],
       [ 0.        ,  0.        ,  0.40253699, ...,  0.        ,
        -0.21706771,  0.64834614],
       [ 0.42214072,  0.87475585,  1.0761786 , ...,  1.00906508,
        -0.22265085,  0.2137302 ]]), array([[ 0.5075888 , -2.53636395, -0.41800606, ..., -0.67180514,
        -0.01810548,  0.68843152],
       [-0.30537116, -0.59708476,  0.44736356, ...,  0.54458049,
         0.60446716, -0.47843911],
       [-0.72588279, -0.70688822, -0.42716609, ..., -0.6862153 ,
         0.45678922,  0.47073178],
       ...,
       [ 0.        ,  0.        ,  0.        , ...,  0.        ,
         0.        ,  0.        ],
       [ 0.        ,  0.        ,  0.40253699, ...,  0.        ,
        -0.21706771,  0.64834614],
       [ 0.42214072,  0.87475585,  1.0761786 , ...,  1.00906508,
        -0.22265085,  0.2137302 ]])]
Starting factor analysis
[Time: 30.06.23 09:09:33] [Level: info] transition: factor_analysis
[Time: 30.06.23 09:09:34] [Level: info] state: factor_analysis
Starting MFA final
[Time: 30.06.23 09:09:34] [Level: info] transition: mfa_final
[Time: 30.06.23 09:09:35] [Level: info] state: mfa_final
Starting save results
[Time: 30.06.23 09:09:35] [Level: info] transition: save_results
[Time: 30.06.23 09:09:36] [Level: info] state: save_results
SAVING RESULTS
saving pca/mnt/output/pca/left_eigenvectors.tsv
	
MOVE INPUT TO OUTPUT
[Time: 30.06.23 09:09:37] [Level: info] transition: finalize
[Time: 30.06.23 09:09:38] [Level: info] state: finalize
[Time: 30.06.23 09:09:38] [Level: info] transition: terminal
[Time: 30.06.23 09:09:38] [Level: info] done
[CTRL] GET /data
