2023-07-01 13:31:21,141 CRIT Supervisor is running as root.  Privileges were not dropped because no user is specified in the config file.  If you intend to run as root, you can set user=root in the config file to avoid this message.
2023-07-01 13:31:21,144 INFO supervisord started with pid 7
2023-07-01 13:31:22,147 INFO spawned: 'nginx' with pid 10
2023-07-01 13:31:22,150 INFO spawned: 'app' with pid 11
2023-07-01 13:31:23,202 INFO success: nginx entered RUNNING state, process has stayed up for > than 1 seconds (startsecs)
2023-07-01 13:31:23,202 INFO success: app entered RUNNING state, process has stayed up for > than 1 seconds (startsecs)
[CTRL] POST /setup
[Time: 01.07.23 13:31:24] [Level: info] id: 80ed02749482669c
[Time: 01.07.23 13:31:24] [Level: info] coordinator: False
[Time: 01.07.23 13:31:24] [Level: info] clients: ['80ed02749482669c', '133966b970f6ff39']
[Time: 01.07.23 13:31:24] [Level: info] state: initial
[CLIENT] Parsing parameter file...
[API] /setup parsing parameter file 
[API] /setup config file found ... parsing file: /mnt/input/config.yaml
YAML file does not follow specification: missing key: eigenvalues
Setting default: eigenvalues.tsv
YAML file does not follow specification: missing key: explained_variance
Setting default: eigenvalues.tsv
YAML file does not follow specification: missing key: output delimiter
Setting default: tab
[API] /setup config file found ... parsing done
[CLIENT] finished parsing parameter file.
[STARTUP] Instantiate SVD
[Time: 01.07.23 13:31:24] [Level: info] transition: init_pca
[Time: 01.07.23 13:31:25] [Level: info] state: init_pca
[STARTUP] Copy configuration and create dir
/mnt/input/hospital_data_bredel_1.csv
TEST: ['/mnt/input/data_wine_1.csv', '/mnt/input/data_wine_2.csv', '/mnt/input/data_wine_3.csv']
[STARTUP] Configuration copied
Log Transform performed
out {'Row names': array(['fruity', 'woody', 'coffee'], dtype=object), 'Sample count': 3, 'Nans': array([0, 0, 0])}
[Time: 01.07.23 13:31:25] [Level: info] transition: wait_for_params
[Time: 01.07.23 13:31:26] [Level: info] state: wait_for_params
[CTRL] GET /data
[CTRL] POST /data
setting parameters
[API] Setting parameters
['fruity', 'woody', 'coffee']
INDEX
[0, 1, 2]
[Time: 01.07.23 13:31:29] [Level: info] transition: compute_std
[Time: 01.07.23 13:31:30] [Level: info] state: compute_std
[CTRL] GET /data
[CTRL] POST /data
(3, 1)
[Time: 01.07.23 13:31:32] [Level: info] transition: apply_scaling
[Time: 01.07.23 13:31:33] [Level: info] state: apply_scaling
[CTRL] GET /data
[CTRL] POST /data
[2 0]
(array([], dtype=int64),)
CURRENT DATA:  <apps.svd.TabData.TabData object at 0x7fb2084fc3d0>
[Time: 01.07.23 13:31:35] [Level: info] transition: mfa_prerequisites
[Time: 01.07.23 13:31:36] [Level: info] state: mfa_prerequisites
Calling start_power_iteration
[Time: 01.07.23 13:31:36] [Level: info] transition: start_power_iteration
[Time: 01.07.23 13:31:37] [Level: info] state: start_power_iteration
[STARTUP] Computing covariance matrix
[STARTUP] Random initialisation
TABDATA SCALED
[[ 1.07944432 -0.74520945 -0.21002947]
 [-1.21264378  0.80546508  0.47054734]
 [-0.53813037  0.49463657  0.49463657]]
[Time: 01.07.23 13:31:37] [Level: info] transition: compute_final_h_cov
[Time: 01.07.23 13:31:38] [Level: info] state: compute_final_h_cov
[CTRL] GET /data
[CTRL] POST /data
Setting k
starting eigenvector norms
2
[Time: 01.07.23 13:31:41] [Level: info] transition: compute_local_conorm
[Time: 01.07.23 13:31:42] [Level: info] state: compute_local_conorm
[CTRL] GET /data
[CTRL] POST /data
[Time: 01.07.23 13:31:44] [Level: info] transition: compute_local_norm
[Time: 01.07.23 13:31:45] [Level: info] state: compute_local_norm
[CTRL] GET /data
[CTRL] POST /data
starting orthogonalise_current
ending orthogonalise_current
starting eigenvector norms
2
[Time: 01.07.23 13:31:47] [Level: info] transition: normalize_g
[Time: 01.07.23 13:31:48] [Level: info] state: normalize_g
[CTRL] GET /data
[CTRL] POST /data
Normalising
(3, 2)
2
End normalising
(3, 2)
(2, 2)
(2,)
(3, 2)
[Time: 01.07.23 13:31:50] [Level: info] transition: separate_pca
[Time: 01.07.23 13:31:51] [Level: info] state: separate_pca
[Time: 01.07.23 13:31:51] [Level: info] transition: init_pca
[Time: 01.07.23 13:31:52] [Level: info] state: init_pca
[STARTUP] Copy configuration and create dir
/mnt/input/hospital_data_bredel_1.csv
TEST: ['/mnt/input/data_wine_1.csv', '/mnt/input/data_wine_2.csv', '/mnt/input/data_wine_3.csv']
[STARTUP] Configuration copied
Log Transform performed
out {'Row names': array(['red_fruit', 'roasted', 'vanillin', 'woody_2'], dtype=object), 'Sample count': 3, 'Nans': array([0, 0, 0, 0])}
[Time: 01.07.23 13:31:52] [Level: info] transition: wait_for_params
[Time: 01.07.23 13:31:53] [Level: info] state: wait_for_params
[CTRL] GET /data
[CTRL] POST /data
setting parameters
[API] Setting parameters
['woody_2', 'vanillin', 'roasted', 'red_fruit']
INDEX
[3, 2, 1, 0]
[Time: 01.07.23 13:31:56] [Level: info] transition: compute_std
[Time: 01.07.23 13:31:57] [Level: info] state: compute_std
[CTRL] GET /data
[CTRL] POST /data
(4, 1)
[Time: 01.07.23 13:31:59] [Level: info] transition: apply_scaling
[Time: 01.07.23 13:32:00] [Level: info] state: apply_scaling
[CTRL] GET /data
[CTRL] POST /data
[2 3 0]
(array([], dtype=int64),)
CURRENT DATA:  <apps.svd.TabData.TabData object at 0x7fb2084fc040>
[Time: 01.07.23 13:32:02] [Level: info] transition: mfa_prerequisites
[Time: 01.07.23 13:32:03] [Level: info] state: mfa_prerequisites
Calling start_power_iteration
[Time: 01.07.23 13:32:03] [Level: info] transition: start_power_iteration
[Time: 01.07.23 13:32:04] [Level: info] state: start_power_iteration
[STARTUP] Computing covariance matrix
[STARTUP] Random initialisation
TABDATA SCALED
[[-0.60073593  0.76590344  0.76590344]
 [-1.22927739  0.83707     0.28208191]
 [-1.26314037  0.76493348  0.76493348]
 [ 1.5044393  -0.49785477 -0.49785477]]
[Time: 01.07.23 13:32:04] [Level: info] transition: compute_final_h_cov
[Time: 01.07.23 13:32:05] [Level: info] state: compute_final_h_cov
[CTRL] GET /data
[CTRL] POST /data
Setting k
starting eigenvector norms
3
[Time: 01.07.23 13:32:08] [Level: info] transition: compute_local_conorm
[Time: 01.07.23 13:32:09] [Level: info] state: compute_local_conorm
[CTRL] GET /data
[CTRL] POST /data
[Time: 01.07.23 13:32:11] [Level: info] transition: compute_local_norm
[Time: 01.07.23 13:32:12] [Level: info] state: compute_local_norm
[CTRL] GET /data
[CTRL] POST /data
starting orthogonalise_current
ending orthogonalise_current
starting eigenvector norms
3
[Time: 01.07.23 13:32:14] [Level: info] transition: compute_local_conorm
[Time: 01.07.23 13:32:15] [Level: info] state: compute_local_conorm
[CTRL] GET /data
[CTRL] POST /data
[Time: 01.07.23 13:32:17] [Level: info] transition: compute_local_norm
[Time: 01.07.23 13:32:18] [Level: info] state: compute_local_norm
[CTRL] GET /data
[CTRL] POST /data
starting orthogonalise_current
ending orthogonalise_current
starting eigenvector norms
3
[Time: 01.07.23 13:32:20] [Level: info] transition: normalize_g
[Time: 01.07.23 13:32:21] [Level: info] state: normalize_g
[CTRL] GET /data
[CTRL] POST /data
Normalising
(3, 3)
3
End normalising
(3, 3)
(3, 3)
(3,)
(3, 3)
[Time: 01.07.23 13:32:23] [Level: info] transition: separate_pca
[Time: 01.07.23 13:32:24] [Level: info] state: separate_pca
[Time: 01.07.23 13:32:24] [Level: info] transition: init_pca
[Time: 01.07.23 13:32:25] [Level: info] state: init_pca
[STARTUP] Copy configuration and create dir
/mnt/input/hospital_data_bredel_1.csv
TEST: ['/mnt/input/data_wine_1.csv', '/mnt/input/data_wine_2.csv', '/mnt/input/data_wine_3.csv']
[STARTUP] Configuration copied
Log Transform performed
out {'Row names': array(['fruity_2', 'butter', 'woody_3'], dtype=object), 'Sample count': 3, 'Nans': array([0, 0, 0])}
[Time: 01.07.23 13:32:25] [Level: info] transition: wait_for_params
[Time: 01.07.23 13:32:26] [Level: info] state: wait_for_params
[CTRL] GET /data
[CTRL] POST /data
setting parameters
[API] Setting parameters
['woody_3', 'fruity_2', 'butter']
INDEX
[2, 0, 1]
[Time: 01.07.23 13:32:29] [Level: info] transition: compute_std
[Time: 01.07.23 13:32:30] [Level: info] state: compute_std
[CTRL] GET /data
[CTRL] POST /data
(3, 1)
[Time: 01.07.23 13:32:32] [Level: info] transition: apply_scaling
[Time: 01.07.23 13:32:33] [Level: info] state: apply_scaling
[CTRL] GET /data
[CTRL] POST /data
[1 0]
(array([], dtype=int64),)
CURRENT DATA:  <apps.svd.TabData.TabData object at 0x7fb2083ee9d0>
[Time: 01.07.23 13:32:35] [Level: info] transition: mfa_prerequisites
[Time: 01.07.23 13:32:36] [Level: info] state: mfa_prerequisites
Calling start_power_iteration
[Time: 01.07.23 13:32:36] [Level: info] transition: start_power_iteration
[Time: 01.07.23 13:32:37] [Level: info] state: start_power_iteration
[STARTUP] Computing covariance matrix
[STARTUP] Random initialisation
TABDATA SCALED
[[-0.74520945  0.83103354  0.54426434]
 [-0.47630665 -0.47630665 -1.3197291 ]
 [-0.83662619  0.69288031  0.93392557]]
[Time: 01.07.23 13:32:37] [Level: info] transition: compute_final_h_cov
[Time: 01.07.23 13:32:38] [Level: info] state: compute_final_h_cov
[CTRL] GET /data
[CTRL] POST /data
Setting k
starting eigenvector norms
2
[Time: 01.07.23 13:32:41] [Level: info] transition: compute_local_conorm
[Time: 01.07.23 13:32:42] [Level: info] state: compute_local_conorm
[CTRL] GET /data
[CTRL] POST /data
[Time: 01.07.23 13:32:44] [Level: info] transition: compute_local_norm
[Time: 01.07.23 13:32:45] [Level: info] state: compute_local_norm
[CTRL] GET /data
[CTRL] POST /data
starting orthogonalise_current
ending orthogonalise_current
starting eigenvector norms
2
[Time: 01.07.23 13:32:47] [Level: info] transition: normalize_g
[Time: 01.07.23 13:32:48] [Level: info] state: normalize_g
[CTRL] GET /data
[CTRL] POST /data
Normalising
(3, 2)
2
End normalising
(3, 2)
(2, 2)
(2,)
(3, 2)
[Time: 01.07.23 13:32:50] [Level: info] transition: separate_pca
[Time: 01.07.23 13:32:51] [Level: info] state: separate_pca
Starting scale tabdata
[Time: 01.07.23 13:32:51] [Level: info] transition: scale_tabdata
[Time: 01.07.23 13:32:52] [Level: info] state: scale_tabdata
Starting merge tabdata
[Time: 01.07.23 13:32:52] [Level: info] transition: merging_tabdata
[Time: 01.07.23 13:32:53] [Level: info] state: merging_tabdata
Starting global pca
[Time: 01.07.23 13:32:53] [Level: info] transition: init_pca
[Time: 01.07.23 13:32:54] [Level: info] state: init_pca
[STARTUP] Copy configuration and create dir
/mnt/input/hospital_data_bredel_1.csv
TEST: ['/mnt/input/data_wine_1.csv', '/mnt/input/data_wine_2.csv', '/mnt/input/data_wine_3.csv']
Log Transform performed
out {'Row names': array(['fruity', 'woody', 'coffee', 'woody_2', 'vanillin', 'roasted',
       'red_fruit', 'woody_3', 'fruity_2', 'butter'], dtype=object), 'Sample count': 3, 'Nans': array([0, 0, 0, 0, 0, 0, 0, 0, 0, 0])}
[Time: 01.07.23 13:32:54] [Level: info] transition: wait_for_params
[CTRL] GET /data
[Time: 01.07.23 13:32:55] [Level: info] state: wait_for_params
[CTRL] POST /data
setting parameters
[API] Setting parameters
['fruity_2', 'woody', 'woody_2', 'woody_3', 'fruity', 'roasted', 'coffee', 'red_fruit', 'vanillin', 'butter']
INDEX
[8, 1, 3, 7, 0, 5, 2, 6, 4, 9]
[Time: 01.07.23 13:32:56] [Level: info] transition: compute_std
[Time: 01.07.23 13:32:57] [Level: info] state: compute_std
[CTRL] GET /data
[CTRL] POST /data
(10, 1)
[Time: 01.07.23 13:32:59] [Level: info] transition: apply_scaling
[Time: 01.07.23 13:33:00] [Level: info] state: apply_scaling
[CTRL] GET /data
[CTRL] POST /data
[7 2 8 0 6 5 1 4 3]
(array([], dtype=int64),)
CURRENT DATA:  <apps.svd.TabData.TabData object at 0x7fb2084fca00>
[Time: 01.07.23 13:33:02] [Level: info] transition: mfa_prerequisites
[Time: 01.07.23 13:33:03] [Level: info] state: mfa_prerequisites
Calling start_power_iteration
[Time: 01.07.23 13:33:03] [Level: info] transition: start_power_iteration
[Time: 01.07.23 13:33:04] [Level: info] state: start_power_iteration
[STARTUP] Computing covariance matrix
[STARTUP] Random initialisation
TABDATA SCALED
[[-0.2402658  -0.2402658  -1.70527145]
 [-1.26174359  0.76367254  0.56532965]
 [-0.35993602  0.74171239  0.74171239]
 [-0.40674389  0.71930767  0.57460204]
 [ 0.84447177 -0.42845581  0.07977852]
 [-1.28025387  0.72321829  0.72321829]
 [-0.29486351  0.58784112  0.58784112]
 [ 1.1999393  -0.29394295 -0.29394295]
 [-1.26817869  0.77872632  0.42920577]
 [-0.43598684  0.62328667  0.72852877]]
[Time: 01.07.23 13:33:04] [Level: info] transition: compute_final_h_cov
[Time: 01.07.23 13:33:05] [Level: info] state: compute_final_h_cov
[CTRL] GET /data
[CTRL] POST /data
Setting k
starting eigenvector norms
3
[Time: 01.07.23 13:33:08] [Level: info] transition: compute_local_conorm
[Time: 01.07.23 13:33:09] [Level: info] state: compute_local_conorm
[CTRL] GET /data
[CTRL] POST /data
[Time: 01.07.23 13:33:11] [Level: info] transition: compute_local_norm
[Time: 01.07.23 13:33:12] [Level: info] state: compute_local_norm
[CTRL] GET /data
[CTRL] POST /data
starting orthogonalise_current
ending orthogonalise_current
starting eigenvector norms
3
[Time: 01.07.23 13:33:14] [Level: info] transition: compute_local_conorm
[Time: 01.07.23 13:33:15] [Level: info] state: compute_local_conorm
[CTRL] GET /data
[CTRL] POST /data
[Time: 01.07.23 13:33:17] [Level: info] transition: compute_local_norm
[Time: 01.07.23 13:33:18] [Level: info] state: compute_local_norm
[CTRL] GET /data
[CTRL] POST /data
starting orthogonalise_current
ending orthogonalise_current
starting eigenvector norms
3
[Time: 01.07.23 13:33:20] [Level: info] transition: normalize_g
[Time: 01.07.23 13:33:21] [Level: info] state: normalize_g
[CTRL] GET /data
[CTRL] POST /data
Normalising
(3, 3)
3
End normalising
(3, 3)
(3, 3)
(3,)
(3, 3)
[Time: 01.07.23 13:33:23] [Level: info] transition: separate_pca
[Time: 01.07.23 13:33:24] [Level: info] state: separate_pca
Starting factor analysis
[Time: 01.07.23 13:33:24] [Level: info] transition: waiting_for_projection_matrix
[Time: 01.07.23 13:33:25] [Level: info] state: waiting_for_projection_matrix
[CTRL] POST /data
[Time: 01.07.23 13:33:26] [Level: info] transition: factor_scores
[Time: 01.07.23 13:33:27] [Level: info] state: factor_scores
P: [[-0.1256234   0.37099068  0.46856016  0.          0.          0.
   0.          0.          0.          0.        ]
 [-0.48311946 -0.12783179  0.23666285  0.          0.          0.
   0.          0.          0.          0.        ]
 [-0.18437836 -0.34392167  0.32119228  0.          0.          0.
   0.          0.          0.          0.        ]]
Z [[ 0.55654075 -0.38421568 -0.10828716]
 [-0.62521584  0.41528232  0.24260517]
 [-0.27744968  0.25502511  0.25502511]]
Z [[ 0.55654075 -0.38421568 -0.10828716]
 [-0.62521584  0.41528232  0.24260517]
 [-0.27744968  0.25502511  0.25502511]]
Z [[ 0.55654075 -0.38421568 -0.10828716]
 [-0.62521584  0.41528232  0.24260517]
 [-0.27744968  0.25502511  0.25502511]]
[Time: 01.07.23 13:33:27] [Level: info] transition: waiting_for_global_factor_score
[Time: 01.07.23 13:33:28] [Level: info] state: waiting_for_global_factor_score
[CTRL] POST /data
[Time: 01.07.23 13:33:29] [Level: info] transition: inertia
[Time: 01.07.23 13:33:30] [Level: info] state: inertia
[Time: 01.07.23 13:33:30] [Level: info] transition: mfa_final
[Time: 01.07.23 13:33:31] [Level: info] state: mfa_final
Starting save results
[Time: 01.07.23 13:33:31] [Level: info] transition: save_results
[Time: 01.07.23 13:33:32] [Level: info] state: save_results
SAVING RESULTS
saving pca/mnt/output/pca/left_eigenvectors.tsv
	
MOVE INPUT TO OUTPUT
[Time: 01.07.23 13:33:32] [Level: info] transition: finalize
[Time: 01.07.23 13:33:33] [Level: info] state: finalize
[Time: 01.07.23 13:33:33] [Level: info] transition: terminal
[Time: 01.07.23 13:33:33] [Level: info] done
[CTRL] GET /data
