2023-06-30 08:10:16,381 CRIT Supervisor is running as root.  Privileges were not dropped because no user is specified in the config file.  If you intend to run as root, you can set user=root in the config file to avoid this message.
2023-06-30 08:10:16,382 INFO supervisord started with pid 7
2023-06-30 08:10:17,384 INFO spawned: 'nginx' with pid 10
2023-06-30 08:10:17,385 INFO spawned: 'app' with pid 11
2023-06-30 08:10:18,400 INFO success: nginx entered RUNNING state, process has stayed up for > than 1 seconds (startsecs)
2023-06-30 08:10:18,401 INFO success: app entered RUNNING state, process has stayed up for > than 1 seconds (startsecs)
[CTRL] POST /setup
[Time: 30.06.23 08:10:20] [Level: info] id: acc6653cff732e18
[Time: 30.06.23 08:10:20] [Level: info] coordinator: False
[Time: 30.06.23 08:10:20] [Level: info] clients: ['acc6653cff732e18', 'eb2e8d3bad298c34']
[Time: 30.06.23 08:10:20] [Level: info] state: initial
[CLIENT] Parsing parameter file...
[API] /setup parsing parameter file 
[API] /setup config file found ... parsing file: /mnt/input/config.yaml
YAML file does not follow specification: missing key: eigenvalues
Setting default: eigenvalues.tsv
YAML file does not follow specification: missing key: explained_variance
Setting default: eigenvalues.tsv
YAML file does not follow specification: missing key: output delimiter
Setting default: tab
[API] /setup config file found ... parsing done
[CLIENT] finished parsing parameter file.
[STARTUP] Instantiate SVD
[Time: 30.06.23 08:10:20] [Level: info] transition: init_pca
[Time: 30.06.23 08:10:21] [Level: info] state: init_pca
[STARTUP] Copy configuration and create dir
/mnt/input/hospital_data_bredel_1.csv
TEST: ['/mnt/input/hospital_data_bredel_1 - Copy.csv', '/mnt/input/hospital_data_bredel_1.csv']
RUNNING ON:  /mnt/input/hospital_data_bredel_1 - Copy.csv
number of omics:  2
[STARTUP] Configuration copied
Log Transform performed
/app/apps/svd/FC_Federated_PCA.py:97: RuntimeWarning: invalid value encountered in log2
  self.tabdata.scaled = np.log2(self.tabdata.scaled+1)
[Time: 30.06.23 08:10:21] [Level: info] transition: wait_for_params
[Time: 30.06.23 08:10:22] [Level: info] state: wait_for_params
[CTRL] GET /data
[CTRL] POST /data
setting parameters
[API] Setting parameters
['YWHAH', 'MGC42367', 'CLSTN3', 'CD58', 'MAPKBP1', 'HPRT1', 'AA281932', 'ZNF419B', 'DDIT4', 'SLC35A2', 'SERPINI1', 'IL21R', 'ZFHX1B', 'CKMT1A', 'NCF2', 'MOAP1', 'GADD45B', 'URP2', 'WDR7', 'AA975768', 'LOC613212', 'H41096', 'RAB20', 'MGC26694', 'SPAG6', 'SLC15A2', 'S100A10', 'AKR1C2', 'NLK', 'MSN', 'TCTEX1D1', 'KNS2', 'CBX6', 'TCF7L1', 'CBLN2', 'SUV39H1', 'PRKCZ', 'FBXO32', 'AI822135', 'VEGF', 'VAMP2', 'FLJ38984', 'WWTR1', 'BGN', 'NCF1', 'MYCBP2', 'PRG1', 'AA489629', 'NR4A1', 'D21S2089E', 'ABCC3', 'DSCR1L1', 'MSTP9', 'ZNF217', 'FBL', 'LOC283070', 'RALY', 'PCP4', 'C6orf12', 'DYNLT1', 'CYR61', 'HLA.A', 'DDEF1', 'NSF', 'NEFH', 'STEAP3', 'UBE4B', 'COL9A2', 'CACNB2', 'DES', 'POSTN', 'AA598631', 'ADCY1', 'COL4A2', 'CAMK2A', 'CD53', 'FREQ', 'CA12', 'NDUFB11', 'TBC1D7', 'STMN1', 'SAA2', 'KIAA1543', 'HBXIP', 'SP100', 'LTF', 'T97457', 'STXBP1', 'OSR1', 'TMEM49', 'DKFZp313A2432', 'FAM46A', 'USP6NL', 'AI262682', 'BCL2A1', 'C1orf187', 'TXNDC', 'CD47', 'NPL', 'CSPG2', 'NOTCH1', 'FCGR2B', 'UGCG', 'HLA.G', 'RND3', 'INPP5F', 'AA669383', 'RBP4', 'USP3', 'PRSS3', 'ZNF549', 'CAP2', 'HLA.DRB1', 'NNMT', 'T62491', 'SERPING1', 'PPP3CB', 'MYBPC2', 'KCNMA1', 'ADARB2', 'FAM84B', 'ID4', 'MYC', 'ASPA', 'FLJ35740', 'LMO7', 'RUNX1', 'GPSM2', 'SOCS3', 'IMAGE.33267', 'VSNL1', 'HBA1', 'TSPAN6', 'EXT1', 'CYBA', 'LHFPL2', 'PDXP', 'NLGN1', 'H78560', 'MMP2', 'AEBP1', 'HLA.F', 'CLTB', 'CAPG', 'KCNK6', 'LOC389831', 'GAS1', 'NY.SAR.48', 'AI357047', 'H86813', 'FAS', 'MGC39606', 'EMP3', 'LAMB1', 'FCGRT', 'SOX4', 'AA479357', 'SCN2B', 'BNIP2', 'A2BP1', 'RGS16', 'TIMP3', 'R52960', 'TncRNA', 'SVIL', 'SETD5', 'H20822', 'PPP1R14A', 'TNFRSF12A', 'SNCG', 'GPNMB', 'TFDP2', 'C9orf48', 'TNFAIP3', 'KCNQ2', 'PLAU', 'CDC20B', 'APCS', 'C8orf4', 'PSD3', 'MST1', 'EGLN2', 'ADFP', 'IL32', 'MGP', 'AIF1', 'AA398420', 'STK17A', 'IGHG1', 'RAB30', 'H10054', 'EPB49', 'FBXW7', 'SYT7', 'IGFBP5', 'PYHIN1', 'SYNGR3', 'DIP2C', 'AA424849', 'CAMKK2', 'KCNJ1', 'COX6A2', 'MED11', 'ITPKA', 'COL1A1', 'BLVRB', 'ESM1', 'KLRC3', 'SORT1', 'DMN', 'EPHB1', 'TSPAN4', 'ATP6V1C1', 'NUAK1', 'AA598555', 'PPP3CA', 'LOC388610', 'ANXA1', 'LOC57228', 'CDKN1A', 'AA906888', 'GYPC', 'KLRC1', 'CDKN2D', 'MVP', 'C16orf5', 'H91845', 'AI002301', 'PSG1', 'RPS19BP1', 'AI871056', 'PLTP', 'PDE2A', 'HSPG2', 'IGFBP3', 'S100A1', 'R70506', 'HAMP', 'C4A', 'SERPINA3', 'AI005038', 'AKR1C1', 'PLP2', 'ID3', 'ZNF329', 'PRRX1', 'PARP14', 'FBXO2', 'LGALS3', 'SPINT2', 'VASP', 'ITGA9', 'PEG3', 'HEY1', 'KIAA1644', 'EDG3', 'HK2', 'CAV1', 'L1CAM', 'PARD3', 'HPCA', 'H08563', 'LY96', 'TMEM146', 'F13A1', 'LRBA', 'TNC', 'EFHB', 'PDE4DIP', 'CCR1', 'MRC2', 'FAM84A', 'ANXA5', 'ARPP.19', 'FGF13', 'PNCK', 'COL6A2', 'ITGA3', 'EID.3', 'KIAA0963', 'LAMA4', 'PLA2G2A', 'CEAL1', 'TGFBI', 'NPC2', 'PLOD2', 'CALM1', 'GBP1', 'SCAMP5', 'HCLS1', 'AA029415', 'LOC400451', 'EDG1', 'CD44', 'WASF1', 'ZNF226', 'PSG5', 'FZD7', 'S100A11', 'DEF6', 'RBP7', 'AP4B1', 'GBP2', 'OSBPL1A', 'GABBR1', 'ACAD8', 'MASP1', 'PRKAR1B', 'PCDHGC3', 'CASP1', 'AA131320', 'X37864', 'IFI30', 'RAB11FIP4', 'PYCR1', 'LYN', 'TTC23', 'SERPINH1', 'GOT1', 'BCAM', 'N98591', 'SLC16A3', 'L3MBTL4', 'CHN1', 'PHLDA1', 'KLRC2', 'TIMP1', 'CCDC3', 'AA490257', 'IGSF3', 'RTN3', 'HNRNPG.T', 'ADAM19', 'MDFI', 'R61377', 'DCLRE1B', 'T51726', 'DPYD', 'LOC283130', 'NDST1', 'AI263051', 'MB', 'LSP1', 'PDLIM7', 'X38595', 'PALLD', 'AA401952', 'SPARC', 'ZNF233', 'RPS3A', 'LAPTM5', 'RFXAP', 'ZNF160', 'CHI3L2', 'DLL3', 'PTPRZ1', 'PRKCG', 'FBXL16', 'GYPA', 'IGF1R', 'CACNB3', 'IGF2BP3', 'AI335002', 'COL3A1', 'LOC146795', 'CCL2', 'R70684', 'NMNAT2', 'TAP1', 'CLIC1', 'PRSS1', 'CA11', 'IQSEC1', 'LOC541471', 'FN1', 'LUM', 'MGC18216', 'C1R', 'AI350724', 'H24428', 'PYGL', 'MICAL2', 'APOC2', 'FABP3', 'RAB27B', 'IL1RAP', 'SNRPN', 'EDNRB', 'CLCA3', 'DECR2', 'MAL2', 'ADM', 'APOC1', 'TSPYL1', 'ANK3', 'DNASE1L1', 'HMOX1', 'MST150', 'PDPN', 'CTHRC1', 'TLL2', 'COX7A1', 'ABCA5', 'DUS3L', 'SRPX', 'C1orf63', 'NPTX1', 'MTHFD2', 'SBP1', 'TOMM40', 'YWHAG', 'COL1A2', 'STC1', 'W93688', 'PRKCB1', 'MDK', 'ITGA5', 'AA181288', 'UBA52', 'LILRA1', 'PLAUR', 'DDN']
INDEX
[344, 40, 271, 133, 170, 288, 101, 31, 293, 299, 347, 284, 400, 278, 316, 169, 412, 285, 126, 236, 98, 383, 389, 210, 6, 421, 325, 9, 348, 68, 10, 245, 150, 132, 337, 163, 200, 37, 225, 100, 147, 242, 190, 70, 351, 73, 418, 180, 392, 42, 221, 334, 230, 233, 413, 27, 97, 379, 335, 387, 370, 217, 32, 281, 186, 114, 60, 197, 16, 363, 267, 377, 303, 122, 286, 283, 345, 110, 61, 129, 187, 369, 22, 23, 208, 232, 92, 206, 41, 140, 166, 275, 15, 194, 343, 361, 396, 103, 119, 148, 237, 240, 346, 329, 174, 322, 270, 292, 256, 317, 29, 319, 417, 128, 311, 173, 78, 67, 228, 4, 96, 171, 264, 81, 201, 226, 107, 50, 85, 84, 313, 310, 258, 0, 355, 108, 168, 154, 80, 324, 157, 366, 214, 72, 56, 235, 388, 353, 207, 181, 306, 3, 74, 320, 300, 196, 231, 404, 410, 216, 76, 123, 342, 409, 2, 91, 224, 420, 71, 218, 309, 57, 109, 266, 277, 184, 265, 287, 315, 106, 134, 48, 227, 247, 423, 365, 83, 415, 381, 239, 401, 393, 376, 405, 219, 297, 372, 1, 391, 295, 34, 59, 406, 290, 102, 65, 390, 116, 26, 33, 191, 330, 105, 307, 354, 112, 203, 179, 137, 259, 193, 263, 118, 269, 273, 155, 298, 350, 66, 162, 204, 318, 121, 161, 115, 341, 177, 304, 241, 198, 301, 7, 89, 356, 38, 327, 407, 312, 113, 314, 12, 331, 139, 160, 153, 321, 291, 399, 296, 5, 384, 69, 248, 55, 340, 46, 165, 262, 323, 332, 130, 382, 192, 120, 205, 125, 159, 373, 20, 280, 289, 276, 19, 358, 364, 268, 251, 246, 182, 209, 199, 156, 25, 305, 149, 24, 36, 411, 90, 254, 63, 44, 338, 294, 146, 13, 88, 212, 229, 252, 136, 127, 104, 282, 220, 395, 62, 143, 261, 49, 419, 142, 222, 374, 260, 117, 82, 8, 234, 64, 75, 43, 375, 394, 185, 28, 371, 223, 414, 402, 359, 238, 211, 253, 257, 397, 386, 403, 58, 183, 326, 164, 45, 87, 94, 302, 416, 188, 11, 52, 172, 250, 215, 152, 195, 274, 398, 145, 357, 99, 368, 352, 362, 79, 202, 378, 35, 189, 367, 279, 243, 408, 178, 141, 151, 328, 244, 111, 17, 135, 333, 144, 51, 95, 349, 308, 175, 138, 86, 385, 53, 18, 131, 21, 380, 14, 422, 176, 39, 360, 213, 158, 167, 255, 339, 272, 77, 249, 93, 47, 124, 336]
[Time: 30.06.23 08:10:24] [Level: info] transition: compute_std
[Time: 30.06.23 08:10:25] [Level: info] state: compute_std
[CTRL] GET /data
[CTRL] POST /data
(422, 1)
[Time: 30.06.23 08:10:27] [Level: info] transition: apply_scaling
[Time: 30.06.23 08:10:28] [Level: info] state: apply_scaling
[CTRL] GET /data
[CTRL] POST /data
[109 370 375 388 112 352 127 154 231 346 202 345 228 282 348  30 151 208
 133 408 329 245 358 121 278 310  14 181 409 101 335  46 359  71 124 331
 286 185 246 171  40 263 323 295  98  28 201 197 292 395 115 368 320  37
  18 347  67  62 341 350 288  88  53 259  99  78  25  52  82 103 296 319
 264 271 144 212  79 241   0 135 327  17 303 209  42 332 287 159 275 289
 372 123 238 305 213 188 304 166 268 164 177  58 134 383 284 160  68 308
 351 371  81 384  49  76 349 277 131  75 339 410  16  56 361 255 227  31
 100 273 379 223 419 224  47  36   7 110 274 315  32  59 136 311   4 158
 290 250 236 302  22  29 167 355  15   1 205 111 150 116 270 182 186 396
   9 261  85 199 307 366  34 156  87 421 316  24 217 298 195 301 191 413
 382 412 364 330 152  21 137 113 328 392 253  63  61 143 194 377 280 367
 117 334 385 365 239 387 297 353 417 403 210 218 235 312  10 178 418 225
 119 326 114 322 369  83 174 198 405 337 309  74 318  27  26  72   2 391
 338 129  23  91 206  35 168 265 313 363  96 128 187  92  13 276 399 211
  57  95 299 140 161 200 356 251 237 126 221 176 402  73  51 306  41 105
 254 386 378 360 106 374 321 404  84 398 214  19 162 192 203  44 104 294
 193 414  89  97 357  69 314 219 376 397 189 420 233 401 247  39 340  45
 229 281 170   5  90 172  43 336 285   8  50  66   6 184 381 130 243 380
 248  65 258 147 196 138 125 157  80  48  94 190 165 317  55 132 407 291
 325 215 272  86 207 344 300 362 411 183 149 267 249  77 146 262 216 389
 373 257 406 163 204 269 141 266 169 139 118 173 175 240 256 179 400 102
 394]
(array([109, 370]),)
[Time: 30.06.23 08:10:30] [Level: info] transition: mfa_prerequisites
[Time: 30.06.23 08:10:31] [Level: info] state: mfa_prerequisites
Calling start_power_iteration
[Time: 30.06.23 08:10:31] [Level: info] transition: start_power_iteration
[Time: 30.06.23 08:10:32] [Level: info] state: start_power_iteration
[STARTUP] Computing covariance matrix
[STARTUP] Random initialisation
TABDATA SCALED
[[-0.34563441  0.8980298   1.30489791 ...  1.25168178 -0.0871024
  -0.1062404 ]
 [-0.16397472  0.00735053  0.12486255 ... -0.16033963  0.04145066
  -0.38352844]
 [ 0.08880026  0.43256585  0.93451951 ...  0.8073514   0.53024717
   0.40568327]
 ...
 [ 0.41840897 -1.84187677  0.71922798 ... -0.21115578  0.69987307
  -1.97791831]
 [ 0.          0.          0.         ... -0.63085695 -0.08679229
  -0.51933253]
 [ 0.21700046  0.38750499  1.30751748 ...  1.10632279 -1.64741495
   0.32790579]]
[Time: 30.06.23 08:10:32] [Level: info] transition: compute_final_h_cov
[Time: 30.06.23 08:10:33] [Level: info] state: compute_final_h_cov
[CTRL] GET /data
[CTRL] POST /data
Setting k
starting eigenvector norms
17
[Time: 30.06.23 08:10:36] [Level: info] transition: compute_local_conorm
[Time: 30.06.23 08:10:37] [Level: info] state: compute_local_conorm
[CTRL] GET /data
[CTRL] POST /data
[Time: 30.06.23 08:10:39] [Level: info] transition: compute_local_norm
[Time: 30.06.23 08:10:40] [Level: info] state: compute_local_norm
[CTRL] GET /data
[CTRL] POST /data
starting orthogonalise_current
ending orthogonalise_current
starting eigenvector norms
17
[Time: 30.06.23 08:10:42] [Level: info] transition: compute_local_conorm
[Time: 30.06.23 08:10:43] [Level: info] state: compute_local_conorm
[CTRL] GET /data
[CTRL] POST /data
[Time: 30.06.23 08:10:45] [Level: info] transition: compute_local_norm
[Time: 30.06.23 08:10:46] [Level: info] state: compute_local_norm
[CTRL] GET /data
[CTRL] POST /data
starting orthogonalise_current
ending orthogonalise_current
starting eigenvector norms
17
[Time: 30.06.23 08:10:48] [Level: info] transition: compute_local_conorm
[Time: 30.06.23 08:10:49] [Level: info] state: compute_local_conorm
[CTRL] GET /data
[CTRL] POST /data
[Time: 30.06.23 08:10:51] [Level: info] transition: compute_local_norm
[Time: 30.06.23 08:10:52] [Level: info] state: compute_local_norm
[CTRL] GET /data
[CTRL] POST /data
starting orthogonalise_current
ending orthogonalise_current
starting eigenvector norms
17
[Time: 30.06.23 08:10:54] [Level: info] transition: compute_local_conorm
[Time: 30.06.23 08:10:55] [Level: info] state: compute_local_conorm
[CTRL] GET /data
[CTRL] POST /data
[Time: 30.06.23 08:10:57] [Level: info] transition: compute_local_norm
[Time: 30.06.23 08:10:58] [Level: info] state: compute_local_norm
[CTRL] GET /data
[CTRL] POST /data
starting orthogonalise_current
ending orthogonalise_current
starting eigenvector norms
17
[Time: 30.06.23 08:11:00] [Level: info] transition: compute_local_conorm
[Time: 30.06.23 08:11:01] [Level: info] state: compute_local_conorm
[CTRL] GET /data
[CTRL] POST /data
[Time: 30.06.23 08:11:03] [Level: info] transition: compute_local_norm
[Time: 30.06.23 08:11:04] [Level: info] state: compute_local_norm
[CTRL] GET /data
[CTRL] POST /data
starting orthogonalise_current
ending orthogonalise_current
starting eigenvector norms
17
[Time: 30.06.23 08:11:06] [Level: info] transition: compute_local_conorm
[Time: 30.06.23 08:11:07] [Level: info] state: compute_local_conorm
[CTRL] GET /data
[CTRL] POST /data
[Time: 30.06.23 08:11:09] [Level: info] transition: compute_local_norm
[Time: 30.06.23 08:11:10] [Level: info] state: compute_local_norm
[CTRL] GET /data
[CTRL] POST /data
starting orthogonalise_current
ending orthogonalise_current
starting eigenvector norms
17
[Time: 30.06.23 08:11:12] [Level: info] transition: compute_local_conorm
[Time: 30.06.23 08:11:13] [Level: info] state: compute_local_conorm
[CTRL] GET /data
[CTRL] POST /data
[Time: 30.06.23 08:11:15] [Level: info] transition: compute_local_norm
[Time: 30.06.23 08:11:16] [Level: info] state: compute_local_norm
[CTRL] GET /data
[CTRL] POST /data
starting orthogonalise_current
ending orthogonalise_current
starting eigenvector norms
17
[Time: 30.06.23 08:11:18] [Level: info] transition: compute_local_conorm
[Time: 30.06.23 08:11:19] [Level: info] state: compute_local_conorm
[CTRL] GET /data
[CTRL] POST /data
[Time: 30.06.23 08:11:21] [Level: info] transition: compute_local_norm
[Time: 30.06.23 08:11:22] [Level: info] state: compute_local_norm
[CTRL] GET /data
[CTRL] POST /data
starting orthogonalise_current
ending orthogonalise_current
starting eigenvector norms
17
[Time: 30.06.23 08:11:24] [Level: info] transition: compute_local_conorm
[Time: 30.06.23 08:11:25] [Level: info] state: compute_local_conorm
[CTRL] GET /data
[CTRL] POST /data
[Time: 30.06.23 08:11:27] [Level: info] transition: compute_local_norm
[Time: 30.06.23 08:11:28] [Level: info] state: compute_local_norm
[CTRL] GET /data
[CTRL] POST /data
starting orthogonalise_current
ending orthogonalise_current
starting eigenvector norms
17
[Time: 30.06.23 08:11:30] [Level: info] transition: compute_local_conorm
[Time: 30.06.23 08:11:31] [Level: info] state: compute_local_conorm
[CTRL] GET /data
[CTRL] POST /data
[Time: 30.06.23 08:11:33] [Level: info] transition: compute_local_norm
[Time: 30.06.23 08:11:34] [Level: info] state: compute_local_norm
[CTRL] GET /data
[CTRL] POST /data
starting orthogonalise_current
ending orthogonalise_current
starting eigenvector norms
17
[Time: 30.06.23 08:11:36] [Level: info] transition: compute_local_conorm
[Time: 30.06.23 08:11:37] [Level: info] state: compute_local_conorm
[CTRL] GET /data
[CTRL] POST /data
[Time: 30.06.23 08:11:39] [Level: info] transition: compute_local_norm
[Time: 30.06.23 08:11:40] [Level: info] state: compute_local_norm
[CTRL] GET /data
[CTRL] POST /data
starting orthogonalise_current
ending orthogonalise_current
starting eigenvector norms
17
[Time: 30.06.23 08:11:42] [Level: info] transition: compute_local_conorm
[Time: 30.06.23 08:11:43] [Level: info] state: compute_local_conorm
[CTRL] GET /data
[CTRL] POST /data
[Time: 30.06.23 08:11:45] [Level: info] transition: compute_local_norm
[Time: 30.06.23 08:11:46] [Level: info] state: compute_local_norm
[CTRL] GET /data
[CTRL] POST /data
starting orthogonalise_current
ending orthogonalise_current
starting eigenvector norms
17
[Time: 30.06.23 08:11:48] [Level: info] transition: compute_local_conorm
[Time: 30.06.23 08:11:49] [Level: info] state: compute_local_conorm
[CTRL] GET /data
[CTRL] POST /data
[Time: 30.06.23 08:11:51] [Level: info] transition: compute_local_norm
[Time: 30.06.23 08:11:52] [Level: info] state: compute_local_norm
[CTRL] GET /data
[CTRL] POST /data
starting orthogonalise_current
ending orthogonalise_current
starting eigenvector norms
17
[Time: 30.06.23 08:11:54] [Level: info] transition: compute_local_conorm
[Time: 30.06.23 08:11:55] [Level: info] state: compute_local_conorm
[CTRL] GET /data
[CTRL] POST /data
[Time: 30.06.23 08:11:57] [Level: info] transition: compute_local_norm
[Time: 30.06.23 08:11:58] [Level: info] state: compute_local_norm
[CTRL] GET /data
[CTRL] POST /data
starting orthogonalise_current
ending orthogonalise_current
starting eigenvector norms
17
[Time: 30.06.23 08:12:00] [Level: info] transition: compute_local_conorm
[Time: 30.06.23 08:12:01] [Level: info] state: compute_local_conorm
[CTRL] GET /data
[CTRL] POST /data
[Time: 30.06.23 08:12:03] [Level: info] transition: compute_local_norm
[Time: 30.06.23 08:12:04] [Level: info] state: compute_local_norm
[CTRL] GET /data
[CTRL] POST /data
starting orthogonalise_current
ending orthogonalise_current
starting eigenvector norms
17
[Time: 30.06.23 08:12:06] [Level: info] transition: compute_local_conorm
[Time: 30.06.23 08:12:07] [Level: info] state: compute_local_conorm
[CTRL] GET /data
[CTRL] POST /data
[Time: 30.06.23 08:12:09] [Level: info] transition: compute_local_norm
[Time: 30.06.23 08:12:10] [Level: info] state: compute_local_norm
[CTRL] GET /data
[CTRL] POST /data
starting orthogonalise_current
ending orthogonalise_current
starting eigenvector norms
17
[Time: 30.06.23 08:12:12] [Level: info] transition: normalize_g
[Time: 30.06.23 08:12:13] [Level: info] state: normalize_g
[CTRL] GET /data
[CTRL] POST /data
Normalising
(26, 17)
17
End normalising
(26, 17)
(17, 17)
(17,)
(26, 17)
[Time: 30.06.23 08:12:15] [Level: info] transition: seperate_pca
[Time: 30.06.23 08:12:16] [Level: info] state: seperate_pca
EIGEN_VALUES [array([ 1.92005854, -0.77963627,  0.1227057 , -0.72232057,  1.10793069,
       -2.2441658 , -0.15125584,  0.20285368, -2.4216012 ,  1.12141028,
       -0.17188592,  1.4060871 , -0.91135368,  0.27577207,  1.54239162,
       -1.49792236,  1.33273105,  0.37791025,  0.5230205 ,  0.57608739,
       -0.62401764,  0.51888785, -0.0552699 ,  0.49090578, -1.65678455,
       -0.1593644 ])]
DATA:  None
[Time: 30.06.23 08:12:16] [Level: info] transition: init_pca
[Time: 30.06.23 08:12:17] [Level: info] state: init_pca
[STARTUP] Copy configuration and create dir
/mnt/input/hospital_data_bredel_1.csv
TEST: ['/mnt/input/hospital_data_bredel_1 - Copy.csv', '/mnt/input/hospital_data_bredel_1.csv']
RUNNING ON:  /mnt/input/hospital_data_bredel_1.csv
number of omics:  2
[STARTUP] Configuration copied
Log Transform performed
/app/apps/svd/FC_Federated_PCA.py:97: RuntimeWarning: invalid value encountered in log2
  self.tabdata.scaled = np.log2(self.tabdata.scaled+1)
[Time: 30.06.23 08:12:17] [Level: info] transition: wait_for_params
[CTRL] GET /data
[Time: 30.06.23 08:12:18] [Level: info] state: wait_for_params
[CTRL] POST /data
setting parameters
[API] Setting parameters
['YWHAH', 'MGC42367', 'CLSTN3', 'CD58', 'MAPKBP1', 'HPRT1', 'AA281932', 'ZNF419B', 'DDIT4', 'SLC35A2', 'SERPINI1', 'IL21R', 'ZFHX1B', 'CKMT1A', 'NCF2', 'MOAP1', 'GADD45B', 'URP2', 'WDR7', 'AA975768', 'LOC613212', 'H41096', 'RAB20', 'MGC26694', 'SPAG6', 'SLC15A2', 'S100A10', 'AKR1C2', 'NLK', 'MSN', 'TCTEX1D1', 'KNS2', 'CBX6', 'TCF7L1', 'CBLN2', 'SUV39H1', 'PRKCZ', 'FBXO32', 'AI822135', 'VEGF', 'VAMP2', 'FLJ38984', 'WWTR1', 'BGN', 'NCF1', 'MYCBP2', 'PRG1', 'AA489629', 'NR4A1', 'D21S2089E', 'ABCC3', 'DSCR1L1', 'MSTP9', 'ZNF217', 'FBL', 'LOC283070', 'RALY', 'PCP4', 'C6orf12', 'DYNLT1', 'CYR61', 'HLA.A', 'DDEF1', 'NSF', 'NEFH', 'STEAP3', 'UBE4B', 'COL9A2', 'CACNB2', 'DES', 'POSTN', 'AA598631', 'ADCY1', 'COL4A2', 'CAMK2A', 'CD53', 'FREQ', 'CA12', 'NDUFB11', 'TBC1D7', 'STMN1', 'SAA2', 'KIAA1543', 'HBXIP', 'SP100', 'LTF', 'T97457', 'STXBP1', 'OSR1', 'TMEM49', 'DKFZp313A2432', 'FAM46A', 'USP6NL', 'AI262682', 'BCL2A1', 'C1orf187', 'TXNDC', 'CD47', 'NPL', 'CSPG2', 'NOTCH1', 'FCGR2B', 'UGCG', 'HLA.G', 'RND3', 'INPP5F', 'AA669383', 'RBP4', 'USP3', 'PRSS3', 'ZNF549', 'CAP2', 'HLA.DRB1', 'NNMT', 'T62491', 'SERPING1', 'PPP3CB', 'MYBPC2', 'KCNMA1', 'ADARB2', 'FAM84B', 'ID4', 'MYC', 'ASPA', 'FLJ35740', 'LMO7', 'RUNX1', 'GPSM2', 'SOCS3', 'IMAGE.33267', 'VSNL1', 'HBA1', 'TSPAN6', 'EXT1', 'CYBA', 'LHFPL2', 'PDXP', 'NLGN1', 'H78560', 'MMP2', 'AEBP1', 'HLA.F', 'CLTB', 'CAPG', 'KCNK6', 'LOC389831', 'GAS1', 'NY.SAR.48', 'AI357047', 'H86813', 'FAS', 'MGC39606', 'EMP3', 'LAMB1', 'FCGRT', 'SOX4', 'AA479357', 'SCN2B', 'BNIP2', 'A2BP1', 'RGS16', 'TIMP3', 'R52960', 'TncRNA', 'SVIL', 'SETD5', 'H20822', 'PPP1R14A', 'TNFRSF12A', 'SNCG', 'GPNMB', 'TFDP2', 'C9orf48', 'TNFAIP3', 'KCNQ2', 'PLAU', 'CDC20B', 'APCS', 'C8orf4', 'PSD3', 'MST1', 'EGLN2', 'ADFP', 'IL32', 'MGP', 'AIF1', 'AA398420', 'STK17A', 'IGHG1', 'RAB30', 'H10054', 'EPB49', 'FBXW7', 'SYT7', 'IGFBP5', 'PYHIN1', 'SYNGR3', 'DIP2C', 'AA424849', 'CAMKK2', 'KCNJ1', 'COX6A2', 'MED11', 'ITPKA', 'COL1A1', 'BLVRB', 'ESM1', 'KLRC3', 'SORT1', 'DMN', 'EPHB1', 'TSPAN4', 'ATP6V1C1', 'NUAK1', 'AA598555', 'PPP3CA', 'LOC388610', 'ANXA1', 'LOC57228', 'CDKN1A', 'AA906888', 'GYPC', 'KLRC1', 'CDKN2D', 'MVP', 'C16orf5', 'H91845', 'AI002301', 'PSG1', 'RPS19BP1', 'AI871056', 'PLTP', 'PDE2A', 'HSPG2', 'IGFBP3', 'S100A1', 'R70506', 'HAMP', 'C4A', 'SERPINA3', 'AI005038', 'AKR1C1', 'PLP2', 'ID3', 'ZNF329', 'PRRX1', 'PARP14', 'FBXO2', 'LGALS3', 'SPINT2', 'VASP', 'ITGA9', 'PEG3', 'HEY1', 'KIAA1644', 'EDG3', 'HK2', 'CAV1', 'L1CAM', 'PARD3', 'HPCA', 'H08563', 'LY96', 'TMEM146', 'F13A1', 'LRBA', 'TNC', 'EFHB', 'PDE4DIP', 'CCR1', 'MRC2', 'FAM84A', 'ANXA5', 'ARPP.19', 'FGF13', 'PNCK', 'COL6A2', 'ITGA3', 'EID.3', 'KIAA0963', 'LAMA4', 'PLA2G2A', 'CEAL1', 'TGFBI', 'NPC2', 'PLOD2', 'CALM1', 'GBP1', 'SCAMP5', 'HCLS1', 'AA029415', 'LOC400451', 'EDG1', 'CD44', 'WASF1', 'ZNF226', 'PSG5', 'FZD7', 'S100A11', 'DEF6', 'RBP7', 'AP4B1', 'GBP2', 'OSBPL1A', 'GABBR1', 'ACAD8', 'MASP1', 'PRKAR1B', 'PCDHGC3', 'CASP1', 'AA131320', 'X37864', 'IFI30', 'RAB11FIP4', 'PYCR1', 'LYN', 'TTC23', 'SERPINH1', 'GOT1', 'BCAM', 'N98591', 'SLC16A3', 'L3MBTL4', 'CHN1', 'PHLDA1', 'KLRC2', 'TIMP1', 'CCDC3', 'AA490257', 'IGSF3', 'RTN3', 'HNRNPG.T', 'ADAM19', 'MDFI', 'R61377', 'DCLRE1B', 'T51726', 'DPYD', 'LOC283130', 'NDST1', 'AI263051', 'MB', 'LSP1', 'PDLIM7', 'X38595', 'PALLD', 'AA401952', 'SPARC', 'ZNF233', 'RPS3A', 'LAPTM5', 'RFXAP', 'ZNF160', 'CHI3L2', 'DLL3', 'PTPRZ1', 'PRKCG', 'FBXL16', 'GYPA', 'IGF1R', 'CACNB3', 'IGF2BP3', 'AI335002', 'COL3A1', 'LOC146795', 'CCL2', 'R70684', 'NMNAT2', 'TAP1', 'CLIC1', 'PRSS1', 'CA11', 'IQSEC1', 'LOC541471', 'FN1', 'LUM', 'MGC18216', 'C1R', 'AI350724', 'H24428', 'PYGL', 'MICAL2', 'APOC2', 'FABP3', 'RAB27B', 'IL1RAP', 'SNRPN', 'EDNRB', 'CLCA3', 'DECR2', 'MAL2', 'ADM', 'APOC1', 'TSPYL1', 'ANK3', 'DNASE1L1', 'HMOX1', 'MST150', 'PDPN', 'CTHRC1', 'TLL2', 'COX7A1', 'ABCA5', 'DUS3L', 'SRPX', 'C1orf63', 'NPTX1', 'MTHFD2', 'SBP1', 'TOMM40', 'YWHAG', 'COL1A2', 'STC1', 'W93688', 'PRKCB1', 'MDK', 'ITGA5', 'AA181288', 'UBA52', 'LILRA1', 'PLAUR', 'DDN']
INDEX
[344, 40, 271, 133, 170, 288, 101, 31, 293, 299, 347, 284, 400, 278, 316, 169, 412, 285, 126, 236, 98, 383, 389, 210, 6, 421, 325, 9, 348, 68, 10, 245, 150, 132, 337, 163, 200, 37, 225, 100, 147, 242, 190, 70, 351, 73, 418, 180, 392, 42, 221, 334, 230, 233, 413, 27, 97, 379, 335, 387, 370, 217, 32, 281, 186, 114, 60, 197, 16, 363, 267, 377, 303, 122, 286, 283, 345, 110, 61, 129, 187, 369, 22, 23, 208, 232, 92, 206, 41, 140, 166, 275, 15, 194, 343, 361, 396, 103, 119, 148, 237, 240, 346, 329, 174, 322, 270, 292, 256, 317, 29, 319, 417, 128, 311, 173, 78, 67, 228, 4, 96, 171, 264, 81, 201, 226, 107, 50, 85, 84, 313, 310, 258, 0, 355, 108, 168, 154, 80, 324, 157, 366, 214, 72, 56, 235, 388, 353, 207, 181, 306, 3, 74, 320, 300, 196, 231, 404, 410, 216, 76, 123, 342, 409, 2, 91, 224, 420, 71, 218, 309, 57, 109, 266, 277, 184, 265, 287, 315, 106, 134, 48, 227, 247, 423, 365, 83, 415, 381, 239, 401, 393, 376, 405, 219, 297, 372, 1, 391, 295, 34, 59, 406, 290, 102, 65, 390, 116, 26, 33, 191, 330, 105, 307, 354, 112, 203, 179, 137, 259, 193, 263, 118, 269, 273, 155, 298, 350, 66, 162, 204, 318, 121, 161, 115, 341, 177, 304, 241, 198, 301, 7, 89, 356, 38, 327, 407, 312, 113, 314, 12, 331, 139, 160, 153, 321, 291, 399, 296, 5, 384, 69, 248, 55, 340, 46, 165, 262, 323, 332, 130, 382, 192, 120, 205, 125, 159, 373, 20, 280, 289, 276, 19, 358, 364, 268, 251, 246, 182, 209, 199, 156, 25, 305, 149, 24, 36, 411, 90, 254, 63, 44, 338, 294, 146, 13, 88, 212, 229, 252, 136, 127, 104, 282, 220, 395, 62, 143, 261, 49, 419, 142, 222, 374, 260, 117, 82, 8, 234, 64, 75, 43, 375, 394, 185, 28, 371, 223, 414, 402, 359, 238, 211, 253, 257, 397, 386, 403, 58, 183, 326, 164, 45, 87, 94, 302, 416, 188, 11, 52, 172, 250, 215, 152, 195, 274, 398, 145, 357, 99, 368, 352, 362, 79, 202, 378, 35, 189, 367, 279, 243, 408, 178, 141, 151, 328, 244, 111, 17, 135, 333, 144, 51, 95, 349, 308, 175, 138, 86, 385, 53, 18, 131, 21, 380, 14, 422, 176, 39, 360, 213, 158, 167, 255, 339, 272, 77, 249, 93, 47, 124, 336]
[Time: 30.06.23 08:12:21] [Level: info] transition: compute_std
[Time: 30.06.23 08:12:22] [Level: info] state: compute_std
[CTRL] GET /data
[CTRL] POST /data
(422, 1)
[Time: 30.06.23 08:12:24] [Level: info] transition: apply_scaling
[Time: 30.06.23 08:12:25] [Level: info] state: apply_scaling
[CTRL] GET /data
[CTRL] POST /data
[109 370 375 388 112 352 127 154 231 346 202 345 228 282 348  30 151 208
 133 408 329 245 358 121 278 310  14 181 409 101 335  46 359  71 124 331
 286 185 246 171  40 263 323 295  98  28 201 197 292 395 115 368 320  37
  18 347  67  62 341 350 288  88  53 259  99  78  25  52  82 103 296 319
 264 271 144 212  79 241   0 135 327  17 303 209  42 332 287 159 275 289
 372 123 238 305 213 188 304 166 268 164 177  58 134 383 284 160  68 308
 351 371  81 384  49  76 349 277 131  75 339 410  16  56 361 255 227  31
 100 273 379 223 419 224  47  36   7 110 274 315  32  59 136 311   4 158
 290 250 236 302  22  29 167 355  15   1 205 111 150 116 270 182 186 396
   9 261  85 199 307 366  34 156  87 421 316  24 217 298 195 301 191 413
 382 412 364 330 152  21 137 113 328 392 253  63  61 143 194 377 280 367
 117 334 385 365 239 387 297 353 417 403 210 218 235 312  10 178 418 225
 119 326 114 322 369  83 174 198 405 337 309  74 318  27  26  72   2 391
 338 129  23  91 206  35 168 265 313 363  96 128 187  92  13 276 399 211
  57  95 299 140 161 200 356 251 237 126 221 176 402  73  51 306  41 105
 254 386 378 360 106 374 321 404  84 398 214  19 162 192 203  44 104 294
 193 414  89  97 357  69 314 219 376 397 189 420 233 401 247  39 340  45
 229 281 170   5  90 172  43 336 285   8  50  66   6 184 381 130 243 380
 248  65 258 147 196 138 125 157  80  48  94 190 165 317  55 132 407 291
 325 215 272  86 207 344 300 362 411 183 149 267 249  77 146 262 216 389
 373 257 406 163 204 269 141 266 169 139 118 173 175 240 256 179 400 102
 394]
(array([109, 370]),)
[Time: 30.06.23 08:12:27] [Level: info] transition: mfa_prerequisites
[Time: 30.06.23 08:12:28] [Level: info] state: mfa_prerequisites
Calling start_power_iteration
[Time: 30.06.23 08:12:28] [Level: info] transition: start_power_iteration
[Time: 30.06.23 08:12:29] [Level: info] state: start_power_iteration
[STARTUP] Computing covariance matrix
[STARTUP] Random initialisation
TABDATA SCALED
[[-0.34563441  0.8980298   1.30489791 ...  1.25168178 -0.0871024
  -0.1062404 ]
 [-0.16397472  0.00735053  0.12486255 ... -0.16033963  0.04145066
  -0.38352844]
 [ 0.08880026  0.43256585  0.93451951 ...  0.8073514   0.53024717
   0.40568327]
 ...
 [ 0.41840897 -1.84187677  0.71922798 ... -0.21115578  0.69987307
  -1.97791831]
 [ 0.          0.          0.         ... -0.63085695 -0.08679229
  -0.51933253]
 [ 0.21700046  0.38750499  1.30751748 ...  1.10632279 -1.64741495
   0.32790579]]
[Time: 30.06.23 08:12:29] [Level: info] transition: compute_final_h_cov
[CTRL] GET /data
[Time: 30.06.23 08:12:30] [Level: info] state: compute_final_h_cov
[CTRL] POST /data
Setting k
starting eigenvector norms
17
[Time: 30.06.23 08:12:33] [Level: info] transition: compute_local_conorm
[Time: 30.06.23 08:12:34] [Level: info] state: compute_local_conorm
[CTRL] GET /data
[CTRL] POST /data
[Time: 30.06.23 08:12:36] [Level: info] transition: compute_local_norm
[Time: 30.06.23 08:12:37] [Level: info] state: compute_local_norm
[CTRL] GET /data
[CTRL] POST /data
starting orthogonalise_current
ending orthogonalise_current
starting eigenvector norms
17
[Time: 30.06.23 08:12:39] [Level: info] transition: compute_local_conorm
[Time: 30.06.23 08:12:40] [Level: info] state: compute_local_conorm
[CTRL] GET /data
[CTRL] POST /data
[Time: 30.06.23 08:12:42] [Level: info] transition: compute_local_norm
[Time: 30.06.23 08:12:43] [Level: info] state: compute_local_norm
[CTRL] GET /data
[CTRL] POST /data
starting orthogonalise_current
ending orthogonalise_current
starting eigenvector norms
17
[Time: 30.06.23 08:12:45] [Level: info] transition: compute_local_conorm
[Time: 30.06.23 08:12:46] [Level: info] state: compute_local_conorm
[CTRL] GET /data
[CTRL] POST /data
[Time: 30.06.23 08:12:48] [Level: info] transition: compute_local_norm
[Time: 30.06.23 08:12:49] [Level: info] state: compute_local_norm
[CTRL] GET /data
[CTRL] POST /data
starting orthogonalise_current
ending orthogonalise_current
starting eigenvector norms
17
[Time: 30.06.23 08:12:51] [Level: info] transition: compute_local_conorm
[Time: 30.06.23 08:12:52] [Level: info] state: compute_local_conorm
[CTRL] GET /data
[CTRL] POST /data
[Time: 30.06.23 08:12:54] [Level: info] transition: compute_local_norm
[Time: 30.06.23 08:12:55] [Level: info] state: compute_local_norm
[CTRL] GET /data
[CTRL] POST /data
starting orthogonalise_current
ending orthogonalise_current
starting eigenvector norms
17
[Time: 30.06.23 08:12:57] [Level: info] transition: compute_local_conorm
[Time: 30.06.23 08:12:58] [Level: info] state: compute_local_conorm
[CTRL] GET /data
[CTRL] POST /data
[Time: 30.06.23 08:13:00] [Level: info] transition: compute_local_norm
[Time: 30.06.23 08:13:01] [Level: info] state: compute_local_norm
[CTRL] GET /data
[CTRL] POST /data
starting orthogonalise_current
ending orthogonalise_current
starting eigenvector norms
17
[Time: 30.06.23 08:13:03] [Level: info] transition: compute_local_conorm
[Time: 30.06.23 08:13:04] [Level: info] state: compute_local_conorm
[CTRL] GET /data
[CTRL] POST /data
[Time: 30.06.23 08:13:06] [Level: info] transition: compute_local_norm
[Time: 30.06.23 08:13:07] [Level: info] state: compute_local_norm
[CTRL] GET /data
[CTRL] POST /data
starting orthogonalise_current
ending orthogonalise_current
starting eigenvector norms
17
[Time: 30.06.23 08:13:09] [Level: info] transition: compute_local_conorm
[Time: 30.06.23 08:13:10] [Level: info] state: compute_local_conorm
[CTRL] GET /data
[CTRL] POST /data
[Time: 30.06.23 08:13:12] [Level: info] transition: compute_local_norm
[Time: 30.06.23 08:13:13] [Level: info] state: compute_local_norm
[CTRL] GET /data
[CTRL] POST /data
starting orthogonalise_current
ending orthogonalise_current
starting eigenvector norms
17
[Time: 30.06.23 08:13:15] [Level: info] transition: compute_local_conorm
[Time: 30.06.23 08:13:16] [Level: info] state: compute_local_conorm
[CTRL] GET /data
[CTRL] POST /data
[Time: 30.06.23 08:13:19] [Level: info] transition: compute_local_norm
[Time: 30.06.23 08:13:20] [Level: info] state: compute_local_norm
[CTRL] GET /data
[CTRL] POST /data
starting orthogonalise_current
ending orthogonalise_current
starting eigenvector norms
17
[Time: 30.06.23 08:13:22] [Level: info] transition: compute_local_conorm
[Time: 30.06.23 08:13:23] [Level: info] state: compute_local_conorm
[CTRL] GET /data
[CTRL] POST /data
[Time: 30.06.23 08:13:25] [Level: info] transition: compute_local_norm
[Time: 30.06.23 08:13:26] [Level: info] state: compute_local_norm
[CTRL] GET /data
[CTRL] POST /data
starting orthogonalise_current
ending orthogonalise_current
starting eigenvector norms
17
[Time: 30.06.23 08:13:28] [Level: info] transition: compute_local_conorm
[Time: 30.06.23 08:13:29] [Level: info] state: compute_local_conorm
[CTRL] GET /data
[CTRL] POST /data
[Time: 30.06.23 08:13:31] [Level: info] transition: compute_local_norm
[Time: 30.06.23 08:13:32] [Level: info] state: compute_local_norm
[CTRL] GET /data
[CTRL] POST /data
starting orthogonalise_current
ending orthogonalise_current
starting eigenvector norms
17
[Time: 30.06.23 08:13:34] [Level: info] transition: compute_local_conorm
[Time: 30.06.23 08:13:35] [Level: info] state: compute_local_conorm
[CTRL] GET /data
[CTRL] POST /data
[Time: 30.06.23 08:13:37] [Level: info] transition: compute_local_norm
[Time: 30.06.23 08:13:38] [Level: info] state: compute_local_norm
[CTRL] GET /data
[CTRL] POST /data
starting orthogonalise_current
ending orthogonalise_current
starting eigenvector norms
17
[Time: 30.06.23 08:13:40] [Level: info] transition: compute_local_conorm
[Time: 30.06.23 08:13:41] [Level: info] state: compute_local_conorm
[CTRL] GET /data
[CTRL] POST /data
[Time: 30.06.23 08:13:43] [Level: info] transition: compute_local_norm
[Time: 30.06.23 08:13:44] [Level: info] state: compute_local_norm
[CTRL] GET /data
[CTRL] POST /data
starting orthogonalise_current
ending orthogonalise_current
starting eigenvector norms
17
[Time: 30.06.23 08:13:46] [Level: info] transition: compute_local_conorm
[Time: 30.06.23 08:13:47] [Level: info] state: compute_local_conorm
[CTRL] GET /data
[CTRL] POST /data
[Time: 30.06.23 08:13:49] [Level: info] transition: compute_local_norm
[Time: 30.06.23 08:13:50] [Level: info] state: compute_local_norm
[CTRL] GET /data
[CTRL] POST /data
starting orthogonalise_current
ending orthogonalise_current
starting eigenvector norms
17
[Time: 30.06.23 08:13:52] [Level: info] transition: compute_local_conorm
[Time: 30.06.23 08:13:53] [Level: info] state: compute_local_conorm
[CTRL] GET /data
[CTRL] POST /data
[Time: 30.06.23 08:13:55] [Level: info] transition: compute_local_norm
[Time: 30.06.23 08:13:56] [Level: info] state: compute_local_norm
[CTRL] GET /data
[CTRL] POST /data
starting orthogonalise_current
ending orthogonalise_current
starting eigenvector norms
17
[Time: 30.06.23 08:13:58] [Level: info] transition: compute_local_conorm
[Time: 30.06.23 08:13:59] [Level: info] state: compute_local_conorm
[CTRL] GET /data
[CTRL] POST /data
[Time: 30.06.23 08:14:01] [Level: info] transition: compute_local_norm
[Time: 30.06.23 08:14:02] [Level: info] state: compute_local_norm
[CTRL] GET /data
[CTRL] POST /data
starting orthogonalise_current
ending orthogonalise_current
starting eigenvector norms
17
[Time: 30.06.23 08:14:04] [Level: info] transition: compute_local_conorm
[Time: 30.06.23 08:14:05] [Level: info] state: compute_local_conorm
[CTRL] GET /data
[CTRL] POST /data
[Time: 30.06.23 08:14:07] [Level: info] transition: compute_local_norm
[Time: 30.06.23 08:14:08] [Level: info] state: compute_local_norm
[CTRL] GET /data
[CTRL] POST /data
starting orthogonalise_current
ending orthogonalise_current
starting eigenvector norms
17
[Time: 30.06.23 08:14:10] [Level: info] transition: normalize_g
[Time: 30.06.23 08:14:11] [Level: info] state: normalize_g
[CTRL] GET /data
[CTRL] POST /data
Normalising
(26, 17)
17
End normalising
(26, 17)
(17, 17)
(17,)
(26, 17)
[Time: 30.06.23 08:14:13] [Level: info] transition: seperate_pca
[Time: 30.06.23 08:14:14] [Level: info] state: seperate_pca
EIGEN_VALUES [array([ 1.92005854, -0.77963627,  0.1227057 , -0.72232057,  1.10793069,
       -2.2441658 , -0.15125584,  0.20285368, -2.4216012 ,  1.12141028,
       -0.17188592,  1.4060871 , -0.91135368,  0.27577207,  1.54239162,
       -1.49792236,  1.33273105,  0.37791025,  0.5230205 ,  0.57608739,
       -0.62401764,  0.51888785, -0.0552699 ,  0.49090578, -1.65678455,
       -0.1593644 ]), array([-0.13666101,  0.58863963, -0.71825908,  0.01580718,  1.27413291,
        0.29184693,  1.40472765, -0.18129306,  0.5002042 ,  0.6412911 ,
       -0.0523995 , -0.10999955, -0.46388015, -0.0539741 ,  0.81513134,
       -1.92905809,  0.39415269, -0.17240318, -0.43131151,  1.39048716,
       -0.74418866,  0.74789743,  0.85145106, -1.22422205,  0.42412693,
       -0.45848254])]
DATA:  None
Starting factor analysis
[Time: 30.06.23 08:14:14] [Level: info] transition: factor_analysis
[Time: 30.06.23 08:14:15] [Level: info] state: factor_analysis
Starting MFA final
[Time: 30.06.23 08:14:15] [Level: info] transition: mfa_final
[Time: 30.06.23 08:14:16] [Level: info] state: mfa_final
Starting save results
[Time: 30.06.23 08:14:16] [Level: info] transition: save_results
[Time: 30.06.23 08:14:17] [Level: info] state: save_results
SAVING RESULTS
saving pca/mnt/output/pca/left_eigenvectors.tsv
	
MOVE INPUT TO OUTPUT
[Time: 30.06.23 08:14:17] [Level: info] transition: finalize
[Time: 30.06.23 08:14:18] [Level: info] state: finalize
[Time: 30.06.23 08:14:18] [Level: info] transition: terminal
[Time: 30.06.23 08:14:18] [Level: info] done
[CTRL] GET /data
