2023-07-01 13:00:31,841 CRIT Supervisor is running as root.  Privileges were not dropped because no user is specified in the config file.  If you intend to run as root, you can set user=root in the config file to avoid this message.
2023-07-01 13:00:31,844 INFO supervisord started with pid 7
2023-07-01 13:00:32,847 INFO spawned: 'nginx' with pid 10
2023-07-01 13:00:32,850 INFO spawned: 'app' with pid 11
2023-07-01 13:00:33,891 INFO success: nginx entered RUNNING state, process has stayed up for > than 1 seconds (startsecs)
2023-07-01 13:00:33,891 INFO success: app entered RUNNING state, process has stayed up for > than 1 seconds (startsecs)
[CTRL] POST /setup
[Time: 01.07.23 13:00:35] [Level: info] id: b58c0df8ceb4689c
[Time: 01.07.23 13:00:35] [Level: info] coordinator: False
[Time: 01.07.23 13:00:35] [Level: info] clients: ['b58c0df8ceb4689c', 'bed6f044fae7c303']
[Time: 01.07.23 13:00:35] [Level: info] state: initial
[CLIENT] Parsing parameter file...
[API] /setup parsing parameter file 
[API] /setup config file found ... parsing file: /mnt/input/config.yaml
YAML file does not follow specification: missing key: eigenvalues
Setting default: eigenvalues.tsv
YAML file does not follow specification: missing key: explained_variance
Setting default: eigenvalues.tsv
YAML file does not follow specification: missing key: output delimiter
Setting default: tab
[API] /setup config file found ... parsing done
[CLIENT] finished parsing parameter file.
[STARTUP] Instantiate SVD
[Time: 01.07.23 13:00:35] [Level: info] transition: init_pca
[Time: 01.07.23 13:00:36] [Level: info] state: init_pca
[STARTUP] Copy configuration and create dir
/mnt/input/hospital_data_bredel_1.csv
TEST: ['/mnt/input/data_wine_1.csv', '/mnt/input/data_wine_2.csv', '/mnt/input/data_wine_3.csv']
[STARTUP] Configuration copied
Log Transform performed
out {'Row names': array(['fruity', 'woody', 'coffee'], dtype=object), 'Sample count': 3, 'Nans': array([0, 0, 0])}
[Time: 01.07.23 13:00:36] [Level: info] transition: wait_for_params
[Time: 01.07.23 13:00:37] [Level: info] state: wait_for_params
[CTRL] GET /data
[CTRL] POST /data
setting parameters
[API] Setting parameters
['fruity', 'coffee', 'woody']
INDEX
[0, 2, 1]
[Time: 01.07.23 13:00:39] [Level: info] transition: compute_std
[Time: 01.07.23 13:00:40] [Level: info] state: compute_std
[CTRL] GET /data
[CTRL] POST /data
(3, 1)
[Time: 01.07.23 13:00:42] [Level: info] transition: apply_scaling
[Time: 01.07.23 13:00:43] [Level: info] state: apply_scaling
[CTRL] GET /data
[CTRL] POST /data
[1 0]
(array([], dtype=int64),)
CURRENT DATA:  <apps.svd.TabData.TabData object at 0x7ff9d82702e0>
[Time: 01.07.23 13:00:45] [Level: info] transition: mfa_prerequisites
[Time: 01.07.23 13:00:46] [Level: info] state: mfa_prerequisites
Calling start_power_iteration
[Time: 01.07.23 13:00:46] [Level: info] transition: start_power_iteration
[Time: 01.07.23 13:00:47] [Level: info] state: start_power_iteration
[STARTUP] Computing covariance matrix
[STARTUP] Random initialisation
TABDATA SCALED
[[ 1.07944432 -0.74520945 -0.21002947]
 [-0.53813037  0.49463657  0.49463657]
 [-1.21264378  0.80546508  0.47054734]]
[Time: 01.07.23 13:00:47] [Level: info] transition: compute_final_h_cov
[Time: 01.07.23 13:00:48] [Level: info] state: compute_final_h_cov
[CTRL] GET /data
[CTRL] POST /data
Setting k
starting eigenvector norms
2
[Time: 01.07.23 13:00:51] [Level: info] transition: compute_local_conorm
[Time: 01.07.23 13:00:52] [Level: info] state: compute_local_conorm
[CTRL] GET /data
[CTRL] POST /data
[Time: 01.07.23 13:00:54] [Level: info] transition: compute_local_norm
[Time: 01.07.23 13:00:55] [Level: info] state: compute_local_norm
[CTRL] GET /data
[CTRL] POST /data
starting orthogonalise_current
ending orthogonalise_current
starting eigenvector norms
2
[Time: 01.07.23 13:00:57] [Level: info] transition: normalize_g
[Time: 01.07.23 13:00:58] [Level: info] state: normalize_g
[CTRL] GET /data
[CTRL] POST /data
Normalising
(3, 2)
2
End normalising
(3, 2)
(2, 2)
(2,)
(3, 2)
[Time: 01.07.23 13:01:00] [Level: info] transition: separate_pca
[Time: 01.07.23 13:01:01] [Level: info] state: separate_pca
[Time: 01.07.23 13:01:01] [Level: info] transition: init_pca
[Time: 01.07.23 13:01:02] [Level: info] state: init_pca
[STARTUP] Copy configuration and create dir
/mnt/input/hospital_data_bredel_1.csv
TEST: ['/mnt/input/data_wine_1.csv', '/mnt/input/data_wine_2.csv', '/mnt/input/data_wine_3.csv']
[STARTUP] Configuration copied
Log Transform performed
out {'Row names': array(['red_fruit', 'roasted', 'vanillin', 'woody_2'], dtype=object), 'Sample count': 3, 'Nans': array([0, 0, 0, 0])}
[Time: 01.07.23 13:01:02] [Level: info] transition: wait_for_params
[Time: 01.07.23 13:01:03] [Level: info] state: wait_for_params
[CTRL] GET /data
[CTRL] POST /data
setting parameters
[API] Setting parameters
['roasted', 'red_fruit', 'vanillin', 'woody_2']
INDEX
[1, 0, 2, 3]
[Time: 01.07.23 13:01:06] [Level: info] transition: compute_std
[Time: 01.07.23 13:01:07] [Level: info] state: compute_std
[CTRL] GET /data
[CTRL] POST /data
(4, 1)
[Time: 01.07.23 13:01:09] [Level: info] transition: apply_scaling
[Time: 01.07.23 13:01:10] [Level: info] state: apply_scaling
[CTRL] GET /data
[CTRL] POST /data
[0 1 3]
(array([], dtype=int64),)
CURRENT DATA:  <apps.svd.TabData.TabData object at 0x7ff9d8270220>
[Time: 01.07.23 13:01:12] [Level: info] transition: mfa_prerequisites
[Time: 01.07.23 13:01:13] [Level: info] state: mfa_prerequisites
Calling start_power_iteration
[Time: 01.07.23 13:01:13] [Level: info] transition: start_power_iteration
[Time: 01.07.23 13:01:14] [Level: info] state: start_power_iteration
[STARTUP] Computing covariance matrix
[STARTUP] Random initialisation
TABDATA SCALED
[[-1.26314037  0.76493348  0.76493348]
 [ 1.5044393  -0.49785477 -0.49785477]
 [-1.22927739  0.83707     0.28208191]
 [-0.60073593  0.76590344  0.76590344]]
[Time: 01.07.23 13:01:14] [Level: info] transition: compute_final_h_cov
[Time: 01.07.23 13:01:15] [Level: info] state: compute_final_h_cov
[CTRL] GET /data
[CTRL] POST /data
Setting k
starting eigenvector norms
3
[Time: 01.07.23 13:01:18] [Level: info] transition: compute_local_conorm
[Time: 01.07.23 13:01:19] [Level: info] state: compute_local_conorm
[CTRL] GET /data
[CTRL] POST /data
[Time: 01.07.23 13:01:21] [Level: info] transition: compute_local_norm
[Time: 01.07.23 13:01:22] [Level: info] state: compute_local_norm
[CTRL] GET /data
[CTRL] POST /data
starting orthogonalise_current
ending orthogonalise_current
starting eigenvector norms
3
[Time: 01.07.23 13:01:24] [Level: info] transition: compute_local_conorm
[Time: 01.07.23 13:01:25] [Level: info] state: compute_local_conorm
[CTRL] GET /data
[CTRL] POST /data
[Time: 01.07.23 13:01:27] [Level: info] transition: compute_local_norm
[Time: 01.07.23 13:01:28] [Level: info] state: compute_local_norm
[CTRL] GET /data
[CTRL] POST /data
starting orthogonalise_current
ending orthogonalise_current
starting eigenvector norms
3
[Time: 01.07.23 13:01:30] [Level: info] transition: normalize_g
[Time: 01.07.23 13:01:31] [Level: info] state: normalize_g
[CTRL] GET /data
[CTRL] POST /data
Normalising
(3, 3)
3
End normalising
(3, 3)
(3, 3)
(3,)
(3, 3)
[Time: 01.07.23 13:01:33] [Level: info] transition: separate_pca
[Time: 01.07.23 13:01:34] [Level: info] state: separate_pca
[Time: 01.07.23 13:01:34] [Level: info] transition: init_pca
[Time: 01.07.23 13:01:35] [Level: info] state: init_pca
[STARTUP] Copy configuration and create dir
/mnt/input/hospital_data_bredel_1.csv
TEST: ['/mnt/input/data_wine_1.csv', '/mnt/input/data_wine_2.csv', '/mnt/input/data_wine_3.csv']
[STARTUP] Configuration copied
Log Transform performed
out {'Row names': array(['fruity_2', 'butter', 'woody_3'], dtype=object), 'Sample count': 3, 'Nans': array([0, 0, 0])}
[Time: 01.07.23 13:01:35] [Level: info] transition: wait_for_params
[Time: 01.07.23 13:01:36] [Level: info] state: wait_for_params
[CTRL] GET /data
[CTRL] POST /data
setting parameters
[API] Setting parameters
['fruity_2', 'woody_3', 'butter']
INDEX
[0, 2, 1]
[Time: 01.07.23 13:01:39] [Level: info] transition: compute_std
[Time: 01.07.23 13:01:40] [Level: info] state: compute_std
[CTRL] GET /data
[CTRL] POST /data
(3, 1)
[Time: 01.07.23 13:01:42] [Level: info] transition: apply_scaling
[Time: 01.07.23 13:01:43] [Level: info] state: apply_scaling
[CTRL] GET /data
[CTRL] POST /data
[0 1]
(array([], dtype=int64),)
CURRENT DATA:  <apps.svd.TabData.TabData object at 0x7ff9d8126250>
[Time: 01.07.23 13:01:45] [Level: info] transition: mfa_prerequisites
[Time: 01.07.23 13:01:46] [Level: info] state: mfa_prerequisites
Calling start_power_iteration
[Time: 01.07.23 13:01:46] [Level: info] transition: start_power_iteration
[Time: 01.07.23 13:01:47] [Level: info] state: start_power_iteration
[STARTUP] Computing covariance matrix
[STARTUP] Random initialisation
TABDATA SCALED
[[-0.47630665 -0.47630665 -1.3197291 ]
 [-0.74520945  0.83103354  0.54426434]
 [-0.83662619  0.69288031  0.93392557]]
[Time: 01.07.23 13:01:47] [Level: info] transition: compute_final_h_cov
[Time: 01.07.23 13:01:48] [Level: info] state: compute_final_h_cov
[CTRL] GET /data
[CTRL] POST /data
Setting k
starting eigenvector norms
2
[Time: 01.07.23 13:01:51] [Level: info] transition: compute_local_conorm
[Time: 01.07.23 13:01:52] [Level: info] state: compute_local_conorm
[CTRL] GET /data
[CTRL] POST /data
[Time: 01.07.23 13:01:54] [Level: info] transition: compute_local_norm
[Time: 01.07.23 13:01:55] [Level: info] state: compute_local_norm
[CTRL] GET /data
[CTRL] POST /data
starting orthogonalise_current
ending orthogonalise_current
starting eigenvector norms
2
[Time: 01.07.23 13:01:57] [Level: info] transition: normalize_g
[Time: 01.07.23 13:01:58] [Level: info] state: normalize_g
[CTRL] GET /data
[CTRL] POST /data
Normalising
(3, 2)
2
End normalising
(3, 2)
(2, 2)
(2,)
(3, 2)
[Time: 01.07.23 13:02:00] [Level: info] transition: separate_pca
[Time: 01.07.23 13:02:01] [Level: info] state: separate_pca
Starting scale tabdata
[Time: 01.07.23 13:02:01] [Level: info] transition: scale_tabdata
[Time: 01.07.23 13:02:02] [Level: info] state: scale_tabdata
Starting merge tabdata
[Time: 01.07.23 13:02:02] [Level: info] transition: merging_tabdata
[Time: 01.07.23 13:02:03] [Level: info] state: merging_tabdata
Starting global pca
[Time: 01.07.23 13:02:03] [Level: info] transition: init_pca
[Time: 01.07.23 13:02:04] [Level: info] state: init_pca
[STARTUP] Copy configuration and create dir
/mnt/input/hospital_data_bredel_1.csv
TEST: ['/mnt/input/data_wine_1.csv', '/mnt/input/data_wine_2.csv', '/mnt/input/data_wine_3.csv']
Log Transform performed
out {'Row names': array(['fruity', 'coffee', 'woody', 'roasted', 'red_fruit', 'vanillin',
       'woody_2', 'fruity_2', 'woody_3', 'butter'], dtype=object), 'Sample count': 3, 'Nans': array([0, 0, 0, 0, 0, 0, 0, 0, 0, 0])}
[Time: 01.07.23 13:02:04] [Level: info] transition: wait_for_params
[CTRL] GET /data
[Time: 01.07.23 13:02:05] [Level: info] state: wait_for_params
[CTRL] POST /data
setting parameters
[API] Setting parameters
['fruity_2', 'red_fruit', 'vanillin', 'coffee', 'woody_2', 'fruity', 'roasted', 'woody', 'woody_3', 'butter']
INDEX
[7, 4, 5, 1, 6, 0, 3, 2, 8, 9]
[Time: 01.07.23 13:02:06] [Level: info] transition: compute_std
[Time: 01.07.23 13:02:07] [Level: info] state: compute_std
[CTRL] GET /data
[CTRL] POST /data
(10, 1)
[Time: 01.07.23 13:02:09] [Level: info] transition: apply_scaling
[Time: 01.07.23 13:02:10] [Level: info] state: apply_scaling
[CTRL] GET /data
[CTRL] POST /data
[1 4 2 0 3 6 7 5 8]
(array([], dtype=int64),)
CURRENT DATA:  <apps.svd.TabData.TabData object at 0x7ff9d8270be0>
[Time: 01.07.23 13:02:12] [Level: info] transition: mfa_prerequisites
[Time: 01.07.23 13:02:13] [Level: info] state: mfa_prerequisites
Calling start_power_iteration
[Time: 01.07.23 13:02:13] [Level: info] transition: start_power_iteration
[Time: 01.07.23 13:02:14] [Level: info] state: start_power_iteration
[STARTUP] Computing covariance matrix
[STARTUP] Random initialisation
TABDATA SCALED
[[-0.2402658  -0.2402658  -1.70527145]
 [ 1.1999393  -0.29394295 -0.29394295]
 [-1.26817869  0.77872632  0.42920577]
 [-0.29486351  0.58784112  0.58784112]
 [-0.35993602  0.74171239  0.74171239]
 [ 0.84447177 -0.42845581  0.07977852]
 [-1.28025387  0.72321829  0.72321829]
 [-1.26174359  0.76367254  0.56532965]
 [-0.40674389  0.71930767  0.57460204]
 [-0.43598684  0.62328667  0.72852877]]
[Time: 01.07.23 13:02:14] [Level: info] transition: compute_final_h_cov
[Time: 01.07.23 13:02:15] [Level: info] state: compute_final_h_cov
[CTRL] GET /data
[CTRL] POST /data
Setting k
starting eigenvector norms
3
[Time: 01.07.23 13:02:18] [Level: info] transition: compute_local_conorm
[Time: 01.07.23 13:02:19] [Level: info] state: compute_local_conorm
[CTRL] GET /data
[CTRL] POST /data
[Time: 01.07.23 13:02:21] [Level: info] transition: compute_local_norm
[Time: 01.07.23 13:02:22] [Level: info] state: compute_local_norm
[CTRL] GET /data
[CTRL] POST /data
starting orthogonalise_current
ending orthogonalise_current
starting eigenvector norms
3
[Time: 01.07.23 13:02:24] [Level: info] transition: compute_local_conorm
[Time: 01.07.23 13:02:25] [Level: info] state: compute_local_conorm
[CTRL] GET /data
[CTRL] POST /data
[Time: 01.07.23 13:02:27] [Level: info] transition: compute_local_norm
[Time: 01.07.23 13:02:28] [Level: info] state: compute_local_norm
[CTRL] GET /data
[CTRL] POST /data
starting orthogonalise_current
ending orthogonalise_current
starting eigenvector norms
3
[Time: 01.07.23 13:02:30] [Level: info] transition: normalize_g
[Time: 01.07.23 13:02:31] [Level: info] state: normalize_g
[CTRL] GET /data
[CTRL] POST /data
Normalising
(3, 3)
3
End normalising
(3, 3)
(3, 3)
(3,)
(3, 3)
[Time: 01.07.23 13:02:33] [Level: info] transition: separate_pca
[Time: 01.07.23 13:02:34] [Level: info] state: separate_pca
Starting factor analysis
[Time: 01.07.23 13:02:34] [Level: info] transition: waiting_for_projection_matrix
[Time: 01.07.23 13:02:35] [Level: info] state: waiting_for_projection_matrix
[CTRL] POST /data
[Time: 01.07.23 13:02:36] [Level: info] transition: factor_scores
[Time: 01.07.23 13:02:37] [Level: info] state: factor_scores
[Time: 01.07.23 13:02:37] [Level: info] Traceback (most recent call last):
  File "/app/engine/app.py", line 169, in guarded_run
    self.run()
  File "/app/engine/app.py", line 184, in run
    transition = self.current_state.run()
  File "/app/apps/svd/app.py", line 680, in run
    self.F_omics()
  File "/app/apps/svd/app.py", line 693, in F_omics
    F = T * np.dot((np.dot(Z, np.transpose(Z))), P)
  File "<__array_function__ internals>", line 180, in dot
ValueError: shapes (3,3) and (10,3) not aligned: 3 (dim 1) != 10 (dim 0)

