2023-06-30 13:26:26,753 CRIT Supervisor is running as root.  Privileges were not dropped because no user is specified in the config file.  If you intend to run as root, you can set user=root in the config file to avoid this message.
2023-06-30 13:26:26,755 INFO supervisord started with pid 7
2023-06-30 13:26:27,757 INFO spawned: 'nginx' with pid 10
2023-06-30 13:26:27,758 INFO spawned: 'app' with pid 11
2023-06-30 13:26:28,769 INFO success: nginx entered RUNNING state, process has stayed up for > than 1 seconds (startsecs)
2023-06-30 13:26:28,769 INFO success: app entered RUNNING state, process has stayed up for > than 1 seconds (startsecs)
[CTRL] POST /setup
[Time: 30.06.23 13:26:30] [Level: info] id: a8da156c8a471e29
[Time: 30.06.23 13:26:30] [Level: info] coordinator: False
[Time: 30.06.23 13:26:30] [Level: info] clients: ['a8da156c8a471e29', 'caa99306e4f274ae']
[Time: 30.06.23 13:26:30] [Level: info] state: initial
[CLIENT] Parsing parameter file...
[API] /setup parsing parameter file 
[API] /setup config file found ... parsing file: /mnt/input/config.yaml
YAML file does not follow specification: missing key: eigenvalues
Setting default: eigenvalues.tsv
YAML file does not follow specification: missing key: explained_variance
Setting default: eigenvalues.tsv
YAML file does not follow specification: missing key: output delimiter
Setting default: tab
[API] /setup config file found ... parsing done
[CLIENT] finished parsing parameter file.
[STARTUP] Instantiate SVD
[Time: 30.06.23 13:26:30] [Level: info] transition: init_pca
[Time: 30.06.23 13:26:31] [Level: info] state: init_pca
[STARTUP] Copy configuration and create dir
/mnt/input/hospital_data_bredel_1.csv
TEST: ['/mnt/input/hospital_data_bredel_1 - Copy.csv', '/mnt/input/hospital_data_bredel_1.csv']
RUNNING ON:  /mnt/input/hospital_data_bredel_1 - Copy.csv
number of omics:  2
[STARTUP] Configuration copied
Log Transform performed
/app/apps/svd/FC_Federated_PCA.py:97: RuntimeWarning: invalid value encountered in log2
  self.tabdata.scaled = np.log2(self.tabdata.scaled+1)
[Time: 30.06.23 13:26:31] [Level: info] transition: wait_for_params
[Time: 30.06.23 13:26:32] [Level: info] state: wait_for_params
[CTRL] GET /data
[CTRL] POST /data
setting parameters
[API] Setting parameters
['SUV39H1', 'NPL', 'F13A1', 'ZNF419B', 'NR4A1', 'AEBP1', 'ANXA5', 'HLA.A', 'IGF1R', 'TNFAIP3', 'CTHRC1', 'SOX4', 'TLL2', 'COL1A1', 'FN1', 'LOC400451', 'D21S2089E', 'SYT7', 'STK17A', 'LOC57228', 'CHI3L2', 'COL1A2', 'RGS16', 'SERPINH1', 'MYBPC2', 'MGC18216', 'MVP', 'RALY', 'HBXIP', 'C9orf48', 'GBP1', 'RND3', 'CA11', 'FBXO2', 'BCL2A1', 'SBP1', 'NLK', 'PCDHGC3', 'BCAM', 'FAM84B', 'LILRA1', 'FGF13', 'PTPRZ1', 'TNFRSF12A', 'CLCA3', 'COX6A2', 'HMOX1', 'MAPKBP1', 'AA490257', 'H24428', 'TSPYL1', 'HLA.F', 'PLAUR', 'L3MBTL4', 'GADD45B', 'AI002301', 'HAMP', 'CHN1', 'FCGR2B', 'ZNF233', 'CD47', 'APOC1', 'VEGF', 'RFXAP', 'NDUFB11', 'DUS3L', 'AI005038', 'DPYD', 'ADFP', 'R52960', 'AI871056', 'HSPG2', 'EPHB1', 'LAMA4', 'C6orf12', 'FCGRT', 'GPNMB', 'CA12', 'DDN', 'ITGA5', 'STC1', 'CALM1', 'PRSS3', 'RAB30', 'PRG1', 'RUNX1', 'DES', 'LAMB1', 'CAP2', 'C8orf4', 'TOMM40', 'CACNB2', 'AA281932', 'ZNF160', 'GPSM2', 'STXBP1', 'RBP7', 'SPARC', 'A2BP1', 'H91845', 'CEAL1', 'PSG5', 'UBA52', 'PLOD2', 'SCN2B', 'NPTX1', 'EID.3', 'SLC16A3', 'CAMK2A', 'PSG1', 'EDNRB', 'CCDC3', 'ATP6V1C1', 'EFHB', 'SYNGR3', 'CBLN2', 'CYBA', 'EXT1', 'NY.SAR.48', 'PLP2', 'VSNL1', 'EPB49', 'SNRPN', 'AA029415', 'DDEF1', 'MGC42367', 'MB', 'X37864', 'HPRT1', 'FABP3', 'NSF', 'KIAA1644', 'C4A', 'LOC146795', 'LMO7', 'MICAL2', 'DSCR1L1', 'NCF1', 'S100A10', 'MMP2', 'INPP5F', 'FAM46A', 'FAS', 'H78560', 'MED11', 'KCNMA1', 'APCS', 'C16orf5', 'CD58', 'W93688', 'H08563', 'ANXA1', 'EDG3', 'BGN', 'MOAP1', 'AI335002', 'AA398420', 'DLL3', 'HK2', 'IL21R', 'NCF2', 'DNASE1L1', 'PARP14', 'CSPG2', 'SERPINI1', 'CD53', 'SNCG', 'PRKCB1', 'GBP2', 'PHLDA1', 'LSP1', 'FZD7', 'FBXL16', 'SLC35A2', 'OSBPL1A', 'C1R', 'COL3A1', 'ZNF217', 'PNCK', 'PYHIN1', 'TGFBI', 'DYNLT1', 'AP4B1', 'UBE4B', 'KIAA1543', 'CDKN1A', 'FBXW7', 'AI263051', 'L1CAM', 'RAB20', 'KCNK6', 'ESM1', 'ZFHX1B', 'CKMT1A', 'PLTP', 'URP2', 'IGFBP3', 'WASF1', 'HCLS1', 'ARPP.19', 'MST1', 'CAV1', 'SERPING1', 'AA181288', 'PCP4', 'DKFZp313A2432', 'KIAA0963', 'PSD3', 'PDPN', 'ID4', 'STEAP3', 'PYCR1', 'RTN3', 'ASPA', 'MGC39606', 'LOC283130', 'AA598631', 'BLVRB', 'BNIP2', 'CASP1', 'H86813', 'N98591', 'KLRC1', 'PRSS1', 'S100A11', 'PYGL', 'FLJ35740', 'LAPTM5', 'LTF', 'ITPKA', 'C1orf187', 'KCNQ2', 'T51726', 'TCTEX1D1', 'R70684', 'RPS19BP1', 'NOTCH1', 'AA489629', 'PPP3CB', 'ACAD8', 'IL32', 'ABCA5', 'VASP', 'AI822135', 'ANK3', 'ADCY1', 'APOC2', 'TMEM146', 'UGCG', 'USP3', 'AKR1C1', 'HBA1', 'DCLRE1B', 'KLRC2', 'SP100', 'HNRNPG.T', 'IGFBP5', 'YWHAH', 'EMP3', 'CBX6', 'NPC2', 'AA598555', 'H20822', 'PDE4DIP', 'PPP1R14A', 'T62491', 'PARD3', 'SPAG6', 'LHFPL2', 'CDC20B', 'ADAM19', 'MDFI', 'H10054', 'CAMKK2', 'LOC613212', 'CYR61', 'IL1RAP', 'LYN', 'RAB27B', 'MASP1', 'SETD5', 'RPS3A', 'CCR1', 'MYCBP2', 'SCAMP5', 'POSTN', 'IMAGE.33267', 'FREQ', 'IFI30', 'FBXO32', 'MST150', 'AA975768', 'NUAK1', 'R70506', 'CAPG', 'H41096', 'MGC26694', 'CLSTN3', 'SLC15A2', 'TNC', 'NNMT', 'ZNF226', 'PDXP', 'PRKAR1B', 'T97457', 'GAS1', 'CDKN2D', 'TIMP1', 'SAA2', 'SORT1', 'AI350724', 'GOT1', 'USP6NL', 'IGSF3', 'TIMP3', 'MYC', 'ITGA9', 'DEF6', 'TAP1', 'LOC389831', 'R61377', 'CLIC1', 'PRKCG', 'SVIL', 'FAM84A', 'ID3', 'TXNDC', 'GYPC', 'ADARB2', 'TSPAN4', 'AA479357', 'CCL2', 'DIP2C', 'COL4A2', 'MSN', 'AA669383', 'GYPA', 'S100A1', 'STMN1', 'ZNF329', 'HLA.G', 'OSR1', 'FLJ38984', 'COX7A1', 'TMEM49', 'C1orf63', 'CACNB3', 'RBP4', 'SRPX', 'AI262682', 'LUM', 'YWHAG', 'PALLD', 'FBL', 'AA401952', 'SPINT2', 'DMN', 'ZNF549', 'PDE2A', 'WWTR1', 'PLAU', 'TBC1D7', 'ABCC3', 'PLA2G2A', 'MGP', 'ADM', 'LY96', 'VAMP2', 'LOC283070', 'KCNJ1', 'PRKCZ', 'KNS2', 'PPP3CA', 'NLGN1', 'NMNAT2', 'IQSEC1', 'MTHFD2', 'EGLN2', 'CD44', 'TncRNA', 'SOCS3', 'PRRX1', 'AA906888', 'DDIT4', 'LRBA', 'MDK', 'TSPAN6', 'LOC388610', 'LGALS3', 'CLTB', 'HPCA', 'NDST1', 'TFDP2', 'MRC2', 'TCF7L1', 'NEFH', 'EDG1', 'IGF2BP3', 'PEG3', 'GABBR1', 'X38595', 'KLRC3', 'COL9A2', 'TTC23', 'AA424849', 'AIF1', 'AA131320', 'AKR1C2', 'HEY1', 'IGHG1', 'COL6A2', 'ITGA3', 'MSTP9', 'DECR2', 'RAB11FIP4', 'HLA.DRB1', 'PDLIM7', 'WDR7', 'LOC541471', 'SERPINA3', 'MAL2', 'AI357047']
INDEX
[163, 119, 340, 31, 392, 157, 192, 217, 52, 266, 385, 196, 53, 102, 202, 156, 42, 405, 415, 137, 87, 158, 76, 143, 67, 35, 273, 97, 23, 109, 246, 174, 352, 312, 343, 39, 348, 229, 49, 96, 47, 205, 302, 71, 17, 59, 175, 170, 234, 279, 95, 366, 124, 222, 412, 350, 304, 374, 240, 58, 103, 51, 100, 164, 61, 21, 301, 223, 227, 342, 204, 161, 191, 289, 335, 300, 309, 110, 336, 77, 167, 251, 317, 239, 418, 107, 363, 320, 319, 315, 360, 16, 101, 45, 50, 206, 63, 403, 216, 298, 19, 36, 93, 268, 404, 422, 20, 142, 286, 66, 111, 8, 105, 262, 372, 337, 355, 0, 353, 89, 313, 393, 244, 199, 32, 40, 238, 127, 288, 141, 281, 153, 241, 195, 226, 408, 334, 351, 325, 324, 322, 275, 306, 80, 406, 228, 287, 155, 133, 255, 69, 179, 321, 70, 169, 215, 83, 94, 291, 284, 316, 308, 407, 148, 347, 283, 218, 339, 338, 260, 211, 411, 188, 299, 294, 189, 152, 233, 125, 297, 358, 387, 44, 60, 22, 259, 376, 359, 296, 389, 56, 390, 400, 278, 318, 285, 115, 149, 209, 120, 134, 399, 173, 249, 379, 166, 280, 106, 86, 171, 114, 220, 75, 81, 3, 414, 377, 65, 410, 252, 181, 419, 118, 368, 90, 243, 201, 326, 232, 290, 361, 277, 371, 10, 398, 162, 237, 180, 78, 13, 247, 131, 12, 225, 349, 303, 178, 55, 346, 256, 7, 310, 28, 117, 208, 43, 219, 344, 74, 150, 364, 354, 224, 323, 420, 311, 5, 6, 108, 265, 375, 394, 401, 295, 98, 370, 328, 395, 151, 88, 91, 183, 332, 73, 182, 267, 84, 345, 104, 37, 138, 236, 307, 177, 72, 383, 210, 271, 421, 165, 128, 24, 168, 212, 92, 388, 269, 82, 369, 26, 367, 261, 15, 64, 123, 264, 331, 254, 357, 235, 185, 99, 416, 2, 382, 356, 396, 263, 4, 330, 231, 274, 1, 122, 68, 270, 11, 341, 187, 38, 329, 41, 242, 18, 140, 14, 172, 292, 380, 194, 378, 213, 397, 413, 386, 314, 33, 29, 121, 190, 184, 129, 221, 276, 423, 144, 248, 147, 27, 34, 200, 245, 112, 154, 145, 362, 176, 48, 305, 409, 85, 327, 193, 293, 46, 272, 258, 203, 113, 214, 384, 402, 57, 130, 132, 186, 25, 250, 139, 146, 257, 116, 197, 62, 391, 365, 136, 9, 160, 381, 159, 373, 230, 135, 282, 417, 253, 126, 79, 198, 333, 207]
[Time: 30.06.23 13:26:34] [Level: info] transition: compute_std
[Time: 30.06.23 13:26:35] [Level: info] state: compute_std
[CTRL] GET /data
[CTRL] POST /data
(422, 1)
[Time: 30.06.23 13:26:37] [Level: info] transition: apply_scaling
[Time: 30.06.23 13:26:38] [Level: info] state: apply_scaling
[CTRL] GET /data
[CTRL] POST /data
[223  82 350  44 415  93  94  75 194 354 144 352 109 100  59 233 214 309
 117  35 313 381 336 209 106 406 160 377  90  58 252  84   8 216 226 255
  81 405 162 392 367 247  57 301   1  36  45 332 396 161 202 318 221 289
 417  97 402 124 126 227 284 341 177 266 163  64 298 412 184 340 101  38
   2 324 190 112 361 250 257 268 111 195 174 356 359 270  30  98 178 198
 375 213 132 239 292 409 399 262 263 323 146  74 116 129 260  22  91  37
  63  32 308 278  16 287 281 411 251 165 391 351  54  27 397 152  55 371
 236 199  49 306  40  26 237 370   3 357  41 277 259 181 302 127  47 218
 123 242 293 168 189 334 264  42 154 125 217  88 142 238 393  68 156  46
 173 150 228 273 303 234 115 330  95  78 403 267 151 224 179 182 121 149
 246  80 133 212 258 295 373 300  48  61 408 130   7 294 256 175  73 374
  24 320 276 331 419 110 171  20 203  65  72  19 337 288 164  89 102 147
 328 307 265  53 321  28 231 404 345  67 219 108 311 407 138 245 297 365
 215 286 296 141 191   0  43 384 414 176 326 380  18 312 193 410  10 329
 204 230 317   5 314 369 322 316  56  85 327 269 241 333 136 279 342 140
 131 122 310 346 335  14 107 348 254 208 261 291  69 186 229 137  31 197
  17 167 344  60 172  86 211 185  25 290  83  52  71 343  33  62 187 283
 235 363  76 128 205  29 153 232 103 383 362 183  92 364 135 120 325 225
 388 210 188 118 114 143 134 104 338   4  34 272 280  23 368 386 376  15
 253 372   6 304 401 400  96 155  21 240 220 113 355  77 305 366 387 413
 418 201 105 379  13 282  51 299 166 139 145   9 360  66 158 207  12 248
 244]
(array([ 82, 223]),)
CURRENT DATA:  <apps.svd.TabData.TabData object at 0x7f37b8863e50>
[Time: 30.06.23 13:26:40] [Level: info] transition: mfa_prerequisites
[Time: 30.06.23 13:26:41] [Level: info] state: mfa_prerequisites
Calling start_power_iteration
[Time: 30.06.23 13:26:41] [Level: info] transition: start_power_iteration
[Time: 30.06.23 13:26:42] [Level: info] state: start_power_iteration
[STARTUP] Computing covariance matrix
[STARTUP] Random initialisation
TABDATA SCALED
[[ 0.31291254 -2.0488801  -0.67501093 ... -4.0247479  -0.79971587
   0.72895426]
 [ 0.08628144 -1.55936027 -0.48822329 ... -0.53823378 -1.32747876
  -0.92616437]
 [-0.55346768 -1.09028992 -0.01910962 ...  0.2021483  -0.87134572
   0.30352569]
 ...
 [-1.96588343  0.038084    0.02393069 ... -1.18082896  0.27224373
   0.89315603]
 [ 0.          0.01147262  0.55652436 ...  0.16885848 -0.17190539
   0.        ]
 [-1.30063245 -1.50005077  0.72212789 ...  0.96273275 -1.0719789
   0.        ]]
[Time: 30.06.23 13:26:42] [Level: info] transition: compute_final_h_cov
[Time: 30.06.23 13:26:43] [Level: info] state: compute_final_h_cov
[CTRL] GET /data
[CTRL] POST /data
Setting k
starting eigenvector norms
17
[Time: 30.06.23 13:26:46] [Level: info] transition: compute_local_conorm
[Time: 30.06.23 13:26:47] [Level: info] state: compute_local_conorm
[CTRL] GET /data
[CTRL] POST /data
[Time: 30.06.23 13:26:49] [Level: info] transition: compute_local_norm
[Time: 30.06.23 13:26:50] [Level: info] state: compute_local_norm
[CTRL] GET /data
[CTRL] POST /data
starting orthogonalise_current
ending orthogonalise_current
starting eigenvector norms
17
[Time: 30.06.23 13:26:52] [Level: info] transition: compute_local_conorm
[Time: 30.06.23 13:26:53] [Level: info] state: compute_local_conorm
[CTRL] GET /data
[CTRL] POST /data
[Time: 30.06.23 13:26:55] [Level: info] transition: compute_local_norm
[Time: 30.06.23 13:26:56] [Level: info] state: compute_local_norm
[CTRL] GET /data
[CTRL] POST /data
starting orthogonalise_current
ending orthogonalise_current
starting eigenvector norms
17
[Time: 30.06.23 13:26:58] [Level: info] transition: compute_local_conorm
[Time: 30.06.23 13:26:59] [Level: info] state: compute_local_conorm
[CTRL] GET /data
[CTRL] POST /data
[Time: 30.06.23 13:27:01] [Level: info] transition: compute_local_norm
[Time: 30.06.23 13:27:02] [Level: info] state: compute_local_norm
[CTRL] GET /data
[CTRL] POST /data
starting orthogonalise_current
ending orthogonalise_current
starting eigenvector norms
17
[Time: 30.06.23 13:27:04] [Level: info] transition: compute_local_conorm
[Time: 30.06.23 13:27:05] [Level: info] state: compute_local_conorm
[CTRL] GET /data
[CTRL] POST /data
[Time: 30.06.23 13:27:07] [Level: info] transition: compute_local_norm
[Time: 30.06.23 13:27:08] [Level: info] state: compute_local_norm
[CTRL] GET /data
[CTRL] POST /data
starting orthogonalise_current
ending orthogonalise_current
starting eigenvector norms
17
[Time: 30.06.23 13:27:10] [Level: info] transition: compute_local_conorm
[Time: 30.06.23 13:27:11] [Level: info] state: compute_local_conorm
[CTRL] GET /data
[CTRL] POST /data
[Time: 30.06.23 13:27:13] [Level: info] transition: compute_local_norm
[Time: 30.06.23 13:27:14] [Level: info] state: compute_local_norm
[CTRL] GET /data
[CTRL] POST /data
starting orthogonalise_current
ending orthogonalise_current
starting eigenvector norms
17
[Time: 30.06.23 13:27:16] [Level: info] transition: compute_local_conorm
[Time: 30.06.23 13:27:17] [Level: info] state: compute_local_conorm
[CTRL] GET /data
[CTRL] POST /data
[Time: 30.06.23 13:27:19] [Level: info] transition: compute_local_norm
[Time: 30.06.23 13:27:20] [Level: info] state: compute_local_norm
[CTRL] GET /data
[CTRL] POST /data
starting orthogonalise_current
ending orthogonalise_current
starting eigenvector norms
17
[Time: 30.06.23 13:27:22] [Level: info] transition: compute_local_conorm
[Time: 30.06.23 13:27:23] [Level: info] state: compute_local_conorm
[CTRL] GET /data
[CTRL] POST /data
[Time: 30.06.23 13:27:25] [Level: info] transition: compute_local_norm
[Time: 30.06.23 13:27:26] [Level: info] state: compute_local_norm
[CTRL] GET /data
[CTRL] POST /data
starting orthogonalise_current
ending orthogonalise_current
starting eigenvector norms
17
[Time: 30.06.23 13:27:28] [Level: info] transition: compute_local_conorm
[Time: 30.06.23 13:27:29] [Level: info] state: compute_local_conorm
[CTRL] GET /data
[CTRL] POST /data
[Time: 30.06.23 13:27:31] [Level: info] transition: compute_local_norm
[Time: 30.06.23 13:27:32] [Level: info] state: compute_local_norm
[CTRL] GET /data
[CTRL] POST /data
starting orthogonalise_current
ending orthogonalise_current
starting eigenvector norms
17
[Time: 30.06.23 13:27:34] [Level: info] transition: compute_local_conorm
[Time: 30.06.23 13:27:35] [Level: info] state: compute_local_conorm
[CTRL] GET /data
[CTRL] POST /data
[Time: 30.06.23 13:27:37] [Level: info] transition: compute_local_norm
[Time: 30.06.23 13:27:38] [Level: info] state: compute_local_norm
[CTRL] GET /data
[CTRL] POST /data
starting orthogonalise_current
ending orthogonalise_current
starting eigenvector norms
17
[Time: 30.06.23 13:27:40] [Level: info] transition: compute_local_conorm
[Time: 30.06.23 13:27:41] [Level: info] state: compute_local_conorm
[CTRL] GET /data
[CTRL] POST /data
[Time: 30.06.23 13:27:43] [Level: info] transition: compute_local_norm
[Time: 30.06.23 13:27:44] [Level: info] state: compute_local_norm
[CTRL] GET /data
[CTRL] POST /data
starting orthogonalise_current
ending orthogonalise_current
starting eigenvector norms
17
[Time: 30.06.23 13:27:46] [Level: info] transition: compute_local_conorm
[Time: 30.06.23 13:27:47] [Level: info] state: compute_local_conorm
[CTRL] GET /data
[CTRL] POST /data
[Time: 30.06.23 13:27:49] [Level: info] transition: compute_local_norm
[Time: 30.06.23 13:27:50] [Level: info] state: compute_local_norm
[CTRL] GET /data
[CTRL] POST /data
starting orthogonalise_current
ending orthogonalise_current
starting eigenvector norms
17
[Time: 30.06.23 13:27:52] [Level: info] transition: compute_local_conorm
[Time: 30.06.23 13:27:53] [Level: info] state: compute_local_conorm
[CTRL] GET /data
[CTRL] POST /data
[Time: 30.06.23 13:27:55] [Level: info] transition: compute_local_norm
[Time: 30.06.23 13:27:56] [Level: info] state: compute_local_norm
[CTRL] GET /data
[CTRL] POST /data
starting orthogonalise_current
ending orthogonalise_current
starting eigenvector norms
17
[Time: 30.06.23 13:27:58] [Level: info] transition: compute_local_conorm
[Time: 30.06.23 13:27:59] [Level: info] state: compute_local_conorm
[CTRL] GET /data
[CTRL] POST /data
[Time: 30.06.23 13:28:01] [Level: info] transition: compute_local_norm
[Time: 30.06.23 13:28:02] [Level: info] state: compute_local_norm
[CTRL] GET /data
[CTRL] POST /data
starting orthogonalise_current
ending orthogonalise_current
starting eigenvector norms
17
[Time: 30.06.23 13:28:04] [Level: info] transition: compute_local_conorm
[Time: 30.06.23 13:28:05] [Level: info] state: compute_local_conorm
[CTRL] GET /data
[CTRL] POST /data
[Time: 30.06.23 13:28:07] [Level: info] transition: compute_local_norm
[Time: 30.06.23 13:28:08] [Level: info] state: compute_local_norm
[CTRL] GET /data
[CTRL] POST /data
starting orthogonalise_current
ending orthogonalise_current
starting eigenvector norms
17
[Time: 30.06.23 13:28:11] [Level: info] transition: compute_local_conorm
[Time: 30.06.23 13:28:12] [Level: info] state: compute_local_conorm
[CTRL] GET /data
[CTRL] POST /data
[Time: 30.06.23 13:28:14] [Level: info] transition: compute_local_norm
[Time: 30.06.23 13:28:15] [Level: info] state: compute_local_norm
[CTRL] GET /data
[CTRL] POST /data
starting orthogonalise_current
ending orthogonalise_current
starting eigenvector norms
17
[Time: 30.06.23 13:28:17] [Level: info] transition: compute_local_conorm
[Time: 30.06.23 13:28:18] [Level: info] state: compute_local_conorm
[CTRL] GET /data
[CTRL] POST /data
[Time: 30.06.23 13:28:20] [Level: info] transition: compute_local_norm
[Time: 30.06.23 13:28:21] [Level: info] state: compute_local_norm
[CTRL] GET /data
[CTRL] POST /data
starting orthogonalise_current
ending orthogonalise_current
starting eigenvector norms
17
[Time: 30.06.23 13:28:23] [Level: info] transition: normalize_g
[Time: 30.06.23 13:28:24] [Level: info] state: normalize_g
[CTRL] GET /data
[CTRL] POST /data
Normalising
(26, 17)
17
End normalising
(26, 17)
(17, 17)
(17,)
(26, 17)
[Time: 30.06.23 13:28:26] [Level: info] transition: separate_pca
[Time: 30.06.23 13:28:27] [Level: info] state: separate_pca
[Time: 30.06.23 13:28:27] [Level: info] transition: init_pca
[Time: 30.06.23 13:28:28] [Level: info] state: init_pca
[STARTUP] Copy configuration and create dir
/mnt/input/hospital_data_bredel_1.csv
TEST: ['/mnt/input/hospital_data_bredel_1 - Copy.csv', '/mnt/input/hospital_data_bredel_1.csv']
RUNNING ON:  /mnt/input/hospital_data_bredel_1.csv
number of omics:  2
[STARTUP] Configuration copied
Log Transform performed
/app/apps/svd/FC_Federated_PCA.py:97: RuntimeWarning: invalid value encountered in log2
  self.tabdata.scaled = np.log2(self.tabdata.scaled+1)
[Time: 30.06.23 13:28:28] [Level: info] transition: wait_for_params
[CTRL] GET /data
[Time: 30.06.23 13:28:29] [Level: info] state: wait_for_params
[CTRL] POST /data
setting parameters
[API] Setting parameters
['SUV39H1', 'NPL', 'F13A1', 'ZNF419B', 'NR4A1', 'AEBP1', 'ANXA5', 'HLA.A', 'IGF1R', 'TNFAIP3', 'CTHRC1', 'SOX4', 'TLL2', 'COL1A1', 'FN1', 'LOC400451', 'D21S2089E', 'SYT7', 'STK17A', 'LOC57228', 'CHI3L2', 'COL1A2', 'RGS16', 'SERPINH1', 'MYBPC2', 'MGC18216', 'MVP', 'RALY', 'HBXIP', 'C9orf48', 'GBP1', 'RND3', 'CA11', 'FBXO2', 'BCL2A1', 'SBP1', 'NLK', 'PCDHGC3', 'BCAM', 'FAM84B', 'LILRA1', 'FGF13', 'PTPRZ1', 'TNFRSF12A', 'CLCA3', 'COX6A2', 'HMOX1', 'MAPKBP1', 'AA490257', 'H24428', 'TSPYL1', 'HLA.F', 'PLAUR', 'L3MBTL4', 'GADD45B', 'AI002301', 'HAMP', 'CHN1', 'FCGR2B', 'ZNF233', 'CD47', 'APOC1', 'VEGF', 'RFXAP', 'NDUFB11', 'DUS3L', 'AI005038', 'DPYD', 'ADFP', 'R52960', 'AI871056', 'HSPG2', 'EPHB1', 'LAMA4', 'C6orf12', 'FCGRT', 'GPNMB', 'CA12', 'DDN', 'ITGA5', 'STC1', 'CALM1', 'PRSS3', 'RAB30', 'PRG1', 'RUNX1', 'DES', 'LAMB1', 'CAP2', 'C8orf4', 'TOMM40', 'CACNB2', 'AA281932', 'ZNF160', 'GPSM2', 'STXBP1', 'RBP7', 'SPARC', 'A2BP1', 'H91845', 'CEAL1', 'PSG5', 'UBA52', 'PLOD2', 'SCN2B', 'NPTX1', 'EID.3', 'SLC16A3', 'CAMK2A', 'PSG1', 'EDNRB', 'CCDC3', 'ATP6V1C1', 'EFHB', 'SYNGR3', 'CBLN2', 'CYBA', 'EXT1', 'NY.SAR.48', 'PLP2', 'VSNL1', 'EPB49', 'SNRPN', 'AA029415', 'DDEF1', 'MGC42367', 'MB', 'X37864', 'HPRT1', 'FABP3', 'NSF', 'KIAA1644', 'C4A', 'LOC146795', 'LMO7', 'MICAL2', 'DSCR1L1', 'NCF1', 'S100A10', 'MMP2', 'INPP5F', 'FAM46A', 'FAS', 'H78560', 'MED11', 'KCNMA1', 'APCS', 'C16orf5', 'CD58', 'W93688', 'H08563', 'ANXA1', 'EDG3', 'BGN', 'MOAP1', 'AI335002', 'AA398420', 'DLL3', 'HK2', 'IL21R', 'NCF2', 'DNASE1L1', 'PARP14', 'CSPG2', 'SERPINI1', 'CD53', 'SNCG', 'PRKCB1', 'GBP2', 'PHLDA1', 'LSP1', 'FZD7', 'FBXL16', 'SLC35A2', 'OSBPL1A', 'C1R', 'COL3A1', 'ZNF217', 'PNCK', 'PYHIN1', 'TGFBI', 'DYNLT1', 'AP4B1', 'UBE4B', 'KIAA1543', 'CDKN1A', 'FBXW7', 'AI263051', 'L1CAM', 'RAB20', 'KCNK6', 'ESM1', 'ZFHX1B', 'CKMT1A', 'PLTP', 'URP2', 'IGFBP3', 'WASF1', 'HCLS1', 'ARPP.19', 'MST1', 'CAV1', 'SERPING1', 'AA181288', 'PCP4', 'DKFZp313A2432', 'KIAA0963', 'PSD3', 'PDPN', 'ID4', 'STEAP3', 'PYCR1', 'RTN3', 'ASPA', 'MGC39606', 'LOC283130', 'AA598631', 'BLVRB', 'BNIP2', 'CASP1', 'H86813', 'N98591', 'KLRC1', 'PRSS1', 'S100A11', 'PYGL', 'FLJ35740', 'LAPTM5', 'LTF', 'ITPKA', 'C1orf187', 'KCNQ2', 'T51726', 'TCTEX1D1', 'R70684', 'RPS19BP1', 'NOTCH1', 'AA489629', 'PPP3CB', 'ACAD8', 'IL32', 'ABCA5', 'VASP', 'AI822135', 'ANK3', 'ADCY1', 'APOC2', 'TMEM146', 'UGCG', 'USP3', 'AKR1C1', 'HBA1', 'DCLRE1B', 'KLRC2', 'SP100', 'HNRNPG.T', 'IGFBP5', 'YWHAH', 'EMP3', 'CBX6', 'NPC2', 'AA598555', 'H20822', 'PDE4DIP', 'PPP1R14A', 'T62491', 'PARD3', 'SPAG6', 'LHFPL2', 'CDC20B', 'ADAM19', 'MDFI', 'H10054', 'CAMKK2', 'LOC613212', 'CYR61', 'IL1RAP', 'LYN', 'RAB27B', 'MASP1', 'SETD5', 'RPS3A', 'CCR1', 'MYCBP2', 'SCAMP5', 'POSTN', 'IMAGE.33267', 'FREQ', 'IFI30', 'FBXO32', 'MST150', 'AA975768', 'NUAK1', 'R70506', 'CAPG', 'H41096', 'MGC26694', 'CLSTN3', 'SLC15A2', 'TNC', 'NNMT', 'ZNF226', 'PDXP', 'PRKAR1B', 'T97457', 'GAS1', 'CDKN2D', 'TIMP1', 'SAA2', 'SORT1', 'AI350724', 'GOT1', 'USP6NL', 'IGSF3', 'TIMP3', 'MYC', 'ITGA9', 'DEF6', 'TAP1', 'LOC389831', 'R61377', 'CLIC1', 'PRKCG', 'SVIL', 'FAM84A', 'ID3', 'TXNDC', 'GYPC', 'ADARB2', 'TSPAN4', 'AA479357', 'CCL2', 'DIP2C', 'COL4A2', 'MSN', 'AA669383', 'GYPA', 'S100A1', 'STMN1', 'ZNF329', 'HLA.G', 'OSR1', 'FLJ38984', 'COX7A1', 'TMEM49', 'C1orf63', 'CACNB3', 'RBP4', 'SRPX', 'AI262682', 'LUM', 'YWHAG', 'PALLD', 'FBL', 'AA401952', 'SPINT2', 'DMN', 'ZNF549', 'PDE2A', 'WWTR1', 'PLAU', 'TBC1D7', 'ABCC3', 'PLA2G2A', 'MGP', 'ADM', 'LY96', 'VAMP2', 'LOC283070', 'KCNJ1', 'PRKCZ', 'KNS2', 'PPP3CA', 'NLGN1', 'NMNAT2', 'IQSEC1', 'MTHFD2', 'EGLN2', 'CD44', 'TncRNA', 'SOCS3', 'PRRX1', 'AA906888', 'DDIT4', 'LRBA', 'MDK', 'TSPAN6', 'LOC388610', 'LGALS3', 'CLTB', 'HPCA', 'NDST1', 'TFDP2', 'MRC2', 'TCF7L1', 'NEFH', 'EDG1', 'IGF2BP3', 'PEG3', 'GABBR1', 'X38595', 'KLRC3', 'COL9A2', 'TTC23', 'AA424849', 'AIF1', 'AA131320', 'AKR1C2', 'HEY1', 'IGHG1', 'COL6A2', 'ITGA3', 'MSTP9', 'DECR2', 'RAB11FIP4', 'HLA.DRB1', 'PDLIM7', 'WDR7', 'LOC541471', 'SERPINA3', 'MAL2', 'AI357047']
INDEX
[163, 119, 340, 31, 392, 157, 192, 217, 52, 266, 385, 196, 53, 102, 202, 156, 42, 405, 415, 137, 87, 158, 76, 143, 67, 35, 273, 97, 23, 109, 246, 174, 352, 312, 343, 39, 348, 229, 49, 96, 47, 205, 302, 71, 17, 59, 175, 170, 234, 279, 95, 366, 124, 222, 412, 350, 304, 374, 240, 58, 103, 51, 100, 164, 61, 21, 301, 223, 227, 342, 204, 161, 191, 289, 335, 300, 309, 110, 336, 77, 167, 251, 317, 239, 418, 107, 363, 320, 319, 315, 360, 16, 101, 45, 50, 206, 63, 403, 216, 298, 19, 36, 93, 268, 404, 422, 20, 142, 286, 66, 111, 8, 105, 262, 372, 337, 355, 0, 353, 89, 313, 393, 244, 199, 32, 40, 238, 127, 288, 141, 281, 153, 241, 195, 226, 408, 334, 351, 325, 324, 322, 275, 306, 80, 406, 228, 287, 155, 133, 255, 69, 179, 321, 70, 169, 215, 83, 94, 291, 284, 316, 308, 407, 148, 347, 283, 218, 339, 338, 260, 211, 411, 188, 299, 294, 189, 152, 233, 125, 297, 358, 387, 44, 60, 22, 259, 376, 359, 296, 389, 56, 390, 400, 278, 318, 285, 115, 149, 209, 120, 134, 399, 173, 249, 379, 166, 280, 106, 86, 171, 114, 220, 75, 81, 3, 414, 377, 65, 410, 252, 181, 419, 118, 368, 90, 243, 201, 326, 232, 290, 361, 277, 371, 10, 398, 162, 237, 180, 78, 13, 247, 131, 12, 225, 349, 303, 178, 55, 346, 256, 7, 310, 28, 117, 208, 43, 219, 344, 74, 150, 364, 354, 224, 323, 420, 311, 5, 6, 108, 265, 375, 394, 401, 295, 98, 370, 328, 395, 151, 88, 91, 183, 332, 73, 182, 267, 84, 345, 104, 37, 138, 236, 307, 177, 72, 383, 210, 271, 421, 165, 128, 24, 168, 212, 92, 388, 269, 82, 369, 26, 367, 261, 15, 64, 123, 264, 331, 254, 357, 235, 185, 99, 416, 2, 382, 356, 396, 263, 4, 330, 231, 274, 1, 122, 68, 270, 11, 341, 187, 38, 329, 41, 242, 18, 140, 14, 172, 292, 380, 194, 378, 213, 397, 413, 386, 314, 33, 29, 121, 190, 184, 129, 221, 276, 423, 144, 248, 147, 27, 34, 200, 245, 112, 154, 145, 362, 176, 48, 305, 409, 85, 327, 193, 293, 46, 272, 258, 203, 113, 214, 384, 402, 57, 130, 132, 186, 25, 250, 139, 146, 257, 116, 197, 62, 391, 365, 136, 9, 160, 381, 159, 373, 230, 135, 282, 417, 253, 126, 79, 198, 333, 207]
[Time: 30.06.23 13:28:32] [Level: info] transition: compute_std
[Time: 30.06.23 13:28:33] [Level: info] state: compute_std
[CTRL] GET /data
[CTRL] POST /data
(422, 1)
[Time: 30.06.23 13:28:35] [Level: info] transition: apply_scaling
[Time: 30.06.23 13:28:36] [Level: info] state: apply_scaling
[CTRL] GET /data
[CTRL] POST /data
[223  82 350  44 415  93  94  75 194 354 144 352 109 100  59 233 214 309
 117  35 313 381 336 209 106 406 160 377  90  58 252  84   8 216 226 255
  81 405 162 392 367 247  57 301   1  36  45 332 396 161 202 318 221 289
 417  97 402 124 126 227 284 341 177 266 163  64 298 412 184 340 101  38
   2 324 190 112 361 250 257 268 111 195 174 356 359 270  30  98 178 198
 375 213 132 239 292 409 399 262 263 323 146  74 116 129 260  22  91  37
  63  32 308 278  16 287 281 411 251 165 391 351  54  27 397 152  55 371
 236 199  49 306  40  26 237 370   3 357  41 277 259 181 302 127  47 218
 123 242 293 168 189 334 264  42 154 125 217  88 142 238 393  68 156  46
 173 150 228 273 303 234 115 330  95  78 403 267 151 224 179 182 121 149
 246  80 133 212 258 295 373 300  48  61 408 130   7 294 256 175  73 374
  24 320 276 331 419 110 171  20 203  65  72  19 337 288 164  89 102 147
 328 307 265  53 321  28 231 404 345  67 219 108 311 407 138 245 297 365
 215 286 296 141 191   0  43 384 414 176 326 380  18 312 193 410  10 329
 204 230 317   5 314 369 322 316  56  85 327 269 241 333 136 279 342 140
 131 122 310 346 335  14 107 348 254 208 261 291  69 186 229 137  31 197
  17 167 344  60 172  86 211 185  25 290  83  52  71 343  33  62 187 283
 235 363  76 128 205  29 153 232 103 383 362 183  92 364 135 120 325 225
 388 210 188 118 114 143 134 104 338   4  34 272 280  23 368 386 376  15
 253 372   6 304 401 400  96 155  21 240 220 113 355  77 305 366 387 413
 418 201 105 379  13 282  51 299 166 139 145   9 360  66 158 207  12 248
 244]
(array([ 82, 223]),)
CURRENT DATA:  <apps.svd.TabData.TabData object at 0x7f37b885e790>
[Time: 30.06.23 13:28:38] [Level: info] transition: mfa_prerequisites
[Time: 30.06.23 13:28:39] [Level: info] state: mfa_prerequisites
Calling start_power_iteration
[Time: 30.06.23 13:28:39] [Level: info] transition: start_power_iteration
[Time: 30.06.23 13:28:40] [Level: info] state: start_power_iteration
[STARTUP] Computing covariance matrix
[STARTUP] Random initialisation
TABDATA SCALED
[[ 0.31291254 -2.0488801  -0.67501093 ... -4.0247479  -0.79971587
   0.72895426]
 [ 0.08628144 -1.55936027 -0.48822329 ... -0.53823378 -1.32747876
  -0.92616437]
 [-0.55346768 -1.09028992 -0.01910962 ...  0.2021483  -0.87134572
   0.30352569]
 ...
 [-1.96588343  0.038084    0.02393069 ... -1.18082896  0.27224373
   0.89315603]
 [ 0.          0.01147262  0.55652436 ...  0.16885848 -0.17190539
   0.        ]
 [-1.30063245 -1.50005077  0.72212789 ...  0.96273275 -1.0719789
   0.        ]]
[Time: 30.06.23 13:28:40] [Level: info] transition: compute_final_h_cov
[CTRL] GET /data
[Time: 30.06.23 13:28:41] [Level: info] state: compute_final_h_cov
[CTRL] POST /data
Setting k
starting eigenvector norms
17
[Time: 30.06.23 13:28:44] [Level: info] transition: compute_local_conorm
[Time: 30.06.23 13:28:45] [Level: info] state: compute_local_conorm
[CTRL] GET /data
[CTRL] POST /data
[Time: 30.06.23 13:28:47] [Level: info] transition: compute_local_norm
[Time: 30.06.23 13:28:48] [Level: info] state: compute_local_norm
[CTRL] GET /data
[CTRL] POST /data
starting orthogonalise_current
ending orthogonalise_current
starting eigenvector norms
17
[Time: 30.06.23 13:28:50] [Level: info] transition: compute_local_conorm
[Time: 30.06.23 13:28:51] [Level: info] state: compute_local_conorm
[CTRL] GET /data
[CTRL] POST /data
[Time: 30.06.23 13:28:53] [Level: info] transition: compute_local_norm
[Time: 30.06.23 13:28:54] [Level: info] state: compute_local_norm
[CTRL] GET /data
[CTRL] POST /data
starting orthogonalise_current
ending orthogonalise_current
starting eigenvector norms
17
[Time: 30.06.23 13:28:56] [Level: info] transition: compute_local_conorm
[Time: 30.06.23 13:28:57] [Level: info] state: compute_local_conorm
[CTRL] GET /data
[CTRL] POST /data
[Time: 30.06.23 13:28:59] [Level: info] transition: compute_local_norm
[Time: 30.06.23 13:29:00] [Level: info] state: compute_local_norm
[CTRL] GET /data
[CTRL] POST /data
starting orthogonalise_current
ending orthogonalise_current
starting eigenvector norms
17
[Time: 30.06.23 13:29:02] [Level: info] transition: compute_local_conorm
[Time: 30.06.23 13:29:03] [Level: info] state: compute_local_conorm
[CTRL] GET /data
[CTRL] POST /data
[Time: 30.06.23 13:29:05] [Level: info] transition: compute_local_norm
[Time: 30.06.23 13:29:06] [Level: info] state: compute_local_norm
[CTRL] GET /data
[CTRL] POST /data
starting orthogonalise_current
ending orthogonalise_current
starting eigenvector norms
17
[Time: 30.06.23 13:29:08] [Level: info] transition: compute_local_conorm
[Time: 30.06.23 13:29:09] [Level: info] state: compute_local_conorm
[CTRL] GET /data
[CTRL] POST /data
[Time: 30.06.23 13:29:11] [Level: info] transition: compute_local_norm
[Time: 30.06.23 13:29:12] [Level: info] state: compute_local_norm
[CTRL] GET /data
[CTRL] POST /data
starting orthogonalise_current
ending orthogonalise_current
starting eigenvector norms
17
[Time: 30.06.23 13:29:14] [Level: info] transition: compute_local_conorm
[Time: 30.06.23 13:29:15] [Level: info] state: compute_local_conorm
[CTRL] GET /data
[CTRL] POST /data
[Time: 30.06.23 13:29:17] [Level: info] transition: compute_local_norm
[Time: 30.06.23 13:29:18] [Level: info] state: compute_local_norm
[CTRL] GET /data
[CTRL] POST /data
starting orthogonalise_current
ending orthogonalise_current
starting eigenvector norms
17
[Time: 30.06.23 13:29:20] [Level: info] transition: compute_local_conorm
[Time: 30.06.23 13:29:21] [Level: info] state: compute_local_conorm
[CTRL] GET /data
[CTRL] POST /data
[Time: 30.06.23 13:29:23] [Level: info] transition: compute_local_norm
[Time: 30.06.23 13:29:24] [Level: info] state: compute_local_norm
[CTRL] GET /data
[CTRL] POST /data
starting orthogonalise_current
ending orthogonalise_current
starting eigenvector norms
17
[Time: 30.06.23 13:29:26] [Level: info] transition: compute_local_conorm
[Time: 30.06.23 13:29:27] [Level: info] state: compute_local_conorm
[CTRL] GET /data
[CTRL] POST /data
[Time: 30.06.23 13:29:29] [Level: info] transition: compute_local_norm
[Time: 30.06.23 13:29:30] [Level: info] state: compute_local_norm
[CTRL] GET /data
[CTRL] POST /data
starting orthogonalise_current
ending orthogonalise_current
starting eigenvector norms
17
[Time: 30.06.23 13:29:32] [Level: info] transition: compute_local_conorm
[Time: 30.06.23 13:29:33] [Level: info] state: compute_local_conorm
[CTRL] GET /data
[CTRL] POST /data
[Time: 30.06.23 13:29:35] [Level: info] transition: compute_local_norm
[Time: 30.06.23 13:29:36] [Level: info] state: compute_local_norm
[CTRL] GET /data
[CTRL] POST /data
starting orthogonalise_current
ending orthogonalise_current
starting eigenvector norms
17
[Time: 30.06.23 13:29:38] [Level: info] transition: compute_local_conorm
[Time: 30.06.23 13:29:39] [Level: info] state: compute_local_conorm
[CTRL] GET /data
[CTRL] POST /data
[Time: 30.06.23 13:29:41] [Level: info] transition: compute_local_norm
[Time: 30.06.23 13:29:42] [Level: info] state: compute_local_norm
[CTRL] GET /data
[CTRL] POST /data
starting orthogonalise_current
ending orthogonalise_current
starting eigenvector norms
17
[Time: 30.06.23 13:29:44] [Level: info] transition: compute_local_conorm
[Time: 30.06.23 13:29:45] [Level: info] state: compute_local_conorm
[CTRL] GET /data
[CTRL] POST /data
[Time: 30.06.23 13:29:47] [Level: info] transition: compute_local_norm
[Time: 30.06.23 13:29:48] [Level: info] state: compute_local_norm
[CTRL] GET /data
[CTRL] POST /data
starting orthogonalise_current
ending orthogonalise_current
starting eigenvector norms
17
[Time: 30.06.23 13:29:50] [Level: info] transition: compute_local_conorm
[Time: 30.06.23 13:29:51] [Level: info] state: compute_local_conorm
[CTRL] GET /data
[CTRL] POST /data
[Time: 30.06.23 13:29:53] [Level: info] transition: compute_local_norm
[Time: 30.06.23 13:29:54] [Level: info] state: compute_local_norm
[CTRL] GET /data
[CTRL] POST /data
starting orthogonalise_current
ending orthogonalise_current
starting eigenvector norms
17
[Time: 30.06.23 13:29:56] [Level: info] transition: compute_local_conorm
[Time: 30.06.23 13:29:57] [Level: info] state: compute_local_conorm
[CTRL] GET /data
[CTRL] POST /data
[Time: 30.06.23 13:29:59] [Level: info] transition: compute_local_norm
[Time: 30.06.23 13:30:00] [Level: info] state: compute_local_norm
[CTRL] GET /data
[CTRL] POST /data
starting orthogonalise_current
ending orthogonalise_current
starting eigenvector norms
17
[Time: 30.06.23 13:30:02] [Level: info] transition: compute_local_conorm
[Time: 30.06.23 13:30:03] [Level: info] state: compute_local_conorm
[CTRL] GET /data
[CTRL] POST /data
[Time: 30.06.23 13:30:05] [Level: info] transition: compute_local_norm
[Time: 30.06.23 13:30:06] [Level: info] state: compute_local_norm
[CTRL] GET /data
[CTRL] POST /data
starting orthogonalise_current
ending orthogonalise_current
starting eigenvector norms
17
[Time: 30.06.23 13:30:08] [Level: info] transition: compute_local_conorm
[Time: 30.06.23 13:30:09] [Level: info] state: compute_local_conorm
[CTRL] GET /data
[CTRL] POST /data
[Time: 30.06.23 13:30:11] [Level: info] transition: compute_local_norm
[Time: 30.06.23 13:30:12] [Level: info] state: compute_local_norm
[CTRL] GET /data
[CTRL] POST /data
starting orthogonalise_current
ending orthogonalise_current
starting eigenvector norms
17
[Time: 30.06.23 13:30:14] [Level: info] transition: compute_local_conorm
[Time: 30.06.23 13:30:15] [Level: info] state: compute_local_conorm
[CTRL] GET /data
[CTRL] POST /data
[Time: 30.06.23 13:30:17] [Level: info] transition: compute_local_norm
[Time: 30.06.23 13:30:18] [Level: info] state: compute_local_norm
[CTRL] GET /data
[CTRL] POST /data
starting orthogonalise_current
ending orthogonalise_current
starting eigenvector norms
17
[Time: 30.06.23 13:30:20] [Level: info] transition: normalize_g
[Time: 30.06.23 13:30:21] [Level: info] state: normalize_g
[CTRL] GET /data
[CTRL] POST /data
Normalising
(26, 17)
17
End normalising
(26, 17)
(17, 17)
(17,)
(26, 17)
[Time: 30.06.23 13:30:23] [Level: info] transition: separate_pca
[Time: 30.06.23 13:30:24] [Level: info] state: separate_pca
Starting factor analysis
[Time: 30.06.23 13:30:24] [Level: info] transition: scale_tabdata
[Time: 30.06.23 13:30:25] [Level: info] state: scale_tabdata
[Time: 30.06.23 13:30:25] [Level: info] transition: merging_tabdata
[Time: 30.06.23 13:30:26] [Level: info] state: merging_tabdata
MERGED TABDATA [[ 0.04006364 -0.26232757 -0.08642476 ... -0.51530704 -0.10239131
   0.09333138]
 [ 0.01104701 -0.19965209 -0.06250948 ... -0.06891255 -0.16996323
  -0.1185811 ]
 [-0.07086302 -0.13959485 -0.00244669 ...  0.02588198 -0.11156241
   0.03886179]
 ...
 [-0.25170112  0.00487607  0.00306396 ... -0.15118698  0.03485662
   0.11435489]
 [ 0.          0.00146889  0.07125438 ...  0.02161973 -0.02200984
   0.        ]
 [-0.16652597 -0.19205842  0.09245736 ...  0.12326311 -0.1372504
   0.        ]]
merged tabdata len 844
Exception in thread Thread-1:
Traceback (most recent call last):
  File "/usr/local/lib/python3.8/threading.py", line 932, in _bootstrap_inner
merged tabdata len[0] 26
    self.run()
  File "/usr/local/lib/python3.8/threading.py", line 870, in run
    self._target(*self._args, **self._kwargs)
  File "/app/engine/app.py", line 169, in guarded_run
    self.run()
  File "/app/engine/app.py", line 184, in run
    transition = self.current_state.run()
  File "/app/apps/svd/app.py", line 609, in run
    raise KeyboardInterrupt("done")
KeyboardInterrupt: done
