2023-07-01 12:50:29,418 CRIT Supervisor is running as root.  Privileges were not dropped because no user is specified in the config file.  If you intend to run as root, you can set user=root in the config file to avoid this message.
2023-07-01 12:50:29,422 INFO supervisord started with pid 7
2023-07-01 12:50:30,425 INFO spawned: 'nginx' with pid 10
2023-07-01 12:50:30,436 INFO spawned: 'app' with pid 11
2023-07-01 12:50:31,498 INFO success: nginx entered RUNNING state, process has stayed up for > than 1 seconds (startsecs)
2023-07-01 12:50:31,498 INFO success: app entered RUNNING state, process has stayed up for > than 1 seconds (startsecs)
[CTRL] POST /setup
[Time: 01.07.23 12:50:39] [Level: info] id: 8bb5fd5b5d037b05
[Time: 01.07.23 12:50:39] [Level: info] coordinator: True
[Time: 01.07.23 12:50:39] [Level: info] clients: ['2f56626443d4a1cc', '8bb5fd5b5d037b05']
[Time: 01.07.23 12:50:39] [Level: info] state: initial
[CLIENT] Parsing parameter file...
[API] /setup parsing parameter file 
[API] /setup config file found ... parsing file: /mnt/input/config.yaml
YAML file does not follow specification: missing key: eigenvalues
Setting default: eigenvalues.tsv
YAML file does not follow specification: missing key: explained_variance
Setting default: eigenvalues.tsv
YAML file does not follow specification: missing key: output delimiter
Setting default: tab
[API] /setup config file found ... parsing done
[CLIENT] finished parsing parameter file.
[STARTUP] Instantiate SVD
[Time: 01.07.23 12:50:39] [Level: info] transition: init_pca
[Time: 01.07.23 12:50:40] [Level: info] state: init_pca
[STARTUP] Copy configuration and create dir
/mnt/input/hospital_data_bredel_1.csv
TEST: ['/mnt/input/data_wine_1.csv', '/mnt/input/data_wine_2.csv', '/mnt/input/data_wine_3.csv']
[STARTUP] Configuration copied
Log Transform performed
out {'Row names': array(['fruity', 'woody', 'coffee'], dtype=object), 'Sample count': 3, 'Nans': array([0, 0, 0])}
[Time: 01.07.23 12:50:40] [Level: info] transition: check_row_names
[Time: 01.07.23 12:50:41] [Level: info] state: check_row_names
gathering
[CTRL] POST /data
unifying row names
[{'Row names': array(['fruity', 'woody', 'coffee'], dtype=object), 'Sample count': 3, 'Nans': array([0, 0, 0])}, {'Row names': array(['fruity', 'woody', 'coffee'], dtype=object), 'Sample count': 3, 'Nans': array([0, 0, 0])}]
['fruity', 'woody', 'coffee']
['fruity', 'woody', 'coffee']
[6, 6, 6]
[API] [COORDINATOR] row names identified!
[Time: 01.07.23 12:50:48] [Level: info] transition: wait_for_params
[Time: 01.07.23 12:50:49] [Level: info] state: wait_for_params
setting parameters
[API] Setting parameters
['fruity', 'woody', 'coffee']
INDEX
[0, 1, 2]
[Time: 01.07.23 12:50:49] [Level: info] transition: aggregate_sums
[Time: 01.07.23 12:50:50] [Level: info] state: aggregate_sums
[CTRL] GET /data
[CTRL] POST /data
setting parameters
[{'Sums': array([6.39231742, 5.80735492, 5.5849625 ]), 'Sample count': 3}, {'Sums': array([6.5849625 , 5.9068906 , 6.22881869]), 'Sample count': 3}]
SUMS
[2.16287999 1.95237425 1.96896353]
[Time: 01.07.23 12:50:54] [Level: info] transition: compute_std
[Time: 01.07.23 12:50:55] [Level: info] state: compute_std
(3, 1)
[Time: 01.07.23 12:50:55] [Level: info] transition: aggregate_stds
[Time: 01.07.23 12:50:56] [Level: info] state: aggregate_stds
[CTRL] GET /data
[CTRL] POST /data
setting parameters
[1.94579145 1.64027687 2.14938332]
[1.06128843 1.44375465 0.39662476]
COMPUTE STD
[3.00707988 3.08403153 2.54600807]
STD
[0.77551014 0.78537017 0.71358364]
[2 0]
['coffee' 'fruity']
(array([], dtype=int64),)
[]
[Time: 01.07.23 12:51:00] [Level: info] transition: apply_scaling
[Time: 01.07.23 12:51:01] [Level: info] state: apply_scaling
[2 0]
(array([], dtype=int64),)
CURRENT DATA:  <apps.svd.TabData.TabData object at 0x7f8605ab9340>
[Time: 01.07.23 12:51:01] [Level: info] transition: mfa_prerequisites
[Time: 01.07.23 12:51:02] [Level: info] state: mfa_prerequisites
Calling start_power_iteration
[Time: 01.07.23 12:51:02] [Level: info] transition: start_power_iteration
[CTRL] GET /data
[Time: 01.07.23 12:51:03] [Level: info] state: start_power_iteration
[STARTUP] Computing covariance matrix
[STARTUP] Random initialisation
TABDATA SCALED
[[-1.49950327  0.54426434  0.83103354]
 [ 1.088634    0.06064115 -1.21264378]
 [ 1.44487122 -0.53813037 -1.35788361]]
[Time: 01.07.23 12:51:03] [Level: info] transition: aggregate_randomized_projections_cov
[Time: 01.07.23 12:51:04] [Level: info] state: aggregate_randomized_projections_cov
[CTRL] POST /data
3
Global cov
[[ 1.         -0.9230407  -0.9282598 ]
 [-0.9230407   1.          0.89413101]
 [-0.9282598   0.89413101  1.        ]]
resetting k
[Time: 01.07.23 12:51:06] [Level: info] transition: compute_final_h_cov
[Time: 01.07.23 12:51:07] [Level: info] state: compute_final_h_cov
Setting k
starting eigenvector norms
2
[Time: 01.07.23 12:51:07] [Level: info] transition: aggregate_local_norm
[Time: 01.07.23 12:51:08] [Level: info] state: aggregate_local_norm
[CTRL] GET /data
[CTRL] POST /data
[{'Local Eigenvector norm': 9.626454740879916}, {'Local Eigenvector norm': 4.525391084925003}]
[Time: 01.07.23 12:51:12] [Level: info] transition: compute_local_conorm
[Time: 01.07.23 12:51:14] [Level: info] state: compute_local_conorm
[Time: 01.07.23 12:51:14] [Level: info] transition: aggregate_local_conorm
[Time: 01.07.23 12:51:15] [Level: info] state: aggregate_local_conorm
[CTRL] GET /data
[CTRL] POST /data
aggregating co norms
[{'Local Conorms': [0.2698767637489]}, {'Local Conorms': [-0.2698767637489001]}]
[Time: 01.07.23 12:51:19] [Level: info] transition: compute_local_norm
[Time: 01.07.23 12:51:20] [Level: info] state: compute_local_norm
starting orthogonalise_current
ending orthogonalise_current
starting eigenvector norms
2
[Time: 01.07.23 12:51:20] [Level: info] transition: aggregate_local_norm
[Time: 01.07.23 12:51:21] [Level: info] state: aggregate_local_norm
[CTRL] GET /data
[CTRL] POST /data
[{'Local Eigenvector norm': 0.2670862051248467}, {'Local Eigenvector norm': 0.26331493842382325}]
[Time: 01.07.23 12:51:25] [Level: info] transition: normalize_g
[Time: 01.07.23 12:51:26] [Level: info] state: normalize_g
Normalising
(3, 2)
2
End normalising
(3, 2)
(2, 2)
(2,)
(3, 2)
[Time: 01.07.23 12:51:26] [Level: info] transition: separate_pca
[Time: 01.07.23 12:51:27] [Level: info] state: separate_pca
[Time: 01.07.23 12:51:27] [Level: info] transition: init_pca
[CTRL] GET /data
[Time: 01.07.23 12:51:28] [Level: info] state: init_pca
[STARTUP] Copy configuration and create dir
/mnt/input/hospital_data_bredel_1.csv
TEST: ['/mnt/input/data_wine_1.csv', '/mnt/input/data_wine_2.csv', '/mnt/input/data_wine_3.csv']
[STARTUP] Configuration copied
Log Transform performed
out {'Row names': array(['red_fruit', 'roasted', 'vanillin', 'woody_2'], dtype=object), 'Sample count': 3, 'Nans': array([0, 0, 0, 0])}
[Time: 01.07.23 12:51:28] [Level: info] transition: check_row_names
[Time: 01.07.23 12:51:29] [Level: info] state: check_row_names
gathering
[CTRL] POST /data
unifying row names
[{'Row names': array(['red_fruit', 'roasted', 'vanillin', 'woody_2'], dtype=object), 'Sample count': 3, 'Nans': array([0, 0, 0, 0])}, {'Row names': array(['red_fruit', 'roasted', 'vanillin', 'woody_2'], dtype=object), 'Sample count': 3, 'Nans': array([0, 0, 0, 0])}]
['red_fruit', 'roasted', 'vanillin', 'woody_2']
['woody_2', 'roasted', 'red_fruit', 'vanillin']
[6, 6, 6, 6]
[API] [COORDINATOR] row names identified!
[Time: 01.07.23 12:51:31] [Level: info] transition: wait_for_params
[Time: 01.07.23 12:51:32] [Level: info] state: wait_for_params
setting parameters
[API] Setting parameters
['woody_2', 'roasted', 'red_fruit', 'vanillin']
INDEX
[3, 1, 0, 2]
[Time: 01.07.23 12:51:32] [Level: info] transition: aggregate_sums
[Time: 01.07.23 12:51:33] [Level: info] state: aggregate_sums
[CTRL] GET /data
[CTRL] POST /data
setting parameters
[{'Sums': array([5.39231742, 6.4918531 , 6.4918531 , 6.32192809]), 'Sample count': 3}, {'Sums': array([6.7548875 , 6.7548875 , 7.        , 6.12928302]), 'Sample count': 3}]
SUMS
[2.02453415 2.2077901  2.24864218 2.07520185]
[Time: 01.07.23 12:51:37] [Level: info] transition: compute_std
[Time: 01.07.23 12:51:38] [Level: info] state: compute_std
(4, 1)
[Time: 01.07.23 12:51:38] [Level: info] transition: aggregate_stds
[Time: 01.07.23 12:51:39] [Level: info] state: aggregate_stds
[CTRL] GET /data
[CTRL] POST /data
setting parameters
[1.85570183 0.54320072 0.5589529  2.07218448]
[0.8213831  0.67243226 0.68818444 1.75298098]
COMPUTE STD
[2.67708493 1.21563298 1.24713734 3.82516546]
STD
[0.73172193 0.49307869 0.49942714 0.8746617 ]
[1 2 0]
['roasted' 'red_fruit' 'woody_2']
(array([], dtype=int64),)
[]
[Time: 01.07.23 12:51:43] [Level: info] transition: apply_scaling
[Time: 01.07.23 12:51:44] [Level: info] state: apply_scaling
[1 2 0]
(array([], dtype=int64),)
CURRENT DATA:  <apps.svd.TabData.TabData object at 0x7f8605b6ea90>
[Time: 01.07.23 12:51:44] [Level: info] transition: mfa_prerequisites
[Time: 01.07.23 12:51:45] [Level: info] state: mfa_prerequisites
Calling start_power_iteration
[Time: 01.07.23 12:51:45] [Level: info] transition: start_power_iteration
[CTRL] GET /data
[Time: 01.07.23 12:51:46] [Level: info] state: start_power_iteration
[STARTUP] Computing covariance matrix
[STARTUP] Random initialisation
TABDATA SCALED
[[ 1.06983368 -0.60073593 -1.40016871]
 [ 0.76493348  0.23148028 -1.26314037]
 [-1.32888189  0.14673995  0.67341218]
 [ 1.05732096  0.28208191 -1.22927739]]
[Time: 01.07.23 12:51:46] [Level: info] transition: aggregate_randomized_projections_cov
[Time: 01.07.23 12:51:47] [Level: info] state: aggregate_randomized_projections_cov
[CTRL] POST /data
3
Global cov
[[ 1.          0.87568938 -0.82382266  0.85570599]
 [ 0.87568938  1.         -0.89902451  0.96713063]
 [-0.82382266 -0.89902451  1.         -0.91960414]
 [ 0.85570599  0.96713063 -0.91960414  1.        ]]
[Time: 01.07.23 12:51:49] [Level: info] transition: compute_final_h_cov
[Time: 01.07.23 12:51:50] [Level: info] state: compute_final_h_cov
Setting k
starting eigenvector norms
3
[Time: 01.07.23 12:51:50] [Level: info] transition: aggregate_local_norm
[Time: 01.07.23 12:51:51] [Level: info] state: aggregate_local_norm
[CTRL] GET /data
[CTRL] POST /data
[{'Local Eigenvector norm': 9.652416136879378}, {'Local Eigenvector norm': 8.708671126667005}]
[Time: 01.07.23 12:51:55] [Level: info] transition: compute_local_conorm
[Time: 01.07.23 12:51:56] [Level: info] state: compute_local_conorm
[Time: 01.07.23 12:51:56] [Level: info] transition: aggregate_local_conorm
[Time: 01.07.23 12:51:57] [Level: info] state: aggregate_local_conorm
[CTRL] GET /data
[CTRL] POST /data
aggregating co norms
[{'Local Conorms': [-0.21830889872231804]}, {'Local Conorms': [0.21830889872231887]}]
[Time: 01.07.23 12:52:01] [Level: info] transition: compute_local_norm
[Time: 01.07.23 12:52:02] [Level: info] state: compute_local_norm
starting orthogonalise_current
ending orthogonalise_current
starting eigenvector norms
3
[Time: 01.07.23 12:52:02] [Level: info] transition: aggregate_local_norm
[Time: 01.07.23 12:52:03] [Level: info] state: aggregate_local_norm
[CTRL] GET /data
[CTRL] POST /data
[{'Local Eigenvector norm': 0.4806023595033584}, {'Local Eigenvector norm': 0.4750369465723159}]
[Time: 01.07.23 12:52:07] [Level: info] transition: compute_local_conorm
[Time: 01.07.23 12:52:08] [Level: info] state: compute_local_conorm
[Time: 01.07.23 12:52:08] [Level: info] transition: aggregate_local_conorm
[Time: 01.07.23 12:52:09] [Level: info] state: aggregate_local_conorm
[CTRL] GET /data
[CTRL] POST /data
aggregating co norms
[{'Local Conorms': [0.014001542080094454, -0.08102233772145956]}, {'Local Conorms': [-0.014001542080094262, 0.08102233772145015]}]
[Time: 01.07.23 12:52:13] [Level: info] transition: compute_local_norm
[Time: 01.07.23 12:52:14] [Level: info] state: compute_local_norm
starting orthogonalise_current
ending orthogonalise_current
starting eigenvector norms
3
[Time: 01.07.23 12:52:14] [Level: info] transition: aggregate_local_norm
[Time: 01.07.23 12:52:15] [Level: info] state: aggregate_local_norm
[CTRL] GET /data
[CTRL] POST /data
[{'Local Eigenvector norm': 0.4858346948080402}, {'Local Eigenvector norm': 0.048340024981536965}]
[Time: 01.07.23 12:52:19] [Level: info] transition: normalize_g
[Time: 01.07.23 12:52:20] [Level: info] state: normalize_g
Normalising
(3, 3)
3
End normalising
(3, 3)
(3, 3)
(3,)
(3, 3)
[Time: 01.07.23 12:52:20] [Level: info] transition: separate_pca
[Time: 01.07.23 12:52:21] [Level: info] state: separate_pca
[Time: 01.07.23 12:52:21] [Level: info] transition: init_pca
[CTRL] GET /data
[Time: 01.07.23 12:52:22] [Level: info] state: init_pca
[STARTUP] Copy configuration and create dir
/mnt/input/hospital_data_bredel_1.csv
TEST: ['/mnt/input/data_wine_1.csv', '/mnt/input/data_wine_2.csv', '/mnt/input/data_wine_3.csv']
[STARTUP] Configuration copied
Log Transform performed
out {'Row names': array(['fruity_2', 'butter', 'woody_3'], dtype=object), 'Sample count': 3, 'Nans': array([0, 0, 0])}
[Time: 01.07.23 12:52:22] [Level: info] transition: check_row_names
[Time: 01.07.23 12:52:23] [Level: info] state: check_row_names
gathering
[CTRL] POST /data
unifying row names
[{'Row names': array(['fruity_2', 'butter', 'woody_3'], dtype=object), 'Sample count': 3, 'Nans': array([0, 0, 0])}, {'Row names': array(['fruity_2', 'butter', 'woody_3'], dtype=object), 'Sample count': 3, 'Nans': array([0, 0, 0])}]
['fruity_2', 'butter', 'woody_3']
['fruity_2', 'woody_3', 'butter']
[6, 6, 6]
[API] [COORDINATOR] row names identified!
[Time: 01.07.23 12:52:25] [Level: info] transition: wait_for_params
[Time: 01.07.23 12:52:26] [Level: info] state: wait_for_params
setting parameters
[API] Setting parameters
['fruity_2', 'woody_3', 'butter']
INDEX
[0, 2, 1]
[Time: 01.07.23 12:52:26] [Level: info] transition: aggregate_sums
[Time: 01.07.23 12:52:27] [Level: info] state: aggregate_sums
[CTRL] GET /data
[CTRL] POST /data
setting parameters
[{'Sums': array([7.32192809, 6.        , 6.12928302]), 'Sample count': 3}, {'Sums': array([4.169925  , 6.97727992, 7.39231742]), 'Sample count': 3}]
SUMS
[1.91530885 2.16287999 2.25360007]
[Time: 01.07.23 12:52:31] [Level: info] transition: compute_std
[Time: 01.07.23 12:52:32] [Level: info] state: compute_std
(3, 1)
[Time: 01.07.23 12:52:32] [Level: info] transition: aggregate_stds
[Time: 01.07.23 12:52:33] [Level: info] state: aggregate_stds
[CTRL] GET /data
[CTRL] POST /data
setting parameters
[1.34906669 2.07958967 1.88282629]
[1.05604771 0.92749021 1.31083349]
COMPUTE STD
[2.4051144  3.00707988 3.19365978]
STD
[0.69355813 0.77551014 0.79920708]
[0 1]
['fruity_2' 'woody_3']
(array([], dtype=int64),)
[]
[Time: 01.07.23 12:52:37] [Level: info] transition: apply_scaling
[Time: 01.07.23 12:52:38] [Level: info] state: apply_scaling
[0 1]
(array([], dtype=int64),)
CURRENT DATA:  <apps.svd.TabData.TabData object at 0x7f8605ab9cd0>
[Time: 01.07.23 12:52:38] [Level: info] transition: mfa_prerequisites
[Time: 01.07.23 12:52:39] [Level: info] state: mfa_prerequisites
Calling start_power_iteration
[Time: 01.07.23 12:52:39] [Level: info] transition: start_power_iteration
[CTRL] GET /data
[Time: 01.07.23 12:52:40] [Level: info] state: start_power_iteration
[STARTUP] Computing covariance matrix
[STARTUP] Random initialisation
TABDATA SCALED
[[ 0.12211111  0.58627998  1.56395131]
 [ 1.07944432 -0.21002947 -1.49950327]
 [ 0.69288031  0.08549477 -1.56855477]]
[Time: 01.07.23 12:52:40] [Level: info] transition: aggregate_randomized_projections_cov
[Time: 01.07.23 12:52:41] [Level: info] state: aggregate_randomized_projections_cov
[CTRL] POST /data
3
Global cov
[[ 1.         -0.61912682 -0.69649453]
 [-0.61912682  1.          0.95791864]
 [-0.69649453  0.95791864  1.        ]]
resetting k
[Time: 01.07.23 12:52:43] [Level: info] transition: compute_final_h_cov
[Time: 01.07.23 12:52:44] [Level: info] state: compute_final_h_cov
Setting k
starting eigenvector norms
2
[Time: 01.07.23 12:52:44] [Level: info] transition: aggregate_local_norm
[Time: 01.07.23 12:52:45] [Level: info] state: aggregate_local_norm
[CTRL] GET /data
[CTRL] POST /data
[{'Local Eigenvector norm': 8.261402397506615}, {'Local Eigenvector norm': 4.3667390723537975}]
[Time: 01.07.23 12:52:49] [Level: info] transition: compute_local_conorm
[Time: 01.07.23 12:52:50] [Level: info] state: compute_local_conorm
[Time: 01.07.23 12:52:50] [Level: info] transition: aggregate_local_conorm
[Time: 01.07.23 12:52:51] [Level: info] state: aggregate_local_conorm
[CTRL] GET /data
[CTRL] POST /data
aggregating co norms
[{'Local Conorms': [-0.02190485000890451]}, {'Local Conorms': [0.021904850008904853]}]
[Time: 01.07.23 12:52:55] [Level: info] transition: compute_local_norm
[Time: 01.07.23 12:52:56] [Level: info] state: compute_local_norm
starting orthogonalise_current
ending orthogonalise_current
starting eigenvector norms
2
[Time: 01.07.23 12:52:56] [Level: info] transition: aggregate_local_norm
[Time: 01.07.23 12:52:57] [Level: info] state: aggregate_local_norm
[CTRL] GET /data
[CTRL] POST /data
[{'Local Eigenvector norm': 0.840709118313968}, {'Local Eigenvector norm': 1.3498905664774647}]
[Time: 01.07.23 12:53:01] [Level: info] transition: normalize_g
[Time: 01.07.23 12:53:02] [Level: info] state: normalize_g
Normalising
(3, 2)
2
End normalising
(3, 2)
(2, 2)
(2,)
(3, 2)
[Time: 01.07.23 12:53:02] [Level: info] transition: separate_pca
[Time: 01.07.23 12:53:03] [Level: info] state: separate_pca
Starting scale tabdata
[Time: 01.07.23 12:53:03] [Level: info] transition: scale_tabdata
[CTRL] GET /data
[Time: 01.07.23 12:53:04] [Level: info] state: scale_tabdata
Starting merge tabdata
[Time: 01.07.23 12:53:04] [Level: info] transition: merging_tabdata
[Time: 01.07.23 12:53:05] [Level: info] state: merging_tabdata
Starting global pca
[Time: 01.07.23 12:53:05] [Level: info] transition: init_pca
[Time: 01.07.23 12:53:06] [Level: info] state: init_pca
[STARTUP] Copy configuration and create dir
/mnt/input/hospital_data_bredel_1.csv
TEST: ['/mnt/input/data_wine_1.csv', '/mnt/input/data_wine_2.csv', '/mnt/input/data_wine_3.csv']
Log Transform performed
out {'Row names': array(['fruity', 'woody', 'coffee', 'woody_2', 'roasted', 'red_fruit',
       'vanillin', 'fruity_2', 'woody_3', 'butter'], dtype=object), 'Sample count': 3, 'Nans': array([0, 0, 0, 0, 0, 0, 0, 0, 0, 0])}
[Time: 01.07.23 12:53:06] [Level: info] transition: check_row_names
[Time: 01.07.23 12:53:07] [Level: info] state: check_row_names
gathering
[CTRL] POST /data
unifying row names
[{'Row names': array(['fruity', 'woody', 'coffee', 'woody_2', 'roasted', 'red_fruit',
       'vanillin', 'fruity_2', 'woody_3', 'butter'], dtype=object), 'Sample count': 3, 'Nans': array([0, 0, 0, 0, 0, 0, 0, 0, 0, 0])}, {'Row names': array(['fruity', 'woody', 'coffee', 'woody_2', 'roasted', 'red_fruit',
       'vanillin', 'fruity_2', 'woody_3', 'butter'], dtype=object), 'Sample count': 3, 'Nans': array([0, 0, 0, 0, 0, 0, 0, 0, 0, 0])}]
['fruity', 'woody', 'coffee', 'woody_2', 'roasted', 'red_fruit', 'vanillin', 'fruity_2', 'woody_3', 'butter']
['fruity_2', 'woody_3', 'fruity', 'red_fruit', 'butter', 'woody', 'woody_2', 'vanillin', 'roasted', 'coffee']
[6, 6, 6, 6, 6, 6, 6, 6, 6, 6]
[API] [COORDINATOR] row names identified!
[Time: 01.07.23 12:53:10] [Level: info] transition: wait_for_params
[Time: 01.07.23 12:53:11] [Level: info] state: wait_for_params
setting parameters
[API] Setting parameters
['fruity_2', 'woody_3', 'fruity', 'red_fruit', 'butter', 'woody', 'woody_2', 'vanillin', 'roasted', 'coffee']
INDEX
[7, 8, 0, 5, 9, 1, 3, 6, 4, 2]
[Time: 01.07.23 12:53:11] [Level: info] transition: aggregate_sums
[Time: 01.07.23 12:53:12] [Level: info] state: aggregate_sums
[CTRL] GET /data
[CTRL] POST /data
setting parameters
[{'Sums': array([ 1.35278446, -1.80672058, -1.26866805, -0.97668506, -2.05856002,
       -0.72872427, -1.52121028, -0.52031074, -0.75260883, -1.40308646]), 'Sample count': 3}, {'Sums': array([-2.57772897,  0.16710561, -0.22650852, -0.00570335,  0.18580577,
       -0.60141028,  0.41381638, -0.62567151, -0.45185842,  0.18660243]), 'Sample count': 3}]
SUMS
[-0.20415742 -0.27326916 -0.24919609 -0.1637314  -0.31212571 -0.22168909
 -0.18456565 -0.19099704 -0.20074454 -0.20274734]
[Time: 01.07.23 12:53:16] [Level: info] transition: compute_std
[Time: 01.07.23 12:53:17] [Level: info] state: compute_std
(10, 1)
[Time: 01.07.23 12:53:17] [Level: info] transition: aggregate_stds
[Time: 01.07.23 12:53:18] [Level: info] state: aggregate_stds
[CTRL] GET /data
[CTRL] POST /data
setting parameters
[1.59784258 4.93393237 4.52546733 2.13128906 5.84149263 2.24409247
 2.79600251 1.98878656 1.89542063 3.4379803 ]
[2.44406639 1.25361057 0.99753289 1.01467294 1.66554996 2.23475901
 0.91205493 1.83419946 2.1986069  0.6335832 ]
COMPUTE STD
[4.04190898 6.18754293 5.52300021 3.145962   7.50704259 4.47885147
 3.70805744 3.82298602 4.09402753 4.0715635 ]
STD
[0.89910055 1.11243363 1.05099954 0.79321649 1.22531976 0.94645142
 0.86116868 0.87441249 0.90487872 0.90239276]
[3 6 7 0 9 8 5 2 1]
['red_fruit' 'woody_2' 'vanillin' 'fruity_2' 'coffee' 'roasted' 'woody'
 'fruity' 'woody_3']
(array([], dtype=int64),)
[]
[Time: 01.07.23 12:53:22] [Level: info] transition: apply_scaling
[Time: 01.07.23 12:53:23] [Level: info] state: apply_scaling
[3 6 7 0 9 8 5 2 1]
(array([], dtype=int64),)
CURRENT DATA:  <apps.svd.TabData.TabData object at 0x7f860598abb0>
[Time: 01.07.23 12:53:23] [Level: info] transition: mfa_prerequisites
[Time: 01.07.23 12:53:24] [Level: info] state: mfa_prerequisites
Calling start_power_iteration
[Time: 01.07.23 12:53:24] [Level: info] transition: start_power_iteration
[CTRL] GET /data
[Time: 01.07.23 12:53:25] [Level: info] state: start_power_iteration
[STARTUP] Computing covariance matrix
[STARTUP] Random initialisation
TABDATA SCALED
[[ 0.32778161  0.66158656  1.19643488]
 [ 0.83280286  0.09245508 -1.81242375]
 [-1.79902197  0.57662232  0.72660518]
 [-1.66171362  0.33098055  0.71867966]
 [ 0.62328667  0.30695311 -1.8460684 ]
 [ 0.91332448  0.28116051 -1.26174359]
 [ 0.91226984 -0.35993602 -1.67582258]
 [ 0.89921953  0.42920577 -1.26817869]
 [ 0.72321829  0.39085286 -1.28025387]
 [ 1.11473772 -0.29486351 -1.70069294]]
[Time: 01.07.23 12:53:25] [Level: info] transition: aggregate_randomized_projections_cov
[Time: 01.07.23 12:53:26] [Level: info] state: aggregate_randomized_projections_cov
[CTRL] POST /data
3
Global cov
[[ 1.         -0.57785066  0.08502732  0.16354382 -0.61773274 -0.37371643
  -0.66013298 -0.3105805  -0.42710933 -0.58745535]
 [-0.57785066  1.         -0.67353397 -0.70484694  0.9875193   0.89215792
   0.97397486  0.88192445  0.88306234  0.97280373]
 [ 0.08502732 -0.67353397  1.          0.96366251 -0.57255634 -0.74907249
  -0.72579521 -0.73240816 -0.66785165 -0.77303312]
 [ 0.16354382 -0.70484694  0.96366251  1.         -0.63627492 -0.84721622
  -0.74147726 -0.82808028 -0.79078124 -0.77432484]
 [-0.61773274  0.9875193  -0.57255634 -0.63627492  1.          0.8845561
   0.94227818  0.87686598  0.89400271  0.93341934]
 [-0.37371643  0.89215792 -0.74907249 -0.84721622  0.8845561   1.
   0.85726827  0.99590445  0.99245766  0.84686719]
 [-0.66013298  0.97397486 -0.72579521 -0.74147726  0.94227818  0.85726827
   1.          0.82869762  0.8396432   0.99025666]
 [-0.3105805   0.88192445 -0.73240816 -0.82808028  0.87686598  0.99590445
   0.82869762  1.          0.98777365  0.82332622]
 [-0.42710933  0.88306234 -0.66785165 -0.79078124  0.89400271  0.99245766
   0.8396432   0.98777365  1.          0.81920885]
 [-0.58745535  0.97280373 -0.77303312 -0.77432484  0.93341934  0.84686719
   0.99025666  0.82332622  0.81920885  1.        ]]
[Time: 01.07.23 12:53:28] [Level: info] transition: compute_final_h_cov
[Time: 01.07.23 12:53:29] [Level: info] state: compute_final_h_cov
Setting k
starting eigenvector norms
3
[Time: 01.07.23 12:53:29] [Level: info] transition: aggregate_local_norm
[Time: 01.07.23 12:53:30] [Level: info] state: aggregate_local_norm
[CTRL] GET /data
[CTRL] POST /data
[{'Local Eigenvector norm': 27.375931567327555}, {'Local Eigenvector norm': 12.56741236517842}]
[Time: 01.07.23 12:53:34] [Level: info] transition: compute_local_conorm
[Time: 01.07.23 12:53:35] [Level: info] state: compute_local_conorm
[Time: 01.07.23 12:53:35] [Level: info] transition: aggregate_local_conorm
[Time: 01.07.23 12:53:36] [Level: info] state: aggregate_local_conorm
[CTRL] GET /data
[CTRL] POST /data
aggregating co norms
[{'Local Conorms': [-0.006611648717840778]}, {'Local Conorms': [0.00661164871784127]}]
[Time: 01.07.23 12:53:40] [Level: info] transition: compute_local_norm
[Time: 01.07.23 12:53:41] [Level: info] state: compute_local_norm
starting orthogonalise_current
ending orthogonalise_current
starting eigenvector norms
3
[Time: 01.07.23 12:53:41] [Level: info] transition: aggregate_local_norm
[Time: 01.07.23 12:53:42] [Level: info] state: aggregate_local_norm
[CTRL] GET /data
[CTRL] POST /data
[{'Local Eigenvector norm': 3.054572103101802}, {'Local Eigenvector norm': 3.293372270919753}]
[Time: 01.07.23 12:53:46] [Level: info] transition: compute_local_conorm
[Time: 01.07.23 12:53:47] [Level: info] state: compute_local_conorm
[Time: 01.07.23 12:53:47] [Level: info] transition: aggregate_local_conorm
[Time: 01.07.23 12:53:48] [Level: info] state: aggregate_local_conorm
[CTRL] GET /data
[CTRL] POST /data
aggregating co norms
[{'Local Conorms': [-0.3229892156274991, -0.329255374888884]}, {'Local Conorms': [0.3229892156274993, 0.3292553748888834]}]
[Time: 01.07.23 12:53:52] [Level: info] transition: compute_local_norm
[Time: 01.07.23 12:53:53] [Level: info] state: compute_local_norm
starting orthogonalise_current
ending orthogonalise_current
starting eigenvector norms
3
[Time: 01.07.23 12:53:53] [Level: info] transition: aggregate_local_norm
[Time: 01.07.23 12:53:54] [Level: info] state: aggregate_local_norm
[CTRL] GET /data
[CTRL] POST /data
[{'Local Eigenvector norm': 1.9686139173190942}, {'Local Eigenvector norm': 0.5374231469413198}]
[Time: 01.07.23 12:53:58] [Level: info] transition: normalize_g
[Time: 01.07.23 12:53:59] [Level: info] state: normalize_g
Normalising
(3, 3)
3
End normalising
(3, 3)
(3, 3)
(3,)
(3, 3)
[Time: 01.07.23 12:53:59] [Level: info] transition: separate_pca
[Time: 01.07.23 12:54:00] [Level: info] state: separate_pca
Starting factor analysis
[Time: 01.07.23 12:54:00] [Level: info] transition: projection_matrix
[CTRL] GET /data
[Time: 01.07.23 12:54:01] [Level: info] state: projection_matrix
M [[0.1 0.  0.  0.  0.  0.  0.  0.  0.  0. ]
 [0.  0.1 0.  0.  0.  0.  0.  0.  0.  0. ]
 [0.  0.  0.1 0.  0.  0.  0.  0.  0.  0. ]
 [0.  0.  0.  0.1 0.  0.  0.  0.  0.  0. ]
 [0.  0.  0.  0.  0.1 0.  0.  0.  0.  0. ]
 [0.  0.  0.  0.  0.  0.1 0.  0.  0.  0. ]
 [0.  0.  0.  0.  0.  0.  0.1 0.  0.  0. ]
 [0.  0.  0.  0.  0.  0.  0.  0.1 0.  0. ]
 [0.  0.  0.  0.  0.  0.  0.  0.  0.1 0. ]
 [0.  0.  0.  0.  0.  0.  0.  0.  0.  0.1]]
U [[-0.18233542  0.70122115  0.26761499]
 [ 0.3419617  -0.15141082  0.02264127]
 [-0.28017363 -0.44047841  0.50035931]
 [-0.30009765 -0.40335673  0.26863869]
 [ 0.33363891 -0.2243364   0.18091409]
 [ 0.3399857   0.11714845  0.31517894]
 [ 0.34037026 -0.17191602 -0.23331966]
 [ 0.3340651   0.14849195  0.39627335]
 [ 0.33396841  0.04425568  0.42045221]
 [ 0.33965956 -0.10503168 -0.29159055]]
S [[2.51397587 0.         0.        ]
 [0.         1.5872973  0.        ]
 [0.         0.         1.25819186]]
[Time: 01.07.23 12:54:01] [Level: info] Traceback (most recent call last):
  File "/app/engine/app.py", line 169, in guarded_run
    self.run()
  File "/app/engine/app.py", line 184, in run
    transition = self.current_state.run()
  File "/app/apps/svd/app.py", line 640, in run
    self.projection_matrix()
  File "/app/apps/svd/app.py", line 654, in projection_matrix
    P = np.dot(np.linalg.inv(math.sqrt(M)), np.dot(U, np.linalg.inv(S)))
TypeError: only size-1 arrays can be converted to Python scalars

