2023-07-02 08:26:28,132 CRIT Supervisor is running as root.  Privileges were not dropped because no user is specified in the config file.  If you intend to run as root, you can set user=root in the config file to avoid this message.
2023-07-02 08:26:28,133 INFO supervisord started with pid 7
2023-07-02 08:26:29,137 INFO spawned: 'nginx' with pid 10
2023-07-02 08:26:29,139 INFO spawned: 'app' with pid 11
2023-07-02 08:26:30,166 INFO success: nginx entered RUNNING state, process has stayed up for > than 1 seconds (startsecs)
2023-07-02 08:26:30,166 INFO success: app entered RUNNING state, process has stayed up for > than 1 seconds (startsecs)
[CTRL] POST /setup
[Time: 02.07.23 08:26:32] [Level: info] id: 26a5236b04dcbc0a
[Time: 02.07.23 08:26:32] [Level: info] coordinator: False
[Time: 02.07.23 08:26:32] [Level: info] clients: ['26a5236b04dcbc0a', '9a33416aab781c16']
[Time: 02.07.23 08:26:32] [Level: info] state: initial
[CLIENT] Parsing parameter file...
[API] /setup parsing parameter file 
[API] /setup config file found ... parsing file: /mnt/input/config.yaml
YAML file does not follow specification: missing key: eigenvalues
Setting default: eigenvalues.tsv
YAML file does not follow specification: missing key: explained_variance
Setting default: eigenvalues.tsv
YAML file does not follow specification: missing key: output delimiter
Setting default: tab
YAML file does not follow specification: missing key: inertia
Setting default: inertia.tsv
YAML file does not follow specification: missing key: global_factor_score
Setting default: global_factor_score.tsv
YAML file does not follow specification: missing key: omic_factor_score
Setting default: omic_factor_score.tsv
YAML file does not follow specification: missing key: projection_matrix
Setting default: projection_matrix.tsv
[API] /setup config file found ... parsing done
[CLIENT] finished parsing parameter file.
[STARTUP] Instantiate SVD
[Time: 02.07.23 08:26:32] [Level: info] transition: init_pca
[Time: 02.07.23 08:26:33] [Level: info] state: init_pca
[STARTUP] Copy configuration and create dir
/mnt/input/hospital_data_bredel_1.csv
TEST: ['/mnt/input/data_wine_1.csv', '/mnt/input/data_wine_2.csv', '/mnt/input/data_wine_3.csv']
[STARTUP] Configuration copied
Log Transform performed
out {'Row names': array(['fruity', 'woody', 'coffee'], dtype=object), 'Sample count': 3, 'Nans': array([0, 0, 0])}
[Time: 02.07.23 08:26:33] [Level: info] transition: wait_for_params
[Time: 02.07.23 08:26:34] [Level: info] state: wait_for_params
[CTRL] GET /data
[CTRL] POST /data
setting parameters
[API] Setting parameters
['woody', 'coffee', 'fruity']
INDEX
[1, 2, 0]
[Time: 02.07.23 08:26:36] [Level: info] transition: compute_std
[Time: 02.07.23 08:26:37] [Level: info] state: compute_std
[CTRL] GET /data
[CTRL] POST /data
(3, 1)
[Time: 02.07.23 08:26:39] [Level: info] transition: apply_scaling
[Time: 02.07.23 08:26:40] [Level: info] state: apply_scaling
[CTRL] GET /data
[CTRL] POST /data
[1 2]
(array([], dtype=int64),)
CURRENT DATA:  <apps.svd.TabData.TabData object at 0x7f7fe5b1d700>
[Time: 02.07.23 08:26:42] [Level: info] transition: mfa_prerequisites
[Time: 02.07.23 08:26:43] [Level: info] state: mfa_prerequisites
Calling start_power_iteration
[Time: 02.07.23 08:26:43] [Level: info] transition: start_power_iteration
[Time: 02.07.23 08:26:44] [Level: info] state: start_power_iteration
[STARTUP] Computing covariance matrix
[STARTUP] Random initialisation
TABDATA SCALED
[[-1.21264378  0.80546508  0.47054734]
 [-0.53813037  0.49463657  0.49463657]
 [ 1.07944432 -0.74520945 -0.21002947]]
[Time: 02.07.23 08:26:44] [Level: info] transition: compute_final_h_cov
[Time: 02.07.23 08:26:45] [Level: info] state: compute_final_h_cov
[CTRL] GET /data
[CTRL] POST /data
Setting k
starting eigenvector norms
2
[Time: 02.07.23 08:26:48] [Level: info] transition: compute_local_conorm
[Time: 02.07.23 08:26:49] [Level: info] state: compute_local_conorm
[CTRL] GET /data
[CTRL] POST /data
[Time: 02.07.23 08:26:51] [Level: info] transition: compute_local_norm
[Time: 02.07.23 08:26:52] [Level: info] state: compute_local_norm
[CTRL] GET /data
[CTRL] POST /data
starting orthogonalise_current
ending orthogonalise_current
starting eigenvector norms
2
[Time: 02.07.23 08:26:54] [Level: info] transition: normalize_g
[Time: 02.07.23 08:26:55] [Level: info] state: normalize_g
[CTRL] GET /data
[CTRL] POST /data
Normalising
(3, 2)
2
End normalising
(3, 2)
(2, 2)
(2,)
(3, 2)
[Time: 02.07.23 08:26:57] [Level: info] transition: separate_pca
[Time: 02.07.23 08:26:58] [Level: info] state: separate_pca
[Time: 02.07.23 08:26:58] [Level: info] transition: init_pca
[Time: 02.07.23 08:26:59] [Level: info] state: init_pca
[STARTUP] Copy configuration and create dir
/mnt/input/hospital_data_bredel_1.csv
TEST: ['/mnt/input/data_wine_1.csv', '/mnt/input/data_wine_2.csv', '/mnt/input/data_wine_3.csv']
[STARTUP] Configuration copied
Log Transform performed
out {'Row names': array(['red_fruit', 'roasted', 'vanillin', 'woody_2'], dtype=object), 'Sample count': 3, 'Nans': array([0, 0, 0, 0])}
[Time: 02.07.23 08:26:59] [Level: info] transition: wait_for_params
[Time: 02.07.23 08:27:00] [Level: info] state: wait_for_params
[CTRL] GET /data
[CTRL] POST /data
setting parameters
[API] Setting parameters
['woody_2', 'red_fruit', 'vanillin', 'roasted']
INDEX
[3, 0, 2, 1]
[Time: 02.07.23 08:27:03] [Level: info] transition: compute_std
[Time: 02.07.23 08:27:04] [Level: info] state: compute_std
[CTRL] GET /data
[CTRL] POST /data
(4, 1)
[Time: 02.07.23 08:27:06] [Level: info] transition: apply_scaling
[Time: 02.07.23 08:27:07] [Level: info] state: apply_scaling
[CTRL] GET /data
[CTRL] POST /data
[3 1 0]
(array([], dtype=int64),)
CURRENT DATA:  <apps.svd.TabData.TabData object at 0x7f7fe5b1d1f0>
[Time: 02.07.23 08:27:09] [Level: info] transition: mfa_prerequisites
[Time: 02.07.23 08:27:10] [Level: info] state: mfa_prerequisites
Calling start_power_iteration
[Time: 02.07.23 08:27:10] [Level: info] transition: start_power_iteration
[Time: 02.07.23 08:27:11] [Level: info] state: start_power_iteration
[STARTUP] Computing covariance matrix
[STARTUP] Random initialisation
TABDATA SCALED
[[-0.60073593  0.76590344  0.76590344]
 [ 1.5044393  -0.49785477 -0.49785477]
 [-1.22927739  0.83707     0.28208191]
 [-1.26314037  0.76493348  0.76493348]]
[Time: 02.07.23 08:27:11] [Level: info] transition: compute_final_h_cov
[Time: 02.07.23 08:27:12] [Level: info] state: compute_final_h_cov
[CTRL] GET /data
[CTRL] POST /data
Setting k
starting eigenvector norms
3
[Time: 02.07.23 08:27:15] [Level: info] transition: compute_local_conorm
[Time: 02.07.23 08:27:16] [Level: info] state: compute_local_conorm
[CTRL] GET /data
[CTRL] POST /data
[Time: 02.07.23 08:27:18] [Level: info] transition: compute_local_norm
[Time: 02.07.23 08:27:19] [Level: info] state: compute_local_norm
[CTRL] GET /data
[CTRL] POST /data
starting orthogonalise_current
ending orthogonalise_current
starting eigenvector norms
3
[Time: 02.07.23 08:27:21] [Level: info] transition: compute_local_conorm
[Time: 02.07.23 08:27:22] [Level: info] state: compute_local_conorm
[CTRL] GET /data
[CTRL] POST /data
[Time: 02.07.23 08:27:24] [Level: info] transition: compute_local_norm
[Time: 02.07.23 08:27:25] [Level: info] state: compute_local_norm
[CTRL] GET /data
[CTRL] POST /data
starting orthogonalise_current
ending orthogonalise_current
starting eigenvector norms
3
[Time: 02.07.23 08:27:27] [Level: info] transition: normalize_g
[Time: 02.07.23 08:27:28] [Level: info] state: normalize_g
[CTRL] GET /data
[CTRL] POST /data
Normalising
(3, 3)
3
End normalising
(3, 3)
(3, 3)
(3,)
(3, 3)
[Time: 02.07.23 08:27:30] [Level: info] transition: separate_pca
[Time: 02.07.23 08:27:31] [Level: info] state: separate_pca
[Time: 02.07.23 08:27:31] [Level: info] transition: init_pca
[Time: 02.07.23 08:27:32] [Level: info] state: init_pca
[STARTUP] Copy configuration and create dir
/mnt/input/hospital_data_bredel_1.csv
TEST: ['/mnt/input/data_wine_1.csv', '/mnt/input/data_wine_2.csv', '/mnt/input/data_wine_3.csv']
[STARTUP] Configuration copied
Log Transform performed
out {'Row names': array(['fruity_2', 'butter', 'woody_3'], dtype=object), 'Sample count': 3, 'Nans': array([0, 0, 0])}
[Time: 02.07.23 08:27:32] [Level: info] transition: wait_for_params
[Time: 02.07.23 08:27:33] [Level: info] state: wait_for_params
[CTRL] GET /data
[CTRL] POST /data
setting parameters
[API] Setting parameters
['woody_3', 'butter', 'fruity_2']
INDEX
[2, 1, 0]
[Time: 02.07.23 08:27:36] [Level: info] transition: compute_std
[Time: 02.07.23 08:27:37] [Level: info] state: compute_std
[CTRL] GET /data
[CTRL] POST /data
(3, 1)
[Time: 02.07.23 08:27:39] [Level: info] transition: apply_scaling
[Time: 02.07.23 08:27:40] [Level: info] state: apply_scaling
[CTRL] GET /data
[CTRL] POST /data
[2 0]
(array([], dtype=int64),)
CURRENT DATA:  <apps.svd.TabData.TabData object at 0x7f7fe5b1d910>
[Time: 02.07.23 08:27:42] [Level: info] transition: mfa_prerequisites
[Time: 02.07.23 08:27:43] [Level: info] state: mfa_prerequisites
Calling start_power_iteration
[Time: 02.07.23 08:27:43] [Level: info] transition: start_power_iteration
[Time: 02.07.23 08:27:44] [Level: info] state: start_power_iteration
[STARTUP] Computing covariance matrix
[STARTUP] Random initialisation
TABDATA SCALED
[[-0.74520945  0.83103354  0.54426434]
 [-0.83662619  0.69288031  0.93392557]
 [-0.47630665 -0.47630665 -1.3197291 ]]
[Time: 02.07.23 08:27:44] [Level: info] transition: compute_final_h_cov
[Time: 02.07.23 08:27:45] [Level: info] state: compute_final_h_cov
[CTRL] GET /data
[CTRL] POST /data
Setting k
starting eigenvector norms
2
[Time: 02.07.23 08:27:48] [Level: info] transition: compute_local_conorm
[Time: 02.07.23 08:27:49] [Level: info] state: compute_local_conorm
[CTRL] GET /data
[CTRL] POST /data
[Time: 02.07.23 08:27:51] [Level: info] transition: compute_local_norm
[Time: 02.07.23 08:27:52] [Level: info] state: compute_local_norm
[CTRL] GET /data
[CTRL] POST /data
starting orthogonalise_current
ending orthogonalise_current
starting eigenvector norms
2
[Time: 02.07.23 08:27:54] [Level: info] transition: normalize_g
[Time: 02.07.23 08:27:55] [Level: info] state: normalize_g
[CTRL] GET /data
[CTRL] POST /data
Normalising
(3, 2)
2
End normalising
(3, 2)
(2, 2)
(2,)
(3, 2)
[Time: 02.07.23 08:27:57] [Level: info] transition: separate_pca
[Time: 02.07.23 08:27:58] [Level: info] state: separate_pca
Starting scale tabdata
[Time: 02.07.23 08:27:58] [Level: info] transition: scale_tabdata
[Time: 02.07.23 08:27:59] [Level: info] state: scale_tabdata
Starting merge tabdata
[Time: 02.07.23 08:27:59] [Level: info] transition: merging_tabdata
[Time: 02.07.23 08:28:00] [Level: info] state: merging_tabdata
Starting global pca
[Time: 02.07.23 08:28:00] [Level: info] transition: init_pca
[Time: 02.07.23 08:28:01] [Level: info] state: init_pca
[STARTUP] Copy configuration and create dir
/mnt/input/hospital_data_bredel_1.csv
TEST: ['/mnt/input/data_wine_1.csv', '/mnt/input/data_wine_2.csv', '/mnt/input/data_wine_3.csv']
Log Transform performed
out {'Row names': array(['woody', 'coffee', 'fruity', 'woody_2', 'red_fruit', 'vanillin',
       'roasted', 'woody_3', 'butter', 'fruity_2'], dtype=object), 'Sample count': 3, 'Nans': array([0, 0, 0, 0, 0, 0, 0, 0, 0, 0])}
[Time: 02.07.23 08:28:01] [Level: info] transition: wait_for_params
[CTRL] GET /data
[Time: 02.07.23 08:28:02] [Level: info] state: wait_for_params
[CTRL] POST /data
setting parameters
[API] Setting parameters
['woody_3', 'vanillin', 'roasted', 'butter', 'fruity', 'coffee', 'woody_2', 'fruity_2', 'woody', 'red_fruit']
INDEX
[7, 5, 6, 8, 2, 1, 3, 9, 0, 4]
[Time: 02.07.23 08:28:03] [Level: info] transition: compute_std
[Time: 02.07.23 08:28:04] [Level: info] state: compute_std
[CTRL] GET /data
[CTRL] POST /data
(10, 1)
[Time: 02.07.23 08:28:06] [Level: info] transition: apply_scaling
[Time: 02.07.23 08:28:07] [Level: info] state: apply_scaling
[CTRL] GET /data
[CTRL] POST /data
[9 6 1 7 5 2 8 4 0]
(array([], dtype=int64),)
CURRENT DATA:  <apps.svd.TabData.TabData object at 0x7f7fe5c284f0>
[Time: 02.07.23 08:28:09] [Level: info] transition: mfa_prerequisites
[Time: 02.07.23 08:28:10] [Level: info] state: mfa_prerequisites
Calling start_power_iteration
[Time: 02.07.23 08:28:10] [Level: info] transition: start_power_iteration
[Time: 02.07.23 08:28:11] [Level: info] state: start_power_iteration
[STARTUP] Computing covariance matrix
[STARTUP] Random initialisation
TABDATA SCALED
[[-0.40674389  0.71930767  0.57460204]
 [-1.26817869  0.77872632  0.42920577]
 [-1.28025387  0.72321829  0.72321829]
 [-0.43598684  0.62328667  0.72852877]
 [ 0.84447177 -0.42845581  0.07977852]
 [-0.29486351  0.58784112  0.58784112]
 [-0.35993602  0.74171239  0.74171239]
 [-0.2402658  -0.2402658  -1.70527145]
 [-1.26174359  0.76367254  0.56532965]
 [ 1.1999393  -0.29394295 -0.29394295]]
[Time: 02.07.23 08:28:11] [Level: info] transition: compute_final_h_cov
[Time: 02.07.23 08:28:12] [Level: info] state: compute_final_h_cov
[CTRL] GET /data
[CTRL] POST /data
Setting k
starting eigenvector norms
3
[Time: 02.07.23 08:28:15] [Level: info] transition: compute_local_conorm
[Time: 02.07.23 08:28:16] [Level: info] state: compute_local_conorm
[CTRL] GET /data
[CTRL] POST /data
[Time: 02.07.23 08:28:18] [Level: info] transition: compute_local_norm
[Time: 02.07.23 08:28:19] [Level: info] state: compute_local_norm
[CTRL] GET /data
[CTRL] POST /data
starting orthogonalise_current
ending orthogonalise_current
starting eigenvector norms
3
[Time: 02.07.23 08:28:21] [Level: info] transition: compute_local_conorm
[Time: 02.07.23 08:28:22] [Level: info] state: compute_local_conorm
[CTRL] GET /data
[CTRL] POST /data
[Time: 02.07.23 08:28:24] [Level: info] transition: compute_local_norm
[Time: 02.07.23 08:28:25] [Level: info] state: compute_local_norm
[CTRL] GET /data
[CTRL] POST /data
starting orthogonalise_current
ending orthogonalise_current
starting eigenvector norms
3
[Time: 02.07.23 08:28:27] [Level: info] transition: normalize_g
[Time: 02.07.23 08:28:28] [Level: info] state: normalize_g
[CTRL] GET /data
[CTRL] POST /data
Normalising
(3, 3)
3
End normalising
(3, 3)
(3, 3)
(3,)
(3, 3)
[Time: 02.07.23 08:28:30] [Level: info] transition: separate_pca
[Time: 02.07.23 08:28:31] [Level: info] state: separate_pca
Starting factor analysis
[Time: 02.07.23 08:28:31] [Level: info] transition: waiting_for_projection_matrix
[Time: 02.07.23 08:28:32] [Level: info] state: waiting_for_projection_matrix
[CTRL] POST /data
[Time: 02.07.23 08:28:33] [Level: info] transition: factor_scores
[Time: 02.07.23 08:28:34] [Level: info] state: factor_scores
P: [[ 0.23560093  0.36453015  0.45974725  0.          0.          0.
   0.          0.          0.          0.        ]
 [ 0.10431732 -0.16203367 -0.06092321  0.          0.          0.
   0.          0.          0.          0.        ]
 [ 0.01559913  0.43241147  0.57880249  0.          0.          0.
   0.          0.          0.          0.        ]]
Z [[-0.62521584  0.41528232  0.24260517]
 [-0.27744968  0.25502511  0.25502511]
 [ 0.55654075 -0.38421568 -0.10828716]]
Z [[-0.62521584  0.41528232  0.24260517]
 [-0.27744968  0.25502511  0.25502511]
 [ 0.55654075 -0.38421568 -0.10828716]]
Z [[-0.62521584  0.41528232  0.24260517]
 [-0.27744968  0.25502511  0.25502511]
 [ 0.55654075 -0.38421568 -0.10828716]]
[Time: 02.07.23 08:28:34] [Level: info] transition: waiting_for_global_factor_score
[Time: 02.07.23 08:28:35] [Level: info] state: waiting_for_global_factor_score
[CTRL] POST /data
[Time: 02.07.23 08:28:36] [Level: info] transition: inertia
[Time: 02.07.23 08:28:37] [Level: info] state: inertia
[Time: 02.07.23 08:28:37] [Level: info] transition: mfa_final
[Time: 02.07.23 08:28:38] [Level: info] state: mfa_final
Starting save results
[Time: 02.07.23 08:28:38] [Level: info] transition: save_results
[Time: 02.07.23 08:28:39] [Level: info] state: save_results
SAVING RESULTS
saving pca/mnt/output/pca/left_eigenvectors.tsv
	
MOVE INPUT TO OUTPUT
[Time: 02.07.23 08:28:39] [Level: info] transition: finalize
[Time: 02.07.23 08:28:40] [Level: info] state: finalize
[Time: 02.07.23 08:28:40] [Level: info] transition: terminal
[Time: 02.07.23 08:28:40] [Level: info] done
[CTRL] GET /data
