2023-06-28 08:18:04,119 CRIT Supervisor is running as root.  Privileges were not dropped because no user is specified in the config file.  If you intend to run as root, you can set user=root in the config file to avoid this message.
2023-06-28 08:18:04,121 INFO supervisord started with pid 7
2023-06-28 08:18:05,123 INFO spawned: 'nginx' with pid 10
2023-06-28 08:18:05,125 INFO spawned: 'app' with pid 11
2023-06-28 08:18:06,138 INFO success: nginx entered RUNNING state, process has stayed up for > than 1 seconds (startsecs)
2023-06-28 08:18:06,138 INFO success: app entered RUNNING state, process has stayed up for > than 1 seconds (startsecs)
[CTRL] POST /setup
[Time: 28.06.23 08:18:08] [Level: info] id: bef596e17d75035c
[Time: 28.06.23 08:18:08] [Level: info] coordinator: False
[Time: 28.06.23 08:18:08] [Level: info] clients: ['bef596e17d75035c', '33b4f71c3cd16ca0']
[Time: 28.06.23 08:18:08] [Level: info] state: initial
[CLIENT] Parsing parameter file...
[API] /setup parsing parameter file 
[API] /setup config file found ... parsing file: /mnt/input/config.yaml
YAML file does not follow specification: missing key: eigenvalues
Setting default: eigenvalues.tsv
YAML file does not follow specification: missing key: explained_variance
Setting default: eigenvalues.tsv
YAML file does not follow specification: missing key: output delimiter
Setting default: tab
[API] /setup config file found ... parsing done
[CLIENT] finished parsing parameter file.
[STARTUP] Instantiate SVD
[STARTUP] Copy configuration and create dir
[STARTUP] Configuration copied
Log Transform performed
[[ 6.74542027e-02  1.81002875e-01  1.61967477e-01 ...  5.41621673e-02
   2.44542698e-01 -2.60220260e-01]
 [-4.61545797e-01 -1.99712471e-03  2.53967477e-01 ...  8.65162167e-01
  -9.04573017e-02  1.22779740e-01]
 [ 1.17454203e-01  1.64002875e-01 -1.81032523e-01 ...  1.16216733e-03
   2.59542698e-01 -1.47220260e-01]
 ...
 [ 6.77109851e-01  5.27812409e-01  8.69196496e-01 ...  1.60968399e+00
   4.71524132e-01  6.26844003e-01]
 [-2.01389015e+00  7.88124088e-02  9.97196496e-01 ...  5.29683994e-01
   6.37524132e-01  1.15884400e+00]
 [-9.82890149e-01  4.64312409e-01  1.32619650e+00 ...  1.64683994e-01
   2.29524132e-01  5.23344003e-01]]
/app/apps/svd/FC_Federated_MFA.py:126: RuntimeWarning: invalid value encountered in log2
  tabdata.scaled = np.log2(tabdata.scaled+1)
[[ 9.41741748e-02  2.40012477e-01  2.16569689e-01 ...  7.60968214e-02
   3.15615728e-01 -4.34832304e-01]
 [-8.93104451e-01 -2.88412285e-03  3.26499931e-01 ...  8.99301072e-01
  -1.36786728e-01  1.67074937e-01]
 [ 1.60215706e-01  2.19094622e-01 -2.88121934e-01 ...  1.67567952e-03
   3.32900030e-01 -2.29754931e-01]
 ...
 [ 7.45977189e-01  6.11467414e-01  9.02418238e-01 ...  1.38387512e+00
   5.57311202e-01  7.02075918e-01]
 [            nan  1.09444021e-01  9.97976281e-01 ...  6.13233648e-01
   7.11516168e-01  1.11025900e+00]
 [-5.86902895e+00  5.50223383e-01  1.21797297e+00 ...  2.19938570e-01
   2.98100052e-01  6.07241769e-01]]
Log Transform performed
[[ 6.74542027e-02  1.81002875e-01  1.61967477e-01 ...  5.41621673e-02
   2.44542698e-01 -2.60220260e-01]
 [-4.61545797e-01 -1.99712471e-03  2.53967477e-01 ...  8.65162167e-01
  -9.04573017e-02  1.22779740e-01]
 [ 1.17454203e-01  1.64002875e-01 -1.81032523e-01 ...  1.16216733e-03
   2.59542698e-01 -1.47220260e-01]
 ...
 [ 6.77109851e-01  5.27812409e-01  8.69196496e-01 ...  1.60968399e+00
   4.71524132e-01  6.26844003e-01]
 [-2.01389015e+00  7.88124088e-02  9.97196496e-01 ...  5.29683994e-01
   6.37524132e-01  1.15884400e+00]
 [-9.82890149e-01  4.64312409e-01  1.32619650e+00 ...  1.64683994e-01
   2.29524132e-01  5.23344003e-01]]
/app/apps/svd/FC_Federated_MFA.py:126: RuntimeWarning: invalid value encountered in log2
  tabdata.scaled = np.log2(tabdata.scaled+1)
[[ 9.41741748e-02  2.40012477e-01  2.16569689e-01 ...  7.60968214e-02
   3.15615728e-01 -4.34832304e-01]
 [-8.93104451e-01 -2.88412285e-03  3.26499931e-01 ...  8.99301072e-01
  -1.36786728e-01  1.67074937e-01]
 [ 1.60215706e-01  2.19094622e-01 -2.88121934e-01 ...  1.67567952e-03
   3.32900030e-01 -2.29754931e-01]
 ...
 [ 7.45977189e-01  6.11467414e-01  9.02418238e-01 ...  1.38387512e+00
   5.57311202e-01  7.02075918e-01]
 [            nan  1.09444021e-01  9.97976281e-01 ...  6.13233648e-01
   7.11516168e-01  1.11025900e+00]
 [-5.86902895e+00  5.50223383e-01  1.21797297e+00 ...  2.19938570e-01
   2.98100052e-01  6.07241769e-01]]
[Time: 28.06.23 08:18:08] [Level: info] transition: wait_for_params
[Time: 28.06.23 08:18:09] [Level: info] state: wait_for_params
[CTRL] GET /data
[CTRL] POST /data
setting parameters
INCOMINGS
[{'PCs': 43, <COParams.SEND_PROJ: ('Send projections', False)>: False, 'Row names': ['CCL2', 'CLCA3', 'DPYD', 'PRRX1', 'ZNF549', 'PHLDA1', 'RAB27B', 'SPINT2', 'CD44', 'R52960', 'FAM84B', 'LOC613212', 'IL21R', 'CD53', 'DYNLT1', 'HEY1', 'PRKCB1', 'TSPYL1', 'COL3A1', 'AA975768', 'NPTX1', 'DMN', 'GOT1', 'COL1A1', 'LHFPL2', 'PYGL', 'S100A11', 'IQSEC1', 'TIMP3', 'PRSS3', 'CAMKK2', 'IGF2BP3', 'MDFI', 'H78560', 'ZNF419B', 'ADARB2', 'CLTB', 'R70506', 'ZNF233', 'TFDP2', 'FCGRT', 'NDST1', 'DECR2', 'INPP5F', 'D21S2089E', 'C16orf5', 'CA11', 'C1orf187', 'NOTCH1', 'T62491', 'TOMM40', 'IL1RAP', 'SNCG', 'MGP', 'AA398420', 'LYN', 'CDKN1A', 'TBC1D7', 'CKMT1A', 'SPARC', 'CCR1', 'FLJ38984', 'TIMP1', 'RUNX1', 'LSP1', 'LAPTM5', 'PDLIM7', 'KCNK6', 'T51726', 'SERPING1', 'ANXA1', 'DIP2C', 'KNS2', 'ZNF160', 'HLA.G', 'PSD3', 'ACAD8', 'LGALS3', 'AA401952', 'PRKCG', 'LY96', 'CACNB2', 'PARD3', 'PLP2', 'PRKAR1B', 'SPAG6', 'ASPA', 'AI335002', 'AI262682', 'KLRC2', 'ARPP.19', 'FAM46A', 'PDE4DIP', 'SERPINA3', 'PDE2A', 'FBXL16', 'AI822135', 'ZNF329', 'LMO7', 'H10054', 'COL4A2', 'LOC389831', 'AKR1C2', 'NCF1', 'ID3', 'CHI3L2', 'SUV39H1', 'LRBA', 'H86813', 'ADCY1', 'UBE4B', 'BCL2A1', 'URP2', 'EMP3', 'TncRNA', 'HPRT1', 'ABCA5', 'PDPN', 'DDN', 'CBLN2', 'EPHB1', 'LUM', 'MVP', 'VASP', 'SP100', 'PYCR1', 'HK2', 'SLC16A3', 'KCNJ1', 'S100A1', 'PRKCZ', 'CASP1', 'PNCK', 'SOCS3', 'PYHIN1', 'SLC15A2', 'MDK', 'C6orf12', 'C1R', 'SRPX', 'MGC18216', 'TNFAIP3', 'SAA2', 'CEAL1', 'STK17A', 'IFI30', 'GABBR1', 'NUAK1', 'DKFZp313A2432', 'PCP4', 'COL6A2', 'RALY', 'COL9A2', 'PRG1', 'ZNF226', 'APOC2', 'TNFRSF12A', 'AA598555', 'TTC23', 'NNMT', 'WWTR1', 'APCS', 'PEG3', 'FBL', 'DDEF1', 'ATP6V1C1', 'L1CAM', 'AA906888', 'TNC', 'FLJ35740', 'NMNAT2', 'STEAP3', 'GPSM2', 'F13A1', 'H41096', 'WDR7', 'TCTEX1D1', 'SOX4', 'MAL2', 'FN1', 'MYCBP2', 'DUS3L', 'CACNB3', 'POSTN', 'MED11', 'SETD5', 'FAM84A', 'HPCA', 'MSN', 'IGF1R', 'LOC57228', 'AI357047', 'DLL3', 'NLK', 'PLTP', 'COX7A1', 'AI350724', 'UGCG', 'W93688', 'PLOD2', 'FABP3', 'IGFBP3', 'TXNDC', 'HCLS1', 'GADD45B', 'KIAA0963', 'GBP2', 'CSPG2', 'AA598631', 'NEFH', 'MYC', 'MASP1', 'GYPA', 'MST1', 'ABCC3', 'RBP7', 'CYR61', 'CALM1', 'FREQ', 'LOC388610', 'IL32', 'YWHAG', 'TMEM49', 'PPP1R14A', 'IGFBP5', 'KIAA1543', 'HLA.F', 'CBX6', 'FAS', 'IMAGE.33267', 'ADAM19', 'R61377', 'HBA1', 'PRSS1', 'DCLRE1B', 'CD47', 'AKR1C1', 'ID4', 'MYBPC2', 'TSPAN4', 'LAMB1', 'EDNRB', 'NY.SAR.48', 'RGS16', 'PLAUR', 'H20822', 'SBP1', 'COX6A2', 'TSPAN6', 'H24428', 'EPB49', 'KIAA1644', 'RAB20', 'PCDHGC3', 'STXBP1', 'IGHG1', 'GAS1', 'CCDC3', 'VEGF', 'OSR1', 'EFHB', 'RTN3', 'AI871056', 'USP6NL', 'SVIL', 'BGN', 'MST150', 'KCNQ2', 'RPS19BP1', 'AA479357', 'TMEM146', 'HBXIP', 'USP3', 'C9orf48', 'ITGA5', 'BNIP2', 'PDXP', 'LILRA1', 'YWHAH', 'CA12', 'H91845', 'PPP3CA', 'KCNMA1', 'GPNMB', 'APOC1', 'MGC26694', 'MICAL2', 'RND3', 'RBP4', 'PSG5', 'BCAM', 'NSF', 'FGF13', 'SORT1', 'AA669383', 'FBXO32', 'L3MBTL4', 'TGFBI', 'C1orf63', 'MB', 'SCAMP5', 'HMOX1', 'ANK3', 'IGSF3', 'LAMA4', 'PARP14', 'ZNF217', 'CHN1', 'NPL', 'CAPG', 'BLVRB', 'PLA2G2A', 'PPP3CB', 'SYT7', 'CYBA', 'NDUFB11', 'A2BP1', 'MTHFD2', 'PSG1', 'CLIC1', 'FBXO2', 'MGC42367', 'SYNGR3', 'C8orf4', 'FBXW7', 'PLAU', 'HLA.DRB1', 'FZD7', 'COL1A2', 'DES', 'AA029415', 'ANXA5', 'RAB11FIP4', 'EXT1', 'AA424849', 'MSTP9', 'EGLN2', 'LOC400451', 'X37864', 'FCGR2B', 'AI002301', 'AA490257', 'DEF6', 'EDG3', 'CAV1', 'HSPG2', 'CDKN2D', 'CLSTN3', 'SLC35A2', 'LOC541471', 'HAMP', 'AEBP1', 'VSNL1', 'RPS3A', 'S100A10', 'AP4B1', 'SNRPN', 'LTF', 'ITGA3', 'UBA52', 'GBP1', 'SCN2B', 'MRC2', 'HNRNPG.T', 'C4A', 'ITPKA', 'STMN1', 'NLGN1', 'AA131320', 'KLRC3', 'RFXAP', 'PALLD', 'RAB30', 'ZFHX1B', 'TAP1', 'AA489629', 'DDIT4', 'TCF7L1', 'T97457', 'OSBPL1A', 'WASF1', 'MAPKBP1', 'TLL2', 'ESM1', 'STC1', 'R70684', 'CAMK2A', 'NCF2', 'KLRC1', 'GYPC', 'MGC39606', 'SERPINH1', 'LOC283070', 'ITGA9', 'SERPINI1', 'H08563', 'PTPRZ1', 'DSCR1L1', 'CDC20B', 'AIF1', 'LOC283130', 'CAP2', 'AA281932', 'AI005038', 'AA181288', 'LOC146795', 'ADM', 'EID.3', 'MOAP1', 'ADFP', 'CTHRC1', 'MMP2', 'NR4A1', 'NPC2', 'DNASE1L1', 'EDG1', 'CD58', 'N98591', 'HLA.A', 'VAMP2', 'X38595', 'AI263051']}, {'PCs': 43, <COParams.SEND_PROJ: ('Send projections', False)>: False, 'Row names': ['CCL2', 'CLCA3', 'DPYD', 'PRRX1', 'ZNF549', 'PHLDA1', 'RAB27B', 'SPINT2', 'CD44', 'R52960', 'FAM84B', 'LOC613212', 'IL21R', 'CD53', 'DYNLT1', 'HEY1', 'PRKCB1', 'TSPYL1', 'COL3A1', 'AA975768', 'NPTX1', 'DMN', 'GOT1', 'COL1A1', 'LHFPL2', 'PYGL', 'S100A11', 'IQSEC1', 'TIMP3', 'PRSS3', 'CAMKK2', 'IGF2BP3', 'MDFI', 'H78560', 'ZNF419B', 'ADARB2', 'CLTB', 'R70506', 'ZNF233', 'TFDP2', 'FCGRT', 'NDST1', 'DECR2', 'INPP5F', 'D21S2089E', 'C16orf5', 'CA11', 'C1orf187', 'NOTCH1', 'T62491', 'TOMM40', 'IL1RAP', 'SNCG', 'MGP', 'AA398420', 'LYN', 'CDKN1A', 'TBC1D7', 'CKMT1A', 'SPARC', 'CCR1', 'FLJ38984', 'TIMP1', 'RUNX1', 'LSP1', 'LAPTM5', 'PDLIM7', 'KCNK6', 'T51726', 'SERPING1', 'ANXA1', 'DIP2C', 'KNS2', 'ZNF160', 'HLA.G', 'PSD3', 'ACAD8', 'LGALS3', 'AA401952', 'PRKCG', 'LY96', 'CACNB2', 'PARD3', 'PLP2', 'PRKAR1B', 'SPAG6', 'ASPA', 'AI335002', 'AI262682', 'KLRC2', 'ARPP.19', 'FAM46A', 'PDE4DIP', 'SERPINA3', 'PDE2A', 'FBXL16', 'AI822135', 'ZNF329', 'LMO7', 'H10054', 'COL4A2', 'LOC389831', 'AKR1C2', 'NCF1', 'ID3', 'CHI3L2', 'SUV39H1', 'LRBA', 'H86813', 'ADCY1', 'UBE4B', 'BCL2A1', 'URP2', 'EMP3', 'TncRNA', 'HPRT1', 'ABCA5', 'PDPN', 'DDN', 'CBLN2', 'EPHB1', 'LUM', 'MVP', 'VASP', 'SP100', 'PYCR1', 'HK2', 'SLC16A3', 'KCNJ1', 'S100A1', 'PRKCZ', 'CASP1', 'PNCK', 'SOCS3', 'PYHIN1', 'SLC15A2', 'MDK', 'C6orf12', 'C1R', 'SRPX', 'MGC18216', 'TNFAIP3', 'SAA2', 'CEAL1', 'STK17A', 'IFI30', 'GABBR1', 'NUAK1', 'DKFZp313A2432', 'PCP4', 'COL6A2', 'RALY', 'COL9A2', 'PRG1', 'ZNF226', 'APOC2', 'TNFRSF12A', 'AA598555', 'TTC23', 'NNMT', 'WWTR1', 'APCS', 'PEG3', 'FBL', 'DDEF1', 'ATP6V1C1', 'L1CAM', 'AA906888', 'TNC', 'FLJ35740', 'NMNAT2', 'STEAP3', 'GPSM2', 'F13A1', 'H41096', 'WDR7', 'TCTEX1D1', 'SOX4', 'MAL2', 'FN1', 'MYCBP2', 'DUS3L', 'CACNB3', 'POSTN', 'MED11', 'SETD5', 'FAM84A', 'HPCA', 'MSN', 'IGF1R', 'LOC57228', 'AI357047', 'DLL3', 'NLK', 'PLTP', 'COX7A1', 'AI350724', 'UGCG', 'W93688', 'PLOD2', 'FABP3', 'IGFBP3', 'TXNDC', 'HCLS1', 'GADD45B', 'KIAA0963', 'GBP2', 'CSPG2', 'AA598631', 'NEFH', 'MYC', 'MASP1', 'GYPA', 'MST1', 'ABCC3', 'RBP7', 'CYR61', 'CALM1', 'FREQ', 'LOC388610', 'IL32', 'YWHAG', 'TMEM49', 'PPP1R14A', 'IGFBP5', 'KIAA1543', 'HLA.F', 'CBX6', 'FAS', 'IMAGE.33267', 'ADAM19', 'R61377', 'HBA1', 'PRSS1', 'DCLRE1B', 'CD47', 'AKR1C1', 'ID4', 'MYBPC2', 'TSPAN4', 'LAMB1', 'EDNRB', 'NY.SAR.48', 'RGS16', 'PLAUR', 'H20822', 'SBP1', 'COX6A2', 'TSPAN6', 'H24428', 'EPB49', 'KIAA1644', 'RAB20', 'PCDHGC3', 'STXBP1', 'IGHG1', 'GAS1', 'CCDC3', 'VEGF', 'OSR1', 'EFHB', 'RTN3', 'AI871056', 'USP6NL', 'SVIL', 'BGN', 'MST150', 'KCNQ2', 'RPS19BP1', 'AA479357', 'TMEM146', 'HBXIP', 'USP3', 'C9orf48', 'ITGA5', 'BNIP2', 'PDXP', 'LILRA1', 'YWHAH', 'CA12', 'H91845', 'PPP3CA', 'KCNMA1', 'GPNMB', 'APOC1', 'MGC26694', 'MICAL2', 'RND3', 'RBP4', 'PSG5', 'BCAM', 'NSF', 'FGF13', 'SORT1', 'AA669383', 'FBXO32', 'L3MBTL4', 'TGFBI', 'C1orf63', 'MB', 'SCAMP5', 'HMOX1', 'ANK3', 'IGSF3', 'LAMA4', 'PARP14', 'ZNF217', 'CHN1', 'NPL', 'CAPG', 'BLVRB', 'PLA2G2A', 'PPP3CB', 'SYT7', 'CYBA', 'NDUFB11', 'A2BP1', 'MTHFD2', 'PSG1', 'CLIC1', 'FBXO2', 'MGC42367', 'SYNGR3', 'C8orf4', 'FBXW7', 'PLAU', 'HLA.DRB1', 'FZD7', 'COL1A2', 'DES', 'AA029415', 'ANXA5', 'RAB11FIP4', 'EXT1', 'AA424849', 'MSTP9', 'EGLN2', 'LOC400451', 'X37864', 'FCGR2B', 'AI002301', 'AA490257', 'DEF6', 'EDG3', 'CAV1', 'HSPG2', 'CDKN2D', 'CLSTN3', 'SLC35A2', 'LOC541471', 'HAMP', 'AEBP1', 'VSNL1', 'RPS3A', 'S100A10', 'AP4B1', 'SNRPN', 'LTF', 'ITGA3', 'UBA52', 'GBP1', 'SCN2B', 'MRC2', 'HNRNPG.T', 'C4A', 'ITPKA', 'STMN1', 'NLGN1', 'AA131320', 'KLRC3', 'RFXAP', 'PALLD', 'RAB30', 'ZFHX1B', 'TAP1', 'AA489629', 'DDIT4', 'TCF7L1', 'T97457', 'OSBPL1A', 'WASF1', 'MAPKBP1', 'TLL2', 'ESM1', 'STC1', 'R70684', 'CAMK2A', 'NCF2', 'KLRC1', 'GYPC', 'MGC39606', 'SERPINH1', 'LOC283070', 'ITGA9', 'SERPINI1', 'H08563', 'PTPRZ1', 'DSCR1L1', 'CDC20B', 'AIF1', 'LOC283130', 'CAP2', 'AA281932', 'AI005038', 'AA181288', 'LOC146795', 'ADM', 'EID.3', 'MOAP1', 'ADFP', 'CTHRC1', 'MMP2', 'NR4A1', 'NPC2', 'DNASE1L1', 'EDG1', 'CD58', 'N98591', 'HLA.A', 'VAMP2', 'X38595', 'AI263051']}]
INCOMING
{'PCs': 43, <COParams.SEND_PROJ: ('Send projections', False)>: False, 'Row names': ['CCL2', 'CLCA3', 'DPYD', 'PRRX1', 'ZNF549', 'PHLDA1', 'RAB27B', 'SPINT2', 'CD44', 'R52960', 'FAM84B', 'LOC613212', 'IL21R', 'CD53', 'DYNLT1', 'HEY1', 'PRKCB1', 'TSPYL1', 'COL3A1', 'AA975768', 'NPTX1', 'DMN', 'GOT1', 'COL1A1', 'LHFPL2', 'PYGL', 'S100A11', 'IQSEC1', 'TIMP3', 'PRSS3', 'CAMKK2', 'IGF2BP3', 'MDFI', 'H78560', 'ZNF419B', 'ADARB2', 'CLTB', 'R70506', 'ZNF233', 'TFDP2', 'FCGRT', 'NDST1', 'DECR2', 'INPP5F', 'D21S2089E', 'C16orf5', 'CA11', 'C1orf187', 'NOTCH1', 'T62491', 'TOMM40', 'IL1RAP', 'SNCG', 'MGP', 'AA398420', 'LYN', 'CDKN1A', 'TBC1D7', 'CKMT1A', 'SPARC', 'CCR1', 'FLJ38984', 'TIMP1', 'RUNX1', 'LSP1', 'LAPTM5', 'PDLIM7', 'KCNK6', 'T51726', 'SERPING1', 'ANXA1', 'DIP2C', 'KNS2', 'ZNF160', 'HLA.G', 'PSD3', 'ACAD8', 'LGALS3', 'AA401952', 'PRKCG', 'LY96', 'CACNB2', 'PARD3', 'PLP2', 'PRKAR1B', 'SPAG6', 'ASPA', 'AI335002', 'AI262682', 'KLRC2', 'ARPP.19', 'FAM46A', 'PDE4DIP', 'SERPINA3', 'PDE2A', 'FBXL16', 'AI822135', 'ZNF329', 'LMO7', 'H10054', 'COL4A2', 'LOC389831', 'AKR1C2', 'NCF1', 'ID3', 'CHI3L2', 'SUV39H1', 'LRBA', 'H86813', 'ADCY1', 'UBE4B', 'BCL2A1', 'URP2', 'EMP3', 'TncRNA', 'HPRT1', 'ABCA5', 'PDPN', 'DDN', 'CBLN2', 'EPHB1', 'LUM', 'MVP', 'VASP', 'SP100', 'PYCR1', 'HK2', 'SLC16A3', 'KCNJ1', 'S100A1', 'PRKCZ', 'CASP1', 'PNCK', 'SOCS3', 'PYHIN1', 'SLC15A2', 'MDK', 'C6orf12', 'C1R', 'SRPX', 'MGC18216', 'TNFAIP3', 'SAA2', 'CEAL1', 'STK17A', 'IFI30', 'GABBR1', 'NUAK1', 'DKFZp313A2432', 'PCP4', 'COL6A2', 'RALY', 'COL9A2', 'PRG1', 'ZNF226', 'APOC2', 'TNFRSF12A', 'AA598555', 'TTC23', 'NNMT', 'WWTR1', 'APCS', 'PEG3', 'FBL', 'DDEF1', 'ATP6V1C1', 'L1CAM', 'AA906888', 'TNC', 'FLJ35740', 'NMNAT2', 'STEAP3', 'GPSM2', 'F13A1', 'H41096', 'WDR7', 'TCTEX1D1', 'SOX4', 'MAL2', 'FN1', 'MYCBP2', 'DUS3L', 'CACNB3', 'POSTN', 'MED11', 'SETD5', 'FAM84A', 'HPCA', 'MSN', 'IGF1R', 'LOC57228', 'AI357047', 'DLL3', 'NLK', 'PLTP', 'COX7A1', 'AI350724', 'UGCG', 'W93688', 'PLOD2', 'FABP3', 'IGFBP3', 'TXNDC', 'HCLS1', 'GADD45B', 'KIAA0963', 'GBP2', 'CSPG2', 'AA598631', 'NEFH', 'MYC', 'MASP1', 'GYPA', 'MST1', 'ABCC3', 'RBP7', 'CYR61', 'CALM1', 'FREQ', 'LOC388610', 'IL32', 'YWHAG', 'TMEM49', 'PPP1R14A', 'IGFBP5', 'KIAA1543', 'HLA.F', 'CBX6', 'FAS', 'IMAGE.33267', 'ADAM19', 'R61377', 'HBA1', 'PRSS1', 'DCLRE1B', 'CD47', 'AKR1C1', 'ID4', 'MYBPC2', 'TSPAN4', 'LAMB1', 'EDNRB', 'NY.SAR.48', 'RGS16', 'PLAUR', 'H20822', 'SBP1', 'COX6A2', 'TSPAN6', 'H24428', 'EPB49', 'KIAA1644', 'RAB20', 'PCDHGC3', 'STXBP1', 'IGHG1', 'GAS1', 'CCDC3', 'VEGF', 'OSR1', 'EFHB', 'RTN3', 'AI871056', 'USP6NL', 'SVIL', 'BGN', 'MST150', 'KCNQ2', 'RPS19BP1', 'AA479357', 'TMEM146', 'HBXIP', 'USP3', 'C9orf48', 'ITGA5', 'BNIP2', 'PDXP', 'LILRA1', 'YWHAH', 'CA12', 'H91845', 'PPP3CA', 'KCNMA1', 'GPNMB', 'APOC1', 'MGC26694', 'MICAL2', 'RND3', 'RBP4', 'PSG5', 'BCAM', 'NSF', 'FGF13', 'SORT1', 'AA669383', 'FBXO32', 'L3MBTL4', 'TGFBI', 'C1orf63', 'MB', 'SCAMP5', 'HMOX1', 'ANK3', 'IGSF3', 'LAMA4', 'PARP14', 'ZNF217', 'CHN1', 'NPL', 'CAPG', 'BLVRB', 'PLA2G2A', 'PPP3CB', 'SYT7', 'CYBA', 'NDUFB11', 'A2BP1', 'MTHFD2', 'PSG1', 'CLIC1', 'FBXO2', 'MGC42367', 'SYNGR3', 'C8orf4', 'FBXW7', 'PLAU', 'HLA.DRB1', 'FZD7', 'COL1A2', 'DES', 'AA029415', 'ANXA5', 'RAB11FIP4', 'EXT1', 'AA424849', 'MSTP9', 'EGLN2', 'LOC400451', 'X37864', 'FCGR2B', 'AI002301', 'AA490257', 'DEF6', 'EDG3', 'CAV1', 'HSPG2', 'CDKN2D', 'CLSTN3', 'SLC35A2', 'LOC541471', 'HAMP', 'AEBP1', 'VSNL1', 'RPS3A', 'S100A10', 'AP4B1', 'SNRPN', 'LTF', 'ITGA3', 'UBA52', 'GBP1', 'SCN2B', 'MRC2', 'HNRNPG.T', 'C4A', 'ITPKA', 'STMN1', 'NLGN1', 'AA131320', 'KLRC3', 'RFXAP', 'PALLD', 'RAB30', 'ZFHX1B', 'TAP1', 'AA489629', 'DDIT4', 'TCF7L1', 'T97457', 'OSBPL1A', 'WASF1', 'MAPKBP1', 'TLL2', 'ESM1', 'STC1', 'R70684', 'CAMK2A', 'NCF2', 'KLRC1', 'GYPC', 'MGC39606', 'SERPINH1', 'LOC283070', 'ITGA9', 'SERPINI1', 'H08563', 'PTPRZ1', 'DSCR1L1', 'CDC20B', 'AIF1', 'LOC283130', 'CAP2', 'AA281932', 'AI005038', 'AA181288', 'LOC146795', 'ADM', 'EID.3', 'MOAP1', 'ADFP', 'CTHRC1', 'MMP2', 'NR4A1', 'NPC2', 'DNASE1L1', 'EDG1', 'CD58', 'N98591', 'HLA.A', 'VAMP2', 'X38595', 'AI263051']}
K
[43, 43]
incoming[COParams.PCS.n]
43
INCOMING
{'PCs': 43, <COParams.SEND_PROJ: ('Send projections', False)>: False, 'Row names': ['CCL2', 'CLCA3', 'DPYD', 'PRRX1', 'ZNF549', 'PHLDA1', 'RAB27B', 'SPINT2', 'CD44', 'R52960', 'FAM84B', 'LOC613212', 'IL21R', 'CD53', 'DYNLT1', 'HEY1', 'PRKCB1', 'TSPYL1', 'COL3A1', 'AA975768', 'NPTX1', 'DMN', 'GOT1', 'COL1A1', 'LHFPL2', 'PYGL', 'S100A11', 'IQSEC1', 'TIMP3', 'PRSS3', 'CAMKK2', 'IGF2BP3', 'MDFI', 'H78560', 'ZNF419B', 'ADARB2', 'CLTB', 'R70506', 'ZNF233', 'TFDP2', 'FCGRT', 'NDST1', 'DECR2', 'INPP5F', 'D21S2089E', 'C16orf5', 'CA11', 'C1orf187', 'NOTCH1', 'T62491', 'TOMM40', 'IL1RAP', 'SNCG', 'MGP', 'AA398420', 'LYN', 'CDKN1A', 'TBC1D7', 'CKMT1A', 'SPARC', 'CCR1', 'FLJ38984', 'TIMP1', 'RUNX1', 'LSP1', 'LAPTM5', 'PDLIM7', 'KCNK6', 'T51726', 'SERPING1', 'ANXA1', 'DIP2C', 'KNS2', 'ZNF160', 'HLA.G', 'PSD3', 'ACAD8', 'LGALS3', 'AA401952', 'PRKCG', 'LY96', 'CACNB2', 'PARD3', 'PLP2', 'PRKAR1B', 'SPAG6', 'ASPA', 'AI335002', 'AI262682', 'KLRC2', 'ARPP.19', 'FAM46A', 'PDE4DIP', 'SERPINA3', 'PDE2A', 'FBXL16', 'AI822135', 'ZNF329', 'LMO7', 'H10054', 'COL4A2', 'LOC389831', 'AKR1C2', 'NCF1', 'ID3', 'CHI3L2', 'SUV39H1', 'LRBA', 'H86813', 'ADCY1', 'UBE4B', 'BCL2A1', 'URP2', 'EMP3', 'TncRNA', 'HPRT1', 'ABCA5', 'PDPN', 'DDN', 'CBLN2', 'EPHB1', 'LUM', 'MVP', 'VASP', 'SP100', 'PYCR1', 'HK2', 'SLC16A3', 'KCNJ1', 'S100A1', 'PRKCZ', 'CASP1', 'PNCK', 'SOCS3', 'PYHIN1', 'SLC15A2', 'MDK', 'C6orf12', 'C1R', 'SRPX', 'MGC18216', 'TNFAIP3', 'SAA2', 'CEAL1', 'STK17A', 'IFI30', 'GABBR1', 'NUAK1', 'DKFZp313A2432', 'PCP4', 'COL6A2', 'RALY', 'COL9A2', 'PRG1', 'ZNF226', 'APOC2', 'TNFRSF12A', 'AA598555', 'TTC23', 'NNMT', 'WWTR1', 'APCS', 'PEG3', 'FBL', 'DDEF1', 'ATP6V1C1', 'L1CAM', 'AA906888', 'TNC', 'FLJ35740', 'NMNAT2', 'STEAP3', 'GPSM2', 'F13A1', 'H41096', 'WDR7', 'TCTEX1D1', 'SOX4', 'MAL2', 'FN1', 'MYCBP2', 'DUS3L', 'CACNB3', 'POSTN', 'MED11', 'SETD5', 'FAM84A', 'HPCA', 'MSN', 'IGF1R', 'LOC57228', 'AI357047', 'DLL3', 'NLK', 'PLTP', 'COX7A1', 'AI350724', 'UGCG', 'W93688', 'PLOD2', 'FABP3', 'IGFBP3', 'TXNDC', 'HCLS1', 'GADD45B', 'KIAA0963', 'GBP2', 'CSPG2', 'AA598631', 'NEFH', 'MYC', 'MASP1', 'GYPA', 'MST1', 'ABCC3', 'RBP7', 'CYR61', 'CALM1', 'FREQ', 'LOC388610', 'IL32', 'YWHAG', 'TMEM49', 'PPP1R14A', 'IGFBP5', 'KIAA1543', 'HLA.F', 'CBX6', 'FAS', 'IMAGE.33267', 'ADAM19', 'R61377', 'HBA1', 'PRSS1', 'DCLRE1B', 'CD47', 'AKR1C1', 'ID4', 'MYBPC2', 'TSPAN4', 'LAMB1', 'EDNRB', 'NY.SAR.48', 'RGS16', 'PLAUR', 'H20822', 'SBP1', 'COX6A2', 'TSPAN6', 'H24428', 'EPB49', 'KIAA1644', 'RAB20', 'PCDHGC3', 'STXBP1', 'IGHG1', 'GAS1', 'CCDC3', 'VEGF', 'OSR1', 'EFHB', 'RTN3', 'AI871056', 'USP6NL', 'SVIL', 'BGN', 'MST150', 'KCNQ2', 'RPS19BP1', 'AA479357', 'TMEM146', 'HBXIP', 'USP3', 'C9orf48', 'ITGA5', 'BNIP2', 'PDXP', 'LILRA1', 'YWHAH', 'CA12', 'H91845', 'PPP3CA', 'KCNMA1', 'GPNMB', 'APOC1', 'MGC26694', 'MICAL2', 'RND3', 'RBP4', 'PSG5', 'BCAM', 'NSF', 'FGF13', 'SORT1', 'AA669383', 'FBXO32', 'L3MBTL4', 'TGFBI', 'C1orf63', 'MB', 'SCAMP5', 'HMOX1', 'ANK3', 'IGSF3', 'LAMA4', 'PARP14', 'ZNF217', 'CHN1', 'NPL', 'CAPG', 'BLVRB', 'PLA2G2A', 'PPP3CB', 'SYT7', 'CYBA', 'NDUFB11', 'A2BP1', 'MTHFD2', 'PSG1', 'CLIC1', 'FBXO2', 'MGC42367', 'SYNGR3', 'C8orf4', 'FBXW7', 'PLAU', 'HLA.DRB1', 'FZD7', 'COL1A2', 'DES', 'AA029415', 'ANXA5', 'RAB11FIP4', 'EXT1', 'AA424849', 'MSTP9', 'EGLN2', 'LOC400451', 'X37864', 'FCGR2B', 'AI002301', 'AA490257', 'DEF6', 'EDG3', 'CAV1', 'HSPG2', 'CDKN2D', 'CLSTN3', 'SLC35A2', 'LOC541471', 'HAMP', 'AEBP1', 'VSNL1', 'RPS3A', 'S100A10', 'AP4B1', 'SNRPN', 'LTF', 'ITGA3', 'UBA52', 'GBP1', 'SCN2B', 'MRC2', 'HNRNPG.T', 'C4A', 'ITPKA', 'STMN1', 'NLGN1', 'AA131320', 'KLRC3', 'RFXAP', 'PALLD', 'RAB30', 'ZFHX1B', 'TAP1', 'AA489629', 'DDIT4', 'TCF7L1', 'T97457', 'OSBPL1A', 'WASF1', 'MAPKBP1', 'TLL2', 'ESM1', 'STC1', 'R70684', 'CAMK2A', 'NCF2', 'KLRC1', 'GYPC', 'MGC39606', 'SERPINH1', 'LOC283070', 'ITGA9', 'SERPINI1', 'H08563', 'PTPRZ1', 'DSCR1L1', 'CDC20B', 'AIF1', 'LOC283130', 'CAP2', 'AA281932', 'AI005038', 'AA181288', 'LOC146795', 'ADM', 'EID.3', 'MOAP1', 'ADFP', 'CTHRC1', 'MMP2', 'NR4A1', 'NPC2', 'DNASE1L1', 'EDG1', 'CD58', 'N98591', 'HLA.A', 'VAMP2', 'X38595', 'AI263051']}
K
[43, 43]
incoming[COParams.PCS.n]
43
['CCL2', 'CLCA3', 'DPYD', 'PRRX1', 'ZNF549', 'PHLDA1', 'RAB27B', 'SPINT2', 'CD44', 'R52960', 'FAM84B', 'LOC613212', 'IL21R', 'CD53', 'DYNLT1', 'HEY1', 'PRKCB1', 'TSPYL1', 'COL3A1', 'AA975768', 'NPTX1', 'DMN', 'GOT1', 'COL1A1', 'LHFPL2', 'PYGL', 'S100A11', 'IQSEC1', 'TIMP3', 'PRSS3', 'CAMKK2', 'IGF2BP3', 'MDFI', 'H78560', 'ZNF419B', 'ADARB2', 'CLTB', 'R70506', 'ZNF233', 'TFDP2', 'FCGRT', 'NDST1', 'DECR2', 'INPP5F', 'D21S2089E', 'C16orf5', 'CA11', 'C1orf187', 'NOTCH1', 'T62491', 'TOMM40', 'IL1RAP', 'SNCG', 'MGP', 'AA398420', 'LYN', 'CDKN1A', 'TBC1D7', 'CKMT1A', 'SPARC', 'CCR1', 'FLJ38984', 'TIMP1', 'RUNX1', 'LSP1', 'LAPTM5', 'PDLIM7', 'KCNK6', 'T51726', 'SERPING1', 'ANXA1', 'DIP2C', 'KNS2', 'ZNF160', 'HLA.G', 'PSD3', 'ACAD8', 'LGALS3', 'AA401952', 'PRKCG', 'LY96', 'CACNB2', 'PARD3', 'PLP2', 'PRKAR1B', 'SPAG6', 'ASPA', 'AI335002', 'AI262682', 'KLRC2', 'ARPP.19', 'FAM46A', 'PDE4DIP', 'SERPINA3', 'PDE2A', 'FBXL16', 'AI822135', 'ZNF329', 'LMO7', 'H10054', 'COL4A2', 'LOC389831', 'AKR1C2', 'NCF1', 'ID3', 'CHI3L2', 'SUV39H1', 'LRBA', 'H86813', 'ADCY1', 'UBE4B', 'BCL2A1', 'URP2', 'EMP3', 'TncRNA', 'HPRT1', 'ABCA5', 'PDPN', 'DDN', 'CBLN2', 'EPHB1', 'LUM', 'MVP', 'VASP', 'SP100', 'PYCR1', 'HK2', 'SLC16A3', 'KCNJ1', 'S100A1', 'PRKCZ', 'CASP1', 'PNCK', 'SOCS3', 'PYHIN1', 'SLC15A2', 'MDK', 'C6orf12', 'C1R', 'SRPX', 'MGC18216', 'TNFAIP3', 'SAA2', 'CEAL1', 'STK17A', 'IFI30', 'GABBR1', 'NUAK1', 'DKFZp313A2432', 'PCP4', 'COL6A2', 'RALY', 'COL9A2', 'PRG1', 'ZNF226', 'APOC2', 'TNFRSF12A', 'AA598555', 'TTC23', 'NNMT', 'WWTR1', 'APCS', 'PEG3', 'FBL', 'DDEF1', 'ATP6V1C1', 'L1CAM', 'AA906888', 'TNC', 'FLJ35740', 'NMNAT2', 'STEAP3', 'GPSM2', 'F13A1', 'H41096', 'WDR7', 'TCTEX1D1', 'SOX4', 'MAL2', 'FN1', 'MYCBP2', 'DUS3L', 'CACNB3', 'POSTN', 'MED11', 'SETD5', 'FAM84A', 'HPCA', 'MSN', 'IGF1R', 'LOC57228', 'AI357047', 'DLL3', 'NLK', 'PLTP', 'COX7A1', 'AI350724', 'UGCG', 'W93688', 'PLOD2', 'FABP3', 'IGFBP3', 'TXNDC', 'HCLS1', 'GADD45B', 'KIAA0963', 'GBP2', 'CSPG2', 'AA598631', 'NEFH', 'MYC', 'MASP1', 'GYPA', 'MST1', 'ABCC3', 'RBP7', 'CYR61', 'CALM1', 'FREQ', 'LOC388610', 'IL32', 'YWHAG', 'TMEM49', 'PPP1R14A', 'IGFBP5', 'KIAA1543', 'HLA.F', 'CBX6', 'FAS', 'IMAGE.33267', 'ADAM19', 'R61377', 'HBA1', 'PRSS1', 'DCLRE1B', 'CD47', 'AKR1C1', 'ID4', 'MYBPC2', 'TSPAN4', 'LAMB1', 'EDNRB', 'NY.SAR.48', 'RGS16', 'PLAUR', 'H20822', 'SBP1', 'COX6A2', 'TSPAN6', 'H24428', 'EPB49', 'KIAA1644', 'RAB20', 'PCDHGC3', 'STXBP1', 'IGHG1', 'GAS1', 'CCDC3', 'VEGF', 'OSR1', 'EFHB', 'RTN3', 'AI871056', 'USP6NL', 'SVIL', 'BGN', 'MST150', 'KCNQ2', 'RPS19BP1', 'AA479357', 'TMEM146', 'HBXIP', 'USP3', 'C9orf48', 'ITGA5', 'BNIP2', 'PDXP', 'LILRA1', 'YWHAH', 'CA12', 'H91845', 'PPP3CA', 'KCNMA1', 'GPNMB', 'APOC1', 'MGC26694', 'MICAL2', 'RND3', 'RBP4', 'PSG5', 'BCAM', 'NSF', 'FGF13', 'SORT1', 'AA669383', 'FBXO32', 'L3MBTL4', 'TGFBI', 'C1orf63', 'MB', 'SCAMP5', 'HMOX1', 'ANK3', 'IGSF3', 'LAMA4', 'PARP14', 'ZNF217', 'CHN1', 'NPL', 'CAPG', 'BLVRB', 'PLA2G2A', 'PPP3CB', 'SYT7', 'CYBA', 'NDUFB11', 'A2BP1', 'MTHFD2', 'PSG1', 'CLIC1', 'FBXO2', 'MGC42367', 'SYNGR3', 'C8orf4', 'FBXW7', 'PLAU', 'HLA.DRB1', 'FZD7', 'COL1A2', 'DES', 'AA029415', 'ANXA5', 'RAB11FIP4', 'EXT1', 'AA424849', 'MSTP9', 'EGLN2', 'LOC400451', 'X37864', 'FCGR2B', 'AI002301', 'AA490257', 'DEF6', 'EDG3', 'CAV1', 'HSPG2', 'CDKN2D', 'CLSTN3', 'SLC35A2', 'LOC541471', 'HAMP', 'AEBP1', 'VSNL1', 'RPS3A', 'S100A10', 'AP4B1', 'SNRPN', 'LTF', 'ITGA3', 'UBA52', 'GBP1', 'SCN2B', 'MRC2', 'HNRNPG.T', 'C4A', 'ITPKA', 'STMN1', 'NLGN1', 'AA131320', 'KLRC3', 'RFXAP', 'PALLD', 'RAB30', 'ZFHX1B', 'TAP1', 'AA489629', 'DDIT4', 'TCF7L1', 'T97457', 'OSBPL1A', 'WASF1', 'MAPKBP1', 'TLL2', 'ESM1', 'STC1', 'R70684', 'CAMK2A', 'NCF2', 'KLRC1', 'GYPC', 'MGC39606', 'SERPINH1', 'LOC283070', 'ITGA9', 'SERPINI1', 'H08563', 'PTPRZ1', 'DSCR1L1', 'CDC20B', 'AIF1', 'LOC283130', 'CAP2', 'AA281932', 'AI005038', 'AA181288', 'LOC146795', 'ADM', 'EID.3', 'MOAP1', 'ADFP', 'CTHRC1', 'MMP2', 'NR4A1', 'NPC2', 'DNASE1L1', 'EDG1', 'CD58', 'N98591', 'HLA.A', 'VAMP2', 'X38595', 'AI263051']
INDEX
[274, 17, 223, 327, 29, 260, 151, 314, 305, 342, 96, 98, 284, 283, 387, 160, 339, 95, 152, 236, 422, 33, 261, 102, 108, 243, 90, 362, 123, 317, 295, 250, 394, 80, 31, 4, 214, 177, 58, 57, 300, 402, 135, 322, 42, 155, 352, 361, 237, 311, 360, 328, 218, 423, 83, 395, 259, 129, 278, 403, 332, 242, 82, 107, 211, 326, 253, 56, 371, 173, 179, 1, 245, 45, 329, 106, 13, 113, 386, 416, 248, 16, 5, 89, 212, 6, 81, 215, 194, 117, 120, 275, 323, 198, 121, 188, 225, 38, 226, 401, 122, 235, 9, 351, 356, 87, 163, 46, 181, 303, 60, 343, 285, 74, 409, 288, 131, 86, 336, 337, 191, 378, 273, 12, 208, 220, 291, 142, 34, 341, 200, 252, 125, 85, 297, 421, 272, 335, 189, 380, 35, 266, 369, 19, 415, 104, 146, 307, 166, 379, 159, 97, 197, 418, 24, 178, 71, 354, 62, 128, 190, 287, 139, 413, 32, 105, 296, 193, 165, 201, 145, 114, 50, 340, 383, 126, 10, 196, 333, 202, 73, 21, 172, 267, 406, 91, 382, 384, 68, 52, 137, 207, 94, 348, 318, 18, 367, 346, 255, 268, 141, 115, 396, 209, 412, 280, 338, 148, 377, 186, 264, 88, 11, 134, 221, 63, 370, 251, 345, 203, 247, 213, 140, 420, 219, 22, 366, 150, 306, 84, 375, 185, 310, 368, 28, 103, 7, 171, 67, 330, 320, 111, 353, 76, 124, 224, 39, 59, 258, 279, 393, 153, 389, 229, 206, 381, 388, 8, 100, 41, 262, 75, 204, 15, 2, 70, 138, 277, 162, 231, 55, 23, 256, 109, 77, 410, 168, 47, 344, 110, 298, 112, 228, 309, 51, 210, 408, 174, 292, 36, 49, 281, 205, 26, 270, 37, 222, 358, 14, 238, 182, 175, 349, 64, 289, 407, 233, 374, 119, 72, 65, 276, 78, 405, 355, 61, 216, 176, 66, 99, 312, 40, 372, 315, 376, 184, 417, 411, 158, 363, 199, 192, 282, 0, 391, 230, 48, 156, 127, 240, 350, 234, 254, 321, 399, 161, 269, 271, 299, 79, 304, 157, 313, 183, 325, 44, 244, 232, 373, 93, 246, 404, 130, 43, 241, 290, 187, 154, 136, 116, 164, 397, 239, 400, 357, 180, 293, 132, 92, 294, 149, 170, 53, 390, 167, 398, 286, 316, 118, 263, 3, 143, 27, 331, 347, 69, 302, 334, 265, 365, 414, 319, 101, 301, 249, 195, 144, 20, 169, 227, 385, 324, 392, 364, 308, 25, 133, 419, 217, 147, 257, 359]
['CCL2', 'CLCA3', 'DPYD', 'PRRX1', 'ZNF549', 'PHLDA1', 'RAB27B', 'SPINT2', 'CD44', 'R52960', 'FAM84B', 'LOC613212', 'IL21R', 'CD53', 'DYNLT1', 'HEY1', 'PRKCB1', 'TSPYL1', 'COL3A1', 'AA975768', 'NPTX1', 'DMN', 'GOT1', 'COL1A1', 'LHFPL2', 'PYGL', 'S100A11', 'IQSEC1', 'TIMP3', 'PRSS3', 'CAMKK2', 'IGF2BP3', 'MDFI', 'H78560', 'ZNF419B', 'ADARB2', 'CLTB', 'R70506', 'ZNF233', 'TFDP2', 'FCGRT', 'NDST1', 'DECR2', 'INPP5F', 'D21S2089E', 'C16orf5', 'CA11', 'C1orf187', 'NOTCH1', 'T62491', 'TOMM40', 'IL1RAP', 'SNCG', 'MGP', 'AA398420', 'LYN', 'CDKN1A', 'TBC1D7', 'CKMT1A', 'SPARC', 'CCR1', 'FLJ38984', 'TIMP1', 'RUNX1', 'LSP1', 'LAPTM5', 'PDLIM7', 'KCNK6', 'T51726', 'SERPING1', 'ANXA1', 'DIP2C', 'KNS2', 'ZNF160', 'HLA.G', 'PSD3', 'ACAD8', 'LGALS3', 'AA401952', 'PRKCG', 'LY96', 'CACNB2', 'PARD3', 'PLP2', 'PRKAR1B', 'SPAG6', 'ASPA', 'AI335002', 'AI262682', 'KLRC2', 'ARPP.19', 'FAM46A', 'PDE4DIP', 'SERPINA3', 'PDE2A', 'FBXL16', 'AI822135', 'ZNF329', 'LMO7', 'H10054', 'COL4A2', 'LOC389831', 'AKR1C2', 'NCF1', 'ID3', 'CHI3L2', 'SUV39H1', 'LRBA', 'H86813', 'ADCY1', 'UBE4B', 'BCL2A1', 'URP2', 'EMP3', 'TncRNA', 'HPRT1', 'ABCA5', 'PDPN', 'DDN', 'CBLN2', 'EPHB1', 'LUM', 'MVP', 'VASP', 'SP100', 'PYCR1', 'HK2', 'SLC16A3', 'KCNJ1', 'S100A1', 'PRKCZ', 'CASP1', 'PNCK', 'SOCS3', 'PYHIN1', 'SLC15A2', 'MDK', 'C6orf12', 'C1R', 'SRPX', 'MGC18216', 'TNFAIP3', 'SAA2', 'CEAL1', 'STK17A', 'IFI30', 'GABBR1', 'NUAK1', 'DKFZp313A2432', 'PCP4', 'COL6A2', 'RALY', 'COL9A2', 'PRG1', 'ZNF226', 'APOC2', 'TNFRSF12A', 'AA598555', 'TTC23', 'NNMT', 'WWTR1', 'APCS', 'PEG3', 'FBL', 'DDEF1', 'ATP6V1C1', 'L1CAM', 'AA906888', 'TNC', 'FLJ35740', 'NMNAT2', 'STEAP3', 'GPSM2', 'F13A1', 'H41096', 'WDR7', 'TCTEX1D1', 'SOX4', 'MAL2', 'FN1', 'MYCBP2', 'DUS3L', 'CACNB3', 'POSTN', 'MED11', 'SETD5', 'FAM84A', 'HPCA', 'MSN', 'IGF1R', 'LOC57228', 'AI357047', 'DLL3', 'NLK', 'PLTP', 'COX7A1', 'AI350724', 'UGCG', 'W93688', 'PLOD2', 'FABP3', 'IGFBP3', 'TXNDC', 'HCLS1', 'GADD45B', 'KIAA0963', 'GBP2', 'CSPG2', 'AA598631', 'NEFH', 'MYC', 'MASP1', 'GYPA', 'MST1', 'ABCC3', 'RBP7', 'CYR61', 'CALM1', 'FREQ', 'LOC388610', 'IL32', 'YWHAG', 'TMEM49', 'PPP1R14A', 'IGFBP5', 'KIAA1543', 'HLA.F', 'CBX6', 'FAS', 'IMAGE.33267', 'ADAM19', 'R61377', 'HBA1', 'PRSS1', 'DCLRE1B', 'CD47', 'AKR1C1', 'ID4', 'MYBPC2', 'TSPAN4', 'LAMB1', 'EDNRB', 'NY.SAR.48', 'RGS16', 'PLAUR', 'H20822', 'SBP1', 'COX6A2', 'TSPAN6', 'H24428', 'EPB49', 'KIAA1644', 'RAB20', 'PCDHGC3', 'STXBP1', 'IGHG1', 'GAS1', 'CCDC3', 'VEGF', 'OSR1', 'EFHB', 'RTN3', 'AI871056', 'USP6NL', 'SVIL', 'BGN', 'MST150', 'KCNQ2', 'RPS19BP1', 'AA479357', 'TMEM146', 'HBXIP', 'USP3', 'C9orf48', 'ITGA5', 'BNIP2', 'PDXP', 'LILRA1', 'YWHAH', 'CA12', 'H91845', 'PPP3CA', 'KCNMA1', 'GPNMB', 'APOC1', 'MGC26694', 'MICAL2', 'RND3', 'RBP4', 'PSG5', 'BCAM', 'NSF', 'FGF13', 'SORT1', 'AA669383', 'FBXO32', 'L3MBTL4', 'TGFBI', 'C1orf63', 'MB', 'SCAMP5', 'HMOX1', 'ANK3', 'IGSF3', 'LAMA4', 'PARP14', 'ZNF217', 'CHN1', 'NPL', 'CAPG', 'BLVRB', 'PLA2G2A', 'PPP3CB', 'SYT7', 'CYBA', 'NDUFB11', 'A2BP1', 'MTHFD2', 'PSG1', 'CLIC1', 'FBXO2', 'MGC42367', 'SYNGR3', 'C8orf4', 'FBXW7', 'PLAU', 'HLA.DRB1', 'FZD7', 'COL1A2', 'DES', 'AA029415', 'ANXA5', 'RAB11FIP4', 'EXT1', 'AA424849', 'MSTP9', 'EGLN2', 'LOC400451', 'X37864', 'FCGR2B', 'AI002301', 'AA490257', 'DEF6', 'EDG3', 'CAV1', 'HSPG2', 'CDKN2D', 'CLSTN3', 'SLC35A2', 'LOC541471', 'HAMP', 'AEBP1', 'VSNL1', 'RPS3A', 'S100A10', 'AP4B1', 'SNRPN', 'LTF', 'ITGA3', 'UBA52', 'GBP1', 'SCN2B', 'MRC2', 'HNRNPG.T', 'C4A', 'ITPKA', 'STMN1', 'NLGN1', 'AA131320', 'KLRC3', 'RFXAP', 'PALLD', 'RAB30', 'ZFHX1B', 'TAP1', 'AA489629', 'DDIT4', 'TCF7L1', 'T97457', 'OSBPL1A', 'WASF1', 'MAPKBP1', 'TLL2', 'ESM1', 'STC1', 'R70684', 'CAMK2A', 'NCF2', 'KLRC1', 'GYPC', 'MGC39606', 'SERPINH1', 'LOC283070', 'ITGA9', 'SERPINI1', 'H08563', 'PTPRZ1', 'DSCR1L1', 'CDC20B', 'AIF1', 'LOC283130', 'CAP2', 'AA281932', 'AI005038', 'AA181288', 'LOC146795', 'ADM', 'EID.3', 'MOAP1', 'ADFP', 'CTHRC1', 'MMP2', 'NR4A1', 'NPC2', 'DNASE1L1', 'EDG1', 'CD58', 'N98591', 'HLA.A', 'VAMP2', 'X38595', 'AI263051']
INDEX
[274, 17, 223, 327, 29, 260, 151, 314, 305, 342, 96, 98, 284, 283, 387, 160, 339, 95, 152, 236, 422, 33, 261, 102, 108, 243, 90, 362, 123, 317, 295, 250, 394, 80, 31, 4, 214, 177, 58, 57, 300, 402, 135, 322, 42, 155, 352, 361, 237, 311, 360, 328, 218, 423, 83, 395, 259, 129, 278, 403, 332, 242, 82, 107, 211, 326, 253, 56, 371, 173, 179, 1, 245, 45, 329, 106, 13, 113, 386, 416, 248, 16, 5, 89, 212, 6, 81, 215, 194, 117, 120, 275, 323, 198, 121, 188, 225, 38, 226, 401, 122, 235, 9, 351, 356, 87, 163, 46, 181, 303, 60, 343, 285, 74, 409, 288, 131, 86, 336, 337, 191, 378, 273, 12, 208, 220, 291, 142, 34, 341, 200, 252, 125, 85, 297, 421, 272, 335, 189, 380, 35, 266, 369, 19, 415, 104, 146, 307, 166, 379, 159, 97, 197, 418, 24, 178, 71, 354, 62, 128, 190, 287, 139, 413, 32, 105, 296, 193, 165, 201, 145, 114, 50, 340, 383, 126, 10, 196, 333, 202, 73, 21, 172, 267, 406, 91, 382, 384, 68, 52, 137, 207, 94, 348, 318, 18, 367, 346, 255, 268, 141, 115, 396, 209, 412, 280, 338, 148, 377, 186, 264, 88, 11, 134, 221, 63, 370, 251, 345, 203, 247, 213, 140, 420, 219, 22, 366, 150, 306, 84, 375, 185, 310, 368, 28, 103, 7, 171, 67, 330, 320, 111, 353, 76, 124, 224, 39, 59, 258, 279, 393, 153, 389, 229, 206, 381, 388, 8, 100, 41, 262, 75, 204, 15, 2, 70, 138, 277, 162, 231, 55, 23, 256, 109, 77, 410, 168, 47, 344, 110, 298, 112, 228, 309, 51, 210, 408, 174, 292, 36, 49, 281, 205, 26, 270, 37, 222, 358, 14, 238, 182, 175, 349, 64, 289, 407, 233, 374, 119, 72, 65, 276, 78, 405, 355, 61, 216, 176, 66, 99, 312, 40, 372, 315, 376, 184, 417, 411, 158, 363, 199, 192, 282, 0, 391, 230, 48, 156, 127, 240, 350, 234, 254, 321, 399, 161, 269, 271, 299, 79, 304, 157, 313, 183, 325, 44, 244, 232, 373, 93, 246, 404, 130, 43, 241, 290, 187, 154, 136, 116, 164, 397, 239, 400, 357, 180, 293, 132, 92, 294, 149, 170, 53, 390, 167, 398, 286, 316, 118, 263, 3, 143, 27, 331, 347, 69, 302, 334, 265, 365, 414, 319, 101, 301, 249, 195, 144, 20, 169, 227, 385, 324, 392, 364, 308, 25, 133, 419, 217, 147, 257, 359]
[Time: 28.06.23 08:18:12] [Level: info] transition: compute_std
[Time: 28.06.23 08:18:13] [Level: info] state: compute_std
[CTRL] GET /data
[CTRL] POST /data
(422, 1)
(422, 1)
[Time: 28.06.23 08:18:15] [Level: info] transition: apply_scaling
[Time: 28.06.23 08:18:16] [Level: info] state: apply_scaling
[CTRL] GET /data
[CTRL] POST /data
TEST
incoming[COParams.STDS.n]
[array([ 0.73764462,  0.22261841,  1.27090467,  0.48786684,  0.67106372,
        1.49506794,  0.47812803,  2.71355114,  3.0229227 ,  0.98508634,
        1.5573603 ,  2.30600431,  2.09549518,  0.70991955,  0.73037659,
        0.85100443,  1.72926734,  2.34757861,  0.79081028,  1.30189661,
        2.04490514,  0.86541911,  0.90807801,  2.07915018,  0.66720908,
        1.16970935,  0.95518383,  0.90794714,  1.57462825, -0.        ,
        1.02983226,  0.95314904,  2.66986185,  1.99262563,  0.53231191,
        0.76880893,  1.4584471 ,  0.79633352,  0.3302602 ,  0.5464105 ,
        0.36820447,  0.95750986,  2.05155232,  1.44658746,  0.94724964,
        1.42824498,  0.86877625,  1.18758497,  0.92039124,  1.23281731,
        0.5316864 ,  0.95402304,  1.37918751,  1.30750232,  0.88617832,
        0.80607473,  1.47417301,  0.57026686,  0.89429492,  0.48906074,
        0.94288375,  1.82933387,  1.09082537,  1.405229  ,  1.85882734,
        0.7522443 ,  2.39274133,  0.60338279,  1.65716674,  0.63291833,
        0.98473663,  0.4898362 ,  0.92331175,  0.3486699 ,  0.66517073,
        2.19730172,  0.9434344 ,  1.06953802,  0.38815058,  1.38987568,
        1.72988306,  0.60904377,  0.61228743,  3.17483468,  0.82463635,
        0.68950583,  0.6977913 ,  1.11766821,  1.96959732,  0.99169387,
        0.93025419,  1.43590053,  0.78483595,  1.18526077,  1.75202463,
        1.67777882,  1.77916664,  1.20250198,  1.25182679,  2.09851519,
        1.01440134,  2.84170862,  1.13453834,  1.2210077 ,  1.43296944,
        0.78957862,  0.71951684,  1.11650534,  1.64634322,  1.51392118,
        1.96171289,  1.66305891,  0.61502559,  0.97068647,  2.03287657,
        1.40293736,  1.61938998,  1.47343851,  0.62666714,  0.85005829,
        1.24048937,  0.14262522,  1.10047413,  0.95324011,  1.59643137,
        1.91014387,  2.02558466,  1.4074905 ,  0.97954555,  1.38453566,
        0.82891269,  1.35375425,  0.72322193,  1.35517486,  1.05353435,
        0.69672987,  2.82278939,  0.85811024,  0.85519529,  1.08285219,
        1.62504416,  2.28668869,  0.75309928,  0.39163155,  1.41604317,
        1.21122939,  0.83336421,  0.32925857,  1.37476283,  1.20088271,
        1.40856   ,  0.76577521,  0.6426825 ,  0.56536226,  0.55653649,
        1.03720383,  1.766762  ,  1.24334061,  1.3057551 ,  0.82171252,
        0.49751206,  0.7488812 ,  1.04038052,  2.188616  ,  0.63933775,
        0.6821839 ,  1.5163234 ,  1.90480099,  1.72240148,  0.53150348,
        0.86448286,  1.99406353,  0.33471595,  0.69899629,  0.88393281,
        0.58869056,  0.32963386,  1.09569113,  4.2157831 ,  1.6173226 ,
        0.81460909,  0.96133841,  1.1916901 ,  1.51401409,  0.34915181,
        1.01108149,  0.83998605,  2.35216825,  0.99607916,  0.65852295,
        1.03005379,  1.78865583,  1.44610059,  0.54247291,  0.39196428,
        1.34048181,  1.08314775,  1.42990758,  0.90825557,  0.97408939,
        0.72721044,  1.44034567,  1.65902404,  0.8477802 ,  0.48812411,
        1.12679452,  0.65171146,  0.5234749 ,  0.51738363,  2.41754192,
        1.91189004,  1.32981307,  0.48405051,  3.58497647,  1.24104668,
        1.01437402,  1.9937797 ,  0.58521638,  0.76544639,  2.14465887,
        1.78881576,  0.89722916,  1.46365822,  0.62447164,  1.07925799,
        0.81546292,  2.00225651,  0.59034394,  0.78724217,  1.39495767,
        0.59225226,  0.70701564,  0.90150791, -0.        ,  0.49958075,
        1.755857  ,  0.63389128,  0.46645939,  1.11657229,  1.37779514,
        1.40912201,  0.86311818,  1.93902336,  0.80211861,  2.2766856 ,
        0.61937685,  0.4910328 ,  0.70478867,  1.72736674,  0.95851865,
        0.65048086,  1.43645726,  1.01110299,  0.72339565,  1.1309444 ,
        0.73068367,  1.93552518,  0.60354362,  1.40524129,  0.49573441,
        1.80980042,  1.18042222, -0.        ,  1.18775474,  0.6639389 ,
        1.64164366,  1.64865084,  0.80186034,  1.90377287,  1.0552285 ,
        0.49335776,  1.53102566,  2.01591215,  1.25511635,  2.65766734,
        0.74718634,  0.75204516,  0.83578987,  0.35638151,  1.12279202,
        1.73720725,  1.78000234,  0.7952106 ,  1.26647743,  0.85630758,
        1.50073377,  1.4069533 ,  0.79888385, -0.        ,  0.47757149,
        0.56798321,  0.95641429,  0.9281598 ,  0.46916893,  1.42502481,
        0.69805917,  1.08515514,  1.37233736,  1.60850973,  0.64481532,
        0.57405926,  1.03385239,  1.33106034,  0.42468937,  0.83091209,
        0.62398889,  0.8337751 ,  0.37818222,  0.63188532,  1.43900157,
        0.92537651,  1.45146611,  0.95151168,  1.61441283,  0.78126205,
        0.71810359,  0.65651133,  1.26007386,  0.50439554,  0.37031243,
        1.02266485,  0.63232998,  0.4905248 ,  1.09959545,  1.01349492,
        2.17461449,  0.3128263 ,  0.63890845,  1.66728882,  1.91491337,
        0.82120509,  1.05722093,  1.14629116,  0.53442172,  1.33136734,
        0.71941471,  0.47409425,  1.79590986,  1.14775731,  0.54108074,
        0.72355748,  0.77674865,  1.03955185,  0.68399743,  1.8008939 ,
        0.89687716,  0.62017332,  1.41861755,  1.10550531,  2.43228083,
        1.09861466,  0.86483928,  1.36063337,  0.55660802,  0.99447962,
        1.14816924,  1.07982778,  1.1094005 ,  0.8332197 ,  0.8439025 ,
        0.64880174,  1.8173893 ,  0.59897144,  0.58108545,  0.87899226,
        1.81543712,  1.09222041,  1.12263777,  0.48652637,  1.74913791,
        0.66649855,  0.30918859,  2.09516105,  2.95530788,  0.43246666,
        0.68006445,  1.3792521 ,  1.85578029,  2.37571671,  0.38429878,
        1.98739184,  1.14737111,  1.2655697 ,  1.49832008,  0.9353901 ,
        0.61672665,  1.03848952,  0.54112061,  1.20930563,  1.70322517,
        0.46888484,  1.27354794,  1.52637973,  0.99861469,  0.70484433,
        0.94365117,  1.37233218,  0.79732681, -0.        ,  0.51282855,
        1.33923517,  0.63291228,  1.26716063,  0.98675052,  1.26115528,
        1.21233463,  0.67855999,  0.5090949 ,  0.8639019 ,  1.03035434,
        0.68191802,  1.77111844,  1.41927375,  0.73492298,  0.64914558,
        0.48369437,  1.53796537,  0.54190584,  1.49996963,  0.49857172,
        1.901808  ,  1.57174044]), array([ 1.19126028,  0.26227203,  1.01410657,  0.42659544,  0.91929175,
        2.96109874,  0.96504168,  1.13373144,  1.69701726,  1.58235568,
        2.59366613,  1.72782872,  1.96335169,  0.81770811,  0.94561244,
        1.13318083,  1.21883909,  1.25477182,  1.39680313,  1.34083283,
        1.59259909,  0.47132846,  1.22493412,  1.38488347,  0.6225587 ,
        1.69478892,  0.98636853,  0.5413776 ,  0.95966321, -0.        ,
        0.92338927,  0.50763047,  1.63448432,  1.23851264,  0.96921386,
        1.27743931,  2.23726564,  0.99784585,  0.4118547 ,  0.47390061,
        0.34405401,  0.64809823,  1.32680807,  1.12316815,  0.64594024,
        0.85272324,  0.71154926,  1.28845038,  0.7243486 ,  1.01487773,
        0.43532357,  1.07106012,  1.84169208,  1.609021  ,  0.95018799,
        0.86612677,  1.33176934,  0.65681771,  1.36165149,  0.61077764,
        2.01765121,  0.71778117,  1.07524131,  1.205505  ,  2.02146066,
        0.44398658,  1.56174737,  0.65004849,  1.51172113,  0.50215735,
        0.96492787,  0.60061756,  0.73827567,  0.32146618,  0.57454007,
        1.34904011,  0.46748711,  1.70678378,  0.30968482,  1.17203207,
        1.57352094,  0.85197025,  0.58290035,  3.29168599,  1.02048033,
        1.12969079,  0.68210089,  1.90172686,  2.147183  ,  1.99697324,
        0.71805684,  0.99956851,  0.66248804,  0.90257268,  2.11900012,
        1.17785275,  2.15133948,  2.63528189,  1.67419041,  1.26449205,
        1.38995765,  1.22332243,  1.1348957 ,  1.43164813,  1.58592264,
        1.17858875,  1.4260718 ,  1.23111207,  1.59660506,  1.17838093,
        1.11804816,  1.46960361,  0.67211496,  1.10383334,  1.68673409,
        1.68776998,  0.93995809,  1.19866464,  1.12134563,  1.03249272,
        0.88358645,  0.14262522,  0.58574629,  0.83207822,  1.0976002 ,
        2.19888866,  1.55763916,  2.02563988,  1.41054646,  0.83548085,
        0.82371612,  0.95575368,  0.63754963,  1.09062759,  0.90937103,
        0.5305771 ,  1.96570969,  0.63122748,  1.13886466,  1.43680434,
        1.23613445,  1.34334105,  0.84459552,  0.37738821,  1.07339906,
        0.95884138,  0.60482144,  0.8527581 ,  1.48376165,  1.23037776,
        1.24948075,  0.80025034,  0.54245135,  0.41018206,  0.50742474,
        0.97485441,  0.93036104,  1.50231733,  0.67130488,  1.23438094,
        0.73498153,  0.71569179,  2.37093719,  1.88003776,  0.52657646,
        0.58106264,  1.55890228,  1.81579308,  1.66128871,  0.48260737,
        1.10434458,  1.25645826,  0.33261135,  0.56263256,  1.09362032,
        0.54616413,  0.42537677,  2.75335397,  1.95880365,  0.98375175,
        1.7285051 ,  1.08547369,  1.33367707,  2.26407382,  0.37227292,
        1.88737579,  0.48433176,  2.03153271,  0.82608573,  0.39598137,
        1.05732097,  1.80361996,  2.16401348,  0.55988401,  0.30335839,
        1.46574855,  1.46266014,  2.07524133,  1.02676189,  1.67300422,
        0.76443681,  2.24312446,  0.71239956,  0.54155054,  0.93106173,
        2.30347524,  1.02177844,  0.67802929,  0.50202955,  2.15005275,
        2.08541166,  1.25560031,  0.4377833 ,  3.0415563 ,  1.6464461 ,
        1.93878815,  2.01877185,  0.4605101 ,  0.78636789,  1.37179193,
        2.01325081,  0.73050594,  1.3159597 ,  1.08347248,  1.00874117,
        0.44575056,  1.45315684,  0.97562697,  0.97414009,  1.01103524,
        0.70971635,  1.18590235,  0.69215226, -0.        ,  0.46591193,
        1.08471466,  0.62962855,  0.46395695,  1.01099811,  1.18136889,
        2.27233879,  1.12994445,  1.29765297,  0.71590934,  0.87433201,
        0.77414577,  0.43027882,  0.4292497 ,  1.42379508,  0.71959545,
        1.08791496,  1.25285413,  0.81951748,  0.78805421,  0.89063344,
        0.68511405,  1.43444346,  0.67370754,  1.54376624,  0.64282783,
        1.46920822,  0.85684626,  0.        ,  1.2690939 ,  0.78795313,
        1.33049957,  1.31732093,  1.35467402,  1.07350139,  0.88148469,
        0.54950686,  0.74557984,  1.97818679,  1.59604558,  3.10804722,
        0.9631659 ,  0.89420019,  0.79997259,  0.75508394,  1.91568394,
        3.25664973,  1.43343253,  2.06548051,  1.53558738,  1.11280556,
        0.93287181,  1.61974637,  1.64599307,  0.        ,  0.70391461,
        0.65702946,  1.06798589,  0.78389588,  0.40711969,  1.18469089,
        0.45769819,  1.1983274 ,  2.90103744,  0.68440322,  0.53965829,
        0.59909759,  0.84943982,  1.95406636,  0.47508553,  1.13404717,
        0.41552396,  0.8337751 ,  0.60664225,  0.44059862,  0.66811218,
        0.89261279,  1.46008482,  0.89412835,  1.242529  ,  0.72385284,
        0.51402914,  0.67635032,  2.11458276,  0.34867013,  1.49459682,
        1.66206751,  1.03360965,  1.71351156,  1.03960219,  1.51751239,
        1.41730847,  0.26792936,  1.21453984,  1.58771349,  0.94243149,
        0.95000684,  1.86971571,  1.22307338,  0.36701338,  1.06399495,
        0.51498448,  0.46857594,  1.41972054,  0.61248466,  0.42858978,
        0.87296996,  1.14840243,  1.36655864,  0.90309205,  2.06581058,
        1.70189017,  0.93028459,  0.98450182,  0.86059732,  1.24502926,
        1.30655191,  1.3853736 ,  1.5951578 ,  0.93348498,  1.28655742,
        0.86790381,  1.3827905 ,  0.8001255 ,  0.77261552,  1.19314801,
        0.65768047,  1.35730515,  1.06002231,  0.43299831,  0.54147921,
        1.1117816 ,  1.80269166,  0.92361018,  0.48041672,  1.42579397,
        0.82535151,  0.43129917,  0.91685182,  1.22555225,  0.65264323,
        0.90625691,  1.56924339,  2.47545681,  1.4590347 ,  0.76855586,
        0.75137175,  0.64703885,  2.12419839,  0.95824905,  1.05691824,
        1.11877863,  1.18210051,  0.4177726 ,  2.80945868,  1.10863312,
        0.3718687 ,  1.85823924,  1.58572318,  1.37633723,  1.23321496,
        1.00948283,  0.37329816,  1.4653925 ,  0.71818373,  0.49755771,
        1.04099834,  1.0358396 ,  1.63850545,  2.11530525,  0.8896891 ,
        0.81677011,  1.2713166 ,  0.47923245,  0.92942422,  0.87036185,
        1.4169052 ,  1.64730628,  1.81055678,  0.78335852,  0.49317925,
        0.5955744 ,  1.87978818,  0.60508005,  0.49734689,  0.52823839,
        1.40014263,  1.3714047 ])]
incoming[COParams.STDS.n][idx]
[ 0.73764462  0.22261841  1.27090467  0.48786684  0.67106372  1.49506794
  0.47812803  2.71355114  3.0229227   0.98508634  1.5573603   2.30600431
  2.09549518  0.70991955  0.73037659  0.85100443  1.72926734  2.34757861
  0.79081028  1.30189661  2.04490514  0.86541911  0.90807801  2.07915018
  0.66720908  1.16970935  0.95518383  0.90794714  1.57462825 -0.
  1.02983226  0.95314904  2.66986185  1.99262563  0.53231191  0.76880893
  1.4584471   0.79633352  0.3302602   0.5464105   0.36820447  0.95750986
  2.05155232  1.44658746  0.94724964  1.42824498  0.86877625  1.18758497
  0.92039124  1.23281731  0.5316864   0.95402304  1.37918751  1.30750232
  0.88617832  0.80607473  1.47417301  0.57026686  0.89429492  0.48906074
  0.94288375  1.82933387  1.09082537  1.405229    1.85882734  0.7522443
  2.39274133  0.60338279  1.65716674  0.63291833  0.98473663  0.4898362
  0.92331175  0.3486699   0.66517073  2.19730172  0.9434344   1.06953802
  0.38815058  1.38987568  1.72988306  0.60904377  0.61228743  3.17483468
  0.82463635  0.68950583  0.6977913   1.11766821  1.96959732  0.99169387
  0.93025419  1.43590053  0.78483595  1.18526077  1.75202463  1.67777882
  1.77916664  1.20250198  1.25182679  2.09851519  1.01440134  2.84170862
  1.13453834  1.2210077   1.43296944  0.78957862  0.71951684  1.11650534
  1.64634322  1.51392118  1.96171289  1.66305891  0.61502559  0.97068647
  2.03287657  1.40293736  1.61938998  1.47343851  0.62666714  0.85005829
  1.24048937  0.14262522  1.10047413  0.95324011  1.59643137  1.91014387
  2.02558466  1.4074905   0.97954555  1.38453566  0.82891269  1.35375425
  0.72322193  1.35517486  1.05353435  0.69672987  2.82278939  0.85811024
  0.85519529  1.08285219  1.62504416  2.28668869  0.75309928  0.39163155
  1.41604317  1.21122939  0.83336421  0.32925857  1.37476283  1.20088271
  1.40856     0.76577521  0.6426825   0.56536226  0.55653649  1.03720383
  1.766762    1.24334061  1.3057551   0.82171252  0.49751206  0.7488812
  1.04038052  2.188616    0.63933775  0.6821839   1.5163234   1.90480099
  1.72240148  0.53150348  0.86448286  1.99406353  0.33471595  0.69899629
  0.88393281  0.58869056  0.32963386  1.09569113  4.2157831   1.6173226
  0.81460909  0.96133841  1.1916901   1.51401409  0.34915181  1.01108149
  0.83998605  2.35216825  0.99607916  0.65852295  1.03005379  1.78865583
  1.44610059  0.54247291  0.39196428  1.34048181  1.08314775  1.42990758
  0.90825557  0.97408939  0.72721044  1.44034567  1.65902404  0.8477802
  0.48812411  1.12679452  0.65171146  0.5234749   0.51738363  2.41754192
  1.91189004  1.32981307  0.48405051  3.58497647  1.24104668  1.01437402
  1.9937797   0.58521638  0.76544639  2.14465887  1.78881576  0.89722916
  1.46365822  0.62447164  1.07925799  0.81546292  2.00225651  0.59034394
  0.78724217  1.39495767  0.59225226  0.70701564  0.90150791 -0.
  0.49958075  1.755857    0.63389128  0.46645939  1.11657229  1.37779514
  1.40912201  0.86311818  1.93902336  0.80211861  2.2766856   0.61937685
  0.4910328   0.70478867  1.72736674  0.95851865  0.65048086  1.43645726
  1.01110299  0.72339565  1.1309444   0.73068367  1.93552518  0.60354362
  1.40524129  0.49573441  1.80980042  1.18042222 -0.          1.18775474
  0.6639389   1.64164366  1.64865084  0.80186034  1.90377287  1.0552285
  0.49335776  1.53102566  2.01591215  1.25511635  2.65766734  0.74718634
  0.75204516  0.83578987  0.35638151  1.12279202  1.73720725  1.78000234
  0.7952106   1.26647743  0.85630758  1.50073377  1.4069533   0.79888385
 -0.          0.47757149  0.56798321  0.95641429  0.9281598   0.46916893
  1.42502481  0.69805917  1.08515514  1.37233736  1.60850973  0.64481532
  0.57405926  1.03385239  1.33106034  0.42468937  0.83091209  0.62398889
  0.8337751   0.37818222  0.63188532  1.43900157  0.92537651  1.45146611
  0.95151168  1.61441283  0.78126205  0.71810359  0.65651133  1.26007386
  0.50439554  0.37031243  1.02266485  0.63232998  0.4905248   1.09959545
  1.01349492  2.17461449  0.3128263   0.63890845  1.66728882  1.91491337
  0.82120509  1.05722093  1.14629116  0.53442172  1.33136734  0.71941471
  0.47409425  1.79590986  1.14775731  0.54108074  0.72355748  0.77674865
  1.03955185  0.68399743  1.8008939   0.89687716  0.62017332  1.41861755
  1.10550531  2.43228083  1.09861466  0.86483928  1.36063337  0.55660802
  0.99447962  1.14816924  1.07982778  1.1094005   0.8332197   0.8439025
  0.64880174  1.8173893   0.59897144  0.58108545  0.87899226  1.81543712
  1.09222041  1.12263777  0.48652637  1.74913791  0.66649855  0.30918859
  2.09516105  2.95530788  0.43246666  0.68006445  1.3792521   1.85578029
  2.37571671  0.38429878  1.98739184  1.14737111  1.2655697   1.49832008
  0.9353901   0.61672665  1.03848952  0.54112061  1.20930563  1.70322517
  0.46888484  1.27354794  1.52637973  0.99861469  0.70484433  0.94365117
  1.37233218  0.79732681 -0.          0.51282855  1.33923517  0.63291228
  1.26716063  0.98675052  1.26115528  1.21233463  0.67855999  0.5090949
  0.8639019   1.03035434  0.68191802  1.77111844  1.41927375  0.73492298
  0.64914558  0.48369437  1.53796537  0.54190584  1.49996963  0.49857172
  1.901808    1.57174044]
len(incoming[COParams.STDS.n][idx]
422
[Time: 28.06.23 08:18:18] [Level: info] Traceback (most recent call last):
  File "/app/engine/app.py", line 169, in guarded_run
    self.run()
  File "/app/engine/app.py", line 184, in run
    transition = self.current_state.run()
  File "/app/apps/svd/app.py", line 172, in run
    self.load('mfa').apply_scaling(incoming, highly_variable=config.highly_variable)
  File "/app/apps/svd/FC_Federated_MFA.py", line 197, in apply_scaling
    self.std[idx] = incoming[COParams.STDS.n][idx].reshape((len(incoming[COParams.STDS.n][idx]),1))
IndexError: list assignment index out of range

