2023-06-28 08:36:53,712 CRIT Supervisor is running as root.  Privileges were not dropped because no user is specified in the config file.  If you intend to run as root, you can set user=root in the config file to avoid this message.
2023-06-28 08:36:53,714 INFO supervisord started with pid 7
2023-06-28 08:36:54,716 INFO spawned: 'nginx' with pid 10
2023-06-28 08:36:54,718 INFO spawned: 'app' with pid 11
2023-06-28 08:36:55,733 INFO success: nginx entered RUNNING state, process has stayed up for > than 1 seconds (startsecs)
2023-06-28 08:36:55,734 INFO success: app entered RUNNING state, process has stayed up for > than 1 seconds (startsecs)
[CTRL] POST /setup
[Time: 28.06.23 08:37:03] [Level: info] id: 190e36fbf9273912
[Time: 28.06.23 08:37:03] [Level: info] coordinator: True
[Time: 28.06.23 08:37:03] [Level: info] clients: ['82813cd327b60c46', '190e36fbf9273912']
[Time: 28.06.23 08:37:03] [Level: info] state: initial
[CLIENT] Parsing parameter file...
[API] /setup parsing parameter file 
[API] /setup config file found ... parsing file: /mnt/input/config.yaml
YAML file does not follow specification: missing key: eigenvalues
Setting default: eigenvalues.tsv
YAML file does not follow specification: missing key: explained_variance
Setting default: eigenvalues.tsv
YAML file does not follow specification: missing key: output delimiter
Setting default: tab
[API] /setup config file found ... parsing done
[CLIENT] finished parsing parameter file.
[STARTUP] Instantiate SVD
[STARTUP] Copy configuration and create dir
[STARTUP] Configuration copied
Log Transform performed
[[ 0.2305604   0.71134801  0.358525   ... -0.418475    0.02686903
   0.43296748]
 [ 0.7685604   0.49434801  0.623525   ...  0.158525    0.30886903
   0.68796748]
 [ 0.2005604   0.18034801  0.617525   ... -0.303475    0.14986903
   0.50396748]
 ...
 [ 0.33603731  1.17897856  1.95058322 ...  1.26352924  1.74509741
   0.99718212]
 [ 0.13803731 -1.54702144 -0.67241678 ... -1.63047076 -4.82490259
  -0.95181788]
 [ 0.76753731  2.08097856 -0.60541678 ...  2.45852924  1.20309741
   2.93318212]]
/app/apps/svd/FC_Federated_MFA.py:126: RuntimeWarning: invalid value encountered in log2
  tabdata.scaled = np.log2(tabdata.scaled+1)
[[ 0.29931547  0.77513317  0.44204111 ... -0.78208688  0.03825218
   0.51900587]
 [ 0.82257549  0.57951617  0.6991296  ...  0.21228918  0.38832074
   0.75528711]
 [ 0.26370798  0.23921228  0.69378801 ... -0.52175296  0.20146954
   0.58877337]
 ...
 [ 0.41796029  1.123652    1.56100015 ...  1.17857395  1.45685734
   0.99796589]
 [ 0.18654785         nan -1.61006665 ...         nan         nan
  -4.37535846]
 [ 0.82174067  1.62338864 -1.3415985  ...  1.79015866  1.13953329
   1.97569699]]
[Time: 28.06.23 08:37:03] [Level: info] transition: check_row_names
[Time: 28.06.23 08:37:04] [Level: info] state: check_row_names
gathering
[CTRL] POST /data
unifying row names
[{'Row names': array(['EXT1', 'DIP2C', 'SVIL', 'MGC39606', 'ADARB2', 'PARD3', 'SPAG6',
       'AKR1C1', 'CCDC3', 'AKR1C2', 'TCTEX1D1', 'GYPA', 'VASP', 'ACAD8',
       'C1orf63', 'USP6NL', 'CACNB2', 'CLCA3', 'COX7A1', 'CEAL1', 'EID.3',
       'DUS3L', 'KIAA1543', 'HBXIP', 'ZNF226', 'EDG1', 'SORT1',
       'LOC283070', 'DCLRE1B', 'ZNF549', 'KLRC3', 'ZNF419B', 'DDEF1',
       'DMN', 'KCNJ1', 'MGC18216', 'PSG5', 'FBXO32', 'ZNF329', 'SBP1',
       'MGC42367', 'OSR1', 'D21S2089E', 'HNRNPG.T', 'AP4B1', 'ZNF160',
       'LRBA', 'LILRA1', 'EGLN2', 'BCAM', 'GPSM2', 'APOC1', 'IGF1R',
       'TLL2', 'CA11', 'TMEM146', 'KCNK6', 'TFDP2', 'ZNF233', 'COX6A2',
       'UBE4B', 'NDUFB11', 'TTC23', 'RBP7', 'IGSF3', 'BLVRB', 'PSG1',
       'MYBPC2', 'MSN', 'H08563', 'BGN', 'TNFRSF12A', 'CAPG', 'MYCBP2',
       'EMP3', 'RTN3', 'RGS16', 'ITGA5', 'PPP3CB', 'LOC541471', 'H78560',
       'ASPA', 'TIMP1', 'AA398420', 'IMAGE.33267', 'SOCS3', 'PDPN',
       'CHI3L2', 'MASP1', 'PLP2', 'S100A11', 'SETD5', 'T97457', 'UBA52',
       'DLL3', 'TSPYL1', 'FAM84B', 'RALY', 'LOC613212', 'CLIC1', 'VEGF',
       'AA281932', 'COL1A1', 'CD47', 'IFI30', 'ATP6V1C1', 'PSD3', 'RUNX1',
       'LHFPL2', 'C9orf48', 'CA12', 'EDNRB', 'PPP3CA', 'LGALS3', 'STEAP3',
       'IGFBP3', 'KLRC3', 'KLRC2', 'KLRC1', 'NPL', 'ARPP.19', 'PDE2A',
       'COL4A2', 'TIMP3', 'PLAUR', 'PNCK', 'WDR7', 'X37864', 'NNMT',
       'TBC1D7', 'MRC2', 'ABCA5', 'TCF7L1', 'CD58', 'MST1', 'DECR2',
       'AA131320', 'LOC57228', 'MST150', 'PEG3', 'TMEM49', 'FABP3',
       'SLC16A3', 'SERPINH1', 'ADM', 'NMNAT2', 'GABBR1', 'VAMP2', 'CSPG2',
       'WASF1', 'CBX6', 'RAB27B', 'COL3A1', 'KIAA1644', 'NLGN1',
       'C16orf5', 'LOC400451', 'AEBP1', 'COL1A2', 'COL6A2', 'HEY1',
       'HSPG2', 'RPS19BP1', 'SUV39H1', 'RFXAP', 'TNC', 'DKFZp313A2432',
       'STC1', 'PDXP', 'MOAP1', 'MAPKBP1', 'ID4', 'CACNB3', 'SERPING1',
       'RND3', 'HMOX1', 'MTHFD2', 'R70506', 'APOC2', 'ANXA1', 'AA489629',
       'H86813', 'SCAMP5', 'RPS3A', 'PLAU', 'R61377', 'NEFH', 'STMN1',
       'FBXL16', 'C1R', 'WWTR1', 'EPHB1', 'ANXA5', 'AA906888', 'AI262682',
       'LOC146795', 'SOX4', 'COL9A2', 'SERPINA3', 'AA029415', 'PRKCZ',
       'FLJ35740', 'FN1', 'LOC388610', 'AI871056', 'FGF13', 'STXBP1',
       'AI357047', 'SP100', 'HCLS1', 'MGC26694', 'LSP1', 'PRKAR1B',
       'YWHAG', 'CLTB', 'AI335002', 'A2BP1', 'HLA.A', 'SNCG', 'IGFBP5',
       'PYCR1', 'ABCC3', 'L3MBTL4', 'DPYD', 'H20822', 'AI822135', 'LMO7',
       'ADFP', 'KCNMA1', 'PCDHGC3', 'MSTP9', 'AA479357', 'LTF', 'ZNF217',
       'AA490257', 'LOC389831', 'AA975768', 'NOTCH1', 'MB', 'RAB30',
       'FCGR2B', 'C4A', 'FLJ38984', 'PYGL', 'SNRPN', 'KNS2', 'GBP1',
       'IL32', 'LY96', 'AA181288', 'IGF2BP3', 'CALM1', 'CASP1', 'PDLIM7',
       'DEF6', 'W93688', 'USP3', 'X38595', 'TSPAN6', 'CDKN1A', 'PHLDA1',
       'GOT1', 'EFHB', 'GYPC', 'MYC', 'CDC20B', 'TNFAIP3', 'POSTN',
       'PLOD2', 'CDKN2D', 'AA669383', 'CLSTN3', 'MDK', 'MVP', 'CCL2',
       'FAM46A', 'PLA2G2A', 'KCNQ2', 'CKMT1A', 'H24428', 'KIAA0963',
       'NSF', 'RAB11FIP4', 'CD53', 'IL21R', 'URP2', 'CAMK2A', 'APCS',
       'HPRT1', 'LAMA4', 'ITPKA', 'HK2', 'RBP4', 'DDIT4', 'OSBPL1A',
       'CAMKK2', 'L1CAM', 'PYHIN1', 'H91845', 'SLC35A2', 'FCGRT',
       'AI005038', 'PTPRZ1', 'ADCY1', 'HAMP', 'CD44', 'FAS', 'NUAK1',
       'DNASE1L1', 'GPNMB', 'HBA1', 'T62491', 'FBXO2', 'VSNL1', 'SPINT2',
       'C8orf4', 'NCF2', 'PRSS3', 'PLTP', 'CAP2', 'LAMB1', 'EDG3',
       'INPP5F', 'PDE4DIP', 'MMP2', 'S100A10', 'LAPTM5', 'PRRX1',
       'IL1RAP', 'HLA.G', 'TSPAN4', 'ITGA9', 'CCR1', 'MAL2', 'DSCR1L1',
       'C6orf12', 'DDN', 'CBLN2', 'GBP2', 'PRKCB1', 'F13A1', 'S100A1',
       'R52960', 'BCL2A1', 'YWHAH', 'FREQ', 'UGCG', 'SERPINI1', 'NLK',
       'ANK3', 'AI002301', 'NCF1', 'CA11', 'NY.SAR.48', 'AA598555',
       'CYBA', 'ID3', 'TAP1', 'TGFBI', 'AI263051', 'TOMM40', 'C1orf187',
       'IQSEC1', 'DES', 'NPC2', 'AIF1', 'HLA.F', 'AI350724', 'PRSS1',
       'SAA2', 'CYR61', 'T51726', 'SYNGR3', 'ITGA3', 'CHN1', 'ADAM19',
       'FBXW7', 'AA598631', 'LUM', 'PCP4', 'SRPX', 'IGHG1', 'FAM84A',
       'H41096', 'HPCA', 'CTHRC1', 'AA401952', 'DYNLT1', 'GAS1', 'RAB20',
       'ESM1', 'AA424849', 'NR4A1', 'EPB49', 'MDFI', 'LYN', 'TXNDC',
       'PALLD', 'R70684', 'CAV1', 'ZFHX1B', 'H10054', 'NDST1', 'SPARC',
       'SCN2B', 'SYT7', 'MED11', 'PARP14', 'MICAL2', 'TncRNA', 'BNIP2',
       'FZD7', 'GADD45B', 'FBL', 'LOC283130', 'STK17A', 'PRKCG',
       'HLA.DRB1', 'PRG1', 'N98591', 'PPP1R14A', 'SLC15A2', 'NPTX1',
       'MGP'], dtype=object), 'Sample count': 17, 'Nans': array([ 0,  0,  0,  1,  2,  0,  2,  0,  0,  0,  1,  1,  0,  0,  1,  0,  0,
        0,  1,  0,  0,  3,  0,  1,  0,  0,  1,  1,  0,  1,  0,  0,  0,  0,
        0,  1,  0,  0,  1,  0,  1,  0,  0,  3,  2,  0,  1,  1,  1,  0,  0,
        1,  0,  6,  1,  0,  0,  0,  0,  0,  1,  1,  1,  5,  0,  3,  0,  1,
        6, 11,  1, 12,  2,  0, 12,  1,  1, 13,  1,  9,  8,  0,  6,  0,  8,
        1,  2,  2,  3, 16, 10,  6, 11,  4,  5,  4,  5,  0,  0, 13,  7,  2,
        4,  0,  5,  0,  9,  6,  0,  1,  5,  1,  1, 11,  4, 15,  7,  8,  8,
        0,  0,  3,  2,  1, 11,  0,  0,  0, 13,  0,  2,  6,  1,  9,  9,  6,
        0,  0,  3,  5, 10,  0, 13, 13, 12,  0,  0,  0,  0,  1,  0,  8,  0,
        6,  0,  0,  7,  4,  9, 12,  3,  6,  2,  0,  0,  4,  3, 15,  5,  0,
        0,  0,  4,  0,  8,  0, 10,  3,  3,  8,  0,  6,  0,  3,  6,  6,  4,
        5,  1,  1,  1,  0,  2,  7,  8,  1,  7,  0,  0,  7,  2,  0,  9,  7,
       17,  6,  4,  8,  3,  0,  0,  8,  4,  0,  1,  2,  0,  0,  5,  1, 12,
        5, 11,  1,  0,  8, 10, 11,  1,  1,  0,  1,  0, 16,  0,  6,  0,  0,
        1, 11,  0,  0,  0,  7,  1,  0,  0, 16,  0,  5, 15,  0,  2,  8,  1,
        1, 12,  2,  0,  0,  2,  5,  6, 13, 11, 17,  5,  1, 12,  3,  7,  0,
       12,  0,  1,  5,  6,  2,  4,  0,  0,  0,  2,  0,  8,  0,  0,  1, 14,
        0,  5, 12, 17,  9,  1,  1,  9,  0,  8,  1,  0,  4,  0,  7,  6,  9,
        1,  0,  0,  7,  0,  5,  0,  2, 14,  4,  0, 17,  0,  3,  9,  0,  0,
        3, 13,  8,  0,  0,  0,  1,  4,  0,  3, 13,  2,  0,  1,  1,  0,  0,
        0,  2,  9,  6,  0,  0, 10,  1,  0,  4,  0,  2,  0,  3, 15, 12,  1,
        1, 11,  0,  0,  7,  0,  0,  0,  0,  1,  2, 17,  0,  7,  6, 12,  0,
        0,  0,  0,  0, 16,  2,  3,  1,  0,  0,  3,  9,  0,  0,  1,  3,  6,
        7,  7,  6,  3,  1,  0,  0,  0, 16, 12,  1,  0,  0,  1,  1,  0,  0,
        6,  9,  0,  6,  0,  3,  5,  5,  1,  0,  0,  0,  0,  0,  8,  0])}]
['EXT1', 'DIP2C', 'SVIL', 'MGC39606', 'ADARB2', 'PARD3', 'SPAG6', 'AKR1C1', 'CCDC3', 'AKR1C2', 'TCTEX1D1', 'GYPA', 'VASP', 'ACAD8', 'C1orf63', 'USP6NL', 'CACNB2', 'CLCA3', 'COX7A1', 'CEAL1', 'EID.3', 'DUS3L', 'KIAA1543', 'HBXIP', 'ZNF226', 'EDG1', 'SORT1', 'LOC283070', 'DCLRE1B', 'ZNF549', 'KLRC3', 'ZNF419B', 'DDEF1', 'DMN', 'KCNJ1', 'MGC18216', 'PSG5', 'FBXO32', 'ZNF329', 'SBP1', 'MGC42367', 'OSR1', 'D21S2089E', 'HNRNPG.T', 'AP4B1', 'ZNF160', 'LRBA', 'LILRA1', 'EGLN2', 'BCAM', 'GPSM2', 'APOC1', 'IGF1R', 'TLL2', 'CA11', 'TMEM146', 'KCNK6', 'TFDP2', 'ZNF233', 'COX6A2', 'UBE4B', 'NDUFB11', 'TTC23', 'RBP7', 'IGSF3', 'BLVRB', 'PSG1', 'MYBPC2', 'MSN', 'H08563', 'BGN', 'TNFRSF12A', 'CAPG', 'MYCBP2', 'EMP3', 'RTN3', 'RGS16', 'ITGA5', 'PPP3CB', 'LOC541471', 'H78560', 'ASPA', 'TIMP1', 'AA398420', 'IMAGE.33267', 'SOCS3', 'PDPN', 'CHI3L2', 'MASP1', 'PLP2', 'S100A11', 'SETD5', 'T97457', 'UBA52', 'DLL3', 'TSPYL1', 'FAM84B', 'RALY', 'LOC613212', 'CLIC1', 'VEGF', 'AA281932', 'COL1A1', 'CD47', 'IFI30', 'ATP6V1C1', 'PSD3', 'RUNX1', 'LHFPL2', 'C9orf48', 'CA12', 'EDNRB', 'PPP3CA', 'LGALS3', 'STEAP3', 'IGFBP3', 'KLRC2', 'KLRC1', 'NPL', 'ARPP.19', 'PDE2A', 'COL4A2', 'TIMP3', 'PLAUR', 'PNCK', 'WDR7', 'X37864', 'NNMT', 'TBC1D7', 'MRC2', 'ABCA5', 'TCF7L1', 'CD58', 'MST1', 'DECR2', 'AA131320', 'LOC57228', 'MST150', 'PEG3', 'TMEM49', 'FABP3', 'SLC16A3', 'SERPINH1', 'ADM', 'NMNAT2', 'GABBR1', 'VAMP2', 'CSPG2', 'WASF1', 'CBX6', 'RAB27B', 'COL3A1', 'KIAA1644', 'NLGN1', 'C16orf5', 'LOC400451', 'AEBP1', 'COL1A2', 'COL6A2', 'HEY1', 'HSPG2', 'RPS19BP1', 'SUV39H1', 'RFXAP', 'TNC', 'DKFZp313A2432', 'STC1', 'PDXP', 'MOAP1', 'MAPKBP1', 'ID4', 'CACNB3', 'SERPING1', 'RND3', 'HMOX1', 'MTHFD2', 'R70506', 'APOC2', 'ANXA1', 'AA489629', 'H86813', 'SCAMP5', 'RPS3A', 'PLAU', 'R61377', 'NEFH', 'STMN1', 'FBXL16', 'C1R', 'WWTR1', 'EPHB1', 'ANXA5', 'AA906888', 'AI262682', 'LOC146795', 'SOX4', 'COL9A2', 'SERPINA3', 'AA029415', 'PRKCZ', 'FLJ35740', 'FN1', 'LOC388610', 'AI871056', 'FGF13', 'STXBP1', 'AI357047', 'SP100', 'HCLS1', 'MGC26694', 'LSP1', 'PRKAR1B', 'YWHAG', 'CLTB', 'AI335002', 'A2BP1', 'HLA.A', 'SNCG', 'IGFBP5', 'PYCR1', 'ABCC3', 'L3MBTL4', 'DPYD', 'H20822', 'AI822135', 'LMO7', 'ADFP', 'KCNMA1', 'PCDHGC3', 'MSTP9', 'AA479357', 'LTF', 'ZNF217', 'AA490257', 'LOC389831', 'AA975768', 'NOTCH1', 'MB', 'RAB30', 'FCGR2B', 'C4A', 'FLJ38984', 'PYGL', 'SNRPN', 'KNS2', 'GBP1', 'IL32', 'LY96', 'AA181288', 'IGF2BP3', 'CALM1', 'CASP1', 'PDLIM7', 'DEF6', 'W93688', 'USP3', 'X38595', 'TSPAN6', 'CDKN1A', 'PHLDA1', 'GOT1', 'EFHB', 'GYPC', 'MYC', 'CDC20B', 'TNFAIP3', 'POSTN', 'PLOD2', 'CDKN2D', 'AA669383', 'CLSTN3', 'MDK', 'MVP', 'CCL2', 'FAM46A', 'PLA2G2A', 'KCNQ2', 'CKMT1A', 'H24428', 'KIAA0963', 'NSF', 'RAB11FIP4', 'CD53', 'IL21R', 'URP2', 'CAMK2A', 'APCS', 'HPRT1', 'LAMA4', 'ITPKA', 'HK2', 'RBP4', 'DDIT4', 'OSBPL1A', 'CAMKK2', 'L1CAM', 'PYHIN1', 'H91845', 'SLC35A2', 'FCGRT', 'AI005038', 'PTPRZ1', 'ADCY1', 'HAMP', 'CD44', 'FAS', 'NUAK1', 'DNASE1L1', 'GPNMB', 'HBA1', 'T62491', 'FBXO2', 'VSNL1', 'SPINT2', 'C8orf4', 'NCF2', 'PRSS3', 'PLTP', 'CAP2', 'LAMB1', 'EDG3', 'INPP5F', 'PDE4DIP', 'MMP2', 'S100A10', 'LAPTM5', 'PRRX1', 'IL1RAP', 'HLA.G', 'TSPAN4', 'ITGA9', 'CCR1', 'MAL2', 'DSCR1L1', 'C6orf12', 'DDN', 'CBLN2', 'GBP2', 'PRKCB1', 'F13A1', 'S100A1', 'R52960', 'BCL2A1', 'YWHAH', 'FREQ', 'UGCG', 'SERPINI1', 'NLK', 'ANK3', 'AI002301', 'NCF1', 'NY.SAR.48', 'AA598555', 'CYBA', 'ID3', 'TAP1', 'TGFBI', 'AI263051', 'TOMM40', 'C1orf187', 'IQSEC1', 'DES', 'NPC2', 'AIF1', 'HLA.F', 'AI350724', 'PRSS1', 'SAA2', 'CYR61', 'T51726', 'SYNGR3', 'ITGA3', 'CHN1', 'ADAM19', 'FBXW7', 'AA598631', 'LUM', 'PCP4', 'SRPX', 'IGHG1', 'FAM84A', 'H41096', 'HPCA', 'CTHRC1', 'AA401952', 'DYNLT1', 'GAS1', 'RAB20', 'ESM1', 'AA424849', 'NR4A1', 'EPB49', 'MDFI', 'LYN', 'TXNDC', 'PALLD', 'R70684', 'CAV1', 'ZFHX1B', 'H10054', 'NDST1', 'SPARC', 'SCN2B', 'SYT7', 'MED11', 'PARP14', 'MICAL2', 'TncRNA', 'BNIP2', 'FZD7', 'GADD45B', 'FBL', 'LOC283130', 'STK17A', 'PRKCG', 'HLA.DRB1', 'PRG1', 'N98591', 'PPP1R14A', 'SLC15A2', 'NPTX1', 'MGP']
['EDNRB', 'ANXA5', 'HPCA', 'CDC20B', 'ABCA5', 'CDKN2D', 'IQSEC1', 'ZNF419B', 'SERPINH1', 'COL9A2', 'SYNGR3', 'KCNMA1', 'NMNAT2', 'PPP3CA', 'RND3', 'CCR1', 'MAPKBP1', 'AA479357', 'MAL2', 'NY.SAR.48', 'APOC1', 'TMEM49', 'CALM1', 'PSD3', 'C9orf48', 'FAM46A', 'PCDHGC3', 'CLSTN3', 'TIMP3', 'COL3A1', 'COX7A1', 'AKR1C2', 'ITGA3', 'ZNF329', 'USP3', 'CYBA', 'RPS19BP1', 'RTN3', 'ANXA1', 'MASP1', 'ACAD8', 'SBP1', 'ABCC3', 'HLA.G', 'CD53', 'LOC283070', 'R70506', 'CSPG2', 'CAMKK2', 'T97457', 'STC1', 'MOAP1', 'HLA.A', 'ZNF226', 'DECR2', 'MGC18216', 'PDPN', 'PCP4', 'CCL2', 'TSPAN6', 'LAPTM5', 'SUV39H1', 'CA12', 'AIF1', 'TCF7L1', 'H20822', 'KLRC1', 'D21S2089E', 'GBP1', 'TncRNA', 'KCNQ2', 'H24428', 'CLCA3', 'EPHB1', 'NLK', 'SPARC', 'LRBA', 'SLC15A2', 'USP6NL', 'C16orf5', 'GADD45B', 'IGFBP3', 'T62491', 'AA669383', 'LOC283130', 'CTHRC1', 'PDLIM7', 'R70684', 'FCGR2B', 'MDK', 'IGFBP5', 'ADM', 'APOC2', 'IGF1R', 'SOCS3', 'PDXP', 'CAP2', 'AA029415', 'HPRT1', 'TCTEX1D1', 'AA906888', 'MMP2', 'SYT7', 'COL1A2', 'BCL2A1', 'FBXW7', 'HMOX1', 'HLA.DRB1', 'LOC57228', 'NLGN1', 'NEFH', 'SNRPN', 'SLC35A2', 'FZD7', 'AA131320', 'LUM', 'LY96', 'MYC', 'KNS2', 'COL4A2', 'APCS', 'GAS1', 'TXNDC', 'LOC388610', 'EMP3', 'VAMP2', 'MVP', 'EID.3', 'EDG1', 'PLA2G2A', 'NDST1', 'N98591', 'LOC613212', 'SPINT2', 'GYPA', 'H86813', 'CASP1', 'SAA2', 'SLC16A3', 'FBL', 'COL6A2', 'HK2', 'SERPINA3', 'NCF1', 'HLA.F', 'ZNF160', 'AI262682', 'T51726', 'DEF6', 'DDIT4', 'SORT1', 'AI335002', 'COX6A2', 'X37864', 'PRRX1', 'C6orf12', 'MGC26694', 'PLTP', 'MYCBP2', 'WASF1', 'VASP', 'MICAL2', 'STEAP3', 'DNASE1L1', 'AKR1C1', 'PRKCG', 'H78560', 'PARD3', 'DLL3', 'ADFP', 'IL32', 'TTC23', 'FREQ', 'RBP7', 'AI002301', 'PRKCZ', 'S100A11', 'BNIP2', 'TIMP1', 'PRKCB1', 'STMN1', 'SOX4', 'CLIC1', 'RAB30', 'IGHG1', 'ITGA9', 'ADARB2', 'TNC', 'SP100', 'DIP2C', 'S100A10', 'CD47', 'MED11', 'PLP2', 'CACNB3', 'PDE4DIP', 'CA11', 'ITGA5', 'EPB49', 'AA181288', 'CHN1', 'COL1A1', 'H10054', 'EDG3', 'GABBR1', 'WWTR1', 'FCGRT', 'FAM84B', 'ITPKA', 'AI822135', 'GPNMB', 'UGCG', 'DDEF1', 'KCNJ1', 'HCLS1', 'ASPA', 'DKFZp313A2432', 'PYHIN1', 'KIAA1644', 'PYCR1', 'SCN2B', 'PARP14', 'MTHFD2', 'HSPG2', 'GBP2', 'L1CAM', 'ID4', 'PLAU', 'TBC1D7', 'SNCG', 'NPC2', 'PPP1R14A', 'CD58', 'LAMA4', 'ADAM19', 'OSR1', 'PNCK', 'TOMM40', 'HNRNPG.T', 'ATP6V1C1', 'RALY', 'AA281932', 'DMN', 'AA598555', 'PRSS1', 'CACNB2', 'LYN', 'DUS3L', 'LOC389831', 'ESM1', 'AA424849', 'AI263051', 'INPP5F', 'DPYD', 'FBXO32', 'C1orf187', 'PPP3CB', 'C8orf4', 'F13A1', 'CLTB', 'VSNL1', 'GPSM2', 'CBX6', 'ANK3', 'LAMB1', 'HAMP', 'KIAA0963', 'PSG5', 'NUAK1', 'IGSF3', 'CBLN2', 'CEAL1', 'GOT1', 'SPAG6', 'MB', 'VEGF', 'PYGL', 'NCF2', 'MGC42367', 'EXT1', 'PEG3', 'FBXO2', 'MST1', 'C1R', 'TNFRSF12A', 'MGP', 'RUNX1', 'H08563', 'RAB27B', 'PLAUR', 'PRSS3', 'SCAMP5', 'FAS', 'W93688', 'FBXL16', 'AI871056', 'FABP3', 'MGC39606', 'TNFAIP3', 'CHI3L2', 'YWHAH', 'LMO7', 'NOTCH1', 'H41096', 'STXBP1', 'LSP1', 'FAM84A', 'TGFBI', 'UBA52', 'TFDP2', 'ID3', 'R61377', 'ZNF549', 'LOC400451', 'NR4A1', 'LOC541471', 'CDKN1A', 'POSTN', 'LGALS3', 'AA401952', 'KCNK6', 'LILRA1', 'ZNF233', 'PRKAR1B', 'CKMT1A', 'AEBP1', 'RAB11FIP4', 'HBXIP', 'ZFHX1B', 'CD44', 'TAP1', 'BGN', 'MRC2', 'FLJ38984', 'TSPAN4', 'SERPING1', 'PHLDA1', 'OSBPL1A', 'BLVRB', 'MYBPC2', 'TSPYL1', 'AA598631', 'AA975768', 'MST150', 'RGS16', 'PTPRZ1', 'PRG1', 'URP2', 'NNMT', 'MDFI', 'LHFPL2', 'AI350724', 'R52960', 'HEY1', 'AA489629', 'LOC146795', 'IMAGE.33267', 'CYR61', 'KLRC2', 'ADCY1', 'CAPG', 'RFXAP', 'IFI30', 'KLRC3', 'DDN', 'ARPP.19', 'FN1', 'SVIL', 'TLL2', 'H91845', 'SERPINI1', 'BCAM', 'ZNF217', 'FGF13', 'DCLRE1B', 'UBE4B', 'EFHB', 'A2BP1', 'SRPX', 'TMEM146', 'C4A', 'EGLN2', 'STK17A', 'PLOD2', 'IL21R', 'PALLD', 'RAB20', 'SETD5', 'C1orf63', 'HBA1', 'NSF', 'MSN', 'NPL', 'CAV1', 'DES', 'S100A1', 'KIAA1543', 'GYPC', 'AA490257', 'IGF2BP3', 'AA398420', 'CCDC3', 'RPS3A', 'WDR7', 'X38595', 'IL1RAP', 'YWHAG', 'CAMK2A', 'LTF', 'L3MBTL4', 'NPTX1', 'DYNLT1', 'AP4B1', 'PSG1', 'AI357047', 'DSCR1L1', 'MSTP9', 'FLJ35740', 'NDUFB11', 'PDE2A', 'AI005038', 'RBP4']
[16, 15, 14, 0, 11, 14, 17, 17, 4, 17, 5, 16, 17, 16, 9, 14, 17, 16, 4, 14, 16, 7, 17, 8, 16, 12, 16, 17, 16, 17, 16, 17, 17, 16, 5, 5, 15, 16, 9, 14, 17, 17, 12, 16, 17, 16, 14, 17, 16, 6, 2, 17, 17, 17, 11, 16, 15, 15, 16, 17, 17, 17, 12, 17, 16, 17, 9, 17, 17, 8, 15, 17, 17, 17, 17, 17, 16, 17, 17, 17, 17, 2, 12, 10, 12, 8, 9, 17, 17, 5, 16, 5, 14, 17, 16, 12, 14, 10, 3, 16, 10, 4, 16, 8, 11, 17, 17, 17, 17, 17, 13, 16, 16, 11, 17, 1, 17, 6, 17, 15, 16, 16, 17, 10, 5, 17, 17, 17, 17, 11, 17, 17, 17, 3, 16, 11, 15, 17, 4, 14, 5, 5, 17, 15, 16, 17, 9, 11, 16, 8, 16, 15, 17, 17, 17, 17, 17, 17, 17, 16, 17, 11, 13, 17, 17, 16, 9, 17, 12, 6, 1, 16, 17, 12, 17, 15, 7, 17, 11, 17, 12, 10, 4, 6, 16, 17, 15, 13, 14, 17, 9, 17, 17, 1, 13, 14, 16, 4, 11, 12, 17, 13, 16, 17, 17, 16, 17, 12, 12, 9, 10, 7, 17, 17, 17, 17, 14, 17, 11, 5, 16, 17, 7, 11, 17, 8, 17, 11, 17, 12, 17, 17, 8, 17, 17, 17, 17, 17, 14, 17, 17, 15, 17, 2, 0, 17, 16, 14, 11, 11, 10, 17, 17, 16, 17, 10, 16, 13, 17, 16, 15, 17, 17, 13, 8, 11, 17, 17, 17, 17, 16, 17, 12, 15, 16, 10, 10, 17, 16, 17, 12, 17, 8, 16, 5, 17, 11, 6, 9, 6, 0, 17, 16, 16, 16, 0, 17, 16, 12, 15, 17, 7, 17, 17, 13, 9, 17, 6, 13, 17, 16, 11, 16, 10, 10, 8, 17, 16, 6, 17, 17, 16, 17, 13, 13, 13, 15, 16, 5, 8, 16, 16, 15, 17, 13, 17, 15, 16, 14, 16, 13, 17, 17, 14, 16, 17, 17, 17, 4, 14, 17, 15, 8, 14, 17, 16, 9, 10, 9, 10, 15, 17, 12, 10, 16, 17, 8, 17, 11, 9, 16, 17, 1, 11, 17, 16, 11, 17, 14, 17, 17, 16, 12, 5, 9, 17, 14, 11, 16, 17, 17, 11, 17, 1, 17, 15, 17, 4, 17, 2, 17, 17, 14, 17, 15, 17, 17, 17, 17, 6, 9, 17, 15, 17, 9, 15, 17, 17, 16, 14, 13, 0]
[API] [COORDINATOR] row names identified!
[{'Row names': array(['EXT1', 'DIP2C', 'SVIL', 'MGC39606', 'ADARB2', 'PARD3', 'SPAG6',
       'AKR1C1', 'CCDC3', 'AKR1C2', 'TCTEX1D1', 'GYPA', 'VASP', 'ACAD8',
       'C1orf63', 'USP6NL', 'CACNB2', 'CLCA3', 'COX7A1', 'CEAL1', 'EID.3',
       'DUS3L', 'KIAA1543', 'HBXIP', 'ZNF226', 'EDG1', 'SORT1',
       'LOC283070', 'DCLRE1B', 'ZNF549', 'KLRC3', 'ZNF419B', 'DDEF1',
       'DMN', 'KCNJ1', 'MGC18216', 'PSG5', 'FBXO32', 'ZNF329', 'SBP1',
       'MGC42367', 'OSR1', 'D21S2089E', 'HNRNPG.T', 'AP4B1', 'ZNF160',
       'LRBA', 'LILRA1', 'EGLN2', 'BCAM', 'GPSM2', 'APOC1', 'IGF1R',
       'TLL2', 'CA11', 'TMEM146', 'KCNK6', 'TFDP2', 'ZNF233', 'COX6A2',
       'UBE4B', 'NDUFB11', 'TTC23', 'RBP7', 'IGSF3', 'BLVRB', 'PSG1',
       'MYBPC2', 'MSN', 'H08563', 'BGN', 'TNFRSF12A', 'CAPG', 'MYCBP2',
       'EMP3', 'RTN3', 'RGS16', 'ITGA5', 'PPP3CB', 'LOC541471', 'H78560',
       'ASPA', 'TIMP1', 'AA398420', 'IMAGE.33267', 'SOCS3', 'PDPN',
       'CHI3L2', 'MASP1', 'PLP2', 'S100A11', 'SETD5', 'T97457', 'UBA52',
       'DLL3', 'TSPYL1', 'FAM84B', 'RALY', 'LOC613212', 'CLIC1', 'VEGF',
       'AA281932', 'COL1A1', 'CD47', 'IFI30', 'ATP6V1C1', 'PSD3', 'RUNX1',
       'LHFPL2', 'C9orf48', 'CA12', 'EDNRB', 'PPP3CA', 'LGALS3', 'STEAP3',
       'IGFBP3', 'KLRC3', 'KLRC2', 'KLRC1', 'NPL', 'ARPP.19', 'PDE2A',
       'COL4A2', 'TIMP3', 'PLAUR', 'PNCK', 'WDR7', 'X37864', 'NNMT',
       'TBC1D7', 'MRC2', 'ABCA5', 'TCF7L1', 'CD58', 'MST1', 'DECR2',
       'AA131320', 'LOC57228', 'MST150', 'PEG3', 'TMEM49', 'FABP3',
       'SLC16A3', 'SERPINH1', 'ADM', 'NMNAT2', 'GABBR1', 'VAMP2', 'CSPG2',
       'WASF1', 'CBX6', 'RAB27B', 'COL3A1', 'KIAA1644', 'NLGN1',
       'C16orf5', 'LOC400451', 'AEBP1', 'COL1A2', 'COL6A2', 'HEY1',
       'HSPG2', 'RPS19BP1', 'SUV39H1', 'RFXAP', 'TNC', 'DKFZp313A2432',
       'STC1', 'PDXP', 'MOAP1', 'MAPKBP1', 'ID4', 'CACNB3', 'SERPING1',
       'RND3', 'HMOX1', 'MTHFD2', 'R70506', 'APOC2', 'ANXA1', 'AA489629',
       'H86813', 'SCAMP5', 'RPS3A', 'PLAU', 'R61377', 'NEFH', 'STMN1',
       'FBXL16', 'C1R', 'WWTR1', 'EPHB1', 'ANXA5', 'AA906888', 'AI262682',
       'LOC146795', 'SOX4', 'COL9A2', 'SERPINA3', 'AA029415', 'PRKCZ',
       'FLJ35740', 'FN1', 'LOC388610', 'AI871056', 'FGF13', 'STXBP1',
       'AI357047', 'SP100', 'HCLS1', 'MGC26694', 'LSP1', 'PRKAR1B',
       'YWHAG', 'CLTB', 'AI335002', 'A2BP1', 'HLA.A', 'SNCG', 'IGFBP5',
       'PYCR1', 'ABCC3', 'L3MBTL4', 'DPYD', 'H20822', 'AI822135', 'LMO7',
       'ADFP', 'KCNMA1', 'PCDHGC3', 'MSTP9', 'AA479357', 'LTF', 'ZNF217',
       'AA490257', 'LOC389831', 'AA975768', 'NOTCH1', 'MB', 'RAB30',
       'FCGR2B', 'C4A', 'FLJ38984', 'PYGL', 'SNRPN', 'KNS2', 'GBP1',
       'IL32', 'LY96', 'AA181288', 'IGF2BP3', 'CALM1', 'CASP1', 'PDLIM7',
       'DEF6', 'W93688', 'USP3', 'X38595', 'TSPAN6', 'CDKN1A', 'PHLDA1',
       'GOT1', 'EFHB', 'GYPC', 'MYC', 'CDC20B', 'TNFAIP3', 'POSTN',
       'PLOD2', 'CDKN2D', 'AA669383', 'CLSTN3', 'MDK', 'MVP', 'CCL2',
       'FAM46A', 'PLA2G2A', 'KCNQ2', 'CKMT1A', 'H24428', 'KIAA0963',
       'NSF', 'RAB11FIP4', 'CD53', 'IL21R', 'URP2', 'CAMK2A', 'APCS',
       'HPRT1', 'LAMA4', 'ITPKA', 'HK2', 'RBP4', 'DDIT4', 'OSBPL1A',
       'CAMKK2', 'L1CAM', 'PYHIN1', 'H91845', 'SLC35A2', 'FCGRT',
       'AI005038', 'PTPRZ1', 'ADCY1', 'HAMP', 'CD44', 'FAS', 'NUAK1',
       'DNASE1L1', 'GPNMB', 'HBA1', 'T62491', 'FBXO2', 'VSNL1', 'SPINT2',
       'C8orf4', 'NCF2', 'PRSS3', 'PLTP', 'CAP2', 'LAMB1', 'EDG3',
       'INPP5F', 'PDE4DIP', 'MMP2', 'S100A10', 'LAPTM5', 'PRRX1',
       'IL1RAP', 'HLA.G', 'TSPAN4', 'ITGA9', 'CCR1', 'MAL2', 'DSCR1L1',
       'C6orf12', 'DDN', 'CBLN2', 'GBP2', 'PRKCB1', 'F13A1', 'S100A1',
       'R52960', 'BCL2A1', 'YWHAH', 'FREQ', 'UGCG', 'SERPINI1', 'NLK',
       'ANK3', 'AI002301', 'NCF1', 'CA11', 'NY.SAR.48', 'AA598555',
       'CYBA', 'ID3', 'TAP1', 'TGFBI', 'AI263051', 'TOMM40', 'C1orf187',
       'IQSEC1', 'DES', 'NPC2', 'AIF1', 'HLA.F', 'AI350724', 'PRSS1',
       'SAA2', 'CYR61', 'T51726', 'SYNGR3', 'ITGA3', 'CHN1', 'ADAM19',
       'FBXW7', 'AA598631', 'LUM', 'PCP4', 'SRPX', 'IGHG1', 'FAM84A',
       'H41096', 'HPCA', 'CTHRC1', 'AA401952', 'DYNLT1', 'GAS1', 'RAB20',
       'ESM1', 'AA424849', 'NR4A1', 'EPB49', 'MDFI', 'LYN', 'TXNDC',
       'PALLD', 'R70684', 'CAV1', 'ZFHX1B', 'H10054', 'NDST1', 'SPARC',
       'SCN2B', 'SYT7', 'MED11', 'PARP14', 'MICAL2', 'TncRNA', 'BNIP2',
       'FZD7', 'GADD45B', 'FBL', 'LOC283130', 'STK17A', 'PRKCG',
       'HLA.DRB1', 'PRG1', 'N98591', 'PPP1R14A', 'SLC15A2', 'NPTX1',
       'MGP'], dtype=object), 'Sample count': 26, 'Nans': array([ 0,  0,  0,  0,  2,  0,  3,  0,  0,  3,  3,  0,  0,  0,  0,  4,  0,
        0,  1,  0,  0,  2,  0,  0,  1,  1,  0,  4,  0,  1,  0,  0,  1,  0,
        4,  2,  0,  0,  5,  0,  0,  0,  0,  2,  1,  0,  3,  3,  0,  0,  0,
        1,  0,  9,  0,  0,  0,  1,  0,  0,  1,  0,  0,  8,  0,  2,  0,  3,
        8, 12,  2, 16,  1,  1, 18,  0,  0, 20,  0, 14, 12,  0, 11,  0, 12,
        6,  6,  2,  4, 22, 17,  5, 14,  7,  7, 10,  5,  0,  0, 22, 10,  7,
       10,  0,  6,  0, 15,  6,  0,  5,  9,  0,  0, 12,  9, 19, 16, 17, 16,
        0,  0,  1,  3,  0, 11,  0,  0,  0, 18,  0,  1, 10,  7,  7, 17, 11,
        0,  1,  2,  4, 15,  1, 24, 18, 12,  0,  0,  0,  0,  2,  0, 16,  0,
       10,  1,  1, 12,  1, 15, 15,  0, 11,  0,  2,  1,  7,  5, 17,  7,  0,
        0,  0,  4,  0,  8,  0, 18,  1,  1, 10,  0, 13,  0,  3, 11,  9,  5,
        9,  1,  0,  0,  0,  4, 16, 15,  0, 16,  0,  1, 17,  0,  0, 15,  6,
       25,  7,  6, 10,  3,  0,  1, 12,  1,  0,  4,  5,  0,  0,  6,  0, 24,
        5, 15,  1,  0, 13, 12, 17,  0,  0,  0,  0,  0, 25,  0, 14,  1,  0,
        0, 14,  0,  0,  0, 10,  2,  0,  0, 22,  2, 11, 25,  0,  4, 18,  3,
        3, 23,  3,  4,  1,  3,  0, 10, 22, 23, 24, 10,  4, 12,  4, 11,  0,
       13,  0,  1,  7, 14,  0,  4,  0,  4,  1,  4,  0, 12,  0,  0,  0, 19,
        3,  3, 16, 25, 15,  0,  2,  8,  2, 20,  0,  0,  7,  0,  5,  8, 14,
        0,  0,  0,  8,  0,  3,  3,  1, 19,  3,  0, 26,  0,  2, 17,  0,  0,
        6, 17, 10,  0,  0,  0,  0, 11,  2,  1, 15,  2,  0,  2,  1,  0,  3,
        0,  4, 16, 11,  0,  0, 17,  1,  0,  2,  2,  2,  0,  8, 20, 21,  6,
        0, 15,  4,  0, 10,  0,  1,  0,  0,  0,  4, 26,  0, 11, 12,  9,  0,
        0,  0,  1,  0, 25,  2,  3,  0,  0,  2,  3, 11,  0,  0,  3,  2, 15,
        7,  6,  2,  6,  0,  4,  0,  0, 19, 15,  0,  0,  0,  1,  7,  0,  0,
        6, 17,  2,  8,  0,  7,  3,  7,  0,  0,  0,  0,  0,  0,  8,  2])}]
['EXT1', 'DIP2C', 'SVIL', 'MGC39606', 'ADARB2', 'PARD3', 'SPAG6', 'AKR1C1', 'CCDC3', 'AKR1C2', 'TCTEX1D1', 'GYPA', 'VASP', 'ACAD8', 'C1orf63', 'USP6NL', 'CACNB2', 'CLCA3', 'COX7A1', 'CEAL1', 'EID.3', 'DUS3L', 'KIAA1543', 'HBXIP', 'ZNF226', 'EDG1', 'SORT1', 'LOC283070', 'DCLRE1B', 'ZNF549', 'KLRC3', 'ZNF419B', 'DDEF1', 'DMN', 'KCNJ1', 'MGC18216', 'PSG5', 'FBXO32', 'ZNF329', 'SBP1', 'MGC42367', 'OSR1', 'D21S2089E', 'HNRNPG.T', 'AP4B1', 'ZNF160', 'LRBA', 'LILRA1', 'EGLN2', 'BCAM', 'GPSM2', 'APOC1', 'IGF1R', 'TLL2', 'CA11', 'TMEM146', 'KCNK6', 'TFDP2', 'ZNF233', 'COX6A2', 'UBE4B', 'NDUFB11', 'TTC23', 'RBP7', 'IGSF3', 'BLVRB', 'PSG1', 'MYBPC2', 'MSN', 'H08563', 'BGN', 'TNFRSF12A', 'CAPG', 'MYCBP2', 'EMP3', 'RTN3', 'RGS16', 'ITGA5', 'PPP3CB', 'LOC541471', 'H78560', 'ASPA', 'TIMP1', 'AA398420', 'IMAGE.33267', 'SOCS3', 'PDPN', 'CHI3L2', 'MASP1', 'PLP2', 'S100A11', 'SETD5', 'T97457', 'UBA52', 'DLL3', 'TSPYL1', 'FAM84B', 'RALY', 'LOC613212', 'CLIC1', 'VEGF', 'AA281932', 'COL1A1', 'CD47', 'IFI30', 'ATP6V1C1', 'PSD3', 'RUNX1', 'LHFPL2', 'C9orf48', 'CA12', 'EDNRB', 'PPP3CA', 'LGALS3', 'STEAP3', 'IGFBP3', 'KLRC2', 'KLRC1', 'NPL', 'ARPP.19', 'PDE2A', 'COL4A2', 'TIMP3', 'PLAUR', 'PNCK', 'WDR7', 'X37864', 'NNMT', 'TBC1D7', 'MRC2', 'ABCA5', 'TCF7L1', 'CD58', 'MST1', 'DECR2', 'AA131320', 'LOC57228', 'MST150', 'PEG3', 'TMEM49', 'FABP3', 'SLC16A3', 'SERPINH1', 'ADM', 'NMNAT2', 'GABBR1', 'VAMP2', 'CSPG2', 'WASF1', 'CBX6', 'RAB27B', 'COL3A1', 'KIAA1644', 'NLGN1', 'C16orf5', 'LOC400451', 'AEBP1', 'COL1A2', 'COL6A2', 'HEY1', 'HSPG2', 'RPS19BP1', 'SUV39H1', 'RFXAP', 'TNC', 'DKFZp313A2432', 'STC1', 'PDXP', 'MOAP1', 'MAPKBP1', 'ID4', 'CACNB3', 'SERPING1', 'RND3', 'HMOX1', 'MTHFD2', 'R70506', 'APOC2', 'ANXA1', 'AA489629', 'H86813', 'SCAMP5', 'RPS3A', 'PLAU', 'R61377', 'NEFH', 'STMN1', 'FBXL16', 'C1R', 'WWTR1', 'EPHB1', 'ANXA5', 'AA906888', 'AI262682', 'LOC146795', 'SOX4', 'COL9A2', 'SERPINA3', 'AA029415', 'PRKCZ', 'FLJ35740', 'FN1', 'LOC388610', 'AI871056', 'FGF13', 'STXBP1', 'AI357047', 'SP100', 'HCLS1', 'MGC26694', 'LSP1', 'PRKAR1B', 'YWHAG', 'CLTB', 'AI335002', 'A2BP1', 'HLA.A', 'SNCG', 'IGFBP5', 'PYCR1', 'ABCC3', 'L3MBTL4', 'DPYD', 'H20822', 'AI822135', 'LMO7', 'ADFP', 'KCNMA1', 'PCDHGC3', 'MSTP9', 'AA479357', 'LTF', 'ZNF217', 'AA490257', 'LOC389831', 'AA975768', 'NOTCH1', 'MB', 'RAB30', 'FCGR2B', 'C4A', 'FLJ38984', 'PYGL', 'SNRPN', 'KNS2', 'GBP1', 'IL32', 'LY96', 'AA181288', 'IGF2BP3', 'CALM1', 'CASP1', 'PDLIM7', 'DEF6', 'W93688', 'USP3', 'X38595', 'TSPAN6', 'CDKN1A', 'PHLDA1', 'GOT1', 'EFHB', 'GYPC', 'MYC', 'CDC20B', 'TNFAIP3', 'POSTN', 'PLOD2', 'CDKN2D', 'AA669383', 'CLSTN3', 'MDK', 'MVP', 'CCL2', 'FAM46A', 'PLA2G2A', 'KCNQ2', 'CKMT1A', 'H24428', 'KIAA0963', 'NSF', 'RAB11FIP4', 'CD53', 'IL21R', 'URP2', 'CAMK2A', 'APCS', 'HPRT1', 'LAMA4', 'ITPKA', 'HK2', 'RBP4', 'DDIT4', 'OSBPL1A', 'CAMKK2', 'L1CAM', 'PYHIN1', 'H91845', 'SLC35A2', 'FCGRT', 'AI005038', 'PTPRZ1', 'ADCY1', 'HAMP', 'CD44', 'FAS', 'NUAK1', 'DNASE1L1', 'GPNMB', 'HBA1', 'T62491', 'FBXO2', 'VSNL1', 'SPINT2', 'C8orf4', 'NCF2', 'PRSS3', 'PLTP', 'CAP2', 'LAMB1', 'EDG3', 'INPP5F', 'PDE4DIP', 'MMP2', 'S100A10', 'LAPTM5', 'PRRX1', 'IL1RAP', 'HLA.G', 'TSPAN4', 'ITGA9', 'CCR1', 'MAL2', 'DSCR1L1', 'C6orf12', 'DDN', 'CBLN2', 'GBP2', 'PRKCB1', 'F13A1', 'S100A1', 'R52960', 'BCL2A1', 'YWHAH', 'FREQ', 'UGCG', 'SERPINI1', 'NLK', 'ANK3', 'AI002301', 'NCF1', 'NY.SAR.48', 'AA598555', 'CYBA', 'ID3', 'TAP1', 'TGFBI', 'AI263051', 'TOMM40', 'C1orf187', 'IQSEC1', 'DES', 'NPC2', 'AIF1', 'HLA.F', 'AI350724', 'PRSS1', 'SAA2', 'CYR61', 'T51726', 'SYNGR3', 'ITGA3', 'CHN1', 'ADAM19', 'FBXW7', 'AA598631', 'LUM', 'PCP4', 'SRPX', 'IGHG1', 'FAM84A', 'H41096', 'HPCA', 'CTHRC1', 'AA401952', 'DYNLT1', 'GAS1', 'RAB20', 'ESM1', 'AA424849', 'NR4A1', 'EPB49', 'MDFI', 'LYN', 'TXNDC', 'PALLD', 'R70684', 'CAV1', 'ZFHX1B', 'H10054', 'NDST1', 'SPARC', 'SCN2B', 'SYT7', 'MED11', 'PARP14', 'MICAL2', 'TncRNA', 'BNIP2', 'FZD7', 'GADD45B', 'FBL', 'LOC283130', 'STK17A', 'PRKCG', 'HLA.DRB1', 'PRG1', 'N98591', 'PPP1R14A', 'SLC15A2', 'NPTX1', 'MGP']
[Time: 28.06.23 08:37:08] [Level: info] Traceback (most recent call last):
  File "/app/engine/app.py", line 169, in guarded_run
    self.run()
  File "/app/engine/app.py", line 184, in run
    transition = self.current_state.run()
  File "/app/apps/svd/app.py", line 78, in run
    self.load('mfa').unify_row_names(incoming)
  File "/app/apps/svd/Aggregator_FC_Federated_MFA.py", line 58, in unify_row_names
    self.outs[idx] = {COParams.PCS.n: self.k[idx], COParams.SEND_PROJ: self.send_projections}
IndexError: list index out of range

