2023-06-30 10:10:21,157 CRIT Supervisor is running as root.  Privileges were not dropped because no user is specified in the config file.  If you intend to run as root, you can set user=root in the config file to avoid this message.
2023-06-30 10:10:21,159 INFO supervisord started with pid 7
2023-06-30 10:10:22,161 INFO spawned: 'nginx' with pid 10
2023-06-30 10:10:22,162 INFO spawned: 'app' with pid 11
2023-06-30 10:10:23,174 INFO success: nginx entered RUNNING state, process has stayed up for > than 1 seconds (startsecs)
2023-06-30 10:10:23,175 INFO success: app entered RUNNING state, process has stayed up for > than 1 seconds (startsecs)
[CTRL] POST /setup
[Time: 30.06.23 10:10:25] [Level: info] id: 89234047c720caac
[Time: 30.06.23 10:10:25] [Level: info] coordinator: False
[Time: 30.06.23 10:10:25] [Level: info] clients: ['89234047c720caac', '80548b0c36defa52']
[Time: 30.06.23 10:10:25] [Level: info] state: initial
[CLIENT] Parsing parameter file...
[API] /setup parsing parameter file 
[API] /setup config file found ... parsing file: /mnt/input/config.yaml
YAML file does not follow specification: missing key: eigenvalues
Setting default: eigenvalues.tsv
YAML file does not follow specification: missing key: explained_variance
Setting default: eigenvalues.tsv
YAML file does not follow specification: missing key: output delimiter
Setting default: tab
[API] /setup config file found ... parsing done
[CLIENT] finished parsing parameter file.
[STARTUP] Instantiate SVD
[Time: 30.06.23 10:10:25] [Level: info] transition: init_pca
[Time: 30.06.23 10:10:26] [Level: info] state: init_pca
[STARTUP] Copy configuration and create dir
/mnt/input/hospital_data_bredel_1.csv
TEST: ['/mnt/input/hospital_data_bredel_1 - Copy.csv', '/mnt/input/hospital_data_bredel_1.csv']
RUNNING ON:  /mnt/input/hospital_data_bredel_1 - Copy.csv
number of omics:  2
[STARTUP] Configuration copied
Log Transform performed
/app/apps/svd/FC_Federated_PCA.py:97: RuntimeWarning: invalid value encountered in log2
  self.tabdata.scaled = np.log2(self.tabdata.scaled+1)
[Time: 30.06.23 10:10:26] [Level: info] transition: wait_for_params
[Time: 30.06.23 10:10:27] [Level: info] state: wait_for_params
[CTRL] GET /data
[CTRL] POST /data
setting parameters
[API] Setting parameters
['LUM', 'COL1A2', 'BGN', 'PDE4DIP', 'ZNF160', 'STXBP1', 'HMOX1', 'AA029415', 'SBP1', 'C1orf63', 'C8orf4', 'NCF1', 'MAPKBP1', 'NLGN1', 'T97457', 'GBP2', 'CYBA', 'L3MBTL4', 'MGP', 'SERPINI1', 'PTPRZ1', 'CBLN2', 'PRSS3', 'RBP4', 'PYHIN1', 'H91845', 'DEF6', 'LOC388610', 'PLTP', 'MOAP1', 'KNS2', 'GAS1', 'PLAUR', 'PHLDA1', 'IGHG1', 'SOCS3', 'HEY1', 'PNCK', 'CD44', 'GYPA', 'AI822135', 'ZFHX1B', 'SCAMP5', 'NDST1', 'POSTN', 'TCF7L1', 'ID3', 'AI005038', 'FBXO2', 'PLOD2', 'RTN3', 'DMN', 'MED11', 'DCLRE1B', 'YWHAG', 'COL3A1', 'SPAG6', 'HLA.DRB1', 'AI357047', 'FCGRT', 'SVIL', 'CHI3L2', 'GYPC', 'R61377', 'ZNF419B', 'TMEM146', 'RUNX1', 'USP3', 'PYCR1', 'CLCA3', 'GABBR1', 'H24428', 'PRKCG', 'LOC541471', 'COL4A2', 'ASPA', 'RAB27B', 'AA598555', 'BCAM', 'ACAD8', 'IGFBP3', 'CKMT1A', 'EMP3', 'EID.3', 'KCNK6', 'TIMP3', 'TSPAN4', 'CA12', 'COL1A1', 'MAL2', 'PCDHGC3', 'INPP5F', 'H78560', 'AKR1C2', 'CAPG', 'C16orf5', 'AP4B1', 'PRG1', 'FAM84A', 'S100A11', 'DUS3L', 'IMAGE.33267', 'ADARB2', 'LILRA1', 'MGC26694', 'URP2', 'HSPG2', 'F13A1', 'CD58', 'KIAA0963', 'PSG1', 'CLTB', 'STMN1', 'AI002301', 'IGFBP5', 'H86813', 'CLSTN3', 'C9orf48', 'MSTP9', 'STEAP3', 'GBP1', 'PDLIM7', 'MGC42367', 'MB', 'MDFI', 'GOT1', 'PLAU', 'AIF1', 'COL9A2', 'AA398420', 'MICAL2', 'ANK3', 'APOC1', 'TSPAN6', 'IGF1R', 'SYNGR3', 'CAP2', 'H08563', 'MDK', 'ESM1', 'DIP2C', 'SYT7', 'PRKAR1B', 'MGC18216', 'NY.SAR.48', 'SRPX', 'HLA.A', 'HLA.G', 'PSD3', 'CLIC1', 'S100A1', 'ZNF226', 'MASP1', 'ADFP', 'NUAK1', 'SLC15A2', 'SETD5', 'AI350724', 'CAMK2A', 'PLA2G2A', 'CCL2', 'VSNL1', 'EGLN2', 'MSN', 'COL6A2', 'GADD45B', 'NCF2', 'COX6A2', 'X38595', 'CDC20B', 'RND3', 'HPCA', 'EXT1', 'RAB30', 'ANXA5', 'MVP', 'PPP1R14A', 'FAM84B', 'H10054', 'ITPKA', 'NOTCH1', 'STC1', 'ZNF217', 'X37864', 'AA489629', 'TIMP1', 'BCL2A1', 'RGS16', 'CDKN2D', 'CAMKK2', 'IFI30', 'CYR61', 'CBX6', 'EDNRB', 'DYNLT1', 'NR4A1', 'CD47', 'EDG3', 'HBXIP', 'DKFZp313A2432', 'KCNQ2', 'RFXAP', 'OSR1', 'IL1RAP', 'LYN', 'MYC', 'SP100', 'CCDC3', 'IL21R', 'FABP3', 'DDN', 'ITGA5', 'SCN2B', 'VEGF', 'L1CAM', 'EPB49', 'N98591', 'NSF', 'FAM46A', 'RPS3A', 'VASP', 'W93688', 'PARD3', 'LOC613212', 'AA975768', 'D21S2089E', 'ADM', 'DES', 'ABCC3', 'CHN1', 'IGF2BP3', 'LHFPL2', 'NNMT', 'UBA52', 'AA181288', 'LRBA', 'PRRX1', 'PLP2', 'FCGR2B', 'MGC39606', 'HPRT1', 'CAV1', 'DNASE1L1', 'IGSF3', 'ABCA5', 'LAPTM5', 'AI871056', 'PPP3CB', 'PDXP', 'HCLS1', 'C1R', 'PYGL', 'TAP1', 'MYCBP2', 'PALLD', 'SPINT2', 'NMNAT2', 'USP6NL', 'SLC35A2', 'DSCR1L1', 'DECR2', 'TCTEX1D1', 'AI263051', 'NPC2', 'TMEM49', 'RALY', 'SUV39H1', 'NPTX1', 'CDKN1A', 'A2BP1', 'SAA2', 'CASP1', 'CACNB2', 'PCP4', 'CACNB3', 'RAB11FIP4', 'TncRNA', 'H41096', 'HK2', 'C1orf187', 'KLRC2', 'SLC16A3', 'GPSM2', 'LTF', 'R70684', 'R70506', 'PARP14', 'OSBPL1A', 'TOMM40', 'GPNMB', 'PPP3CA', 'ZNF549', 'ADAM19', 'MST150', 'TSPYL1', 'AA598631', 'AKR1C1', 'T62491', 'ATP6V1C1', 'LOC400451', 'PDPN', 'SPARC', 'PEG3', 'ITGA9', 'AI262682', 'BNIP2', 'ITGA3', 'FN1', 'AA490257', 'ZNF329', 'LOC389831', 'CCR1', 'HAMP', 'LAMB1', 'DLL3', 'AA424849', 'C4A', 'R52960', 'FBXW7', 'FGF13', 'NLK', 'SORT1', 'KCNJ1', 'NEFH', 'TTC23', 'PRKCB1', 'TFDP2', 'C6orf12', 'ARPP.19', 'FLJ35740', 'SERPINH1', 'AA401952', 'HLA.F', 'LY96', 'CSPG2', 'HBA1', 'TGFBI', 'PRKCZ', 'FBL', 'SNCG', 'CD53', 'AA479357', 'PDE2A', 'COX7A1', 'AA669383', 'FLJ38984', 'LOC57228', 'EDG1', 'AI335002', 'APOC2', 'PSG5', 'ANXA1', 'EFHB', 'WASF1', 'DDIT4', 'SERPINA3', 'EPHB1', 'T51726', 'MMP2', 'BLVRB', 'RBP7', 'FZD7', 'PRSS1', 'LOC283130', 'TXNDC', 'CTHRC1', 'LOC146795', 'KLRC1', 'RPS19BP1', 'TNC', 'YWHAH', 'S100A10', 'UGCG', 'HNRNPG.T', 'KIAA1543', 'VAMP2', 'RAB20', 'AA131320', 'AA906888', 'ADCY1', 'SNRPN', 'FBXO32', 'TNFAIP3', 'LMO7', 'LOC283070', 'CA11', 'TLL2', 'DDEF1', 'CEAL1', 'UBE4B', 'NDUFB11', 'LAMA4', 'APCS', 'AA281932', 'KLRC3', 'MTHFD2', 'TNFRSF12A', 'CALM1', 'H20822', 'KCNMA1', 'FAS', 'ZNF233', 'SOX4', 'MYBPC2', 'NPL', 'DPYD', 'FBXL16', 'IL32', 'WDR7', 'SERPING1', 'WWTR1', 'MRC2', 'IQSEC1', 'LGALS3', 'LSP1', 'FREQ', 'KIAA1644', 'AEBP1', 'TBC1D7', 'ID4', 'STK17A', 'MST1']
INDEX
[378, 158, 70, 323, 45, 206, 175, 199, 39, 14, 315, 351, 170, 154, 92, 338, 355, 222, 423, 347, 302, 337, 317, 292, 297, 298, 254, 203, 318, 169, 245, 388, 124, 260, 381, 85, 160, 125, 305, 11, 225, 400, 182, 402, 267, 132, 356, 301, 312, 268, 75, 33, 406, 28, 213, 152, 6, 417, 207, 300, 2, 87, 263, 185, 31, 55, 107, 256, 220, 17, 146, 279, 416, 79, 122, 81, 151, 354, 49, 13, 115, 278, 74, 20, 56, 123, 330, 110, 102, 333, 229, 322, 80, 9, 72, 155, 44, 418, 382, 90, 21, 84, 4, 47, 210, 285, 161, 340, 133, 280, 66, 214, 187, 350, 219, 181, 271, 109, 230, 114, 246, 253, 40, 238, 394, 261, 184, 365, 197, 83, 408, 349, 51, 258, 52, 372, 319, 69, 272, 390, 1, 405, 212, 35, 353, 380, 217, 329, 106, 99, 341, 24, 88, 227, 307, 421, 91, 367, 286, 276, 274, 313, 48, 68, 159, 412, 316, 59, 257, 265, 174, 384, 0, 239, 192, 273, 420, 96, 401, 290, 237, 167, 233, 127, 180, 82, 343, 76, 269, 295, 104, 370, 150, 111, 387, 392, 103, 321, 23, 166, 277, 164, 41, 328, 395, 264, 208, 8, 284, 141, 336, 77, 404, 100, 296, 393, 419, 281, 275, 183, 12, 255, 5, 98, 236, 42, 144, 363, 221, 374, 250, 108, 128, 93, 249, 46, 327, 89, 240, 3, 288, 399, 308, 64, 131, 326, 204, 78, 168, 209, 189, 243, 357, 73, 397, 314, 145, 15, 299, 334, 135, 10, 359, 364, 140, 97, 163, 422, 259, 216, 369, 252, 16, 379, 172, 282, 409, 383, 291, 361, 117, 142, 50, 232, 398, 177, 407, 294, 360, 309, 112, 29, 375, 138, 95, 377, 7, 311, 105, 156, 86, 403, 139, 331, 194, 410, 373, 202, 234, 38, 235, 332, 304, 320, 94, 391, 241, 342, 376, 205, 348, 26, 34, 186, 62, 339, 57, 335, 120, 201, 143, 386, 366, 248, 148, 310, 358, 200, 413, 218, 283, 231, 121, 18, 270, 242, 137, 25, 215, 178, 36, 179, 262, 149, 293, 198, 191, 371, 324, 65, 63, 411, 368, 414, 396, 385, 195, 118, 162, 165, 344, 325, 346, 43, 22, 147, 389, 136, 193, 303, 244, 37, 266, 226, 27, 352, 53, 32, 19, 60, 61, 289, 287, 101, 116, 176, 71, 251, 224, 228, 306, 58, 196, 67, 119, 223, 188, 247, 126, 173, 190, 130, 362, 113, 211, 345, 153, 157, 129, 171, 415, 134]
[Time: 30.06.23 10:10:29] [Level: info] transition: compute_std
[Time: 30.06.23 10:10:30] [Level: info] state: compute_std
[CTRL] GET /data
[CTRL] POST /data
(422, 1)
[Time: 30.06.23 10:10:32] [Level: info] transition: apply_scaling
[Time: 30.06.23 10:10:33] [Level: info] state: apply_scaling
[CTRL] GET /data
[CTRL] POST /data
[362  22   0  69  57   4 282  59  28 331  52 254 110 388 401 261 239 321
 172   8 243 236  39 419  83 377 166 162 288 238  53  97 134 295 329 373
 397 127 286 326 375  65 229 151 404 320 167 140 347 242 409 252 216 381
 408 301 128 387 123 245  42 202 182 222 334 390 155 118 374 147 350  78
 107  98  84 298 418 296 370 231 207 105 287  51 410 292 120 269  37 249
 412  75 316  79 154  34  70 398   3  60 392 327  16 209 263 187 272  90
 201 385 270  76 225 415 219 306 335 340  43  54 165 265 230 197 113  30
 180 328  71 188 103 175 184 337  64 291 319 204 192 194 248 183  12 305
   7 220 285  15 376 163 176  20  29 122 359 136 400 247 411 153 129   6
 258 137 283 189 142 284  21 341   5 210 324  56 351  99  24  96 215 221
 349 181 366  50  82 277  13 232 308 132  36 217 146  94 114 250 391 256
 403  63 203 160 355 193 361  61 234 100 356 346 150 190  19  10 233  95
 102 185 297  17 149 198 200 315   9 405 271 158 125  93 371 379 116 226
 363 101 104 218 139 266 396 235 275  55 364  35 420 257  81 164 365  86
 273 279  26 417  85 322  72 303 312  66  62 169 244  74 259 152 345  91
 416 380 157 274 344 307 281 145 206 300  77 224 317 318 179  11 170 353
 141 325 264 196 406 227  68 268 143 293 173  32 106 343  48 213 262 253
 368 159 289 240 199 117   2 357  49 354 228 389 393  18 130 161  46 251
 413 119 214 144 135  92 383 212 112 195 186 178 156 330 384 133 395 299
 280 290 174  14 394 168 360 348   1 407 115 352 255  87  31 333  27 260
  73 241 267 276  88 311 332 369 339 358 399 382 126  47 278 148 386 372
 131]
(array([ 22, 362]),)
CURRENT DATA:  [[ 0.          0.          0.         ...  0.          0.
   0.        ]
 [ 0.          0.          0.0480333  ...  0.         -1.93002016
  -0.021694  ]
 [-0.82369897 -1.75608235 -0.22209049 ... -0.82842535  0.49806987
   0.20031011]
 ...
 [ 1.79568454  0.46834411 -1.07516925 ...  0.62809384 -0.49732776
  -1.74737339]
 [-0.26340943 -2.09179564  0.         ...  0.          0.53550618
   1.25793131]
 [ 0.          0.52643672  0.         ...  0.          0.
  -0.7988546 ]]
[Time: 30.06.23 10:10:35] [Level: info] transition: mfa_prerequisites
[Time: 30.06.23 10:10:36] [Level: info] state: mfa_prerequisites
Calling start_power_iteration
[Time: 30.06.23 10:10:36] [Level: info] transition: start_power_iteration
[Time: 30.06.23 10:10:37] [Level: info] state: start_power_iteration
[STARTUP] Computing covariance matrix
[STARTUP] Random initialisation
TABDATA SCALED
[[ 0.          0.          0.         ...  0.          0.
   0.        ]
 [ 0.          0.          0.0480333  ...  0.         -1.93002016
  -0.021694  ]
 [-0.82369897 -1.75608235 -0.22209049 ... -0.82842535  0.49806987
   0.20031011]
 ...
 [ 1.79568454  0.46834411 -1.07516925 ...  0.62809384 -0.49732776
  -1.74737339]
 [-0.26340943 -2.09179564  0.         ...  0.          0.53550618
   1.25793131]
 [ 0.          0.52643672  0.         ...  0.          0.
  -0.7988546 ]]
[Time: 30.06.23 10:10:37] [Level: info] transition: compute_final_h_cov
[Time: 30.06.23 10:10:38] [Level: info] state: compute_final_h_cov
[CTRL] GET /data
[CTRL] POST /data
Setting k
starting eigenvector norms
17
[Time: 30.06.23 10:10:41] [Level: info] transition: compute_local_conorm
[Time: 30.06.23 10:10:42] [Level: info] state: compute_local_conorm
[CTRL] GET /data
[CTRL] POST /data
[Time: 30.06.23 10:10:44] [Level: info] transition: compute_local_norm
[Time: 30.06.23 10:10:45] [Level: info] state: compute_local_norm
[CTRL] GET /data
[CTRL] POST /data
starting orthogonalise_current
ending orthogonalise_current
starting eigenvector norms
17
[Time: 30.06.23 10:10:47] [Level: info] transition: compute_local_conorm
[Time: 30.06.23 10:10:48] [Level: info] state: compute_local_conorm
[CTRL] GET /data
[CTRL] POST /data
[Time: 30.06.23 10:10:50] [Level: info] transition: compute_local_norm
[Time: 30.06.23 10:10:51] [Level: info] state: compute_local_norm
[CTRL] GET /data
[CTRL] POST /data
starting orthogonalise_current
ending orthogonalise_current
starting eigenvector norms
17
[Time: 30.06.23 10:10:53] [Level: info] transition: compute_local_conorm
[Time: 30.06.23 10:10:54] [Level: info] state: compute_local_conorm
[CTRL] GET /data
[CTRL] POST /data
[Time: 30.06.23 10:10:56] [Level: info] transition: compute_local_norm
[Time: 30.06.23 10:10:57] [Level: info] state: compute_local_norm
[CTRL] GET /data
[CTRL] POST /data
starting orthogonalise_current
ending orthogonalise_current
starting eigenvector norms
17
[Time: 30.06.23 10:10:59] [Level: info] transition: compute_local_conorm
[Time: 30.06.23 10:11:00] [Level: info] state: compute_local_conorm
[CTRL] GET /data
[CTRL] POST /data
[Time: 30.06.23 10:11:02] [Level: info] transition: compute_local_norm
[Time: 30.06.23 10:11:03] [Level: info] state: compute_local_norm
[CTRL] GET /data
[CTRL] POST /data
starting orthogonalise_current
ending orthogonalise_current
starting eigenvector norms
17
[Time: 30.06.23 10:11:05] [Level: info] transition: compute_local_conorm
[Time: 30.06.23 10:11:06] [Level: info] state: compute_local_conorm
[CTRL] GET /data
[CTRL] POST /data
[Time: 30.06.23 10:11:08] [Level: info] transition: compute_local_norm
[Time: 30.06.23 10:11:09] [Level: info] state: compute_local_norm
[CTRL] GET /data
[CTRL] POST /data
starting orthogonalise_current
ending orthogonalise_current
starting eigenvector norms
17
[Time: 30.06.23 10:11:11] [Level: info] transition: compute_local_conorm
[Time: 30.06.23 10:11:12] [Level: info] state: compute_local_conorm
[CTRL] GET /data
[CTRL] POST /data
[Time: 30.06.23 10:11:14] [Level: info] transition: compute_local_norm
[Time: 30.06.23 10:11:15] [Level: info] state: compute_local_norm
[CTRL] GET /data
[CTRL] POST /data
starting orthogonalise_current
ending orthogonalise_current
starting eigenvector norms
17
[Time: 30.06.23 10:11:17] [Level: info] transition: compute_local_conorm
[Time: 30.06.23 10:11:18] [Level: info] state: compute_local_conorm
[CTRL] GET /data
[CTRL] POST /data
[Time: 30.06.23 10:11:20] [Level: info] transition: compute_local_norm
[Time: 30.06.23 10:11:21] [Level: info] state: compute_local_norm
[CTRL] GET /data
[CTRL] POST /data
starting orthogonalise_current
ending orthogonalise_current
starting eigenvector norms
17
[Time: 30.06.23 10:11:23] [Level: info] transition: compute_local_conorm
[Time: 30.06.23 10:11:24] [Level: info] state: compute_local_conorm
[CTRL] GET /data
[CTRL] POST /data
[Time: 30.06.23 10:11:26] [Level: info] transition: compute_local_norm
[Time: 30.06.23 10:11:27] [Level: info] state: compute_local_norm
[CTRL] GET /data
[CTRL] POST /data
starting orthogonalise_current
ending orthogonalise_current
starting eigenvector norms
17
[Time: 30.06.23 10:11:29] [Level: info] transition: compute_local_conorm
[Time: 30.06.23 10:11:30] [Level: info] state: compute_local_conorm
[CTRL] GET /data
[CTRL] POST /data
[Time: 30.06.23 10:11:32] [Level: info] transition: compute_local_norm
[Time: 30.06.23 10:11:33] [Level: info] state: compute_local_norm
[CTRL] GET /data
[CTRL] POST /data
starting orthogonalise_current
ending orthogonalise_current
starting eigenvector norms
17
[Time: 30.06.23 10:11:35] [Level: info] transition: compute_local_conorm
[Time: 30.06.23 10:11:36] [Level: info] state: compute_local_conorm
[CTRL] GET /data
[CTRL] POST /data
[Time: 30.06.23 10:11:38] [Level: info] transition: compute_local_norm
[Time: 30.06.23 10:11:39] [Level: info] state: compute_local_norm
[CTRL] GET /data
[CTRL] POST /data
starting orthogonalise_current
ending orthogonalise_current
starting eigenvector norms
17
[Time: 30.06.23 10:11:41] [Level: info] transition: compute_local_conorm
[Time: 30.06.23 10:11:42] [Level: info] state: compute_local_conorm
[CTRL] GET /data
[CTRL] POST /data
[Time: 30.06.23 10:11:44] [Level: info] transition: compute_local_norm
[Time: 30.06.23 10:11:45] [Level: info] state: compute_local_norm
[CTRL] GET /data
[CTRL] POST /data
starting orthogonalise_current
ending orthogonalise_current
starting eigenvector norms
17
[Time: 30.06.23 10:11:47] [Level: info] transition: compute_local_conorm
[Time: 30.06.23 10:11:48] [Level: info] state: compute_local_conorm
[CTRL] GET /data
[CTRL] POST /data
[Time: 30.06.23 10:11:50] [Level: info] transition: compute_local_norm
[Time: 30.06.23 10:11:51] [Level: info] state: compute_local_norm
[CTRL] GET /data
[CTRL] POST /data
starting orthogonalise_current
ending orthogonalise_current
starting eigenvector norms
17
[Time: 30.06.23 10:11:53] [Level: info] transition: compute_local_conorm
[Time: 30.06.23 10:11:54] [Level: info] state: compute_local_conorm
[CTRL] GET /data
[CTRL] POST /data
[Time: 30.06.23 10:11:56] [Level: info] transition: compute_local_norm
[Time: 30.06.23 10:11:57] [Level: info] state: compute_local_norm
[CTRL] GET /data
[CTRL] POST /data
starting orthogonalise_current
ending orthogonalise_current
starting eigenvector norms
17
[Time: 30.06.23 10:11:59] [Level: info] transition: compute_local_conorm
[Time: 30.06.23 10:12:00] [Level: info] state: compute_local_conorm
[CTRL] GET /data
[CTRL] POST /data
[Time: 30.06.23 10:12:02] [Level: info] transition: compute_local_norm
[Time: 30.06.23 10:12:03] [Level: info] state: compute_local_norm
[CTRL] GET /data
[CTRL] POST /data
starting orthogonalise_current
ending orthogonalise_current
starting eigenvector norms
17
[Time: 30.06.23 10:12:05] [Level: info] transition: compute_local_conorm
[Time: 30.06.23 10:12:06] [Level: info] state: compute_local_conorm
[CTRL] GET /data
[CTRL] POST /data
[Time: 30.06.23 10:12:08] [Level: info] transition: compute_local_norm
[Time: 30.06.23 10:12:09] [Level: info] state: compute_local_norm
[CTRL] GET /data
[CTRL] POST /data
starting orthogonalise_current
ending orthogonalise_current
starting eigenvector norms
17
[Time: 30.06.23 10:12:11] [Level: info] transition: compute_local_conorm
[Time: 30.06.23 10:12:12] [Level: info] state: compute_local_conorm
[CTRL] GET /data
[CTRL] POST /data
[Time: 30.06.23 10:12:14] [Level: info] transition: compute_local_norm
[Time: 30.06.23 10:12:15] [Level: info] state: compute_local_norm
[CTRL] GET /data
[CTRL] POST /data
starting orthogonalise_current
ending orthogonalise_current
starting eigenvector norms
17
[Time: 30.06.23 10:12:17] [Level: info] transition: normalize_g
[Time: 30.06.23 10:12:18] [Level: info] state: normalize_g
[CTRL] GET /data
[CTRL] POST /data
Normalising
(26, 17)
17
End normalising
(26, 17)
(17, 17)
(17,)
(26, 17)
[Time: 30.06.23 10:12:20] [Level: info] transition: separate_pca
[Time: 30.06.23 10:12:21] [Level: info] state: separate_pca
[Time: 30.06.23 10:12:21] [Level: info] transition: init_pca
[Time: 30.06.23 10:12:22] [Level: info] state: init_pca
[STARTUP] Copy configuration and create dir
/mnt/input/hospital_data_bredel_1.csv
TEST: ['/mnt/input/hospital_data_bredel_1 - Copy.csv', '/mnt/input/hospital_data_bredel_1.csv']
RUNNING ON:  /mnt/input/hospital_data_bredel_1.csv
number of omics:  2
[STARTUP] Configuration copied
Log Transform performed
/app/apps/svd/FC_Federated_PCA.py:97: RuntimeWarning: invalid value encountered in log2
  self.tabdata.scaled = np.log2(self.tabdata.scaled+1)
[Time: 30.06.23 10:12:22] [Level: info] transition: wait_for_params
[Time: 30.06.23 10:12:23] [Level: info] state: wait_for_params
[CTRL] GET /data
[CTRL] POST /data
setting parameters
[API] Setting parameters
['LUM', 'COL1A2', 'BGN', 'PDE4DIP', 'ZNF160', 'STXBP1', 'HMOX1', 'AA029415', 'SBP1', 'C1orf63', 'C8orf4', 'NCF1', 'MAPKBP1', 'NLGN1', 'T97457', 'GBP2', 'CYBA', 'L3MBTL4', 'MGP', 'SERPINI1', 'PTPRZ1', 'CBLN2', 'PRSS3', 'RBP4', 'PYHIN1', 'H91845', 'DEF6', 'LOC388610', 'PLTP', 'MOAP1', 'KNS2', 'GAS1', 'PLAUR', 'PHLDA1', 'IGHG1', 'SOCS3', 'HEY1', 'PNCK', 'CD44', 'GYPA', 'AI822135', 'ZFHX1B', 'SCAMP5', 'NDST1', 'POSTN', 'TCF7L1', 'ID3', 'AI005038', 'FBXO2', 'PLOD2', 'RTN3', 'DMN', 'MED11', 'DCLRE1B', 'YWHAG', 'COL3A1', 'SPAG6', 'HLA.DRB1', 'AI357047', 'FCGRT', 'SVIL', 'CHI3L2', 'GYPC', 'R61377', 'ZNF419B', 'TMEM146', 'RUNX1', 'USP3', 'PYCR1', 'CLCA3', 'GABBR1', 'H24428', 'PRKCG', 'LOC541471', 'COL4A2', 'ASPA', 'RAB27B', 'AA598555', 'BCAM', 'ACAD8', 'IGFBP3', 'CKMT1A', 'EMP3', 'EID.3', 'KCNK6', 'TIMP3', 'TSPAN4', 'CA12', 'COL1A1', 'MAL2', 'PCDHGC3', 'INPP5F', 'H78560', 'AKR1C2', 'CAPG', 'C16orf5', 'AP4B1', 'PRG1', 'FAM84A', 'S100A11', 'DUS3L', 'IMAGE.33267', 'ADARB2', 'LILRA1', 'MGC26694', 'URP2', 'HSPG2', 'F13A1', 'CD58', 'KIAA0963', 'PSG1', 'CLTB', 'STMN1', 'AI002301', 'IGFBP5', 'H86813', 'CLSTN3', 'C9orf48', 'MSTP9', 'STEAP3', 'GBP1', 'PDLIM7', 'MGC42367', 'MB', 'MDFI', 'GOT1', 'PLAU', 'AIF1', 'COL9A2', 'AA398420', 'MICAL2', 'ANK3', 'APOC1', 'TSPAN6', 'IGF1R', 'SYNGR3', 'CAP2', 'H08563', 'MDK', 'ESM1', 'DIP2C', 'SYT7', 'PRKAR1B', 'MGC18216', 'NY.SAR.48', 'SRPX', 'HLA.A', 'HLA.G', 'PSD3', 'CLIC1', 'S100A1', 'ZNF226', 'MASP1', 'ADFP', 'NUAK1', 'SLC15A2', 'SETD5', 'AI350724', 'CAMK2A', 'PLA2G2A', 'CCL2', 'VSNL1', 'EGLN2', 'MSN', 'COL6A2', 'GADD45B', 'NCF2', 'COX6A2', 'X38595', 'CDC20B', 'RND3', 'HPCA', 'EXT1', 'RAB30', 'ANXA5', 'MVP', 'PPP1R14A', 'FAM84B', 'H10054', 'ITPKA', 'NOTCH1', 'STC1', 'ZNF217', 'X37864', 'AA489629', 'TIMP1', 'BCL2A1', 'RGS16', 'CDKN2D', 'CAMKK2', 'IFI30', 'CYR61', 'CBX6', 'EDNRB', 'DYNLT1', 'NR4A1', 'CD47', 'EDG3', 'HBXIP', 'DKFZp313A2432', 'KCNQ2', 'RFXAP', 'OSR1', 'IL1RAP', 'LYN', 'MYC', 'SP100', 'CCDC3', 'IL21R', 'FABP3', 'DDN', 'ITGA5', 'SCN2B', 'VEGF', 'L1CAM', 'EPB49', 'N98591', 'NSF', 'FAM46A', 'RPS3A', 'VASP', 'W93688', 'PARD3', 'LOC613212', 'AA975768', 'D21S2089E', 'ADM', 'DES', 'ABCC3', 'CHN1', 'IGF2BP3', 'LHFPL2', 'NNMT', 'UBA52', 'AA181288', 'LRBA', 'PRRX1', 'PLP2', 'FCGR2B', 'MGC39606', 'HPRT1', 'CAV1', 'DNASE1L1', 'IGSF3', 'ABCA5', 'LAPTM5', 'AI871056', 'PPP3CB', 'PDXP', 'HCLS1', 'C1R', 'PYGL', 'TAP1', 'MYCBP2', 'PALLD', 'SPINT2', 'NMNAT2', 'USP6NL', 'SLC35A2', 'DSCR1L1', 'DECR2', 'TCTEX1D1', 'AI263051', 'NPC2', 'TMEM49', 'RALY', 'SUV39H1', 'NPTX1', 'CDKN1A', 'A2BP1', 'SAA2', 'CASP1', 'CACNB2', 'PCP4', 'CACNB3', 'RAB11FIP4', 'TncRNA', 'H41096', 'HK2', 'C1orf187', 'KLRC2', 'SLC16A3', 'GPSM2', 'LTF', 'R70684', 'R70506', 'PARP14', 'OSBPL1A', 'TOMM40', 'GPNMB', 'PPP3CA', 'ZNF549', 'ADAM19', 'MST150', 'TSPYL1', 'AA598631', 'AKR1C1', 'T62491', 'ATP6V1C1', 'LOC400451', 'PDPN', 'SPARC', 'PEG3', 'ITGA9', 'AI262682', 'BNIP2', 'ITGA3', 'FN1', 'AA490257', 'ZNF329', 'LOC389831', 'CCR1', 'HAMP', 'LAMB1', 'DLL3', 'AA424849', 'C4A', 'R52960', 'FBXW7', 'FGF13', 'NLK', 'SORT1', 'KCNJ1', 'NEFH', 'TTC23', 'PRKCB1', 'TFDP2', 'C6orf12', 'ARPP.19', 'FLJ35740', 'SERPINH1', 'AA401952', 'HLA.F', 'LY96', 'CSPG2', 'HBA1', 'TGFBI', 'PRKCZ', 'FBL', 'SNCG', 'CD53', 'AA479357', 'PDE2A', 'COX7A1', 'AA669383', 'FLJ38984', 'LOC57228', 'EDG1', 'AI335002', 'APOC2', 'PSG5', 'ANXA1', 'EFHB', 'WASF1', 'DDIT4', 'SERPINA3', 'EPHB1', 'T51726', 'MMP2', 'BLVRB', 'RBP7', 'FZD7', 'PRSS1', 'LOC283130', 'TXNDC', 'CTHRC1', 'LOC146795', 'KLRC1', 'RPS19BP1', 'TNC', 'YWHAH', 'S100A10', 'UGCG', 'HNRNPG.T', 'KIAA1543', 'VAMP2', 'RAB20', 'AA131320', 'AA906888', 'ADCY1', 'SNRPN', 'FBXO32', 'TNFAIP3', 'LMO7', 'LOC283070', 'CA11', 'TLL2', 'DDEF1', 'CEAL1', 'UBE4B', 'NDUFB11', 'LAMA4', 'APCS', 'AA281932', 'KLRC3', 'MTHFD2', 'TNFRSF12A', 'CALM1', 'H20822', 'KCNMA1', 'FAS', 'ZNF233', 'SOX4', 'MYBPC2', 'NPL', 'DPYD', 'FBXL16', 'IL32', 'WDR7', 'SERPING1', 'WWTR1', 'MRC2', 'IQSEC1', 'LGALS3', 'LSP1', 'FREQ', 'KIAA1644', 'AEBP1', 'TBC1D7', 'ID4', 'STK17A', 'MST1']
INDEX
[378, 158, 70, 323, 45, 206, 175, 199, 39, 14, 315, 351, 170, 154, 92, 338, 355, 222, 423, 347, 302, 337, 317, 292, 297, 298, 254, 203, 318, 169, 245, 388, 124, 260, 381, 85, 160, 125, 305, 11, 225, 400, 182, 402, 267, 132, 356, 301, 312, 268, 75, 33, 406, 28, 213, 152, 6, 417, 207, 300, 2, 87, 263, 185, 31, 55, 107, 256, 220, 17, 146, 279, 416, 79, 122, 81, 151, 354, 49, 13, 115, 278, 74, 20, 56, 123, 330, 110, 102, 333, 229, 322, 80, 9, 72, 155, 44, 418, 382, 90, 21, 84, 4, 47, 210, 285, 161, 340, 133, 280, 66, 214, 187, 350, 219, 181, 271, 109, 230, 114, 246, 253, 40, 238, 394, 261, 184, 365, 197, 83, 408, 349, 51, 258, 52, 372, 319, 69, 272, 390, 1, 405, 212, 35, 353, 380, 217, 329, 106, 99, 341, 24, 88, 227, 307, 421, 91, 367, 286, 276, 274, 313, 48, 68, 159, 412, 316, 59, 257, 265, 174, 384, 0, 239, 192, 273, 420, 96, 401, 290, 237, 167, 233, 127, 180, 82, 343, 76, 269, 295, 104, 370, 150, 111, 387, 392, 103, 321, 23, 166, 277, 164, 41, 328, 395, 264, 208, 8, 284, 141, 336, 77, 404, 100, 296, 393, 419, 281, 275, 183, 12, 255, 5, 98, 236, 42, 144, 363, 221, 374, 250, 108, 128, 93, 249, 46, 327, 89, 240, 3, 288, 399, 308, 64, 131, 326, 204, 78, 168, 209, 189, 243, 357, 73, 397, 314, 145, 15, 299, 334, 135, 10, 359, 364, 140, 97, 163, 422, 259, 216, 369, 252, 16, 379, 172, 282, 409, 383, 291, 361, 117, 142, 50, 232, 398, 177, 407, 294, 360, 309, 112, 29, 375, 138, 95, 377, 7, 311, 105, 156, 86, 403, 139, 331, 194, 410, 373, 202, 234, 38, 235, 332, 304, 320, 94, 391, 241, 342, 376, 205, 348, 26, 34, 186, 62, 339, 57, 335, 120, 201, 143, 386, 366, 248, 148, 310, 358, 200, 413, 218, 283, 231, 121, 18, 270, 242, 137, 25, 215, 178, 36, 179, 262, 149, 293, 198, 191, 371, 324, 65, 63, 411, 368, 414, 396, 385, 195, 118, 162, 165, 344, 325, 346, 43, 22, 147, 389, 136, 193, 303, 244, 37, 266, 226, 27, 352, 53, 32, 19, 60, 61, 289, 287, 101, 116, 176, 71, 251, 224, 228, 306, 58, 196, 67, 119, 223, 188, 247, 126, 173, 190, 130, 362, 113, 211, 345, 153, 157, 129, 171, 415, 134]
[Time: 30.06.23 10:12:26] [Level: info] transition: compute_std
[Time: 30.06.23 10:12:27] [Level: info] state: compute_std
[CTRL] GET /data
[CTRL] POST /data
(422, 1)
[Time: 30.06.23 10:12:29] [Level: info] transition: apply_scaling
[Time: 30.06.23 10:12:30] [Level: info] state: apply_scaling
[CTRL] GET /data
[CTRL] POST /data
[362  22   0  69  57   4 282  59  28 331  52 254 110 388 401 261 239 321
 172   8 243 236  39 419  83 377 166 162 288 238  53  97 134 295 329 373
 397 127 286 326 375  65 229 151 404 320 167 140 347 242 409 252 216 381
 408 301 128 387 123 245  42 202 182 222 334 390 155 118 374 147 350  78
 107  98  84 298 418 296 370 231 207 105 287  51 410 292 120 269  37 249
 412  75 316  79 154  34  70 398   3  60 392 327  16 209 263 187 272  90
 201 385 270  76 225 415 219 306 335 340  43  54 165 265 230 197 113  30
 180 328  71 188 103 175 184 337  64 291 319 204 192 194 248 183  12 305
   7 220 285  15 376 163 176  20  29 122 359 136 400 247 411 153 129   6
 258 137 283 189 142 284  21 341   5 210 324  56 351  99  24  96 215 221
 349 181 366  50  82 277  13 232 308 132  36 217 146  94 114 250 391 256
 403  63 203 160 355 193 361  61 234 100 356 346 150 190  19  10 233  95
 102 185 297  17 149 198 200 315   9 405 271 158 125  93 371 379 116 226
 363 101 104 218 139 266 396 235 275  55 364  35 420 257  81 164 365  86
 273 279  26 417  85 322  72 303 312  66  62 169 244  74 259 152 345  91
 416 380 157 274 344 307 281 145 206 300  77 224 317 318 179  11 170 353
 141 325 264 196 406 227  68 268 143 293 173  32 106 343  48 213 262 253
 368 159 289 240 199 117   2 357  49 354 228 389 393  18 130 161  46 251
 413 119 214 144 135  92 383 212 112 195 186 178 156 330 384 133 395 299
 280 290 174  14 394 168 360 348   1 407 115 352 255  87  31 333  27 260
  73 241 267 276  88 311 332 369 339 358 399 382 126  47 278 148 386 372
 131]
(array([ 22, 362]),)
CURRENT DATA:  [[ 0.          0.          0.         ...  0.          0.
   0.        ]
 [ 0.          0.          0.0480333  ...  0.         -1.93002016
  -0.021694  ]
 [-0.82369897 -1.75608235 -0.22209049 ... -0.82842535  0.49806987
   0.20031011]
 ...
 [ 1.79568454  0.46834411 -1.07516925 ...  0.62809384 -0.49732776
  -1.74737339]
 [-0.26340943 -2.09179564  0.         ...  0.          0.53550618
   1.25793131]
 [ 0.          0.52643672  0.         ...  0.          0.
  -0.7988546 ]]
[Time: 30.06.23 10:12:32] [Level: info] transition: mfa_prerequisites
[Time: 30.06.23 10:12:33] [Level: info] state: mfa_prerequisites
Calling start_power_iteration
[Time: 30.06.23 10:12:33] [Level: info] transition: start_power_iteration
[Time: 30.06.23 10:12:34] [Level: info] state: start_power_iteration
[STARTUP] Computing covariance matrix
[STARTUP] Random initialisation
TABDATA SCALED
[[ 0.          0.          0.         ...  0.          0.
   0.        ]
 [ 0.          0.          0.0480333  ...  0.         -1.93002016
  -0.021694  ]
 [-0.82369897 -1.75608235 -0.22209049 ... -0.82842535  0.49806987
   0.20031011]
 ...
 [ 1.79568454  0.46834411 -1.07516925 ...  0.62809384 -0.49732776
  -1.74737339]
 [-0.26340943 -2.09179564  0.         ...  0.          0.53550618
   1.25793131]
 [ 0.          0.52643672  0.         ...  0.          0.
  -0.7988546 ]]
[Time: 30.06.23 10:12:34] [Level: info] transition: compute_final_h_cov
[CTRL] GET /data
[Time: 30.06.23 10:12:35] [Level: info] state: compute_final_h_cov
[CTRL] POST /data
Setting k
starting eigenvector norms
17
[Time: 30.06.23 10:12:38] [Level: info] transition: compute_local_conorm
[Time: 30.06.23 10:12:39] [Level: info] state: compute_local_conorm
[CTRL] GET /data
[CTRL] POST /data
[Time: 30.06.23 10:12:41] [Level: info] transition: compute_local_norm
[Time: 30.06.23 10:12:42] [Level: info] state: compute_local_norm
[CTRL] GET /data
[CTRL] POST /data
starting orthogonalise_current
ending orthogonalise_current
starting eigenvector norms
17
[Time: 30.06.23 10:12:44] [Level: info] transition: compute_local_conorm
[Time: 30.06.23 10:12:45] [Level: info] state: compute_local_conorm
[CTRL] GET /data
[CTRL] POST /data
[Time: 30.06.23 10:12:47] [Level: info] transition: compute_local_norm
[Time: 30.06.23 10:12:48] [Level: info] state: compute_local_norm
[CTRL] GET /data
[CTRL] POST /data
starting orthogonalise_current
ending orthogonalise_current
starting eigenvector norms
17
[Time: 30.06.23 10:12:50] [Level: info] transition: compute_local_conorm
[Time: 30.06.23 10:12:51] [Level: info] state: compute_local_conorm
[CTRL] GET /data
[CTRL] POST /data
[Time: 30.06.23 10:12:53] [Level: info] transition: compute_local_norm
[Time: 30.06.23 10:12:54] [Level: info] state: compute_local_norm
[CTRL] GET /data
[CTRL] POST /data
starting orthogonalise_current
ending orthogonalise_current
starting eigenvector norms
17
[Time: 30.06.23 10:12:56] [Level: info] transition: compute_local_conorm
[Time: 30.06.23 10:12:57] [Level: info] state: compute_local_conorm
[CTRL] GET /data
[CTRL] POST /data
[Time: 30.06.23 10:12:59] [Level: info] transition: compute_local_norm
[Time: 30.06.23 10:13:00] [Level: info] state: compute_local_norm
[CTRL] GET /data
[CTRL] POST /data
starting orthogonalise_current
ending orthogonalise_current
starting eigenvector norms
17
[Time: 30.06.23 10:13:02] [Level: info] transition: compute_local_conorm
[Time: 30.06.23 10:13:03] [Level: info] state: compute_local_conorm
[CTRL] GET /data
[CTRL] POST /data
[Time: 30.06.23 10:13:05] [Level: info] transition: compute_local_norm
[Time: 30.06.23 10:13:06] [Level: info] state: compute_local_norm
[CTRL] GET /data
[CTRL] POST /data
starting orthogonalise_current
ending orthogonalise_current
starting eigenvector norms
17
[Time: 30.06.23 10:13:08] [Level: info] transition: compute_local_conorm
[Time: 30.06.23 10:13:09] [Level: info] state: compute_local_conorm
[CTRL] GET /data
[CTRL] POST /data
[Time: 30.06.23 10:13:11] [Level: info] transition: compute_local_norm
[Time: 30.06.23 10:13:12] [Level: info] state: compute_local_norm
[CTRL] GET /data
[CTRL] POST /data
starting orthogonalise_current
ending orthogonalise_current
starting eigenvector norms
17
[Time: 30.06.23 10:13:14] [Level: info] transition: compute_local_conorm
[Time: 30.06.23 10:13:15] [Level: info] state: compute_local_conorm
[CTRL] GET /data
[CTRL] POST /data
[Time: 30.06.23 10:13:17] [Level: info] transition: compute_local_norm
[Time: 30.06.23 10:13:18] [Level: info] state: compute_local_norm
[CTRL] GET /data
[CTRL] POST /data
starting orthogonalise_current
ending orthogonalise_current
starting eigenvector norms
17
[Time: 30.06.23 10:13:20] [Level: info] transition: compute_local_conorm
[Time: 30.06.23 10:13:21] [Level: info] state: compute_local_conorm
[CTRL] GET /data
[CTRL] POST /data
[Time: 30.06.23 10:13:23] [Level: info] transition: compute_local_norm
[Time: 30.06.23 10:13:24] [Level: info] state: compute_local_norm
[CTRL] GET /data
[CTRL] POST /data
starting orthogonalise_current
ending orthogonalise_current
starting eigenvector norms
17
[Time: 30.06.23 10:13:26] [Level: info] transition: compute_local_conorm
[Time: 30.06.23 10:13:27] [Level: info] state: compute_local_conorm
[CTRL] GET /data
[CTRL] POST /data
[Time: 30.06.23 10:13:29] [Level: info] transition: compute_local_norm
[Time: 30.06.23 10:13:30] [Level: info] state: compute_local_norm
[CTRL] GET /data
[CTRL] POST /data
starting orthogonalise_current
ending orthogonalise_current
starting eigenvector norms
17
[Time: 30.06.23 10:13:32] [Level: info] transition: compute_local_conorm
[Time: 30.06.23 10:13:33] [Level: info] state: compute_local_conorm
[CTRL] GET /data
[CTRL] POST /data
[Time: 30.06.23 10:13:35] [Level: info] transition: compute_local_norm
[Time: 30.06.23 10:13:36] [Level: info] state: compute_local_norm
[CTRL] GET /data
[CTRL] POST /data
starting orthogonalise_current
ending orthogonalise_current
starting eigenvector norms
17
[Time: 30.06.23 10:13:38] [Level: info] transition: compute_local_conorm
[Time: 30.06.23 10:13:39] [Level: info] state: compute_local_conorm
[CTRL] GET /data
[CTRL] POST /data
[Time: 30.06.23 10:13:41] [Level: info] transition: compute_local_norm
[Time: 30.06.23 10:13:42] [Level: info] state: compute_local_norm
[CTRL] GET /data
[CTRL] POST /data
starting orthogonalise_current
ending orthogonalise_current
starting eigenvector norms
17
[Time: 30.06.23 10:13:44] [Level: info] transition: compute_local_conorm
[Time: 30.06.23 10:13:45] [Level: info] state: compute_local_conorm
[CTRL] GET /data
[CTRL] POST /data
[Time: 30.06.23 10:13:47] [Level: info] transition: compute_local_norm
[Time: 30.06.23 10:13:48] [Level: info] state: compute_local_norm
[CTRL] GET /data
[CTRL] POST /data
starting orthogonalise_current
ending orthogonalise_current
starting eigenvector norms
17
[Time: 30.06.23 10:13:50] [Level: info] transition: compute_local_conorm
[Time: 30.06.23 10:13:51] [Level: info] state: compute_local_conorm
[CTRL] GET /data
[CTRL] POST /data
[Time: 30.06.23 10:13:53] [Level: info] transition: compute_local_norm
[Time: 30.06.23 10:13:54] [Level: info] state: compute_local_norm
[CTRL] GET /data
[CTRL] POST /data
starting orthogonalise_current
ending orthogonalise_current
starting eigenvector norms
17
[Time: 30.06.23 10:13:56] [Level: info] transition: compute_local_conorm
[Time: 30.06.23 10:13:57] [Level: info] state: compute_local_conorm
[CTRL] GET /data
[CTRL] POST /data
[Time: 30.06.23 10:13:59] [Level: info] transition: compute_local_norm
[Time: 30.06.23 10:14:00] [Level: info] state: compute_local_norm
[CTRL] GET /data
[CTRL] POST /data
starting orthogonalise_current
ending orthogonalise_current
starting eigenvector norms
17
[Time: 30.06.23 10:14:02] [Level: info] transition: compute_local_conorm
[Time: 30.06.23 10:14:03] [Level: info] state: compute_local_conorm
[CTRL] GET /data
[CTRL] POST /data
[Time: 30.06.23 10:14:05] [Level: info] transition: compute_local_norm
[Time: 30.06.23 10:14:06] [Level: info] state: compute_local_norm
[CTRL] GET /data
[CTRL] POST /data
starting orthogonalise_current
ending orthogonalise_current
starting eigenvector norms
17
[Time: 30.06.23 10:14:08] [Level: info] transition: compute_local_conorm
[Time: 30.06.23 10:14:09] [Level: info] state: compute_local_conorm
[CTRL] GET /data
[CTRL] POST /data
[Time: 30.06.23 10:14:11] [Level: info] transition: compute_local_norm
[Time: 30.06.23 10:14:12] [Level: info] state: compute_local_norm
[CTRL] GET /data
[CTRL] POST /data
starting orthogonalise_current
ending orthogonalise_current
starting eigenvector norms
17
[Time: 30.06.23 10:14:14] [Level: info] transition: normalize_g
[Time: 30.06.23 10:14:15] [Level: info] state: normalize_g
[CTRL] GET /data
[CTRL] POST /data
Normalising
(26, 17)
17
End normalising
(26, 17)
(17, 17)
(17,)
(26, 17)
[Time: 30.06.23 10:14:17] [Level: info] transition: separate_pca
[Time: 30.06.23 10:14:18] [Level: info] state: separate_pca
Starting factor analysis
[Time: 30.06.23 10:14:18] [Level: info] transition: scale_tabdata
[Time: 30.06.23 10:14:19] [Level: info] state: scale_tabdata
OMIC [[ 0.          0.          0.         ...  0.          0.
   0.        ]
 [ 0.          0.          0.0480333  ...  0.         -1.93002016
  -0.021694  ]
 [-0.82369897 -1.75608235 -0.22209049 ... -0.82842535  0.49806987
   0.20031011]
 ...
 [ 1.79568454  0.46834411 -1.07516925 ...  0.62809384 -0.49732776
  -1.74737339]
 [-0.26340943 -2.09179564  0.         ...  0.          0.53550618
   1.25793131]
 [ 0.          0.52643672  0.         ...  0.          0.
  -0.7988546 ]] len 422
eigen_values [array([ 0.04919647, -0.58669126, -0.3896036 ,  0.30498705,  0.16190391,
       -0.74623937,  0.55919727, -1.44615873,  0.63434766,  0.93081832,
       -0.02742442,  0.64909012,  0.20715775, -1.17290147, -0.4902588 ,
        0.48576773,  0.50007986, -1.32163703,  1.45621627,  0.97254198,
       -0.73957173,  0.22056873, -0.02803502,  1.10919318, -0.46931144,
        0.77106014]), array([ 1.35727079, -1.8793381 , -0.41947631,  1.96914801, -0.20687367,
       -0.02548921, -0.09176033, -0.06041449,  1.40927423, -0.56074921,
       -0.8015896 , -0.72035309,  0.66994756,  0.80473199,  0.48845663,
        1.54943067, -2.28818801, -0.66523634,  0.96524056, -0.56695576,
        0.78498892, -0.52356638,  0.67951882,  0.13857169,  1.25756108,
       -0.71580665])] len 2
OMIC [[ 0.          0.          0.         ...  0.          0.
   0.        ]
 [ 0.          0.          0.0480333  ...  0.         -1.93002016
  -0.021694  ]
 [-0.82369897 -1.75608235 -0.22209049 ... -0.82842535  0.49806987
   0.20031011]
 ...
 [ 1.79568454  0.46834411 -1.07516925 ...  0.62809384 -0.49732776
  -1.74737339]
 [-0.26340943 -2.09179564  0.         ...  0.          0.53550618
   1.25793131]
 [ 0.          0.52643672  0.         ...  0.          0.
  -0.7988546 ]] len 422
eigen_values [array([ 0.04919647, -0.58669126, -0.3896036 ,  0.30498705,  0.16190391,
       -0.74623937,  0.55919727, -1.44615873,  0.63434766,  0.93081832,
       -0.02742442,  0.64909012,  0.20715775, -1.17290147, -0.4902588 ,
        0.48576773,  0.50007986, -1.32163703,  1.45621627,  0.97254198,
       -0.73957173,  0.22056873, -0.02803502,  1.10919318, -0.46931144,
        0.77106014]), array([ 1.35727079, -1.8793381 , -0.41947631,  1.96914801, -0.20687367,
       -0.02548921, -0.09176033, -0.06041449,  1.40927423, -0.56074921,
       -0.8015896 , -0.72035309,  0.66994756,  0.80473199,  0.48845663,
        1.54943067, -2.28818801, -0.66523634,  0.96524056, -0.56695576,
        0.78498892, -0.52356638,  0.67951882,  0.13857169,  1.25756108,
       -0.71580665])] len 2
[Time: 30.06.23 10:14:19] [Level: info] transition: factor_analysis
[Time: 30.06.23 10:14:20] [Level: info] state: factor_analysis
Starting MFA final
[Time: 30.06.23 10:14:20] [Level: info] transition: mfa_final
[Time: 30.06.23 10:14:21] [Level: info] state: mfa_final
Starting save results
[Time: 30.06.23 10:14:21] [Level: info] transition: save_results
[Time: 30.06.23 10:14:22] [Level: info] state: save_results
SAVING RESULTS
saving pca/mnt/output/pca/left_eigenvectors.tsv
	
MOVE INPUT TO OUTPUT
[Time: 30.06.23 10:14:22] [Level: info] transition: finalize
[CTRL] GET /data
[Time: 30.06.23 10:14:23] [Level: info] state: finalize
[Time: 30.06.23 10:14:23] [Level: info] transition: terminal
[Time: 30.06.23 10:14:23] [Level: info] done
