2023-06-28 08:23:13,242 CRIT Supervisor is running as root.  Privileges were not dropped because no user is specified in the config file.  If you intend to run as root, you can set user=root in the config file to avoid this message.
2023-06-28 08:23:13,243 INFO supervisord started with pid 7
2023-06-28 08:23:14,245 INFO spawned: 'nginx' with pid 10
2023-06-28 08:23:14,247 INFO spawned: 'app' with pid 11
2023-06-28 08:23:15,259 INFO success: nginx entered RUNNING state, process has stayed up for > than 1 seconds (startsecs)
2023-06-28 08:23:15,260 INFO success: app entered RUNNING state, process has stayed up for > than 1 seconds (startsecs)
[CTRL] POST /setup
[Time: 28.06.23 08:23:17] [Level: info] id: 3e076a80cda24b49
[Time: 28.06.23 08:23:17] [Level: info] coordinator: False
[Time: 28.06.23 08:23:17] [Level: info] clients: ['3e076a80cda24b49', 'f6e8c01929e4f453']
[Time: 28.06.23 08:23:17] [Level: info] state: initial
[CLIENT] Parsing parameter file...
[API] /setup parsing parameter file 
[API] /setup config file found ... parsing file: /mnt/input/config.yaml
YAML file does not follow specification: missing key: eigenvalues
Setting default: eigenvalues.tsv
YAML file does not follow specification: missing key: explained_variance
Setting default: eigenvalues.tsv
YAML file does not follow specification: missing key: output delimiter
Setting default: tab
[API] /setup config file found ... parsing done
[CLIENT] finished parsing parameter file.
[STARTUP] Instantiate SVD
[STARTUP] Copy configuration and create dir
[STARTUP] Configuration copied
Log Transform performed
[[ 6.74542027e-02  1.81002875e-01  1.61967477e-01 ...  5.41621673e-02
   2.44542698e-01 -2.60220260e-01]
 [-4.61545797e-01 -1.99712471e-03  2.53967477e-01 ...  8.65162167e-01
  -9.04573017e-02  1.22779740e-01]
 [ 1.17454203e-01  1.64002875e-01 -1.81032523e-01 ...  1.16216733e-03
   2.59542698e-01 -1.47220260e-01]
 ...
 [ 6.77109851e-01  5.27812409e-01  8.69196496e-01 ...  1.60968399e+00
   4.71524132e-01  6.26844003e-01]
 [-2.01389015e+00  7.88124088e-02  9.97196496e-01 ...  5.29683994e-01
   6.37524132e-01  1.15884400e+00]
 [-9.82890149e-01  4.64312409e-01  1.32619650e+00 ...  1.64683994e-01
   2.29524132e-01  5.23344003e-01]]
/app/apps/svd/FC_Federated_MFA.py:126: RuntimeWarning: invalid value encountered in log2
  tabdata.scaled = np.log2(tabdata.scaled+1)
[[ 9.41741748e-02  2.40012477e-01  2.16569689e-01 ...  7.60968214e-02
   3.15615728e-01 -4.34832304e-01]
 [-8.93104451e-01 -2.88412285e-03  3.26499931e-01 ...  8.99301072e-01
  -1.36786728e-01  1.67074937e-01]
 [ 1.60215706e-01  2.19094622e-01 -2.88121934e-01 ...  1.67567952e-03
   3.32900030e-01 -2.29754931e-01]
 ...
 [ 7.45977189e-01  6.11467414e-01  9.02418238e-01 ...  1.38387512e+00
   5.57311202e-01  7.02075918e-01]
 [            nan  1.09444021e-01  9.97976281e-01 ...  6.13233648e-01
   7.11516168e-01  1.11025900e+00]
 [-5.86902895e+00  5.50223383e-01  1.21797297e+00 ...  2.19938570e-01
   2.98100052e-01  6.07241769e-01]]
Log Transform performed
/app/apps/svd/FC_Federated_MFA.py:126: RuntimeWarning: invalid value encountered in log2
  tabdata.scaled = np.log2(tabdata.scaled+1)
[[ 6.74542027e-02  1.81002875e-01  1.61967477e-01 ...  5.41621673e-02
   2.44542698e-01 -2.60220260e-01]
 [-4.61545797e-01 -1.99712471e-03  2.53967477e-01 ...  8.65162167e-01
  -9.04573017e-02  1.22779740e-01]
 [ 1.17454203e-01  1.64002875e-01 -1.81032523e-01 ...  1.16216733e-03
   2.59542698e-01 -1.47220260e-01]
 ...
 [ 6.77109851e-01  5.27812409e-01  8.69196496e-01 ...  1.60968399e+00
   4.71524132e-01  6.26844003e-01]
 [-2.01389015e+00  7.88124088e-02  9.97196496e-01 ...  5.29683994e-01
   6.37524132e-01  1.15884400e+00]
 [-9.82890149e-01  4.64312409e-01  1.32619650e+00 ...  1.64683994e-01
   2.29524132e-01  5.23344003e-01]]
[[ 9.41741748e-02  2.40012477e-01  2.16569689e-01 ...  7.60968214e-02
   3.15615728e-01 -4.34832304e-01]
 [-8.93104451e-01 -2.88412285e-03  3.26499931e-01 ...  8.99301072e-01
  -1.36786728e-01  1.67074937e-01]
 [ 1.60215706e-01  2.19094622e-01 -2.88121934e-01 ...  1.67567952e-03
   3.32900030e-01 -2.29754931e-01]
 ...
 [ 7.45977189e-01  6.11467414e-01  9.02418238e-01 ...  1.38387512e+00
   5.57311202e-01  7.02075918e-01]
 [            nan  1.09444021e-01  9.97976281e-01 ...  6.13233648e-01
   7.11516168e-01  1.11025900e+00]
 [-5.86902895e+00  5.50223383e-01  1.21797297e+00 ...  2.19938570e-01
   2.98100052e-01  6.07241769e-01]]
[Time: 28.06.23 08:23:17] [Level: info] transition: wait_for_params
[Time: 28.06.23 08:23:18] [Level: info] state: wait_for_params
[CTRL] GET /data
[CTRL] POST /data
setting parameters
INCOMINGS
[{'PCs': 43, <COParams.SEND_PROJ: ('Send projections', False)>: False, 'Row names': ['LHFPL2', 'MOAP1', 'PRSS3', 'COL9A2', 'MGC42367', 'H10054', 'MRC2', 'HBXIP', 'LOC389831', 'GYPC', 'ZNF226', 'AI357047', 'SERPINI1', 'EDG1', 'TBC1D7', 'RAB27B', 'AA669383', 'AA401952', 'CA12', 'SERPING1', 'RAB20', 'TMEM49', 'PRKCG', 'HLA.A', 'MGC39606', 'FAS', 'SYNGR3', 'SYT7', 'DPYD', 'H24428', 'CLCA3', 'LOC283130', 'CEAL1', 'SERPINA3', 'VSNL1', 'LOC388610', 'AI822135', 'MTHFD2', 'SLC16A3', 'UBA52', 'AI871056', 'COL6A2', 'IGFBP5', 'SVIL', 'RTN3', 'MSTP9', 'CAV1', 'CLTB', 'SPINT2', 'ZNF233', 'SETD5', 'NPC2', 'FAM84A', 'W93688', 'SP100', 'LTF', 'CYBA', 'CAMKK2', 'LSP1', 'L3MBTL4', 'R70506', 'APCS', 'OSBPL1A', 'HPCA', 'ATP6V1C1', 'IGFBP3', 'PRSS1', 'LGALS3', 'COL1A1', 'MGC18216', 'NUAK1', 'USP3', 'IGHG1', 'ZFHX1B', 'AA906888', 'CTHRC1', 'NLGN1', 'AKR1C2', 'TSPAN4', 'STXBP1', 'CLSTN3', 'MVP', 'KIAA1543', 'ESM1', 'CBX6', 'LOC541471', 'VAMP2', 'CYR61', 'FBXW7', 'PARP14', 'BCL2A1', 'AA424849', 'PRG1', 'ADFP', 'ITPKA', 'R70684', 'NCF1', 'BLVRB', 'LRBA', 'RAB30', 'PPP1R14A', 'DECR2', 'PALLD', 'GAS1', 'CAMK2A', 'VEGF', 'PEG3', 'PPP3CB', 'LMO7', 'PLAU', 'L1CAM', 'PLTP', 'LYN', 'STC1', 'DNASE1L1', 'N98591', 'RAB11FIP4', 'IFI30', 'MYBPC2', 'PSD3', 'EPHB1', 'NEFH', 'NCF2', 'FAM84B', 'RPS3A', 'STK17A', 'C6orf12', 'MDFI', 'LILRA1', 'CCDC3', 'CD47', 'HCLS1', 'S100A11', 'PLOD2', 'SPAG6', 'LAPTM5', 'SRPX', 'R61377', 'ITGA3', 'TNFRSF12A', 'SERPINH1', 'LUM', 'MAL2', 'GABBR1', 'CBLN2', 'KCNQ2', 'PDLIM7', 'C16orf5', 'AI263051', 'ZNF549', 'DDIT4', 'AI335002', 'GPNMB', 'CACNB2', 'AIF1', 'AI350724', 'PDE2A', 'SLC35A2', 'NOTCH1', 'LY96', 'CD53', 'PCP4', 'AA398420', 'KIAA0963', 'AA489629', 'PYGL', 'RALY', 'KLRC3', 'CD44', 'ZNF160', 'IL32', 'FAM46A', 'IL21R', 'KCNMA1', 'MYC', 'USP6NL', 'RUNX1', 'D21S2089E', 'NR4A1', 'AEBP1', 'H20822', 'LAMA4', 'PYHIN1', 'SOCS3', 'HMOX1', 'IGF1R', 'COX6A2', 'SNCG', 'PYCR1', 'GBP2', 'RBP4', 'AA598555', 'ABCC3', 'LOC613212', 'CAPG', 'MAPKBP1', 'SORT1', 'STMN1', 'TMEM146', 'CACNB3', 'HLA.F', 'LOC400451', 'ABCA5', 'KIAA1644', 'TCF7L1', 'KLRC1', 'LOC57228', 'NPTX1', 'SNRPN', 'FZD7', 'SUV39H1', 'SBP1', 'MGC26694', 'TGFBI', 'ID4', 'TLL2', 'RPS19BP1', 'H91845', 'NPL', 'NDST1', 'CAP2', 'ARPP.19', 'EID.3', 'ADAM19', 'H78560', 'DYNLT1', 'ACAD8', 'CHI3L2', 'CSPG2', 'S100A10', 'T51726', 'HBA1', 'T62491', 'FCGR2B', 'HAMP', 'MED11', 'IMAGE.33267', 'FLJ35740', 'HPRT1', 'YWHAH', 'CCL2', 'WDR7', 'LAMB1', 'DIP2C', 'NMNAT2', 'AI005038', 'TNC', 'C4A', 'DSCR1L1', 'ZNF329', 'EFHB', 'PDPN', 'VASP', 'T97457', 'EDG3', 'AA029415', 'H41096', 'HNRNPG.T', 'PPP3CA', 'KCNK6', 'CA11', 'TSPAN6', 'C9orf48', 'EMP3', 'AA975768', 'PHLDA1', 'CALM1', 'MASP1', 'FABP3', 'PRKCB1', 'PNCK', 'ANK3', 'YWHAG', 'NY.SAR.48', 'ADARB2', 'C1R', 'CASP1', 'GBP1', 'PARD3', 'MB', 'RFXAP', 'MICAL2', 'TAP1', 'WWTR1', 'PRKAR1B', 'F13A1', 'EDNRB', 'FGF13', 'KLRC2', 'PLP2', 'SOX4', 'IL1RAP', 'AA479357', 'DEF6', 'ADM', 'UGCG', 'CLIC1', 'NLK', 'FBXO32', 'PCDHGC3', 'RND3', 'X38595', 'MDK', 'CD58', 'OSR1', 'EPB49', 'NDUFB11', 'ASPA', 'ANXA1', 'A2BP1', 'ZNF419B', 'BGN', 'IQSEC1', 'BNIP2', 'HEY1', 'PTPRZ1', 'TOMM40', 'WASF1', 'ADCY1', 'GADD45B', 'R52960', 'HLA.DRB1', 'FLJ38984', 'X37864', 'TXNDC', 'TTC23', 'DCLRE1B', 'HK2', 'CDKN1A', 'COX7A1', 'SLC15A2', 'TCTEX1D1', 'CCR1', 'GOT1', 'TSPYL1', 'KNS2', 'POSTN', 'FCGRT', 'DUS3L', 'PDE4DIP', 'MGP', 'AA490257', 'PLAUR', 'CKMT1A', 'SCN2B', 'ANXA5', 'CDKN2D', 'APOC1', 'AKR1C1', 'AA281932', 'ID3', 'AA181288', 'LOC146795', 'FN1', 'MST1', 'GPSM2', 'DMN', 'GYPA', 'EGLN2', 'BCAM', 'AI002301', 'DKFZp313A2432', 'NNMT', 'TncRNA', 'PLA2G2A', 'C1orf187', 'COL4A2', 'TNFAIP3', 'ZNF217', 'STEAP3', 'SAA2', 'PRRX1', 'RGS16', 'CDC20B', 'MSN', 'NSF', 'C8orf4', 'LOC283070', 'DES', 'AA131320', 'DDN', 'CHN1', 'MMP2', 'AA598631', 'IGF2BP3', 'TIMP1', 'PRKCZ', 'TFDP2', 'MST150', 'FBXO2', 'INPP5F', 'S100A1', 'FBL', 'PSG1', 'DDEF1', 'HLA.G', 'ITGA5', 'HSPG2', 'DLL3', 'UBE4B', 'H08563', 'ITGA9', 'H86813', 'MYCBP2', 'AP4B1', 'EXT1', 'KCNJ1', 'C1orf63', 'IGSF3', 'COL1A2', 'SCAMP5', 'COL3A1', 'PSG5', 'URP2', 'AI262682', 'RBP7', 'FBXL16', 'FREQ', 'SPARC', 'TIMP3', 'PDXP', 'APOC2']}, {'PCs': 43, <COParams.SEND_PROJ: ('Send projections', False)>: False, 'Row names': ['LHFPL2', 'MOAP1', 'PRSS3', 'COL9A2', 'MGC42367', 'H10054', 'MRC2', 'HBXIP', 'LOC389831', 'GYPC', 'ZNF226', 'AI357047', 'SERPINI1', 'EDG1', 'TBC1D7', 'RAB27B', 'AA669383', 'AA401952', 'CA12', 'SERPING1', 'RAB20', 'TMEM49', 'PRKCG', 'HLA.A', 'MGC39606', 'FAS', 'SYNGR3', 'SYT7', 'DPYD', 'H24428', 'CLCA3', 'LOC283130', 'CEAL1', 'SERPINA3', 'VSNL1', 'LOC388610', 'AI822135', 'MTHFD2', 'SLC16A3', 'UBA52', 'AI871056', 'COL6A2', 'IGFBP5', 'SVIL', 'RTN3', 'MSTP9', 'CAV1', 'CLTB', 'SPINT2', 'ZNF233', 'SETD5', 'NPC2', 'FAM84A', 'W93688', 'SP100', 'LTF', 'CYBA', 'CAMKK2', 'LSP1', 'L3MBTL4', 'R70506', 'APCS', 'OSBPL1A', 'HPCA', 'ATP6V1C1', 'IGFBP3', 'PRSS1', 'LGALS3', 'COL1A1', 'MGC18216', 'NUAK1', 'USP3', 'IGHG1', 'ZFHX1B', 'AA906888', 'CTHRC1', 'NLGN1', 'AKR1C2', 'TSPAN4', 'STXBP1', 'CLSTN3', 'MVP', 'KIAA1543', 'ESM1', 'CBX6', 'LOC541471', 'VAMP2', 'CYR61', 'FBXW7', 'PARP14', 'BCL2A1', 'AA424849', 'PRG1', 'ADFP', 'ITPKA', 'R70684', 'NCF1', 'BLVRB', 'LRBA', 'RAB30', 'PPP1R14A', 'DECR2', 'PALLD', 'GAS1', 'CAMK2A', 'VEGF', 'PEG3', 'PPP3CB', 'LMO7', 'PLAU', 'L1CAM', 'PLTP', 'LYN', 'STC1', 'DNASE1L1', 'N98591', 'RAB11FIP4', 'IFI30', 'MYBPC2', 'PSD3', 'EPHB1', 'NEFH', 'NCF2', 'FAM84B', 'RPS3A', 'STK17A', 'C6orf12', 'MDFI', 'LILRA1', 'CCDC3', 'CD47', 'HCLS1', 'S100A11', 'PLOD2', 'SPAG6', 'LAPTM5', 'SRPX', 'R61377', 'ITGA3', 'TNFRSF12A', 'SERPINH1', 'LUM', 'MAL2', 'GABBR1', 'CBLN2', 'KCNQ2', 'PDLIM7', 'C16orf5', 'AI263051', 'ZNF549', 'DDIT4', 'AI335002', 'GPNMB', 'CACNB2', 'AIF1', 'AI350724', 'PDE2A', 'SLC35A2', 'NOTCH1', 'LY96', 'CD53', 'PCP4', 'AA398420', 'KIAA0963', 'AA489629', 'PYGL', 'RALY', 'KLRC3', 'CD44', 'ZNF160', 'IL32', 'FAM46A', 'IL21R', 'KCNMA1', 'MYC', 'USP6NL', 'RUNX1', 'D21S2089E', 'NR4A1', 'AEBP1', 'H20822', 'LAMA4', 'PYHIN1', 'SOCS3', 'HMOX1', 'IGF1R', 'COX6A2', 'SNCG', 'PYCR1', 'GBP2', 'RBP4', 'AA598555', 'ABCC3', 'LOC613212', 'CAPG', 'MAPKBP1', 'SORT1', 'STMN1', 'TMEM146', 'CACNB3', 'HLA.F', 'LOC400451', 'ABCA5', 'KIAA1644', 'TCF7L1', 'KLRC1', 'LOC57228', 'NPTX1', 'SNRPN', 'FZD7', 'SUV39H1', 'SBP1', 'MGC26694', 'TGFBI', 'ID4', 'TLL2', 'RPS19BP1', 'H91845', 'NPL', 'NDST1', 'CAP2', 'ARPP.19', 'EID.3', 'ADAM19', 'H78560', 'DYNLT1', 'ACAD8', 'CHI3L2', 'CSPG2', 'S100A10', 'T51726', 'HBA1', 'T62491', 'FCGR2B', 'HAMP', 'MED11', 'IMAGE.33267', 'FLJ35740', 'HPRT1', 'YWHAH', 'CCL2', 'WDR7', 'LAMB1', 'DIP2C', 'NMNAT2', 'AI005038', 'TNC', 'C4A', 'DSCR1L1', 'ZNF329', 'EFHB', 'PDPN', 'VASP', 'T97457', 'EDG3', 'AA029415', 'H41096', 'HNRNPG.T', 'PPP3CA', 'KCNK6', 'CA11', 'TSPAN6', 'C9orf48', 'EMP3', 'AA975768', 'PHLDA1', 'CALM1', 'MASP1', 'FABP3', 'PRKCB1', 'PNCK', 'ANK3', 'YWHAG', 'NY.SAR.48', 'ADARB2', 'C1R', 'CASP1', 'GBP1', 'PARD3', 'MB', 'RFXAP', 'MICAL2', 'TAP1', 'WWTR1', 'PRKAR1B', 'F13A1', 'EDNRB', 'FGF13', 'KLRC2', 'PLP2', 'SOX4', 'IL1RAP', 'AA479357', 'DEF6', 'ADM', 'UGCG', 'CLIC1', 'NLK', 'FBXO32', 'PCDHGC3', 'RND3', 'X38595', 'MDK', 'CD58', 'OSR1', 'EPB49', 'NDUFB11', 'ASPA', 'ANXA1', 'A2BP1', 'ZNF419B', 'BGN', 'IQSEC1', 'BNIP2', 'HEY1', 'PTPRZ1', 'TOMM40', 'WASF1', 'ADCY1', 'GADD45B', 'R52960', 'HLA.DRB1', 'FLJ38984', 'X37864', 'TXNDC', 'TTC23', 'DCLRE1B', 'HK2', 'CDKN1A', 'COX7A1', 'SLC15A2', 'TCTEX1D1', 'CCR1', 'GOT1', 'TSPYL1', 'KNS2', 'POSTN', 'FCGRT', 'DUS3L', 'PDE4DIP', 'MGP', 'AA490257', 'PLAUR', 'CKMT1A', 'SCN2B', 'ANXA5', 'CDKN2D', 'APOC1', 'AKR1C1', 'AA281932', 'ID3', 'AA181288', 'LOC146795', 'FN1', 'MST1', 'GPSM2', 'DMN', 'GYPA', 'EGLN2', 'BCAM', 'AI002301', 'DKFZp313A2432', 'NNMT', 'TncRNA', 'PLA2G2A', 'C1orf187', 'COL4A2', 'TNFAIP3', 'ZNF217', 'STEAP3', 'SAA2', 'PRRX1', 'RGS16', 'CDC20B', 'MSN', 'NSF', 'C8orf4', 'LOC283070', 'DES', 'AA131320', 'DDN', 'CHN1', 'MMP2', 'AA598631', 'IGF2BP3', 'TIMP1', 'PRKCZ', 'TFDP2', 'MST150', 'FBXO2', 'INPP5F', 'S100A1', 'FBL', 'PSG1', 'DDEF1', 'HLA.G', 'ITGA5', 'HSPG2', 'DLL3', 'UBE4B', 'H08563', 'ITGA9', 'H86813', 'MYCBP2', 'AP4B1', 'EXT1', 'KCNJ1', 'C1orf63', 'IGSF3', 'COL1A2', 'SCAMP5', 'COL3A1', 'PSG5', 'URP2', 'AI262682', 'RBP7', 'FBXL16', 'FREQ', 'SPARC', 'TIMP3', 'PDXP', 'APOC2']}]
INCOMING
{'PCs': 43, <COParams.SEND_PROJ: ('Send projections', False)>: False, 'Row names': ['LHFPL2', 'MOAP1', 'PRSS3', 'COL9A2', 'MGC42367', 'H10054', 'MRC2', 'HBXIP', 'LOC389831', 'GYPC', 'ZNF226', 'AI357047', 'SERPINI1', 'EDG1', 'TBC1D7', 'RAB27B', 'AA669383', 'AA401952', 'CA12', 'SERPING1', 'RAB20', 'TMEM49', 'PRKCG', 'HLA.A', 'MGC39606', 'FAS', 'SYNGR3', 'SYT7', 'DPYD', 'H24428', 'CLCA3', 'LOC283130', 'CEAL1', 'SERPINA3', 'VSNL1', 'LOC388610', 'AI822135', 'MTHFD2', 'SLC16A3', 'UBA52', 'AI871056', 'COL6A2', 'IGFBP5', 'SVIL', 'RTN3', 'MSTP9', 'CAV1', 'CLTB', 'SPINT2', 'ZNF233', 'SETD5', 'NPC2', 'FAM84A', 'W93688', 'SP100', 'LTF', 'CYBA', 'CAMKK2', 'LSP1', 'L3MBTL4', 'R70506', 'APCS', 'OSBPL1A', 'HPCA', 'ATP6V1C1', 'IGFBP3', 'PRSS1', 'LGALS3', 'COL1A1', 'MGC18216', 'NUAK1', 'USP3', 'IGHG1', 'ZFHX1B', 'AA906888', 'CTHRC1', 'NLGN1', 'AKR1C2', 'TSPAN4', 'STXBP1', 'CLSTN3', 'MVP', 'KIAA1543', 'ESM1', 'CBX6', 'LOC541471', 'VAMP2', 'CYR61', 'FBXW7', 'PARP14', 'BCL2A1', 'AA424849', 'PRG1', 'ADFP', 'ITPKA', 'R70684', 'NCF1', 'BLVRB', 'LRBA', 'RAB30', 'PPP1R14A', 'DECR2', 'PALLD', 'GAS1', 'CAMK2A', 'VEGF', 'PEG3', 'PPP3CB', 'LMO7', 'PLAU', 'L1CAM', 'PLTP', 'LYN', 'STC1', 'DNASE1L1', 'N98591', 'RAB11FIP4', 'IFI30', 'MYBPC2', 'PSD3', 'EPHB1', 'NEFH', 'NCF2', 'FAM84B', 'RPS3A', 'STK17A', 'C6orf12', 'MDFI', 'LILRA1', 'CCDC3', 'CD47', 'HCLS1', 'S100A11', 'PLOD2', 'SPAG6', 'LAPTM5', 'SRPX', 'R61377', 'ITGA3', 'TNFRSF12A', 'SERPINH1', 'LUM', 'MAL2', 'GABBR1', 'CBLN2', 'KCNQ2', 'PDLIM7', 'C16orf5', 'AI263051', 'ZNF549', 'DDIT4', 'AI335002', 'GPNMB', 'CACNB2', 'AIF1', 'AI350724', 'PDE2A', 'SLC35A2', 'NOTCH1', 'LY96', 'CD53', 'PCP4', 'AA398420', 'KIAA0963', 'AA489629', 'PYGL', 'RALY', 'KLRC3', 'CD44', 'ZNF160', 'IL32', 'FAM46A', 'IL21R', 'KCNMA1', 'MYC', 'USP6NL', 'RUNX1', 'D21S2089E', 'NR4A1', 'AEBP1', 'H20822', 'LAMA4', 'PYHIN1', 'SOCS3', 'HMOX1', 'IGF1R', 'COX6A2', 'SNCG', 'PYCR1', 'GBP2', 'RBP4', 'AA598555', 'ABCC3', 'LOC613212', 'CAPG', 'MAPKBP1', 'SORT1', 'STMN1', 'TMEM146', 'CACNB3', 'HLA.F', 'LOC400451', 'ABCA5', 'KIAA1644', 'TCF7L1', 'KLRC1', 'LOC57228', 'NPTX1', 'SNRPN', 'FZD7', 'SUV39H1', 'SBP1', 'MGC26694', 'TGFBI', 'ID4', 'TLL2', 'RPS19BP1', 'H91845', 'NPL', 'NDST1', 'CAP2', 'ARPP.19', 'EID.3', 'ADAM19', 'H78560', 'DYNLT1', 'ACAD8', 'CHI3L2', 'CSPG2', 'S100A10', 'T51726', 'HBA1', 'T62491', 'FCGR2B', 'HAMP', 'MED11', 'IMAGE.33267', 'FLJ35740', 'HPRT1', 'YWHAH', 'CCL2', 'WDR7', 'LAMB1', 'DIP2C', 'NMNAT2', 'AI005038', 'TNC', 'C4A', 'DSCR1L1', 'ZNF329', 'EFHB', 'PDPN', 'VASP', 'T97457', 'EDG3', 'AA029415', 'H41096', 'HNRNPG.T', 'PPP3CA', 'KCNK6', 'CA11', 'TSPAN6', 'C9orf48', 'EMP3', 'AA975768', 'PHLDA1', 'CALM1', 'MASP1', 'FABP3', 'PRKCB1', 'PNCK', 'ANK3', 'YWHAG', 'NY.SAR.48', 'ADARB2', 'C1R', 'CASP1', 'GBP1', 'PARD3', 'MB', 'RFXAP', 'MICAL2', 'TAP1', 'WWTR1', 'PRKAR1B', 'F13A1', 'EDNRB', 'FGF13', 'KLRC2', 'PLP2', 'SOX4', 'IL1RAP', 'AA479357', 'DEF6', 'ADM', 'UGCG', 'CLIC1', 'NLK', 'FBXO32', 'PCDHGC3', 'RND3', 'X38595', 'MDK', 'CD58', 'OSR1', 'EPB49', 'NDUFB11', 'ASPA', 'ANXA1', 'A2BP1', 'ZNF419B', 'BGN', 'IQSEC1', 'BNIP2', 'HEY1', 'PTPRZ1', 'TOMM40', 'WASF1', 'ADCY1', 'GADD45B', 'R52960', 'HLA.DRB1', 'FLJ38984', 'X37864', 'TXNDC', 'TTC23', 'DCLRE1B', 'HK2', 'CDKN1A', 'COX7A1', 'SLC15A2', 'TCTEX1D1', 'CCR1', 'GOT1', 'TSPYL1', 'KNS2', 'POSTN', 'FCGRT', 'DUS3L', 'PDE4DIP', 'MGP', 'AA490257', 'PLAUR', 'CKMT1A', 'SCN2B', 'ANXA5', 'CDKN2D', 'APOC1', 'AKR1C1', 'AA281932', 'ID3', 'AA181288', 'LOC146795', 'FN1', 'MST1', 'GPSM2', 'DMN', 'GYPA', 'EGLN2', 'BCAM', 'AI002301', 'DKFZp313A2432', 'NNMT', 'TncRNA', 'PLA2G2A', 'C1orf187', 'COL4A2', 'TNFAIP3', 'ZNF217', 'STEAP3', 'SAA2', 'PRRX1', 'RGS16', 'CDC20B', 'MSN', 'NSF', 'C8orf4', 'LOC283070', 'DES', 'AA131320', 'DDN', 'CHN1', 'MMP2', 'AA598631', 'IGF2BP3', 'TIMP1', 'PRKCZ', 'TFDP2', 'MST150', 'FBXO2', 'INPP5F', 'S100A1', 'FBL', 'PSG1', 'DDEF1', 'HLA.G', 'ITGA5', 'HSPG2', 'DLL3', 'UBE4B', 'H08563', 'ITGA9', 'H86813', 'MYCBP2', 'AP4B1', 'EXT1', 'KCNJ1', 'C1orf63', 'IGSF3', 'COL1A2', 'SCAMP5', 'COL3A1', 'PSG5', 'URP2', 'AI262682', 'RBP7', 'FBXL16', 'FREQ', 'SPARC', 'TIMP3', 'PDXP', 'APOC2']}
K
[43, 43]
incoming[COParams.PCS.n]
43
INCOMING
{'PCs': 43, <COParams.SEND_PROJ: ('Send projections', False)>: False, 'Row names': ['LHFPL2', 'MOAP1', 'PRSS3', 'COL9A2', 'MGC42367', 'H10054', 'MRC2', 'HBXIP', 'LOC389831', 'GYPC', 'ZNF226', 'AI357047', 'SERPINI1', 'EDG1', 'TBC1D7', 'RAB27B', 'AA669383', 'AA401952', 'CA12', 'SERPING1', 'RAB20', 'TMEM49', 'PRKCG', 'HLA.A', 'MGC39606', 'FAS', 'SYNGR3', 'SYT7', 'DPYD', 'H24428', 'CLCA3', 'LOC283130', 'CEAL1', 'SERPINA3', 'VSNL1', 'LOC388610', 'AI822135', 'MTHFD2', 'SLC16A3', 'UBA52', 'AI871056', 'COL6A2', 'IGFBP5', 'SVIL', 'RTN3', 'MSTP9', 'CAV1', 'CLTB', 'SPINT2', 'ZNF233', 'SETD5', 'NPC2', 'FAM84A', 'W93688', 'SP100', 'LTF', 'CYBA', 'CAMKK2', 'LSP1', 'L3MBTL4', 'R70506', 'APCS', 'OSBPL1A', 'HPCA', 'ATP6V1C1', 'IGFBP3', 'PRSS1', 'LGALS3', 'COL1A1', 'MGC18216', 'NUAK1', 'USP3', 'IGHG1', 'ZFHX1B', 'AA906888', 'CTHRC1', 'NLGN1', 'AKR1C2', 'TSPAN4', 'STXBP1', 'CLSTN3', 'MVP', 'KIAA1543', 'ESM1', 'CBX6', 'LOC541471', 'VAMP2', 'CYR61', 'FBXW7', 'PARP14', 'BCL2A1', 'AA424849', 'PRG1', 'ADFP', 'ITPKA', 'R70684', 'NCF1', 'BLVRB', 'LRBA', 'RAB30', 'PPP1R14A', 'DECR2', 'PALLD', 'GAS1', 'CAMK2A', 'VEGF', 'PEG3', 'PPP3CB', 'LMO7', 'PLAU', 'L1CAM', 'PLTP', 'LYN', 'STC1', 'DNASE1L1', 'N98591', 'RAB11FIP4', 'IFI30', 'MYBPC2', 'PSD3', 'EPHB1', 'NEFH', 'NCF2', 'FAM84B', 'RPS3A', 'STK17A', 'C6orf12', 'MDFI', 'LILRA1', 'CCDC3', 'CD47', 'HCLS1', 'S100A11', 'PLOD2', 'SPAG6', 'LAPTM5', 'SRPX', 'R61377', 'ITGA3', 'TNFRSF12A', 'SERPINH1', 'LUM', 'MAL2', 'GABBR1', 'CBLN2', 'KCNQ2', 'PDLIM7', 'C16orf5', 'AI263051', 'ZNF549', 'DDIT4', 'AI335002', 'GPNMB', 'CACNB2', 'AIF1', 'AI350724', 'PDE2A', 'SLC35A2', 'NOTCH1', 'LY96', 'CD53', 'PCP4', 'AA398420', 'KIAA0963', 'AA489629', 'PYGL', 'RALY', 'KLRC3', 'CD44', 'ZNF160', 'IL32', 'FAM46A', 'IL21R', 'KCNMA1', 'MYC', 'USP6NL', 'RUNX1', 'D21S2089E', 'NR4A1', 'AEBP1', 'H20822', 'LAMA4', 'PYHIN1', 'SOCS3', 'HMOX1', 'IGF1R', 'COX6A2', 'SNCG', 'PYCR1', 'GBP2', 'RBP4', 'AA598555', 'ABCC3', 'LOC613212', 'CAPG', 'MAPKBP1', 'SORT1', 'STMN1', 'TMEM146', 'CACNB3', 'HLA.F', 'LOC400451', 'ABCA5', 'KIAA1644', 'TCF7L1', 'KLRC1', 'LOC57228', 'NPTX1', 'SNRPN', 'FZD7', 'SUV39H1', 'SBP1', 'MGC26694', 'TGFBI', 'ID4', 'TLL2', 'RPS19BP1', 'H91845', 'NPL', 'NDST1', 'CAP2', 'ARPP.19', 'EID.3', 'ADAM19', 'H78560', 'DYNLT1', 'ACAD8', 'CHI3L2', 'CSPG2', 'S100A10', 'T51726', 'HBA1', 'T62491', 'FCGR2B', 'HAMP', 'MED11', 'IMAGE.33267', 'FLJ35740', 'HPRT1', 'YWHAH', 'CCL2', 'WDR7', 'LAMB1', 'DIP2C', 'NMNAT2', 'AI005038', 'TNC', 'C4A', 'DSCR1L1', 'ZNF329', 'EFHB', 'PDPN', 'VASP', 'T97457', 'EDG3', 'AA029415', 'H41096', 'HNRNPG.T', 'PPP3CA', 'KCNK6', 'CA11', 'TSPAN6', 'C9orf48', 'EMP3', 'AA975768', 'PHLDA1', 'CALM1', 'MASP1', 'FABP3', 'PRKCB1', 'PNCK', 'ANK3', 'YWHAG', 'NY.SAR.48', 'ADARB2', 'C1R', 'CASP1', 'GBP1', 'PARD3', 'MB', 'RFXAP', 'MICAL2', 'TAP1', 'WWTR1', 'PRKAR1B', 'F13A1', 'EDNRB', 'FGF13', 'KLRC2', 'PLP2', 'SOX4', 'IL1RAP', 'AA479357', 'DEF6', 'ADM', 'UGCG', 'CLIC1', 'NLK', 'FBXO32', 'PCDHGC3', 'RND3', 'X38595', 'MDK', 'CD58', 'OSR1', 'EPB49', 'NDUFB11', 'ASPA', 'ANXA1', 'A2BP1', 'ZNF419B', 'BGN', 'IQSEC1', 'BNIP2', 'HEY1', 'PTPRZ1', 'TOMM40', 'WASF1', 'ADCY1', 'GADD45B', 'R52960', 'HLA.DRB1', 'FLJ38984', 'X37864', 'TXNDC', 'TTC23', 'DCLRE1B', 'HK2', 'CDKN1A', 'COX7A1', 'SLC15A2', 'TCTEX1D1', 'CCR1', 'GOT1', 'TSPYL1', 'KNS2', 'POSTN', 'FCGRT', 'DUS3L', 'PDE4DIP', 'MGP', 'AA490257', 'PLAUR', 'CKMT1A', 'SCN2B', 'ANXA5', 'CDKN2D', 'APOC1', 'AKR1C1', 'AA281932', 'ID3', 'AA181288', 'LOC146795', 'FN1', 'MST1', 'GPSM2', 'DMN', 'GYPA', 'EGLN2', 'BCAM', 'AI002301', 'DKFZp313A2432', 'NNMT', 'TncRNA', 'PLA2G2A', 'C1orf187', 'COL4A2', 'TNFAIP3', 'ZNF217', 'STEAP3', 'SAA2', 'PRRX1', 'RGS16', 'CDC20B', 'MSN', 'NSF', 'C8orf4', 'LOC283070', 'DES', 'AA131320', 'DDN', 'CHN1', 'MMP2', 'AA598631', 'IGF2BP3', 'TIMP1', 'PRKCZ', 'TFDP2', 'MST150', 'FBXO2', 'INPP5F', 'S100A1', 'FBL', 'PSG1', 'DDEF1', 'HLA.G', 'ITGA5', 'HSPG2', 'DLL3', 'UBE4B', 'H08563', 'ITGA9', 'H86813', 'MYCBP2', 'AP4B1', 'EXT1', 'KCNJ1', 'C1orf63', 'IGSF3', 'COL1A2', 'SCAMP5', 'COL3A1', 'PSG5', 'URP2', 'AI262682', 'RBP7', 'FBXL16', 'FREQ', 'SPARC', 'TIMP3', 'PDXP', 'APOC2']}
K
[43, 43]
incoming[COParams.PCS.n]
43
['LHFPL2', 'MOAP1', 'PRSS3', 'COL9A2', 'MGC42367', 'H10054', 'MRC2', 'HBXIP', 'LOC389831', 'GYPC', 'ZNF226', 'AI357047', 'SERPINI1', 'EDG1', 'TBC1D7', 'RAB27B', 'AA669383', 'AA401952', 'CA12', 'SERPING1', 'RAB20', 'TMEM49', 'PRKCG', 'HLA.A', 'MGC39606', 'FAS', 'SYNGR3', 'SYT7', 'DPYD', 'H24428', 'CLCA3', 'LOC283130', 'CEAL1', 'SERPINA3', 'VSNL1', 'LOC388610', 'AI822135', 'MTHFD2', 'SLC16A3', 'UBA52', 'AI871056', 'COL6A2', 'IGFBP5', 'SVIL', 'RTN3', 'MSTP9', 'CAV1', 'CLTB', 'SPINT2', 'ZNF233', 'SETD5', 'NPC2', 'FAM84A', 'W93688', 'SP100', 'LTF', 'CYBA', 'CAMKK2', 'LSP1', 'L3MBTL4', 'R70506', 'APCS', 'OSBPL1A', 'HPCA', 'ATP6V1C1', 'IGFBP3', 'PRSS1', 'LGALS3', 'COL1A1', 'MGC18216', 'NUAK1', 'USP3', 'IGHG1', 'ZFHX1B', 'AA906888', 'CTHRC1', 'NLGN1', 'AKR1C2', 'TSPAN4', 'STXBP1', 'CLSTN3', 'MVP', 'KIAA1543', 'ESM1', 'CBX6', 'LOC541471', 'VAMP2', 'CYR61', 'FBXW7', 'PARP14', 'BCL2A1', 'AA424849', 'PRG1', 'ADFP', 'ITPKA', 'R70684', 'NCF1', 'BLVRB', 'LRBA', 'RAB30', 'PPP1R14A', 'DECR2', 'PALLD', 'GAS1', 'CAMK2A', 'VEGF', 'PEG3', 'PPP3CB', 'LMO7', 'PLAU', 'L1CAM', 'PLTP', 'LYN', 'STC1', 'DNASE1L1', 'N98591', 'RAB11FIP4', 'IFI30', 'MYBPC2', 'PSD3', 'EPHB1', 'NEFH', 'NCF2', 'FAM84B', 'RPS3A', 'STK17A', 'C6orf12', 'MDFI', 'LILRA1', 'CCDC3', 'CD47', 'HCLS1', 'S100A11', 'PLOD2', 'SPAG6', 'LAPTM5', 'SRPX', 'R61377', 'ITGA3', 'TNFRSF12A', 'SERPINH1', 'LUM', 'MAL2', 'GABBR1', 'CBLN2', 'KCNQ2', 'PDLIM7', 'C16orf5', 'AI263051', 'ZNF549', 'DDIT4', 'AI335002', 'GPNMB', 'CACNB2', 'AIF1', 'AI350724', 'PDE2A', 'SLC35A2', 'NOTCH1', 'LY96', 'CD53', 'PCP4', 'AA398420', 'KIAA0963', 'AA489629', 'PYGL', 'RALY', 'KLRC3', 'CD44', 'ZNF160', 'IL32', 'FAM46A', 'IL21R', 'KCNMA1', 'MYC', 'USP6NL', 'RUNX1', 'D21S2089E', 'NR4A1', 'AEBP1', 'H20822', 'LAMA4', 'PYHIN1', 'SOCS3', 'HMOX1', 'IGF1R', 'COX6A2', 'SNCG', 'PYCR1', 'GBP2', 'RBP4', 'AA598555', 'ABCC3', 'LOC613212', 'CAPG', 'MAPKBP1', 'SORT1', 'STMN1', 'TMEM146', 'CACNB3', 'HLA.F', 'LOC400451', 'ABCA5', 'KIAA1644', 'TCF7L1', 'KLRC1', 'LOC57228', 'NPTX1', 'SNRPN', 'FZD7', 'SUV39H1', 'SBP1', 'MGC26694', 'TGFBI', 'ID4', 'TLL2', 'RPS19BP1', 'H91845', 'NPL', 'NDST1', 'CAP2', 'ARPP.19', 'EID.3', 'ADAM19', 'H78560', 'DYNLT1', 'ACAD8', 'CHI3L2', 'CSPG2', 'S100A10', 'T51726', 'HBA1', 'T62491', 'FCGR2B', 'HAMP', 'MED11', 'IMAGE.33267', 'FLJ35740', 'HPRT1', 'YWHAH', 'CCL2', 'WDR7', 'LAMB1', 'DIP2C', 'NMNAT2', 'AI005038', 'TNC', 'C4A', 'DSCR1L1', 'ZNF329', 'EFHB', 'PDPN', 'VASP', 'T97457', 'EDG3', 'AA029415', 'H41096', 'HNRNPG.T', 'PPP3CA', 'KCNK6', 'CA11', 'TSPAN6', 'C9orf48', 'EMP3', 'AA975768', 'PHLDA1', 'CALM1', 'MASP1', 'FABP3', 'PRKCB1', 'PNCK', 'ANK3', 'YWHAG', 'NY.SAR.48', 'ADARB2', 'C1R', 'CASP1', 'GBP1', 'PARD3', 'MB', 'RFXAP', 'MICAL2', 'TAP1', 'WWTR1', 'PRKAR1B', 'F13A1', 'EDNRB', 'FGF13', 'KLRC2', 'PLP2', 'SOX4', 'IL1RAP', 'AA479357', 'DEF6', 'ADM', 'UGCG', 'CLIC1', 'NLK', 'FBXO32', 'PCDHGC3', 'RND3', 'X38595', 'MDK', 'CD58', 'OSR1', 'EPB49', 'NDUFB11', 'ASPA', 'ANXA1', 'A2BP1', 'ZNF419B', 'BGN', 'IQSEC1', 'BNIP2', 'HEY1', 'PTPRZ1', 'TOMM40', 'WASF1', 'ADCY1', 'GADD45B', 'R52960', 'HLA.DRB1', 'FLJ38984', 'X37864', 'TXNDC', 'TTC23', 'DCLRE1B', 'HK2', 'CDKN1A', 'COX7A1', 'SLC15A2', 'TCTEX1D1', 'CCR1', 'GOT1', 'TSPYL1', 'KNS2', 'POSTN', 'FCGRT', 'DUS3L', 'PDE4DIP', 'MGP', 'AA490257', 'PLAUR', 'CKMT1A', 'SCN2B', 'ANXA5', 'CDKN2D', 'APOC1', 'AKR1C1', 'AA281932', 'ID3', 'AA181288', 'LOC146795', 'FN1', 'MST1', 'GPSM2', 'DMN', 'GYPA', 'EGLN2', 'BCAM', 'AI002301', 'DKFZp313A2432', 'NNMT', 'TncRNA', 'PLA2G2A', 'C1orf187', 'COL4A2', 'TNFAIP3', 'ZNF217', 'STEAP3', 'SAA2', 'PRRX1', 'RGS16', 'CDC20B', 'MSN', 'NSF', 'C8orf4', 'LOC283070', 'DES', 'AA131320', 'DDN', 'CHN1', 'MMP2', 'AA598631', 'IGF2BP3', 'TIMP1', 'PRKCZ', 'TFDP2', 'MST150', 'FBXO2', 'INPP5F', 'S100A1', 'FBL', 'PSG1', 'DDEF1', 'HLA.G', 'ITGA5', 'HSPG2', 'DLL3', 'UBE4B', 'H08563', 'ITGA9', 'H86813', 'MYCBP2', 'AP4B1', 'EXT1', 'KCNJ1', 'C1orf63', 'IGSF3', 'COL1A2', 'SCAMP5', 'COL3A1', 'PSG5', 'URP2', 'AI262682', 'RBP7', 'FBXL16', 'FREQ', 'SPARC', 'TIMP3', 'PDXP', 'APOC2']
INDEX
[108, 169, 317, 197, 40, 401, 130, 23, 235, 263, 24, 207, 347, 25, 129, 151, 270, 386, 110, 173, 389, 140, 416, 217, 3, 306, 372, 405, 223, 279, 17, 414, 19, 198, 313, 203, 225, 176, 142, 93, 204, 159, 219, 2, 75, 230, 399, 214, 314, 58, 91, 364, 382, 255, 208, 232, 355, 295, 211, 222, 177, 287, 294, 384, 105, 115, 368, 113, 102, 35, 307, 256, 381, 400, 193, 385, 154, 9, 330, 206, 271, 273, 22, 390, 150, 79, 147, 370, 376, 407, 343, 391, 418, 227, 290, 398, 351, 65, 46, 239, 420, 135, 397, 388, 286, 100, 139, 78, 226, 184, 296, 318, 395, 167, 308, 419, 282, 104, 67, 106, 191, 186, 316, 96, 183, 415, 335, 394, 47, 8, 103, 209, 90, 268, 6, 326, 380, 185, 373, 71, 143, 378, 333, 146, 337, 277, 253, 155, 359, 29, 293, 215, 309, 16, 365, 367, 121, 299, 237, 248, 283, 379, 83, 280, 180, 243, 97, 116, 305, 45, 247, 275, 284, 228, 264, 15, 107, 42, 392, 157, 224, 289, 297, 85, 175, 52, 59, 218, 220, 338, 292, 354, 221, 98, 72, 170, 26, 187, 55, 172, 366, 156, 131, 153, 132, 118, 137, 422, 244, 411, 163, 39, 210, 358, 171, 53, 162, 298, 119, 402, 319, 120, 20, 375, 80, 387, 13, 87, 148, 325, 371, 310, 311, 240, 304, 406, 84, 201, 288, 344, 274, 126, 320, 1, 145, 301, 165, 241, 334, 38, 262, 86, 12, 92, 321, 199, 383, 43, 112, 56, 352, 258, 109, 74, 236, 260, 251, 88, 141, 339, 125, 349, 213, 353, 4, 189, 252, 246, 5, 238, 164, 408, 357, 190, 212, 340, 111, 205, 117, 89, 196, 328, 231, 254, 144, 346, 99, 348, 37, 229, 174, 257, 272, 133, 41, 393, 61, 81, 179, 216, 31, 70, 362, 410, 160, 302, 360, 149, 303, 412, 342, 417, 242, 127, 396, 62, 28, 291, 259, 18, 421, 10, 332, 261, 95, 245, 267, 300, 21, 323, 423, 234, 124, 278, 404, 192, 269, 51, 7, 101, 356, 249, 195, 202, 134, 50, 33, 11, 48, 49, 350, 166, 128, 409, 276, 361, 122, 266, 233, 114, 369, 327, 76, 265, 68, 281, 315, 27, 363, 136, 336, 374, 324, 377, 250, 82, 200, 57, 138, 312, 322, 341, 413, 66, 32, 329, 77, 161, 94, 60, 69, 331, 181, 73, 44, 0, 34, 14, 64, 158, 182, 152, 36, 285, 194, 63, 188, 345, 403, 123, 168, 178]
['LHFPL2', 'MOAP1', 'PRSS3', 'COL9A2', 'MGC42367', 'H10054', 'MRC2', 'HBXIP', 'LOC389831', 'GYPC', 'ZNF226', 'AI357047', 'SERPINI1', 'EDG1', 'TBC1D7', 'RAB27B', 'AA669383', 'AA401952', 'CA12', 'SERPING1', 'RAB20', 'TMEM49', 'PRKCG', 'HLA.A', 'MGC39606', 'FAS', 'SYNGR3', 'SYT7', 'DPYD', 'H24428', 'CLCA3', 'LOC283130', 'CEAL1', 'SERPINA3', 'VSNL1', 'LOC388610', 'AI822135', 'MTHFD2', 'SLC16A3', 'UBA52', 'AI871056', 'COL6A2', 'IGFBP5', 'SVIL', 'RTN3', 'MSTP9', 'CAV1', 'CLTB', 'SPINT2', 'ZNF233', 'SETD5', 'NPC2', 'FAM84A', 'W93688', 'SP100', 'LTF', 'CYBA', 'CAMKK2', 'LSP1', 'L3MBTL4', 'R70506', 'APCS', 'OSBPL1A', 'HPCA', 'ATP6V1C1', 'IGFBP3', 'PRSS1', 'LGALS3', 'COL1A1', 'MGC18216', 'NUAK1', 'USP3', 'IGHG1', 'ZFHX1B', 'AA906888', 'CTHRC1', 'NLGN1', 'AKR1C2', 'TSPAN4', 'STXBP1', 'CLSTN3', 'MVP', 'KIAA1543', 'ESM1', 'CBX6', 'LOC541471', 'VAMP2', 'CYR61', 'FBXW7', 'PARP14', 'BCL2A1', 'AA424849', 'PRG1', 'ADFP', 'ITPKA', 'R70684', 'NCF1', 'BLVRB', 'LRBA', 'RAB30', 'PPP1R14A', 'DECR2', 'PALLD', 'GAS1', 'CAMK2A', 'VEGF', 'PEG3', 'PPP3CB', 'LMO7', 'PLAU', 'L1CAM', 'PLTP', 'LYN', 'STC1', 'DNASE1L1', 'N98591', 'RAB11FIP4', 'IFI30', 'MYBPC2', 'PSD3', 'EPHB1', 'NEFH', 'NCF2', 'FAM84B', 'RPS3A', 'STK17A', 'C6orf12', 'MDFI', 'LILRA1', 'CCDC3', 'CD47', 'HCLS1', 'S100A11', 'PLOD2', 'SPAG6', 'LAPTM5', 'SRPX', 'R61377', 'ITGA3', 'TNFRSF12A', 'SERPINH1', 'LUM', 'MAL2', 'GABBR1', 'CBLN2', 'KCNQ2', 'PDLIM7', 'C16orf5', 'AI263051', 'ZNF549', 'DDIT4', 'AI335002', 'GPNMB', 'CACNB2', 'AIF1', 'AI350724', 'PDE2A', 'SLC35A2', 'NOTCH1', 'LY96', 'CD53', 'PCP4', 'AA398420', 'KIAA0963', 'AA489629', 'PYGL', 'RALY', 'KLRC3', 'CD44', 'ZNF160', 'IL32', 'FAM46A', 'IL21R', 'KCNMA1', 'MYC', 'USP6NL', 'RUNX1', 'D21S2089E', 'NR4A1', 'AEBP1', 'H20822', 'LAMA4', 'PYHIN1', 'SOCS3', 'HMOX1', 'IGF1R', 'COX6A2', 'SNCG', 'PYCR1', 'GBP2', 'RBP4', 'AA598555', 'ABCC3', 'LOC613212', 'CAPG', 'MAPKBP1', 'SORT1', 'STMN1', 'TMEM146', 'CACNB3', 'HLA.F', 'LOC400451', 'ABCA5', 'KIAA1644', 'TCF7L1', 'KLRC1', 'LOC57228', 'NPTX1', 'SNRPN', 'FZD7', 'SUV39H1', 'SBP1', 'MGC26694', 'TGFBI', 'ID4', 'TLL2', 'RPS19BP1', 'H91845', 'NPL', 'NDST1', 'CAP2', 'ARPP.19', 'EID.3', 'ADAM19', 'H78560', 'DYNLT1', 'ACAD8', 'CHI3L2', 'CSPG2', 'S100A10', 'T51726', 'HBA1', 'T62491', 'FCGR2B', 'HAMP', 'MED11', 'IMAGE.33267', 'FLJ35740', 'HPRT1', 'YWHAH', 'CCL2', 'WDR7', 'LAMB1', 'DIP2C', 'NMNAT2', 'AI005038', 'TNC', 'C4A', 'DSCR1L1', 'ZNF329', 'EFHB', 'PDPN', 'VASP', 'T97457', 'EDG3', 'AA029415', 'H41096', 'HNRNPG.T', 'PPP3CA', 'KCNK6', 'CA11', 'TSPAN6', 'C9orf48', 'EMP3', 'AA975768', 'PHLDA1', 'CALM1', 'MASP1', 'FABP3', 'PRKCB1', 'PNCK', 'ANK3', 'YWHAG', 'NY.SAR.48', 'ADARB2', 'C1R', 'CASP1', 'GBP1', 'PARD3', 'MB', 'RFXAP', 'MICAL2', 'TAP1', 'WWTR1', 'PRKAR1B', 'F13A1', 'EDNRB', 'FGF13', 'KLRC2', 'PLP2', 'SOX4', 'IL1RAP', 'AA479357', 'DEF6', 'ADM', 'UGCG', 'CLIC1', 'NLK', 'FBXO32', 'PCDHGC3', 'RND3', 'X38595', 'MDK', 'CD58', 'OSR1', 'EPB49', 'NDUFB11', 'ASPA', 'ANXA1', 'A2BP1', 'ZNF419B', 'BGN', 'IQSEC1', 'BNIP2', 'HEY1', 'PTPRZ1', 'TOMM40', 'WASF1', 'ADCY1', 'GADD45B', 'R52960', 'HLA.DRB1', 'FLJ38984', 'X37864', 'TXNDC', 'TTC23', 'DCLRE1B', 'HK2', 'CDKN1A', 'COX7A1', 'SLC15A2', 'TCTEX1D1', 'CCR1', 'GOT1', 'TSPYL1', 'KNS2', 'POSTN', 'FCGRT', 'DUS3L', 'PDE4DIP', 'MGP', 'AA490257', 'PLAUR', 'CKMT1A', 'SCN2B', 'ANXA5', 'CDKN2D', 'APOC1', 'AKR1C1', 'AA281932', 'ID3', 'AA181288', 'LOC146795', 'FN1', 'MST1', 'GPSM2', 'DMN', 'GYPA', 'EGLN2', 'BCAM', 'AI002301', 'DKFZp313A2432', 'NNMT', 'TncRNA', 'PLA2G2A', 'C1orf187', 'COL4A2', 'TNFAIP3', 'ZNF217', 'STEAP3', 'SAA2', 'PRRX1', 'RGS16', 'CDC20B', 'MSN', 'NSF', 'C8orf4', 'LOC283070', 'DES', 'AA131320', 'DDN', 'CHN1', 'MMP2', 'AA598631', 'IGF2BP3', 'TIMP1', 'PRKCZ', 'TFDP2', 'MST150', 'FBXO2', 'INPP5F', 'S100A1', 'FBL', 'PSG1', 'DDEF1', 'HLA.G', 'ITGA5', 'HSPG2', 'DLL3', 'UBE4B', 'H08563', 'ITGA9', 'H86813', 'MYCBP2', 'AP4B1', 'EXT1', 'KCNJ1', 'C1orf63', 'IGSF3', 'COL1A2', 'SCAMP5', 'COL3A1', 'PSG5', 'URP2', 'AI262682', 'RBP7', 'FBXL16', 'FREQ', 'SPARC', 'TIMP3', 'PDXP', 'APOC2']
INDEX
[108, 169, 317, 197, 40, 401, 130, 23, 235, 263, 24, 207, 347, 25, 129, 151, 270, 386, 110, 173, 389, 140, 416, 217, 3, 306, 372, 405, 223, 279, 17, 414, 19, 198, 313, 203, 225, 176, 142, 93, 204, 159, 219, 2, 75, 230, 399, 214, 314, 58, 91, 364, 382, 255, 208, 232, 355, 295, 211, 222, 177, 287, 294, 384, 105, 115, 368, 113, 102, 35, 307, 256, 381, 400, 193, 385, 154, 9, 330, 206, 271, 273, 22, 390, 150, 79, 147, 370, 376, 407, 343, 391, 418, 227, 290, 398, 351, 65, 46, 239, 420, 135, 397, 388, 286, 100, 139, 78, 226, 184, 296, 318, 395, 167, 308, 419, 282, 104, 67, 106, 191, 186, 316, 96, 183, 415, 335, 394, 47, 8, 103, 209, 90, 268, 6, 326, 380, 185, 373, 71, 143, 378, 333, 146, 337, 277, 253, 155, 359, 29, 293, 215, 309, 16, 365, 367, 121, 299, 237, 248, 283, 379, 83, 280, 180, 243, 97, 116, 305, 45, 247, 275, 284, 228, 264, 15, 107, 42, 392, 157, 224, 289, 297, 85, 175, 52, 59, 218, 220, 338, 292, 354, 221, 98, 72, 170, 26, 187, 55, 172, 366, 156, 131, 153, 132, 118, 137, 422, 244, 411, 163, 39, 210, 358, 171, 53, 162, 298, 119, 402, 319, 120, 20, 375, 80, 387, 13, 87, 148, 325, 371, 310, 311, 240, 304, 406, 84, 201, 288, 344, 274, 126, 320, 1, 145, 301, 165, 241, 334, 38, 262, 86, 12, 92, 321, 199, 383, 43, 112, 56, 352, 258, 109, 74, 236, 260, 251, 88, 141, 339, 125, 349, 213, 353, 4, 189, 252, 246, 5, 238, 164, 408, 357, 190, 212, 340, 111, 205, 117, 89, 196, 328, 231, 254, 144, 346, 99, 348, 37, 229, 174, 257, 272, 133, 41, 393, 61, 81, 179, 216, 31, 70, 362, 410, 160, 302, 360, 149, 303, 412, 342, 417, 242, 127, 396, 62, 28, 291, 259, 18, 421, 10, 332, 261, 95, 245, 267, 300, 21, 323, 423, 234, 124, 278, 404, 192, 269, 51, 7, 101, 356, 249, 195, 202, 134, 50, 33, 11, 48, 49, 350, 166, 128, 409, 276, 361, 122, 266, 233, 114, 369, 327, 76, 265, 68, 281, 315, 27, 363, 136, 336, 374, 324, 377, 250, 82, 200, 57, 138, 312, 322, 341, 413, 66, 32, 329, 77, 161, 94, 60, 69, 331, 181, 73, 44, 0, 34, 14, 64, 158, 182, 152, 36, 285, 194, 63, 188, 345, 403, 123, 168, 178]
[Time: 28.06.23 08:23:21] [Level: info] transition: compute_std
[Time: 28.06.23 08:23:22] [Level: info] state: compute_std
[CTRL] GET /data
[CTRL] POST /data
(422, 1)
(422, 1)
[Time: 28.06.23 08:23:24] [Level: info] transition: apply_scaling
[Time: 28.06.23 08:23:25] [Level: info] state: apply_scaling
[CTRL] GET /data
[CTRL] POST /data
TEST
incoming[COParams.STDS.n]
[array([ 0.66720908,  0.8639019 , -0.        ,  0.6426825 ,  0.63232998,
        2.09851519,  0.59897144,  1.53102566,  2.84170862,  1.70322517,
        0.55653649,  1.78865583,  0.70484433,  0.48369437,  0.57026686,
        0.47812803,  1.42502481,  0.38815058,  1.12279202,  0.63291833,
        1.01110299,  1.46365822,  1.38987568,  1.49996963,  0.46888484,
        0.78724217,  0.4905248 ,  1.61441283,  1.27090467,  0.95851865,
        0.22261841,  1.33923517,  0.39163155,  1.18526077,  1.36063337,
        2.14465887,  1.77916664,  1.26007386,  1.4074905 ,  0.8439025 ,
       -0.        ,  1.40856   ,  1.07925799,  0.6639389 ,  1.18042222,
        0.71941471,  1.8008939 ,  1.4584471 ,  2.71355114,  0.3302602 ,
        1.01108149,  0.73492298,  0.83998605,  0.90825557,  1.59643137,
        1.1094005 ,  0.78126205,  1.02983226,  1.85882734,  1.08515514,
        0.79633352,  0.7488812 ,  0.38429878,  2.35216825,  0.6821839 ,
        1.44034567, -0.        ,  1.06953802,  2.07915018,  1.62504416,
        0.32925857,  2.01591215,  0.73068367,  2.95530788,  1.90480099,
        0.68191802,  1.12263777,  1.13453834,  1.37779514,  1.1309444 ,
        1.41861755,  1.10047413,  0.81546292,  1.49832008,  0.59034394,
        2.43228083,  0.49857172,  1.9937797 ,  1.01349492,  0.62398889,
        1.66305891,  1.33136734,  0.56536226,  1.03035434,  1.81543712,
        0.61672665,  1.2210077 ,  0.92537651,  1.11650534,  2.09516105,
        0.62447164,  2.05155232,  0.30918859,  1.93552518,  1.03848952,
        1.40524129,  1.04038052,  0.95151168,  1.25182679,  2.17461449,
        1.5163234 ,  0.39196428,  0.80607473,  0.9353901 ,  0.64914558,
        0.54190584,  1.14629116,  1.21122939,  1.11657229,  2.19730172,
        1.24048937,  2.41754192,  0.54112061,  1.5573603 ,  0.55660802,
        1.41604317,  0.85811024,  2.66986185,  0.83578987,  0.60354362,
        1.755857  ,  0.8477802 ,  0.95518383,  0.97408939,  0.68950583,
        0.7522443 ,  1.08285219,  0.70701564,  0.8332197 ,  1.766762  ,
        1.27354794,  0.14262522,  4.2157831 ,  0.83336421,  0.85005829,
        0.80186034,  2.39274133,  1.42824498,  1.57174044,  0.67106372,
        1.3792521 ,  1.11766821,  1.26647743,  0.60904377,  0.51282855,
        1.08314775,  1.75202463,  1.10550531,  0.92039124,  1.72988306,
        0.70991955,  1.20088271,  0.88617832,  1.12679452,  0.68006445,
        1.16970935,  0.76577521,  1.74913791,  3.0229227 ,  0.3486699 ,
        1.78881576,  1.43590053,  2.09549518,  0.7952106 ,  1.91189004,
        1.18775474,  1.405229  ,  0.94724964,  1.41927375,  0.86483928,
        0.61937685,  0.83091209,  1.05353435,  1.35517486,  1.03385239,
        0.65852295,  0.70478867,  1.37918751,  1.91014387,  0.65171146,
       -0.        ,  1.24334061,  1.24104668,  2.30600431,  1.43900157,
        1.14737111,  0.46916893,  1.09222041,  0.49335776,  1.1916901 ,
        2.00225651,  1.79590986,  1.61938998,  1.43645726,  1.85578029,
        1.20930563,  1.03005379,  2.04490514,  1.07982778,  0.63890845,
        0.71951684,  0.4910328 ,  1.50073377,  1.37233736,  0.46645939,
        1.2655697 ,  1.90377287,  1.73720725,  0.63188532,  0.95750986,
        0.63291228,  0.93025419,  0.5090949 ,  0.59225226,  1.99262563,
        0.73037659,  0.9434344 ,  0.78957862,  0.5234749 ,  0.99447962,
        1.65716674,  0.90150791,  1.23281731,  0.54108074,  1.09861466,
        0.34915181,  1.39495767,  0.53150348,  1.40293736,  0.35638151,
        0.73764462,  0.58869056,  1.40912201,  0.4898362 ,  0.86448286,
        0.98675052,  1.72240148,  0.87899226,  0.79732681,  1.20250198,
        1.80980042,  1.47343851,  0.95324011,  2.37571671,  0.68399743,
        0.82120509,  0.88393281,  0.58108545,  1.78000234,  0.60338279,
        0.86877625,  1.72736674,  1.25511635,  0.97068647,  1.30189661,
        1.49506794,  0.58521638,  1.32981307,  0.72721044,  1.72926734,
        0.72322193,  1.33106034,  0.89722916,  1.93902336,  0.76880893,
        0.85519529,  1.35375425,  0.64880174,  0.61228743,  0.64481532,
        0.66649855,  1.4069533 ,  0.43246666,  0.49751206,  0.82463635,
        0.69899629,  0.86311818,  0.9281598 ,  0.99169387,  3.17483468,
        1.09569113,  0.95402304,  1.0552285 ,  1.03955185,  0.67855999,
        1.42990758,  0.37031243,  0.54247291,  0.69805917,  0.72339565,
        0.79888385,  1.901808  ,  2.82278939,  1.53796537,  0.49573441,
        0.65048086,  0.71810359,  0.6977913 ,  0.98473663,  0.65651133,
        0.53231191,  1.64164366,  0.90794714,  0.74718634,  0.85100443,
        1.37233218,  0.5316864 ,  1.98739184,  1.51392118,  0.48812411,
        0.98508634,  0.3128263 ,  1.82933387,  1.14775731,  1.65902404,
        1.3057551 ,  0.49958075,  2.02558466,  1.47417301,  1.34048181,
        0.69672987,  0.32963386,  0.94288375,  0.90807801,  2.34757861,
        0.92331175,  1.51401409,  0.36820447,  0.96133841,  0.78483595,
        1.30750232,  0.77674865,  2.2766856 ,  0.89429492,  1.8173893 ,
        1.05722093,  0.62017332,  0.85630758,  0.63389128,  1.26716063,
        1.43296944,  1.26115528,  1.21233463,  1.6173226 ,  3.58497647,
        0.33471595,  0.86541911,  0.48405051,  0.47409425,  0.56798321,
        0.72355748,  1.37476283,  0.82171252,  2.03287657,  1.45146611,
        1.18758497,  1.01440134,  2.28668869,  0.8337751 ,  1.99406353,
        0.75309928,  0.48786684,  0.80211861, -0.        ,  0.99607916,
        0.95641429,  1.09959545,  1.52637973,  1.91491337,  0.48652637,
        0.62666714,  0.37818222,  1.77111844,  0.51738363,  0.95314904,
        1.09082537,  0.82891269,  0.5464105 ,  1.64865084,  1.02266485,
        1.44658746,  1.38453566,  2.188616  ,  0.50439554,  0.63933775,
        0.66517073,  2.65766734,  0.89687716,  1.44610059,  1.96171289,
        0.94365117,  0.99861469,  1.64634322,  0.81460909,  1.14816924,
        0.53442172,  0.97954555,  1.60850973,  0.42468937,  1.66728882,
        0.57405926,  0.79081028,  0.47757149,  0.61502559,  1.96959732,
        1.01437402,  1.67777882,  0.76544639,  0.48906074,  1.57462825,
        0.75204516,  1.03720383]), array([ 0.6225587 ,  0.92942422, -0.        ,  0.54245135,  1.03360965,
        1.26449205,  1.06002231,  0.74557984,  1.22332243,  1.10863312,
        0.50742474,  1.80361996,  1.23321496,  0.5955744 ,  0.65681771,
        0.96504168,  1.18469089,  0.30968482,  1.91568394,  0.50215735,
        0.81951748,  1.3159597 ,  1.17203207,  0.49734689,  0.3718687 ,
        0.97414009,  1.71351156,  1.242529  ,  1.01410657,  0.71959545,
        0.26227203,  1.04099834,  0.37738821,  0.90257268,  1.5951578 ,
        1.37179193,  2.15133948,  2.11458276,  2.02563988,  1.19314801,
        0.        ,  1.24948075,  1.00874117,  0.78795313,  0.85684626,
        0.51498448,  2.06581058,  2.23726564,  1.13373144,  0.4118547 ,
        1.88737579,  0.78335852,  0.48433176,  1.02676189,  1.0976002 ,
        0.8001255 ,  0.72385284,  0.92338927,  2.02146066,  1.1983274 ,
        0.99784585,  0.71569179,  0.76855586,  2.03153271,  0.58106264,
        2.24312446, -0.        ,  1.70678378,  1.38488347,  1.23613445,
        0.8527581 ,  1.97818679,  0.68511405,  1.22555225,  1.81579308,
        1.4169052 ,  0.92361018,  1.1348957 ,  1.18136889,  0.89063344,
        0.98450182,  0.58574629,  0.44575056,  0.95824905,  0.97562697,
        1.24502926,  0.52823839,  2.01877185,  1.51751239,  0.41552396,
        1.46960361,  1.06399495,  0.41018206,  0.87036185,  1.1117816 ,
        1.11877863,  1.43164813,  0.89261279,  1.23111207,  0.91685182,
        1.08347248,  1.32680807,  0.43129917,  1.43444346,  1.18210051,
        1.54376624,  2.37093719,  0.89412835,  1.67419041,  1.41730847,
        1.55890228,  0.30335839,  0.86612677,  1.05691824,  0.49317925,
        0.60508005,  1.22307338,  0.95884138,  1.01099811,  1.34904011,
        0.88358645,  2.15005275,  0.4177726 ,  2.59366613,  0.93348498,
        1.07339906,  0.63122748,  1.63448432,  0.79997259,  0.67370754,
        1.08471466,  0.54155054,  0.98636853,  1.67300422,  1.12969079,
        0.44398658,  1.43680434,  1.18590235,  0.77261552,  0.93036104,
        1.85823924,  0.14262522,  1.95880365,  0.60482144,  1.03249272,
        1.35467402,  1.56174737,  0.85272324,  1.3714047 ,  0.91929175,
        1.56924339,  1.90172686,  1.53558738,  0.85197025,  0.49755771,
        1.46266014,  2.11900012,  0.86059732,  0.7243486 ,  1.57352094,
        0.81770811,  1.23037776,  0.95018799,  2.30347524,  0.90625691,
        1.69478892,  0.80025034,  1.42579397,  1.69701726,  0.32146618,
        2.01325081,  0.99956851,  1.96335169,  2.06548051,  2.08541166,
        1.2690939 ,  1.205505  ,  0.64594024,  1.81055678,  1.3853736 ,
        0.77414577,  1.13404717,  0.90937103,  1.09062759,  0.84943982,
        0.39598137,  0.4292497 ,  1.84169208,  2.19888866,  1.02177844,
        0.        ,  1.50231733,  1.6464461 ,  1.72782872,  0.66811218,
        0.64703885,  0.40711969,  1.80269166,  0.54950686,  1.33367707,
        1.45315684,  1.41972054,  0.93995809,  1.25285413,  2.47545681,
        2.80945868,  1.05732097,  1.59259909,  1.3827905 ,  1.21453984,
        1.4260718 ,  0.43027882,  0.93287181,  2.90103744,  0.46395695,
        2.12419839,  1.07350139,  3.25664973,  0.44059862,  0.64809823,
        1.0358396 ,  0.71805684,  0.47923245,  0.70971635,  1.23851264,
        0.94561244,  0.46748711,  1.17858875,  0.67802929,  1.28655742,
        1.51172113,  0.69215226,  1.01487773,  0.42858978,  1.30655191,
        0.37227292,  1.01103524,  0.48260737,  1.68776998,  0.75508394,
        1.19126028,  0.54616413,  2.27233879,  0.60061756,  1.10434458,
        2.11530525,  1.66128871,  0.54147921,  1.4653925 ,  2.63528189,
        1.46920822,  1.19866464,  0.83207822,  1.4590347 ,  0.90309205,
        0.95000684,  1.09362032,  0.43299831,  1.43343253,  0.65004849,
        0.71154926,  1.42379508,  1.59604558,  1.10383334,  1.34083283,
        2.96109874,  0.4605101 ,  1.25560031,  0.76443681,  1.21883909,
        0.63754963,  1.95406636,  0.73050594,  1.29765297,  1.27743931,
        1.13886466,  0.95575368,  0.65768047,  0.58290035,  0.53965829,
        0.82535151,  1.61974637,  0.65264323,  0.73498153,  1.02048033,
        0.56263256,  1.12994445,  0.78389588,  1.99697324,  3.29168599,
        2.75335397,  1.07106012,  0.88148469,  1.36655864,  1.2713166 ,
        2.07524133,  1.49459682,  0.55988401,  0.45769819,  0.78805421,
        1.64599307,  1.40014263,  1.96570969,  1.87978818,  0.64282783,
        1.08791496,  0.51402914,  0.68210089,  0.96492787,  0.67635032,
        0.96921386,  1.33049957,  0.5413776 ,  0.9631659 ,  1.13318083,
        0.37329816,  0.43532357,  0.75137175,  1.17838093,  0.93106173,
        1.58235568,  0.26792936,  0.71778117,  0.61248466,  0.71239956,
        0.67130488,  0.46591193,  1.55763916,  1.33176934,  1.46574855,
        0.5305771 ,  0.42537677,  2.01765121,  1.22493412,  1.25477182,
        0.73827567,  2.26407382,  0.34405401,  1.08547369,  0.66248804,
        1.609021  ,  1.14840243,  0.87433201,  1.36165149,  1.35730515,
        1.86971571,  0.93028459,  1.11280556,  0.62962855,  1.63850545,
        1.58592264,  0.8896891 ,  0.81677011,  0.98375175,  3.0415563 ,
        0.33261135,  0.47132846,  0.4377833 ,  0.46857594,  0.65702946,
        0.87296996,  1.48376165,  1.23438094,  1.68673409,  1.46008482,
        1.28845038,  1.38995765,  1.34334105,  0.8337751 ,  1.25645826,
        0.84459552,  0.42659544,  0.71590934,  0.71818373,  0.82608573,
        1.06798589,  1.03960219,  1.58572318,  0.94243149,  0.48041672,
        1.12134563,  0.60664225,  1.64730628,  0.50202955,  0.50763047,
        1.07524131,  0.82371612,  0.47390061,  1.31732093,  1.66206751,
        1.12316815,  0.83548085,  1.88003776,  0.34867013,  0.52657646,
        0.57454007,  3.10804722,  1.70189017,  2.16401348,  1.11804816,
        1.00948283,  1.37633723,  1.59660506,  1.7285051 ,  0.86790381,
        0.36701338,  1.41054646,  0.68440322,  0.47508553,  1.58771349,
        0.59909759,  1.39680313,  0.70391461,  0.67211496,  2.147183  ,
        1.93878815,  1.17785275,  0.78636789,  0.61077764,  0.95966321,
        0.89420019,  0.97485441])]
incoming[COParams.STDS.n][idx]
[ 0.66720908  0.8639019  -0.          0.6426825   0.63232998  2.09851519
  0.59897144  1.53102566  2.84170862  1.70322517  0.55653649  1.78865583
  0.70484433  0.48369437  0.57026686  0.47812803  1.42502481  0.38815058
  1.12279202  0.63291833  1.01110299  1.46365822  1.38987568  1.49996963
  0.46888484  0.78724217  0.4905248   1.61441283  1.27090467  0.95851865
  0.22261841  1.33923517  0.39163155  1.18526077  1.36063337  2.14465887
  1.77916664  1.26007386  1.4074905   0.8439025  -0.          1.40856
  1.07925799  0.6639389   1.18042222  0.71941471  1.8008939   1.4584471
  2.71355114  0.3302602   1.01108149  0.73492298  0.83998605  0.90825557
  1.59643137  1.1094005   0.78126205  1.02983226  1.85882734  1.08515514
  0.79633352  0.7488812   0.38429878  2.35216825  0.6821839   1.44034567
 -0.          1.06953802  2.07915018  1.62504416  0.32925857  2.01591215
  0.73068367  2.95530788  1.90480099  0.68191802  1.12263777  1.13453834
  1.37779514  1.1309444   1.41861755  1.10047413  0.81546292  1.49832008
  0.59034394  2.43228083  0.49857172  1.9937797   1.01349492  0.62398889
  1.66305891  1.33136734  0.56536226  1.03035434  1.81543712  0.61672665
  1.2210077   0.92537651  1.11650534  2.09516105  0.62447164  2.05155232
  0.30918859  1.93552518  1.03848952  1.40524129  1.04038052  0.95151168
  1.25182679  2.17461449  1.5163234   0.39196428  0.80607473  0.9353901
  0.64914558  0.54190584  1.14629116  1.21122939  1.11657229  2.19730172
  1.24048937  2.41754192  0.54112061  1.5573603   0.55660802  1.41604317
  0.85811024  2.66986185  0.83578987  0.60354362  1.755857    0.8477802
  0.95518383  0.97408939  0.68950583  0.7522443   1.08285219  0.70701564
  0.8332197   1.766762    1.27354794  0.14262522  4.2157831   0.83336421
  0.85005829  0.80186034  2.39274133  1.42824498  1.57174044  0.67106372
  1.3792521   1.11766821  1.26647743  0.60904377  0.51282855  1.08314775
  1.75202463  1.10550531  0.92039124  1.72988306  0.70991955  1.20088271
  0.88617832  1.12679452  0.68006445  1.16970935  0.76577521  1.74913791
  3.0229227   0.3486699   1.78881576  1.43590053  2.09549518  0.7952106
  1.91189004  1.18775474  1.405229    0.94724964  1.41927375  0.86483928
  0.61937685  0.83091209  1.05353435  1.35517486  1.03385239  0.65852295
  0.70478867  1.37918751  1.91014387  0.65171146 -0.          1.24334061
  1.24104668  2.30600431  1.43900157  1.14737111  0.46916893  1.09222041
  0.49335776  1.1916901   2.00225651  1.79590986  1.61938998  1.43645726
  1.85578029  1.20930563  1.03005379  2.04490514  1.07982778  0.63890845
  0.71951684  0.4910328   1.50073377  1.37233736  0.46645939  1.2655697
  1.90377287  1.73720725  0.63188532  0.95750986  0.63291228  0.93025419
  0.5090949   0.59225226  1.99262563  0.73037659  0.9434344   0.78957862
  0.5234749   0.99447962  1.65716674  0.90150791  1.23281731  0.54108074
  1.09861466  0.34915181  1.39495767  0.53150348  1.40293736  0.35638151
  0.73764462  0.58869056  1.40912201  0.4898362   0.86448286  0.98675052
  1.72240148  0.87899226  0.79732681  1.20250198  1.80980042  1.47343851
  0.95324011  2.37571671  0.68399743  0.82120509  0.88393281  0.58108545
  1.78000234  0.60338279  0.86877625  1.72736674  1.25511635  0.97068647
  1.30189661  1.49506794  0.58521638  1.32981307  0.72721044  1.72926734
  0.72322193  1.33106034  0.89722916  1.93902336  0.76880893  0.85519529
  1.35375425  0.64880174  0.61228743  0.64481532  0.66649855  1.4069533
  0.43246666  0.49751206  0.82463635  0.69899629  0.86311818  0.9281598
  0.99169387  3.17483468  1.09569113  0.95402304  1.0552285   1.03955185
  0.67855999  1.42990758  0.37031243  0.54247291  0.69805917  0.72339565
  0.79888385  1.901808    2.82278939  1.53796537  0.49573441  0.65048086
  0.71810359  0.6977913   0.98473663  0.65651133  0.53231191  1.64164366
  0.90794714  0.74718634  0.85100443  1.37233218  0.5316864   1.98739184
  1.51392118  0.48812411  0.98508634  0.3128263   1.82933387  1.14775731
  1.65902404  1.3057551   0.49958075  2.02558466  1.47417301  1.34048181
  0.69672987  0.32963386  0.94288375  0.90807801  2.34757861  0.92331175
  1.51401409  0.36820447  0.96133841  0.78483595  1.30750232  0.77674865
  2.2766856   0.89429492  1.8173893   1.05722093  0.62017332  0.85630758
  0.63389128  1.26716063  1.43296944  1.26115528  1.21233463  1.6173226
  3.58497647  0.33471595  0.86541911  0.48405051  0.47409425  0.56798321
  0.72355748  1.37476283  0.82171252  2.03287657  1.45146611  1.18758497
  1.01440134  2.28668869  0.8337751   1.99406353  0.75309928  0.48786684
  0.80211861 -0.          0.99607916  0.95641429  1.09959545  1.52637973
  1.91491337  0.48652637  0.62666714  0.37818222  1.77111844  0.51738363
  0.95314904  1.09082537  0.82891269  0.5464105   1.64865084  1.02266485
  1.44658746  1.38453566  2.188616    0.50439554  0.63933775  0.66517073
  2.65766734  0.89687716  1.44610059  1.96171289  0.94365117  0.99861469
  1.64634322  0.81460909  1.14816924  0.53442172  0.97954555  1.60850973
  0.42468937  1.66728882  0.57405926  0.79081028  0.47757149  0.61502559
  1.96959732  1.01437402  1.67777882  0.76544639  0.48906074  1.57462825
  0.75204516  1.03720383]
len(incoming[COParams.STDS.n][idx]
422
std len
0
[Time: 28.06.23 08:23:27] [Level: info] Traceback (most recent call last):
  File "/app/engine/app.py", line 169, in guarded_run
    self.run()
  File "/app/engine/app.py", line 184, in run
    transition = self.current_state.run()
  File "/app/apps/svd/app.py", line 172, in run
    self.load('mfa').apply_scaling(incoming, highly_variable=config.highly_variable)
  File "/app/apps/svd/FC_Federated_MFA.py", line 199, in apply_scaling
    self.std[idx] = incoming[COParams.STDS.n][idx].reshape((len(incoming[COParams.STDS.n][idx]),1))
IndexError: list assignment index out of range

