2023-07-02 09:57:52,528 CRIT Supervisor is running as root.  Privileges were not dropped because no user is specified in the config file.  If you intend to run as root, you can set user=root in the config file to avoid this message.
2023-07-02 09:57:52,530 INFO supervisord started with pid 6
2023-07-02 09:57:53,531 INFO spawned: 'nginx' with pid 9
2023-07-02 09:57:53,533 INFO spawned: 'app' with pid 10
2023-07-02 09:57:54,554 INFO success: nginx entered RUNNING state, process has stayed up for > than 1 seconds (startsecs)
2023-07-02 09:57:54,554 INFO success: app entered RUNNING state, process has stayed up for > than 1 seconds (startsecs)
[CTRL] POST /setup
[Time: 02.07.23 09:57:58] [Level: info] id: 0acab43e85d4c45e
[Time: 02.07.23 09:57:58] [Level: info] coordinator: True
[Time: 02.07.23 09:57:58] [Level: info] clients: ['37fece78ed33f8cc', '0acab43e85d4c45e']
[Time: 02.07.23 09:57:58] [Level: info] state: initial
[CLIENT] Parsing parameter file...
[API] /setup parsing parameter file 
[API] /setup config file found ... parsing file: /mnt/input/config.yaml
YAML file does not follow specification: missing key: eigenvalues
Setting default: eigenvalues.tsv
YAML file does not follow specification: missing key: explained_variance
Setting default: eigenvalues.tsv
YAML file does not follow specification: missing key: output delimiter
Setting default: tab
YAML file does not follow specification: missing key: inertia
Setting default: inertia.tsv
YAML file does not follow specification: missing key: global_factor_score
Setting default: global_factor_score.tsv
YAML file does not follow specification: missing key: omic_factor_score
Setting default: omic_factor_score.tsv
YAML file does not follow specification: missing key: projection_matrix
Setting default: projection_matrix.tsv
[API] /setup config file found ... parsing done
[CLIENT] finished parsing parameter file.
[STARTUP] Instantiate SVD
[Time: 02.07.23 09:57:58] [Level: info] transition: init_pca
[Time: 02.07.23 09:57:59] [Level: info] state: init_pca
[STARTUP] Copy configuration and create dir
/mnt/input/hospital_data_bredel_1.csv
TEST: ['/mnt/input/hospital_data_freije_1.csv']
[STARTUP] Configuration copied
Log Transform performed
out {'Row names': array(['C5orf31', 'MLL', 'FOLR1', 'NDUFS1', 'ATAD1', 'GLUD1', 'OSBP',
       'MYST4', 'NUDT3', 'FNIP1', 'KIAA0776', 'SLC7A1', 'ANXA1',
       'BC003660', 'RAB18', 'ZMYM2', 'MAPT', 'FBXO30', 'SLC1A4',
       'GTF2IRD2', 'KIF3A', 'AI860012', 'PPM1L', 'CHI3L1', 'GLA', 'HPSE2',
       'AF274957', 'SRP19', 'GPHN', 'TMEM127', 'FRY', 'ZMYND11', 'AKT3',
       'ARL4C', 'ARIH1', 'GARNL1', 'AI982758', 'DENND4A', 'GLUD2',
       'ZFP91', 'P15RS', 'MIB1', 'PPM1A', 'GUSB', 'ACBD5', 'VPS24',
       'SERPINE1', 'AF116616', 'SLC18A2', 'ZRANB1', 'ANGPT2', 'WHSC1L1',
       'AI690169', 'SAMD9L', 'BC001425', 'TBC1D9B', 'LARP1', 'PPP2R5A',
       'RSC1A1', 'IDI1', 'SP3', 'SPAG9', 'RABGGTB', 'FDFT1', 'SOCS3',
       'TGFBR1', 'RABGAP1L', 'USP4', 'DDHD1', 'SLC25A36', 'PPP1R15A',
       'CAP1', 'ZDHHC21', 'EWSR1', 'MRC2', 'C2orf11', 'C19orf50', 'NAV1',
       'ADPGK', 'SF1', 'SPRY1', 'SCD', 'C19orf48', 'SERPINA3', 'FCGBP',
       'ANXA5', 'TMSB10', 'MLSTD2', 'ADM', 'RAB2', 'SNX24', 'KPNB1',
       'LONPL', 'AA934610', 'WAC', 'KIAA1279', 'WDR34', 'TCF8', 'RNF135',
       'IFNGR2', 'CPEB4', 'DNAJB14', 'ARMC1', 'FARSLB', 'CTNNA1',
       'CDCA7L', 'MYST1', 'NET1', 'HAPLN3', 'SAMD9', 'TMCO4', 'RAB34',
       'SPIN', 'ADPRHL2', 'MPDZ', 'UACA', 'IKIP', 'DDX17', 'TRIP6',
       'RB1CC1', 'AASDHPPT', 'RNASE4', 'NUDT4', 'CENTD3', 'LUZP2',
       'SLC11A2', 'DHX8', 'ANXA2', 'SNX8', 'FAM120AOS', 'KCNIP3',
       'SLC25A3', 'PTGFRN', 'C6orf111', 'STEAP3', 'ZNF22', 'CEP170',
       'KRT10', 'NTRK2', 'BBX', 'AA935461', 'FSTL1', 'UPP1', 'TTC3',
       'MGC39518', 'FUK', 'CAMSAP1L1', 'COL4A2', 'ENSA', 'EIF4EBP2',
       'AF119855', 'ABI1', 'IPO7', 'DNAJC12', 'TLOC1', 'HMGCR', 'LATS2',
       'S100A4', 'LOC492311', 'KIAA0652', 'C4orf12', 'NEK1', 'C11orf54',
       'BRD2', 'BF594695', 'XM_208778', 'PANK1', 'LOXL3', 'CHES1',
       'ALDH16A1', 'TAX1BP3', 'TEX261', 'S100A11', 'ZHX1', 'COL4A1',
       'PDLIM1', 'MGC4677', 'ZADH2', 'RPL37', 'STAT1', 'C17orf63',
       'KLF12', 'SLC27A3', 'OSBPL11', 'REXO2', 'SP100', 'HNRPH3', 'HIPK2',
       'LOC54103', 'XM_379512', 'FGF12', 'ABLIM1', 'NBN', 'HLA-DPB1',
       'CD74', 'PAPD1', 'PIGT', 'GSS', 'VPS13D', 'MRCL3', 'IGFBP2',
       'NKTR', 'C20orf108', 'GIT2', 'DKFZp434B1231', 'SERPINA1', 'F11R',
       'LOC143941', 'HSMPP8', 'VEGF', 'HSPG2', 'RBMS1', 'C20orf149',
       'NAGA', 'PDPN', 'RAP2B', 'YTHDC1', 'FOXO3A', 'HOXA3', 'HLA-DQB1',
       'SLC35E1', 'ANXA2P2', 'ALDH5A1', 'AKAP11', 'PPP2CB', 'GPR65',
       'PITPNC1', 'PHYHIPL', 'TNIK', 'AHCYL1', 'GDF15', 'CRBN',
       'AI733194', 'KLHL24', 'INSIG1', 'MRPS28', 'SH3BGRL3', 'CNTN1',
       'HLA-DOA', 'UBXD2', 'C20orf119', 'SOX6', 'MST150', 'SCG3', 'GNAI2',
       'ZAK', 'EMP3', 'WDR68', 'IQGAP1', 'TNRC6B', 'TMEFF2', 'RPN2',
       'SQRDL', 'RAP2A', 'RBM39', 'UQCRC2', 'PAFAH1B1', 'JARID1A',
       'CLASP2', 'HEXB', 'DPYD', 'C10orf10', 'PFAAP5', 'SLC25A19',
       'NM_013307', 'ARSD', 'ALDH6A1', 'FAM111A', 'CCNI', 'ACTN1',
       'CPSF2', 'C2orf33', 'WISP1', 'RNUXA', 'DIMT1L', 'ITGB3BP', 'SCAP2',
       'SPIRE1', 'EPB41L2', 'ARHGAP5', 'CD163', 'PAEP', 'LAMC1', 'SP110',
       'HLA-DPA1', 'EDNRB', 'KLF10', 'PIAS1', 'LYPLAL1', 'TNFSF13',
       'CD63', 'CYBASC3', 'SYDE1', 'ZFP36L2', 'AI267414', 'CMTM3', 'OAS1',
       'AIM1', 'C1S', 'ANKRD17', 'WWOX', 'DIRAS3', 'SCAMP1', 'TBC1D10A',
       'CALR', 'ZNFX1', 'PUM2', 'AKAP13', 'RASSF4', 'LOC339803', 'CAPG',
       'BF677084', 'SREBF2', 'SMS', 'BCL2A1', 'GBA', 'PUM1', 'CCDC109B',
       'AK027219', 'MAPK8', 'AU144267', 'RRAGD', 'SMC4', 'GHITM', 'WDFY1',
       'PIK3R1', 'CD58', 'NUCKS1', 'PLCB1', 'HDGFRP3', 'COMMD7', 'GAS2L3',
       'LOC283378', 'PITPNB', 'KIAA0999', 'PHPT1', 'FADS1', 'ZWILCH',
       'AKAP1', 'NCAM1', 'KIAA1946', 'KIAA1462', 'ZNF83', 'RAB8A',
       'FKBP10', 'C12orf29', 'USP8', 'CFI', 'RAB6IP1', 'SH3GLB1', 'TJP2',
       'FXYD5', 'TUB', 'AA088873', 'PRKCA', 'RPL22', 'SLC1A1', 'RABGAP1',
       'AP2B1', 'WASF3', 'CAPZA1', 'HSPA6', 'BF435290', 'KRAS', 'NNMT',
       'MYO9B', 'YWHAB', 'RNASE6', 'sep-11', 'FAM20C', 'ETNK1', 'ZNF710',
       'PLAT', 'NR2F2', 'XM_168590', 'GNG12', 'KIAA1704', 'MCM5', 'CHD9',
       'C1orf192', 'SPRN', 'STAT2', 'RER1', 'TYMS', 'BMS1L', 'IKBKB',
       'ABAT', 'KPNA5', 'TPM3', 'LITAF', 'LOC283130', 'AP1S2', 'TRIM56',
       'CALCRL', 'SMARCC1', 'FLJ31951', 'NDRG3', 'NM_020037', 'ZDHHC7',
       'SAT1', 'LUC7L2', 'SUMO4', 'SULT1C2', 'SYNPO', 'XM_496931', 'C1R',
       'MSR1', 'CENTA2', 'ZYG11B', 'NF1', 'GABBR1', 'FLRT1', 'IFI30',
       'MRLC2', 'GNG5', 'AAK1', 'COX7AP2', 'RUFY3', 'SMC3', 'CSTA',
       'TNFRSF1A', 'FKBP9', 'BCL3', 'D85181', 'LOC143381', 'ADCY2', 'LYZ',
       'GYS1', 'FN1', 'EIF2C3', 'MSN', 'SDCBP', 'ZNF24', 'LYPLA1',
       'TRPM8', 'HADHB', 'EHD4', 'BE669703', 'LSM10', 'BF941414',
       'ATP6V0A1', 'RYR3', 'NIT2', 'HLA-DRB1', 'CROP', 'LCOR', 'N72185',
       'DDOST', 'FOXJ1', 'TNFRSF12A', 'C21orf62', 'BTBD15', 'TREM2',
       'TRIM9', 'KIAA0907', 'TMSB4X', 'RAD21', 'GCSH', 'PGM2', 'AF113008',
       'PREPL', 'C9orf80', 'MULK', 'HLA-DMA', 'LOC400924', 'RICTOR',
       'JMJD1C', 'AF130080', 'APOE', 'CALD1', 'ANKRD28', 'PKNOX2',
       'LOC92689', 'DDB2', 'CLIC1', 'UBE3C', 'HDAC4', 'COL5A2', 'TNFAIP3',
       'PSMD9', 'CTNNB1', 'RP1-93H18.5', 'RRP22', 'EPHB1', 'EIF4G1',
       'NT5C3', 'AF130082', 'PAXIP1', 'TIMP1', 'RPA3', 'CTBP2', 'TAGLN2',
       'LOX', 'CHD7', 'WDR54', 'PLAUR', 'AL119491', 'TMED8', 'MAP3K7IP2',
       'ZNF25', 'TM9SF3', 'SGCD', 'GGH', 'QKI', 'LILRB1', 'MYL6',
       'C6orf115', 'MBOAT2', 'MAPBPIP', 'TSPO', 'KIF5B', 'TMEM106B',
       'TCEA3', 'FLJ20273', 'GPNMB', 'RGS19', 'BE326808', 'TMEM41B',
       'TNKS2', 'TTC7A', 'LIN7C', 'MFSD1', 'ZNF291', 'ZNF18', 'MESDC2',
       'RPS25', 'KIAA1344', 'NDRG2', 'IGFBP5', 'GALNT13', 'TncRNA',
       'CDC42', 'DUSP6', 'TOMM40L', 'SEZ6L', 'C1RL', 'PSMB8', 'MAN2B1',
       'ST8SIA4', 'SCP2', 'PDRG1', 'SLC4A4', 'PPP1R12A', 'AI868039',
       'HLA-DRB5', 'VKORC1', 'ALOX5AP', 'LUM', 'POGZ', 'BCR', 'CASK',
       'ANXA13', 'PDLIM4', 'NRP1', 'LTF', 'WDR1', 'FAM82B', 'ADIPOR2',
       'DTNA', 'BTN3A3', 'LIFR', 'MS4A6A', 'ATP5J2', 'TRIM6', 'SLC16A3',
       'N50714', 'ZNF148', 'CCM2', 'ZNF770', 'SPP1', 'AV685992', 'MGEA5',
       'C10orf62', 'IPO11', 'RPS6KA3', 'IQGAP3', 'CMTM6', 'SCOTIN',
       'DYNC1H1', 'CYP2E1', 'MTP18', 'TMEM165', 'C8orf46', 'AGTRAP', 'C3',
       'WDFY3', 'CTSB', 'BCAT1', 'WDR22', 'GPAM', 'ST13', 'EGR1',
       'XM_376043', 'RABL5', 'GNL1', 'AA868809', 'C13orf18', 'THNSL1',
       'SUSD4', 'CAPN5', 'ENAH', 'MTDH', 'MSI2', 'COL27A1', 'SULT1A3',
       'ADRM1', 'LAMB1', 'SYF2', 'LSG1', 'SLC15A2', 'EFEMP2', 'FBXO21',
       'SSR1', 'ARPC2', 'CD300A'], dtype=object), 'Sample count': 34, 'Nans': array([0, 0, 0, 0, 0, 0, 0, 0, 0, 0, 0, 0, 0, 0, 0, 0, 0, 0, 0, 0, 0, 0,
       0, 0, 0, 0, 0, 0, 0, 0, 0, 0, 0, 0, 0, 0, 0, 0, 0, 0, 0, 0, 0, 0,
       0, 0, 0, 0, 0, 0, 0, 0, 0, 0, 0, 0, 0, 0, 0, 0, 0, 0, 0, 0, 0, 0,
       0, 0, 0, 0, 0, 0, 0, 0, 0, 0, 0, 0, 0, 0, 0, 0, 0, 0, 0, 0, 0, 0,
       0, 0, 0, 0, 0, 0, 0, 0, 0, 0, 0, 0, 0, 0, 0, 0, 0, 0, 0, 0, 0, 0,
       0, 0, 0, 0, 0, 0, 0, 0, 0, 0, 0, 0, 0, 0, 0, 0, 0, 0, 0, 0, 0, 0,
       0, 0, 0, 0, 0, 0, 0, 0, 0, 0, 0, 0, 0, 0, 0, 0, 0, 0, 0, 0, 0, 0,
       0, 0, 0, 0, 0, 0, 0, 0, 0, 0, 0, 0, 0, 0, 0, 0, 0, 0, 0, 0, 0, 0,
       0, 0, 0, 0, 0, 0, 0, 0, 0, 0, 0, 0, 0, 0, 0, 0, 0, 0, 0, 0, 0, 0,
       0, 0, 0, 0, 0, 0, 0, 0, 0, 0, 0, 0, 0, 0, 0, 0, 0, 0, 0, 0, 0, 0,
       0, 0, 0, 0, 0, 0, 0, 0, 0, 0, 0, 0, 0, 0, 0, 0, 0, 0, 0, 0, 0, 0,
       0, 0, 0, 0, 0, 0, 0, 0, 0, 0, 0, 0, 0, 0, 0, 0, 0, 0, 0, 0, 0, 0,
       0, 0, 0, 0, 0, 0, 0, 0, 0, 0, 0, 0, 0, 0, 0, 0, 0, 0, 0, 0, 0, 0,
       0, 0, 0, 0, 0, 0, 0, 0, 0, 0, 0, 0, 0, 0, 0, 0, 0, 0, 0, 0, 0, 0,
       0, 0, 0, 0, 0, 0, 0, 0, 0, 0, 0, 0, 0, 0, 0, 0, 0, 0, 0, 0, 0, 0,
       0, 0, 0, 0, 0, 0, 0, 0, 0, 0, 0, 0, 0, 0, 0, 0, 0, 0, 0, 0, 0, 0,
       0, 0, 0, 0, 0, 0, 0, 0, 0, 0, 0, 0, 0, 0, 0, 0, 0, 0, 0, 0, 0, 0,
       0, 0, 0, 0, 0, 0, 0, 0, 0, 0, 0, 0, 0, 0, 0, 0, 0, 0, 0, 0, 0, 0,
       0, 0, 0, 0, 0, 0, 0, 0, 0, 0, 0, 0, 0, 0, 0, 0, 0, 0, 0, 0, 0, 0,
       0, 0, 0, 0, 0, 0, 0, 0, 0, 0, 0, 0, 0, 0, 0, 0, 0, 0, 0, 0, 0, 0,
       0, 0, 0, 0, 0, 0, 0, 0, 0, 0, 0, 0, 0, 0, 0, 0, 0, 0, 0, 0, 0, 0,
       0, 0, 0, 0, 0, 0, 0, 0, 0, 0, 0, 0, 0, 0, 0, 0, 0, 0, 0, 0, 0, 0,
       0, 0, 0, 0, 0, 0, 0, 0, 0, 0, 0, 0, 0, 0, 0, 0, 0, 0, 0, 0, 0, 0,
       0, 0, 0, 0, 0, 0, 0, 0, 0, 0, 0, 0, 0, 0, 0, 0, 0, 0, 0, 0, 0, 0,
       0, 0, 0, 0, 0, 0, 0, 0, 0, 0, 0, 0, 0, 0, 0, 0, 0, 0, 0, 0, 0, 0,
       0, 0, 0, 0, 0, 0, 0, 0, 0, 0, 0, 0, 0, 0, 0, 0, 0, 0, 0, 0, 0, 0,
       0, 0, 0, 0, 0, 0, 0, 0, 0, 0, 0, 0, 0, 0, 0, 0, 0, 0, 0, 0, 0, 0,
       0, 0, 0, 0, 0, 0, 0, 0, 0, 0, 0, 0, 0, 0, 0, 0, 0, 0, 0, 0, 0])}
[Time: 02.07.23 09:58:00] [Level: info] transition: check_row_names
[Time: 02.07.23 09:58:01] [Level: info] state: check_row_names
gathering
