2023-06-28 07:55:21,270 CRIT Supervisor is running as root.  Privileges were not dropped because no user is specified in the config file.  If you intend to run as root, you can set user=root in the config file to avoid this message.
2023-06-28 07:55:21,271 INFO supervisord started with pid 7
2023-06-28 07:55:22,276 INFO spawned: 'nginx' with pid 10
2023-06-28 07:55:22,279 INFO spawned: 'app' with pid 11
2023-06-28 07:55:23,321 INFO success: nginx entered RUNNING state, process has stayed up for > than 1 seconds (startsecs)
2023-06-28 07:55:23,321 INFO success: app entered RUNNING state, process has stayed up for > than 1 seconds (startsecs)
[CTRL] POST /setup
[Time: 28.06.23 07:55:25] [Level: info] id: 5f0cd0c46e8d5d7a
[Time: 28.06.23 07:55:25] [Level: info] coordinator: False
[Time: 28.06.23 07:55:25] [Level: info] clients: ['1c1a9d4e2467e602', '5f0cd0c46e8d5d7a']
[Time: 28.06.23 07:55:25] [Level: info] state: initial
[CLIENT] Parsing parameter file...
[API] /setup parsing parameter file 
[API] /setup config file found ... parsing file: /mnt/input/config.yaml
YAML file does not follow specification: missing key: eigenvalues
Setting default: eigenvalues.tsv
YAML file does not follow specification: missing key: explained_variance
Setting default: eigenvalues.tsv
YAML file does not follow specification: missing key: output delimiter
Setting default: tab
[API] /setup config file found ... parsing done
[CLIENT] finished parsing parameter file.
[STARTUP] Instantiate SVD
[STARTUP] Copy configuration and create dir
[STARTUP] Configuration copied
Log Transform performed
[[ 6.74542027e-02  1.81002875e-01  1.61967477e-01 ...  5.41621673e-02
   2.44542698e-01 -2.60220260e-01]
 [-4.61545797e-01 -1.99712471e-03  2.53967477e-01 ...  8.65162167e-01
  -9.04573017e-02  1.22779740e-01]
 [ 1.17454203e-01  1.64002875e-01 -1.81032523e-01 ...  1.16216733e-03
   2.59542698e-01 -1.47220260e-01]
 ...
 [ 6.77109851e-01  5.27812409e-01  8.69196496e-01 ...  1.60968399e+00
   4.71524132e-01  6.26844003e-01]
 [-2.01389015e+00  7.88124088e-02  9.97196496e-01 ...  5.29683994e-01
   6.37524132e-01  1.15884400e+00]
 [-9.82890149e-01  4.64312409e-01  1.32619650e+00 ...  1.64683994e-01
   2.29524132e-01  5.23344003e-01]]
/app/apps/svd/FC_Federated_MFA.py:126: RuntimeWarning: invalid value encountered in log2
  tabdata.scaled = np.log2(tabdata.scaled+1)
[[ 9.41741748e-02  2.40012477e-01  2.16569689e-01 ...  7.60968214e-02
   3.15615728e-01 -4.34832304e-01]
 [-8.93104451e-01 -2.88412285e-03  3.26499931e-01 ...  8.99301072e-01
  -1.36786728e-01  1.67074937e-01]
 [ 1.60215706e-01  2.19094622e-01 -2.88121934e-01 ...  1.67567952e-03
   3.32900030e-01 -2.29754931e-01]
 ...
 [ 7.45977189e-01  6.11467414e-01  9.02418238e-01 ...  1.38387512e+00
   5.57311202e-01  7.02075918e-01]
 [            nan  1.09444021e-01  9.97976281e-01 ...  6.13233648e-01
   7.11516168e-01  1.11025900e+00]
 [-5.86902895e+00  5.50223383e-01  1.21797297e+00 ...  2.19938570e-01
   2.98100052e-01  6.07241769e-01]]
Log Transform performed
[[ 6.74542027e-02  1.81002875e-01  1.61967477e-01 ...  5.41621673e-02
   2.44542698e-01 -2.60220260e-01]
 [-4.61545797e-01 -1.99712471e-03  2.53967477e-01 ...  8.65162167e-01
  -9.04573017e-02  1.22779740e-01]
 [ 1.17454203e-01  1.64002875e-01 -1.81032523e-01 ...  1.16216733e-03
   2.59542698e-01 -1.47220260e-01]
 ...
 [ 6.77109851e-01  5.27812409e-01  8.69196496e-01 ...  1.60968399e+00
   4.71524132e-01  6.26844003e-01]
 [-2.01389015e+00  7.88124088e-02  9.97196496e-01 ...  5.29683994e-01
   6.37524132e-01  1.15884400e+00]
 [-9.82890149e-01  4.64312409e-01  1.32619650e+00 ...  1.64683994e-01
   2.29524132e-01  5.23344003e-01]]
/app/apps/svd/FC_Federated_MFA.py:126: RuntimeWarning: invalid value encountered in log2
  tabdata.scaled = np.log2(tabdata.scaled+1)
[[ 9.41741748e-02  2.40012477e-01  2.16569689e-01 ...  7.60968214e-02
   3.15615728e-01 -4.34832304e-01]
 [-8.93104451e-01 -2.88412285e-03  3.26499931e-01 ...  8.99301072e-01
  -1.36786728e-01  1.67074937e-01]
 [ 1.60215706e-01  2.19094622e-01 -2.88121934e-01 ...  1.67567952e-03
   3.32900030e-01 -2.29754931e-01]
 ...
 [ 7.45977189e-01  6.11467414e-01  9.02418238e-01 ...  1.38387512e+00
   5.57311202e-01  7.02075918e-01]
 [            nan  1.09444021e-01  9.97976281e-01 ...  6.13233648e-01
   7.11516168e-01  1.11025900e+00]
 [-5.86902895e+00  5.50223383e-01  1.21797297e+00 ...  2.19938570e-01
   2.98100052e-01  6.07241769e-01]]
[Time: 28.06.23 07:55:25] [Level: info] transition: wait_for_params
[Time: 28.06.23 07:55:26] [Level: info] state: wait_for_params
[CTRL] GET /data
[CTRL] POST /data
setting parameters
INCOMINGS
[{'PCs': 43, <COParams.SEND_PROJ: ('Send projections', False)>: False, 'Row names': ['VASP', 'LUM', 'BCAM', 'HLA.G', 'AA669383', 'C16orf5', 'HNRNPG.T', 'DSCR1L1', 'TMEM49', 'T97457', 'PPP1R14A', 'CTHRC1', 'CLIC1', 'LMO7', 'ACAD8', 'MASP1', 'SYT7', 'UBA52', 'ITGA5', 'SCAMP5', 'CHN1', 'SRPX', 'ID4', 'L3MBTL4', 'CA11', 'TXNDC', 'COL9A2', 'COX7A1', 'GADD45B', 'ADM', 'MDFI', 'PLA2G2A', 'LOC389831', 'TMEM146', 'DNASE1L1', 'EFHB', 'APCS', 'FCGRT', 'AEBP1', 'ADCY1', 'SERPING1', 'PHLDA1', 'TNFRSF12A', 'FBXW7', 'TBC1D7', 'ABCA5', 'MSTP9', 'IGFBP3', 'NSF', 'COX6A2', 'KIAA1543', 'EMP3', 'AA490257', 'ANXA1', 'CSPG2', 'YWHAH', 'IL1RAP', 'DDN', 'SUV39H1', 'AI005038', 'T62491', 'PARP14', 'IMAGE.33267', 'TIMP3', 'COL4A2', 'ADARB2', 'ADFP', 'IL21R', 'HSPG2', 'PDXP', 'PDPN', 'KLRC2', 'PSG5', 'HLA.A', 'CKMT1A', 'PRRX1', 'LOC400451', 'TFDP2', 'CD53', 'TCF7L1', 'FBL', 'LRBA', 'S100A10', 'CDC20B', 'C1orf63', 'CLCA3', 'KLRC3', 'PDLIM7', 'UGCG', 'TLL2', 'BNIP2', 'CLTB', 'CEAL1', 'MGC26694', 'ZNF217', 'KIAA1644', 'AA181288', 'DDEF1', 'HLA.DRB1', 'HAMP', 'L1CAM', 'EDNRB', 'HK2', 'R52960', 'FAM46A', 'CDKN1A', 'SERPINI1', 'X37864', 'PARD3', 'COL6A2', 'NR4A1', 'STMN1', 'IGFBP5', 'GOT1', 'AI002301', 'H08563', 'USP6NL', 'LOC57228', 'NCF1', 'PDE2A', 'FAM84A', 'R70684', 'AA598631', 'ABCC3', 'NLK', 'DUS3L', 'NCF2', 'AKR1C2', 'MVP', 'AIF1', 'MB', 'CDKN2D', 'DES', 'SERPINA3', 'R61377', 'LOC146795', 'POSTN', 'WDR7', 'USP3', 'TIMP1', 'DPYD', 'TCTEX1D1', 'VEGF', 'CAP2', 'RPS3A', 'CCL2', 'FLJ38984', 'PSD3', 'MSN', 'PYCR1', 'ITPKA', 'SAA2', 'LOC283130', 'CBX6', 'SBP1', 'TncRNA', 'ID3', 'NMNAT2', 'CA12', 'DIP2C', 'PEG3', 'MMP2', 'VSNL1', 'BGN', 'APOC1', 'ZNF419B', 'MRC2', 'CACNB3', 'AA975768', 'N98591', 'HMOX1', 'LOC541471', 'INPP5F', 'DCLRE1B', 'MDK', 'ZNF226', 'WASF1', 'W93688', 'FZD7', 'RAB11FIP4', 'NDST1', 'RBP7', 'CCDC3', 'LY96', 'APOC2', 'ITGA9', 'EXT1', 'CYBA', 'C6orf12', 'DECR2', 'RPS19BP1', 'GPNMB', 'FBXO32', 'AA489629', 'FAM84B', 'CCR1', 'SERPINH1', 'SORT1', 'NPL', 'BLVRB', 'MGC39606', 'MTHFD2', 'CD58', 'EID.3', 'AA598555', 'MGC18216', 'FREQ', 'DYNLT1', 'IL32', 'SOCS3', 'MYC', 'RFXAP', 'A2BP1', 'MYCBP2', 'SLC35A2', 'SOX4', 'GBP2', 'RAB20', 'SLC16A3', 'LHFPL2', 'MAPKBP1', 'TOMM40', 'CD44', 'ASPA', 'RAB27B', 'BCL2A1', 'CASP1', 'KCNK6', 'LOC388610', 'PSG1', 'MST1', 'S100A1', 'IGHG1', 'TSPYL1', 'HLA.F', 'LILRA1', 'AA424849', 'H41096', 'CAMKK2', 'LAMA4', 'TNFAIP3', 'PNCK', 'GABBR1', 'C8orf4', 'MGC42367', 'LOC283070', 'D21S2089E', 'EPB49', 'KNS2', 'DDIT4', 'PLAU', 'PRG1', 'H24428', 'H86813', 'COL1A1', 'LGALS3', 'DEF6', 'PALLD', 'OSR1', 'HEY1', 'PYGL', 'IFI30', 'RTN3', 'TTC23', 'AA479357', 'AI263051', 'TAP1', 'AI335002', 'EDG1', 'GBP1', 'PRKAR1B', 'SNCG', 'SPAG6', 'DLL3', 'MGP', 'TNC', 'C4A', 'PCDHGC3', 'LSP1', 'PLAUR', 'PLTP', 'STXBP1', 'H10054', 'IGF1R', 'NDUFB11', 'IGF2BP3', 'CHI3L2', 'PRSS1', 'RND3', 'F13A1', 'CACNB2', 'LYN', 'MICAL2', 'PTPRZ1', 'YWHAG', 'NPC2', 'NNMT', 'LTF', 'EPHB1', 'KCNQ2', 'AI350724', 'CAV1', 'GAS1', 'IGSF3', 'H20822', 'COL1A2', 'HCLS1', 'AI871056', 'WWTR1', 'CAPG', 'X38595', 'CLSTN3', 'TSPAN6', 'NUAK1', 'MAL2', 'FGF13', 'STEAP3', 'PRSS3', 'AA131320', 'EDG3', 'PRKCB1', 'ANXA5', 'ZNF160', 'AA906888', 'GYPC', 'KCNMA1', 'PPP3CA', 'H91845', 'PDE4DIP', 'NEFH', 'C1orf187', 'PCP4', 'PLOD2', 'FAS', 'CALM1', 'NPTX1', 'TSPAN4', 'RALY', 'AA281932', 'HPRT1', 'MST150', 'LAMB1', 'SP100', 'SCN2B', 'SNRPN', 'NY.SAR.48', 'S100A11', 'CD47', 'MYBPC2', 'MED11', 'AA029415', 'RAB30', 'AA398420', 'ZNF329', 'FCGR2B', 'LAPTM5', 'RUNX1', 'STC1', 'ZNF549', 'UBE4B', 'HPCA', 'C9orf48', 'CYR61', 'HBA1', 'PPP3CB', 'RBP4', 'KCNJ1', 'AA401952', 'C1R', 'SYNGR3', 'DKFZp313A2432', 'EGLN2', 'RGS16', 'ZFHX1B', 'ADAM19', 'ATP6V1C1', 'AP4B1', 'TGFBI', 'ARPP.19', 'GPSM2', 'NOTCH1', 'PYHIN1', 'KIAA0963', 'ZNF233', 'URP2', 'FBXO2', 'KLRC1', 'H78560', 'ANK3', 'PRKCZ', 'AI822135', 'AI357047', 'DMN', 'NLGN1', 'VAMP2', 'SETD5', 'FABP3', 'OSBPL1A', 'CBLN2', 'MOAP1', 'R70506', 'HBXIP', 'GYPA', 'SPINT2', 'AI262682', 'FBXL16', 'FN1', 'ESM1', 'LOC613212', 'SPARC', 'AKR1C1', 'IQSEC1', 'STK17A', 'SVIL', 'COL3A1', 'SLC15A2', 'CAMK2A', 'FLJ35740', 'PLP2', 'ITGA3', 'T51726', 'PRKCG']}, {'PCs': 43, <COParams.SEND_PROJ: ('Send projections', False)>: False, 'Row names': ['VASP', 'LUM', 'BCAM', 'HLA.G', 'AA669383', 'C16orf5', 'HNRNPG.T', 'DSCR1L1', 'TMEM49', 'T97457', 'PPP1R14A', 'CTHRC1', 'CLIC1', 'LMO7', 'ACAD8', 'MASP1', 'SYT7', 'UBA52', 'ITGA5', 'SCAMP5', 'CHN1', 'SRPX', 'ID4', 'L3MBTL4', 'CA11', 'TXNDC', 'COL9A2', 'COX7A1', 'GADD45B', 'ADM', 'MDFI', 'PLA2G2A', 'LOC389831', 'TMEM146', 'DNASE1L1', 'EFHB', 'APCS', 'FCGRT', 'AEBP1', 'ADCY1', 'SERPING1', 'PHLDA1', 'TNFRSF12A', 'FBXW7', 'TBC1D7', 'ABCA5', 'MSTP9', 'IGFBP3', 'NSF', 'COX6A2', 'KIAA1543', 'EMP3', 'AA490257', 'ANXA1', 'CSPG2', 'YWHAH', 'IL1RAP', 'DDN', 'SUV39H1', 'AI005038', 'T62491', 'PARP14', 'IMAGE.33267', 'TIMP3', 'COL4A2', 'ADARB2', 'ADFP', 'IL21R', 'HSPG2', 'PDXP', 'PDPN', 'KLRC2', 'PSG5', 'HLA.A', 'CKMT1A', 'PRRX1', 'LOC400451', 'TFDP2', 'CD53', 'TCF7L1', 'FBL', 'LRBA', 'S100A10', 'CDC20B', 'C1orf63', 'CLCA3', 'KLRC3', 'PDLIM7', 'UGCG', 'TLL2', 'BNIP2', 'CLTB', 'CEAL1', 'MGC26694', 'ZNF217', 'KIAA1644', 'AA181288', 'DDEF1', 'HLA.DRB1', 'HAMP', 'L1CAM', 'EDNRB', 'HK2', 'R52960', 'FAM46A', 'CDKN1A', 'SERPINI1', 'X37864', 'PARD3', 'COL6A2', 'NR4A1', 'STMN1', 'IGFBP5', 'GOT1', 'AI002301', 'H08563', 'USP6NL', 'LOC57228', 'NCF1', 'PDE2A', 'FAM84A', 'R70684', 'AA598631', 'ABCC3', 'NLK', 'DUS3L', 'NCF2', 'AKR1C2', 'MVP', 'AIF1', 'MB', 'CDKN2D', 'DES', 'SERPINA3', 'R61377', 'LOC146795', 'POSTN', 'WDR7', 'USP3', 'TIMP1', 'DPYD', 'TCTEX1D1', 'VEGF', 'CAP2', 'RPS3A', 'CCL2', 'FLJ38984', 'PSD3', 'MSN', 'PYCR1', 'ITPKA', 'SAA2', 'LOC283130', 'CBX6', 'SBP1', 'TncRNA', 'ID3', 'NMNAT2', 'CA12', 'DIP2C', 'PEG3', 'MMP2', 'VSNL1', 'BGN', 'APOC1', 'ZNF419B', 'MRC2', 'CACNB3', 'AA975768', 'N98591', 'HMOX1', 'LOC541471', 'INPP5F', 'DCLRE1B', 'MDK', 'ZNF226', 'WASF1', 'W93688', 'FZD7', 'RAB11FIP4', 'NDST1', 'RBP7', 'CCDC3', 'LY96', 'APOC2', 'ITGA9', 'EXT1', 'CYBA', 'C6orf12', 'DECR2', 'RPS19BP1', 'GPNMB', 'FBXO32', 'AA489629', 'FAM84B', 'CCR1', 'SERPINH1', 'SORT1', 'NPL', 'BLVRB', 'MGC39606', 'MTHFD2', 'CD58', 'EID.3', 'AA598555', 'MGC18216', 'FREQ', 'DYNLT1', 'IL32', 'SOCS3', 'MYC', 'RFXAP', 'A2BP1', 'MYCBP2', 'SLC35A2', 'SOX4', 'GBP2', 'RAB20', 'SLC16A3', 'LHFPL2', 'MAPKBP1', 'TOMM40', 'CD44', 'ASPA', 'RAB27B', 'BCL2A1', 'CASP1', 'KCNK6', 'LOC388610', 'PSG1', 'MST1', 'S100A1', 'IGHG1', 'TSPYL1', 'HLA.F', 'LILRA1', 'AA424849', 'H41096', 'CAMKK2', 'LAMA4', 'TNFAIP3', 'PNCK', 'GABBR1', 'C8orf4', 'MGC42367', 'LOC283070', 'D21S2089E', 'EPB49', 'KNS2', 'DDIT4', 'PLAU', 'PRG1', 'H24428', 'H86813', 'COL1A1', 'LGALS3', 'DEF6', 'PALLD', 'OSR1', 'HEY1', 'PYGL', 'IFI30', 'RTN3', 'TTC23', 'AA479357', 'AI263051', 'TAP1', 'AI335002', 'EDG1', 'GBP1', 'PRKAR1B', 'SNCG', 'SPAG6', 'DLL3', 'MGP', 'TNC', 'C4A', 'PCDHGC3', 'LSP1', 'PLAUR', 'PLTP', 'STXBP1', 'H10054', 'IGF1R', 'NDUFB11', 'IGF2BP3', 'CHI3L2', 'PRSS1', 'RND3', 'F13A1', 'CACNB2', 'LYN', 'MICAL2', 'PTPRZ1', 'YWHAG', 'NPC2', 'NNMT', 'LTF', 'EPHB1', 'KCNQ2', 'AI350724', 'CAV1', 'GAS1', 'IGSF3', 'H20822', 'COL1A2', 'HCLS1', 'AI871056', 'WWTR1', 'CAPG', 'X38595', 'CLSTN3', 'TSPAN6', 'NUAK1', 'MAL2', 'FGF13', 'STEAP3', 'PRSS3', 'AA131320', 'EDG3', 'PRKCB1', 'ANXA5', 'ZNF160', 'AA906888', 'GYPC', 'KCNMA1', 'PPP3CA', 'H91845', 'PDE4DIP', 'NEFH', 'C1orf187', 'PCP4', 'PLOD2', 'FAS', 'CALM1', 'NPTX1', 'TSPAN4', 'RALY', 'AA281932', 'HPRT1', 'MST150', 'LAMB1', 'SP100', 'SCN2B', 'SNRPN', 'NY.SAR.48', 'S100A11', 'CD47', 'MYBPC2', 'MED11', 'AA029415', 'RAB30', 'AA398420', 'ZNF329', 'FCGR2B', 'LAPTM5', 'RUNX1', 'STC1', 'ZNF549', 'UBE4B', 'HPCA', 'C9orf48', 'CYR61', 'HBA1', 'PPP3CB', 'RBP4', 'KCNJ1', 'AA401952', 'C1R', 'SYNGR3', 'DKFZp313A2432', 'EGLN2', 'RGS16', 'ZFHX1B', 'ADAM19', 'ATP6V1C1', 'AP4B1', 'TGFBI', 'ARPP.19', 'GPSM2', 'NOTCH1', 'PYHIN1', 'KIAA0963', 'ZNF233', 'URP2', 'FBXO2', 'KLRC1', 'H78560', 'ANK3', 'PRKCZ', 'AI822135', 'AI357047', 'DMN', 'NLGN1', 'VAMP2', 'SETD5', 'FABP3', 'OSBPL1A', 'CBLN2', 'MOAP1', 'R70506', 'HBXIP', 'GYPA', 'SPINT2', 'AI262682', 'FBXL16', 'FN1', 'ESM1', 'LOC613212', 'SPARC', 'AKR1C1', 'IQSEC1', 'STK17A', 'SVIL', 'COL3A1', 'SLC15A2', 'CAMK2A', 'FLJ35740', 'PLP2', 'ITGA3', 'T51726', 'PRKCG']}]
INCOMING
{'PCs': 43, <COParams.SEND_PROJ: ('Send projections', False)>: False, 'Row names': ['VASP', 'LUM', 'BCAM', 'HLA.G', 'AA669383', 'C16orf5', 'HNRNPG.T', 'DSCR1L1', 'TMEM49', 'T97457', 'PPP1R14A', 'CTHRC1', 'CLIC1', 'LMO7', 'ACAD8', 'MASP1', 'SYT7', 'UBA52', 'ITGA5', 'SCAMP5', 'CHN1', 'SRPX', 'ID4', 'L3MBTL4', 'CA11', 'TXNDC', 'COL9A2', 'COX7A1', 'GADD45B', 'ADM', 'MDFI', 'PLA2G2A', 'LOC389831', 'TMEM146', 'DNASE1L1', 'EFHB', 'APCS', 'FCGRT', 'AEBP1', 'ADCY1', 'SERPING1', 'PHLDA1', 'TNFRSF12A', 'FBXW7', 'TBC1D7', 'ABCA5', 'MSTP9', 'IGFBP3', 'NSF', 'COX6A2', 'KIAA1543', 'EMP3', 'AA490257', 'ANXA1', 'CSPG2', 'YWHAH', 'IL1RAP', 'DDN', 'SUV39H1', 'AI005038', 'T62491', 'PARP14', 'IMAGE.33267', 'TIMP3', 'COL4A2', 'ADARB2', 'ADFP', 'IL21R', 'HSPG2', 'PDXP', 'PDPN', 'KLRC2', 'PSG5', 'HLA.A', 'CKMT1A', 'PRRX1', 'LOC400451', 'TFDP2', 'CD53', 'TCF7L1', 'FBL', 'LRBA', 'S100A10', 'CDC20B', 'C1orf63', 'CLCA3', 'KLRC3', 'PDLIM7', 'UGCG', 'TLL2', 'BNIP2', 'CLTB', 'CEAL1', 'MGC26694', 'ZNF217', 'KIAA1644', 'AA181288', 'DDEF1', 'HLA.DRB1', 'HAMP', 'L1CAM', 'EDNRB', 'HK2', 'R52960', 'FAM46A', 'CDKN1A', 'SERPINI1', 'X37864', 'PARD3', 'COL6A2', 'NR4A1', 'STMN1', 'IGFBP5', 'GOT1', 'AI002301', 'H08563', 'USP6NL', 'LOC57228', 'NCF1', 'PDE2A', 'FAM84A', 'R70684', 'AA598631', 'ABCC3', 'NLK', 'DUS3L', 'NCF2', 'AKR1C2', 'MVP', 'AIF1', 'MB', 'CDKN2D', 'DES', 'SERPINA3', 'R61377', 'LOC146795', 'POSTN', 'WDR7', 'USP3', 'TIMP1', 'DPYD', 'TCTEX1D1', 'VEGF', 'CAP2', 'RPS3A', 'CCL2', 'FLJ38984', 'PSD3', 'MSN', 'PYCR1', 'ITPKA', 'SAA2', 'LOC283130', 'CBX6', 'SBP1', 'TncRNA', 'ID3', 'NMNAT2', 'CA12', 'DIP2C', 'PEG3', 'MMP2', 'VSNL1', 'BGN', 'APOC1', 'ZNF419B', 'MRC2', 'CACNB3', 'AA975768', 'N98591', 'HMOX1', 'LOC541471', 'INPP5F', 'DCLRE1B', 'MDK', 'ZNF226', 'WASF1', 'W93688', 'FZD7', 'RAB11FIP4', 'NDST1', 'RBP7', 'CCDC3', 'LY96', 'APOC2', 'ITGA9', 'EXT1', 'CYBA', 'C6orf12', 'DECR2', 'RPS19BP1', 'GPNMB', 'FBXO32', 'AA489629', 'FAM84B', 'CCR1', 'SERPINH1', 'SORT1', 'NPL', 'BLVRB', 'MGC39606', 'MTHFD2', 'CD58', 'EID.3', 'AA598555', 'MGC18216', 'FREQ', 'DYNLT1', 'IL32', 'SOCS3', 'MYC', 'RFXAP', 'A2BP1', 'MYCBP2', 'SLC35A2', 'SOX4', 'GBP2', 'RAB20', 'SLC16A3', 'LHFPL2', 'MAPKBP1', 'TOMM40', 'CD44', 'ASPA', 'RAB27B', 'BCL2A1', 'CASP1', 'KCNK6', 'LOC388610', 'PSG1', 'MST1', 'S100A1', 'IGHG1', 'TSPYL1', 'HLA.F', 'LILRA1', 'AA424849', 'H41096', 'CAMKK2', 'LAMA4', 'TNFAIP3', 'PNCK', 'GABBR1', 'C8orf4', 'MGC42367', 'LOC283070', 'D21S2089E', 'EPB49', 'KNS2', 'DDIT4', 'PLAU', 'PRG1', 'H24428', 'H86813', 'COL1A1', 'LGALS3', 'DEF6', 'PALLD', 'OSR1', 'HEY1', 'PYGL', 'IFI30', 'RTN3', 'TTC23', 'AA479357', 'AI263051', 'TAP1', 'AI335002', 'EDG1', 'GBP1', 'PRKAR1B', 'SNCG', 'SPAG6', 'DLL3', 'MGP', 'TNC', 'C4A', 'PCDHGC3', 'LSP1', 'PLAUR', 'PLTP', 'STXBP1', 'H10054', 'IGF1R', 'NDUFB11', 'IGF2BP3', 'CHI3L2', 'PRSS1', 'RND3', 'F13A1', 'CACNB2', 'LYN', 'MICAL2', 'PTPRZ1', 'YWHAG', 'NPC2', 'NNMT', 'LTF', 'EPHB1', 'KCNQ2', 'AI350724', 'CAV1', 'GAS1', 'IGSF3', 'H20822', 'COL1A2', 'HCLS1', 'AI871056', 'WWTR1', 'CAPG', 'X38595', 'CLSTN3', 'TSPAN6', 'NUAK1', 'MAL2', 'FGF13', 'STEAP3', 'PRSS3', 'AA131320', 'EDG3', 'PRKCB1', 'ANXA5', 'ZNF160', 'AA906888', 'GYPC', 'KCNMA1', 'PPP3CA', 'H91845', 'PDE4DIP', 'NEFH', 'C1orf187', 'PCP4', 'PLOD2', 'FAS', 'CALM1', 'NPTX1', 'TSPAN4', 'RALY', 'AA281932', 'HPRT1', 'MST150', 'LAMB1', 'SP100', 'SCN2B', 'SNRPN', 'NY.SAR.48', 'S100A11', 'CD47', 'MYBPC2', 'MED11', 'AA029415', 'RAB30', 'AA398420', 'ZNF329', 'FCGR2B', 'LAPTM5', 'RUNX1', 'STC1', 'ZNF549', 'UBE4B', 'HPCA', 'C9orf48', 'CYR61', 'HBA1', 'PPP3CB', 'RBP4', 'KCNJ1', 'AA401952', 'C1R', 'SYNGR3', 'DKFZp313A2432', 'EGLN2', 'RGS16', 'ZFHX1B', 'ADAM19', 'ATP6V1C1', 'AP4B1', 'TGFBI', 'ARPP.19', 'GPSM2', 'NOTCH1', 'PYHIN1', 'KIAA0963', 'ZNF233', 'URP2', 'FBXO2', 'KLRC1', 'H78560', 'ANK3', 'PRKCZ', 'AI822135', 'AI357047', 'DMN', 'NLGN1', 'VAMP2', 'SETD5', 'FABP3', 'OSBPL1A', 'CBLN2', 'MOAP1', 'R70506', 'HBXIP', 'GYPA', 'SPINT2', 'AI262682', 'FBXL16', 'FN1', 'ESM1', 'LOC613212', 'SPARC', 'AKR1C1', 'IQSEC1', 'STK17A', 'SVIL', 'COL3A1', 'SLC15A2', 'CAMK2A', 'FLJ35740', 'PLP2', 'ITGA3', 'T51726', 'PRKCG']}
K
[43, 43]
incoming[COParams.PCS.n]
43
INCOMING
{'PCs': 43, <COParams.SEND_PROJ: ('Send projections', False)>: False, 'Row names': ['VASP', 'LUM', 'BCAM', 'HLA.G', 'AA669383', 'C16orf5', 'HNRNPG.T', 'DSCR1L1', 'TMEM49', 'T97457', 'PPP1R14A', 'CTHRC1', 'CLIC1', 'LMO7', 'ACAD8', 'MASP1', 'SYT7', 'UBA52', 'ITGA5', 'SCAMP5', 'CHN1', 'SRPX', 'ID4', 'L3MBTL4', 'CA11', 'TXNDC', 'COL9A2', 'COX7A1', 'GADD45B', 'ADM', 'MDFI', 'PLA2G2A', 'LOC389831', 'TMEM146', 'DNASE1L1', 'EFHB', 'APCS', 'FCGRT', 'AEBP1', 'ADCY1', 'SERPING1', 'PHLDA1', 'TNFRSF12A', 'FBXW7', 'TBC1D7', 'ABCA5', 'MSTP9', 'IGFBP3', 'NSF', 'COX6A2', 'KIAA1543', 'EMP3', 'AA490257', 'ANXA1', 'CSPG2', 'YWHAH', 'IL1RAP', 'DDN', 'SUV39H1', 'AI005038', 'T62491', 'PARP14', 'IMAGE.33267', 'TIMP3', 'COL4A2', 'ADARB2', 'ADFP', 'IL21R', 'HSPG2', 'PDXP', 'PDPN', 'KLRC2', 'PSG5', 'HLA.A', 'CKMT1A', 'PRRX1', 'LOC400451', 'TFDP2', 'CD53', 'TCF7L1', 'FBL', 'LRBA', 'S100A10', 'CDC20B', 'C1orf63', 'CLCA3', 'KLRC3', 'PDLIM7', 'UGCG', 'TLL2', 'BNIP2', 'CLTB', 'CEAL1', 'MGC26694', 'ZNF217', 'KIAA1644', 'AA181288', 'DDEF1', 'HLA.DRB1', 'HAMP', 'L1CAM', 'EDNRB', 'HK2', 'R52960', 'FAM46A', 'CDKN1A', 'SERPINI1', 'X37864', 'PARD3', 'COL6A2', 'NR4A1', 'STMN1', 'IGFBP5', 'GOT1', 'AI002301', 'H08563', 'USP6NL', 'LOC57228', 'NCF1', 'PDE2A', 'FAM84A', 'R70684', 'AA598631', 'ABCC3', 'NLK', 'DUS3L', 'NCF2', 'AKR1C2', 'MVP', 'AIF1', 'MB', 'CDKN2D', 'DES', 'SERPINA3', 'R61377', 'LOC146795', 'POSTN', 'WDR7', 'USP3', 'TIMP1', 'DPYD', 'TCTEX1D1', 'VEGF', 'CAP2', 'RPS3A', 'CCL2', 'FLJ38984', 'PSD3', 'MSN', 'PYCR1', 'ITPKA', 'SAA2', 'LOC283130', 'CBX6', 'SBP1', 'TncRNA', 'ID3', 'NMNAT2', 'CA12', 'DIP2C', 'PEG3', 'MMP2', 'VSNL1', 'BGN', 'APOC1', 'ZNF419B', 'MRC2', 'CACNB3', 'AA975768', 'N98591', 'HMOX1', 'LOC541471', 'INPP5F', 'DCLRE1B', 'MDK', 'ZNF226', 'WASF1', 'W93688', 'FZD7', 'RAB11FIP4', 'NDST1', 'RBP7', 'CCDC3', 'LY96', 'APOC2', 'ITGA9', 'EXT1', 'CYBA', 'C6orf12', 'DECR2', 'RPS19BP1', 'GPNMB', 'FBXO32', 'AA489629', 'FAM84B', 'CCR1', 'SERPINH1', 'SORT1', 'NPL', 'BLVRB', 'MGC39606', 'MTHFD2', 'CD58', 'EID.3', 'AA598555', 'MGC18216', 'FREQ', 'DYNLT1', 'IL32', 'SOCS3', 'MYC', 'RFXAP', 'A2BP1', 'MYCBP2', 'SLC35A2', 'SOX4', 'GBP2', 'RAB20', 'SLC16A3', 'LHFPL2', 'MAPKBP1', 'TOMM40', 'CD44', 'ASPA', 'RAB27B', 'BCL2A1', 'CASP1', 'KCNK6', 'LOC388610', 'PSG1', 'MST1', 'S100A1', 'IGHG1', 'TSPYL1', 'HLA.F', 'LILRA1', 'AA424849', 'H41096', 'CAMKK2', 'LAMA4', 'TNFAIP3', 'PNCK', 'GABBR1', 'C8orf4', 'MGC42367', 'LOC283070', 'D21S2089E', 'EPB49', 'KNS2', 'DDIT4', 'PLAU', 'PRG1', 'H24428', 'H86813', 'COL1A1', 'LGALS3', 'DEF6', 'PALLD', 'OSR1', 'HEY1', 'PYGL', 'IFI30', 'RTN3', 'TTC23', 'AA479357', 'AI263051', 'TAP1', 'AI335002', 'EDG1', 'GBP1', 'PRKAR1B', 'SNCG', 'SPAG6', 'DLL3', 'MGP', 'TNC', 'C4A', 'PCDHGC3', 'LSP1', 'PLAUR', 'PLTP', 'STXBP1', 'H10054', 'IGF1R', 'NDUFB11', 'IGF2BP3', 'CHI3L2', 'PRSS1', 'RND3', 'F13A1', 'CACNB2', 'LYN', 'MICAL2', 'PTPRZ1', 'YWHAG', 'NPC2', 'NNMT', 'LTF', 'EPHB1', 'KCNQ2', 'AI350724', 'CAV1', 'GAS1', 'IGSF3', 'H20822', 'COL1A2', 'HCLS1', 'AI871056', 'WWTR1', 'CAPG', 'X38595', 'CLSTN3', 'TSPAN6', 'NUAK1', 'MAL2', 'FGF13', 'STEAP3', 'PRSS3', 'AA131320', 'EDG3', 'PRKCB1', 'ANXA5', 'ZNF160', 'AA906888', 'GYPC', 'KCNMA1', 'PPP3CA', 'H91845', 'PDE4DIP', 'NEFH', 'C1orf187', 'PCP4', 'PLOD2', 'FAS', 'CALM1', 'NPTX1', 'TSPAN4', 'RALY', 'AA281932', 'HPRT1', 'MST150', 'LAMB1', 'SP100', 'SCN2B', 'SNRPN', 'NY.SAR.48', 'S100A11', 'CD47', 'MYBPC2', 'MED11', 'AA029415', 'RAB30', 'AA398420', 'ZNF329', 'FCGR2B', 'LAPTM5', 'RUNX1', 'STC1', 'ZNF549', 'UBE4B', 'HPCA', 'C9orf48', 'CYR61', 'HBA1', 'PPP3CB', 'RBP4', 'KCNJ1', 'AA401952', 'C1R', 'SYNGR3', 'DKFZp313A2432', 'EGLN2', 'RGS16', 'ZFHX1B', 'ADAM19', 'ATP6V1C1', 'AP4B1', 'TGFBI', 'ARPP.19', 'GPSM2', 'NOTCH1', 'PYHIN1', 'KIAA0963', 'ZNF233', 'URP2', 'FBXO2', 'KLRC1', 'H78560', 'ANK3', 'PRKCZ', 'AI822135', 'AI357047', 'DMN', 'NLGN1', 'VAMP2', 'SETD5', 'FABP3', 'OSBPL1A', 'CBLN2', 'MOAP1', 'R70506', 'HBXIP', 'GYPA', 'SPINT2', 'AI262682', 'FBXL16', 'FN1', 'ESM1', 'LOC613212', 'SPARC', 'AKR1C1', 'IQSEC1', 'STK17A', 'SVIL', 'COL3A1', 'SLC15A2', 'CAMK2A', 'FLJ35740', 'PLP2', 'ITGA3', 'T51726', 'PRKCG']}
K
[43, 43]
incoming[COParams.PCS.n]
43
['VASP', 'LUM', 'BCAM', 'HLA.G', 'AA669383', 'C16orf5', 'HNRNPG.T', 'DSCR1L1', 'TMEM49', 'T97457', 'PPP1R14A', 'CTHRC1', 'CLIC1', 'LMO7', 'ACAD8', 'MASP1', 'SYT7', 'UBA52', 'ITGA5', 'SCAMP5', 'CHN1', 'SRPX', 'ID4', 'L3MBTL4', 'CA11', 'TXNDC', 'COL9A2', 'COX7A1', 'GADD45B', 'ADM', 'MDFI', 'PLA2G2A', 'LOC389831', 'TMEM146', 'DNASE1L1', 'EFHB', 'APCS', 'FCGRT', 'AEBP1', 'ADCY1', 'SERPING1', 'PHLDA1', 'TNFRSF12A', 'FBXW7', 'TBC1D7', 'ABCA5', 'MSTP9', 'IGFBP3', 'NSF', 'COX6A2', 'KIAA1543', 'EMP3', 'AA490257', 'ANXA1', 'CSPG2', 'YWHAH', 'IL1RAP', 'DDN', 'SUV39H1', 'AI005038', 'T62491', 'PARP14', 'IMAGE.33267', 'TIMP3', 'COL4A2', 'ADARB2', 'ADFP', 'IL21R', 'HSPG2', 'PDXP', 'PDPN', 'KLRC2', 'PSG5', 'HLA.A', 'CKMT1A', 'PRRX1', 'LOC400451', 'TFDP2', 'CD53', 'TCF7L1', 'FBL', 'LRBA', 'S100A10', 'CDC20B', 'C1orf63', 'CLCA3', 'KLRC3', 'PDLIM7', 'UGCG', 'TLL2', 'BNIP2', 'CLTB', 'CEAL1', 'MGC26694', 'ZNF217', 'KIAA1644', 'AA181288', 'DDEF1', 'HLA.DRB1', 'HAMP', 'L1CAM', 'EDNRB', 'HK2', 'R52960', 'FAM46A', 'CDKN1A', 'SERPINI1', 'X37864', 'PARD3', 'COL6A2', 'NR4A1', 'STMN1', 'IGFBP5', 'GOT1', 'AI002301', 'H08563', 'USP6NL', 'LOC57228', 'NCF1', 'PDE2A', 'FAM84A', 'R70684', 'AA598631', 'ABCC3', 'NLK', 'DUS3L', 'NCF2', 'AKR1C2', 'MVP', 'AIF1', 'MB', 'CDKN2D', 'DES', 'SERPINA3', 'R61377', 'LOC146795', 'POSTN', 'WDR7', 'USP3', 'TIMP1', 'DPYD', 'TCTEX1D1', 'VEGF', 'CAP2', 'RPS3A', 'CCL2', 'FLJ38984', 'PSD3', 'MSN', 'PYCR1', 'ITPKA', 'SAA2', 'LOC283130', 'CBX6', 'SBP1', 'TncRNA', 'ID3', 'NMNAT2', 'CA12', 'DIP2C', 'PEG3', 'MMP2', 'VSNL1', 'BGN', 'APOC1', 'ZNF419B', 'MRC2', 'CACNB3', 'AA975768', 'N98591', 'HMOX1', 'LOC541471', 'INPP5F', 'DCLRE1B', 'MDK', 'ZNF226', 'WASF1', 'W93688', 'FZD7', 'RAB11FIP4', 'NDST1', 'RBP7', 'CCDC3', 'LY96', 'APOC2', 'ITGA9', 'EXT1', 'CYBA', 'C6orf12', 'DECR2', 'RPS19BP1', 'GPNMB', 'FBXO32', 'AA489629', 'FAM84B', 'CCR1', 'SERPINH1', 'SORT1', 'NPL', 'BLVRB', 'MGC39606', 'MTHFD2', 'CD58', 'EID.3', 'AA598555', 'MGC18216', 'FREQ', 'DYNLT1', 'IL32', 'SOCS3', 'MYC', 'RFXAP', 'A2BP1', 'MYCBP2', 'SLC35A2', 'SOX4', 'GBP2', 'RAB20', 'SLC16A3', 'LHFPL2', 'MAPKBP1', 'TOMM40', 'CD44', 'ASPA', 'RAB27B', 'BCL2A1', 'CASP1', 'KCNK6', 'LOC388610', 'PSG1', 'MST1', 'S100A1', 'IGHG1', 'TSPYL1', 'HLA.F', 'LILRA1', 'AA424849', 'H41096', 'CAMKK2', 'LAMA4', 'TNFAIP3', 'PNCK', 'GABBR1', 'C8orf4', 'MGC42367', 'LOC283070', 'D21S2089E', 'EPB49', 'KNS2', 'DDIT4', 'PLAU', 'PRG1', 'H24428', 'H86813', 'COL1A1', 'LGALS3', 'DEF6', 'PALLD', 'OSR1', 'HEY1', 'PYGL', 'IFI30', 'RTN3', 'TTC23', 'AA479357', 'AI263051', 'TAP1', 'AI335002', 'EDG1', 'GBP1', 'PRKAR1B', 'SNCG', 'SPAG6', 'DLL3', 'MGP', 'TNC', 'C4A', 'PCDHGC3', 'LSP1', 'PLAUR', 'PLTP', 'STXBP1', 'H10054', 'IGF1R', 'NDUFB11', 'IGF2BP3', 'CHI3L2', 'PRSS1', 'RND3', 'F13A1', 'CACNB2', 'LYN', 'MICAL2', 'PTPRZ1', 'YWHAG', 'NPC2', 'NNMT', 'LTF', 'EPHB1', 'KCNQ2', 'AI350724', 'CAV1', 'GAS1', 'IGSF3', 'H20822', 'COL1A2', 'HCLS1', 'AI871056', 'WWTR1', 'CAPG', 'X38595', 'CLSTN3', 'TSPAN6', 'NUAK1', 'MAL2', 'FGF13', 'STEAP3', 'PRSS3', 'AA131320', 'EDG3', 'PRKCB1', 'ANXA5', 'ZNF160', 'AA906888', 'GYPC', 'KCNMA1', 'PPP3CA', 'H91845', 'PDE4DIP', 'NEFH', 'C1orf187', 'PCP4', 'PLOD2', 'FAS', 'CALM1', 'NPTX1', 'TSPAN4', 'RALY', 'AA281932', 'HPRT1', 'MST150', 'LAMB1', 'SP100', 'SCN2B', 'SNRPN', 'NY.SAR.48', 'S100A11', 'CD47', 'MYBPC2', 'MED11', 'AA029415', 'RAB30', 'AA398420', 'ZNF329', 'FCGR2B', 'LAPTM5', 'RUNX1', 'STC1', 'ZNF549', 'UBE4B', 'HPCA', 'C9orf48', 'CYR61', 'HBA1', 'PPP3CB', 'RBP4', 'KCNJ1', 'AA401952', 'C1R', 'SYNGR3', 'DKFZp313A2432', 'EGLN2', 'RGS16', 'ZFHX1B', 'ADAM19', 'ATP6V1C1', 'AP4B1', 'TGFBI', 'ARPP.19', 'GPSM2', 'NOTCH1', 'PYHIN1', 'KIAA0963', 'ZNF233', 'URP2', 'FBXO2', 'KLRC1', 'H78560', 'ANK3', 'PRKCZ', 'AI822135', 'AI357047', 'DMN', 'NLGN1', 'VAMP2', 'SETD5', 'FABP3', 'OSBPL1A', 'CBLN2', 'MOAP1', 'R70506', 'HBXIP', 'GYPA', 'SPINT2', 'AI262682', 'FBXL16', 'FN1', 'ESM1', 'LOC613212', 'SPARC', 'AKR1C1', 'IQSEC1', 'STK17A', 'SVIL', 'COL3A1', 'SLC15A2', 'CAMK2A', 'FLJ35740', 'PLP2', 'ITGA3', 'T51726', 'PRKCG']
INDEX
[12, 378, 49, 329, 270, 155, 43, 334, 140, 92, 420, 385, 99, 226, 13, 88, 405, 93, 77, 182, 374, 380, 171, 222, 352, 396, 197, 18, 412, 144, 394, 276, 235, 55, 308, 262, 287, 300, 157, 303, 173, 260, 71, 376, 129, 131, 230, 115, 281, 59, 22, 74, 234, 179, 148, 344, 328, 336, 163, 301, 311, 407, 84, 123, 122, 4, 227, 284, 161, 168, 86, 117, 36, 217, 278, 327, 156, 57, 283, 132, 413, 46, 325, 265, 14, 17, 116, 253, 346, 53, 410, 214, 19, 210, 233, 153, 249, 32, 417, 304, 296, 111, 291, 342, 275, 259, 347, 127, 5, 159, 392, 187, 219, 261, 350, 69, 15, 137, 351, 121, 382, 398, 377, 221, 348, 21, 316, 9, 273, 365, 238, 269, 363, 198, 185, 195, 267, 126, 256, 82, 223, 10, 100, 319, 183, 274, 242, 106, 68, 220, 290, 369, 414, 150, 39, 409, 356, 145, 110, 1, 139, 324, 313, 70, 51, 31, 130, 172, 236, 419, 175, 79, 322, 28, 272, 24, 149, 255, 411, 282, 402, 63, 8, 248, 178, 331, 0, 355, 335, 135, 162, 309, 37, 180, 96, 332, 143, 26, 119, 65, 3, 176, 133, 20, 354, 35, 345, 387, 247, 85, 264, 164, 216, 73, 299, 196, 338, 389, 142, 108, 170, 360, 305, 81, 151, 343, 252, 56, 203, 66, 134, 341, 381, 95, 366, 47, 391, 383, 295, 289, 266, 125, 146, 315, 40, 27, 42, 393, 245, 293, 184, 418, 279, 181, 102, 113, 254, 397, 41, 160, 243, 104, 75, 62, 231, 359, 357, 215, 25, 246, 212, 218, 6, 94, 423, 165, 241, 229, 211, 124, 318, 206, 401, 52, 61, 250, 87, 368, 174, 340, 16, 395, 408, 302, 213, 364, 128, 232, 191, 277, 367, 399, 388, 64, 224, 158, 209, 204, 190, 72, 257, 271, 258, 307, 333, 205, 114, 317, 136, 321, 339, 192, 45, 193, 263, 228, 112, 298, 323, 186, 361, 379, 268, 306, 251, 422, 330, 97, 101, 288, 138, 320, 208, 404, 244, 353, 90, 103, 67, 406, 199, 239, 83, 38, 240, 326, 107, 167, 29, 60, 384, 109, 370, 310, 78, 292, 34, 386, 189, 372, 166, 48, 76, 400, 375, 105, 44, 358, 120, 50, 237, 297, 280, 58, 285, 312, 118, 80, 349, 200, 225, 207, 33, 154, 147, 91, 141, 294, 337, 169, 177, 23, 11, 314, 194, 188, 202, 390, 98, 403, 7, 362, 415, 2, 152, 421, 286, 201, 89, 373, 371, 416]
['VASP', 'LUM', 'BCAM', 'HLA.G', 'AA669383', 'C16orf5', 'HNRNPG.T', 'DSCR1L1', 'TMEM49', 'T97457', 'PPP1R14A', 'CTHRC1', 'CLIC1', 'LMO7', 'ACAD8', 'MASP1', 'SYT7', 'UBA52', 'ITGA5', 'SCAMP5', 'CHN1', 'SRPX', 'ID4', 'L3MBTL4', 'CA11', 'TXNDC', 'COL9A2', 'COX7A1', 'GADD45B', 'ADM', 'MDFI', 'PLA2G2A', 'LOC389831', 'TMEM146', 'DNASE1L1', 'EFHB', 'APCS', 'FCGRT', 'AEBP1', 'ADCY1', 'SERPING1', 'PHLDA1', 'TNFRSF12A', 'FBXW7', 'TBC1D7', 'ABCA5', 'MSTP9', 'IGFBP3', 'NSF', 'COX6A2', 'KIAA1543', 'EMP3', 'AA490257', 'ANXA1', 'CSPG2', 'YWHAH', 'IL1RAP', 'DDN', 'SUV39H1', 'AI005038', 'T62491', 'PARP14', 'IMAGE.33267', 'TIMP3', 'COL4A2', 'ADARB2', 'ADFP', 'IL21R', 'HSPG2', 'PDXP', 'PDPN', 'KLRC2', 'PSG5', 'HLA.A', 'CKMT1A', 'PRRX1', 'LOC400451', 'TFDP2', 'CD53', 'TCF7L1', 'FBL', 'LRBA', 'S100A10', 'CDC20B', 'C1orf63', 'CLCA3', 'KLRC3', 'PDLIM7', 'UGCG', 'TLL2', 'BNIP2', 'CLTB', 'CEAL1', 'MGC26694', 'ZNF217', 'KIAA1644', 'AA181288', 'DDEF1', 'HLA.DRB1', 'HAMP', 'L1CAM', 'EDNRB', 'HK2', 'R52960', 'FAM46A', 'CDKN1A', 'SERPINI1', 'X37864', 'PARD3', 'COL6A2', 'NR4A1', 'STMN1', 'IGFBP5', 'GOT1', 'AI002301', 'H08563', 'USP6NL', 'LOC57228', 'NCF1', 'PDE2A', 'FAM84A', 'R70684', 'AA598631', 'ABCC3', 'NLK', 'DUS3L', 'NCF2', 'AKR1C2', 'MVP', 'AIF1', 'MB', 'CDKN2D', 'DES', 'SERPINA3', 'R61377', 'LOC146795', 'POSTN', 'WDR7', 'USP3', 'TIMP1', 'DPYD', 'TCTEX1D1', 'VEGF', 'CAP2', 'RPS3A', 'CCL2', 'FLJ38984', 'PSD3', 'MSN', 'PYCR1', 'ITPKA', 'SAA2', 'LOC283130', 'CBX6', 'SBP1', 'TncRNA', 'ID3', 'NMNAT2', 'CA12', 'DIP2C', 'PEG3', 'MMP2', 'VSNL1', 'BGN', 'APOC1', 'ZNF419B', 'MRC2', 'CACNB3', 'AA975768', 'N98591', 'HMOX1', 'LOC541471', 'INPP5F', 'DCLRE1B', 'MDK', 'ZNF226', 'WASF1', 'W93688', 'FZD7', 'RAB11FIP4', 'NDST1', 'RBP7', 'CCDC3', 'LY96', 'APOC2', 'ITGA9', 'EXT1', 'CYBA', 'C6orf12', 'DECR2', 'RPS19BP1', 'GPNMB', 'FBXO32', 'AA489629', 'FAM84B', 'CCR1', 'SERPINH1', 'SORT1', 'NPL', 'BLVRB', 'MGC39606', 'MTHFD2', 'CD58', 'EID.3', 'AA598555', 'MGC18216', 'FREQ', 'DYNLT1', 'IL32', 'SOCS3', 'MYC', 'RFXAP', 'A2BP1', 'MYCBP2', 'SLC35A2', 'SOX4', 'GBP2', 'RAB20', 'SLC16A3', 'LHFPL2', 'MAPKBP1', 'TOMM40', 'CD44', 'ASPA', 'RAB27B', 'BCL2A1', 'CASP1', 'KCNK6', 'LOC388610', 'PSG1', 'MST1', 'S100A1', 'IGHG1', 'TSPYL1', 'HLA.F', 'LILRA1', 'AA424849', 'H41096', 'CAMKK2', 'LAMA4', 'TNFAIP3', 'PNCK', 'GABBR1', 'C8orf4', 'MGC42367', 'LOC283070', 'D21S2089E', 'EPB49', 'KNS2', 'DDIT4', 'PLAU', 'PRG1', 'H24428', 'H86813', 'COL1A1', 'LGALS3', 'DEF6', 'PALLD', 'OSR1', 'HEY1', 'PYGL', 'IFI30', 'RTN3', 'TTC23', 'AA479357', 'AI263051', 'TAP1', 'AI335002', 'EDG1', 'GBP1', 'PRKAR1B', 'SNCG', 'SPAG6', 'DLL3', 'MGP', 'TNC', 'C4A', 'PCDHGC3', 'LSP1', 'PLAUR', 'PLTP', 'STXBP1', 'H10054', 'IGF1R', 'NDUFB11', 'IGF2BP3', 'CHI3L2', 'PRSS1', 'RND3', 'F13A1', 'CACNB2', 'LYN', 'MICAL2', 'PTPRZ1', 'YWHAG', 'NPC2', 'NNMT', 'LTF', 'EPHB1', 'KCNQ2', 'AI350724', 'CAV1', 'GAS1', 'IGSF3', 'H20822', 'COL1A2', 'HCLS1', 'AI871056', 'WWTR1', 'CAPG', 'X38595', 'CLSTN3', 'TSPAN6', 'NUAK1', 'MAL2', 'FGF13', 'STEAP3', 'PRSS3', 'AA131320', 'EDG3', 'PRKCB1', 'ANXA5', 'ZNF160', 'AA906888', 'GYPC', 'KCNMA1', 'PPP3CA', 'H91845', 'PDE4DIP', 'NEFH', 'C1orf187', 'PCP4', 'PLOD2', 'FAS', 'CALM1', 'NPTX1', 'TSPAN4', 'RALY', 'AA281932', 'HPRT1', 'MST150', 'LAMB1', 'SP100', 'SCN2B', 'SNRPN', 'NY.SAR.48', 'S100A11', 'CD47', 'MYBPC2', 'MED11', 'AA029415', 'RAB30', 'AA398420', 'ZNF329', 'FCGR2B', 'LAPTM5', 'RUNX1', 'STC1', 'ZNF549', 'UBE4B', 'HPCA', 'C9orf48', 'CYR61', 'HBA1', 'PPP3CB', 'RBP4', 'KCNJ1', 'AA401952', 'C1R', 'SYNGR3', 'DKFZp313A2432', 'EGLN2', 'RGS16', 'ZFHX1B', 'ADAM19', 'ATP6V1C1', 'AP4B1', 'TGFBI', 'ARPP.19', 'GPSM2', 'NOTCH1', 'PYHIN1', 'KIAA0963', 'ZNF233', 'URP2', 'FBXO2', 'KLRC1', 'H78560', 'ANK3', 'PRKCZ', 'AI822135', 'AI357047', 'DMN', 'NLGN1', 'VAMP2', 'SETD5', 'FABP3', 'OSBPL1A', 'CBLN2', 'MOAP1', 'R70506', 'HBXIP', 'GYPA', 'SPINT2', 'AI262682', 'FBXL16', 'FN1', 'ESM1', 'LOC613212', 'SPARC', 'AKR1C1', 'IQSEC1', 'STK17A', 'SVIL', 'COL3A1', 'SLC15A2', 'CAMK2A', 'FLJ35740', 'PLP2', 'ITGA3', 'T51726', 'PRKCG']
INDEX
[12, 378, 49, 329, 270, 155, 43, 334, 140, 92, 420, 385, 99, 226, 13, 88, 405, 93, 77, 182, 374, 380, 171, 222, 352, 396, 197, 18, 412, 144, 394, 276, 235, 55, 308, 262, 287, 300, 157, 303, 173, 260, 71, 376, 129, 131, 230, 115, 281, 59, 22, 74, 234, 179, 148, 344, 328, 336, 163, 301, 311, 407, 84, 123, 122, 4, 227, 284, 161, 168, 86, 117, 36, 217, 278, 327, 156, 57, 283, 132, 413, 46, 325, 265, 14, 17, 116, 253, 346, 53, 410, 214, 19, 210, 233, 153, 249, 32, 417, 304, 296, 111, 291, 342, 275, 259, 347, 127, 5, 159, 392, 187, 219, 261, 350, 69, 15, 137, 351, 121, 382, 398, 377, 221, 348, 21, 316, 9, 273, 365, 238, 269, 363, 198, 185, 195, 267, 126, 256, 82, 223, 10, 100, 319, 183, 274, 242, 106, 68, 220, 290, 369, 414, 150, 39, 409, 356, 145, 110, 1, 139, 324, 313, 70, 51, 31, 130, 172, 236, 419, 175, 79, 322, 28, 272, 24, 149, 255, 411, 282, 402, 63, 8, 248, 178, 331, 0, 355, 335, 135, 162, 309, 37, 180, 96, 332, 143, 26, 119, 65, 3, 176, 133, 20, 354, 35, 345, 387, 247, 85, 264, 164, 216, 73, 299, 196, 338, 389, 142, 108, 170, 360, 305, 81, 151, 343, 252, 56, 203, 66, 134, 341, 381, 95, 366, 47, 391, 383, 295, 289, 266, 125, 146, 315, 40, 27, 42, 393, 245, 293, 184, 418, 279, 181, 102, 113, 254, 397, 41, 160, 243, 104, 75, 62, 231, 359, 357, 215, 25, 246, 212, 218, 6, 94, 423, 165, 241, 229, 211, 124, 318, 206, 401, 52, 61, 250, 87, 368, 174, 340, 16, 395, 408, 302, 213, 364, 128, 232, 191, 277, 367, 399, 388, 64, 224, 158, 209, 204, 190, 72, 257, 271, 258, 307, 333, 205, 114, 317, 136, 321, 339, 192, 45, 193, 263, 228, 112, 298, 323, 186, 361, 379, 268, 306, 251, 422, 330, 97, 101, 288, 138, 320, 208, 404, 244, 353, 90, 103, 67, 406, 199, 239, 83, 38, 240, 326, 107, 167, 29, 60, 384, 109, 370, 310, 78, 292, 34, 386, 189, 372, 166, 48, 76, 400, 375, 105, 44, 358, 120, 50, 237, 297, 280, 58, 285, 312, 118, 80, 349, 200, 225, 207, 33, 154, 147, 91, 141, 294, 337, 169, 177, 23, 11, 314, 194, 188, 202, 390, 98, 403, 7, 362, 415, 2, 152, 421, 286, 201, 89, 373, 371, 416]
[Time: 28.06.23 07:55:29] [Level: info] transition: compute_std
[Time: 28.06.23 07:55:30] [Level: info] state: compute_std
[CTRL] GET /data
[CTRL] POST /data
(422, 1)
(422, 1)
[Time: 28.06.23 07:55:32] [Level: info] transition: apply_scaling
[Time: 28.06.23 07:55:33] [Level: info] state: apply_scaling
[CTRL] GET /data
[CTRL] POST /data
TEST
COParams.STDS.n[idx]
S
COParams.STDS.n
Stds
[Time: 28.06.23 07:55:35] [Level: info] Traceback (most recent call last):
  File "/app/engine/app.py", line 169, in guarded_run
    self.run()
  File "/app/engine/app.py", line 184, in run
    transition = self.current_state.run()
  File "/app/apps/svd/app.py", line 172, in run
    self.load('mfa').apply_scaling(incoming, highly_variable=config.highly_variable)
  File "/app/apps/svd/FC_Federated_MFA.py", line 195, in apply_scaling
    self.std[idx] = incoming[COParams.STDS.n[idx]].reshape((len(incoming[COParams.STDS.n[idx]]),1))
KeyError: 'S'

