2023-06-23 09:01:09,848 CRIT Supervisor is running as root.  Privileges were not dropped because no user is specified in the config file.  If you intend to run as root, you can set user=root in the config file to avoid this message.
2023-06-23 09:01:09,850 INFO supervisord started with pid 7
2023-06-23 09:01:10,852 INFO spawned: 'nginx' with pid 10
2023-06-23 09:01:10,854 INFO spawned: 'app' with pid 11
2023-06-23 09:01:11,879 INFO success: nginx entered RUNNING state, process has stayed up for > than 1 seconds (startsecs)
2023-06-23 09:01:11,879 INFO success: app entered RUNNING state, process has stayed up for > than 1 seconds (startsecs)
[CTRL] POST /setup
[Time: 23.06.23 09:01:13] [Level: info] id: ab1857681518588c
[Time: 23.06.23 09:01:13] [Level: info] coordinator: False
[Time: 23.06.23 09:01:13] [Level: info] clients: ['ab1857681518588c', '98525d335759b1a1']
[Time: 23.06.23 09:01:13] [Level: info] state: initial
[CLIENT] Parsing parameter file...
[API] /setup parsing parameter file 
[API] /setup config file found ... parsing file: /mnt/input/config.yaml
YAML file does not follow specification: missing key: eigenvalues
Setting default: eigenvalues.tsv
YAML file does not follow specification: missing key: explained_variance
Setting default: eigenvalues.tsv
YAML file does not follow specification: missing key: output delimiter
Setting default: tab
[API] /setup config file found ... parsing done
[CLIENT] finished parsing parameter file.
[STARTUP] Instantiate SVD
[STARTUP] Copy configuration and create dir
[STARTUP] Configuration copied
Log Transform performed
/app/apps/svd/FC_Federated_PCA.py:89: RuntimeWarning: invalid value encountered in log2
  self.tabdata.scaled = np.log2(self.tabdata.scaled+1)
[Time: 23.06.23 09:01:13] [Level: info] transition: wait_for_params
[Time: 23.06.23 09:01:14] [Level: info] state: wait_for_params
[CTRL] GET /data
[CTRL] POST /data
setting parameters
[API] Setting parameters
['SPINT2', 'IGHG1', 'CACNB2', 'CDKN1A', 'CAMKK2', 'FBXL16', 'IQSEC1', 'EPB49', 'MYCBP2', 'PYGL', 'PRKCB1', 'DCLRE1B', 'FAM46A', 'DPYD', 'C6orf12', 'CCR1', 'LGALS3', 'HEY1', 'IGFBP3', 'CLCA3', 'HAMP', 'ID4', 'LOC57228', 'URP2', 'T51726', 'CACNB3', 'AA598555', 'HCLS1', 'L1CAM', 'LUM', 'AIF1', 'GADD45B', 'TLL2', 'PRSS3', 'HNRNPG.T', 'ITGA9', 'SBP1', 'CA11', 'CBX6', 'SERPINA3', 'NMNAT2', 'LOC283130', 'CLSTN3', 'DDN', 'C9orf48', 'SCN2B', 'TncRNA', 'H91845', 'SRPX', 'SORT1', 'SERPINI1', 'NPC2', 'PLAU', 'TMEM146', 'C1orf187', 'CTHRC1', 'KCNMA1', 'CCDC3', 'MSN', 'LOC388610', 'WWTR1', 'LOC283070', 'TSPYL1', 'PYHIN1', 'DIP2C', 'FN1', 'BCL2A1', 'KIAA1543', 'EMP3', 'H20822', 'ADM', 'IGSF3', 'RAB27B', 'AA975768', 'GAS1', 'AA424849', 'EDG1', 'CHI3L2', 'AP4B1', 'ARPP.19', 'PALLD', 'LYN', 'HLA.F', 'KNS2', 'GOT1', 'APCS', 'R70684', 'MMP2', 'DSCR1L1', 'T62491', 'SNCG', 'MYBPC2', 'CYBA', 'MDK', 'MYC', 'KLRC3', 'ITGA3', 'ANXA1', 'ADCY1', 'PPP3CB', 'AI871056', 'AKR1C2', 'LOC146795', 'MST1', 'FAM84A', 'HSPG2', 'AA398420', 'SLC35A2', 'GYPA', 'PRKCG', 'AA181288', 'AA479357', 'DECR2', 'PPP3CA', 'LAMB1', 'HPRT1', 'NCF2', 'GBP1', 'DES', 'BCAM', 'IMAGE.33267', 'SERPING1', 'R70506', 'NLGN1', 'C8orf4', 'T97457', 'UBE4B', 'SP100', 'GABBR1', 'SYT7', 'DDIT4', 'TOMM40', 'RTN3', 'STXBP1', 'AI005038', 'RAB20', 'C1orf63', 'RBP4', 'H78560', 'NR4A1', 'ZNF419B', 'PDPN', 'INPP5F', 'LTF', 'COL1A1', 'PCDHGC3', 'PCP4', 'AA131320', 'PRSS1', 'PYCR1', 'AEBP1', 'RBP7', 'TIMP1', 'COL6A2', 'SPARC', 'SLC16A3', 'CAMK2A', 'COX6A2', 'AA489629', 'LOC613212', 'STEAP3', 'MAPKBP1', 'PRKAR1B', 'S100A10', 'CALM1', 'FZD7', 'KLRC2', 'IL21R', 'STMN1', 'IGFBP5', 'IL32', 'EPHB1', 'FAM84B', 'SVIL', 'CA12', 'DEF6', 'GYPC', 'R52960', 'CD53', 'ZNF226', 'PDLIM7', 'SERPINH1', 'AI263051', 'TNFRSF12A', 'TCF7L1', 'CEAL1', 'FREQ', 'RAB11FIP4', 'AI350724', 'F13A1', 'LAMA4', 'WDR7', 'ID3', 'NY.SAR.48', 'MTHFD2', 'NPTX1', 'EXT1', 'LHFPL2', 'EDG3', 'FLJ38984', 'MDFI', 'MST150', 'HLA.DRB1', 'CASP1', 'KCNJ1', 'PDXP', 'H41096', 'ESM1', 'RPS19BP1', 'ACAD8', 'PTPRZ1', 'PRRX1', 'LAPTM5', 'A2BP1', 'COL3A1', 'USP6NL', 'PLAUR', 'PRKCZ', 'PPP1R14A', 'OSBPL1A', 'IL1RAP', 'MAL2', 'AA490257', 'VSNL1', 'PSG5', 'DNASE1L1', 'KIAA1644', 'RFXAP', 'COL1A2', 'SCAMP5', 'TNFAIP3', 'TTC23', 'CD58', 'ADAM19', 'FGF13', 'PRG1', 'USP3', 'PDE2A', 'HMOX1', 'ZFHX1B', 'UBA52', 'AA281932', 'NSF', 'AA906888', 'C16orf5', 'RGS16', 'BNIP2', 'CDC20B', 'HLA.A', 'IGF2BP3', 'MVP', 'AA669383', 'SLC15A2', 'W93688', 'AKR1C1', 'TMEM49', 'TFDP2', 'KCNK6', 'ANXA5', 'MGC18216', 'PLOD2', 'LOC389831', 'MASP1', 'LRBA', 'MGP', 'MSTP9', 'COX7A1', 'S100A11', 'NPL', 'SOCS3', 'MGC42367', 'ZNF160', 'DMN', 'EDNRB', 'COL9A2', 'MICAL2', 'CHN1', 'AI002301', 'R61377', 'FBL', 'SAA2', 'PLP2', 'ABCA5', 'RALY', 'ABCC3', 'DYNLT1', 'VEGF', 'BGN', 'STK17A', 'ADFP', 'HK2', 'FBXO2', 'YWHAG', 'SETD5', 'PLA2G2A', 'LSP1', 'C4A', 'GPNMB', 'RAB30', 'APOC2', 'ZNF233', 'CSPG2', 'GPSM2', 'CBLN2', 'AI822135', 'TBC1D7', 'ZNF329', 'FCGR2B', 'STC1', 'H08563', 'UGCG', 'KCNQ2', 'RPS3A', 'POSTN', 'SYNGR3', 'L3MBTL4', 'NDST1', 'CAPG', 'TSPAN6', 'WASF1', 'H10054', 'VASP', 'PLTP', 'TAP1', 'X38595', 'DLL3', 'EGLN2', 'APOC1', 'LY96', 'TNC', 'NEFH', 'HBA1', 'TIMP3', 'C1R', 'SPAG6', 'CDKN2D', 'LMO7', 'NCF1', 'KIAA0963', 'LOC400451', 'N98591', 'PARD3', 'PARP14', 'AI335002', 'AI357047', 'BLVRB', 'MB', 'CAV1', 'PDE4DIP', 'MOAP1', 'PSD3', 'FABP3', 'DDEF1', 'H86813', 'SNRPN', 'ITPKA', 'TSPAN4', 'ASPA', 'LILRA1', 'IFI30', 'DUS3L', 'NNMT', 'AI262682', 'NUAK1', 'EFHB', 'FBXW7', 'FCGRT', 'HLA.G', 'ADARB2', 'ZNF549', 'HPCA', 'HBXIP', 'AA598631', 'GBP2', 'OSR1', 'D21S2089E', 'TGFBI', 'CLIC1', 'IGF1R', 'TXNDC', 'MGC26694', 'MRC2', 'RND3', 'CCL2', 'TCTEX1D1', 'ANK3', 'AA029415', 'DKFZp313A2432', 'EID.3', 'CAP2', 'CD47', 'S100A1', 'ZNF217', 'NLK', 'FAS', 'PHLDA1', 'ATP6V1C1', 'CYR61', 'KLRC1', 'MGC39606', 'LOC541471', 'MED11', 'X37864', 'CD44', 'SUV39H1', 'CLTB', 'ITGA5', 'H24428', 'AA401952', 'FLJ35740', 'PSG1', 'YWHAH', 'CKMT1A', 'VAMP2', 'FBXO32', 'PEG3', 'NOTCH1', 'PNCK', 'SOX4', 'NDUFB11', 'RUNX1', 'COL4A2']
INDEX
[314, 381, 16, 259, 295, 188, 362, 393, 73, 243, 339, 28, 275, 223, 335, 332, 113, 160, 115, 17, 304, 171, 137, 285, 371, 172, 354, 209, 296, 378, 365, 412, 53, 317, 43, 331, 39, 352, 150, 198, 145, 414, 271, 336, 109, 404, 409, 298, 380, 26, 347, 364, 184, 55, 361, 385, 228, 8, 68, 203, 190, 27, 95, 297, 1, 202, 343, 22, 74, 224, 144, 64, 151, 236, 388, 391, 25, 87, 44, 120, 397, 395, 366, 245, 261, 287, 398, 324, 334, 311, 218, 67, 355, 272, 264, 116, 373, 179, 303, 78, 204, 9, 195, 134, 382, 161, 83, 299, 11, 416, 249, 231, 135, 112, 320, 288, 316, 246, 363, 49, 84, 173, 177, 154, 315, 92, 60, 208, 146, 405, 293, 360, 75, 206, 301, 389, 14, 292, 80, 392, 31, 86, 322, 232, 102, 229, 379, 136, 368, 220, 157, 63, 82, 159, 403, 142, 286, 59, 180, 98, 114, 170, 212, 325, 251, 411, 117, 284, 187, 219, 247, 191, 96, 2, 110, 254, 263, 342, 283, 24, 253, 143, 359, 71, 132, 19, 345, 282, 367, 340, 289, 126, 356, 353, 176, 422, 0, 108, 321, 242, 394, 138, 417, 252, 34, 168, 383, 390, 162, 13, 302, 327, 326, 216, 152, 15, 124, 200, 420, 294, 328, 333, 234, 313, 36, 308, 153, 164, 158, 182, 266, 62, 133, 375, 205, 418, 256, 121, 175, 400, 93, 101, 281, 193, 155, 76, 410, 265, 217, 250, 273, 270, 421, 255, 7, 140, 57, 56, 192, 35, 268, 235, 88, 46, 423, 230, 18, 90, 119, 85, 40, 45, 33, 111, 197, 408, 374, 350, 185, 413, 369, 89, 131, 97, 221, 387, 100, 70, 415, 227, 291, 312, 213, 91, 276, 211, 241, 309, 239, 178, 58, 148, 50, 337, 225, 129, 38, 240, 167, 69, 346, 277, 183, 267, 372, 222, 402, 72, 258, 149, 401, 12, 318, 357, 257, 94, 48, 51, 248, 165, 186, 310, 123, 189, 6, 269, 226, 351, 280, 156, 419, 5, 407, 215, 207, 65, 238, 399, 323, 169, 106, 141, 32, 181, 244, 290, 330, 81, 47, 104, 21, 128, 194, 307, 262, 376, 300, 329, 4, 29, 384, 23, 377, 338, 41, 42, 358, 99, 52, 396, 210, 130, 174, 274, 10, 349, 199, 166, 20, 319, 103, 341, 233, 348, 306, 260, 105, 370, 118, 3, 79, 406, 127, 305, 163, 214, 77, 279, 386, 201, 66, 344, 278, 147, 37, 139, 237, 125, 196, 61, 107, 122]
[Time: 23.06.23 09:01:17] [Level: info] transition: compute_std
[Time: 23.06.23 09:01:18] [Level: info] state: compute_std
[CTRL] GET /data
[CTRL] POST /data
(422, 1)
[Time: 23.06.23 09:01:20] [Level: info] transition: apply_scaling
[Time: 23.06.23 09:01:21] [Level: info] state: apply_scaling
[CTRL] GET /data
[CTRL] POST /data
[ 33 148  29  19 202 271 302 366 322 408 401  80 410 185 300 384 399  49
 196  36  71 211 108  21 388 147 116 326 131 307  11 235 378 372 409  34
 164  30 342 256 413  53 276 179 268 393 157  64  76 225 121 323 340 414
 191 154 274 352 346 212 229 374 392 341 301 419 252 265  67 367 224 119
 189 104 257 396 305 254 411 197  57  23 219 272  60 233 117 213 417  27
   6 357 296 209 363   1 128  69 348 173  85  14  92 351  51 245   2 145
 227  37 280  72 375 186 312  96 331 178 316 292  31 283 249 198 277  83
 416  79 407 335 358 250 158 217 140 369 234  81  38 285 205 402 161 246
 386 321 122 373 135  58 218 210 349 270 345 389 394  99 381 289 106 238
 107 309 143   4 162  86 303 111 133  43 231 334  97 267  63  78   7 253
 299 308 102 132  68 206 123 361 222 327  17 242 248 317 169 333 190  40
  91 278 220 383  39 273 165  77 110 360 171  22 391 359  50 124 240 244
 368 152  89 315 377 371 311  75 136  13 203 156  84 101 163  98  42  70
  41 120 380  12 207 404 183 263 187 214 379 269 288 215 412 153  55 356
 146  54 175 150 332 204 109  35  20 420 176 247 282 421  88 262 199 142
 226 354 188  25 251  65 155  48 127 141  26  73 177 365 355 337 382 319
 129  10 255 390   5 118 149   3 259 201 298 216 105 266 291 286 182   8
 208 294 297 115 387  44 287  24 260 130 284 126 241 264 275 223 192   9
  16 160  28 193 314 138 336  45 168 139  66 320 293 181  61 318 194 339
 166 113 258 125  95 324 151 343 228 170 353 364   0 174  74 328  59 112
 400 347 195  46 144  15  82 329  90  87  56 230  52 134 290 350  32 310
 385]
(array([ 33, 148]),)
[Time: 23.06.23 09:01:23] [Level: info] transition: start_power_iteration
[Time: 23.06.23 09:01:24] [Level: info] state: start_power_iteration
[STARTUP] Computing covariance matrix
[STARTUP] Random initialisation
TABDATA SCALED
[[ 0.          0.          0.3717516  ...  0.41590387  0.
   0.        ]
 [ 0.41939149 -1.5041135   0.26334147 ... -0.9873718  -0.49924483
  -0.5330443 ]
 [-0.32476543  0.24249859 -1.03891677 ...  0.99257604  1.13330171
   0.8955444 ]
 ...
 [-0.22770058  0.87102411  0.79195973 ... -0.07505463  0.75360951
  -0.6290822 ]
 [-1.08166963  0.         -1.49596545 ...  0.          0.41044835
   1.07605   ]
 [ 0.55463134 -0.8043446  -1.38442988 ... -0.90487914  0.54880454
   0.9670565 ]]
[Time: 23.06.23 09:01:24] [Level: info] transition: compute_final_h_cov
[CTRL] GET /data
[Time: 23.06.23 09:01:25] [Level: info] state: compute_final_h_cov
[CTRL] POST /data
Setting k
starting eigenvector norms
17
[Time: 23.06.23 09:01:26] [Level: info] transition: compute_local_conorm
[Time: 23.06.23 09:01:27] [Level: info] state: compute_local_conorm
[CTRL] GET /data
[CTRL] POST /data
[Time: 23.06.23 09:01:29] [Level: info] transition: compute_local_norm
[Time: 23.06.23 09:01:30] [Level: info] state: compute_local_norm
[CTRL] GET /data
[CTRL] POST /data
starting orthogonalise_current
ending orthogonalise_current
starting eigenvector norms
17
[Time: 23.06.23 09:01:32] [Level: info] transition: compute_local_conorm
[Time: 23.06.23 09:01:33] [Level: info] state: compute_local_conorm
[CTRL] GET /data
[CTRL] POST /data
[Time: 23.06.23 09:01:35] [Level: info] transition: compute_local_norm
[Time: 23.06.23 09:01:36] [Level: info] state: compute_local_norm
[CTRL] GET /data
[CTRL] POST /data
starting orthogonalise_current
ending orthogonalise_current
starting eigenvector norms
17
[Time: 23.06.23 09:01:38] [Level: info] transition: compute_local_conorm
[Time: 23.06.23 09:01:39] [Level: info] state: compute_local_conorm
[CTRL] GET /data
[CTRL] POST /data
[Time: 23.06.23 09:01:41] [Level: info] transition: compute_local_norm
[Time: 23.06.23 09:01:42] [Level: info] state: compute_local_norm
[CTRL] GET /data
[CTRL] POST /data
starting orthogonalise_current
ending orthogonalise_current
starting eigenvector norms
17
[Time: 23.06.23 09:01:44] [Level: info] transition: compute_local_conorm
[Time: 23.06.23 09:01:45] [Level: info] state: compute_local_conorm
[CTRL] GET /data
[CTRL] POST /data
[Time: 23.06.23 09:01:47] [Level: info] transition: compute_local_norm
[Time: 23.06.23 09:01:48] [Level: info] state: compute_local_norm
[CTRL] GET /data
[CTRL] POST /data
starting orthogonalise_current
ending orthogonalise_current
starting eigenvector norms
17
[Time: 23.06.23 09:01:50] [Level: info] transition: compute_local_conorm
[Time: 23.06.23 09:01:51] [Level: info] state: compute_local_conorm
[CTRL] GET /data
[CTRL] POST /data
[Time: 23.06.23 09:01:53] [Level: info] transition: compute_local_norm
[Time: 23.06.23 09:01:54] [Level: info] state: compute_local_norm
[CTRL] GET /data
[CTRL] POST /data
starting orthogonalise_current
ending orthogonalise_current
starting eigenvector norms
17
[Time: 23.06.23 09:01:56] [Level: info] transition: compute_local_conorm
[Time: 23.06.23 09:01:57] [Level: info] state: compute_local_conorm
[CTRL] GET /data
[CTRL] POST /data
[Time: 23.06.23 09:01:59] [Level: info] transition: compute_local_norm
[Time: 23.06.23 09:02:00] [Level: info] state: compute_local_norm
[CTRL] GET /data
[CTRL] POST /data
starting orthogonalise_current
ending orthogonalise_current
starting eigenvector norms
17
[Time: 23.06.23 09:02:02] [Level: info] transition: compute_local_conorm
[Time: 23.06.23 09:02:03] [Level: info] state: compute_local_conorm
[CTRL] GET /data
[CTRL] POST /data
[Time: 23.06.23 09:02:05] [Level: info] transition: compute_local_norm
[Time: 23.06.23 09:02:06] [Level: info] state: compute_local_norm
[CTRL] GET /data
[CTRL] POST /data
starting orthogonalise_current
ending orthogonalise_current
starting eigenvector norms
17
[Time: 23.06.23 09:02:08] [Level: info] transition: compute_local_conorm
[Time: 23.06.23 09:02:09] [Level: info] state: compute_local_conorm
[CTRL] GET /data
[CTRL] POST /data
[Time: 23.06.23 09:02:11] [Level: info] transition: compute_local_norm
[Time: 23.06.23 09:02:12] [Level: info] state: compute_local_norm
[CTRL] GET /data
[CTRL] POST /data
starting orthogonalise_current
ending orthogonalise_current
starting eigenvector norms
17
[Time: 23.06.23 09:02:14] [Level: info] transition: compute_local_conorm
[Time: 23.06.23 09:02:15] [Level: info] state: compute_local_conorm
[CTRL] GET /data
[CTRL] POST /data
[Time: 23.06.23 09:02:17] [Level: info] transition: compute_local_norm
[Time: 23.06.23 09:02:18] [Level: info] state: compute_local_norm
[CTRL] GET /data
[CTRL] POST /data
starting orthogonalise_current
ending orthogonalise_current
starting eigenvector norms
17
[Time: 23.06.23 09:02:20] [Level: info] transition: compute_local_conorm
[Time: 23.06.23 09:02:21] [Level: info] state: compute_local_conorm
[CTRL] GET /data
[CTRL] POST /data
[Time: 23.06.23 09:02:23] [Level: info] transition: compute_local_norm
[Time: 23.06.23 09:02:24] [Level: info] state: compute_local_norm
[CTRL] GET /data
[CTRL] POST /data
starting orthogonalise_current
ending orthogonalise_current
starting eigenvector norms
17
[Time: 23.06.23 09:02:26] [Level: info] transition: compute_local_conorm
[Time: 23.06.23 09:02:28] [Level: info] state: compute_local_conorm
[CTRL] GET /data
[CTRL] POST /data
[Time: 23.06.23 09:02:30] [Level: info] transition: compute_local_norm
[Time: 23.06.23 09:02:31] [Level: info] state: compute_local_norm
[CTRL] GET /data
[CTRL] POST /data
starting orthogonalise_current
ending orthogonalise_current
starting eigenvector norms
17
[Time: 23.06.23 09:02:33] [Level: info] transition: compute_local_conorm
[Time: 23.06.23 09:02:34] [Level: info] state: compute_local_conorm
[CTRL] GET /data
[CTRL] POST /data
[Time: 23.06.23 09:02:36] [Level: info] transition: compute_local_norm
[Time: 23.06.23 09:02:37] [Level: info] state: compute_local_norm
[CTRL] GET /data
[CTRL] POST /data
starting orthogonalise_current
ending orthogonalise_current
starting eigenvector norms
17
[Time: 23.06.23 09:02:39] [Level: info] transition: compute_local_conorm
[Time: 23.06.23 09:02:40] [Level: info] state: compute_local_conorm
[CTRL] GET /data
[CTRL] POST /data
[Time: 23.06.23 09:02:42] [Level: info] transition: compute_local_norm
[Time: 23.06.23 09:02:43] [Level: info] state: compute_local_norm
[CTRL] GET /data
[CTRL] POST /data
starting orthogonalise_current
ending orthogonalise_current
starting eigenvector norms
17
[Time: 23.06.23 09:02:45] [Level: info] transition: compute_local_conorm
[Time: 23.06.23 09:02:46] [Level: info] state: compute_local_conorm
[CTRL] GET /data
[CTRL] POST /data
[Time: 23.06.23 09:02:48] [Level: info] transition: compute_local_norm
[Time: 23.06.23 09:02:49] [Level: info] state: compute_local_norm
[CTRL] GET /data
[CTRL] POST /data
starting orthogonalise_current
ending orthogonalise_current
starting eigenvector norms
17
[Time: 23.06.23 09:02:51] [Level: info] transition: compute_local_conorm
[Time: 23.06.23 09:02:52] [Level: info] state: compute_local_conorm
[CTRL] GET /data
[CTRL] POST /data
[Time: 23.06.23 09:02:54] [Level: info] transition: compute_local_norm
[Time: 23.06.23 09:02:55] [Level: info] state: compute_local_norm
[CTRL] GET /data
[CTRL] POST /data
starting orthogonalise_current
ending orthogonalise_current
starting eigenvector norms
17
[Time: 23.06.23 09:02:57] [Level: info] transition: compute_local_conorm
[Time: 23.06.23 09:02:58] [Level: info] state: compute_local_conorm
[CTRL] GET /data
[CTRL] POST /data
[Time: 23.06.23 09:03:00] [Level: info] transition: compute_local_norm
[Time: 23.06.23 09:03:01] [Level: info] state: compute_local_norm
[CTRL] GET /data
[CTRL] POST /data
starting orthogonalise_current
ending orthogonalise_current
starting eigenvector norms
17
[Time: 23.06.23 09:03:03] [Level: info] transition: normalize_g
[Time: 23.06.23 09:03:04] [Level: info] state: normalize_g
[CTRL] GET /data
[CTRL] POST /data
Normalising
(26, 17)
17
End normalising
(26, 17)
(17, 17)
(17,)
(26, 17)
[Time: 23.06.23 09:03:06] [Level: info] transition: save_results
[Time: 23.06.23 09:03:07] [Level: info] state: save_results
SAVING RESULTS
saving pca/mnt/output/pca/left_eigenvectors.tsv
	
MOVE INPUT TO OUTPUT
[Time: 23.06.23 09:03:07] [Level: info] transition: finalize
[CTRL] GET /data
[Time: 23.06.23 09:03:08] [Level: info] state: finalize
[Time: 23.06.23 09:03:08] [Level: info] transition: terminal
[Time: 23.06.23 09:03:08] [Level: info] done
