2023-07-02 08:40:03,851 CRIT Supervisor is running as root.  Privileges were not dropped because no user is specified in the config file.  If you intend to run as root, you can set user=root in the config file to avoid this message.
2023-07-02 08:40:03,853 INFO supervisord started with pid 7
2023-07-02 08:40:04,855 INFO spawned: 'nginx' with pid 10
2023-07-02 08:40:04,857 INFO spawned: 'app' with pid 11
2023-07-02 08:40:05,877 INFO success: nginx entered RUNNING state, process has stayed up for > than 1 seconds (startsecs)
2023-07-02 08:40:05,877 INFO success: app entered RUNNING state, process has stayed up for > than 1 seconds (startsecs)
[CTRL] POST /setup
[Time: 02.07.23 08:40:07] [Level: info] id: 5357a20ed9cf7036
[Time: 02.07.23 08:40:07] [Level: info] coordinator: True
[Time: 02.07.23 08:40:07] [Level: info] clients: ['5357a20ed9cf7036']
[Time: 02.07.23 08:40:07] [Level: info] state: initial
[CLIENT] Parsing parameter file...
[API] /setup parsing parameter file 
[API] /setup config file found ... parsing file: /mnt/input/config.yaml
YAML file does not follow specification: missing key: eigenvalues
Setting default: eigenvalues.tsv
YAML file does not follow specification: missing key: explained_variance
Setting default: eigenvalues.tsv
YAML file does not follow specification: missing key: output delimiter
Setting default: tab
YAML file does not follow specification: missing key: inertia
Setting default: inertia.tsv
YAML file does not follow specification: missing key: global_factor_score
Setting default: global_factor_score.tsv
YAML file does not follow specification: missing key: omic_factor_score
Setting default: omic_factor_score.tsv
YAML file does not follow specification: missing key: projection_matrix
Setting default: projection_matrix.tsv
[API] /setup config file found ... parsing done
[CLIENT] finished parsing parameter file.
[STARTUP] Instantiate SVD
[Time: 02.07.23 08:40:07] [Level: info] transition: init_pca
[Time: 02.07.23 08:40:08] [Level: info] state: init_pca
[STARTUP] Copy configuration and create dir
/mnt/input/hospital_data_bredel_1.csv
TEST: ['/mnt/input/data_wine_full_1.csv', '/mnt/input/data_wine_full_2.csv', '/mnt/input/data_wine_full_3.csv']
[STARTUP] Configuration copied
Log Transform performed
out {'Row names': array(['fruity', 'woody', 'coffee'], dtype=object), 'Sample count': 6, 'Nans': array([0, 0, 0])}
[Time: 02.07.23 08:40:08] [Level: info] transition: check_row_names
[Time: 02.07.23 08:40:09] [Level: info] state: check_row_names
gathering
unifying row names
[{'Row names': array(['fruity', 'woody', 'coffee'], dtype=object), 'Sample count': 6, 'Nans': array([0, 0, 0])}]
['fruity', 'woody', 'coffee']
['fruity', 'coffee', 'woody']
[6, 6, 6]
[API] [COORDINATOR] row names identified!
[Time: 02.07.23 08:40:09] [Level: info] transition: wait_for_params
[Time: 02.07.23 08:40:10] [Level: info] state: wait_for_params
setting parameters
[API] Setting parameters
['fruity', 'coffee', 'woody']
INDEX
[0, 2, 1]
[Time: 02.07.23 08:40:10] [Level: info] transition: aggregate_sums
[CTRL] GET /data
[Time: 02.07.23 08:40:11] [Level: info] state: aggregate_sums
setting parameters
[{'Sums': array([12.97727992, 11.81378119, 11.71424552]), 'Sample count': 6}]
SUMS
[2.16287999 1.96896353 1.95237425]
[Time: 02.07.23 08:40:11] [Level: info] transition: compute_std
[Time: 02.07.23 08:40:12] [Level: info] state: compute_std
(3, 1)
[Time: 02.07.23 08:40:12] [Level: info] transition: aggregate_stds
[Time: 02.07.23 08:40:13] [Level: info] state: aggregate_stds
setting parameters
[3.00707988 2.54600807 3.08403153]
COMPUTE STD
[3.00707988 2.54600807 3.08403153]
STD
[0.77551014 0.71358364 0.78537017]
[1 0]
['coffee' 'fruity']
(array([], dtype=int64),)
[]
[Time: 02.07.23 08:40:13] [Level: info] transition: apply_scaling
[CTRL] GET /data
[Time: 02.07.23 08:40:14] [Level: info] state: apply_scaling
[1 0]
(array([], dtype=int64),)
CURRENT DATA:  <apps.svd.TabData.TabData object at 0x7fbabdb0d190>
[Time: 02.07.23 08:40:14] [Level: info] transition: mfa_prerequisites
[Time: 02.07.23 08:40:15] [Level: info] state: mfa_prerequisites
Calling start_power_iteration
[Time: 02.07.23 08:40:15] [Level: info] transition: start_power_iteration
[Time: 02.07.23 08:40:16] [Level: info] state: start_power_iteration
[STARTUP] Computing covariance matrix
[STARTUP] Random initialisation
TABDATA SCALED
[[-1.49950327  0.54426434  0.83103354  1.07944432 -0.74520945 -0.21002947]
 [ 1.44487122 -0.53813037 -1.35788361 -0.53813037  0.49463657  0.49463657]
 [ 1.088634    0.06064115 -1.21264378 -1.21264378  0.80546508  0.47054734]]
[Time: 02.07.23 08:40:16] [Level: info] transition: aggregate_randomized_projections_cov
[CTRL] GET /data
[Time: 02.07.23 08:40:17] [Level: info] state: aggregate_randomized_projections_cov
6
Global cov
[[ 1.         -0.9282598  -0.9230407 ]
 [-0.9282598   1.          0.89413101]
 [-0.9230407   0.89413101  1.        ]]
resetting k
[Time: 02.07.23 08:40:17] [Level: info] transition: compute_final_h_cov
[Time: 02.07.23 08:40:18] [Level: info] state: compute_final_h_cov
Setting k
starting eigenvector norms
2
[Time: 02.07.23 08:40:18] [Level: info] transition: aggregate_local_norm
[Time: 02.07.23 08:40:19] [Level: info] state: aggregate_local_norm
[{'Local Eigenvector norm': 14.151845825804926}]
[Time: 02.07.23 08:40:19] [Level: info] transition: compute_local_conorm
[CTRL] GET /data
[Time: 02.07.23 08:40:20] [Level: info] state: compute_local_conorm
[Time: 02.07.23 08:40:20] [Level: info] transition: aggregate_local_conorm
[Time: 02.07.23 08:40:21] [Level: info] state: aggregate_local_conorm
aggregating co norms
[{'Local Conorms': [2.065863989920697e-16]}]
[Time: 02.07.23 08:40:21] [Level: info] transition: compute_local_norm
[Time: 02.07.23 08:40:22] [Level: info] state: compute_local_norm
starting orthogonalise_current
ending orthogonalise_current
starting eigenvector norms
2
[Time: 02.07.23 08:40:22] [Level: info] transition: aggregate_local_norm
[CTRL] GET /data
[Time: 02.07.23 08:40:23] [Level: info] state: aggregate_local_norm
[{'Local Eigenvector norm': 0.5304011435486702}]
[Time: 02.07.23 08:40:23] [Level: info] transition: normalize_g
[Time: 02.07.23 08:40:24] [Level: info] state: normalize_g
Normalising
(6, 2)
2
End normalising
(6, 2)
(2, 2)
(2,)
(6, 2)
[Time: 02.07.23 08:40:24] [Level: info] transition: separate_pca
[Time: 02.07.23 08:40:25] [Level: info] state: separate_pca
[Time: 02.07.23 08:40:25] [Level: info] transition: init_pca
[CTRL] GET /data
[Time: 02.07.23 08:40:26] [Level: info] state: init_pca
[STARTUP] Copy configuration and create dir
/mnt/input/hospital_data_bredel_1.csv
TEST: ['/mnt/input/data_wine_full_1.csv', '/mnt/input/data_wine_full_2.csv', '/mnt/input/data_wine_full_3.csv']
[STARTUP] Configuration copied
Log Transform performed
out {'Row names': array(['red_fruit', 'roasted', 'vanillin', 'woody_2'], dtype=object), 'Sample count': 6, 'Nans': array([0, 0, 0, 0])}
[Time: 02.07.23 08:40:26] [Level: info] transition: check_row_names
[Time: 02.07.23 08:40:27] [Level: info] state: check_row_names
gathering
unifying row names
[{'Row names': array(['red_fruit', 'roasted', 'vanillin', 'woody_2'], dtype=object), 'Sample count': 6, 'Nans': array([0, 0, 0, 0])}]
['red_fruit', 'roasted', 'vanillin', 'woody_2']
['vanillin', 'woody_2', 'roasted', 'red_fruit']
[6, 6, 6, 6]
[API] [COORDINATOR] row names identified!
[Time: 02.07.23 08:40:27] [Level: info] transition: wait_for_params
[Time: 02.07.23 08:40:28] [Level: info] state: wait_for_params
setting parameters
[API] Setting parameters
['vanillin', 'woody_2', 'roasted', 'red_fruit']
INDEX
[2, 3, 1, 0]
[Time: 02.07.23 08:40:28] [Level: info] transition: aggregate_sums
[CTRL] GET /data
[Time: 02.07.23 08:40:29] [Level: info] state: aggregate_sums
setting parameters
[{'Sums': array([12.45121111, 12.14720492, 13.2467406 , 13.4918531 ]), 'Sample count': 6}]
SUMS
[2.07520185 2.02453415 2.2077901  2.24864218]
[Time: 02.07.23 08:40:29] [Level: info] transition: compute_std
[Time: 02.07.23 08:40:30] [Level: info] state: compute_std
(4, 1)
[Time: 02.07.23 08:40:30] [Level: info] transition: aggregate_stds
[Time: 02.07.23 08:40:31] [Level: info] state: aggregate_stds
setting parameters
[3.82516546 2.67708493 1.21563298 1.24713734]
COMPUTE STD
[3.82516546 2.67708493 1.21563298 1.24713734]
STD
[0.8746617  0.73172193 0.49307869 0.49942714]
[2 3 1]
['roasted' 'red_fruit' 'woody_2']
(array([], dtype=int64),)
[]
[Time: 02.07.23 08:40:31] [Level: info] transition: apply_scaling
[CTRL] GET /data
[Time: 02.07.23 08:40:32] [Level: info] state: apply_scaling
[2 3 1]
(array([], dtype=int64),)
CURRENT DATA:  <apps.svd.TabData.TabData object at 0x7fbabdb0d8b0>
[Time: 02.07.23 08:40:32] [Level: info] transition: mfa_prerequisites
[Time: 02.07.23 08:40:33] [Level: info] state: mfa_prerequisites
Calling start_power_iteration
[Time: 02.07.23 08:40:33] [Level: info] transition: start_power_iteration
[Time: 02.07.23 08:40:34] [Level: info] state: start_power_iteration
[STARTUP] Computing covariance matrix
[STARTUP] Random initialisation
TABDATA SCALED
[[ 1.05732096  0.28208191 -1.22927739 -1.22927739  0.83707     0.28208191]
 [ 1.06983368 -0.60073593 -1.40016871 -0.60073593  0.76590344  0.76590344]
 [ 0.76493348  0.23148028 -1.26314037 -1.26314037  0.76493348  0.76493348]
 [-1.32888189  0.14673995  0.67341218  1.5044393  -0.49785477 -0.49785477]]
[Time: 02.07.23 08:40:34] [Level: info] transition: aggregate_randomized_projections_cov
[CTRL] GET /data
[Time: 02.07.23 08:40:35] [Level: info] state: aggregate_randomized_projections_cov
6
Global cov
[[ 1.          0.85570599  0.96713063 -0.91960414]
 [ 0.85570599  1.          0.87568938 -0.82382266]
 [ 0.96713063  0.87568938  1.         -0.89902451]
 [-0.91960414 -0.82382266 -0.89902451  1.        ]]
resetting k
[Time: 02.07.23 08:40:35] [Level: info] transition: compute_final_h_cov
[Time: 02.07.23 08:40:36] [Level: info] state: compute_final_h_cov
Setting k
starting eigenvector norms
3
[Time: 02.07.23 08:40:36] [Level: info] transition: aggregate_local_norm
[Time: 02.07.23 08:40:37] [Level: info] state: aggregate_local_norm
[{'Local Eigenvector norm': 18.361087263546374}]
[Time: 02.07.23 08:40:37] [Level: info] transition: compute_local_conorm
[CTRL] GET /data
[Time: 02.07.23 08:40:38] [Level: info] state: compute_local_conorm
[Time: 02.07.23 08:40:38] [Level: info] transition: aggregate_local_conorm
[Time: 02.07.23 08:40:39] [Level: info] state: aggregate_local_conorm
aggregating co norms
[{'Local Conorms': [2.0727695473685113e-16]}]
[Time: 02.07.23 08:40:39] [Level: info] transition: compute_local_norm
[Time: 02.07.23 08:40:40] [Level: info] state: compute_local_norm
starting orthogonalise_current
ending orthogonalise_current
starting eigenvector norms
3
[Time: 02.07.23 08:40:40] [Level: info] transition: aggregate_local_norm
[CTRL] GET /data
[Time: 02.07.23 08:40:41] [Level: info] state: aggregate_local_norm
[{'Local Eigenvector norm': 0.9556393060756746}]
[Time: 02.07.23 08:40:41] [Level: info] transition: compute_local_conorm
[Time: 02.07.23 08:40:42] [Level: info] state: compute_local_conorm
[Time: 02.07.23 08:40:42] [Level: info] transition: aggregate_local_conorm
[Time: 02.07.23 08:40:43] [Level: info] state: aggregate_local_conorm
aggregating co norms
[{'Local Conorms': [-2.3318657407895754e-16, -6.672231383724883e-15]}]
[Time: 02.07.23 08:40:43] [Level: info] transition: compute_local_norm
[CTRL] GET /data
[Time: 02.07.23 08:40:44] [Level: info] state: compute_local_norm
starting orthogonalise_current
ending orthogonalise_current
starting eigenvector norms
3
[Time: 02.07.23 08:40:44] [Level: info] transition: aggregate_local_norm
[Time: 02.07.23 08:40:45] [Level: info] state: aggregate_local_norm
[{'Local Eigenvector norm': 0.534174719789577}]
[Time: 02.07.23 08:40:45] [Level: info] transition: normalize_g
[Time: 02.07.23 08:40:46] [Level: info] state: normalize_g
Normalising
(6, 3)
3
End normalising
(6, 3)
(3, 3)
(3,)
(6, 3)
[Time: 02.07.23 08:40:46] [Level: info] transition: separate_pca
[CTRL] GET /data
[Time: 02.07.23 08:40:47] [Level: info] state: separate_pca
[Time: 02.07.23 08:40:47] [Level: info] transition: init_pca
[Time: 02.07.23 08:40:48] [Level: info] state: init_pca
[STARTUP] Copy configuration and create dir
/mnt/input/hospital_data_bredel_1.csv
TEST: ['/mnt/input/data_wine_full_1.csv', '/mnt/input/data_wine_full_2.csv', '/mnt/input/data_wine_full_3.csv']
[STARTUP] Configuration copied
[Time: 02.07.23 08:40:48] [Level: info] Traceback (most recent call last):
  File "/app/engine/app.py", line 169, in guarded_run
    self.run()
  File "/app/engine/app.py", line 184, in run
    transition = self.current_state.run()
  File "/app/apps/svd/app.py", line 84, in run
    self.load('svd').read_input_files()
  File "/app/apps/svd/FC_Federated_PCA.py", line 96, in read_input_files
    self.tabdata = TabData.from_file(self.input_file, header=self.has_colnames,
  File "/app/apps/svd/TabData.py", line 41, in from_file
    data = pd.read_csv(filepath_or_buffer=filename, header=header, sep=sep, index_col=index)
  File "/usr/local/lib/python3.8/site-packages/pandas/util/_decorators.py", line 311, in wrapper
    return func(*args, **kwargs)
  File "/usr/local/lib/python3.8/site-packages/pandas/io/parsers/readers.py", line 680, in read_csv
    return _read(filepath_or_buffer, kwds)
  File "/usr/local/lib/python3.8/site-packages/pandas/io/parsers/readers.py", line 581, in _read
    return parser.read(nrows)
  File "/usr/local/lib/python3.8/site-packages/pandas/io/parsers/readers.py", line 1254, in read
    index, columns, col_dict = self._engine.read(nrows)
  File "/usr/local/lib/python3.8/site-packages/pandas/io/parsers/c_parser_wrapper.py", line 271, in read
    values = data.pop(self.index_col[i])
IndexError: list index out of range

[CTRL] GET /data
