2023-07-01 13:07:27,359 CRIT Supervisor is running as root.  Privileges were not dropped because no user is specified in the config file.  If you intend to run as root, you can set user=root in the config file to avoid this message.
2023-07-01 13:07:27,365 INFO supervisord started with pid 7
2023-07-01 13:07:28,368 INFO spawned: 'nginx' with pid 10
2023-07-01 13:07:28,370 INFO spawned: 'app' with pid 11
2023-07-01 13:07:29,394 INFO success: nginx entered RUNNING state, process has stayed up for > than 1 seconds (startsecs)
2023-07-01 13:07:29,394 INFO success: app entered RUNNING state, process has stayed up for > than 1 seconds (startsecs)
[CTRL] POST /setup
[Time: 01.07.23 13:07:37] [Level: info] id: 902feb3a9cd13762
[Time: 01.07.23 13:07:37] [Level: info] coordinator: True
[Time: 01.07.23 13:07:37] [Level: info] clients: ['687405ad5768a62e', '902feb3a9cd13762']
[Time: 01.07.23 13:07:37] [Level: info] state: initial
[CLIENT] Parsing parameter file...
[API] /setup parsing parameter file 
[API] /setup config file found ... parsing file: /mnt/input/config.yaml
YAML file does not follow specification: missing key: eigenvalues
Setting default: eigenvalues.tsv
YAML file does not follow specification: missing key: explained_variance
Setting default: eigenvalues.tsv
YAML file does not follow specification: missing key: output delimiter
Setting default: tab
[API] /setup config file found ... parsing done
[CLIENT] finished parsing parameter file.
[STARTUP] Instantiate SVD
[Time: 01.07.23 13:07:37] [Level: info] transition: init_pca
[Time: 01.07.23 13:07:38] [Level: info] state: init_pca
[STARTUP] Copy configuration and create dir
/mnt/input/hospital_data_bredel_1.csv
TEST: ['/mnt/input/data_wine_1.csv', '/mnt/input/data_wine_2.csv', '/mnt/input/data_wine_3.csv']
[STARTUP] Configuration copied
Log Transform performed
out {'Row names': array(['fruity', 'woody', 'coffee'], dtype=object), 'Sample count': 3, 'Nans': array([0, 0, 0])}
[Time: 01.07.23 13:07:38] [Level: info] transition: check_row_names
[Time: 01.07.23 13:07:39] [Level: info] state: check_row_names
gathering
[CTRL] POST /data
unifying row names
[{'Row names': array(['fruity', 'woody', 'coffee'], dtype=object), 'Sample count': 3, 'Nans': array([0, 0, 0])}, {'Row names': array(['fruity', 'woody', 'coffee'], dtype=object), 'Sample count': 3, 'Nans': array([0, 0, 0])}]
['fruity', 'woody', 'coffee']
['woody', 'coffee', 'fruity']
[6, 6, 6]
[API] [COORDINATOR] row names identified!
[Time: 01.07.23 13:07:42] [Level: info] transition: wait_for_params
[CTRL] GET /data
[Time: 01.07.23 13:07:43] [Level: info] state: wait_for_params
setting parameters
[API] Setting parameters
['woody', 'coffee', 'fruity']
INDEX
[1, 2, 0]
[Time: 01.07.23 13:07:43] [Level: info] transition: aggregate_sums
[Time: 01.07.23 13:07:44] [Level: info] state: aggregate_sums
[CTRL] POST /data
setting parameters
[{'Sums': array([5.80735492, 5.5849625 , 6.39231742]), 'Sample count': 3}, {'Sums': array([5.9068906 , 6.22881869, 6.5849625 ]), 'Sample count': 3}]
SUMS
[1.95237425 1.96896353 2.16287999]
[Time: 01.07.23 13:07:45] [Level: info] transition: compute_std
[CTRL] GET /data
[Time: 01.07.23 13:07:46] [Level: info] state: compute_std
(3, 1)
[Time: 01.07.23 13:07:46] [Level: info] transition: aggregate_stds
[Time: 01.07.23 13:07:47] [Level: info] state: aggregate_stds
[CTRL] POST /data
setting parameters
[1.64027687 2.14938332 1.94579145]
[1.44375465 0.39662476 1.06128843]
COMPUTE STD
[3.08403153 2.54600807 3.00707988]
STD
[0.78537017 0.71358364 0.77551014]
[1 2]
['coffee' 'fruity']
(array([], dtype=int64),)
[]
[Time: 01.07.23 13:07:48] [Level: info] transition: apply_scaling
[CTRL] GET /data
[Time: 01.07.23 13:07:49] [Level: info] state: apply_scaling
[1 2]
(array([], dtype=int64),)
CURRENT DATA:  <apps.svd.TabData.TabData object at 0x7ff04a98b1f0>
[Time: 01.07.23 13:07:49] [Level: info] transition: mfa_prerequisites
[Time: 01.07.23 13:07:50] [Level: info] state: mfa_prerequisites
Calling start_power_iteration
[Time: 01.07.23 13:07:50] [Level: info] transition: start_power_iteration
[Time: 01.07.23 13:07:51] [Level: info] state: start_power_iteration
[STARTUP] Computing covariance matrix
[STARTUP] Random initialisation
TABDATA SCALED
[[ 1.088634    0.06064115 -1.21264378]
 [ 1.44487122 -0.53813037 -1.35788361]
 [-1.49950327  0.54426434  0.83103354]]
[Time: 01.07.23 13:07:51] [Level: info] transition: aggregate_randomized_projections_cov
[Time: 01.07.23 13:07:52] [Level: info] state: aggregate_randomized_projections_cov
[CTRL] POST /data
3
Global cov
[[ 1.          0.89413101 -0.9230407 ]
 [ 0.89413101  1.         -0.9282598 ]
 [-0.9230407  -0.9282598   1.        ]]
resetting k
[Time: 01.07.23 13:07:54] [Level: info] transition: compute_final_h_cov
[CTRL] GET /data
[Time: 01.07.23 13:07:55] [Level: info] state: compute_final_h_cov
Setting k
starting eigenvector norms
2
[Time: 01.07.23 13:07:55] [Level: info] transition: aggregate_local_norm
[Time: 01.07.23 13:07:56] [Level: info] state: aggregate_local_norm
[CTRL] POST /data
[{'Local Eigenvector norm': 9.626454740879916}, {'Local Eigenvector norm': 4.525391084925003}]
[Time: 01.07.23 13:07:58] [Level: info] transition: compute_local_conorm
[CTRL] GET /data
[Time: 01.07.23 13:07:59] [Level: info] state: compute_local_conorm
[Time: 01.07.23 13:07:59] [Level: info] transition: aggregate_local_conorm
[Time: 01.07.23 13:08:00] [Level: info] state: aggregate_local_conorm
[CTRL] POST /data
aggregating co norms
[{'Local Conorms': [-0.2698767637489006]}, {'Local Conorms': [0.26987676374890035]}]
[Time: 01.07.23 13:08:01] [Level: info] transition: compute_local_norm
[CTRL] GET /data
[Time: 01.07.23 13:08:02] [Level: info] state: compute_local_norm
starting orthogonalise_current
ending orthogonalise_current
starting eigenvector norms
2
[Time: 01.07.23 13:08:02] [Level: info] transition: aggregate_local_norm
[Time: 01.07.23 13:08:03] [Level: info] state: aggregate_local_norm
[CTRL] POST /data
[{'Local Eigenvector norm': 0.2670862051248443}, {'Local Eigenvector norm': 0.2633149384238253}]
[Time: 01.07.23 13:08:04] [Level: info] transition: normalize_g
[CTRL] GET /data
[Time: 01.07.23 13:08:05] [Level: info] state: normalize_g
Normalising
(3, 2)
2
End normalising
(3, 2)
(2, 2)
(2,)
(3, 2)
[Time: 01.07.23 13:08:05] [Level: info] transition: separate_pca
[Time: 01.07.23 13:08:06] [Level: info] state: separate_pca
[Time: 01.07.23 13:08:06] [Level: info] transition: init_pca
[Time: 01.07.23 13:08:07] [Level: info] state: init_pca
[STARTUP] Copy configuration and create dir
/mnt/input/hospital_data_bredel_1.csv
TEST: ['/mnt/input/data_wine_1.csv', '/mnt/input/data_wine_2.csv', '/mnt/input/data_wine_3.csv']
[STARTUP] Configuration copied
Log Transform performed
out {'Row names': array(['red_fruit', 'roasted', 'vanillin', 'woody_2'], dtype=object), 'Sample count': 3, 'Nans': array([0, 0, 0, 0])}
[Time: 01.07.23 13:08:07] [Level: info] transition: check_row_names
[Time: 01.07.23 13:08:08] [Level: info] state: check_row_names
gathering
[CTRL] POST /data
unifying row names
[{'Row names': array(['red_fruit', 'roasted', 'vanillin', 'woody_2'], dtype=object), 'Sample count': 3, 'Nans': array([0, 0, 0, 0])}, {'Row names': array(['red_fruit', 'roasted', 'vanillin', 'woody_2'], dtype=object), 'Sample count': 3, 'Nans': array([0, 0, 0, 0])}]
['red_fruit', 'roasted', 'vanillin', 'woody_2']
['vanillin', 'roasted', 'red_fruit', 'woody_2']
[6, 6, 6, 6]
[API] [COORDINATOR] row names identified!
[Time: 01.07.23 13:08:10] [Level: info] transition: wait_for_params
[CTRL] GET /data
[Time: 01.07.23 13:08:11] [Level: info] state: wait_for_params
setting parameters
[API] Setting parameters
['vanillin', 'roasted', 'red_fruit', 'woody_2']
INDEX
[2, 1, 0, 3]
[Time: 01.07.23 13:08:11] [Level: info] transition: aggregate_sums
[Time: 01.07.23 13:08:12] [Level: info] state: aggregate_sums
[CTRL] POST /data
setting parameters
[{'Sums': array([6.32192809, 6.4918531 , 6.4918531 , 5.39231742]), 'Sample count': 3}, {'Sums': array([6.12928302, 6.7548875 , 7.        , 6.7548875 ]), 'Sample count': 3}]
SUMS
[2.07520185 2.2077901  2.24864218 2.02453415]
[Time: 01.07.23 13:08:13] [Level: info] transition: compute_std
[CTRL] GET /data
[Time: 01.07.23 13:08:14] [Level: info] state: compute_std
(4, 1)
[Time: 01.07.23 13:08:14] [Level: info] transition: aggregate_stds
[Time: 01.07.23 13:08:15] [Level: info] state: aggregate_stds
[CTRL] POST /data
setting parameters
[2.07218448 0.54320072 0.5589529  1.85570183]
[1.75298098 0.67243226 0.68818444 0.8213831 ]
COMPUTE STD
[3.82516546 1.21563298 1.24713734 2.67708493]
STD
[0.8746617  0.49307869 0.49942714 0.73172193]
[1 2 3]
['roasted' 'red_fruit' 'woody_2']
(array([], dtype=int64),)
[]
[Time: 01.07.23 13:08:16] [Level: info] transition: apply_scaling
[CTRL] GET /data
[Time: 01.07.23 13:08:17] [Level: info] state: apply_scaling
[1 2 3]
(array([], dtype=int64),)
CURRENT DATA:  <apps.svd.TabData.TabData object at 0x7ff04a8459a0>
[Time: 01.07.23 13:08:17] [Level: info] transition: mfa_prerequisites
[Time: 01.07.23 13:08:18] [Level: info] state: mfa_prerequisites
Calling start_power_iteration
[Time: 01.07.23 13:08:18] [Level: info] transition: start_power_iteration
[Time: 01.07.23 13:08:19] [Level: info] state: start_power_iteration
[STARTUP] Computing covariance matrix
[STARTUP] Random initialisation
TABDATA SCALED
[[ 1.05732096  0.28208191 -1.22927739]
 [ 0.76493348  0.23148028 -1.26314037]
 [-1.32888189  0.14673995  0.67341218]
 [ 1.06983368 -0.60073593 -1.40016871]]
[Time: 01.07.23 13:08:19] [Level: info] transition: aggregate_randomized_projections_cov
[Time: 01.07.23 13:08:20] [Level: info] state: aggregate_randomized_projections_cov
[CTRL] POST /data
3
Global cov
[[ 1.          0.96713063 -0.91960414  0.85570599]
 [ 0.96713063  1.         -0.89902451  0.87568938]
 [-0.91960414 -0.89902451  1.         -0.82382266]
 [ 0.85570599  0.87568938 -0.82382266  1.        ]]
[Time: 01.07.23 13:08:22] [Level: info] transition: compute_final_h_cov
[CTRL] GET /data
[Time: 01.07.23 13:08:23] [Level: info] state: compute_final_h_cov
Setting k
starting eigenvector norms
3
[Time: 01.07.23 13:08:23] [Level: info] transition: aggregate_local_norm
[Time: 01.07.23 13:08:24] [Level: info] state: aggregate_local_norm
[CTRL] POST /data
[{'Local Eigenvector norm': 9.652416136879374}, {'Local Eigenvector norm': 8.708671126667}]
[Time: 01.07.23 13:08:25] [Level: info] transition: compute_local_conorm
[CTRL] GET /data
[Time: 01.07.23 13:08:26] [Level: info] state: compute_local_conorm
[Time: 01.07.23 13:08:26] [Level: info] transition: aggregate_local_conorm
[Time: 01.07.23 13:08:27] [Level: info] state: aggregate_local_conorm
[CTRL] POST /data
aggregating co norms
[{'Local Conorms': [0.21830889872231848]}, {'Local Conorms': [-0.21830889872231932]}]
[Time: 01.07.23 13:08:28] [Level: info] transition: compute_local_norm
[CTRL] GET /data
[Time: 01.07.23 13:08:29] [Level: info] state: compute_local_norm
starting orthogonalise_current
ending orthogonalise_current
starting eigenvector norms
3
[Time: 01.07.23 13:08:29] [Level: info] transition: aggregate_local_norm
[Time: 01.07.23 13:08:30] [Level: info] state: aggregate_local_norm
[CTRL] POST /data
[{'Local Eigenvector norm': 0.48060235950335706}, {'Local Eigenvector norm': 0.4750369465723172}]
[Time: 01.07.23 13:08:31] [Level: info] transition: compute_local_conorm
[CTRL] GET /data
[Time: 01.07.23 13:08:32] [Level: info] state: compute_local_conorm
[Time: 01.07.23 13:08:32] [Level: info] transition: aggregate_local_conorm
[Time: 01.07.23 13:08:33] [Level: info] state: aggregate_local_conorm
[CTRL] POST /data
aggregating co norms
[{'Local Conorms': [-0.01400154208010275, -0.08102233772146021]}, {'Local Conorms': [0.014001542080102684, 0.0810223377214462]}]
[Time: 01.07.23 13:08:34] [Level: info] transition: compute_local_norm
[CTRL] GET /data
[Time: 01.07.23 13:08:35] [Level: info] state: compute_local_norm
starting orthogonalise_current
ending orthogonalise_current
starting eigenvector norms
3
[Time: 01.07.23 13:08:35] [Level: info] transition: aggregate_local_norm
[Time: 01.07.23 13:08:36] [Level: info] state: aggregate_local_norm
[CTRL] POST /data
[{'Local Eigenvector norm': 0.4858346948080444}, {'Local Eigenvector norm': 0.048340024981532725}]
[Time: 01.07.23 13:08:37] [Level: info] transition: normalize_g
[CTRL] GET /data
[Time: 01.07.23 13:08:38] [Level: info] state: normalize_g
Normalising
(3, 3)
3
End normalising
(3, 3)
(3, 3)
(3,)
(3, 3)
[Time: 01.07.23 13:08:38] [Level: info] transition: separate_pca
[Time: 01.07.23 13:08:39] [Level: info] state: separate_pca
[Time: 01.07.23 13:08:39] [Level: info] transition: init_pca
[Time: 01.07.23 13:08:40] [Level: info] state: init_pca
[STARTUP] Copy configuration and create dir
/mnt/input/hospital_data_bredel_1.csv
TEST: ['/mnt/input/data_wine_1.csv', '/mnt/input/data_wine_2.csv', '/mnt/input/data_wine_3.csv']
[STARTUP] Configuration copied
Log Transform performed
out {'Row names': array(['fruity_2', 'butter', 'woody_3'], dtype=object), 'Sample count': 3, 'Nans': array([0, 0, 0])}
[Time: 01.07.23 13:08:40] [Level: info] transition: check_row_names
[Time: 01.07.23 13:08:41] [Level: info] state: check_row_names
gathering
[CTRL] POST /data
unifying row names
[{'Row names': array(['fruity_2', 'butter', 'woody_3'], dtype=object), 'Sample count': 3, 'Nans': array([0, 0, 0])}, {'Row names': array(['fruity_2', 'butter', 'woody_3'], dtype=object), 'Sample count': 3, 'Nans': array([0, 0, 0])}]
['fruity_2', 'butter', 'woody_3']
['fruity_2', 'woody_3', 'butter']
[6, 6, 6]
[API] [COORDINATOR] row names identified!
[Time: 01.07.23 13:08:43] [Level: info] transition: wait_for_params
[CTRL] GET /data
[Time: 01.07.23 13:08:44] [Level: info] state: wait_for_params
setting parameters
[API] Setting parameters
['fruity_2', 'woody_3', 'butter']
INDEX
[0, 2, 1]
[Time: 01.07.23 13:08:44] [Level: info] transition: aggregate_sums
[Time: 01.07.23 13:08:45] [Level: info] state: aggregate_sums
[CTRL] POST /data
setting parameters
[{'Sums': array([7.32192809, 6.        , 6.12928302]), 'Sample count': 3}, {'Sums': array([4.169925  , 6.97727992, 7.39231742]), 'Sample count': 3}]
SUMS
[1.91530885 2.16287999 2.25360007]
[Time: 01.07.23 13:08:46] [Level: info] transition: compute_std
[CTRL] GET /data
[Time: 01.07.23 13:08:47] [Level: info] state: compute_std
(3, 1)
[Time: 01.07.23 13:08:47] [Level: info] transition: aggregate_stds
[Time: 01.07.23 13:08:48] [Level: info] state: aggregate_stds
[CTRL] POST /data
setting parameters
[1.34906669 2.07958967 1.88282629]
[1.05604771 0.92749021 1.31083349]
COMPUTE STD
[2.4051144  3.00707988 3.19365978]
STD
[0.69355813 0.77551014 0.79920708]
[0 1]
['fruity_2' 'woody_3']
(array([], dtype=int64),)
[]
[Time: 01.07.23 13:08:49] [Level: info] transition: apply_scaling
[CTRL] GET /data
[Time: 01.07.23 13:08:50] [Level: info] state: apply_scaling
[0 1]
(array([], dtype=int64),)
CURRENT DATA:  <apps.svd.TabData.TabData object at 0x7ff04a98b5b0>
[Time: 01.07.23 13:08:50] [Level: info] transition: mfa_prerequisites
[Time: 01.07.23 13:08:51] [Level: info] state: mfa_prerequisites
Calling start_power_iteration
[Time: 01.07.23 13:08:51] [Level: info] transition: start_power_iteration
[Time: 01.07.23 13:08:52] [Level: info] state: start_power_iteration
[STARTUP] Computing covariance matrix
[STARTUP] Random initialisation
TABDATA SCALED
[[ 0.12211111  0.58627998  1.56395131]
 [ 1.07944432 -0.21002947 -1.49950327]
 [ 0.69288031  0.08549477 -1.56855477]]
[Time: 01.07.23 13:08:52] [Level: info] transition: aggregate_randomized_projections_cov
[Time: 01.07.23 13:08:53] [Level: info] state: aggregate_randomized_projections_cov
[CTRL] POST /data
3
Global cov
[[ 1.         -0.61912682 -0.69649453]
 [-0.61912682  1.          0.95791864]
 [-0.69649453  0.95791864  1.        ]]
resetting k
[Time: 01.07.23 13:08:55] [Level: info] transition: compute_final_h_cov
[CTRL] GET /data
[Time: 01.07.23 13:08:56] [Level: info] state: compute_final_h_cov
Setting k
starting eigenvector norms
2
[Time: 01.07.23 13:08:56] [Level: info] transition: aggregate_local_norm
[Time: 01.07.23 13:08:57] [Level: info] state: aggregate_local_norm
[CTRL] POST /data
[{'Local Eigenvector norm': 8.261402397506615}, {'Local Eigenvector norm': 4.3667390723537975}]
[Time: 01.07.23 13:08:58] [Level: info] transition: compute_local_conorm
[CTRL] GET /data
[Time: 01.07.23 13:08:59] [Level: info] state: compute_local_conorm
[Time: 01.07.23 13:08:59] [Level: info] transition: aggregate_local_conorm
[Time: 01.07.23 13:09:00] [Level: info] state: aggregate_local_conorm
[CTRL] POST /data
aggregating co norms
[{'Local Conorms': [-0.02190485000890451]}, {'Local Conorms': [0.021904850008904853]}]
[Time: 01.07.23 13:09:01] [Level: info] transition: compute_local_norm
[CTRL] GET /data
[Time: 01.07.23 13:09:02] [Level: info] state: compute_local_norm
starting orthogonalise_current
ending orthogonalise_current
starting eigenvector norms
2
[Time: 01.07.23 13:09:02] [Level: info] transition: aggregate_local_norm
[Time: 01.07.23 13:09:03] [Level: info] state: aggregate_local_norm
[CTRL] POST /data
[{'Local Eigenvector norm': 0.840709118313968}, {'Local Eigenvector norm': 1.3498905664774647}]
[Time: 01.07.23 13:09:04] [Level: info] transition: normalize_g
[CTRL] GET /data
[Time: 01.07.23 13:09:05] [Level: info] state: normalize_g
Normalising
(3, 2)
2
End normalising
(3, 2)
(2, 2)
(2,)
(3, 2)
[Time: 01.07.23 13:09:05] [Level: info] transition: separate_pca
[Time: 01.07.23 13:09:06] [Level: info] state: separate_pca
Starting scale tabdata
[Time: 01.07.23 13:09:06] [Level: info] transition: scale_tabdata
[Time: 01.07.23 13:09:07] [Level: info] state: scale_tabdata
Starting merge tabdata
[Time: 01.07.23 13:09:07] [Level: info] transition: merging_tabdata
[Time: 01.07.23 13:09:08] [Level: info] state: merging_tabdata
Starting global pca
[Time: 01.07.23 13:09:08] [Level: info] transition: init_pca
[Time: 01.07.23 13:09:09] [Level: info] state: init_pca
[STARTUP] Copy configuration and create dir
/mnt/input/hospital_data_bredel_1.csv
TEST: ['/mnt/input/data_wine_1.csv', '/mnt/input/data_wine_2.csv', '/mnt/input/data_wine_3.csv']
Log Transform performed
out {'Row names': array(['woody', 'coffee', 'fruity', 'vanillin', 'roasted', 'red_fruit',
       'woody_2', 'fruity_2', 'woody_3', 'butter'], dtype=object), 'Sample count': 3, 'Nans': array([0, 0, 0, 0, 0, 0, 0, 0, 0, 0])}
[Time: 01.07.23 13:09:09] [Level: info] transition: check_row_names
[CTRL] POST /data
[Time: 01.07.23 13:09:10] [Level: info] state: check_row_names
gathering
unifying row names
[{'Row names': array(['woody', 'coffee', 'fruity', 'vanillin', 'roasted', 'red_fruit',
       'woody_2', 'fruity_2', 'woody_3', 'butter'], dtype=object), 'Sample count': 3, 'Nans': array([0, 0, 0, 0, 0, 0, 0, 0, 0, 0])}, {'Row names': array(['woody', 'coffee', 'fruity', 'vanillin', 'roasted', 'red_fruit',
       'woody_2', 'fruity_2', 'woody_3', 'butter'], dtype=object), 'Sample count': 3, 'Nans': array([0, 0, 0, 0, 0, 0, 0, 0, 0, 0])}]
['woody', 'coffee', 'fruity', 'vanillin', 'roasted', 'red_fruit', 'woody_2', 'fruity_2', 'woody_3', 'butter']
['vanillin', 'butter', 'fruity', 'fruity_2', 'roasted', 'woody_2', 'coffee', 'red_fruit', 'woody', 'woody_3']
[6, 6, 6, 6, 6, 6, 6, 6, 6, 6]
[API] [COORDINATOR] row names identified!
[Time: 01.07.23 13:09:10] [Level: info] transition: wait_for_params
[CTRL] GET /data
[Time: 01.07.23 13:09:11] [Level: info] state: wait_for_params
setting parameters
[API] Setting parameters
['vanillin', 'butter', 'fruity', 'fruity_2', 'roasted', 'woody_2', 'coffee', 'red_fruit', 'woody', 'woody_3']
INDEX
[3, 9, 2, 7, 4, 6, 1, 5, 0, 8]
[Time: 01.07.23 13:09:11] [Level: info] transition: aggregate_sums
[Time: 01.07.23 13:09:12] [Level: info] state: aggregate_sums
[CTRL] POST /data
setting parameters
[{'Sums': array([-0.52031074, -2.05856002, -1.26866805,  1.35278446, -0.75260883,
       -1.52121028, -1.40308646, -0.97668506, -0.72872427, -1.80672058]), 'Sample count': 3}, {'Sums': array([-0.62567151,  0.18580577, -0.22650852, -2.57772897, -0.45185842,
        0.41381638,  0.18660243, -0.00570335, -0.60141028,  0.16710561]), 'Sample count': 3}]
SUMS
[-0.19099704 -0.31212571 -0.24919609 -0.20415742 -0.20074454 -0.18456565
 -0.20274734 -0.1637314  -0.22168909 -0.27326916]
[Time: 01.07.23 13:09:13] [Level: info] transition: compute_std
[CTRL] GET /data
[Time: 01.07.23 13:09:14] [Level: info] state: compute_std
(10, 1)
[Time: 01.07.23 13:09:14] [Level: info] transition: aggregate_stds
[Time: 01.07.23 13:09:15] [Level: info] state: aggregate_stds
[CTRL] POST /data
setting parameters
[1.98878656 5.84149263 4.52546733 1.59784258 1.89542063 2.79600251
 3.4379803  2.13128906 2.24409247 4.93393237]
[1.83419946 1.66554996 0.99753289 2.44406639 2.1986069  0.91205493
 0.6335832  1.01467294 2.23475901 1.25361057]
COMPUTE STD
[3.82298602 7.50704259 5.52300021 4.04190898 4.09402753 3.70805744
 4.0715635  3.145962   4.47885147 6.18754293]
STD
[0.87441249 1.22531976 1.05099954 0.89910055 0.90487872 0.86116868
 0.90239276 0.79321649 0.94645142 1.11243363]
[7 5 0 3 6 4 8 2 9]
['red_fruit' 'woody_2' 'vanillin' 'fruity_2' 'coffee' 'roasted' 'woody'
 'fruity' 'woody_3']
(array([], dtype=int64),)
[]
[Time: 01.07.23 13:09:16] [Level: info] transition: apply_scaling
[CTRL] GET /data
[Time: 01.07.23 13:09:17] [Level: info] state: apply_scaling
[7 5 0 3 6 4 8 2 9]
(array([], dtype=int64),)
CURRENT DATA:  <apps.svd.TabData.TabData object at 0x7ff04a85fa00>
[Time: 01.07.23 13:09:17] [Level: info] transition: mfa_prerequisites
[Time: 01.07.23 13:09:18] [Level: info] state: mfa_prerequisites
Calling start_power_iteration
[Time: 01.07.23 13:09:18] [Level: info] transition: start_power_iteration
[Time: 01.07.23 13:09:19] [Level: info] state: start_power_iteration
[STARTUP] Computing covariance matrix
[STARTUP] Random initialisation
TABDATA SCALED
[[ 0.89921953  0.42920577 -1.26817869]
 [ 0.62328667  0.30695311 -1.8460684 ]
 [-1.79902197  0.57662232  0.72660518]
 [ 0.32778161  0.66158656  1.19643488]
 [ 0.72321829  0.39085286 -1.28025387]
 [ 0.91226984 -0.35993602 -1.67582258]
 [ 1.11473772 -0.29486351 -1.70069294]
 [-1.66171362  0.33098055  0.71867966]
 [ 0.91332448  0.28116051 -1.26174359]
 [ 0.83280286  0.09245508 -1.81242375]]
[Time: 01.07.23 13:09:19] [Level: info] transition: aggregate_randomized_projections_cov
[Time: 01.07.23 13:09:20] [Level: info] state: aggregate_randomized_projections_cov
[CTRL] POST /data
3
Global cov
[[ 1.          0.87686598 -0.73240816 -0.3105805   0.98777365  0.82869762
   0.82332622 -0.82808028  0.99590445  0.88192445]
 [ 0.87686598  1.         -0.57255634 -0.61773274  0.89400271  0.94227818
   0.93341934 -0.63627492  0.8845561   0.9875193 ]
 [-0.73240816 -0.57255634  1.          0.08502732 -0.66785165 -0.72579521
  -0.77303312  0.96366251 -0.74907249 -0.67353397]
 [-0.3105805  -0.61773274  0.08502732  1.         -0.42710933 -0.66013298
  -0.58745535  0.16354382 -0.37371643 -0.57785066]
 [ 0.98777365  0.89400271 -0.66785165 -0.42710933  1.          0.8396432
   0.81920885 -0.79078124  0.99245766  0.88306234]
 [ 0.82869762  0.94227818 -0.72579521 -0.66013298  0.8396432   1.
   0.99025666 -0.74147726  0.85726827  0.97397486]
 [ 0.82332622  0.93341934 -0.77303312 -0.58745535  0.81920885  0.99025666
   1.         -0.77432484  0.84686719  0.97280373]
 [-0.82808028 -0.63627492  0.96366251  0.16354382 -0.79078124 -0.74147726
  -0.77432484  1.         -0.84721622 -0.70484694]
 [ 0.99590445  0.8845561  -0.74907249 -0.37371643  0.99245766  0.85726827
   0.84686719 -0.84721622  1.          0.89215792]
 [ 0.88192445  0.9875193  -0.67353397 -0.57785066  0.88306234  0.97397486
   0.97280373 -0.70484694  0.89215792  1.        ]]
[Time: 01.07.23 13:09:22] [Level: info] transition: compute_final_h_cov
[CTRL] GET /data
[Time: 01.07.23 13:09:23] [Level: info] state: compute_final_h_cov
Setting k
starting eigenvector norms
3
[Time: 01.07.23 13:09:23] [Level: info] transition: aggregate_local_norm
[Time: 01.07.23 13:09:24] [Level: info] state: aggregate_local_norm
[CTRL] POST /data
[{'Local Eigenvector norm': 27.375931567327584}, {'Local Eigenvector norm': 12.567412365178427}]
[Time: 01.07.23 13:09:25] [Level: info] transition: compute_local_conorm
[CTRL] GET /data
[Time: 01.07.23 13:09:26] [Level: info] state: compute_local_conorm
[Time: 01.07.23 13:09:26] [Level: info] transition: aggregate_local_conorm
[Time: 01.07.23 13:09:27] [Level: info] state: aggregate_local_conorm
[CTRL] POST /data
aggregating co norms
[{'Local Conorms': [0.0066116487178403535]}, {'Local Conorms': [-0.0066116487178409155]}]
[Time: 01.07.23 13:09:28] [Level: info] transition: compute_local_norm
[CTRL] GET /data
[Time: 01.07.23 13:09:29] [Level: info] state: compute_local_norm
starting orthogonalise_current
ending orthogonalise_current
starting eigenvector norms
3
[Time: 01.07.23 13:09:29] [Level: info] transition: aggregate_local_norm
[Time: 01.07.23 13:09:30] [Level: info] state: aggregate_local_norm
[CTRL] POST /data
[{'Local Eigenvector norm': 3.054572103101803}, {'Local Eigenvector norm': 3.2933722709197513}]
[Time: 01.07.23 13:09:31] [Level: info] transition: compute_local_conorm
[CTRL] GET /data
[Time: 01.07.23 13:09:32] [Level: info] state: compute_local_conorm
[Time: 01.07.23 13:09:32] [Level: info] transition: aggregate_local_conorm
[Time: 01.07.23 13:09:33] [Level: info] state: aggregate_local_conorm
[CTRL] POST /data
aggregating co norms
[{'Local Conorms': [-0.3229892156275008, 0.3292553748888837]}, {'Local Conorms': [0.3229892156275006, -0.3292553748888837]}]
[Time: 01.07.23 13:09:34] [Level: info] transition: compute_local_norm
[CTRL] GET /data
[Time: 01.07.23 13:09:35] [Level: info] state: compute_local_norm
starting orthogonalise_current
ending orthogonalise_current
starting eigenvector norms
3
[Time: 01.07.23 13:09:35] [Level: info] transition: aggregate_local_norm
[Time: 01.07.23 13:09:36] [Level: info] state: aggregate_local_norm
[CTRL] POST /data
[{'Local Eigenvector norm': 1.9686139173190906}, {'Local Eigenvector norm': 0.5374231469413243}]
[Time: 01.07.23 13:09:37] [Level: info] transition: normalize_g
[CTRL] GET /data
[Time: 01.07.23 13:09:38] [Level: info] state: normalize_g
Normalising
(3, 3)
3
End normalising
(3, 3)
(3, 3)
(3,)
(3, 3)
[Time: 01.07.23 13:09:38] [Level: info] transition: separate_pca
[Time: 01.07.23 13:09:39] [Level: info] state: separate_pca
Starting factor analysis
[Time: 01.07.23 13:09:39] [Level: info] transition: projection_matrix
[Time: 01.07.23 13:09:40] [Level: info] state: projection_matrix
M [[0.1 0.  0.  0.  0.  0.  0.  0.  0.  0. ]
 [0.  0.1 0.  0.  0.  0.  0.  0.  0.  0. ]
 [0.  0.  0.1 0.  0.  0.  0.  0.  0.  0. ]
 [0.  0.  0.  0.1 0.  0.  0.  0.  0.  0. ]
 [0.  0.  0.  0.  0.1 0.  0.  0.  0.  0. ]
 [0.  0.  0.  0.  0.  0.1 0.  0.  0.  0. ]
 [0.  0.  0.  0.  0.  0.  0.1 0.  0.  0. ]
 [0.  0.  0.  0.  0.  0.  0.  0.1 0.  0. ]
 [0.  0.  0.  0.  0.  0.  0.  0.  0.1 0. ]
 [0.  0.  0.  0.  0.  0.  0.  0.  0.  0.1]]
U [[ 0.3340651  -0.14849195  0.39627335]
 [ 0.33363891  0.2243364   0.18091409]
 [-0.28017363  0.44047841  0.50035931]
 [-0.18233542 -0.70122115  0.26761499]
 [ 0.33396841 -0.04425568  0.42045221]
 [ 0.34037026  0.17191602 -0.23331966]
 [ 0.33965956  0.10503168 -0.29159055]
 [-0.30009765  0.40335673  0.26863869]
 [ 0.3399857  -0.11714845  0.31517894]
 [ 0.3419617   0.15141082  0.02264127]]
S [[2.51397587 0.         0.        ]
 [0.         1.5872973  0.        ]
 [0.         0.         1.25819186]]
P [[ 0.4202135  -0.29583165  0.99597397]
 [ 0.4196774   0.44693202  0.4547006 ]
 [-0.35242455  0.87753884  1.25757851]
 [-0.22935591 -1.39700105  0.67261037]
 [ 0.42009187 -0.08816795  1.05674394]
 [ 0.42814463  0.34249802 -0.58641419]
 [ 0.42725066  0.20924834 -0.73286937]
 [-0.37748656  0.80358354  0.6751833 ]
 [ 0.4276609  -0.23338785  0.79215527]
 [ 0.43014647  0.30164674  0.05690546]]
[Time: 01.07.23 13:09:40] [Level: info] transition: factor_scores
[CTRL] GET /data
[Time: 01.07.23 13:09:41] [Level: info] state: factor_scores
P: [[ 0.4202135  -0.29583165  0.99597397]
 [ 0.4196774   0.44693202  0.4547006 ]
 [-0.35242455  0.87753884  1.25757851]
 [-0.22935591 -1.39700105  0.67261037]
 [ 0.42009187 -0.08816795  1.05674394]
 [ 0.42814463  0.34249802 -0.58641419]
 [ 0.42725066  0.20924834 -0.73286937]
 [-0.37748656  0.80358354  0.6751833 ]
 [ 0.4276609  -0.23338785  0.79215527]
 [ 0.43014647  0.30164674  0.05690546]]
Z [[ 0.56127878  0.03126541 -0.62521584]
 [ 0.74494785 -0.27744968 -0.7000987 ]
 [-0.77311508  0.28061224  0.42846493]]
[Time: 01.07.23 13:09:41] [Level: info] Traceback (most recent call last):
  File "/app/engine/app.py", line 169, in guarded_run
    self.run()
  File "/app/engine/app.py", line 184, in run
    transition = self.current_state.run()
  File "/app/apps/svd/app.py", line 680, in run
    self.F_omics()
  File "/app/apps/svd/app.py", line 695, in F_omics
    F = T * np.dot((np.dot(Z, np.transpose(Z))), P)
  File "<__array_function__ internals>", line 180, in dot
ValueError: shapes (3,3) and (10,3) not aligned: 3 (dim 1) != 10 (dim 0)

