2023-06-29 13:34:13,804 CRIT Supervisor is running as root.  Privileges were not dropped because no user is specified in the config file.  If you intend to run as root, you can set user=root in the config file to avoid this message.
2023-06-29 13:34:13,805 INFO supervisord started with pid 7
2023-06-29 13:34:14,808 INFO spawned: 'nginx' with pid 10
2023-06-29 13:34:14,811 INFO spawned: 'app' with pid 11
Traceback (most recent call last):
  File "/app/main.py", line 14, in <module>
    app.register()
  File "/app/engine/app.py", line 202, in register
    state.register()
  File "/app/apps/svd/app.py", line 22, in register
    self.register_transition('initial_pca', Role.BOTH)
  File "/app/engine/app.py", line 424, in register_transition
    self._app.register_transition(f'{self.name}_{name}', self.name, target, participant, coordinator)
  File "/app/engine/app.py", line 293, in register_transition
    self.log(f'target state {target} not found', level=LogLevel.FATAL)
  File "/app/engine/app.py", line 340, in log
    raise RuntimeError(msg)
RuntimeError: [Time: 29.06.23 13:34:15] [Level: fatal] target state initial_pca not found
2023-06-29 13:34:15,303 INFO exited: app (exit status 1; not expected)
2023-06-29 13:34:16,304 INFO success: nginx entered RUNNING state, process has stayed up for > than 1 seconds (startsecs)
2023-06-29 13:34:16,306 INFO spawned: 'app' with pid 47
Traceback (most recent call last):
  File "/app/main.py", line 14, in <module>
    app.register()
  File "/app/engine/app.py", line 202, in register
    state.register()
  File "/app/apps/svd/app.py", line 22, in register
    self.register_transition('initial_pca', Role.BOTH)
  File "/app/engine/app.py", line 424, in register_transition
    self._app.register_transition(f'{self.name}_{name}', self.name, target, participant, coordinator)
  File "/app/engine/app.py", line 293, in register_transition
    self.log(f'target state {target} not found', level=LogLevel.FATAL)
  File "/app/engine/app.py", line 340, in log
    raise RuntimeError(msg)
RuntimeError: [Time: 29.06.23 13:34:16] [Level: fatal] target state initial_pca not found
2023-06-29 13:34:16,755 INFO exited: app (exit status 1; not expected)
2023-06-29 13:34:18,759 INFO spawned: 'app' with pid 71
Traceback (most recent call last):
  File "/app/main.py", line 14, in <module>
    app.register()
  File "/app/engine/app.py", line 202, in register
    state.register()
  File "/app/apps/svd/app.py", line 22, in register
    self.register_transition('initial_pca', Role.BOTH)
  File "/app/engine/app.py", line 424, in register_transition
    self._app.register_transition(f'{self.name}_{name}', self.name, target, participant, coordinator)
  File "/app/engine/app.py", line 293, in register_transition
    self.log(f'target state {target} not found', level=LogLevel.FATAL)
  File "/app/engine/app.py", line 340, in log
    raise RuntimeError(msg)
RuntimeError: [Time: 29.06.23 13:34:19] [Level: fatal] target state initial_pca not found
2023-06-29 13:34:19,195 INFO exited: app (exit status 1; not expected)
2023-06-29 13:34:22,199 INFO spawned: 'app' with pid 95
Traceback (most recent call last):
  File "/app/main.py", line 14, in <module>
    app.register()
  File "/app/engine/app.py", line 202, in register
    state.register()
  File "/app/apps/svd/app.py", line 22, in register
    self.register_transition('initial_pca', Role.BOTH)
  File "/app/engine/app.py", line 424, in register_transition
    self._app.register_transition(f'{self.name}_{name}', self.name, target, participant, coordinator)
  File "/app/engine/app.py", line 293, in register_transition
    self.log(f'target state {target} not found', level=LogLevel.FATAL)
  File "/app/engine/app.py", line 340, in log
    raise RuntimeError(msg)
RuntimeError: [Time: 29.06.23 13:34:22] [Level: fatal] target state initial_pca not found
2023-06-29 13:34:22,606 INFO exited: app (exit status 1; not expected)
2023-06-29 13:34:23,607 INFO gave up: app entered FATAL state, too many start retries too quickly
