2023-06-28 06:49:40,938 CRIT Supervisor is running as root.  Privileges were not dropped because no user is specified in the config file.  If you intend to run as root, you can set user=root in the config file to avoid this message.
2023-06-28 06:49:40,940 INFO supervisord started with pid 7
2023-06-28 06:49:41,943 INFO spawned: 'nginx' with pid 10
2023-06-28 06:49:41,945 INFO spawned: 'app' with pid 11
2023-06-28 06:49:42,982 INFO success: nginx entered RUNNING state, process has stayed up for > than 1 seconds (startsecs)
2023-06-28 06:49:42,982 INFO success: app entered RUNNING state, process has stayed up for > than 1 seconds (startsecs)
[CTRL] POST /setup
[Time: 28.06.23 06:49:50] [Level: info] id: 07bed835818af11f
[Time: 28.06.23 06:49:50] [Level: info] coordinator: True
[Time: 28.06.23 06:49:50] [Level: info] clients: ['683694ccac20b965', '07bed835818af11f']
[Time: 28.06.23 06:49:50] [Level: info] state: initial
[CLIENT] Parsing parameter file...
[API] /setup parsing parameter file 
[API] /setup config file found ... parsing file: /mnt/input/config.yaml
YAML file does not follow specification: missing key: eigenvalues
Setting default: eigenvalues.tsv
YAML file does not follow specification: missing key: explained_variance
Setting default: eigenvalues.tsv
YAML file does not follow specification: missing key: output delimiter
Setting default: tab
[API] /setup config file found ... parsing done
[CLIENT] finished parsing parameter file.
[STARTUP] Instantiate SVD
[STARTUP] Copy configuration and create dir
TEST1
self.K len
3
K
[43, 43, 43]
INPUT FILES
['/mnt/input/hospital_data_bredel_1 copy.csv', '/mnt/input/hospital_data_bredel_1.csv', '/mnt/input/hospital_data_bredel_1 copy 2.csv']
[STARTUP] Configuration copied
Log Transform performed
[[ 0.2305604   0.71134801  0.358525   ... -0.418475    0.02686903
   0.43296748]
 [ 0.7685604   0.49434801  0.623525   ...  0.158525    0.30886903
   0.68796748]
 [ 0.2005604   0.18034801  0.617525   ... -0.303475    0.14986903
   0.50396748]
 ...
 [ 0.33603731  1.17897856  1.95058322 ...  1.26352924  1.74509741
   0.99718212]
 [ 0.13803731 -1.54702144 -0.67241678 ... -1.63047076 -4.82490259
  -0.95181788]
 [ 0.76753731  2.08097856 -0.60541678 ...  2.45852924  1.20309741
   2.93318212]]
/app/apps/svd/FC_Federated_MFA.py:132: RuntimeWarning: invalid value encountered in log2
  tabdata.scaled = np.log2(tabdata.scaled+1)
[[ 0.29931547  0.77513317  0.44204111 ... -0.78208688  0.03825218
   0.51900587]
 [ 0.82257549  0.57951617  0.6991296  ...  0.21228918  0.38832074
   0.75528711]
 [ 0.26370798  0.23921228  0.69378801 ... -0.52175296  0.20146954
   0.58877337]
 ...
 [ 0.41796029  1.123652    1.56100015 ...  1.17857395  1.45685734
   0.99796589]
 [ 0.18654785         nan -1.61006665 ...         nan         nan
  -4.37535846]
 [ 0.82174067  1.62338864 -1.3415985  ...  1.79015866  1.13953329
   1.97569699]]
[<apps.svd.TabData.TabData object at 0x7f8293739610>]
[{'Row names': array(['EXT1', 'DIP2C', 'SVIL', 'MGC39606', 'ADARB2', 'PARD3', 'SPAG6',
       'AKR1C1', 'CCDC3', 'AKR1C2', 'TCTEX1D1', 'GYPA', 'VASP', 'ACAD8',
       'C1orf63', 'USP6NL', 'CACNB2', 'CLCA3', 'COX7A1', 'CEAL1', 'EID.3',
       'DUS3L', 'KIAA1543', 'HBXIP', 'ZNF226', 'EDG1', 'SORT1',
       'LOC283070', 'DCLRE1B', 'ZNF549', 'KLRC3', 'ZNF419B', 'DDEF1',
       'DMN', 'KCNJ1', 'MGC18216', 'PSG5', 'FBXO32', 'ZNF329', 'SBP1',
       'MGC42367', 'OSR1', 'D21S2089E', 'HNRNPG.T', 'AP4B1', 'ZNF160',
       'LRBA', 'LILRA1', 'EGLN2', 'BCAM', 'GPSM2', 'APOC1', 'IGF1R',
       'TLL2', 'CA11', 'TMEM146', 'KCNK6', 'TFDP2', 'ZNF233', 'COX6A2',
       'UBE4B', 'NDUFB11', 'TTC23', 'RBP7', 'IGSF3', 'BLVRB', 'PSG1',
       'MYBPC2', 'MSN', 'H08563', 'BGN', 'TNFRSF12A', 'CAPG', 'MYCBP2',
       'EMP3', 'RTN3', 'RGS16', 'ITGA5', 'PPP3CB', 'LOC541471', 'H78560',
       'ASPA', 'TIMP1', 'AA398420', 'IMAGE.33267', 'SOCS3', 'PDPN',
       'CHI3L2', 'MASP1', 'PLP2', 'S100A11', 'SETD5', 'T97457', 'UBA52',
       'DLL3', 'TSPYL1', 'FAM84B', 'RALY', 'LOC613212', 'CLIC1', 'VEGF',
       'AA281932', 'COL1A1', 'CD47', 'IFI30', 'ATP6V1C1', 'PSD3', 'RUNX1',
       'LHFPL2', 'C9orf48', 'CA12', 'EDNRB', 'PPP3CA', 'LGALS3', 'STEAP3',
       'IGFBP3', 'KLRC3', 'KLRC2', 'KLRC1', 'NPL', 'ARPP.19', 'PDE2A',
       'COL4A2', 'TIMP3', 'PLAUR', 'PNCK', 'WDR7', 'X37864', 'NNMT',
       'TBC1D7', 'MRC2', 'ABCA5', 'TCF7L1', 'CD58', 'MST1', 'DECR2',
       'AA131320', 'LOC57228', 'MST150', 'PEG3', 'TMEM49', 'FABP3',
       'SLC16A3', 'SERPINH1', 'ADM', 'NMNAT2', 'GABBR1', 'VAMP2', 'CSPG2',
       'WASF1', 'CBX6', 'RAB27B', 'COL3A1', 'KIAA1644', 'NLGN1',
       'C16orf5', 'LOC400451', 'AEBP1', 'COL1A2', 'COL6A2', 'HEY1',
       'HSPG2', 'RPS19BP1', 'SUV39H1', 'RFXAP', 'TNC', 'DKFZp313A2432',
       'STC1', 'PDXP', 'MOAP1', 'MAPKBP1', 'ID4', 'CACNB3', 'SERPING1',
       'RND3', 'HMOX1', 'MTHFD2', 'R70506', 'APOC2', 'ANXA1', 'AA489629',
       'H86813', 'SCAMP5', 'RPS3A', 'PLAU', 'R61377', 'NEFH', 'STMN1',
       'FBXL16', 'C1R', 'WWTR1', 'EPHB1', 'ANXA5', 'AA906888', 'AI262682',
       'LOC146795', 'SOX4', 'COL9A2', 'SERPINA3', 'AA029415', 'PRKCZ',
       'FLJ35740', 'FN1', 'LOC388610', 'AI871056', 'FGF13', 'STXBP1',
       'AI357047', 'SP100', 'HCLS1', 'MGC26694', 'LSP1', 'PRKAR1B',
       'YWHAG', 'CLTB', 'AI335002', 'A2BP1', 'HLA.A', 'SNCG', 'IGFBP5',
       'PYCR1', 'ABCC3', 'L3MBTL4', 'DPYD', 'H20822', 'AI822135', 'LMO7',
       'ADFP', 'KCNMA1', 'PCDHGC3', 'MSTP9', 'AA479357', 'LTF', 'ZNF217',
       'AA490257', 'LOC389831', 'AA975768', 'NOTCH1', 'MB', 'RAB30',
       'FCGR2B', 'C4A', 'FLJ38984', 'PYGL', 'SNRPN', 'KNS2', 'GBP1',
       'IL32', 'LY96', 'AA181288', 'IGF2BP3', 'CALM1', 'CASP1', 'PDLIM7',
       'DEF6', 'W93688', 'USP3', 'X38595', 'TSPAN6', 'CDKN1A', 'PHLDA1',
       'GOT1', 'EFHB', 'GYPC', 'MYC', 'CDC20B', 'TNFAIP3', 'POSTN',
       'PLOD2', 'CDKN2D', 'AA669383', 'CLSTN3', 'MDK', 'MVP', 'CCL2',
       'FAM46A', 'PLA2G2A', 'KCNQ2', 'CKMT1A', 'H24428', 'KIAA0963',
       'NSF', 'RAB11FIP4', 'CD53', 'IL21R', 'URP2', 'CAMK2A', 'APCS',
       'HPRT1', 'LAMA4', 'ITPKA', 'HK2', 'RBP4', 'DDIT4', 'OSBPL1A',
       'CAMKK2', 'L1CAM', 'PYHIN1', 'H91845', 'SLC35A2', 'FCGRT',
       'AI005038', 'PTPRZ1', 'ADCY1', 'HAMP', 'CD44', 'FAS', 'NUAK1',
       'DNASE1L1', 'GPNMB', 'HBA1', 'T62491', 'FBXO2', 'VSNL1', 'SPINT2',
       'C8orf4', 'NCF2', 'PRSS3', 'PLTP', 'CAP2', 'LAMB1', 'EDG3',
       'INPP5F', 'PDE4DIP', 'MMP2', 'S100A10', 'LAPTM5', 'PRRX1',
       'IL1RAP', 'HLA.G', 'TSPAN4', 'ITGA9', 'CCR1', 'MAL2', 'DSCR1L1',
       'C6orf12', 'DDN', 'CBLN2', 'GBP2', 'PRKCB1', 'F13A1', 'S100A1',
       'R52960', 'BCL2A1', 'YWHAH', 'FREQ', 'UGCG', 'SERPINI1', 'NLK',
       'ANK3', 'AI002301', 'NCF1', 'CA11', 'NY.SAR.48', 'AA598555',
       'CYBA', 'ID3', 'TAP1', 'TGFBI', 'AI263051', 'TOMM40', 'C1orf187',
       'IQSEC1', 'DES', 'NPC2', 'AIF1', 'HLA.F', 'AI350724', 'PRSS1',
       'SAA2', 'CYR61', 'T51726', 'SYNGR3', 'ITGA3', 'CHN1', 'ADAM19',
       'FBXW7', 'AA598631', 'LUM', 'PCP4', 'SRPX', 'IGHG1', 'FAM84A',
       'H41096', 'HPCA', 'CTHRC1', 'AA401952', 'DYNLT1', 'GAS1', 'RAB20',
       'ESM1', 'AA424849', 'NR4A1', 'EPB49', 'MDFI', 'LYN', 'TXNDC',
       'PALLD', 'R70684', 'CAV1', 'ZFHX1B', 'H10054', 'NDST1', 'SPARC',
       'SCN2B', 'SYT7', 'MED11', 'PARP14', 'MICAL2', 'TncRNA', 'BNIP2',
       'FZD7', 'GADD45B', 'FBL', 'LOC283130', 'STK17A', 'PRKCG',
       'HLA.DRB1', 'PRG1', 'N98591', 'PPP1R14A', 'SLC15A2', 'NPTX1',
       'MGP'], dtype=object), 'Sample count': 17, 'Nans': array([ 0,  0,  0,  1,  2,  0,  2,  0,  0,  0,  1,  1,  0,  0,  1,  0,  0,
        0,  1,  0,  0,  3,  0,  1,  0,  0,  1,  1,  0,  1,  0,  0,  0,  0,
        0,  1,  0,  0,  1,  0,  1,  0,  0,  3,  2,  0,  1,  1,  1,  0,  0,
        1,  0,  6,  1,  0,  0,  0,  0,  0,  1,  1,  1,  5,  0,  3,  0,  1,
        6, 11,  1, 12,  2,  0, 12,  1,  1, 13,  1,  9,  8,  0,  6,  0,  8,
        1,  2,  2,  3, 16, 10,  6, 11,  4,  5,  4,  5,  0,  0, 13,  7,  2,
        4,  0,  5,  0,  9,  6,  0,  1,  5,  1,  1, 11,  4, 15,  7,  8,  8,
        0,  0,  3,  2,  1, 11,  0,  0,  0, 13,  0,  2,  6,  1,  9,  9,  6,
        0,  0,  3,  5, 10,  0, 13, 13, 12,  0,  0,  0,  0,  1,  0,  8,  0,
        6,  0,  0,  7,  4,  9, 12,  3,  6,  2,  0,  0,  4,  3, 15,  5,  0,
        0,  0,  4,  0,  8,  0, 10,  3,  3,  8,  0,  6,  0,  3,  6,  6,  4,
        5,  1,  1,  1,  0,  2,  7,  8,  1,  7,  0,  0,  7,  2,  0,  9,  7,
       17,  6,  4,  8,  3,  0,  0,  8,  4,  0,  1,  2,  0,  0,  5,  1, 12,
        5, 11,  1,  0,  8, 10, 11,  1,  1,  0,  1,  0, 16,  0,  6,  0,  0,
        1, 11,  0,  0,  0,  7,  1,  0,  0, 16,  0,  5, 15,  0,  2,  8,  1,
        1, 12,  2,  0,  0,  2,  5,  6, 13, 11, 17,  5,  1, 12,  3,  7,  0,
       12,  0,  1,  5,  6,  2,  4,  0,  0,  0,  2,  0,  8,  0,  0,  1, 14,
        0,  5, 12, 17,  9,  1,  1,  9,  0,  8,  1,  0,  4,  0,  7,  6,  9,
        1,  0,  0,  7,  0,  5,  0,  2, 14,  4,  0, 17,  0,  3,  9,  0,  0,
        3, 13,  8,  0,  0,  0,  1,  4,  0,  3, 13,  2,  0,  1,  1,  0,  0,
        0,  2,  9,  6,  0,  0, 10,  1,  0,  4,  0,  2,  0,  3, 15, 12,  1,
        1, 11,  0,  0,  7,  0,  0,  0,  0,  1,  2, 17,  0,  7,  6, 12,  0,
        0,  0,  0,  0, 16,  2,  3,  1,  0,  0,  3,  9,  0,  0,  1,  3,  6,
        7,  7,  6,  3,  1,  0,  0,  0, 16, 12,  1,  0,  0,  1,  1,  0,  0,
        6,  9,  0,  6,  0,  3,  5,  5,  1,  0,  0,  0,  0,  0,  8,  0])}]
Log Transform performed
[[ 0.2305604   0.71134801  0.358525   ... -0.418475    0.02686903
   0.43296748]
/app/apps/svd/FC_Federated_MFA.py:132: RuntimeWarning: invalid value encountered in log2
  tabdata.scaled = np.log2(tabdata.scaled+1)
 [ 0.7685604   0.49434801  0.623525   ...  0.158525    0.30886903
   0.68796748]
 [ 0.2005604   0.18034801  0.617525   ... -0.303475    0.14986903
   0.50396748]
 ...
 [ 0.33603731  1.17897856  1.95058322 ...  1.26352924  1.74509741
   0.99718212]
 [ 0.13803731 -1.54702144 -0.67241678 ... -1.63047076 -4.82490259
  -0.95181788]
 [ 0.76753731  2.08097856 -0.60541678 ...  2.45852924  1.20309741
   2.93318212]]
[[ 0.29931547  0.77513317  0.44204111 ... -0.78208688  0.03825218
   0.51900587]
 [ 0.82257549  0.57951617  0.6991296  ...  0.21228918  0.38832074
   0.75528711]
 [ 0.26370798  0.23921228  0.69378801 ... -0.52175296  0.20146954
   0.58877337]
 ...
 [ 0.41796029  1.123652    1.56100015 ...  1.17857395  1.45685734
   0.99796589]
 [ 0.18654785         nan -1.61006665 ...         nan         nan
  -4.37535846]
 [ 0.82174067  1.62338864 -1.3415985  ...  1.79015866  1.13953329
   1.97569699]]
[<apps.svd.TabData.TabData object at 0x7f8293739610>, <apps.svd.TabData.TabData object at 0x7f8293739850>]
[{'Row names': array(['EXT1', 'DIP2C', 'SVIL', 'MGC39606', 'ADARB2', 'PARD3', 'SPAG6',
       'AKR1C1', 'CCDC3', 'AKR1C2', 'TCTEX1D1', 'GYPA', 'VASP', 'ACAD8',
       'C1orf63', 'USP6NL', 'CACNB2', 'CLCA3', 'COX7A1', 'CEAL1', 'EID.3',
       'DUS3L', 'KIAA1543', 'HBXIP', 'ZNF226', 'EDG1', 'SORT1',
       'LOC283070', 'DCLRE1B', 'ZNF549', 'KLRC3', 'ZNF419B', 'DDEF1',
       'DMN', 'KCNJ1', 'MGC18216', 'PSG5', 'FBXO32', 'ZNF329', 'SBP1',
       'MGC42367', 'OSR1', 'D21S2089E', 'HNRNPG.T', 'AP4B1', 'ZNF160',
       'LRBA', 'LILRA1', 'EGLN2', 'BCAM', 'GPSM2', 'APOC1', 'IGF1R',
       'TLL2', 'CA11', 'TMEM146', 'KCNK6', 'TFDP2', 'ZNF233', 'COX6A2',
       'UBE4B', 'NDUFB11', 'TTC23', 'RBP7', 'IGSF3', 'BLVRB', 'PSG1',
       'MYBPC2', 'MSN', 'H08563', 'BGN', 'TNFRSF12A', 'CAPG', 'MYCBP2',
       'EMP3', 'RTN3', 'RGS16', 'ITGA5', 'PPP3CB', 'LOC541471', 'H78560',
       'ASPA', 'TIMP1', 'AA398420', 'IMAGE.33267', 'SOCS3', 'PDPN',
       'CHI3L2', 'MASP1', 'PLP2', 'S100A11', 'SETD5', 'T97457', 'UBA52',
       'DLL3', 'TSPYL1', 'FAM84B', 'RALY', 'LOC613212', 'CLIC1', 'VEGF',
       'AA281932', 'COL1A1', 'CD47', 'IFI30', 'ATP6V1C1', 'PSD3', 'RUNX1',
       'LHFPL2', 'C9orf48', 'CA12', 'EDNRB', 'PPP3CA', 'LGALS3', 'STEAP3',
       'IGFBP3', 'KLRC3', 'KLRC2', 'KLRC1', 'NPL', 'ARPP.19', 'PDE2A',
       'COL4A2', 'TIMP3', 'PLAUR', 'PNCK', 'WDR7', 'X37864', 'NNMT',
       'TBC1D7', 'MRC2', 'ABCA5', 'TCF7L1', 'CD58', 'MST1', 'DECR2',
       'AA131320', 'LOC57228', 'MST150', 'PEG3', 'TMEM49', 'FABP3',
       'SLC16A3', 'SERPINH1', 'ADM', 'NMNAT2', 'GABBR1', 'VAMP2', 'CSPG2',
       'WASF1', 'CBX6', 'RAB27B', 'COL3A1', 'KIAA1644', 'NLGN1',
       'C16orf5', 'LOC400451', 'AEBP1', 'COL1A2', 'COL6A2', 'HEY1',
       'HSPG2', 'RPS19BP1', 'SUV39H1', 'RFXAP', 'TNC', 'DKFZp313A2432',
       'STC1', 'PDXP', 'MOAP1', 'MAPKBP1', 'ID4', 'CACNB3', 'SERPING1',
       'RND3', 'HMOX1', 'MTHFD2', 'R70506', 'APOC2', 'ANXA1', 'AA489629',
       'H86813', 'SCAMP5', 'RPS3A', 'PLAU', 'R61377', 'NEFH', 'STMN1',
       'FBXL16', 'C1R', 'WWTR1', 'EPHB1', 'ANXA5', 'AA906888', 'AI262682',
       'LOC146795', 'SOX4', 'COL9A2', 'SERPINA3', 'AA029415', 'PRKCZ',
       'FLJ35740', 'FN1', 'LOC388610', 'AI871056', 'FGF13', 'STXBP1',
       'AI357047', 'SP100', 'HCLS1', 'MGC26694', 'LSP1', 'PRKAR1B',
       'YWHAG', 'CLTB', 'AI335002', 'A2BP1', 'HLA.A', 'SNCG', 'IGFBP5',
       'PYCR1', 'ABCC3', 'L3MBTL4', 'DPYD', 'H20822', 'AI822135', 'LMO7',
       'ADFP', 'KCNMA1', 'PCDHGC3', 'MSTP9', 'AA479357', 'LTF', 'ZNF217',
       'AA490257', 'LOC389831', 'AA975768', 'NOTCH1', 'MB', 'RAB30',
       'FCGR2B', 'C4A', 'FLJ38984', 'PYGL', 'SNRPN', 'KNS2', 'GBP1',
       'IL32', 'LY96', 'AA181288', 'IGF2BP3', 'CALM1', 'CASP1', 'PDLIM7',
       'DEF6', 'W93688', 'USP3', 'X38595', 'TSPAN6', 'CDKN1A', 'PHLDA1',
       'GOT1', 'EFHB', 'GYPC', 'MYC', 'CDC20B', 'TNFAIP3', 'POSTN',
       'PLOD2', 'CDKN2D', 'AA669383', 'CLSTN3', 'MDK', 'MVP', 'CCL2',
       'FAM46A', 'PLA2G2A', 'KCNQ2', 'CKMT1A', 'H24428', 'KIAA0963',
       'NSF', 'RAB11FIP4', 'CD53', 'IL21R', 'URP2', 'CAMK2A', 'APCS',
       'HPRT1', 'LAMA4', 'ITPKA', 'HK2', 'RBP4', 'DDIT4', 'OSBPL1A',
       'CAMKK2', 'L1CAM', 'PYHIN1', 'H91845', 'SLC35A2', 'FCGRT',
       'AI005038', 'PTPRZ1', 'ADCY1', 'HAMP', 'CD44', 'FAS', 'NUAK1',
       'DNASE1L1', 'GPNMB', 'HBA1', 'T62491', 'FBXO2', 'VSNL1', 'SPINT2',
       'C8orf4', 'NCF2', 'PRSS3', 'PLTP', 'CAP2', 'LAMB1', 'EDG3',
       'INPP5F', 'PDE4DIP', 'MMP2', 'S100A10', 'LAPTM5', 'PRRX1',
       'IL1RAP', 'HLA.G', 'TSPAN4', 'ITGA9', 'CCR1', 'MAL2', 'DSCR1L1',
       'C6orf12', 'DDN', 'CBLN2', 'GBP2', 'PRKCB1', 'F13A1', 'S100A1',
       'R52960', 'BCL2A1', 'YWHAH', 'FREQ', 'UGCG', 'SERPINI1', 'NLK',
       'ANK3', 'AI002301', 'NCF1', 'CA11', 'NY.SAR.48', 'AA598555',
       'CYBA', 'ID3', 'TAP1', 'TGFBI', 'AI263051', 'TOMM40', 'C1orf187',
       'IQSEC1', 'DES', 'NPC2', 'AIF1', 'HLA.F', 'AI350724', 'PRSS1',
       'SAA2', 'CYR61', 'T51726', 'SYNGR3', 'ITGA3', 'CHN1', 'ADAM19',
       'FBXW7', 'AA598631', 'LUM', 'PCP4', 'SRPX', 'IGHG1', 'FAM84A',
       'H41096', 'HPCA', 'CTHRC1', 'AA401952', 'DYNLT1', 'GAS1', 'RAB20',
       'ESM1', 'AA424849', 'NR4A1', 'EPB49', 'MDFI', 'LYN', 'TXNDC',
       'PALLD', 'R70684', 'CAV1', 'ZFHX1B', 'H10054', 'NDST1', 'SPARC',
       'SCN2B', 'SYT7', 'MED11', 'PARP14', 'MICAL2', 'TncRNA', 'BNIP2',
       'FZD7', 'GADD45B', 'FBL', 'LOC283130', 'STK17A', 'PRKCG',
       'HLA.DRB1', 'PRG1', 'N98591', 'PPP1R14A', 'SLC15A2', 'NPTX1',
       'MGP'], dtype=object), 'Sample count': 17, 'Nans': array([ 0,  0,  0,  1,  2,  0,  2,  0,  0,  0,  1,  1,  0,  0,  1,  0,  0,
        0,  1,  0,  0,  3,  0,  1,  0,  0,  1,  1,  0,  1,  0,  0,  0,  0,
        0,  1,  0,  0,  1,  0,  1,  0,  0,  3,  2,  0,  1,  1,  1,  0,  0,
        1,  0,  6,  1,  0,  0,  0,  0,  0,  1,  1,  1,  5,  0,  3,  0,  1,
        6, 11,  1, 12,  2,  0, 12,  1,  1, 13,  1,  9,  8,  0,  6,  0,  8,
        1,  2,  2,  3, 16, 10,  6, 11,  4,  5,  4,  5,  0,  0, 13,  7,  2,
        4,  0,  5,  0,  9,  6,  0,  1,  5,  1,  1, 11,  4, 15,  7,  8,  8,
        0,  0,  3,  2,  1, 11,  0,  0,  0, 13,  0,  2,  6,  1,  9,  9,  6,
        0,  0,  3,  5, 10,  0, 13, 13, 12,  0,  0,  0,  0,  1,  0,  8,  0,
        6,  0,  0,  7,  4,  9, 12,  3,  6,  2,  0,  0,  4,  3, 15,  5,  0,
        0,  0,  4,  0,  8,  0, 10,  3,  3,  8,  0,  6,  0,  3,  6,  6,  4,
        5,  1,  1,  1,  0,  2,  7,  8,  1,  7,  0,  0,  7,  2,  0,  9,  7,
       17,  6,  4,  8,  3,  0,  0,  8,  4,  0,  1,  2,  0,  0,  5,  1, 12,
        5, 11,  1,  0,  8, 10, 11,  1,  1,  0,  1,  0, 16,  0,  6,  0,  0,
        1, 11,  0,  0,  0,  7,  1,  0,  0, 16,  0,  5, 15,  0,  2,  8,  1,
        1, 12,  2,  0,  0,  2,  5,  6, 13, 11, 17,  5,  1, 12,  3,  7,  0,
       12,  0,  1,  5,  6,  2,  4,  0,  0,  0,  2,  0,  8,  0,  0,  1, 14,
        0,  5, 12, 17,  9,  1,  1,  9,  0,  8,  1,  0,  4,  0,  7,  6,  9,
        1,  0,  0,  7,  0,  5,  0,  2, 14,  4,  0, 17,  0,  3,  9,  0,  0,
        3, 13,  8,  0,  0,  0,  1,  4,  0,  3, 13,  2,  0,  1,  1,  0,  0,
        0,  2,  9,  6,  0,  0, 10,  1,  0,  4,  0,  2,  0,  3, 15, 12,  1,
        1, 11,  0,  0,  7,  0,  0,  0,  0,  1,  2, 17,  0,  7,  6, 12,  0,
        0,  0,  0,  0, 16,  2,  3,  1,  0,  0,  3,  9,  0,  0,  1,  3,  6,
        7,  7,  6,  3,  1,  0,  0,  0, 16, 12,  1,  0,  0,  1,  1,  0,  0,
        6,  9,  0,  6,  0,  3,  5,  5,  1,  0,  0,  0,  0,  0,  8,  0])}, {'Row names': array(['EXT1', 'DIP2C', 'SVIL', 'MGC39606', 'ADARB2', 'PARD3', 'SPAG6',
       'AKR1C1', 'CCDC3', 'AKR1C2', 'TCTEX1D1', 'GYPA', 'VASP', 'ACAD8',
       'C1orf63', 'USP6NL', 'CACNB2', 'CLCA3', 'COX7A1', 'CEAL1', 'EID.3',
       'DUS3L', 'KIAA1543', 'HBXIP', 'ZNF226', 'EDG1', 'SORT1',
       'LOC283070', 'DCLRE1B', 'ZNF549', 'KLRC3', 'ZNF419B', 'DDEF1',
       'DMN', 'KCNJ1', 'MGC18216', 'PSG5', 'FBXO32', 'ZNF329', 'SBP1',
       'MGC42367', 'OSR1', 'D21S2089E', 'HNRNPG.T', 'AP4B1', 'ZNF160',
       'LRBA', 'LILRA1', 'EGLN2', 'BCAM', 'GPSM2', 'APOC1', 'IGF1R',
       'TLL2', 'CA11', 'TMEM146', 'KCNK6', 'TFDP2', 'ZNF233', 'COX6A2',
       'UBE4B', 'NDUFB11', 'TTC23', 'RBP7', 'IGSF3', 'BLVRB', 'PSG1',
       'MYBPC2', 'MSN', 'H08563', 'BGN', 'TNFRSF12A', 'CAPG', 'MYCBP2',
       'EMP3', 'RTN3', 'RGS16', 'ITGA5', 'PPP3CB', 'LOC541471', 'H78560',
       'ASPA', 'TIMP1', 'AA398420', 'IMAGE.33267', 'SOCS3', 'PDPN',
       'CHI3L2', 'MASP1', 'PLP2', 'S100A11', 'SETD5', 'T97457', 'UBA52',
       'DLL3', 'TSPYL1', 'FAM84B', 'RALY', 'LOC613212', 'CLIC1', 'VEGF',
       'AA281932', 'COL1A1', 'CD47', 'IFI30', 'ATP6V1C1', 'PSD3', 'RUNX1',
       'LHFPL2', 'C9orf48', 'CA12', 'EDNRB', 'PPP3CA', 'LGALS3', 'STEAP3',
       'IGFBP3', 'KLRC3', 'KLRC2', 'KLRC1', 'NPL', 'ARPP.19', 'PDE2A',
       'COL4A2', 'TIMP3', 'PLAUR', 'PNCK', 'WDR7', 'X37864', 'NNMT',
       'TBC1D7', 'MRC2', 'ABCA5', 'TCF7L1', 'CD58', 'MST1', 'DECR2',
       'AA131320', 'LOC57228', 'MST150', 'PEG3', 'TMEM49', 'FABP3',
       'SLC16A3', 'SERPINH1', 'ADM', 'NMNAT2', 'GABBR1', 'VAMP2', 'CSPG2',
       'WASF1', 'CBX6', 'RAB27B', 'COL3A1', 'KIAA1644', 'NLGN1',
       'C16orf5', 'LOC400451', 'AEBP1', 'COL1A2', 'COL6A2', 'HEY1',
       'HSPG2', 'RPS19BP1', 'SUV39H1', 'RFXAP', 'TNC', 'DKFZp313A2432',
       'STC1', 'PDXP', 'MOAP1', 'MAPKBP1', 'ID4', 'CACNB3', 'SERPING1',
       'RND3', 'HMOX1', 'MTHFD2', 'R70506', 'APOC2', 'ANXA1', 'AA489629',
       'H86813', 'SCAMP5', 'RPS3A', 'PLAU', 'R61377', 'NEFH', 'STMN1',
       'FBXL16', 'C1R', 'WWTR1', 'EPHB1', 'ANXA5', 'AA906888', 'AI262682',
       'LOC146795', 'SOX4', 'COL9A2', 'SERPINA3', 'AA029415', 'PRKCZ',
       'FLJ35740', 'FN1', 'LOC388610', 'AI871056', 'FGF13', 'STXBP1',
       'AI357047', 'SP100', 'HCLS1', 'MGC26694', 'LSP1', 'PRKAR1B',
       'YWHAG', 'CLTB', 'AI335002', 'A2BP1', 'HLA.A', 'SNCG', 'IGFBP5',
       'PYCR1', 'ABCC3', 'L3MBTL4', 'DPYD', 'H20822', 'AI822135', 'LMO7',
       'ADFP', 'KCNMA1', 'PCDHGC3', 'MSTP9', 'AA479357', 'LTF', 'ZNF217',
       'AA490257', 'LOC389831', 'AA975768', 'NOTCH1', 'MB', 'RAB30',
       'FCGR2B', 'C4A', 'FLJ38984', 'PYGL', 'SNRPN', 'KNS2', 'GBP1',
       'IL32', 'LY96', 'AA181288', 'IGF2BP3', 'CALM1', 'CASP1', 'PDLIM7',
       'DEF6', 'W93688', 'USP3', 'X38595', 'TSPAN6', 'CDKN1A', 'PHLDA1',
       'GOT1', 'EFHB', 'GYPC', 'MYC', 'CDC20B', 'TNFAIP3', 'POSTN',
       'PLOD2', 'CDKN2D', 'AA669383', 'CLSTN3', 'MDK', 'MVP', 'CCL2',
       'FAM46A', 'PLA2G2A', 'KCNQ2', 'CKMT1A', 'H24428', 'KIAA0963',
       'NSF', 'RAB11FIP4', 'CD53', 'IL21R', 'URP2', 'CAMK2A', 'APCS',
       'HPRT1', 'LAMA4', 'ITPKA', 'HK2', 'RBP4', 'DDIT4', 'OSBPL1A',
       'CAMKK2', 'L1CAM', 'PYHIN1', 'H91845', 'SLC35A2', 'FCGRT',
       'AI005038', 'PTPRZ1', 'ADCY1', 'HAMP', 'CD44', 'FAS', 'NUAK1',
       'DNASE1L1', 'GPNMB', 'HBA1', 'T62491', 'FBXO2', 'VSNL1', 'SPINT2',
       'C8orf4', 'NCF2', 'PRSS3', 'PLTP', 'CAP2', 'LAMB1', 'EDG3',
       'INPP5F', 'PDE4DIP', 'MMP2', 'S100A10', 'LAPTM5', 'PRRX1',
       'IL1RAP', 'HLA.G', 'TSPAN4', 'ITGA9', 'CCR1', 'MAL2', 'DSCR1L1',
       'C6orf12', 'DDN', 'CBLN2', 'GBP2', 'PRKCB1', 'F13A1', 'S100A1',
       'R52960', 'BCL2A1', 'YWHAH', 'FREQ', 'UGCG', 'SERPINI1', 'NLK',
       'ANK3', 'AI002301', 'NCF1', 'CA11', 'NY.SAR.48', 'AA598555',
       'CYBA', 'ID3', 'TAP1', 'TGFBI', 'AI263051', 'TOMM40', 'C1orf187',
       'IQSEC1', 'DES', 'NPC2', 'AIF1', 'HLA.F', 'AI350724', 'PRSS1',
       'SAA2', 'CYR61', 'T51726', 'SYNGR3', 'ITGA3', 'CHN1', 'ADAM19',
       'FBXW7', 'AA598631', 'LUM', 'PCP4', 'SRPX', 'IGHG1', 'FAM84A',
       'H41096', 'HPCA', 'CTHRC1', 'AA401952', 'DYNLT1', 'GAS1', 'RAB20',
       'ESM1', 'AA424849', 'NR4A1', 'EPB49', 'MDFI', 'LYN', 'TXNDC',
       'PALLD', 'R70684', 'CAV1', 'ZFHX1B', 'H10054', 'NDST1', 'SPARC',
       'SCN2B', 'SYT7', 'MED11', 'PARP14', 'MICAL2', 'TncRNA', 'BNIP2',
       'FZD7', 'GADD45B', 'FBL', 'LOC283130', 'STK17A', 'PRKCG',
       'HLA.DRB1', 'PRG1', 'N98591', 'PPP1R14A', 'SLC15A2', 'NPTX1',
       'MGP'], dtype=object), 'Sample count': 17, 'Nans': array([ 0,  0,  0,  1,  2,  0,  2,  0,  0,  0,  1,  1,  0,  0,  1,  0,  0,
        0,  1,  0,  0,  3,  0,  1,  0,  0,  1,  1,  0,  1,  0,  0,  0,  0,
        0,  1,  0,  0,  1,  0,  1,  0,  0,  3,  2,  0,  1,  1,  1,  0,  0,
        1,  0,  6,  1,  0,  0,  0,  0,  0,  1,  1,  1,  5,  0,  3,  0,  1,
        6, 11,  1, 12,  2,  0, 12,  1,  1, 13,  1,  9,  8,  0,  6,  0,  8,
        1,  2,  2,  3, 16, 10,  6, 11,  4,  5,  4,  5,  0,  0, 13,  7,  2,
        4,  0,  5,  0,  9,  6,  0,  1,  5,  1,  1, 11,  4, 15,  7,  8,  8,
        0,  0,  3,  2,  1, 11,  0,  0,  0, 13,  0,  2,  6,  1,  9,  9,  6,
        0,  0,  3,  5, 10,  0, 13, 13, 12,  0,  0,  0,  0,  1,  0,  8,  0,
        6,  0,  0,  7,  4,  9, 12,  3,  6,  2,  0,  0,  4,  3, 15,  5,  0,
        0,  0,  4,  0,  8,  0, 10,  3,  3,  8,  0,  6,  0,  3,  6,  6,  4,
        5,  1,  1,  1,  0,  2,  7,  8,  1,  7,  0,  0,  7,  2,  0,  9,  7,
       17,  6,  4,  8,  3,  0,  0,  8,  4,  0,  1,  2,  0,  0,  5,  1, 12,
        5, 11,  1,  0,  8, 10, 11,  1,  1,  0,  1,  0, 16,  0,  6,  0,  0,
        1, 11,  0,  0,  0,  7,  1,  0,  0, 16,  0,  5, 15,  0,  2,  8,  1,
        1, 12,  2,  0,  0,  2,  5,  6, 13, 11, 17,  5,  1, 12,  3,  7,  0,
       12,  0,  1,  5,  6,  2,  4,  0,  0,  0,  2,  0,  8,  0,  0,  1, 14,
        0,  5, 12, 17,  9,  1,  1,  9,  0,  8,  1,  0,  4,  0,  7,  6,  9,
        1,  0,  0,  7,  0,  5,  0,  2, 14,  4,  0, 17,  0,  3,  9,  0,  0,
        3, 13,  8,  0,  0,  0,  1,  4,  0,  3, 13,  2,  0,  1,  1,  0,  0,
        0,  2,  9,  6,  0,  0, 10,  1,  0,  4,  0,  2,  0,  3, 15, 12,  1,
        1, 11,  0,  0,  7,  0,  0,  0,  0,  1,  2, 17,  0,  7,  6, 12,  0,
        0,  0,  0,  0, 16,  2,  3,  1,  0,  0,  3,  9,  0,  0,  1,  3,  6,
        7,  7,  6,  3,  1,  0,  0,  0, 16, 12,  1,  0,  0,  1,  1,  0,  0,
        6,  9,  0,  6,  0,  3,  5,  5,  1,  0,  0,  0,  0,  0,  8,  0])}]
Log Transform performed
[[ 0.2305604   0.71134801  0.358525   ... -0.418475    0.02686903
   0.43296748]
 [ 0.7685604   0.49434801  0.623525   ...  0.158525    0.30886903
   0.68796748]
 [ 0.2005604   0.18034801  0.617525   ... -0.303475    0.14986903
   0.50396748]
 ...
 [ 0.33603731  1.17897856  1.95058322 ...  1.26352924  1.74509741
   0.99718212]
 [ 0.13803731 -1.54702144 -0.67241678 ... -1.63047076 -4.82490259
  -0.95181788]
 [ 0.76753731  2.08097856 -0.60541678 ...  2.45852924  1.20309741
   2.93318212]]
/app/apps/svd/FC_Federated_MFA.py:132: RuntimeWarning: invalid value encountered in log2
  tabdata.scaled = np.log2(tabdata.scaled+1)
[[ 0.29931547  0.77513317  0.44204111 ... -0.78208688  0.03825218
   0.51900587]
 [ 0.82257549  0.57951617  0.6991296  ...  0.21228918  0.38832074
   0.75528711]
 [ 0.26370798  0.23921228  0.69378801 ... -0.52175296  0.20146954
   0.58877337]
 ...
 [ 0.41796029  1.123652    1.56100015 ...  1.17857395  1.45685734
   0.99796589]
 [ 0.18654785         nan -1.61006665 ...         nan         nan
  -4.37535846]
 [ 0.82174067  1.62338864 -1.3415985  ...  1.79015866  1.13953329
   1.97569699]]
[<apps.svd.TabData.TabData object at 0x7f8293739610>, <apps.svd.TabData.TabData object at 0x7f8293739850>, <apps.svd.TabData.TabData object at 0x7f8293739820>]
[{'Row names': array(['EXT1', 'DIP2C', 'SVIL', 'MGC39606', 'ADARB2', 'PARD3', 'SPAG6',
       'AKR1C1', 'CCDC3', 'AKR1C2', 'TCTEX1D1', 'GYPA', 'VASP', 'ACAD8',
       'C1orf63', 'USP6NL', 'CACNB2', 'CLCA3', 'COX7A1', 'CEAL1', 'EID.3',
       'DUS3L', 'KIAA1543', 'HBXIP', 'ZNF226', 'EDG1', 'SORT1',
       'LOC283070', 'DCLRE1B', 'ZNF549', 'KLRC3', 'ZNF419B', 'DDEF1',
       'DMN', 'KCNJ1', 'MGC18216', 'PSG5', 'FBXO32', 'ZNF329', 'SBP1',
       'MGC42367', 'OSR1', 'D21S2089E', 'HNRNPG.T', 'AP4B1', 'ZNF160',
       'LRBA', 'LILRA1', 'EGLN2', 'BCAM', 'GPSM2', 'APOC1', 'IGF1R',
       'TLL2', 'CA11', 'TMEM146', 'KCNK6', 'TFDP2', 'ZNF233', 'COX6A2',
       'UBE4B', 'NDUFB11', 'TTC23', 'RBP7', 'IGSF3', 'BLVRB', 'PSG1',
       'MYBPC2', 'MSN', 'H08563', 'BGN', 'TNFRSF12A', 'CAPG', 'MYCBP2',
       'EMP3', 'RTN3', 'RGS16', 'ITGA5', 'PPP3CB', 'LOC541471', 'H78560',
       'ASPA', 'TIMP1', 'AA398420', 'IMAGE.33267', 'SOCS3', 'PDPN',
       'CHI3L2', 'MASP1', 'PLP2', 'S100A11', 'SETD5', 'T97457', 'UBA52',
       'DLL3', 'TSPYL1', 'FAM84B', 'RALY', 'LOC613212', 'CLIC1', 'VEGF',
       'AA281932', 'COL1A1', 'CD47', 'IFI30', 'ATP6V1C1', 'PSD3', 'RUNX1',
       'LHFPL2', 'C9orf48', 'CA12', 'EDNRB', 'PPP3CA', 'LGALS3', 'STEAP3',
       'IGFBP3', 'KLRC3', 'KLRC2', 'KLRC1', 'NPL', 'ARPP.19', 'PDE2A',
       'COL4A2', 'TIMP3', 'PLAUR', 'PNCK', 'WDR7', 'X37864', 'NNMT',
       'TBC1D7', 'MRC2', 'ABCA5', 'TCF7L1', 'CD58', 'MST1', 'DECR2',
       'AA131320', 'LOC57228', 'MST150', 'PEG3', 'TMEM49', 'FABP3',
       'SLC16A3', 'SERPINH1', 'ADM', 'NMNAT2', 'GABBR1', 'VAMP2', 'CSPG2',
       'WASF1', 'CBX6', 'RAB27B', 'COL3A1', 'KIAA1644', 'NLGN1',
       'C16orf5', 'LOC400451', 'AEBP1', 'COL1A2', 'COL6A2', 'HEY1',
       'HSPG2', 'RPS19BP1', 'SUV39H1', 'RFXAP', 'TNC', 'DKFZp313A2432',
       'STC1', 'PDXP', 'MOAP1', 'MAPKBP1', 'ID4', 'CACNB3', 'SERPING1',
       'RND3', 'HMOX1', 'MTHFD2', 'R70506', 'APOC2', 'ANXA1', 'AA489629',
       'H86813', 'SCAMP5', 'RPS3A', 'PLAU', 'R61377', 'NEFH', 'STMN1',
       'FBXL16', 'C1R', 'WWTR1', 'EPHB1', 'ANXA5', 'AA906888', 'AI262682',
       'LOC146795', 'SOX4', 'COL9A2', 'SERPINA3', 'AA029415', 'PRKCZ',
       'FLJ35740', 'FN1', 'LOC388610', 'AI871056', 'FGF13', 'STXBP1',
       'AI357047', 'SP100', 'HCLS1', 'MGC26694', 'LSP1', 'PRKAR1B',
       'YWHAG', 'CLTB', 'AI335002', 'A2BP1', 'HLA.A', 'SNCG', 'IGFBP5',
       'PYCR1', 'ABCC3', 'L3MBTL4', 'DPYD', 'H20822', 'AI822135', 'LMO7',
       'ADFP', 'KCNMA1', 'PCDHGC3', 'MSTP9', 'AA479357', 'LTF', 'ZNF217',
       'AA490257', 'LOC389831', 'AA975768', 'NOTCH1', 'MB', 'RAB30',
       'FCGR2B', 'C4A', 'FLJ38984', 'PYGL', 'SNRPN', 'KNS2', 'GBP1',
       'IL32', 'LY96', 'AA181288', 'IGF2BP3', 'CALM1', 'CASP1', 'PDLIM7',
       'DEF6', 'W93688', 'USP3', 'X38595', 'TSPAN6', 'CDKN1A', 'PHLDA1',
       'GOT1', 'EFHB', 'GYPC', 'MYC', 'CDC20B', 'TNFAIP3', 'POSTN',
       'PLOD2', 'CDKN2D', 'AA669383', 'CLSTN3', 'MDK', 'MVP', 'CCL2',
       'FAM46A', 'PLA2G2A', 'KCNQ2', 'CKMT1A', 'H24428', 'KIAA0963',
       'NSF', 'RAB11FIP4', 'CD53', 'IL21R', 'URP2', 'CAMK2A', 'APCS',
       'HPRT1', 'LAMA4', 'ITPKA', 'HK2', 'RBP4', 'DDIT4', 'OSBPL1A',
       'CAMKK2', 'L1CAM', 'PYHIN1', 'H91845', 'SLC35A2', 'FCGRT',
       'AI005038', 'PTPRZ1', 'ADCY1', 'HAMP', 'CD44', 'FAS', 'NUAK1',
       'DNASE1L1', 'GPNMB', 'HBA1', 'T62491', 'FBXO2', 'VSNL1', 'SPINT2',
       'C8orf4', 'NCF2', 'PRSS3', 'PLTP', 'CAP2', 'LAMB1', 'EDG3',
       'INPP5F', 'PDE4DIP', 'MMP2', 'S100A10', 'LAPTM5', 'PRRX1',
       'IL1RAP', 'HLA.G', 'TSPAN4', 'ITGA9', 'CCR1', 'MAL2', 'DSCR1L1',
       'C6orf12', 'DDN', 'CBLN2', 'GBP2', 'PRKCB1', 'F13A1', 'S100A1',
       'R52960', 'BCL2A1', 'YWHAH', 'FREQ', 'UGCG', 'SERPINI1', 'NLK',
       'ANK3', 'AI002301', 'NCF1', 'CA11', 'NY.SAR.48', 'AA598555',
       'CYBA', 'ID3', 'TAP1', 'TGFBI', 'AI263051', 'TOMM40', 'C1orf187',
       'IQSEC1', 'DES', 'NPC2', 'AIF1', 'HLA.F', 'AI350724', 'PRSS1',
       'SAA2', 'CYR61', 'T51726', 'SYNGR3', 'ITGA3', 'CHN1', 'ADAM19',
       'FBXW7', 'AA598631', 'LUM', 'PCP4', 'SRPX', 'IGHG1', 'FAM84A',
       'H41096', 'HPCA', 'CTHRC1', 'AA401952', 'DYNLT1', 'GAS1', 'RAB20',
       'ESM1', 'AA424849', 'NR4A1', 'EPB49', 'MDFI', 'LYN', 'TXNDC',
       'PALLD', 'R70684', 'CAV1', 'ZFHX1B', 'H10054', 'NDST1', 'SPARC',
       'SCN2B', 'SYT7', 'MED11', 'PARP14', 'MICAL2', 'TncRNA', 'BNIP2',
       'FZD7', 'GADD45B', 'FBL', 'LOC283130', 'STK17A', 'PRKCG',
       'HLA.DRB1', 'PRG1', 'N98591', 'PPP1R14A', 'SLC15A2', 'NPTX1',
       'MGP'], dtype=object), 'Sample count': 17, 'Nans': array([ 0,  0,  0,  1,  2,  0,  2,  0,  0,  0,  1,  1,  0,  0,  1,  0,  0,
        0,  1,  0,  0,  3,  0,  1,  0,  0,  1,  1,  0,  1,  0,  0,  0,  0,
        0,  1,  0,  0,  1,  0,  1,  0,  0,  3,  2,  0,  1,  1,  1,  0,  0,
        1,  0,  6,  1,  0,  0,  0,  0,  0,  1,  1,  1,  5,  0,  3,  0,  1,
        6, 11,  1, 12,  2,  0, 12,  1,  1, 13,  1,  9,  8,  0,  6,  0,  8,
        1,  2,  2,  3, 16, 10,  6, 11,  4,  5,  4,  5,  0,  0, 13,  7,  2,
        4,  0,  5,  0,  9,  6,  0,  1,  5,  1,  1, 11,  4, 15,  7,  8,  8,
        0,  0,  3,  2,  1, 11,  0,  0,  0, 13,  0,  2,  6,  1,  9,  9,  6,
        0,  0,  3,  5, 10,  0, 13, 13, 12,  0,  0,  0,  0,  1,  0,  8,  0,
        6,  0,  0,  7,  4,  9, 12,  3,  6,  2,  0,  0,  4,  3, 15,  5,  0,
        0,  0,  4,  0,  8,  0, 10,  3,  3,  8,  0,  6,  0,  3,  6,  6,  4,
        5,  1,  1,  1,  0,  2,  7,  8,  1,  7,  0,  0,  7,  2,  0,  9,  7,
       17,  6,  4,  8,  3,  0,  0,  8,  4,  0,  1,  2,  0,  0,  5,  1, 12,
        5, 11,  1,  0,  8, 10, 11,  1,  1,  0,  1,  0, 16,  0,  6,  0,  0,
        1, 11,  0,  0,  0,  7,  1,  0,  0, 16,  0,  5, 15,  0,  2,  8,  1,
        1, 12,  2,  0,  0,  2,  5,  6, 13, 11, 17,  5,  1, 12,  3,  7,  0,
       12,  0,  1,  5,  6,  2,  4,  0,  0,  0,  2,  0,  8,  0,  0,  1, 14,
        0,  5, 12, 17,  9,  1,  1,  9,  0,  8,  1,  0,  4,  0,  7,  6,  9,
        1,  0,  0,  7,  0,  5,  0,  2, 14,  4,  0, 17,  0,  3,  9,  0,  0,
        3, 13,  8,  0,  0,  0,  1,  4,  0,  3, 13,  2,  0,  1,  1,  0,  0,
        0,  2,  9,  6,  0,  0, 10,  1,  0,  4,  0,  2,  0,  3, 15, 12,  1,
        1, 11,  0,  0,  7,  0,  0,  0,  0,  1,  2, 17,  0,  7,  6, 12,  0,
        0,  0,  0,  0, 16,  2,  3,  1,  0,  0,  3,  9,  0,  0,  1,  3,  6,
        7,  7,  6,  3,  1,  0,  0,  0, 16, 12,  1,  0,  0,  1,  1,  0,  0,
        6,  9,  0,  6,  0,  3,  5,  5,  1,  0,  0,  0,  0,  0,  8,  0])}, {'Row names': array(['EXT1', 'DIP2C', 'SVIL', 'MGC39606', 'ADARB2', 'PARD3', 'SPAG6',
       'AKR1C1', 'CCDC3', 'AKR1C2', 'TCTEX1D1', 'GYPA', 'VASP', 'ACAD8',
       'C1orf63', 'USP6NL', 'CACNB2', 'CLCA3', 'COX7A1', 'CEAL1', 'EID.3',
       'DUS3L', 'KIAA1543', 'HBXIP', 'ZNF226', 'EDG1', 'SORT1',
       'LOC283070', 'DCLRE1B', 'ZNF549', 'KLRC3', 'ZNF419B', 'DDEF1',
       'DMN', 'KCNJ1', 'MGC18216', 'PSG5', 'FBXO32', 'ZNF329', 'SBP1',
       'MGC42367', 'OSR1', 'D21S2089E', 'HNRNPG.T', 'AP4B1', 'ZNF160',
       'LRBA', 'LILRA1', 'EGLN2', 'BCAM', 'GPSM2', 'APOC1', 'IGF1R',
       'TLL2', 'CA11', 'TMEM146', 'KCNK6', 'TFDP2', 'ZNF233', 'COX6A2',
       'UBE4B', 'NDUFB11', 'TTC23', 'RBP7', 'IGSF3', 'BLVRB', 'PSG1',
       'MYBPC2', 'MSN', 'H08563', 'BGN', 'TNFRSF12A', 'CAPG', 'MYCBP2',
       'EMP3', 'RTN3', 'RGS16', 'ITGA5', 'PPP3CB', 'LOC541471', 'H78560',
       'ASPA', 'TIMP1', 'AA398420', 'IMAGE.33267', 'SOCS3', 'PDPN',
       'CHI3L2', 'MASP1', 'PLP2', 'S100A11', 'SETD5', 'T97457', 'UBA52',
       'DLL3', 'TSPYL1', 'FAM84B', 'RALY', 'LOC613212', 'CLIC1', 'VEGF',
       'AA281932', 'COL1A1', 'CD47', 'IFI30', 'ATP6V1C1', 'PSD3', 'RUNX1',
       'LHFPL2', 'C9orf48', 'CA12', 'EDNRB', 'PPP3CA', 'LGALS3', 'STEAP3',
       'IGFBP3', 'KLRC3', 'KLRC2', 'KLRC1', 'NPL', 'ARPP.19', 'PDE2A',
       'COL4A2', 'TIMP3', 'PLAUR', 'PNCK', 'WDR7', 'X37864', 'NNMT',
       'TBC1D7', 'MRC2', 'ABCA5', 'TCF7L1', 'CD58', 'MST1', 'DECR2',
       'AA131320', 'LOC57228', 'MST150', 'PEG3', 'TMEM49', 'FABP3',
       'SLC16A3', 'SERPINH1', 'ADM', 'NMNAT2', 'GABBR1', 'VAMP2', 'CSPG2',
       'WASF1', 'CBX6', 'RAB27B', 'COL3A1', 'KIAA1644', 'NLGN1',
       'C16orf5', 'LOC400451', 'AEBP1', 'COL1A2', 'COL6A2', 'HEY1',
       'HSPG2', 'RPS19BP1', 'SUV39H1', 'RFXAP', 'TNC', 'DKFZp313A2432',
       'STC1', 'PDXP', 'MOAP1', 'MAPKBP1', 'ID4', 'CACNB3', 'SERPING1',
       'RND3', 'HMOX1', 'MTHFD2', 'R70506', 'APOC2', 'ANXA1', 'AA489629',
       'H86813', 'SCAMP5', 'RPS3A', 'PLAU', 'R61377', 'NEFH', 'STMN1',
       'FBXL16', 'C1R', 'WWTR1', 'EPHB1', 'ANXA5', 'AA906888', 'AI262682',
       'LOC146795', 'SOX4', 'COL9A2', 'SERPINA3', 'AA029415', 'PRKCZ',
       'FLJ35740', 'FN1', 'LOC388610', 'AI871056', 'FGF13', 'STXBP1',
       'AI357047', 'SP100', 'HCLS1', 'MGC26694', 'LSP1', 'PRKAR1B',
       'YWHAG', 'CLTB', 'AI335002', 'A2BP1', 'HLA.A', 'SNCG', 'IGFBP5',
       'PYCR1', 'ABCC3', 'L3MBTL4', 'DPYD', 'H20822', 'AI822135', 'LMO7',
       'ADFP', 'KCNMA1', 'PCDHGC3', 'MSTP9', 'AA479357', 'LTF', 'ZNF217',
       'AA490257', 'LOC389831', 'AA975768', 'NOTCH1', 'MB', 'RAB30',
       'FCGR2B', 'C4A', 'FLJ38984', 'PYGL', 'SNRPN', 'KNS2', 'GBP1',
       'IL32', 'LY96', 'AA181288', 'IGF2BP3', 'CALM1', 'CASP1', 'PDLIM7',
       'DEF6', 'W93688', 'USP3', 'X38595', 'TSPAN6', 'CDKN1A', 'PHLDA1',
       'GOT1', 'EFHB', 'GYPC', 'MYC', 'CDC20B', 'TNFAIP3', 'POSTN',
       'PLOD2', 'CDKN2D', 'AA669383', 'CLSTN3', 'MDK', 'MVP', 'CCL2',
       'FAM46A', 'PLA2G2A', 'KCNQ2', 'CKMT1A', 'H24428', 'KIAA0963',
       'NSF', 'RAB11FIP4', 'CD53', 'IL21R', 'URP2', 'CAMK2A', 'APCS',
       'HPRT1', 'LAMA4', 'ITPKA', 'HK2', 'RBP4', 'DDIT4', 'OSBPL1A',
       'CAMKK2', 'L1CAM', 'PYHIN1', 'H91845', 'SLC35A2', 'FCGRT',
       'AI005038', 'PTPRZ1', 'ADCY1', 'HAMP', 'CD44', 'FAS', 'NUAK1',
       'DNASE1L1', 'GPNMB', 'HBA1', 'T62491', 'FBXO2', 'VSNL1', 'SPINT2',
       'C8orf4', 'NCF2', 'PRSS3', 'PLTP', 'CAP2', 'LAMB1', 'EDG3',
       'INPP5F', 'PDE4DIP', 'MMP2', 'S100A10', 'LAPTM5', 'PRRX1',
       'IL1RAP', 'HLA.G', 'TSPAN4', 'ITGA9', 'CCR1', 'MAL2', 'DSCR1L1',
       'C6orf12', 'DDN', 'CBLN2', 'GBP2', 'PRKCB1', 'F13A1', 'S100A1',
       'R52960', 'BCL2A1', 'YWHAH', 'FREQ', 'UGCG', 'SERPINI1', 'NLK',
       'ANK3', 'AI002301', 'NCF1', 'CA11', 'NY.SAR.48', 'AA598555',
       'CYBA', 'ID3', 'TAP1', 'TGFBI', 'AI263051', 'TOMM40', 'C1orf187',
       'IQSEC1', 'DES', 'NPC2', 'AIF1', 'HLA.F', 'AI350724', 'PRSS1',
       'SAA2', 'CYR61', 'T51726', 'SYNGR3', 'ITGA3', 'CHN1', 'ADAM19',
       'FBXW7', 'AA598631', 'LUM', 'PCP4', 'SRPX', 'IGHG1', 'FAM84A',
       'H41096', 'HPCA', 'CTHRC1', 'AA401952', 'DYNLT1', 'GAS1', 'RAB20',
       'ESM1', 'AA424849', 'NR4A1', 'EPB49', 'MDFI', 'LYN', 'TXNDC',
       'PALLD', 'R70684', 'CAV1', 'ZFHX1B', 'H10054', 'NDST1', 'SPARC',
       'SCN2B', 'SYT7', 'MED11', 'PARP14', 'MICAL2', 'TncRNA', 'BNIP2',
       'FZD7', 'GADD45B', 'FBL', 'LOC283130', 'STK17A', 'PRKCG',
       'HLA.DRB1', 'PRG1', 'N98591', 'PPP1R14A', 'SLC15A2', 'NPTX1',
       'MGP'], dtype=object), 'Sample count': 17, 'Nans': array([ 0,  0,  0,  1,  2,  0,  2,  0,  0,  0,  1,  1,  0,  0,  1,  0,  0,
        0,  1,  0,  0,  3,  0,  1,  0,  0,  1,  1,  0,  1,  0,  0,  0,  0,
        0,  1,  0,  0,  1,  0,  1,  0,  0,  3,  2,  0,  1,  1,  1,  0,  0,
        1,  0,  6,  1,  0,  0,  0,  0,  0,  1,  1,  1,  5,  0,  3,  0,  1,
        6, 11,  1, 12,  2,  0, 12,  1,  1, 13,  1,  9,  8,  0,  6,  0,  8,
        1,  2,  2,  3, 16, 10,  6, 11,  4,  5,  4,  5,  0,  0, 13,  7,  2,
        4,  0,  5,  0,  9,  6,  0,  1,  5,  1,  1, 11,  4, 15,  7,  8,  8,
        0,  0,  3,  2,  1, 11,  0,  0,  0, 13,  0,  2,  6,  1,  9,  9,  6,
        0,  0,  3,  5, 10,  0, 13, 13, 12,  0,  0,  0,  0,  1,  0,  8,  0,
        6,  0,  0,  7,  4,  9, 12,  3,  6,  2,  0,  0,  4,  3, 15,  5,  0,
        0,  0,  4,  0,  8,  0, 10,  3,  3,  8,  0,  6,  0,  3,  6,  6,  4,
        5,  1,  1,  1,  0,  2,  7,  8,  1,  7,  0,  0,  7,  2,  0,  9,  7,
       17,  6,  4,  8,  3,  0,  0,  8,  4,  0,  1,  2,  0,  0,  5,  1, 12,
        5, 11,  1,  0,  8, 10, 11,  1,  1,  0,  1,  0, 16,  0,  6,  0,  0,
        1, 11,  0,  0,  0,  7,  1,  0,  0, 16,  0,  5, 15,  0,  2,  8,  1,
        1, 12,  2,  0,  0,  2,  5,  6, 13, 11, 17,  5,  1, 12,  3,  7,  0,
       12,  0,  1,  5,  6,  2,  4,  0,  0,  0,  2,  0,  8,  0,  0,  1, 14,
        0,  5, 12, 17,  9,  1,  1,  9,  0,  8,  1,  0,  4,  0,  7,  6,  9,
        1,  0,  0,  7,  0,  5,  0,  2, 14,  4,  0, 17,  0,  3,  9,  0,  0,
        3, 13,  8,  0,  0,  0,  1,  4,  0,  3, 13,  2,  0,  1,  1,  0,  0,
        0,  2,  9,  6,  0,  0, 10,  1,  0,  4,  0,  2,  0,  3, 15, 12,  1,
        1, 11,  0,  0,  7,  0,  0,  0,  0,  1,  2, 17,  0,  7,  6, 12,  0,
        0,  0,  0,  0, 16,  2,  3,  1,  0,  0,  3,  9,  0,  0,  1,  3,  6,
        7,  7,  6,  3,  1,  0,  0,  0, 16, 12,  1,  0,  0,  1,  1,  0,  0,
        6,  9,  0,  6,  0,  3,  5,  5,  1,  0,  0,  0,  0,  0,  8,  0])}, {'Row names': array(['EXT1', 'DIP2C', 'SVIL', 'MGC39606', 'ADARB2', 'PARD3', 'SPAG6',
       'AKR1C1', 'CCDC3', 'AKR1C2', 'TCTEX1D1', 'GYPA', 'VASP', 'ACAD8',
       'C1orf63', 'USP6NL', 'CACNB2', 'CLCA3', 'COX7A1', 'CEAL1', 'EID.3',
       'DUS3L', 'KIAA1543', 'HBXIP', 'ZNF226', 'EDG1', 'SORT1',
       'LOC283070', 'DCLRE1B', 'ZNF549', 'KLRC3', 'ZNF419B', 'DDEF1',
       'DMN', 'KCNJ1', 'MGC18216', 'PSG5', 'FBXO32', 'ZNF329', 'SBP1',
       'MGC42367', 'OSR1', 'D21S2089E', 'HNRNPG.T', 'AP4B1', 'ZNF160',
       'LRBA', 'LILRA1', 'EGLN2', 'BCAM', 'GPSM2', 'APOC1', 'IGF1R',
       'TLL2', 'CA11', 'TMEM146', 'KCNK6', 'TFDP2', 'ZNF233', 'COX6A2',
       'UBE4B', 'NDUFB11', 'TTC23', 'RBP7', 'IGSF3', 'BLVRB', 'PSG1',
       'MYBPC2', 'MSN', 'H08563', 'BGN', 'TNFRSF12A', 'CAPG', 'MYCBP2',
       'EMP3', 'RTN3', 'RGS16', 'ITGA5', 'PPP3CB', 'LOC541471', 'H78560',
       'ASPA', 'TIMP1', 'AA398420', 'IMAGE.33267', 'SOCS3', 'PDPN',
       'CHI3L2', 'MASP1', 'PLP2', 'S100A11', 'SETD5', 'T97457', 'UBA52',
       'DLL3', 'TSPYL1', 'FAM84B', 'RALY', 'LOC613212', 'CLIC1', 'VEGF',
       'AA281932', 'COL1A1', 'CD47', 'IFI30', 'ATP6V1C1', 'PSD3', 'RUNX1',
       'LHFPL2', 'C9orf48', 'CA12', 'EDNRB', 'PPP3CA', 'LGALS3', 'STEAP3',
       'IGFBP3', 'KLRC3', 'KLRC2', 'KLRC1', 'NPL', 'ARPP.19', 'PDE2A',
       'COL4A2', 'TIMP3', 'PLAUR', 'PNCK', 'WDR7', 'X37864', 'NNMT',
       'TBC1D7', 'MRC2', 'ABCA5', 'TCF7L1', 'CD58', 'MST1', 'DECR2',
       'AA131320', 'LOC57228', 'MST150', 'PEG3', 'TMEM49', 'FABP3',
       'SLC16A3', 'SERPINH1', 'ADM', 'NMNAT2', 'GABBR1', 'VAMP2', 'CSPG2',
       'WASF1', 'CBX6', 'RAB27B', 'COL3A1', 'KIAA1644', 'NLGN1',
       'C16orf5', 'LOC400451', 'AEBP1', 'COL1A2', 'COL6A2', 'HEY1',
       'HSPG2', 'RPS19BP1', 'SUV39H1', 'RFXAP', 'TNC', 'DKFZp313A2432',
       'STC1', 'PDXP', 'MOAP1', 'MAPKBP1', 'ID4', 'CACNB3', 'SERPING1',
       'RND3', 'HMOX1', 'MTHFD2', 'R70506', 'APOC2', 'ANXA1', 'AA489629',
       'H86813', 'SCAMP5', 'RPS3A', 'PLAU', 'R61377', 'NEFH', 'STMN1',
       'FBXL16', 'C1R', 'WWTR1', 'EPHB1', 'ANXA5', 'AA906888', 'AI262682',
       'LOC146795', 'SOX4', 'COL9A2', 'SERPINA3', 'AA029415', 'PRKCZ',
       'FLJ35740', 'FN1', 'LOC388610', 'AI871056', 'FGF13', 'STXBP1',
       'AI357047', 'SP100', 'HCLS1', 'MGC26694', 'LSP1', 'PRKAR1B',
       'YWHAG', 'CLTB', 'AI335002', 'A2BP1', 'HLA.A', 'SNCG', 'IGFBP5',
       'PYCR1', 'ABCC3', 'L3MBTL4', 'DPYD', 'H20822', 'AI822135', 'LMO7',
       'ADFP', 'KCNMA1', 'PCDHGC3', 'MSTP9', 'AA479357', 'LTF', 'ZNF217',
       'AA490257', 'LOC389831', 'AA975768', 'NOTCH1', 'MB', 'RAB30',
       'FCGR2B', 'C4A', 'FLJ38984', 'PYGL', 'SNRPN', 'KNS2', 'GBP1',
       'IL32', 'LY96', 'AA181288', 'IGF2BP3', 'CALM1', 'CASP1', 'PDLIM7',
       'DEF6', 'W93688', 'USP3', 'X38595', 'TSPAN6', 'CDKN1A', 'PHLDA1',
       'GOT1', 'EFHB', 'GYPC', 'MYC', 'CDC20B', 'TNFAIP3', 'POSTN',
       'PLOD2', 'CDKN2D', 'AA669383', 'CLSTN3', 'MDK', 'MVP', 'CCL2',
       'FAM46A', 'PLA2G2A', 'KCNQ2', 'CKMT1A', 'H24428', 'KIAA0963',
       'NSF', 'RAB11FIP4', 'CD53', 'IL21R', 'URP2', 'CAMK2A', 'APCS',
       'HPRT1', 'LAMA4', 'ITPKA', 'HK2', 'RBP4', 'DDIT4', 'OSBPL1A',
       'CAMKK2', 'L1CAM', 'PYHIN1', 'H91845', 'SLC35A2', 'FCGRT',
       'AI005038', 'PTPRZ1', 'ADCY1', 'HAMP', 'CD44', 'FAS', 'NUAK1',
       'DNASE1L1', 'GPNMB', 'HBA1', 'T62491', 'FBXO2', 'VSNL1', 'SPINT2',
       'C8orf4', 'NCF2', 'PRSS3', 'PLTP', 'CAP2', 'LAMB1', 'EDG3',
       'INPP5F', 'PDE4DIP', 'MMP2', 'S100A10', 'LAPTM5', 'PRRX1',
       'IL1RAP', 'HLA.G', 'TSPAN4', 'ITGA9', 'CCR1', 'MAL2', 'DSCR1L1',
       'C6orf12', 'DDN', 'CBLN2', 'GBP2', 'PRKCB1', 'F13A1', 'S100A1',
       'R52960', 'BCL2A1', 'YWHAH', 'FREQ', 'UGCG', 'SERPINI1', 'NLK',
       'ANK3', 'AI002301', 'NCF1', 'CA11', 'NY.SAR.48', 'AA598555',
       'CYBA', 'ID3', 'TAP1', 'TGFBI', 'AI263051', 'TOMM40', 'C1orf187',
       'IQSEC1', 'DES', 'NPC2', 'AIF1', 'HLA.F', 'AI350724', 'PRSS1',
       'SAA2', 'CYR61', 'T51726', 'SYNGR3', 'ITGA3', 'CHN1', 'ADAM19',
       'FBXW7', 'AA598631', 'LUM', 'PCP4', 'SRPX', 'IGHG1', 'FAM84A',
       'H41096', 'HPCA', 'CTHRC1', 'AA401952', 'DYNLT1', 'GAS1', 'RAB20',
       'ESM1', 'AA424849', 'NR4A1', 'EPB49', 'MDFI', 'LYN', 'TXNDC',
       'PALLD', 'R70684', 'CAV1', 'ZFHX1B', 'H10054', 'NDST1', 'SPARC',
       'SCN2B', 'SYT7', 'MED11', 'PARP14', 'MICAL2', 'TncRNA', 'BNIP2',
       'FZD7', 'GADD45B', 'FBL', 'LOC283130', 'STK17A', 'PRKCG',
       'HLA.DRB1', 'PRG1', 'N98591', 'PPP1R14A', 'SLC15A2', 'NPTX1',
       'MGP'], dtype=object), 'Sample count': 17, 'Nans': array([ 0,  0,  0,  1,  2,  0,  2,  0,  0,  0,  1,  1,  0,  0,  1,  0,  0,
        0,  1,  0,  0,  3,  0,  1,  0,  0,  1,  1,  0,  1,  0,  0,  0,  0,
        0,  1,  0,  0,  1,  0,  1,  0,  0,  3,  2,  0,  1,  1,  1,  0,  0,
        1,  0,  6,  1,  0,  0,  0,  0,  0,  1,  1,  1,  5,  0,  3,  0,  1,
        6, 11,  1, 12,  2,  0, 12,  1,  1, 13,  1,  9,  8,  0,  6,  0,  8,
        1,  2,  2,  3, 16, 10,  6, 11,  4,  5,  4,  5,  0,  0, 13,  7,  2,
        4,  0,  5,  0,  9,  6,  0,  1,  5,  1,  1, 11,  4, 15,  7,  8,  8,
        0,  0,  3,  2,  1, 11,  0,  0,  0, 13,  0,  2,  6,  1,  9,  9,  6,
        0,  0,  3,  5, 10,  0, 13, 13, 12,  0,  0,  0,  0,  1,  0,  8,  0,
        6,  0,  0,  7,  4,  9, 12,  3,  6,  2,  0,  0,  4,  3, 15,  5,  0,
        0,  0,  4,  0,  8,  0, 10,  3,  3,  8,  0,  6,  0,  3,  6,  6,  4,
        5,  1,  1,  1,  0,  2,  7,  8,  1,  7,  0,  0,  7,  2,  0,  9,  7,
       17,  6,  4,  8,  3,  0,  0,  8,  4,  0,  1,  2,  0,  0,  5,  1, 12,
        5, 11,  1,  0,  8, 10, 11,  1,  1,  0,  1,  0, 16,  0,  6,  0,  0,
        1, 11,  0,  0,  0,  7,  1,  0,  0, 16,  0,  5, 15,  0,  2,  8,  1,
        1, 12,  2,  0,  0,  2,  5,  6, 13, 11, 17,  5,  1, 12,  3,  7,  0,
       12,  0,  1,  5,  6,  2,  4,  0,  0,  0,  2,  0,  8,  0,  0,  1, 14,
        0,  5, 12, 17,  9,  1,  1,  9,  0,  8,  1,  0,  4,  0,  7,  6,  9,
        1,  0,  0,  7,  0,  5,  0,  2, 14,  4,  0, 17,  0,  3,  9,  0,  0,
        3, 13,  8,  0,  0,  0,  1,  4,  0,  3, 13,  2,  0,  1,  1,  0,  0,
        0,  2,  9,  6,  0,  0, 10,  1,  0,  4,  0,  2,  0,  3, 15, 12,  1,
        1, 11,  0,  0,  7,  0,  0,  0,  0,  1,  2, 17,  0,  7,  6, 12,  0,
        0,  0,  0,  0, 16,  2,  3,  1,  0,  0,  3,  9,  0,  0,  1,  3,  6,
        7,  7,  6,  3,  1,  0,  0,  0, 16, 12,  1,  0,  0,  1,  1,  0,  0,
        6,  9,  0,  6,  0,  3,  5,  5,  1,  0,  0,  0,  0,  0,  8,  0])}]
[Time: 28.06.23 06:49:50] [Level: info] transition: check_row_names
[Time: 28.06.23 06:49:51] [Level: info] state: check_row_names
gathering
[CTRL] POST /data
unifying row names
[{'Row names': array(['EXT1', 'DIP2C', 'SVIL', 'MGC39606', 'ADARB2', 'PARD3', 'SPAG6',
       'AKR1C1', 'CCDC3', 'AKR1C2', 'TCTEX1D1', 'GYPA', 'VASP', 'ACAD8',
       'C1orf63', 'USP6NL', 'CACNB2', 'CLCA3', 'COX7A1', 'CEAL1', 'EID.3',
       'DUS3L', 'KIAA1543', 'HBXIP', 'ZNF226', 'EDG1', 'SORT1',
       'LOC283070', 'DCLRE1B', 'ZNF549', 'KLRC3', 'ZNF419B', 'DDEF1',
       'DMN', 'KCNJ1', 'MGC18216', 'PSG5', 'FBXO32', 'ZNF329', 'SBP1',
       'MGC42367', 'OSR1', 'D21S2089E', 'HNRNPG.T', 'AP4B1', 'ZNF160',
       'LRBA', 'LILRA1', 'EGLN2', 'BCAM', 'GPSM2', 'APOC1', 'IGF1R',
       'TLL2', 'CA11', 'TMEM146', 'KCNK6', 'TFDP2', 'ZNF233', 'COX6A2',
       'UBE4B', 'NDUFB11', 'TTC23', 'RBP7', 'IGSF3', 'BLVRB', 'PSG1',
       'MYBPC2', 'MSN', 'H08563', 'BGN', 'TNFRSF12A', 'CAPG', 'MYCBP2',
       'EMP3', 'RTN3', 'RGS16', 'ITGA5', 'PPP3CB', 'LOC541471', 'H78560',
       'ASPA', 'TIMP1', 'AA398420', 'IMAGE.33267', 'SOCS3', 'PDPN',
       'CHI3L2', 'MASP1', 'PLP2', 'S100A11', 'SETD5', 'T97457', 'UBA52',
       'DLL3', 'TSPYL1', 'FAM84B', 'RALY', 'LOC613212', 'CLIC1', 'VEGF',
       'AA281932', 'COL1A1', 'CD47', 'IFI30', 'ATP6V1C1', 'PSD3', 'RUNX1',
       'LHFPL2', 'C9orf48', 'CA12', 'EDNRB', 'PPP3CA', 'LGALS3', 'STEAP3',
       'IGFBP3', 'KLRC3', 'KLRC2', 'KLRC1', 'NPL', 'ARPP.19', 'PDE2A',
       'COL4A2', 'TIMP3', 'PLAUR', 'PNCK', 'WDR7', 'X37864', 'NNMT',
       'TBC1D7', 'MRC2', 'ABCA5', 'TCF7L1', 'CD58', 'MST1', 'DECR2',
       'AA131320', 'LOC57228', 'MST150', 'PEG3', 'TMEM49', 'FABP3',
       'SLC16A3', 'SERPINH1', 'ADM', 'NMNAT2', 'GABBR1', 'VAMP2', 'CSPG2',
       'WASF1', 'CBX6', 'RAB27B', 'COL3A1', 'KIAA1644', 'NLGN1',
       'C16orf5', 'LOC400451', 'AEBP1', 'COL1A2', 'COL6A2', 'HEY1',
       'HSPG2', 'RPS19BP1', 'SUV39H1', 'RFXAP', 'TNC', 'DKFZp313A2432',
       'STC1', 'PDXP', 'MOAP1', 'MAPKBP1', 'ID4', 'CACNB3', 'SERPING1',
       'RND3', 'HMOX1', 'MTHFD2', 'R70506', 'APOC2', 'ANXA1', 'AA489629',
       'H86813', 'SCAMP5', 'RPS3A', 'PLAU', 'R61377', 'NEFH', 'STMN1',
       'FBXL16', 'C1R', 'WWTR1', 'EPHB1', 'ANXA5', 'AA906888', 'AI262682',
       'LOC146795', 'SOX4', 'COL9A2', 'SERPINA3', 'AA029415', 'PRKCZ',
       'FLJ35740', 'FN1', 'LOC388610', 'AI871056', 'FGF13', 'STXBP1',
       'AI357047', 'SP100', 'HCLS1', 'MGC26694', 'LSP1', 'PRKAR1B',
       'YWHAG', 'CLTB', 'AI335002', 'A2BP1', 'HLA.A', 'SNCG', 'IGFBP5',
       'PYCR1', 'ABCC3', 'L3MBTL4', 'DPYD', 'H20822', 'AI822135', 'LMO7',
       'ADFP', 'KCNMA1', 'PCDHGC3', 'MSTP9', 'AA479357', 'LTF', 'ZNF217',
       'AA490257', 'LOC389831', 'AA975768', 'NOTCH1', 'MB', 'RAB30',
       'FCGR2B', 'C4A', 'FLJ38984', 'PYGL', 'SNRPN', 'KNS2', 'GBP1',
       'IL32', 'LY96', 'AA181288', 'IGF2BP3', 'CALM1', 'CASP1', 'PDLIM7',
       'DEF6', 'W93688', 'USP3', 'X38595', 'TSPAN6', 'CDKN1A', 'PHLDA1',
       'GOT1', 'EFHB', 'GYPC', 'MYC', 'CDC20B', 'TNFAIP3', 'POSTN',
       'PLOD2', 'CDKN2D', 'AA669383', 'CLSTN3', 'MDK', 'MVP', 'CCL2',
       'FAM46A', 'PLA2G2A', 'KCNQ2', 'CKMT1A', 'H24428', 'KIAA0963',
       'NSF', 'RAB11FIP4', 'CD53', 'IL21R', 'URP2', 'CAMK2A', 'APCS',
       'HPRT1', 'LAMA4', 'ITPKA', 'HK2', 'RBP4', 'DDIT4', 'OSBPL1A',
       'CAMKK2', 'L1CAM', 'PYHIN1', 'H91845', 'SLC35A2', 'FCGRT',
       'AI005038', 'PTPRZ1', 'ADCY1', 'HAMP', 'CD44', 'FAS', 'NUAK1',
       'DNASE1L1', 'GPNMB', 'HBA1', 'T62491', 'FBXO2', 'VSNL1', 'SPINT2',
       'C8orf4', 'NCF2', 'PRSS3', 'PLTP', 'CAP2', 'LAMB1', 'EDG3',
       'INPP5F', 'PDE4DIP', 'MMP2', 'S100A10', 'LAPTM5', 'PRRX1',
       'IL1RAP', 'HLA.G', 'TSPAN4', 'ITGA9', 'CCR1', 'MAL2', 'DSCR1L1',
       'C6orf12', 'DDN', 'CBLN2', 'GBP2', 'PRKCB1', 'F13A1', 'S100A1',
       'R52960', 'BCL2A1', 'YWHAH', 'FREQ', 'UGCG', 'SERPINI1', 'NLK',
       'ANK3', 'AI002301', 'NCF1', 'CA11', 'NY.SAR.48', 'AA598555',
       'CYBA', 'ID3', 'TAP1', 'TGFBI', 'AI263051', 'TOMM40', 'C1orf187',
       'IQSEC1', 'DES', 'NPC2', 'AIF1', 'HLA.F', 'AI350724', 'PRSS1',
       'SAA2', 'CYR61', 'T51726', 'SYNGR3', 'ITGA3', 'CHN1', 'ADAM19',
       'FBXW7', 'AA598631', 'LUM', 'PCP4', 'SRPX', 'IGHG1', 'FAM84A',
       'H41096', 'HPCA', 'CTHRC1', 'AA401952', 'DYNLT1', 'GAS1', 'RAB20',
       'ESM1', 'AA424849', 'NR4A1', 'EPB49', 'MDFI', 'LYN', 'TXNDC',
       'PALLD', 'R70684', 'CAV1', 'ZFHX1B', 'H10054', 'NDST1', 'SPARC',
       'SCN2B', 'SYT7', 'MED11', 'PARP14', 'MICAL2', 'TncRNA', 'BNIP2',
       'FZD7', 'GADD45B', 'FBL', 'LOC283130', 'STK17A', 'PRKCG',
       'HLA.DRB1', 'PRG1', 'N98591', 'PPP1R14A', 'SLC15A2', 'NPTX1',
       'MGP'], dtype=object), 'Sample count': 17, 'Nans': array([ 0,  0,  0,  1,  2,  0,  2,  0,  0,  0,  1,  1,  0,  0,  1,  0,  0,
        0,  1,  0,  0,  3,  0,  1,  0,  0,  1,  1,  0,  1,  0,  0,  0,  0,
        0,  1,  0,  0,  1,  0,  1,  0,  0,  3,  2,  0,  1,  1,  1,  0,  0,
        1,  0,  6,  1,  0,  0,  0,  0,  0,  1,  1,  1,  5,  0,  3,  0,  1,
        6, 11,  1, 12,  2,  0, 12,  1,  1, 13,  1,  9,  8,  0,  6,  0,  8,
        1,  2,  2,  3, 16, 10,  6, 11,  4,  5,  4,  5,  0,  0, 13,  7,  2,
        4,  0,  5,  0,  9,  6,  0,  1,  5,  1,  1, 11,  4, 15,  7,  8,  8,
        0,  0,  3,  2,  1, 11,  0,  0,  0, 13,  0,  2,  6,  1,  9,  9,  6,
        0,  0,  3,  5, 10,  0, 13, 13, 12,  0,  0,  0,  0,  1,  0,  8,  0,
        6,  0,  0,  7,  4,  9, 12,  3,  6,  2,  0,  0,  4,  3, 15,  5,  0,
        0,  0,  4,  0,  8,  0, 10,  3,  3,  8,  0,  6,  0,  3,  6,  6,  4,
        5,  1,  1,  1,  0,  2,  7,  8,  1,  7,  0,  0,  7,  2,  0,  9,  7,
       17,  6,  4,  8,  3,  0,  0,  8,  4,  0,  1,  2,  0,  0,  5,  1, 12,
        5, 11,  1,  0,  8, 10, 11,  1,  1,  0,  1,  0, 16,  0,  6,  0,  0,
        1, 11,  0,  0,  0,  7,  1,  0,  0, 16,  0,  5, 15,  0,  2,  8,  1,
        1, 12,  2,  0,  0,  2,  5,  6, 13, 11, 17,  5,  1, 12,  3,  7,  0,
       12,  0,  1,  5,  6,  2,  4,  0,  0,  0,  2,  0,  8,  0,  0,  1, 14,
        0,  5, 12, 17,  9,  1,  1,  9,  0,  8,  1,  0,  4,  0,  7,  6,  9,
        1,  0,  0,  7,  0,  5,  0,  2, 14,  4,  0, 17,  0,  3,  9,  0,  0,
        3, 13,  8,  0,  0,  0,  1,  4,  0,  3, 13,  2,  0,  1,  1,  0,  0,
        0,  2,  9,  6,  0,  0, 10,  1,  0,  4,  0,  2,  0,  3, 15, 12,  1,
        1, 11,  0,  0,  7,  0,  0,  0,  0,  1,  2, 17,  0,  7,  6, 12,  0,
        0,  0,  0,  0, 16,  2,  3,  1,  0,  0,  3,  9,  0,  0,  1,  3,  6,
        7,  7,  6,  3,  1,  0,  0,  0, 16, 12,  1,  0,  0,  1,  1,  0,  0,
        6,  9,  0,  6,  0,  3,  5,  5,  1,  0,  0,  0,  0,  0,  8,  0])}, {'Row names': array(['EXT1', 'DIP2C', 'SVIL', 'MGC39606', 'ADARB2', 'PARD3', 'SPAG6',
       'AKR1C1', 'CCDC3', 'AKR1C2', 'TCTEX1D1', 'GYPA', 'VASP', 'ACAD8',
       'C1orf63', 'USP6NL', 'CACNB2', 'CLCA3', 'COX7A1', 'CEAL1', 'EID.3',
       'DUS3L', 'KIAA1543', 'HBXIP', 'ZNF226', 'EDG1', 'SORT1',
       'LOC283070', 'DCLRE1B', 'ZNF549', 'KLRC3', 'ZNF419B', 'DDEF1',
       'DMN', 'KCNJ1', 'MGC18216', 'PSG5', 'FBXO32', 'ZNF329', 'SBP1',
       'MGC42367', 'OSR1', 'D21S2089E', 'HNRNPG.T', 'AP4B1', 'ZNF160',
       'LRBA', 'LILRA1', 'EGLN2', 'BCAM', 'GPSM2', 'APOC1', 'IGF1R',
       'TLL2', 'CA11', 'TMEM146', 'KCNK6', 'TFDP2', 'ZNF233', 'COX6A2',
       'UBE4B', 'NDUFB11', 'TTC23', 'RBP7', 'IGSF3', 'BLVRB', 'PSG1',
       'MYBPC2', 'MSN', 'H08563', 'BGN', 'TNFRSF12A', 'CAPG', 'MYCBP2',
       'EMP3', 'RTN3', 'RGS16', 'ITGA5', 'PPP3CB', 'LOC541471', 'H78560',
       'ASPA', 'TIMP1', 'AA398420', 'IMAGE.33267', 'SOCS3', 'PDPN',
       'CHI3L2', 'MASP1', 'PLP2', 'S100A11', 'SETD5', 'T97457', 'UBA52',
       'DLL3', 'TSPYL1', 'FAM84B', 'RALY', 'LOC613212', 'CLIC1', 'VEGF',
       'AA281932', 'COL1A1', 'CD47', 'IFI30', 'ATP6V1C1', 'PSD3', 'RUNX1',
       'LHFPL2', 'C9orf48', 'CA12', 'EDNRB', 'PPP3CA', 'LGALS3', 'STEAP3',
       'IGFBP3', 'KLRC3', 'KLRC2', 'KLRC1', 'NPL', 'ARPP.19', 'PDE2A',
       'COL4A2', 'TIMP3', 'PLAUR', 'PNCK', 'WDR7', 'X37864', 'NNMT',
       'TBC1D7', 'MRC2', 'ABCA5', 'TCF7L1', 'CD58', 'MST1', 'DECR2',
       'AA131320', 'LOC57228', 'MST150', 'PEG3', 'TMEM49', 'FABP3',
       'SLC16A3', 'SERPINH1', 'ADM', 'NMNAT2', 'GABBR1', 'VAMP2', 'CSPG2',
       'WASF1', 'CBX6', 'RAB27B', 'COL3A1', 'KIAA1644', 'NLGN1',
       'C16orf5', 'LOC400451', 'AEBP1', 'COL1A2', 'COL6A2', 'HEY1',
       'HSPG2', 'RPS19BP1', 'SUV39H1', 'RFXAP', 'TNC', 'DKFZp313A2432',
       'STC1', 'PDXP', 'MOAP1', 'MAPKBP1', 'ID4', 'CACNB3', 'SERPING1',
       'RND3', 'HMOX1', 'MTHFD2', 'R70506', 'APOC2', 'ANXA1', 'AA489629',
       'H86813', 'SCAMP5', 'RPS3A', 'PLAU', 'R61377', 'NEFH', 'STMN1',
       'FBXL16', 'C1R', 'WWTR1', 'EPHB1', 'ANXA5', 'AA906888', 'AI262682',
       'LOC146795', 'SOX4', 'COL9A2', 'SERPINA3', 'AA029415', 'PRKCZ',
       'FLJ35740', 'FN1', 'LOC388610', 'AI871056', 'FGF13', 'STXBP1',
       'AI357047', 'SP100', 'HCLS1', 'MGC26694', 'LSP1', 'PRKAR1B',
       'YWHAG', 'CLTB', 'AI335002', 'A2BP1', 'HLA.A', 'SNCG', 'IGFBP5',
       'PYCR1', 'ABCC3', 'L3MBTL4', 'DPYD', 'H20822', 'AI822135', 'LMO7',
       'ADFP', 'KCNMA1', 'PCDHGC3', 'MSTP9', 'AA479357', 'LTF', 'ZNF217',
       'AA490257', 'LOC389831', 'AA975768', 'NOTCH1', 'MB', 'RAB30',
       'FCGR2B', 'C4A', 'FLJ38984', 'PYGL', 'SNRPN', 'KNS2', 'GBP1',
       'IL32', 'LY96', 'AA181288', 'IGF2BP3', 'CALM1', 'CASP1', 'PDLIM7',
       'DEF6', 'W93688', 'USP3', 'X38595', 'TSPAN6', 'CDKN1A', 'PHLDA1',
       'GOT1', 'EFHB', 'GYPC', 'MYC', 'CDC20B', 'TNFAIP3', 'POSTN',
       'PLOD2', 'CDKN2D', 'AA669383', 'CLSTN3', 'MDK', 'MVP', 'CCL2',
       'FAM46A', 'PLA2G2A', 'KCNQ2', 'CKMT1A', 'H24428', 'KIAA0963',
       'NSF', 'RAB11FIP4', 'CD53', 'IL21R', 'URP2', 'CAMK2A', 'APCS',
       'HPRT1', 'LAMA4', 'ITPKA', 'HK2', 'RBP4', 'DDIT4', 'OSBPL1A',
       'CAMKK2', 'L1CAM', 'PYHIN1', 'H91845', 'SLC35A2', 'FCGRT',
       'AI005038', 'PTPRZ1', 'ADCY1', 'HAMP', 'CD44', 'FAS', 'NUAK1',
       'DNASE1L1', 'GPNMB', 'HBA1', 'T62491', 'FBXO2', 'VSNL1', 'SPINT2',
       'C8orf4', 'NCF2', 'PRSS3', 'PLTP', 'CAP2', 'LAMB1', 'EDG3',
       'INPP5F', 'PDE4DIP', 'MMP2', 'S100A10', 'LAPTM5', 'PRRX1',
       'IL1RAP', 'HLA.G', 'TSPAN4', 'ITGA9', 'CCR1', 'MAL2', 'DSCR1L1',
       'C6orf12', 'DDN', 'CBLN2', 'GBP2', 'PRKCB1', 'F13A1', 'S100A1',
       'R52960', 'BCL2A1', 'YWHAH', 'FREQ', 'UGCG', 'SERPINI1', 'NLK',
       'ANK3', 'AI002301', 'NCF1', 'CA11', 'NY.SAR.48', 'AA598555',
       'CYBA', 'ID3', 'TAP1', 'TGFBI', 'AI263051', 'TOMM40', 'C1orf187',
       'IQSEC1', 'DES', 'NPC2', 'AIF1', 'HLA.F', 'AI350724', 'PRSS1',
       'SAA2', 'CYR61', 'T51726', 'SYNGR3', 'ITGA3', 'CHN1', 'ADAM19',
       'FBXW7', 'AA598631', 'LUM', 'PCP4', 'SRPX', 'IGHG1', 'FAM84A',
       'H41096', 'HPCA', 'CTHRC1', 'AA401952', 'DYNLT1', 'GAS1', 'RAB20',
       'ESM1', 'AA424849', 'NR4A1', 'EPB49', 'MDFI', 'LYN', 'TXNDC',
       'PALLD', 'R70684', 'CAV1', 'ZFHX1B', 'H10054', 'NDST1', 'SPARC',
       'SCN2B', 'SYT7', 'MED11', 'PARP14', 'MICAL2', 'TncRNA', 'BNIP2',
       'FZD7', 'GADD45B', 'FBL', 'LOC283130', 'STK17A', 'PRKCG',
       'HLA.DRB1', 'PRG1', 'N98591', 'PPP1R14A', 'SLC15A2', 'NPTX1',
       'MGP'], dtype=object), 'Sample count': 17, 'Nans': array([ 0,  0,  0,  1,  2,  0,  2,  0,  0,  0,  1,  1,  0,  0,  1,  0,  0,
        0,  1,  0,  0,  3,  0,  1,  0,  0,  1,  1,  0,  1,  0,  0,  0,  0,
        0,  1,  0,  0,  1,  0,  1,  0,  0,  3,  2,  0,  1,  1,  1,  0,  0,
        1,  0,  6,  1,  0,  0,  0,  0,  0,  1,  1,  1,  5,  0,  3,  0,  1,
        6, 11,  1, 12,  2,  0, 12,  1,  1, 13,  1,  9,  8,  0,  6,  0,  8,
        1,  2,  2,  3, 16, 10,  6, 11,  4,  5,  4,  5,  0,  0, 13,  7,  2,
        4,  0,  5,  0,  9,  6,  0,  1,  5,  1,  1, 11,  4, 15,  7,  8,  8,
        0,  0,  3,  2,  1, 11,  0,  0,  0, 13,  0,  2,  6,  1,  9,  9,  6,
        0,  0,  3,  5, 10,  0, 13, 13, 12,  0,  0,  0,  0,  1,  0,  8,  0,
        6,  0,  0,  7,  4,  9, 12,  3,  6,  2,  0,  0,  4,  3, 15,  5,  0,
        0,  0,  4,  0,  8,  0, 10,  3,  3,  8,  0,  6,  0,  3,  6,  6,  4,
        5,  1,  1,  1,  0,  2,  7,  8,  1,  7,  0,  0,  7,  2,  0,  9,  7,
       17,  6,  4,  8,  3,  0,  0,  8,  4,  0,  1,  2,  0,  0,  5,  1, 12,
        5, 11,  1,  0,  8, 10, 11,  1,  1,  0,  1,  0, 16,  0,  6,  0,  0,
        1, 11,  0,  0,  0,  7,  1,  0,  0, 16,  0,  5, 15,  0,  2,  8,  1,
        1, 12,  2,  0,  0,  2,  5,  6, 13, 11, 17,  5,  1, 12,  3,  7,  0,
       12,  0,  1,  5,  6,  2,  4,  0,  0,  0,  2,  0,  8,  0,  0,  1, 14,
        0,  5, 12, 17,  9,  1,  1,  9,  0,  8,  1,  0,  4,  0,  7,  6,  9,
        1,  0,  0,  7,  0,  5,  0,  2, 14,  4,  0, 17,  0,  3,  9,  0,  0,
        3, 13,  8,  0,  0,  0,  1,  4,  0,  3, 13,  2,  0,  1,  1,  0,  0,
        0,  2,  9,  6,  0,  0, 10,  1,  0,  4,  0,  2,  0,  3, 15, 12,  1,
        1, 11,  0,  0,  7,  0,  0,  0,  0,  1,  2, 17,  0,  7,  6, 12,  0,
        0,  0,  0,  0, 16,  2,  3,  1,  0,  0,  3,  9,  0,  0,  1,  3,  6,
        7,  7,  6,  3,  1,  0,  0,  0, 16, 12,  1,  0,  0,  1,  1,  0,  0,
        6,  9,  0,  6,  0,  3,  5,  5,  1,  0,  0,  0,  0,  0,  8,  0])}, {'Row names': array(['EXT1', 'DIP2C', 'SVIL', 'MGC39606', 'ADARB2', 'PARD3', 'SPAG6',
       'AKR1C1', 'CCDC3', 'AKR1C2', 'TCTEX1D1', 'GYPA', 'VASP', 'ACAD8',
       'C1orf63', 'USP6NL', 'CACNB2', 'CLCA3', 'COX7A1', 'CEAL1', 'EID.3',
       'DUS3L', 'KIAA1543', 'HBXIP', 'ZNF226', 'EDG1', 'SORT1',
       'LOC283070', 'DCLRE1B', 'ZNF549', 'KLRC3', 'ZNF419B', 'DDEF1',
       'DMN', 'KCNJ1', 'MGC18216', 'PSG5', 'FBXO32', 'ZNF329', 'SBP1',
       'MGC42367', 'OSR1', 'D21S2089E', 'HNRNPG.T', 'AP4B1', 'ZNF160',
       'LRBA', 'LILRA1', 'EGLN2', 'BCAM', 'GPSM2', 'APOC1', 'IGF1R',
       'TLL2', 'CA11', 'TMEM146', 'KCNK6', 'TFDP2', 'ZNF233', 'COX6A2',
       'UBE4B', 'NDUFB11', 'TTC23', 'RBP7', 'IGSF3', 'BLVRB', 'PSG1',
       'MYBPC2', 'MSN', 'H08563', 'BGN', 'TNFRSF12A', 'CAPG', 'MYCBP2',
       'EMP3', 'RTN3', 'RGS16', 'ITGA5', 'PPP3CB', 'LOC541471', 'H78560',
       'ASPA', 'TIMP1', 'AA398420', 'IMAGE.33267', 'SOCS3', 'PDPN',
       'CHI3L2', 'MASP1', 'PLP2', 'S100A11', 'SETD5', 'T97457', 'UBA52',
       'DLL3', 'TSPYL1', 'FAM84B', 'RALY', 'LOC613212', 'CLIC1', 'VEGF',
       'AA281932', 'COL1A1', 'CD47', 'IFI30', 'ATP6V1C1', 'PSD3', 'RUNX1',
       'LHFPL2', 'C9orf48', 'CA12', 'EDNRB', 'PPP3CA', 'LGALS3', 'STEAP3',
       'IGFBP3', 'KLRC3', 'KLRC2', 'KLRC1', 'NPL', 'ARPP.19', 'PDE2A',
       'COL4A2', 'TIMP3', 'PLAUR', 'PNCK', 'WDR7', 'X37864', 'NNMT',
       'TBC1D7', 'MRC2', 'ABCA5', 'TCF7L1', 'CD58', 'MST1', 'DECR2',
       'AA131320', 'LOC57228', 'MST150', 'PEG3', 'TMEM49', 'FABP3',
       'SLC16A3', 'SERPINH1', 'ADM', 'NMNAT2', 'GABBR1', 'VAMP2', 'CSPG2',
       'WASF1', 'CBX6', 'RAB27B', 'COL3A1', 'KIAA1644', 'NLGN1',
       'C16orf5', 'LOC400451', 'AEBP1', 'COL1A2', 'COL6A2', 'HEY1',
       'HSPG2', 'RPS19BP1', 'SUV39H1', 'RFXAP', 'TNC', 'DKFZp313A2432',
       'STC1', 'PDXP', 'MOAP1', 'MAPKBP1', 'ID4', 'CACNB3', 'SERPING1',
       'RND3', 'HMOX1', 'MTHFD2', 'R70506', 'APOC2', 'ANXA1', 'AA489629',
       'H86813', 'SCAMP5', 'RPS3A', 'PLAU', 'R61377', 'NEFH', 'STMN1',
       'FBXL16', 'C1R', 'WWTR1', 'EPHB1', 'ANXA5', 'AA906888', 'AI262682',
       'LOC146795', 'SOX4', 'COL9A2', 'SERPINA3', 'AA029415', 'PRKCZ',
       'FLJ35740', 'FN1', 'LOC388610', 'AI871056', 'FGF13', 'STXBP1',
       'AI357047', 'SP100', 'HCLS1', 'MGC26694', 'LSP1', 'PRKAR1B',
       'YWHAG', 'CLTB', 'AI335002', 'A2BP1', 'HLA.A', 'SNCG', 'IGFBP5',
       'PYCR1', 'ABCC3', 'L3MBTL4', 'DPYD', 'H20822', 'AI822135', 'LMO7',
       'ADFP', 'KCNMA1', 'PCDHGC3', 'MSTP9', 'AA479357', 'LTF', 'ZNF217',
       'AA490257', 'LOC389831', 'AA975768', 'NOTCH1', 'MB', 'RAB30',
       'FCGR2B', 'C4A', 'FLJ38984', 'PYGL', 'SNRPN', 'KNS2', 'GBP1',
       'IL32', 'LY96', 'AA181288', 'IGF2BP3', 'CALM1', 'CASP1', 'PDLIM7',
       'DEF6', 'W93688', 'USP3', 'X38595', 'TSPAN6', 'CDKN1A', 'PHLDA1',
       'GOT1', 'EFHB', 'GYPC', 'MYC', 'CDC20B', 'TNFAIP3', 'POSTN',
       'PLOD2', 'CDKN2D', 'AA669383', 'CLSTN3', 'MDK', 'MVP', 'CCL2',
       'FAM46A', 'PLA2G2A', 'KCNQ2', 'CKMT1A', 'H24428', 'KIAA0963',
       'NSF', 'RAB11FIP4', 'CD53', 'IL21R', 'URP2', 'CAMK2A', 'APCS',
       'HPRT1', 'LAMA4', 'ITPKA', 'HK2', 'RBP4', 'DDIT4', 'OSBPL1A',
       'CAMKK2', 'L1CAM', 'PYHIN1', 'H91845', 'SLC35A2', 'FCGRT',
       'AI005038', 'PTPRZ1', 'ADCY1', 'HAMP', 'CD44', 'FAS', 'NUAK1',
       'DNASE1L1', 'GPNMB', 'HBA1', 'T62491', 'FBXO2', 'VSNL1', 'SPINT2',
       'C8orf4', 'NCF2', 'PRSS3', 'PLTP', 'CAP2', 'LAMB1', 'EDG3',
       'INPP5F', 'PDE4DIP', 'MMP2', 'S100A10', 'LAPTM5', 'PRRX1',
       'IL1RAP', 'HLA.G', 'TSPAN4', 'ITGA9', 'CCR1', 'MAL2', 'DSCR1L1',
       'C6orf12', 'DDN', 'CBLN2', 'GBP2', 'PRKCB1', 'F13A1', 'S100A1',
       'R52960', 'BCL2A1', 'YWHAH', 'FREQ', 'UGCG', 'SERPINI1', 'NLK',
       'ANK3', 'AI002301', 'NCF1', 'CA11', 'NY.SAR.48', 'AA598555',
       'CYBA', 'ID3', 'TAP1', 'TGFBI', 'AI263051', 'TOMM40', 'C1orf187',
       'IQSEC1', 'DES', 'NPC2', 'AIF1', 'HLA.F', 'AI350724', 'PRSS1',
       'SAA2', 'CYR61', 'T51726', 'SYNGR3', 'ITGA3', 'CHN1', 'ADAM19',
       'FBXW7', 'AA598631', 'LUM', 'PCP4', 'SRPX', 'IGHG1', 'FAM84A',
       'H41096', 'HPCA', 'CTHRC1', 'AA401952', 'DYNLT1', 'GAS1', 'RAB20',
       'ESM1', 'AA424849', 'NR4A1', 'EPB49', 'MDFI', 'LYN', 'TXNDC',
       'PALLD', 'R70684', 'CAV1', 'ZFHX1B', 'H10054', 'NDST1', 'SPARC',
       'SCN2B', 'SYT7', 'MED11', 'PARP14', 'MICAL2', 'TncRNA', 'BNIP2',
       'FZD7', 'GADD45B', 'FBL', 'LOC283130', 'STK17A', 'PRKCG',
       'HLA.DRB1', 'PRG1', 'N98591', 'PPP1R14A', 'SLC15A2', 'NPTX1',
       'MGP'], dtype=object), 'Sample count': 17, 'Nans': array([ 0,  0,  0,  1,  2,  0,  2,  0,  0,  0,  1,  1,  0,  0,  1,  0,  0,
        0,  1,  0,  0,  3,  0,  1,  0,  0,  1,  1,  0,  1,  0,  0,  0,  0,
        0,  1,  0,  0,  1,  0,  1,  0,  0,  3,  2,  0,  1,  1,  1,  0,  0,
        1,  0,  6,  1,  0,  0,  0,  0,  0,  1,  1,  1,  5,  0,  3,  0,  1,
        6, 11,  1, 12,  2,  0, 12,  1,  1, 13,  1,  9,  8,  0,  6,  0,  8,
        1,  2,  2,  3, 16, 10,  6, 11,  4,  5,  4,  5,  0,  0, 13,  7,  2,
        4,  0,  5,  0,  9,  6,  0,  1,  5,  1,  1, 11,  4, 15,  7,  8,  8,
        0,  0,  3,  2,  1, 11,  0,  0,  0, 13,  0,  2,  6,  1,  9,  9,  6,
        0,  0,  3,  5, 10,  0, 13, 13, 12,  0,  0,  0,  0,  1,  0,  8,  0,
        6,  0,  0,  7,  4,  9, 12,  3,  6,  2,  0,  0,  4,  3, 15,  5,  0,
        0,  0,  4,  0,  8,  0, 10,  3,  3,  8,  0,  6,  0,  3,  6,  6,  4,
        5,  1,  1,  1,  0,  2,  7,  8,  1,  7,  0,  0,  7,  2,  0,  9,  7,
       17,  6,  4,  8,  3,  0,  0,  8,  4,  0,  1,  2,  0,  0,  5,  1, 12,
        5, 11,  1,  0,  8, 10, 11,  1,  1,  0,  1,  0, 16,  0,  6,  0,  0,
        1, 11,  0,  0,  0,  7,  1,  0,  0, 16,  0,  5, 15,  0,  2,  8,  1,
        1, 12,  2,  0,  0,  2,  5,  6, 13, 11, 17,  5,  1, 12,  3,  7,  0,
       12,  0,  1,  5,  6,  2,  4,  0,  0,  0,  2,  0,  8,  0,  0,  1, 14,
        0,  5, 12, 17,  9,  1,  1,  9,  0,  8,  1,  0,  4,  0,  7,  6,  9,
        1,  0,  0,  7,  0,  5,  0,  2, 14,  4,  0, 17,  0,  3,  9,  0,  0,
        3, 13,  8,  0,  0,  0,  1,  4,  0,  3, 13,  2,  0,  1,  1,  0,  0,
        0,  2,  9,  6,  0,  0, 10,  1,  0,  4,  0,  2,  0,  3, 15, 12,  1,
        1, 11,  0,  0,  7,  0,  0,  0,  0,  1,  2, 17,  0,  7,  6, 12,  0,
        0,  0,  0,  0, 16,  2,  3,  1,  0,  0,  3,  9,  0,  0,  1,  3,  6,
        7,  7,  6,  3,  1,  0,  0,  0, 16, 12,  1,  0,  0,  1,  1,  0,  0,
        6,  9,  0,  6,  0,  3,  5,  5,  1,  0,  0,  0,  0,  0,  8,  0])}]
['EXT1', 'DIP2C', 'SVIL', 'MGC39606', 'ADARB2', 'PARD3', 'SPAG6', 'AKR1C1', 'CCDC3', 'AKR1C2', 'TCTEX1D1', 'GYPA', 'VASP', 'ACAD8', 'C1orf63', 'USP6NL', 'CACNB2', 'CLCA3', 'COX7A1', 'CEAL1', 'EID.3', 'DUS3L', 'KIAA1543', 'HBXIP', 'ZNF226', 'EDG1', 'SORT1', 'LOC283070', 'DCLRE1B', 'ZNF549', 'KLRC3', 'ZNF419B', 'DDEF1', 'DMN', 'KCNJ1', 'MGC18216', 'PSG5', 'FBXO32', 'ZNF329', 'SBP1', 'MGC42367', 'OSR1', 'D21S2089E', 'HNRNPG.T', 'AP4B1', 'ZNF160', 'LRBA', 'LILRA1', 'EGLN2', 'BCAM', 'GPSM2', 'APOC1', 'IGF1R', 'TLL2', 'CA11', 'TMEM146', 'KCNK6', 'TFDP2', 'ZNF233', 'COX6A2', 'UBE4B', 'NDUFB11', 'TTC23', 'RBP7', 'IGSF3', 'BLVRB', 'PSG1', 'MYBPC2', 'MSN', 'H08563', 'BGN', 'TNFRSF12A', 'CAPG', 'MYCBP2', 'EMP3', 'RTN3', 'RGS16', 'ITGA5', 'PPP3CB', 'LOC541471', 'H78560', 'ASPA', 'TIMP1', 'AA398420', 'IMAGE.33267', 'SOCS3', 'PDPN', 'CHI3L2', 'MASP1', 'PLP2', 'S100A11', 'SETD5', 'T97457', 'UBA52', 'DLL3', 'TSPYL1', 'FAM84B', 'RALY', 'LOC613212', 'CLIC1', 'VEGF', 'AA281932', 'COL1A1', 'CD47', 'IFI30', 'ATP6V1C1', 'PSD3', 'RUNX1', 'LHFPL2', 'C9orf48', 'CA12', 'EDNRB', 'PPP3CA', 'LGALS3', 'STEAP3', 'IGFBP3', 'KLRC2', 'KLRC1', 'NPL', 'ARPP.19', 'PDE2A', 'COL4A2', 'TIMP3', 'PLAUR', 'PNCK', 'WDR7', 'X37864', 'NNMT', 'TBC1D7', 'MRC2', 'ABCA5', 'TCF7L1', 'CD58', 'MST1', 'DECR2', 'AA131320', 'LOC57228', 'MST150', 'PEG3', 'TMEM49', 'FABP3', 'SLC16A3', 'SERPINH1', 'ADM', 'NMNAT2', 'GABBR1', 'VAMP2', 'CSPG2', 'WASF1', 'CBX6', 'RAB27B', 'COL3A1', 'KIAA1644', 'NLGN1', 'C16orf5', 'LOC400451', 'AEBP1', 'COL1A2', 'COL6A2', 'HEY1', 'HSPG2', 'RPS19BP1', 'SUV39H1', 'RFXAP', 'TNC', 'DKFZp313A2432', 'STC1', 'PDXP', 'MOAP1', 'MAPKBP1', 'ID4', 'CACNB3', 'SERPING1', 'RND3', 'HMOX1', 'MTHFD2', 'R70506', 'APOC2', 'ANXA1', 'AA489629', 'H86813', 'SCAMP5', 'RPS3A', 'PLAU', 'R61377', 'NEFH', 'STMN1', 'FBXL16', 'C1R', 'WWTR1', 'EPHB1', 'ANXA5', 'AA906888', 'AI262682', 'LOC146795', 'SOX4', 'COL9A2', 'SERPINA3', 'AA029415', 'PRKCZ', 'FLJ35740', 'FN1', 'LOC388610', 'AI871056', 'FGF13', 'STXBP1', 'AI357047', 'SP100', 'HCLS1', 'MGC26694', 'LSP1', 'PRKAR1B', 'YWHAG', 'CLTB', 'AI335002', 'A2BP1', 'HLA.A', 'SNCG', 'IGFBP5', 'PYCR1', 'ABCC3', 'L3MBTL4', 'DPYD', 'H20822', 'AI822135', 'LMO7', 'ADFP', 'KCNMA1', 'PCDHGC3', 'MSTP9', 'AA479357', 'LTF', 'ZNF217', 'AA490257', 'LOC389831', 'AA975768', 'NOTCH1', 'MB', 'RAB30', 'FCGR2B', 'C4A', 'FLJ38984', 'PYGL', 'SNRPN', 'KNS2', 'GBP1', 'IL32', 'LY96', 'AA181288', 'IGF2BP3', 'CALM1', 'CASP1', 'PDLIM7', 'DEF6', 'W93688', 'USP3', 'X38595', 'TSPAN6', 'CDKN1A', 'PHLDA1', 'GOT1', 'EFHB', 'GYPC', 'MYC', 'CDC20B', 'TNFAIP3', 'POSTN', 'PLOD2', 'CDKN2D', 'AA669383', 'CLSTN3', 'MDK', 'MVP', 'CCL2', 'FAM46A', 'PLA2G2A', 'KCNQ2', 'CKMT1A', 'H24428', 'KIAA0963', 'NSF', 'RAB11FIP4', 'CD53', 'IL21R', 'URP2', 'CAMK2A', 'APCS', 'HPRT1', 'LAMA4', 'ITPKA', 'HK2', 'RBP4', 'DDIT4', 'OSBPL1A', 'CAMKK2', 'L1CAM', 'PYHIN1', 'H91845', 'SLC35A2', 'FCGRT', 'AI005038', 'PTPRZ1', 'ADCY1', 'HAMP', 'CD44', 'FAS', 'NUAK1', 'DNASE1L1', 'GPNMB', 'HBA1', 'T62491', 'FBXO2', 'VSNL1', 'SPINT2', 'C8orf4', 'NCF2', 'PRSS3', 'PLTP', 'CAP2', 'LAMB1', 'EDG3', 'INPP5F', 'PDE4DIP', 'MMP2', 'S100A10', 'LAPTM5', 'PRRX1', 'IL1RAP', 'HLA.G', 'TSPAN4', 'ITGA9', 'CCR1', 'MAL2', 'DSCR1L1', 'C6orf12', 'DDN', 'CBLN2', 'GBP2', 'PRKCB1', 'F13A1', 'S100A1', 'R52960', 'BCL2A1', 'YWHAH', 'FREQ', 'UGCG', 'SERPINI1', 'NLK', 'ANK3', 'AI002301', 'NCF1', 'NY.SAR.48', 'AA598555', 'CYBA', 'ID3', 'TAP1', 'TGFBI', 'AI263051', 'TOMM40', 'C1orf187', 'IQSEC1', 'DES', 'NPC2', 'AIF1', 'HLA.F', 'AI350724', 'PRSS1', 'SAA2', 'CYR61', 'T51726', 'SYNGR3', 'ITGA3', 'CHN1', 'ADAM19', 'FBXW7', 'AA598631', 'LUM', 'PCP4', 'SRPX', 'IGHG1', 'FAM84A', 'H41096', 'HPCA', 'CTHRC1', 'AA401952', 'DYNLT1', 'GAS1', 'RAB20', 'ESM1', 'AA424849', 'NR4A1', 'EPB49', 'MDFI', 'LYN', 'TXNDC', 'PALLD', 'R70684', 'CAV1', 'ZFHX1B', 'H10054', 'NDST1', 'SPARC', 'SCN2B', 'SYT7', 'MED11', 'PARP14', 'MICAL2', 'TncRNA', 'BNIP2', 'FZD7', 'GADD45B', 'FBL', 'LOC283130', 'STK17A', 'PRKCG', 'HLA.DRB1', 'PRG1', 'N98591', 'PPP1R14A', 'SLC15A2', 'NPTX1', 'MGP']
['RND3', 'RGS16', 'ASPA', 'AI002301', 'VAMP2', 'ADM', 'ITGA9', 'C8orf4', 'CYR61', 'C6orf12', 'NR4A1', 'DYNLT1', 'FAM84B', 'SP100', 'UGCG', 'COX7A1', 'IGF2BP3', 'ZNF217', 'AA598555', 'HPRT1', 'GYPC', 'AA401952', 'IGFBP3', 'TAP1', 'AI350724', 'H24428', 'PPP1R14A', 'LAPTM5', 'C1orf63', 'CAP2', 'MGP', 'USP3', 'SORT1', 'S100A11', 'T97457', 'WWTR1', 'MDK', 'DCLRE1B', 'EDNRB', 'ABCC3', 'PSD3', 'PLOD2', 'FGF13', 'HCLS1', 'BCL2A1', 'ZNF160', 'NY.SAR.48', 'TGFBI', 'C16orf5', 'CKMT1A', 'PARP14', 'CAPG', 'AP4B1', 'LILRA1', 'CSPG2', 'LOC283070', 'PRKCG', 'C4A', 'TIMP1', 'AA424849', 'AI005038', 'W93688', 'SLC16A3', 'MSN', 'IGF1R', 'APCS', 'AI822135', 'ADCY1', 'IGSF3', 'TncRNA', 'FLJ35740', 'H41096', 'TIMP3', 'OSR1', 'CDKN2D', 'FBXO32', 'AA490257', 'GPSM2', 'SBP1', 'AA131320', 'FBXW7', 'UBE4B', 'AKR1C1', 'X38595', 'LYN', 'NCF1', 'NNMT', 'H86813', 'COX6A2', 'HEY1', 'HNRNPG.T', 'NPTX1', 'SNCG', 'A2BP1', 'BGN', 'MED11', 'SCAMP5', 'NDUFB11', 'SERPINH1', 'AKR1C2', 'DNASE1L1', 'NLK', 'SLC15A2', 'CTHRC1', 'AI335002', 'IL1RAP', 'PRG1', 'MMP2', 'MTHFD2', 'KCNK6', 'NDST1', 'L3MBTL4', 'NOTCH1', 'TTC23', 'HBA1', 'PYGL', 'PDLIM7', 'MVP', 'DPYD', 'ZNF329', 'T62491', 'FLJ38984', 'KIAA1644', 'X37864', 'IQSEC1', 'EDG3', 'T51726', 'R52960', 'LOC388610', 'TCF7L1', 'TOMM40', 'TSPYL1', 'CHN1', 'GBP2', 'STEAP3', 'CLSTN3', 'LAMA4', 'ATP6V1C1', 'FAM46A', 'MYCBP2', 'CCDC3', 'PYHIN1', 'CACNB2', 'SUV39H1', 'LSP1', 'RAB27B', 'EDG1', 'CYBA', 'IMAGE.33267', 'RUNX1', 'MYC', 'PRKCB1', 'USP6NL', 'FBXL16', 'ABCA5', 'OSBPL1A', 'HLA.DRB1', 'HK2', 'AA598631', 'PRSS3', 'POSTN', 'DECR2', 'WASF1', 'KIAA1543', 'MAL2', 'COL6A2', 'AA479357', 'SLC35A2', 'STK17A', 'YWHAH', 'NMNAT2', 'NUAK1', 'H78560', 'SERPING1', 'TNFAIP3', 'FBL', 'FBXO2', 'S100A10', 'IGHG1', 'CALM1', 'DDEF1', 'TLL2', 'PYCR1', 'PLP2', 'PDPN', 'GBP1', 'NLGN1', 'ITGA5', 'APOC1', 'CBX6', 'SERPINA3', 'ITGA3', 'NPC2', 'N98591', 'AA281932', 'DDIT4', 'LOC283130', 'RBP4', 'HMOX1', 'MB', 'FAS', 'FABP3', 'IGFBP5', 'EMP3', 'PLA2G2A', 'CLIC1', 'RFXAP', 'EGLN2', 'FCGR2B', 'PEG3', 'MOAP1', 'AA975768', 'GAS1', 'C1R', 'AEBP1', 'CLCA3', 'H91845', 'ARPP.19', 'LHFPL2', 'LOC146795', 'PDE4DIP', 'FREQ', 'CASP1', 'KCNQ2', 'RBP7', 'ANXA1', 'LOC541471', 'PRSS1', 'PDE2A', 'BNIP2', 'CAMKK2', 'NSF', 'CCR1', 'TSPAN6', 'IL21R', 'COL1A1', 'S100A1', 'PCDHGC3', 'SPARC', 'PPP3CB', 'SOX4', 'DEF6', 'URP2', 'GYPA', 'CDC20B', 'EPB49', 'GABBR1', 'ITPKA', 'LOC400451', 'F13A1', 'H08563', 'KLRC3', 'DUS3L', 'HLA.G', 'PRRX1', 'DES', 'VASP', 'CAMK2A', 'EFHB', 'R61377', 'H10054', 'LGALS3', 'D21S2089E', 'DLL3', 'AA489629', 'SPAG6', 'ID4', 'ZNF226', 'AI357047', 'DSCR1L1', 'AI871056', 'ADARB2', 'MYBPC2', 'LUM', 'RAB30', 'CBLN2', 'SETD5', 'FAM84A', 'SOCS3', 'RALY', 'FN1', 'LOC389831', 'TCTEX1D1', 'PLAUR', 'HBXIP', 'PALLD', 'HSPG2', 'YWHAG', 'DMN', 'LY96', 'CHI3L2', 'PARD3', 'TNC', 'PTPRZ1', 'LRBA', 'LOC613212', 'INPP5F', 'HPCA', 'KIAA0963', 'L1CAM', 'SRPX', 'CEAL1', 'CDKN1A', 'MGC18216', 'MASP1', 'COL9A2', 'KNS2', 'LMO7', 'DKFZp313A2432', 'PDXP', 'SYNGR3', 'TBC1D7', 'ADAM19', 'AA906888', 'BCAM', 'EID.3', 'COL4A2', 'AIF1', 'CA11', 'ANXA5', 'EXT1', 'H20822', 'AI263051', 'RAB20', 'STMN1', 'UBA52', 'MST150', 'CACNB3', 'MSTP9', 'MRC2', 'TFDP2', 'TXNDC', 'APOC2', 'FZD7', 'CD47', 'GADD45B', 'ZNF233', 'HLA.A', 'COL1A2', 'PSG1', 'PHLDA1', 'EPHB1', 'TMEM146', 'DIP2C', 'WDR7', 'HAMP', 'VSNL1', 'DDN', 'MAPKBP1', 'R70684', 'LAMB1', 'ZNF549', 'AA398420', 'RPS3A', 'PPP3CA', 'LTF', 'ZFHX1B', 'MST1', 'CCL2', 'MICAL2', 'RPS19BP1', 'SNRPN', 'GPNMB', 'PLAU', 'MGC42367', 'PNCK', 'LOC57228', 'MGC39606', 'NPL', 'CD53', 'ZNF419B', 'FCGRT', 'PLTP', 'ESM1', 'PSG5', 'IL32', 'NCF2', 'CD44', 'MGC26694', 'IFI30', 'KCNMA1', 'TNFRSF12A', 'KLRC1', 'KLRC2', 'PCP4', 'HLA.F', 'NEFH', 'MDFI', 'GOT1', 'AA669383', 'PRKCZ', 'TMEM49', 'SYT7', 'AI262682', 'CLTB', 'SAA2', 'AA029415', 'ADFP', 'VEGF', 'AA181288', 'STC1', 'CA12', 'ID3', 'BLVRB', 'SPINT2', 'STXBP1', 'SCN2B', 'PRKAR1B', 'ANK3', 'SVIL', 'C1orf187', 'KCNJ1', 'CD58', 'RAB11FIP4', 'RTN3', 'C9orf48', 'SERPINI1', 'R70506', 'CAV1', 'ACAD8', 'TSPAN4', 'COL3A1']
[27, 48, 51, 51, 51, 15, 51, 39, 30, 51, 30, 51, 36, 42, 21, 48, 6, 3, 6, 9, 12, 51, 6, 48, 45, 51, 51, 51, 48, 42, 51, 15, 48, 21, 18, 48, 15, 51, 48, 36, 24, 15, 33, 51, 33, 51, 42, 18, 51, 39, 51, 45, 45, 48, 51, 48, 48, 51, 33, 30, 39, 48, 12, 33, 51, 48, 27, 30, 51, 24, 51, 51, 48, 51, 42, 51, 51, 51, 51, 51, 51, 48, 51, 45, 48, 45, 12, 33, 51, 42, 42, 27, 36, 51, 48, 51, 51, 48, 12, 51, 51, 51, 51, 24, 45, 51, 51, 12, 21, 51, 51, 18, 51, 48, 51, 30, 27, 51, 48, 48, 36, 51, 33, 51, 51, 51, 33, 24, 30, 48, 51, 39, 51, 51, 39, 51, 51, 51, 36, 51, 51, 51, 51, 51, 27, 27, 51, 15, 27, 33, 18, 51, 51, 48, 33, 48, 51, 15, 51, 0, 48, 33, 48, 51, 12, 15, 48, 48, 36, 51, 51, 51, 27, 51, 36, 42, 51, 27, 48, 51, 51, 33, 15, 3, 45, 51, 51, 12, 48, 51, 51, 51, 51, 51, 45, 24, 36, 0, 51, 48, 48, 51, 48, 15, 33, 12, 51, 48, 51, 36, 51, 51, 48, 48, 39, 51, 27, 51, 51, 48, 42, 51, 45, 45, 36, 27, 24, 0, 42, 51, 48, 51, 42, 51, 27, 39, 45, 48, 51, 48, 30, 48, 51, 48, 0, 33, 51, 36, 30, 51, 18, 30, 42, 48, 51, 51, 51, 51, 33, 33, 48, 18, 51, 36, 51, 45, 51, 51, 27, 45, 0, 45, 48, 3, 18, 48, 33, 51, 48, 51, 24, 33, 48, 18, 48, 51, 33, 51, 51, 51, 45, 51, 39, 51, 48, 51, 51, 42, 51, 24, 42, 51, 51, 48, 42, 51, 51, 21, 42, 36, 15, 51, 51, 30, 51, 51, 45, 51, 48, 45, 51, 51, 51, 42, 36, 39, 42, 39, 51, 45, 51, 51, 42, 33, 51, 51, 51, 51, 24, 51, 45, 51, 51, 51, 51, 33, 45, 48, 51, 51, 24, 48, 51, 42, 48, 51, 15, 24, 48, 33, 45, 48, 30, 33, 48, 51, 51, 48, 51, 51, 51, 51, 51, 33, 51, 3, 51, 24, 51, 36, 48, 15, 27, 27, 45, 48, 39, 42, 36, 30, 45, 21, 48, 27, 48, 51, 30, 18, 30, 36, 6, 36, 48, 42, 9, 39, 48, 39, 39, 51, 30, 51, 24, 45, 48, 48, 48, 42, 3, 51, 39, 51]
[API] [COORDINATOR] row names identified!
[{'Row names': array(['EXT1', 'DIP2C', 'SVIL', 'MGC39606', 'ADARB2', 'PARD3', 'SPAG6',
       'AKR1C1', 'CCDC3', 'AKR1C2', 'TCTEX1D1', 'GYPA', 'VASP', 'ACAD8',
       'C1orf63', 'USP6NL', 'CACNB2', 'CLCA3', 'COX7A1', 'CEAL1', 'EID.3',
       'DUS3L', 'KIAA1543', 'HBXIP', 'ZNF226', 'EDG1', 'SORT1',
       'LOC283070', 'DCLRE1B', 'ZNF549', 'KLRC3', 'ZNF419B', 'DDEF1',
       'DMN', 'KCNJ1', 'MGC18216', 'PSG5', 'FBXO32', 'ZNF329', 'SBP1',
       'MGC42367', 'OSR1', 'D21S2089E', 'HNRNPG.T', 'AP4B1', 'ZNF160',
       'LRBA', 'LILRA1', 'EGLN2', 'BCAM', 'GPSM2', 'APOC1', 'IGF1R',
       'TLL2', 'CA11', 'TMEM146', 'KCNK6', 'TFDP2', 'ZNF233', 'COX6A2',
       'UBE4B', 'NDUFB11', 'TTC23', 'RBP7', 'IGSF3', 'BLVRB', 'PSG1',
       'MYBPC2', 'MSN', 'H08563', 'BGN', 'TNFRSF12A', 'CAPG', 'MYCBP2',
       'EMP3', 'RTN3', 'RGS16', 'ITGA5', 'PPP3CB', 'LOC541471', 'H78560',
       'ASPA', 'TIMP1', 'AA398420', 'IMAGE.33267', 'SOCS3', 'PDPN',
       'CHI3L2', 'MASP1', 'PLP2', 'S100A11', 'SETD5', 'T97457', 'UBA52',
       'DLL3', 'TSPYL1', 'FAM84B', 'RALY', 'LOC613212', 'CLIC1', 'VEGF',
       'AA281932', 'COL1A1', 'CD47', 'IFI30', 'ATP6V1C1', 'PSD3', 'RUNX1',
       'LHFPL2', 'C9orf48', 'CA12', 'EDNRB', 'PPP3CA', 'LGALS3', 'STEAP3',
       'IGFBP3', 'KLRC3', 'KLRC2', 'KLRC1', 'NPL', 'ARPP.19', 'PDE2A',
       'COL4A2', 'TIMP3', 'PLAUR', 'PNCK', 'WDR7', 'X37864', 'NNMT',
       'TBC1D7', 'MRC2', 'ABCA5', 'TCF7L1', 'CD58', 'MST1', 'DECR2',
       'AA131320', 'LOC57228', 'MST150', 'PEG3', 'TMEM49', 'FABP3',
       'SLC16A3', 'SERPINH1', 'ADM', 'NMNAT2', 'GABBR1', 'VAMP2', 'CSPG2',
       'WASF1', 'CBX6', 'RAB27B', 'COL3A1', 'KIAA1644', 'NLGN1',
       'C16orf5', 'LOC400451', 'AEBP1', 'COL1A2', 'COL6A2', 'HEY1',
       'HSPG2', 'RPS19BP1', 'SUV39H1', 'RFXAP', 'TNC', 'DKFZp313A2432',
       'STC1', 'PDXP', 'MOAP1', 'MAPKBP1', 'ID4', 'CACNB3', 'SERPING1',
       'RND3', 'HMOX1', 'MTHFD2', 'R70506', 'APOC2', 'ANXA1', 'AA489629',
       'H86813', 'SCAMP5', 'RPS3A', 'PLAU', 'R61377', 'NEFH', 'STMN1',
       'FBXL16', 'C1R', 'WWTR1', 'EPHB1', 'ANXA5', 'AA906888', 'AI262682',
       'LOC146795', 'SOX4', 'COL9A2', 'SERPINA3', 'AA029415', 'PRKCZ',
       'FLJ35740', 'FN1', 'LOC388610', 'AI871056', 'FGF13', 'STXBP1',
       'AI357047', 'SP100', 'HCLS1', 'MGC26694', 'LSP1', 'PRKAR1B',
       'YWHAG', 'CLTB', 'AI335002', 'A2BP1', 'HLA.A', 'SNCG', 'IGFBP5',
       'PYCR1', 'ABCC3', 'L3MBTL4', 'DPYD', 'H20822', 'AI822135', 'LMO7',
       'ADFP', 'KCNMA1', 'PCDHGC3', 'MSTP9', 'AA479357', 'LTF', 'ZNF217',
       'AA490257', 'LOC389831', 'AA975768', 'NOTCH1', 'MB', 'RAB30',
       'FCGR2B', 'C4A', 'FLJ38984', 'PYGL', 'SNRPN', 'KNS2', 'GBP1',
       'IL32', 'LY96', 'AA181288', 'IGF2BP3', 'CALM1', 'CASP1', 'PDLIM7',
       'DEF6', 'W93688', 'USP3', 'X38595', 'TSPAN6', 'CDKN1A', 'PHLDA1',
       'GOT1', 'EFHB', 'GYPC', 'MYC', 'CDC20B', 'TNFAIP3', 'POSTN',
       'PLOD2', 'CDKN2D', 'AA669383', 'CLSTN3', 'MDK', 'MVP', 'CCL2',
       'FAM46A', 'PLA2G2A', 'KCNQ2', 'CKMT1A', 'H24428', 'KIAA0963',
       'NSF', 'RAB11FIP4', 'CD53', 'IL21R', 'URP2', 'CAMK2A', 'APCS',
       'HPRT1', 'LAMA4', 'ITPKA', 'HK2', 'RBP4', 'DDIT4', 'OSBPL1A',
       'CAMKK2', 'L1CAM', 'PYHIN1', 'H91845', 'SLC35A2', 'FCGRT',
       'AI005038', 'PTPRZ1', 'ADCY1', 'HAMP', 'CD44', 'FAS', 'NUAK1',
       'DNASE1L1', 'GPNMB', 'HBA1', 'T62491', 'FBXO2', 'VSNL1', 'SPINT2',
       'C8orf4', 'NCF2', 'PRSS3', 'PLTP', 'CAP2', 'LAMB1', 'EDG3',
       'INPP5F', 'PDE4DIP', 'MMP2', 'S100A10', 'LAPTM5', 'PRRX1',
       'IL1RAP', 'HLA.G', 'TSPAN4', 'ITGA9', 'CCR1', 'MAL2', 'DSCR1L1',
       'C6orf12', 'DDN', 'CBLN2', 'GBP2', 'PRKCB1', 'F13A1', 'S100A1',
       'R52960', 'BCL2A1', 'YWHAH', 'FREQ', 'UGCG', 'SERPINI1', 'NLK',
       'ANK3', 'AI002301', 'NCF1', 'CA11', 'NY.SAR.48', 'AA598555',
       'CYBA', 'ID3', 'TAP1', 'TGFBI', 'AI263051', 'TOMM40', 'C1orf187',
       'IQSEC1', 'DES', 'NPC2', 'AIF1', 'HLA.F', 'AI350724', 'PRSS1',
       'SAA2', 'CYR61', 'T51726', 'SYNGR3', 'ITGA3', 'CHN1', 'ADAM19',
       'FBXW7', 'AA598631', 'LUM', 'PCP4', 'SRPX', 'IGHG1', 'FAM84A',
       'H41096', 'HPCA', 'CTHRC1', 'AA401952', 'DYNLT1', 'GAS1', 'RAB20',
       'ESM1', 'AA424849', 'NR4A1', 'EPB49', 'MDFI', 'LYN', 'TXNDC',
       'PALLD', 'R70684', 'CAV1', 'ZFHX1B', 'H10054', 'NDST1', 'SPARC',
       'SCN2B', 'SYT7', 'MED11', 'PARP14', 'MICAL2', 'TncRNA', 'BNIP2',
       'FZD7', 'GADD45B', 'FBL', 'LOC283130', 'STK17A', 'PRKCG',
       'HLA.DRB1', 'PRG1', 'N98591', 'PPP1R14A', 'SLC15A2', 'NPTX1',
       'MGP'], dtype=object), 'Sample count': 26, 'Nans': array([ 0,  0,  0,  0,  2,  0,  3,  0,  0,  3,  3,  0,  0,  0,  0,  4,  0,
        0,  1,  0,  0,  2,  0,  0,  1,  1,  0,  4,  0,  1,  0,  0,  1,  0,
        4,  2,  0,  0,  5,  0,  0,  0,  0,  2,  1,  0,  3,  3,  0,  0,  0,
        1,  0,  9,  0,  0,  0,  1,  0,  0,  1,  0,  0,  8,  0,  2,  0,  3,
        8, 12,  2, 16,  1,  1, 18,  0,  0, 20,  0, 14, 12,  0, 11,  0, 12,
        6,  6,  2,  4, 22, 17,  5, 14,  7,  7, 10,  5,  0,  0, 22, 10,  7,
       10,  0,  6,  0, 15,  6,  0,  5,  9,  0,  0, 12,  9, 19, 16, 17, 16,
        0,  0,  1,  3,  0, 11,  0,  0,  0, 18,  0,  1, 10,  7,  7, 17, 11,
        0,  1,  2,  4, 15,  1, 24, 18, 12,  0,  0,  0,  0,  2,  0, 16,  0,
       10,  1,  1, 12,  1, 15, 15,  0, 11,  0,  2,  1,  7,  5, 17,  7,  0,
        0,  0,  4,  0,  8,  0, 18,  1,  1, 10,  0, 13,  0,  3, 11,  9,  5,
        9,  1,  0,  0,  0,  4, 16, 15,  0, 16,  0,  1, 17,  0,  0, 15,  6,
       25,  7,  6, 10,  3,  0,  1, 12,  1,  0,  4,  5,  0,  0,  6,  0, 24,
        5, 15,  1,  0, 13, 12, 17,  0,  0,  0,  0,  0, 25,  0, 14,  1,  0,
        0, 14,  0,  0,  0, 10,  2,  0,  0, 22,  2, 11, 25,  0,  4, 18,  3,
        3, 23,  3,  4,  1,  3,  0, 10, 22, 23, 24, 10,  4, 12,  4, 11,  0,
       13,  0,  1,  7, 14,  0,  4,  0,  4,  1,  4,  0, 12,  0,  0,  0, 19,
        3,  3, 16, 25, 15,  0,  2,  8,  2, 20,  0,  0,  7,  0,  5,  8, 14,
        0,  0,  0,  8,  0,  3,  3,  1, 19,  3,  0, 26,  0,  2, 17,  0,  0,
        6, 17, 10,  0,  0,  0,  0, 11,  2,  1, 15,  2,  0,  2,  1,  0,  3,
        0,  4, 16, 11,  0,  0, 17,  1,  0,  2,  2,  2,  0,  8, 20, 21,  6,
        0, 15,  4,  0, 10,  0,  1,  0,  0,  0,  4, 26,  0, 11, 12,  9,  0,
        0,  0,  1,  0, 25,  2,  3,  0,  0,  2,  3, 11,  0,  0,  3,  2, 15,
        7,  6,  2,  6,  0,  4,  0,  0, 19, 15,  0,  0,  0,  1,  7,  0,  0,
        6, 17,  2,  8,  0,  7,  3,  7,  0,  0,  0,  0,  0,  0,  8,  2])}]
['EXT1', 'DIP2C', 'SVIL', 'MGC39606', 'ADARB2', 'PARD3', 'SPAG6', 'AKR1C1', 'CCDC3', 'AKR1C2', 'TCTEX1D1', 'GYPA', 'VASP', 'ACAD8', 'C1orf63', 'USP6NL', 'CACNB2', 'CLCA3', 'COX7A1', 'CEAL1', 'EID.3', 'DUS3L', 'KIAA1543', 'HBXIP', 'ZNF226', 'EDG1', 'SORT1', 'LOC283070', 'DCLRE1B', 'ZNF549', 'KLRC3', 'ZNF419B', 'DDEF1', 'DMN', 'KCNJ1', 'MGC18216', 'PSG5', 'FBXO32', 'ZNF329', 'SBP1', 'MGC42367', 'OSR1', 'D21S2089E', 'HNRNPG.T', 'AP4B1', 'ZNF160', 'LRBA', 'LILRA1', 'EGLN2', 'BCAM', 'GPSM2', 'APOC1', 'IGF1R', 'TLL2', 'CA11', 'TMEM146', 'KCNK6', 'TFDP2', 'ZNF233', 'COX6A2', 'UBE4B', 'NDUFB11', 'TTC23', 'RBP7', 'IGSF3', 'BLVRB', 'PSG1', 'MYBPC2', 'MSN', 'H08563', 'BGN', 'TNFRSF12A', 'CAPG', 'MYCBP2', 'EMP3', 'RTN3', 'RGS16', 'ITGA5', 'PPP3CB', 'LOC541471', 'H78560', 'ASPA', 'TIMP1', 'AA398420', 'IMAGE.33267', 'SOCS3', 'PDPN', 'CHI3L2', 'MASP1', 'PLP2', 'S100A11', 'SETD5', 'T97457', 'UBA52', 'DLL3', 'TSPYL1', 'FAM84B', 'RALY', 'LOC613212', 'CLIC1', 'VEGF', 'AA281932', 'COL1A1', 'CD47', 'IFI30', 'ATP6V1C1', 'PSD3', 'RUNX1', 'LHFPL2', 'C9orf48', 'CA12', 'EDNRB', 'PPP3CA', 'LGALS3', 'STEAP3', 'IGFBP3', 'KLRC2', 'KLRC1', 'NPL', 'ARPP.19', 'PDE2A', 'COL4A2', 'TIMP3', 'PLAUR', 'PNCK', 'WDR7', 'X37864', 'NNMT', 'TBC1D7', 'MRC2', 'ABCA5', 'TCF7L1', 'CD58', 'MST1', 'DECR2', 'AA131320', 'LOC57228', 'MST150', 'PEG3', 'TMEM49', 'FABP3', 'SLC16A3', 'SERPINH1', 'ADM', 'NMNAT2', 'GABBR1', 'VAMP2', 'CSPG2', 'WASF1', 'CBX6', 'RAB27B', 'COL3A1', 'KIAA1644', 'NLGN1', 'C16orf5', 'LOC400451', 'AEBP1', 'COL1A2', 'COL6A2', 'HEY1', 'HSPG2', 'RPS19BP1', 'SUV39H1', 'RFXAP', 'TNC', 'DKFZp313A2432', 'STC1', 'PDXP', 'MOAP1', 'MAPKBP1', 'ID4', 'CACNB3', 'SERPING1', 'RND3', 'HMOX1', 'MTHFD2', 'R70506', 'APOC2', 'ANXA1', 'AA489629', 'H86813', 'SCAMP5', 'RPS3A', 'PLAU', 'R61377', 'NEFH', 'STMN1', 'FBXL16', 'C1R', 'WWTR1', 'EPHB1', 'ANXA5', 'AA906888', 'AI262682', 'LOC146795', 'SOX4', 'COL9A2', 'SERPINA3', 'AA029415', 'PRKCZ', 'FLJ35740', 'FN1', 'LOC388610', 'AI871056', 'FGF13', 'STXBP1', 'AI357047', 'SP100', 'HCLS1', 'MGC26694', 'LSP1', 'PRKAR1B', 'YWHAG', 'CLTB', 'AI335002', 'A2BP1', 'HLA.A', 'SNCG', 'IGFBP5', 'PYCR1', 'ABCC3', 'L3MBTL4', 'DPYD', 'H20822', 'AI822135', 'LMO7', 'ADFP', 'KCNMA1', 'PCDHGC3', 'MSTP9', 'AA479357', 'LTF', 'ZNF217', 'AA490257', 'LOC389831', 'AA975768', 'NOTCH1', 'MB', 'RAB30', 'FCGR2B', 'C4A', 'FLJ38984', 'PYGL', 'SNRPN', 'KNS2', 'GBP1', 'IL32', 'LY96', 'AA181288', 'IGF2BP3', 'CALM1', 'CASP1', 'PDLIM7', 'DEF6', 'W93688', 'USP3', 'X38595', 'TSPAN6', 'CDKN1A', 'PHLDA1', 'GOT1', 'EFHB', 'GYPC', 'MYC', 'CDC20B', 'TNFAIP3', 'POSTN', 'PLOD2', 'CDKN2D', 'AA669383', 'CLSTN3', 'MDK', 'MVP', 'CCL2', 'FAM46A', 'PLA2G2A', 'KCNQ2', 'CKMT1A', 'H24428', 'KIAA0963', 'NSF', 'RAB11FIP4', 'CD53', 'IL21R', 'URP2', 'CAMK2A', 'APCS', 'HPRT1', 'LAMA4', 'ITPKA', 'HK2', 'RBP4', 'DDIT4', 'OSBPL1A', 'CAMKK2', 'L1CAM', 'PYHIN1', 'H91845', 'SLC35A2', 'FCGRT', 'AI005038', 'PTPRZ1', 'ADCY1', 'HAMP', 'CD44', 'FAS', 'NUAK1', 'DNASE1L1', 'GPNMB', 'HBA1', 'T62491', 'FBXO2', 'VSNL1', 'SPINT2', 'C8orf4', 'NCF2', 'PRSS3', 'PLTP', 'CAP2', 'LAMB1', 'EDG3', 'INPP5F', 'PDE4DIP', 'MMP2', 'S100A10', 'LAPTM5', 'PRRX1', 'IL1RAP', 'HLA.G', 'TSPAN4', 'ITGA9', 'CCR1', 'MAL2', 'DSCR1L1', 'C6orf12', 'DDN', 'CBLN2', 'GBP2', 'PRKCB1', 'F13A1', 'S100A1', 'R52960', 'BCL2A1', 'YWHAH', 'FREQ', 'UGCG', 'SERPINI1', 'NLK', 'ANK3', 'AI002301', 'NCF1', 'NY.SAR.48', 'AA598555', 'CYBA', 'ID3', 'TAP1', 'TGFBI', 'AI263051', 'TOMM40', 'C1orf187', 'IQSEC1', 'DES', 'NPC2', 'AIF1', 'HLA.F', 'AI350724', 'PRSS1', 'SAA2', 'CYR61', 'T51726', 'SYNGR3', 'ITGA3', 'CHN1', 'ADAM19', 'FBXW7', 'AA598631', 'LUM', 'PCP4', 'SRPX', 'IGHG1', 'FAM84A', 'H41096', 'HPCA', 'CTHRC1', 'AA401952', 'DYNLT1', 'GAS1', 'RAB20', 'ESM1', 'AA424849', 'NR4A1', 'EPB49', 'MDFI', 'LYN', 'TXNDC', 'PALLD', 'R70684', 'CAV1', 'ZFHX1B', 'H10054', 'NDST1', 'SPARC', 'SCN2B', 'SYT7', 'MED11', 'PARP14', 'MICAL2', 'TncRNA', 'BNIP2', 'FZD7', 'GADD45B', 'FBL', 'LOC283130', 'STK17A', 'PRKCG', 'HLA.DRB1', 'PRG1', 'N98591', 'PPP1R14A', 'SLC15A2', 'NPTX1', 'MGP']
['RND3', 'RGS16', 'ASPA', 'AI002301', 'VAMP2', 'ADM', 'ITGA9', 'C8orf4', 'CYR61', 'C6orf12', 'NR4A1', 'DYNLT1', 'FAM84B', 'SP100', 'UGCG', 'COX7A1', 'IGF2BP3', 'ZNF217', 'AA598555', 'HPRT1', 'GYPC', 'AA401952', 'IGFBP3', 'TAP1', 'AI350724', 'H24428', 'PPP1R14A', 'LAPTM5', 'C1orf63', 'CAP2', 'MGP', 'USP3', 'SORT1', 'S100A11', 'T97457', 'WWTR1', 'MDK', 'DCLRE1B', 'EDNRB', 'ABCC3', 'PSD3', 'PLOD2', 'FGF13', 'HCLS1', 'BCL2A1', 'ZNF160', 'NY.SAR.48', 'TGFBI', 'C16orf5', 'CKMT1A', 'PARP14', 'CAPG', 'AP4B1', 'LILRA1', 'CSPG2', 'LOC283070', 'PRKCG', 'C4A', 'TIMP1', 'AA424849', 'AI005038', 'W93688', 'SLC16A3', 'MSN', 'IGF1R', 'APCS', 'AI822135', 'ADCY1', 'IGSF3', 'TncRNA', 'FLJ35740', 'H41096', 'TIMP3', 'OSR1', 'CDKN2D', 'FBXO32', 'AA490257', 'GPSM2', 'SBP1', 'AA131320', 'FBXW7', 'UBE4B', 'AKR1C1', 'X38595', 'LYN', 'NCF1', 'NNMT', 'H86813', 'COX6A2', 'HEY1', 'HNRNPG.T', 'NPTX1', 'SNCG', 'A2BP1', 'BGN', 'MED11', 'SCAMP5', 'NDUFB11', 'SERPINH1', 'AKR1C2', 'DNASE1L1', 'NLK', 'SLC15A2', 'CTHRC1', 'AI335002', 'IL1RAP', 'PRG1', 'MMP2', 'MTHFD2', 'KCNK6', 'NDST1', 'L3MBTL4', 'NOTCH1', 'TTC23', 'HBA1', 'PYGL', 'PDLIM7', 'MVP', 'DPYD', 'ZNF329', 'T62491', 'FLJ38984', 'KIAA1644', 'X37864', 'IQSEC1', 'EDG3', 'T51726', 'R52960', 'LOC388610', 'TCF7L1', 'TOMM40', 'TSPYL1', 'CHN1', 'GBP2', 'STEAP3', 'CLSTN3', 'LAMA4', 'ATP6V1C1', 'FAM46A', 'MYCBP2', 'CCDC3', 'PYHIN1', 'CACNB2', 'SUV39H1', 'LSP1', 'RAB27B', 'EDG1', 'CYBA', 'IMAGE.33267', 'RUNX1', 'MYC', 'PRKCB1', 'USP6NL', 'FBXL16', 'ABCA5', 'OSBPL1A', 'HLA.DRB1', 'HK2', 'AA598631', 'PRSS3', 'POSTN', 'DECR2', 'WASF1', 'KIAA1543', 'MAL2', 'COL6A2', 'AA479357', 'SLC35A2', 'STK17A', 'YWHAH', 'NMNAT2', 'NUAK1', 'H78560', 'SERPING1', 'TNFAIP3', 'FBL', 'FBXO2', 'S100A10', 'IGHG1', 'CALM1', 'DDEF1', 'TLL2', 'PYCR1', 'PLP2', 'PDPN', 'GBP1', 'NLGN1', 'ITGA5', 'APOC1', 'CBX6', 'SERPINA3', 'ITGA3', 'NPC2', 'N98591', 'AA281932', 'DDIT4', 'LOC283130', 'RBP4', 'HMOX1', 'MB', 'FAS', 'FABP3', 'IGFBP5', 'EMP3', 'PLA2G2A', 'CLIC1', 'RFXAP', 'EGLN2', 'FCGR2B', 'PEG3', 'MOAP1', 'AA975768', 'GAS1', 'C1R', 'AEBP1', 'CLCA3', 'H91845', 'ARPP.19', 'LHFPL2', 'LOC146795', 'PDE4DIP', 'FREQ', 'CASP1', 'KCNQ2', 'RBP7', 'ANXA1', 'LOC541471', 'PRSS1', 'PDE2A', 'BNIP2', 'CAMKK2', 'NSF', 'CCR1', 'TSPAN6', 'IL21R', 'COL1A1', 'S100A1', 'PCDHGC3', 'SPARC', 'PPP3CB', 'SOX4', 'DEF6', 'URP2', 'GYPA', 'CDC20B', 'EPB49', 'GABBR1', 'ITPKA', 'LOC400451', 'F13A1', 'H08563', 'KLRC3', 'DUS3L', 'HLA.G', 'PRRX1', 'DES', 'VASP', 'CAMK2A', 'EFHB', 'R61377', 'H10054', 'LGALS3', 'D21S2089E', 'DLL3', 'AA489629', 'SPAG6', 'ID4', 'ZNF226', 'AI357047', 'DSCR1L1', 'AI871056', 'ADARB2', 'MYBPC2', 'LUM', 'RAB30', 'CBLN2', 'SETD5', 'FAM84A', 'SOCS3', 'RALY', 'FN1', 'LOC389831', 'TCTEX1D1', 'PLAUR', 'HBXIP', 'PALLD', 'HSPG2', 'YWHAG', 'DMN', 'LY96', 'CHI3L2', 'PARD3', 'TNC', 'PTPRZ1', 'LRBA', 'LOC613212', 'INPP5F', 'HPCA', 'KIAA0963', 'L1CAM', 'SRPX', 'CEAL1', 'CDKN1A', 'MGC18216', 'MASP1', 'COL9A2', 'KNS2', 'LMO7', 'DKFZp313A2432', 'PDXP', 'SYNGR3', 'TBC1D7', 'ADAM19', 'AA906888', 'BCAM', 'EID.3', 'COL4A2', 'AIF1', 'CA11', 'ANXA5', 'EXT1', 'H20822', 'AI263051', 'RAB20', 'STMN1', 'UBA52', 'MST150', 'CACNB3', 'MSTP9', 'MRC2', 'TFDP2', 'TXNDC', 'APOC2', 'FZD7', 'CD47', 'GADD45B', 'ZNF233', 'HLA.A', 'COL1A2', 'PSG1', 'PHLDA1', 'EPHB1', 'TMEM146', 'DIP2C', 'WDR7', 'HAMP', 'VSNL1', 'DDN', 'MAPKBP1', 'R70684', 'LAMB1', 'ZNF549', 'AA398420', 'RPS3A', 'PPP3CA', 'LTF', 'ZFHX1B', 'MST1', 'CCL2', 'MICAL2', 'RPS19BP1', 'SNRPN', 'GPNMB', 'PLAU', 'MGC42367', 'PNCK', 'LOC57228', 'MGC39606', 'NPL', 'CD53', 'ZNF419B', 'FCGRT', 'PLTP', 'ESM1', 'PSG5', 'IL32', 'NCF2', 'CD44', 'MGC26694', 'IFI30', 'KCNMA1', 'TNFRSF12A', 'KLRC1', 'KLRC2', 'PCP4', 'HLA.F', 'NEFH', 'MDFI', 'GOT1', 'AA669383', 'PRKCZ', 'TMEM49', 'SYT7', 'AI262682', 'CLTB', 'SAA2', 'AA029415', 'ADFP', 'VEGF', 'AA181288', 'STC1', 'CA12', 'ID3', 'BLVRB', 'SPINT2', 'STXBP1', 'SCN2B', 'PRKAR1B', 'ANK3', 'SVIL', 'C1orf187', 'KCNJ1', 'CD58', 'RAB11FIP4', 'RTN3', 'C9orf48', 'SERPINI1', 'R70506', 'CAV1', 'ACAD8', 'TSPAN4', 'COL3A1']
[18, 26, 26, 24, 26, 14, 24, 23, 15, 26, 20, 26, 21, 23, 9, 25, 1, 1, 6, 7, 4, 26, 7, 26, 22, 26, 26, 26, 26, 24, 24, 3, 26, 9, 12, 26, 13, 26, 26, 21, 11, 14, 19, 26, 15, 26, 18, 11, 25, 22, 26, 25, 25, 23, 26, 22, 26, 26, 15, 19, 19, 23, 2, 18, 26, 26, 13, 21, 26, 9, 26, 24, 26, 26, 22, 26, 26, 26, 26, 26, 25, 25, 26, 23, 26, 24, 8, 13, 26, 26, 24, 18, 20, 26, 24, 26, 26, 26, 8, 23, 26, 26, 26, 15, 21, 26, 26, 9, 8, 26, 26, 11, 26, 26, 26, 16, 8, 26, 25, 21, 23, 26, 16, 26, 26, 26, 14, 10, 20, 19, 26, 16, 26, 26, 17, 26, 23, 26, 19, 25, 26, 24, 26, 24, 14, 10, 25, 5, 14, 20, 3, 23, 22, 25, 16, 26, 26, 10, 26, 0, 22, 15, 24, 26, 11, 11, 26, 26, 19, 26, 26, 26, 14, 26, 16, 19, 23, 16, 26, 26, 25, 17, 2, 4, 20, 26, 25, 6, 25, 26, 25, 26, 26, 26, 19, 11, 23, 1, 26, 26, 26, 25, 26, 8, 12, 4, 25, 26, 26, 22, 26, 25, 23, 26, 25, 26, 6, 26, 26, 26, 20, 26, 22, 26, 18, 16, 12, 0, 25, 24, 24, 25, 25, 22, 14, 16, 22, 26, 26, 26, 10, 23, 26, 26, 2, 24, 26, 23, 14, 26, 14, 10, 24, 26, 26, 25, 26, 26, 16, 17, 26, 14, 26, 19, 26, 23, 26, 25, 16, 24, 1, 24, 23, 1, 12, 25, 21, 26, 20, 26, 11, 12, 23, 15, 26, 26, 15, 26, 26, 24, 24, 26, 19, 26, 23, 26, 26, 23, 22, 18, 23, 26, 25, 24, 22, 26, 26, 14, 21, 19, 17, 26, 26, 10, 26, 26, 23, 26, 26, 22, 26, 26, 22, 24, 17, 19, 24, 22, 26, 25, 25, 22, 25, 18, 26, 26, 26, 26, 11, 26, 23, 26, 26, 26, 26, 18, 25, 24, 26, 26, 9, 25, 26, 23, 26, 26, 11, 9, 25, 20, 26, 24, 18, 15, 26, 26, 25, 26, 26, 26, 26, 26, 26, 11, 26, 4, 26, 12, 25, 20, 26, 10, 10, 9, 24, 26, 21, 20, 26, 15, 26, 11, 19, 11, 22, 26, 9, 9, 16, 15, 9, 17, 20, 24, 7, 20, 25, 25, 24, 26, 16, 22, 19, 22, 26, 21, 25, 25, 7, 26, 15, 26]
[API] [COORDINATOR] row names identified!
[Time: 28.06.23 06:49:56] [Level: info] transition: wait_for_params
[CTRL] GET /data
[Time: 28.06.23 06:49:57] [Level: info] state: wait_for_params
setting parameters
[API] Setting parameters
TEST2
k2
[0, 0, 0]
self.inputfiles len
3
[Time: 28.06.23 06:49:57] [Level: info] Traceback (most recent call last):
  File "/app/engine/app.py", line 169, in guarded_run
    self.run()
  File "/app/engine/app.py", line 184, in run
    transition = self.current_state.run()
  File "/app/apps/svd/app.py", line 100, in run
    self.load('mfa').set_parameters(incoming)
  File "/app/apps/svd/FC_Federated_MFA.py", line 160, in set_parameters
    self.k[idx] = incoming[COParams.PCS.n]
KeyError: 'PCs'

