2023-06-30 11:05:04,674 CRIT Supervisor is running as root.  Privileges were not dropped because no user is specified in the config file.  If you intend to run as root, you can set user=root in the config file to avoid this message.
2023-06-30 11:05:04,675 INFO supervisord started with pid 7
2023-06-30 11:05:05,679 INFO spawned: 'nginx' with pid 10
2023-06-30 11:05:05,683 INFO spawned: 'app' with pid 11
2023-06-30 11:05:06,734 INFO success: nginx entered RUNNING state, process has stayed up for > than 1 seconds (startsecs)
2023-06-30 11:05:06,734 INFO success: app entered RUNNING state, process has stayed up for > than 1 seconds (startsecs)
[CTRL] POST /setup
[Time: 30.06.23 11:05:08] [Level: info] id: 258a56704f06f83c
[Time: 30.06.23 11:05:08] [Level: info] coordinator: False
[Time: 30.06.23 11:05:08] [Level: info] clients: ['258a56704f06f83c', 'bba9312af7a24b87']
[Time: 30.06.23 11:05:08] [Level: info] state: initial
[CLIENT] Parsing parameter file...
[API] /setup parsing parameter file 
[API] /setup config file found ... parsing file: /mnt/input/config.yaml
YAML file does not follow specification: missing key: eigenvalues
Setting default: eigenvalues.tsv
YAML file does not follow specification: missing key: explained_variance
Setting default: eigenvalues.tsv
YAML file does not follow specification: missing key: output delimiter
Setting default: tab
[API] /setup config file found ... parsing done
[CLIENT] finished parsing parameter file.
[STARTUP] Instantiate SVD
[Time: 30.06.23 11:05:08] [Level: info] transition: init_pca
[Time: 30.06.23 11:05:09] [Level: info] state: init_pca
[STARTUP] Copy configuration and create dir
/mnt/input/hospital_data_bredel_1.csv
TEST: ['/mnt/input/hospital_data_bredel_1 - Copy.csv', '/mnt/input/hospital_data_bredel_1.csv']
RUNNING ON:  /mnt/input/hospital_data_bredel_1 - Copy.csv
number of omics:  2
[STARTUP] Configuration copied
Log Transform performed
/app/apps/svd/FC_Federated_PCA.py:97: RuntimeWarning: invalid value encountered in log2
  self.tabdata.scaled = np.log2(self.tabdata.scaled+1)
[Time: 30.06.23 11:05:09] [Level: info] transition: wait_for_params
[Time: 30.06.23 11:05:10] [Level: info] state: wait_for_params
[CTRL] GET /data
[CTRL] POST /data
setting parameters
[API] Setting parameters
['CACNB2', 'C6orf12', 'CLTB', 'ITGA9', 'DPYD', 'FBXL16', 'TncRNA', 'CAP2', 'ZNF329', 'BCAM', 'KIAA1644', 'ARPP.19', 'PLAUR', 'KIAA1543', 'RALY', 'EXT1', 'INPP5F', 'DEF6', 'SNCG', 'GBP1', 'USP6NL', 'RAB11FIP4', 'PEG3', 'MYC', 'PARD3', 'LAPTM5', 'PDPN', 'RBP7', 'EPHB1', 'AA131320', 'PLP2', 'SPAG6', 'WDR7', 'LOC388610', 'AI005038', 'ANK3', 'CEAL1', 'LSP1', 'EMP3', 'S100A11', 'PRKAR1B', 'IL21R', 'APOC2', 'HK2', 'AI822135', 'SOCS3', 'AI002301', 'IGF2BP3', 'EPB49', 'AA029415', 'LOC57228', 'NOTCH1', 'MOAP1', 'CHN1', 'PPP3CA', 'CD58', 'AI871056', 'SVIL', 'RFXAP', 'SLC16A3', 'CCR1', 'AA598631', 'COL1A1', 'PRSS1', 'STK17A', 'GOT1', 'FBXW7', 'R70506', 'SYNGR3', 'LILRA1', 'T97457', 'PYGL', 'SCN2B', 'RUNX1', 'GAS1', 'WWTR1', 'PDXP', 'FBXO2', 'HLA.G', 'CLCA3', 'DECR2', 'PYHIN1', 'AI262682', 'ZNF226', 'COX7A1', 'IGHG1', 'PSD3', 'PSG5', 'SERPINA3', 'RND3', 'NCF1', 'KCNQ2', 'ZNF233', 'LRBA', 'RAB20', 'BNIP2', 'FBL', 'F13A1', 'PPP3CB', 'CDC20B', 'HBXIP', 'CTHRC1', 'HPRT1', 'NDST1', 'DNASE1L1', 'UGCG', 'DDIT4', 'H91845', 'HPCA', 'L3MBTL4', 'FAS', 'MST1', 'MICAL2', 'PRKCZ', 'PSG1', 'CBX6', 'LOC400451', 'VAMP2', 'FAM46A', 'DUS3L', 'RGS16', 'MB', 'FCGRT', 'ADM', 'YWHAG', 'PLA2G2A', 'SETD5', 'COL4A2', 'AA479357', 'BLVRB', 'KNS2', 'IGF1R', 'ASPA', 'ZFHX1B', 'LAMB1', 'ID4', 'AI357047', 'FAM84A', 'EID.3', 'NDUFB11', 'AEBP1', 'GADD45B', 'KLRC1', 'H24428', 'SP100', 'RAB30', 'LOC146795', 'KCNK6', 'ITPKA', 'RAB27B', 'PTPRZ1', 'EFHB', 'DDEF1', 'DMN', 'GABBR1', 'NNMT', 'SPINT2', 'CHI3L2', 'SBP1', 'COL9A2', 'CAV1', 'TBC1D7', 'C1orf187', 'MAL2', 'LY96', 'MED11', 'CYR61', 'CSPG2', 'NMNAT2', 'TAP1', 'AP4B1', 'TLL2', 'SUV39H1', 'MSN', 'NLGN1', 'ADFP', 'STXBP1', 'NPC2', 'YWHAH', 'CD47', 'ESM1', 'DIP2C', 'H86813', 'C4A', 'TIMP3', 'RPS3A', 'SNRPN', 'N98591', 'HSPG2', 'T51726', 'IGFBP5', 'PLTP', 'EGLN2', 'CACNB3', 'ADAM19', 'MSTP9', 'NR4A1', 'H41096', 'PNCK', 'PDLIM7', 'ANXA1', 'TNFRSF12A', 'LGALS3', 'HAMP', 'IQSEC1', 'RBP4', 'C8orf4', 'NPTX1', 'GYPA', 'NLK', 'LAMA4', 'STMN1', 'AIF1', 'WASF1', 'MAPKBP1', 'AI335002', 'DLL3', 'FBXO32', 'C9orf48', 'R70684', 'PCDHGC3', 'PDE4DIP', 'COL1A2', 'USP3', 'LOC389831', 'LHFPL2', 'HLA.DRB1', 'TMEM49', 'RPS19BP1', 'AA424849', 'RTN3', 'PRKCG', 'KLRC2', 'X38595', 'APOC1', 'AA489629', 'NCF2', 'SPARC', 'SERPING1', 'URP2', 'DDN', 'TGFBI', 'CA11', 'H10054', 'GYPC', 'CDKN2D', 'NUAK1', 'W93688', 'HEY1', 'IL32', 'CA12', 'MMP2', 'SCAMP5', 'TMEM146', 'BCL2A1', 'C1orf63', 'ACAD8', 'FABP3', 'ZNF160', 'PRRX1', 'MTHFD2', 'SAA2', 'COX6A2', 'TCF7L1', 'VSNL1', 'MGC42367', 'FREQ', 'AA398420', 'SYT7', 'FGF13', 'FAM84B', 'AA975768', 'POSTN', 'H08563', 'EDG1', 'COL6A2', 'AKR1C1', 'PRG1', 'TOMM40', 'VEGF', 'IFI30', 'UBE4B', 'MRC2', 'CASP1', 'SERPINI1', 'LYN', 'APCS', 'PALLD', 'VASP', 'FCGR2B', 'ABCC3', 'EDG3', 'NY.SAR.48', 'SERPINH1', 'CBLN2', 'C16orf5', 'DES', 'CALM1', 'GBP2', 'HMOX1', 'PHLDA1', 'IMAGE.33267', 'KCNMA1', 'OSBPL1A', 'DYNLT1', 'MDFI', 'MGC39606', 'MYBPC2', 'ZNF217', 'ABCA5', 'AA281932', 'LUM', 'TNFAIP3', 'AA598555', 'ANXA5', 'KCNJ1', 'CD44', 'CAMKK2', 'HBA1', 'TSPAN4', 'TSPAN6', 'CAMK2A', 'TXNDC', 'R61377', 'LTF', 'MST150', 'STEAP3', 'PLOD2', 'PLAU', 'PRSS3', 'H78560', 'IGFBP3', 'MGC26694', 'ITGA3', 'SRPX', 'LOC283130', 'CD53', 'AKR1C2', 'CAPG', 'H20822', 'FZD7', 'ITGA5', 'GPSM2', 'CLIC1', 'NEFH', 'MDK', 'LOC283070', 'PARP14', 'HLA.A', 'ZNF549', 'COL3A1', 'SLC35A2', 'PRKCB1', 'MASP1', 'KIAA0963', 'X37864', 'TSPYL1', 'ADCY1', 'R52960', 'AI350724', 'CYBA', 'CLSTN3', 'DSCR1L1', 'PDE2A', 'A2BP1', 'CCDC3', 'AI263051', 'TFDP2', 'S100A10', 'DKFZp313A2432', 'NPL', 'LOC541471', 'KLRC3', 'PCP4', 'S100A1', 'PPP1R14A', 'HNRNPG.T', 'SORT1', 'FLJ38984', 'MGP', 'GPNMB', 'HCLS1', 'AA669383', 'TNC', 'CDKN1A', 'AA181288', 'MVP', 'FN1', 'ZNF419B', 'TIMP1', 'UBA52', 'C1R', 'ATP6V1C1', 'NSF', 'TTC23', 'CCL2', 'T62491', 'CKMT1A', 'OSR1', 'LMO7', 'TCTEX1D1', 'SOX4', 'MYCBP2', 'ADARB2', 'IL1RAP', 'PYCR1', 'D21S2089E', 'ID3', 'MGC18216', 'IGSF3', 'AA401952', 'AA490257', 'STC1', 'FLJ35740', 'DCLRE1B', 'LOC613212', 'L1CAM', 'EDNRB', 'AA906888', 'HLA.F', 'SLC15A2', 'BGN']
INDEX
[16, 335, 214, 331, 223, 188, 409, 319, 38, 49, 153, 120, 124, 22, 97, 0, 322, 254, 218, 246, 15, 282, 139, 264, 5, 326, 86, 63, 191, 136, 89, 6, 126, 203, 301, 349, 19, 211, 74, 90, 212, 284, 178, 291, 225, 85, 350, 250, 393, 199, 137, 237, 169, 374, 112, 133, 204, 2, 164, 142, 332, 377, 102, 368, 415, 261, 376, 177, 372, 47, 92, 243, 404, 107, 388, 190, 168, 312, 329, 17, 135, 297, 194, 24, 18, 381, 106, 36, 198, 174, 351, 277, 58, 46, 389, 410, 413, 340, 78, 265, 23, 385, 288, 402, 308, 346, 293, 298, 384, 222, 306, 134, 408, 200, 66, 150, 156, 147, 275, 21, 76, 238, 300, 144, 213, 276, 91, 122, 231, 65, 245, 52, 81, 400, 320, 171, 207, 382, 20, 61, 157, 412, 118, 279, 208, 239, 195, 56, 290, 151, 302, 262, 32, 33, 146, 128, 314, 87, 39, 197, 399, 129, 361, 333, 248, 406, 370, 148, 145, 357, 44, 53, 163, 68, 154, 227, 206, 364, 344, 103, 390, 1, 181, 241, 123, 183, 244, 419, 161, 371, 219, 318, 48, 172, 375, 230, 392, 383, 125, 253, 179, 71, 113, 304, 362, 292, 315, 422, 11, 348, 289, 187, 365, 149, 170, 215, 94, 37, 109, 398, 229, 323, 158, 256, 235, 108, 417, 140, 162, 391, 75, 416, 117, 257, 51, 180, 316, 403, 173, 285, 336, 358, 352, 401, 263, 269, 307, 255, 160, 247, 110, 324, 182, 55, 343, 14, 13, 141, 45, 327, 176, 369, 59, 132, 313, 40, 345, 83, 405, 205, 96, 236, 267, 69, 25, 159, 7, 418, 360, 100, 104, 60, 130, 252, 347, 395, 287, 397, 12, 240, 221, 321, 353, 143, 337, 155, 363, 251, 338, 175, 260, 84, 228, 294, 387, 394, 3, 67, 233, 131, 101, 378, 266, 354, 192, 34, 305, 295, 310, 330, 258, 286, 396, 185, 232, 138, 114, 268, 184, 317, 80, 115, 210, 373, 380, 414, 283, 9, 72, 224, 411, 77, 50, 99, 186, 272, 27, 407, 217, 29, 152, 299, 339, 88, 280, 127, 95, 303, 342, 367, 355, 271, 334, 121, 216, 8, 359, 57, 325, 166, 119, 79, 116, 379, 341, 420, 43, 26, 242, 423, 309, 209, 270, 165, 259, 249, 273, 202, 31, 82, 93, 189, 105, 281, 62, 274, 311, 278, 41, 226, 10, 196, 73, 4, 328, 220, 42, 356, 35, 64, 386, 234, 167, 201, 28, 98, 296, 111, 193, 366, 421, 70]
[Time: 30.06.23 11:05:12] [Level: info] transition: compute_std
[Time: 30.06.23 11:05:13] [Level: info] state: compute_std
[CTRL] GET /data
[CTRL] POST /data
(422, 1)
[Time: 30.06.23 11:05:15] [Level: info] transition: apply_scaling
[Time: 30.06.23 11:05:16] [Level: info] state: apply_scaling
[CTRL] GET /data
[CTRL] POST /data
[ 63 329 311  79 226 258 342 122 191 410 165 287 114  36  92 400 306 377
  15 158 409 259 208 135 138  29 236 192 278 289 414 277 131  61 413 376
 297 212 347 367 117 253  53  83 370 209 262 181 274 104 238 169 187 217
  32 237 159 152 121  25 252 398 308  24 167 139 420 195  13  78  87   9
  97 137 147 392 161 276 178 225 365 239 303 153  75 194  19 364 198 381
 204 132 183 256 246  85 154 339 221  57 286   1 360 257 177 120   0 220
  58 242 261 149 406 266 185 333 318 336 103 124 141  14  47 291  46 130
  51  11 143 245  69 386 235 113 388 349 269 285 115 304  76 355 214  95
  49 288  67 298  94 173 375 150  52 265 129   7 110  98 282 175 267 299
 351 273 324 317  40 219 294 128 176 240 394  31 200  39  81 170  48 247
  42 412 146 230  38 197 174 155 411 234 248 393 348 338 190 391 210 168
 307 323 404 395  88 417 340 157 385 119  28  50 374 280 284 206 390 295
 403 389 396 109 343 100  91 229 255   4 283 321  65 337 368 357 361 123
 335 301 332 118 180 172 201  93  21 350 322  45  64  20 397 275 101 319
 373 162  17 140 184 315 231   3 203  73 244  99 309 127 362 353 378  16
  10 186 359 193 382 387  59 334 144  26 313 271 358  66 148  90  89 213
 268 352 227 179   5 296 405 384 408 325 145  12 188  84  77 279 366 402
 228 125 380 102 369 218 421 189 327 106 290 281 310 379 112 264 407  71
 202 326 416 292  68 330 399  72 211 196 254 243 126 293 346 320 260 116
 232  54 314  70 372 233  27 215 222 249 182 151 156 250  74 164  33  80
 371 160 207   6  62  60 419 383  18 251 302 312 328  34  43  86 171 105
  35]
(array([ 63, 329]),)
CURRENT DATA:  [[-0.32476543  0.24249859 -1.03891677 ...  0.99257604  1.13330171
   0.8955444 ]
 [ 0.37952137 -1.27477504 -0.19776601 ... -0.57185422 -1.50435713
  -0.06272983]
 [ 0.00927595  0.16587469  0.83627061 ...  0.75200489  0.65967254
  -0.01464042]
 ...
 [ 0.33826021 -0.27307575  0.30606594 ...  0.07123705  0.07179508
   0.36166062]
 [-0.87969936 -1.10349074 -0.61941969 ...  0.18160688 -1.19359344
  -0.95274034]
 [-0.82369897 -1.75608235 -0.22209049 ... -0.82842535  0.49806987
   0.20031011]]
[Time: 30.06.23 11:05:18] [Level: info] transition: mfa_prerequisites
[Time: 30.06.23 11:05:19] [Level: info] state: mfa_prerequisites
Calling start_power_iteration
[Time: 30.06.23 11:05:19] [Level: info] transition: start_power_iteration
[Time: 30.06.23 11:05:20] [Level: info] state: start_power_iteration
[STARTUP] Computing covariance matrix
[STARTUP] Random initialisation
TABDATA SCALED
[[-0.32476543  0.24249859 -1.03891677 ...  0.99257604  1.13330171
   0.8955444 ]
 [ 0.37952137 -1.27477504 -0.19776601 ... -0.57185422 -1.50435713
  -0.06272983]
 [ 0.00927595  0.16587469  0.83627061 ...  0.75200489  0.65967254
  -0.01464042]
 ...
 [ 0.33826021 -0.27307575  0.30606594 ...  0.07123705  0.07179508
   0.36166062]
 [-0.87969936 -1.10349074 -0.61941969 ...  0.18160688 -1.19359344
  -0.95274034]
 [-0.82369897 -1.75608235 -0.22209049 ... -0.82842535  0.49806987
   0.20031011]]
[Time: 30.06.23 11:05:20] [Level: info] transition: compute_final_h_cov
[Time: 30.06.23 11:05:21] [Level: info] state: compute_final_h_cov
[CTRL] GET /data
[CTRL] POST /data
Setting k
starting eigenvector norms
17
[Time: 30.06.23 11:05:27] [Level: info] transition: compute_local_conorm
[Time: 30.06.23 11:05:28] [Level: info] state: compute_local_conorm
[CTRL] GET /data
[CTRL] POST /data
[Time: 30.06.23 11:05:30] [Level: info] transition: compute_local_norm
[Time: 30.06.23 11:05:31] [Level: info] state: compute_local_norm
[CTRL] GET /data
[CTRL] POST /data
starting orthogonalise_current
ending orthogonalise_current
starting eigenvector norms
17
[Time: 30.06.23 11:05:33] [Level: info] transition: compute_local_conorm
[Time: 30.06.23 11:05:34] [Level: info] state: compute_local_conorm
[CTRL] GET /data
[CTRL] POST /data
[Time: 30.06.23 11:05:36] [Level: info] transition: compute_local_norm
[Time: 30.06.23 11:05:37] [Level: info] state: compute_local_norm
[CTRL] GET /data
[CTRL] POST /data
starting orthogonalise_current
ending orthogonalise_current
starting eigenvector norms
17
[Time: 30.06.23 11:05:39] [Level: info] transition: compute_local_conorm
[Time: 30.06.23 11:05:40] [Level: info] state: compute_local_conorm
[CTRL] GET /data
[CTRL] POST /data
[Time: 30.06.23 11:05:42] [Level: info] transition: compute_local_norm
[Time: 30.06.23 11:05:43] [Level: info] state: compute_local_norm
[CTRL] GET /data
[CTRL] POST /data
starting orthogonalise_current
ending orthogonalise_current
starting eigenvector norms
17
[Time: 30.06.23 11:05:45] [Level: info] transition: compute_local_conorm
[Time: 30.06.23 11:05:46] [Level: info] state: compute_local_conorm
[CTRL] GET /data
[CTRL] POST /data
[Time: 30.06.23 11:05:48] [Level: info] transition: compute_local_norm
[Time: 30.06.23 11:05:49] [Level: info] state: compute_local_norm
[CTRL] GET /data
[CTRL] POST /data
starting orthogonalise_current
ending orthogonalise_current
starting eigenvector norms
17
[Time: 30.06.23 11:05:51] [Level: info] transition: compute_local_conorm
[Time: 30.06.23 11:05:52] [Level: info] state: compute_local_conorm
[CTRL] GET /data
[CTRL] POST /data
[Time: 30.06.23 11:05:54] [Level: info] transition: compute_local_norm
[Time: 30.06.23 11:05:55] [Level: info] state: compute_local_norm
[CTRL] GET /data
[CTRL] POST /data
starting orthogonalise_current
ending orthogonalise_current
starting eigenvector norms
17
[Time: 30.06.23 11:05:57] [Level: info] transition: compute_local_conorm
[Time: 30.06.23 11:05:58] [Level: info] state: compute_local_conorm
[CTRL] GET /data
[CTRL] POST /data
[Time: 30.06.23 11:06:00] [Level: info] transition: compute_local_norm
[Time: 30.06.23 11:06:01] [Level: info] state: compute_local_norm
[CTRL] GET /data
[CTRL] POST /data
starting orthogonalise_current
ending orthogonalise_current
starting eigenvector norms
17
[Time: 30.06.23 11:06:03] [Level: info] transition: compute_local_conorm
[Time: 30.06.23 11:06:04] [Level: info] state: compute_local_conorm
[CTRL] GET /data
[CTRL] POST /data
[Time: 30.06.23 11:06:06] [Level: info] transition: compute_local_norm
[Time: 30.06.23 11:06:07] [Level: info] state: compute_local_norm
[CTRL] GET /data
[CTRL] POST /data
starting orthogonalise_current
ending orthogonalise_current
starting eigenvector norms
17
[Time: 30.06.23 11:06:09] [Level: info] transition: compute_local_conorm
[Time: 30.06.23 11:06:10] [Level: info] state: compute_local_conorm
[CTRL] GET /data
[CTRL] POST /data
[Time: 30.06.23 11:06:12] [Level: info] transition: compute_local_norm
[Time: 30.06.23 11:06:13] [Level: info] state: compute_local_norm
[CTRL] GET /data
[CTRL] POST /data
starting orthogonalise_current
ending orthogonalise_current
starting eigenvector norms
17
[Time: 30.06.23 11:06:15] [Level: info] transition: compute_local_conorm
[Time: 30.06.23 11:06:16] [Level: info] state: compute_local_conorm
[CTRL] GET /data
[CTRL] POST /data
[Time: 30.06.23 11:06:18] [Level: info] transition: compute_local_norm
[Time: 30.06.23 11:06:19] [Level: info] state: compute_local_norm
[CTRL] GET /data
[CTRL] POST /data
starting orthogonalise_current
ending orthogonalise_current
starting eigenvector norms
17
[Time: 30.06.23 11:06:21] [Level: info] transition: compute_local_conorm
[Time: 30.06.23 11:06:22] [Level: info] state: compute_local_conorm
[CTRL] GET /data
[CTRL] POST /data
[Time: 30.06.23 11:06:24] [Level: info] transition: compute_local_norm
[Time: 30.06.23 11:06:25] [Level: info] state: compute_local_norm
[CTRL] GET /data
[CTRL] POST /data
starting orthogonalise_current
ending orthogonalise_current
starting eigenvector norms
17
[Time: 30.06.23 11:06:27] [Level: info] transition: compute_local_conorm
[Time: 30.06.23 11:06:28] [Level: info] state: compute_local_conorm
[CTRL] GET /data
[CTRL] POST /data
[Time: 30.06.23 11:06:30] [Level: info] transition: compute_local_norm
[Time: 30.06.23 11:06:31] [Level: info] state: compute_local_norm
[CTRL] GET /data
[CTRL] POST /data
starting orthogonalise_current
ending orthogonalise_current
starting eigenvector norms
17
[Time: 30.06.23 11:06:33] [Level: info] transition: compute_local_conorm
[Time: 30.06.23 11:06:34] [Level: info] state: compute_local_conorm
[CTRL] GET /data
[CTRL] POST /data
[Time: 30.06.23 11:06:36] [Level: info] transition: compute_local_norm
[Time: 30.06.23 11:06:37] [Level: info] state: compute_local_norm
[CTRL] GET /data
[CTRL] POST /data
starting orthogonalise_current
ending orthogonalise_current
starting eigenvector norms
17
[Time: 30.06.23 11:06:39] [Level: info] transition: compute_local_conorm
[Time: 30.06.23 11:06:40] [Level: info] state: compute_local_conorm
[CTRL] GET /data
[CTRL] POST /data
[Time: 30.06.23 11:06:43] [Level: info] transition: compute_local_norm
[Time: 30.06.23 11:06:44] [Level: info] state: compute_local_norm
[CTRL] GET /data
[CTRL] POST /data
starting orthogonalise_current
ending orthogonalise_current
starting eigenvector norms
17
[Time: 30.06.23 11:06:46] [Level: info] transition: compute_local_conorm
[Time: 30.06.23 11:06:47] [Level: info] state: compute_local_conorm
[CTRL] GET /data
[CTRL] POST /data
[Time: 30.06.23 11:06:49] [Level: info] transition: compute_local_norm
[Time: 30.06.23 11:06:50] [Level: info] state: compute_local_norm
[CTRL] GET /data
[CTRL] POST /data
starting orthogonalise_current
ending orthogonalise_current
starting eigenvector norms
17
[Time: 30.06.23 11:06:52] [Level: info] transition: compute_local_conorm
[Time: 30.06.23 11:06:53] [Level: info] state: compute_local_conorm
[CTRL] GET /data
[CTRL] POST /data
[Time: 30.06.23 11:06:55] [Level: info] transition: compute_local_norm
[Time: 30.06.23 11:06:56] [Level: info] state: compute_local_norm
[CTRL] GET /data
[CTRL] POST /data
starting orthogonalise_current
ending orthogonalise_current
starting eigenvector norms
17
[Time: 30.06.23 11:06:58] [Level: info] transition: compute_local_conorm
[Time: 30.06.23 11:06:59] [Level: info] state: compute_local_conorm
[CTRL] GET /data
[CTRL] POST /data
[Time: 30.06.23 11:07:01] [Level: info] transition: compute_local_norm
[Time: 30.06.23 11:07:02] [Level: info] state: compute_local_norm
[CTRL] GET /data
[CTRL] POST /data
starting orthogonalise_current
ending orthogonalise_current
starting eigenvector norms
17
[Time: 30.06.23 11:07:04] [Level: info] transition: normalize_g
[Time: 30.06.23 11:07:05] [Level: info] state: normalize_g
[CTRL] GET /data
[CTRL] POST /data
Normalising
(26, 17)
17
End normalising
(26, 17)
(17, 17)
(17,)
(26, 17)
[Time: 30.06.23 11:07:07] [Level: info] transition: separate_pca
[Time: 30.06.23 11:07:08] [Level: info] state: separate_pca
[Time: 30.06.23 11:07:08] [Level: info] transition: init_pca
[Time: 30.06.23 11:07:09] [Level: info] state: init_pca
[STARTUP] Copy configuration and create dir
/mnt/input/hospital_data_bredel_1.csv
TEST: ['/mnt/input/hospital_data_bredel_1 - Copy.csv', '/mnt/input/hospital_data_bredel_1.csv']
RUNNING ON:  /mnt/input/hospital_data_bredel_1.csv
number of omics:  2
[STARTUP] Configuration copied
Log Transform performed
/app/apps/svd/FC_Federated_PCA.py:97: RuntimeWarning: invalid value encountered in log2
  self.tabdata.scaled = np.log2(self.tabdata.scaled+1)
[Time: 30.06.23 11:07:09] [Level: info] transition: wait_for_params
[CTRL] GET /data
[Time: 30.06.23 11:07:10] [Level: info] state: wait_for_params
[CTRL] POST /data
setting parameters
[API] Setting parameters
['CACNB2', 'C6orf12', 'CLTB', 'ITGA9', 'DPYD', 'FBXL16', 'TncRNA', 'CAP2', 'ZNF329', 'BCAM', 'KIAA1644', 'ARPP.19', 'PLAUR', 'KIAA1543', 'RALY', 'EXT1', 'INPP5F', 'DEF6', 'SNCG', 'GBP1', 'USP6NL', 'RAB11FIP4', 'PEG3', 'MYC', 'PARD3', 'LAPTM5', 'PDPN', 'RBP7', 'EPHB1', 'AA131320', 'PLP2', 'SPAG6', 'WDR7', 'LOC388610', 'AI005038', 'ANK3', 'CEAL1', 'LSP1', 'EMP3', 'S100A11', 'PRKAR1B', 'IL21R', 'APOC2', 'HK2', 'AI822135', 'SOCS3', 'AI002301', 'IGF2BP3', 'EPB49', 'AA029415', 'LOC57228', 'NOTCH1', 'MOAP1', 'CHN1', 'PPP3CA', 'CD58', 'AI871056', 'SVIL', 'RFXAP', 'SLC16A3', 'CCR1', 'AA598631', 'COL1A1', 'PRSS1', 'STK17A', 'GOT1', 'FBXW7', 'R70506', 'SYNGR3', 'LILRA1', 'T97457', 'PYGL', 'SCN2B', 'RUNX1', 'GAS1', 'WWTR1', 'PDXP', 'FBXO2', 'HLA.G', 'CLCA3', 'DECR2', 'PYHIN1', 'AI262682', 'ZNF226', 'COX7A1', 'IGHG1', 'PSD3', 'PSG5', 'SERPINA3', 'RND3', 'NCF1', 'KCNQ2', 'ZNF233', 'LRBA', 'RAB20', 'BNIP2', 'FBL', 'F13A1', 'PPP3CB', 'CDC20B', 'HBXIP', 'CTHRC1', 'HPRT1', 'NDST1', 'DNASE1L1', 'UGCG', 'DDIT4', 'H91845', 'HPCA', 'L3MBTL4', 'FAS', 'MST1', 'MICAL2', 'PRKCZ', 'PSG1', 'CBX6', 'LOC400451', 'VAMP2', 'FAM46A', 'DUS3L', 'RGS16', 'MB', 'FCGRT', 'ADM', 'YWHAG', 'PLA2G2A', 'SETD5', 'COL4A2', 'AA479357', 'BLVRB', 'KNS2', 'IGF1R', 'ASPA', 'ZFHX1B', 'LAMB1', 'ID4', 'AI357047', 'FAM84A', 'EID.3', 'NDUFB11', 'AEBP1', 'GADD45B', 'KLRC1', 'H24428', 'SP100', 'RAB30', 'LOC146795', 'KCNK6', 'ITPKA', 'RAB27B', 'PTPRZ1', 'EFHB', 'DDEF1', 'DMN', 'GABBR1', 'NNMT', 'SPINT2', 'CHI3L2', 'SBP1', 'COL9A2', 'CAV1', 'TBC1D7', 'C1orf187', 'MAL2', 'LY96', 'MED11', 'CYR61', 'CSPG2', 'NMNAT2', 'TAP1', 'AP4B1', 'TLL2', 'SUV39H1', 'MSN', 'NLGN1', 'ADFP', 'STXBP1', 'NPC2', 'YWHAH', 'CD47', 'ESM1', 'DIP2C', 'H86813', 'C4A', 'TIMP3', 'RPS3A', 'SNRPN', 'N98591', 'HSPG2', 'T51726', 'IGFBP5', 'PLTP', 'EGLN2', 'CACNB3', 'ADAM19', 'MSTP9', 'NR4A1', 'H41096', 'PNCK', 'PDLIM7', 'ANXA1', 'TNFRSF12A', 'LGALS3', 'HAMP', 'IQSEC1', 'RBP4', 'C8orf4', 'NPTX1', 'GYPA', 'NLK', 'LAMA4', 'STMN1', 'AIF1', 'WASF1', 'MAPKBP1', 'AI335002', 'DLL3', 'FBXO32', 'C9orf48', 'R70684', 'PCDHGC3', 'PDE4DIP', 'COL1A2', 'USP3', 'LOC389831', 'LHFPL2', 'HLA.DRB1', 'TMEM49', 'RPS19BP1', 'AA424849', 'RTN3', 'PRKCG', 'KLRC2', 'X38595', 'APOC1', 'AA489629', 'NCF2', 'SPARC', 'SERPING1', 'URP2', 'DDN', 'TGFBI', 'CA11', 'H10054', 'GYPC', 'CDKN2D', 'NUAK1', 'W93688', 'HEY1', 'IL32', 'CA12', 'MMP2', 'SCAMP5', 'TMEM146', 'BCL2A1', 'C1orf63', 'ACAD8', 'FABP3', 'ZNF160', 'PRRX1', 'MTHFD2', 'SAA2', 'COX6A2', 'TCF7L1', 'VSNL1', 'MGC42367', 'FREQ', 'AA398420', 'SYT7', 'FGF13', 'FAM84B', 'AA975768', 'POSTN', 'H08563', 'EDG1', 'COL6A2', 'AKR1C1', 'PRG1', 'TOMM40', 'VEGF', 'IFI30', 'UBE4B', 'MRC2', 'CASP1', 'SERPINI1', 'LYN', 'APCS', 'PALLD', 'VASP', 'FCGR2B', 'ABCC3', 'EDG3', 'NY.SAR.48', 'SERPINH1', 'CBLN2', 'C16orf5', 'DES', 'CALM1', 'GBP2', 'HMOX1', 'PHLDA1', 'IMAGE.33267', 'KCNMA1', 'OSBPL1A', 'DYNLT1', 'MDFI', 'MGC39606', 'MYBPC2', 'ZNF217', 'ABCA5', 'AA281932', 'LUM', 'TNFAIP3', 'AA598555', 'ANXA5', 'KCNJ1', 'CD44', 'CAMKK2', 'HBA1', 'TSPAN4', 'TSPAN6', 'CAMK2A', 'TXNDC', 'R61377', 'LTF', 'MST150', 'STEAP3', 'PLOD2', 'PLAU', 'PRSS3', 'H78560', 'IGFBP3', 'MGC26694', 'ITGA3', 'SRPX', 'LOC283130', 'CD53', 'AKR1C2', 'CAPG', 'H20822', 'FZD7', 'ITGA5', 'GPSM2', 'CLIC1', 'NEFH', 'MDK', 'LOC283070', 'PARP14', 'HLA.A', 'ZNF549', 'COL3A1', 'SLC35A2', 'PRKCB1', 'MASP1', 'KIAA0963', 'X37864', 'TSPYL1', 'ADCY1', 'R52960', 'AI350724', 'CYBA', 'CLSTN3', 'DSCR1L1', 'PDE2A', 'A2BP1', 'CCDC3', 'AI263051', 'TFDP2', 'S100A10', 'DKFZp313A2432', 'NPL', 'LOC541471', 'KLRC3', 'PCP4', 'S100A1', 'PPP1R14A', 'HNRNPG.T', 'SORT1', 'FLJ38984', 'MGP', 'GPNMB', 'HCLS1', 'AA669383', 'TNC', 'CDKN1A', 'AA181288', 'MVP', 'FN1', 'ZNF419B', 'TIMP1', 'UBA52', 'C1R', 'ATP6V1C1', 'NSF', 'TTC23', 'CCL2', 'T62491', 'CKMT1A', 'OSR1', 'LMO7', 'TCTEX1D1', 'SOX4', 'MYCBP2', 'ADARB2', 'IL1RAP', 'PYCR1', 'D21S2089E', 'ID3', 'MGC18216', 'IGSF3', 'AA401952', 'AA490257', 'STC1', 'FLJ35740', 'DCLRE1B', 'LOC613212', 'L1CAM', 'EDNRB', 'AA906888', 'HLA.F', 'SLC15A2', 'BGN']
INDEX
[16, 335, 214, 331, 223, 188, 409, 319, 38, 49, 153, 120, 124, 22, 97, 0, 322, 254, 218, 246, 15, 282, 139, 264, 5, 326, 86, 63, 191, 136, 89, 6, 126, 203, 301, 349, 19, 211, 74, 90, 212, 284, 178, 291, 225, 85, 350, 250, 393, 199, 137, 237, 169, 374, 112, 133, 204, 2, 164, 142, 332, 377, 102, 368, 415, 261, 376, 177, 372, 47, 92, 243, 404, 107, 388, 190, 168, 312, 329, 17, 135, 297, 194, 24, 18, 381, 106, 36, 198, 174, 351, 277, 58, 46, 389, 410, 413, 340, 78, 265, 23, 385, 288, 402, 308, 346, 293, 298, 384, 222, 306, 134, 408, 200, 66, 150, 156, 147, 275, 21, 76, 238, 300, 144, 213, 276, 91, 122, 231, 65, 245, 52, 81, 400, 320, 171, 207, 382, 20, 61, 157, 412, 118, 279, 208, 239, 195, 56, 290, 151, 302, 262, 32, 33, 146, 128, 314, 87, 39, 197, 399, 129, 361, 333, 248, 406, 370, 148, 145, 357, 44, 53, 163, 68, 154, 227, 206, 364, 344, 103, 390, 1, 181, 241, 123, 183, 244, 419, 161, 371, 219, 318, 48, 172, 375, 230, 392, 383, 125, 253, 179, 71, 113, 304, 362, 292, 315, 422, 11, 348, 289, 187, 365, 149, 170, 215, 94, 37, 109, 398, 229, 323, 158, 256, 235, 108, 417, 140, 162, 391, 75, 416, 117, 257, 51, 180, 316, 403, 173, 285, 336, 358, 352, 401, 263, 269, 307, 255, 160, 247, 110, 324, 182, 55, 343, 14, 13, 141, 45, 327, 176, 369, 59, 132, 313, 40, 345, 83, 405, 205, 96, 236, 267, 69, 25, 159, 7, 418, 360, 100, 104, 60, 130, 252, 347, 395, 287, 397, 12, 240, 221, 321, 353, 143, 337, 155, 363, 251, 338, 175, 260, 84, 228, 294, 387, 394, 3, 67, 233, 131, 101, 378, 266, 354, 192, 34, 305, 295, 310, 330, 258, 286, 396, 185, 232, 138, 114, 268, 184, 317, 80, 115, 210, 373, 380, 414, 283, 9, 72, 224, 411, 77, 50, 99, 186, 272, 27, 407, 217, 29, 152, 299, 339, 88, 280, 127, 95, 303, 342, 367, 355, 271, 334, 121, 216, 8, 359, 57, 325, 166, 119, 79, 116, 379, 341, 420, 43, 26, 242, 423, 309, 209, 270, 165, 259, 249, 273, 202, 31, 82, 93, 189, 105, 281, 62, 274, 311, 278, 41, 226, 10, 196, 73, 4, 328, 220, 42, 356, 35, 64, 386, 234, 167, 201, 28, 98, 296, 111, 193, 366, 421, 70]
[Time: 30.06.23 11:07:13] [Level: info] transition: compute_std
[Time: 30.06.23 11:07:14] [Level: info] state: compute_std
[CTRL] GET /data
[CTRL] POST /data
(422, 1)
[Time: 30.06.23 11:07:16] [Level: info] transition: apply_scaling
[Time: 30.06.23 11:07:17] [Level: info] state: apply_scaling
[CTRL] GET /data
[CTRL] POST /data
[ 63 329 311  79 226 258 342 122 191 410 165 287 114  36  92 400 306 377
  15 158 409 259 208 135 138  29 236 192 278 289 414 277 131  61 413 376
 297 212 347 367 117 253  53  83 370 209 262 181 274 104 238 169 187 217
  32 237 159 152 121  25 252 398 308  24 167 139 420 195  13  78  87   9
  97 137 147 392 161 276 178 225 365 239 303 153  75 194  19 364 198 381
 204 132 183 256 246  85 154 339 221  57 286   1 360 257 177 120   0 220
  58 242 261 149 406 266 185 333 318 336 103 124 141  14  47 291  46 130
  51  11 143 245  69 386 235 113 388 349 269 285 115 304  76 355 214  95
  49 288  67 298  94 173 375 150  52 265 129   7 110  98 282 175 267 299
 351 273 324 317  40 219 294 128 176 240 394  31 200  39  81 170  48 247
  42 412 146 230  38 197 174 155 411 234 248 393 348 338 190 391 210 168
 307 323 404 395  88 417 340 157 385 119  28  50 374 280 284 206 390 295
 403 389 396 109 343 100  91 229 255   4 283 321  65 337 368 357 361 123
 335 301 332 118 180 172 201  93  21 350 322  45  64  20 397 275 101 319
 373 162  17 140 184 315 231   3 203  73 244  99 309 127 362 353 378  16
  10 186 359 193 382 387  59 334 144  26 313 271 358  66 148  90  89 213
 268 352 227 179   5 296 405 384 408 325 145  12 188  84  77 279 366 402
 228 125 380 102 369 218 421 189 327 106 290 281 310 379 112 264 407  71
 202 326 416 292  68 330 399  72 211 196 254 243 126 293 346 320 260 116
 232  54 314  70 372 233  27 215 222 249 182 151 156 250  74 164  33  80
 371 160 207   6  62  60 419 383  18 251 302 312 328  34  43  86 171 105
  35]
(array([ 63, 329]),)
CURRENT DATA:  [[-0.32476543  0.24249859 -1.03891677 ...  0.99257604  1.13330171
   0.8955444 ]
 [ 0.37952137 -1.27477504 -0.19776601 ... -0.57185422 -1.50435713
  -0.06272983]
 [ 0.00927595  0.16587469  0.83627061 ...  0.75200489  0.65967254
  -0.01464042]
 ...
 [ 0.33826021 -0.27307575  0.30606594 ...  0.07123705  0.07179508
   0.36166062]
 [-0.87969936 -1.10349074 -0.61941969 ...  0.18160688 -1.19359344
  -0.95274034]
 [-0.82369897 -1.75608235 -0.22209049 ... -0.82842535  0.49806987
   0.20031011]]
[Time: 30.06.23 11:07:19] [Level: info] transition: mfa_prerequisites
[Time: 30.06.23 11:07:20] [Level: info] state: mfa_prerequisites
Calling start_power_iteration
[Time: 30.06.23 11:07:20] [Level: info] transition: start_power_iteration
[Time: 30.06.23 11:07:21] [Level: info] state: start_power_iteration
[STARTUP] Computing covariance matrix
[STARTUP] Random initialisation
TABDATA SCALED
[[-0.32476543  0.24249859 -1.03891677 ...  0.99257604  1.13330171
   0.8955444 ]
 [ 0.37952137 -1.27477504 -0.19776601 ... -0.57185422 -1.50435713
  -0.06272983]
 [ 0.00927595  0.16587469  0.83627061 ...  0.75200489  0.65967254
  -0.01464042]
 ...
 [ 0.33826021 -0.27307575  0.30606594 ...  0.07123705  0.07179508
   0.36166062]
 [-0.87969936 -1.10349074 -0.61941969 ...  0.18160688 -1.19359344
  -0.95274034]
 [-0.82369897 -1.75608235 -0.22209049 ... -0.82842535  0.49806987
   0.20031011]]
[Time: 30.06.23 11:07:21] [Level: info] transition: compute_final_h_cov
[Time: 30.06.23 11:07:22] [Level: info] state: compute_final_h_cov
[CTRL] GET /data
[CTRL] POST /data
Setting k
starting eigenvector norms
17
[Time: 30.06.23 11:07:25] [Level: info] transition: compute_local_conorm
[Time: 30.06.23 11:07:26] [Level: info] state: compute_local_conorm
[CTRL] GET /data
[CTRL] POST /data
[Time: 30.06.23 11:07:28] [Level: info] transition: compute_local_norm
[Time: 30.06.23 11:07:29] [Level: info] state: compute_local_norm
[CTRL] GET /data
[CTRL] POST /data
starting orthogonalise_current
ending orthogonalise_current
starting eigenvector norms
17
[Time: 30.06.23 11:07:31] [Level: info] transition: compute_local_conorm
[Time: 30.06.23 11:07:32] [Level: info] state: compute_local_conorm
[CTRL] GET /data
[CTRL] POST /data
[Time: 30.06.23 11:07:34] [Level: info] transition: compute_local_norm
[Time: 30.06.23 11:07:35] [Level: info] state: compute_local_norm
[CTRL] GET /data
[CTRL] POST /data
starting orthogonalise_current
ending orthogonalise_current
starting eigenvector norms
17
[Time: 30.06.23 11:07:37] [Level: info] transition: compute_local_conorm
[Time: 30.06.23 11:07:38] [Level: info] state: compute_local_conorm
[CTRL] GET /data
[CTRL] POST /data
[Time: 30.06.23 11:07:40] [Level: info] transition: compute_local_norm
[Time: 30.06.23 11:07:41] [Level: info] state: compute_local_norm
[CTRL] GET /data
[CTRL] POST /data
starting orthogonalise_current
ending orthogonalise_current
starting eigenvector norms
17
[Time: 30.06.23 11:07:43] [Level: info] transition: compute_local_conorm
[Time: 30.06.23 11:07:44] [Level: info] state: compute_local_conorm
[CTRL] GET /data
[CTRL] POST /data
[Time: 30.06.23 11:07:46] [Level: info] transition: compute_local_norm
[Time: 30.06.23 11:07:47] [Level: info] state: compute_local_norm
[CTRL] GET /data
[CTRL] POST /data
starting orthogonalise_current
ending orthogonalise_current
starting eigenvector norms
17
[Time: 30.06.23 11:07:49] [Level: info] transition: compute_local_conorm
[Time: 30.06.23 11:07:50] [Level: info] state: compute_local_conorm
[CTRL] GET /data
[CTRL] POST /data
[Time: 30.06.23 11:07:52] [Level: info] transition: compute_local_norm
[Time: 30.06.23 11:07:53] [Level: info] state: compute_local_norm
[CTRL] GET /data
[CTRL] POST /data
starting orthogonalise_current
ending orthogonalise_current
starting eigenvector norms
17
[Time: 30.06.23 11:07:55] [Level: info] transition: compute_local_conorm
[Time: 30.06.23 11:07:56] [Level: info] state: compute_local_conorm
[CTRL] GET /data
[CTRL] POST /data
[Time: 30.06.23 11:07:58] [Level: info] transition: compute_local_norm
[Time: 30.06.23 11:07:59] [Level: info] state: compute_local_norm
[CTRL] GET /data
[CTRL] POST /data
starting orthogonalise_current
ending orthogonalise_current
starting eigenvector norms
17
[Time: 30.06.23 11:08:01] [Level: info] transition: compute_local_conorm
[Time: 30.06.23 11:08:02] [Level: info] state: compute_local_conorm
[CTRL] GET /data
[CTRL] POST /data
[Time: 30.06.23 11:08:04] [Level: info] transition: compute_local_norm
[Time: 30.06.23 11:08:05] [Level: info] state: compute_local_norm
[CTRL] GET /data
[CTRL] POST /data
starting orthogonalise_current
ending orthogonalise_current
starting eigenvector norms
17
[Time: 30.06.23 11:08:07] [Level: info] transition: compute_local_conorm
[Time: 30.06.23 11:08:08] [Level: info] state: compute_local_conorm
[CTRL] GET /data
[CTRL] POST /data
[Time: 30.06.23 11:08:10] [Level: info] transition: compute_local_norm
[Time: 30.06.23 11:08:11] [Level: info] state: compute_local_norm
[CTRL] GET /data
[CTRL] POST /data
starting orthogonalise_current
ending orthogonalise_current
starting eigenvector norms
17
[Time: 30.06.23 11:08:13] [Level: info] transition: compute_local_conorm
[Time: 30.06.23 11:08:14] [Level: info] state: compute_local_conorm
[CTRL] GET /data
[CTRL] POST /data
[Time: 30.06.23 11:08:16] [Level: info] transition: compute_local_norm
[Time: 30.06.23 11:08:17] [Level: info] state: compute_local_norm
[CTRL] GET /data
[CTRL] POST /data
starting orthogonalise_current
ending orthogonalise_current
starting eigenvector norms
17
[Time: 30.06.23 11:08:19] [Level: info] transition: compute_local_conorm
[Time: 30.06.23 11:08:20] [Level: info] state: compute_local_conorm
[CTRL] GET /data
[CTRL] POST /data
[Time: 30.06.23 11:08:22] [Level: info] transition: compute_local_norm
[Time: 30.06.23 11:08:23] [Level: info] state: compute_local_norm
[CTRL] GET /data
[CTRL] POST /data
starting orthogonalise_current
ending orthogonalise_current
starting eigenvector norms
17
[Time: 30.06.23 11:08:25] [Level: info] transition: compute_local_conorm
[Time: 30.06.23 11:08:26] [Level: info] state: compute_local_conorm
[CTRL] GET /data
[CTRL] POST /data
[Time: 30.06.23 11:08:28] [Level: info] transition: compute_local_norm
[Time: 30.06.23 11:08:29] [Level: info] state: compute_local_norm
[CTRL] GET /data
[CTRL] POST /data
starting orthogonalise_current
ending orthogonalise_current
starting eigenvector norms
17
[Time: 30.06.23 11:08:31] [Level: info] transition: compute_local_conorm
[Time: 30.06.23 11:08:32] [Level: info] state: compute_local_conorm
[CTRL] GET /data
[CTRL] POST /data
[Time: 30.06.23 11:08:34] [Level: info] transition: compute_local_norm
[Time: 30.06.23 11:08:35] [Level: info] state: compute_local_norm
[CTRL] GET /data
[CTRL] POST /data
starting orthogonalise_current
ending orthogonalise_current
starting eigenvector norms
17
[Time: 30.06.23 11:08:37] [Level: info] transition: compute_local_conorm
[Time: 30.06.23 11:08:38] [Level: info] state: compute_local_conorm
[CTRL] GET /data
[CTRL] POST /data
[Time: 30.06.23 11:08:40] [Level: info] transition: compute_local_norm
[Time: 30.06.23 11:08:41] [Level: info] state: compute_local_norm
[CTRL] GET /data
[CTRL] POST /data
starting orthogonalise_current
ending orthogonalise_current
starting eigenvector norms
17
[Time: 30.06.23 11:08:43] [Level: info] transition: compute_local_conorm
[Time: 30.06.23 11:08:44] [Level: info] state: compute_local_conorm
[CTRL] GET /data
[CTRL] POST /data
[Time: 30.06.23 11:08:46] [Level: info] transition: compute_local_norm
[Time: 30.06.23 11:08:47] [Level: info] state: compute_local_norm
[CTRL] GET /data
[CTRL] POST /data
starting orthogonalise_current
ending orthogonalise_current
starting eigenvector norms
17
[Time: 30.06.23 11:08:49] [Level: info] transition: compute_local_conorm
[Time: 30.06.23 11:08:50] [Level: info] state: compute_local_conorm
[CTRL] GET /data
[CTRL] POST /data
[Time: 30.06.23 11:08:52] [Level: info] transition: compute_local_norm
[Time: 30.06.23 11:08:53] [Level: info] state: compute_local_norm
[CTRL] GET /data
[CTRL] POST /data
starting orthogonalise_current
ending orthogonalise_current
starting eigenvector norms
17
[Time: 30.06.23 11:08:55] [Level: info] transition: compute_local_conorm
[Time: 30.06.23 11:08:56] [Level: info] state: compute_local_conorm
[CTRL] GET /data
[CTRL] POST /data
[Time: 30.06.23 11:08:58] [Level: info] transition: compute_local_norm
[Time: 30.06.23 11:08:59] [Level: info] state: compute_local_norm
[CTRL] GET /data
[CTRL] POST /data
starting orthogonalise_current
ending orthogonalise_current
starting eigenvector norms
17
[Time: 30.06.23 11:09:01] [Level: info] transition: normalize_g
[Time: 30.06.23 11:09:02] [Level: info] state: normalize_g
[CTRL] GET /data
[CTRL] POST /data
Normalising
(26, 17)
17
End normalising
(26, 17)
(17, 17)
(17,)
(26, 17)
[Time: 30.06.23 11:09:04] [Level: info] transition: separate_pca
[Time: 30.06.23 11:09:05] [Level: info] state: separate_pca
Starting factor analysis
[Time: 30.06.23 11:09:05] [Level: info] transition: scale_tabdata
[Time: 30.06.23 11:09:06] [Level: info] state: scale_tabdata
[Time: 30.06.23 11:09:06] [Level: info] Traceback (most recent call last):
  File "/app/engine/app.py", line 169, in guarded_run
    self.run()
  File "/app/engine/app.py", line 184, in run
    transition = self.current_state.run()
  File "/app/apps/svd/app.py", line 590, in run
    first_singular_values = [math.sqrt(eigenvalue[0]) for eigenvalue in eigen_values]
  File "/app/apps/svd/app.py", line 590, in <listcomp>
    first_singular_values = [math.sqrt(eigenvalue[0]) for eigenvalue in eigen_values]
ValueError: math domain error

