2023-06-28 08:25:01,152 CRIT Supervisor is running as root.  Privileges were not dropped because no user is specified in the config file.  If you intend to run as root, you can set user=root in the config file to avoid this message.
2023-06-28 08:25:01,158 INFO supervisord started with pid 7
2023-06-28 08:25:02,162 INFO spawned: 'nginx' with pid 10
2023-06-28 08:25:02,166 INFO spawned: 'app' with pid 11
2023-06-28 08:25:03,199 INFO success: nginx entered RUNNING state, process has stayed up for > than 1 seconds (startsecs)
2023-06-28 08:25:03,199 INFO success: app entered RUNNING state, process has stayed up for > than 1 seconds (startsecs)
[CTRL] POST /setup
[Time: 28.06.23 08:25:04] [Level: info] id: 8d51de4079914062
[Time: 28.06.23 08:25:04] [Level: info] coordinator: False
[Time: 28.06.23 08:25:04] [Level: info] clients: ['8d51de4079914062', '477bd02331cba4e4']
[Time: 28.06.23 08:25:04] [Level: info] state: initial
[CLIENT] Parsing parameter file...
[API] /setup parsing parameter file 
[API] /setup config file found ... parsing file: /mnt/input/config.yaml
YAML file does not follow specification: missing key: eigenvalues
Setting default: eigenvalues.tsv
YAML file does not follow specification: missing key: explained_variance
Setting default: eigenvalues.tsv
YAML file does not follow specification: missing key: output delimiter
Setting default: tab
[API] /setup config file found ... parsing done
[CLIENT] finished parsing parameter file.
[STARTUP] Instantiate SVD
[STARTUP] Copy configuration and create dir
[STARTUP] Configuration copied
Log Transform performed
[[ 6.74542027e-02  1.81002875e-01  1.61967477e-01 ...  5.41621673e-02
   2.44542698e-01 -2.60220260e-01]
 [-4.61545797e-01 -1.99712471e-03  2.53967477e-01 ...  8.65162167e-01
  -9.04573017e-02  1.22779740e-01]
 [ 1.17454203e-01  1.64002875e-01 -1.81032523e-01 ...  1.16216733e-03
   2.59542698e-01 -1.47220260e-01]
 ...
 [ 6.77109851e-01  5.27812409e-01  8.69196496e-01 ...  1.60968399e+00
   4.71524132e-01  6.26844003e-01]
 [-2.01389015e+00  7.88124088e-02  9.97196496e-01 ...  5.29683994e-01
   6.37524132e-01  1.15884400e+00]
 [-9.82890149e-01  4.64312409e-01  1.32619650e+00 ...  1.64683994e-01
   2.29524132e-01  5.23344003e-01]]
/app/apps/svd/FC_Federated_MFA.py:126: RuntimeWarning: invalid value encountered in log2
  tabdata.scaled = np.log2(tabdata.scaled+1)
[[ 9.41741748e-02  2.40012477e-01  2.16569689e-01 ...  7.60968214e-02
   3.15615728e-01 -4.34832304e-01]
 [-8.93104451e-01 -2.88412285e-03  3.26499931e-01 ...  8.99301072e-01
  -1.36786728e-01  1.67074937e-01]
 [ 1.60215706e-01  2.19094622e-01 -2.88121934e-01 ...  1.67567952e-03
   3.32900030e-01 -2.29754931e-01]
 ...
 [ 7.45977189e-01  6.11467414e-01  9.02418238e-01 ...  1.38387512e+00
   5.57311202e-01  7.02075918e-01]
 [            nan  1.09444021e-01  9.97976281e-01 ...  6.13233648e-01
   7.11516168e-01  1.11025900e+00]
 [-5.86902895e+00  5.50223383e-01  1.21797297e+00 ...  2.19938570e-01
   2.98100052e-01  6.07241769e-01]]
Log Transform performed
[[ 6.74542027e-02  1.81002875e-01  1.61967477e-01 ...  5.41621673e-02
   2.44542698e-01 -2.60220260e-01]
 [-4.61545797e-01 -1.99712471e-03  2.53967477e-01 ...  8.65162167e-01
  -9.04573017e-02  1.22779740e-01]
 [ 1.17454203e-01  1.64002875e-01 -1.81032523e-01 ...  1.16216733e-03
   2.59542698e-01 -1.47220260e-01]
 ...
 [ 6.77109851e-01  5.27812409e-01  8.69196496e-01 ...  1.60968399e+00
   4.71524132e-01  6.26844003e-01]
 [-2.01389015e+00  7.88124088e-02  9.97196496e-01 ...  5.29683994e-01
   6.37524132e-01  1.15884400e+00]
 [-9.82890149e-01  4.64312409e-01  1.32619650e+00 ...  1.64683994e-01
   2.29524132e-01  5.23344003e-01]]
/app/apps/svd/FC_Federated_MFA.py:126: RuntimeWarning: invalid value encountered in log2
  tabdata.scaled = np.log2(tabdata.scaled+1)
[[ 9.41741748e-02  2.40012477e-01  2.16569689e-01 ...  7.60968214e-02
   3.15615728e-01 -4.34832304e-01]
 [-8.93104451e-01 -2.88412285e-03  3.26499931e-01 ...  8.99301072e-01
  -1.36786728e-01  1.67074937e-01]
 [ 1.60215706e-01  2.19094622e-01 -2.88121934e-01 ...  1.67567952e-03
   3.32900030e-01 -2.29754931e-01]
 ...
 [ 7.45977189e-01  6.11467414e-01  9.02418238e-01 ...  1.38387512e+00
   5.57311202e-01  7.02075918e-01]
 [            nan  1.09444021e-01  9.97976281e-01 ...  6.13233648e-01
   7.11516168e-01  1.11025900e+00]
 [-5.86902895e+00  5.50223383e-01  1.21797297e+00 ...  2.19938570e-01
   2.98100052e-01  6.07241769e-01]]
[Time: 28.06.23 08:25:05] [Level: info] transition: wait_for_params
[Time: 28.06.23 08:25:06] [Level: info] state: wait_for_params
[CTRL] GET /data
[CTRL] POST /data
setting parameters
INCOMINGS
[{'PCs': 43, <COParams.SEND_PROJ: ('Send projections', False)>: False, 'Row names': ['COL6A2', 'HBXIP', 'SCAMP5', 'C1R', 'FCGR2B', 'H24428', 'COX6A2', 'MGP', 'PDE4DIP', 'PRSS3', 'NPC2', 'KLRC3', 'PRSS1', 'FLJ35740', 'HLA.F', 'GADD45B', 'RBP7', 'RPS3A', 'MGC18216', 'CKMT1A', 'AA598631', 'ZFHX1B', 'TNFRSF12A', 'SYT7', 'R70506', 'DCLRE1B', 'DNASE1L1', 'NOTCH1', 'ACAD8', 'MYCBP2', 'H41096', 'TGFBI', 'PLOD2', 'AI002301', 'COL9A2', 'PSG1', 'EFHB', 'CDC20B', 'TOMM40', 'PDLIM7', 'PDPN', 'EID.3', 'AA401952', 'C1orf63', 'LOC57228', 'MMP2', 'LOC541471', 'MSTP9', 'CDKN2D', 'COX7A1', 'SPAG6', 'C9orf48', 'SLC15A2', 'EPHB1', 'COL1A2', 'STK17A', 'ZNF419B', 'SNCG', 'TAP1', 'KCNQ2', 'C6orf12', 'VSNL1', 'ADAM19', 'RALY', 'MST1', 'TTC23', 'TCF7L1', 'PHLDA1', 'TXNDC', 'IGF1R', 'SBP1', 'SAA2', 'AA424849', 'HPCA', 'PPP1R14A', 'DDEF1', 'AI335002', 'RAB11FIP4', 'HNRNPG.T', 'D21S2089E', 'EDG1', 'C16orf5', 'PPP3CB', 'ANXA1', 'EPB49', 'HAMP', 'NPTX1', 'STXBP1', 'HPRT1', 'EMP3', 'FAS', 'HK2', 'EDNRB', 'DYNLT1', 'TLL2', 'URP2', 'PRG1', 'TMEM146', 'FZD7', 'COL4A2', 'BCL2A1', 'DDN', 'SPARC', 'CACNB2', 'BNIP2', 'CD58', 'SLC16A3', 'ZNF549', 'NPL', 'TBC1D7', 'OSR1', 'ABCA5', 'PSD3', 'GAS1', 'ARPP.19', 'ZNF329', 'RFXAP', 'PYCR1', 'PCP4', 'ADM', 'PDXP', 'N98591', 'BLVRB', 'CLIC1', 'CAMKK2', 'H08563', 'NDST1', 'LOC400451', 'INPP5F', 'UBA52', 'FN1', 'MED11', 'SPINT2', 'FBXW7', 'IMAGE.33267', 'FBXL16', 'PALLD', 'NDUFB11', 'HMOX1', 'MAPKBP1', 'FLJ38984', 'OSBPL1A', 'AA479357', 'T51726', 'LSP1', 'HLA.G', 'LOC388610', 'IQSEC1', 'ITGA3', 'NLGN1', 'EDG3', 'RAB27B', 'SYNGR3', 'ZNF226', 'NCF2', 'PARD3', 'R70684', 'PRKCZ', 'USP3', 'TIMP3', 'CBX6', 'AEBP1', 'T97457', 'GPNMB', 'HBA1', 'S100A11', 'IL1RAP', 'POSTN', 'GPSM2', 'CHI3L2', 'MASP1', 'S100A10', 'CA12', 'CCL2', 'CD53', 'RUNX1', 'YWHAG', 'SP100', 'MAL2', 'MOAP1', 'AA489629', 'ADCY1', 'CBLN2', 'ADFP', 'DECR2', 'LTF', 'ITGA9', 'AI262682', 'ZNF217', 'PRKAR1B', 'BGN', 'S100A1', 'AA029415', 'GYPA', 'EGLN2', 'KCNMA1', 'RAB20', 'L3MBTL4', 'WDR7', 'ANK3', 'FAM84A', 'CHN1', 'UGCG', 'USP6NL', 'DUS3L', 'RPS19BP1', 'CAP2', 'AI350724', 'HEY1', 'PEG3', 'LOC283070', 'AIF1', 'ITGA5', 'NNMT', 'NSF', 'PRKCG', 'ZNF160', 'CTHRC1', 'ANXA5', 'PRKCB1', 'KCNK6', 'LOC146795', 'LMO7', 'KNS2', 'LRBA', 'MSN', 'MYC', 'LILRA1', 'SERPINA3', 'IGF2BP3', 'LAMB1', 'CSPG2', 'PRRX1', 'R52960', 'KLRC1', 'NLK', 'PLAU', 'H91845', 'MTHFD2', 'TIMP1', 'IFI30', 'FAM46A', 'CCDC3', 'COL3A1', 'H10054', 'CEAL1', 'APCS', 'KCNJ1', 'SLC35A2', 'LGALS3', 'IGHG1', 'LYN', 'SVIL', 'AI263051', 'RAB30', 'CALM1', 'CYBA', 'T62491', 'APOC1', 'ZNF233', 'AA975768', 'RBP4', 'ATP6V1C1', 'TNC', 'PARP14', 'LAMA4', 'MST150', 'AA281932', 'LUM', 'SCN2B', 'STC1', 'CCR1', 'FBXO32', 'CLTB', 'MGC42367', 'GBP2', 'C8orf4', 'AA181288', 'PPP3CA', 'SETD5', 'PLP2', 'UBE4B', 'DLL3', 'MVP', 'NCF1', 'CLSTN3', 'AKR1C1', 'F13A1', 'LY96', 'MRC2', 'VASP', 'GYPC', 'STEAP3', 'CLCA3', 'GBP1', 'FAM84B', 'VEGF', 'DPYD', 'H20822', 'ID3', 'PLTP', 'NUAK1', 'PTPRZ1', 'CD44', 'DIP2C', 'LAPTM5', 'FREQ', 'TNFAIP3', 'MB', 'TSPAN4', 'SNRPN', 'PLAUR', 'L1CAM', 'CACNB3', 'GOT1', 'ESM1', 'ITPKA', 'HLA.A', 'YWHAH', 'RND3', 'AA598555', 'AI871056', 'LOC283130', 'DKFZp313A2432', 'H78560', 'SERPINH1', 'SRPX', 'DMN', 'HLA.DRB1', 'SERPINI1', 'NR4A1', 'RTN3', 'SOX4', 'PLA2G2A', 'AA906888', 'BCAM', 'FCGRT', 'DSCR1L1', 'CAV1', 'PDE2A', 'AI357047', 'KIAA0963', 'MICAL2', 'EXT1', 'CAMK2A', 'SUV39H1', 'SOCS3', 'AA131320', 'TSPAN6', 'CYR61', 'C4A', 'PNCK', 'ASPA', 'NY.SAR.48', 'WASF1', 'TSPYL1', 'ABCC3', 'APOC2', 'CA11', 'PYGL', 'LOC389831', 'KLRC2', 'PSG5', 'AP4B1', 'AA398420', 'LOC613212', 'AA490257', 'CASP1', 'LHFPL2', 'FBL', 'SERPING1', 'C1orf187', 'MDFI', 'A2BP1', 'ADARB2', 'AA669383', 'R61377', 'IGSF3', 'STMN1', 'MDK', 'W93688', 'IGFBP3', 'GABBR1', 'PYHIN1', 'CAPG', 'HSPG2', 'TMEM49', 'AKR1C2', 'DEF6', 'NMNAT2', 'IL32', 'CD47', 'ID4', 'MGC39606', 'WWTR1', 'KIAA1644', 'KIAA1543', 'COL1A1', 'DES', 'AI005038', 'TCTEX1D1', 'TFDP2', 'HCLS1', 'X37864', 'FGF13', 'TncRNA', 'H86813', 'FBXO2', 'NEFH', 'FABP3', 'IL21R', 'AI822135', 'X38595', 'VAMP2', 'MYBPC2', 'CDKN1A', 'IGFBP5', 'DDIT4', 'MGC26694', 'SORT1', 'PCDHGC3', 'RGS16']}, {'PCs': 43, <COParams.SEND_PROJ: ('Send projections', False)>: False, 'Row names': ['COL6A2', 'HBXIP', 'SCAMP5', 'C1R', 'FCGR2B', 'H24428', 'COX6A2', 'MGP', 'PDE4DIP', 'PRSS3', 'NPC2', 'KLRC3', 'PRSS1', 'FLJ35740', 'HLA.F', 'GADD45B', 'RBP7', 'RPS3A', 'MGC18216', 'CKMT1A', 'AA598631', 'ZFHX1B', 'TNFRSF12A', 'SYT7', 'R70506', 'DCLRE1B', 'DNASE1L1', 'NOTCH1', 'ACAD8', 'MYCBP2', 'H41096', 'TGFBI', 'PLOD2', 'AI002301', 'COL9A2', 'PSG1', 'EFHB', 'CDC20B', 'TOMM40', 'PDLIM7', 'PDPN', 'EID.3', 'AA401952', 'C1orf63', 'LOC57228', 'MMP2', 'LOC541471', 'MSTP9', 'CDKN2D', 'COX7A1', 'SPAG6', 'C9orf48', 'SLC15A2', 'EPHB1', 'COL1A2', 'STK17A', 'ZNF419B', 'SNCG', 'TAP1', 'KCNQ2', 'C6orf12', 'VSNL1', 'ADAM19', 'RALY', 'MST1', 'TTC23', 'TCF7L1', 'PHLDA1', 'TXNDC', 'IGF1R', 'SBP1', 'SAA2', 'AA424849', 'HPCA', 'PPP1R14A', 'DDEF1', 'AI335002', 'RAB11FIP4', 'HNRNPG.T', 'D21S2089E', 'EDG1', 'C16orf5', 'PPP3CB', 'ANXA1', 'EPB49', 'HAMP', 'NPTX1', 'STXBP1', 'HPRT1', 'EMP3', 'FAS', 'HK2', 'EDNRB', 'DYNLT1', 'TLL2', 'URP2', 'PRG1', 'TMEM146', 'FZD7', 'COL4A2', 'BCL2A1', 'DDN', 'SPARC', 'CACNB2', 'BNIP2', 'CD58', 'SLC16A3', 'ZNF549', 'NPL', 'TBC1D7', 'OSR1', 'ABCA5', 'PSD3', 'GAS1', 'ARPP.19', 'ZNF329', 'RFXAP', 'PYCR1', 'PCP4', 'ADM', 'PDXP', 'N98591', 'BLVRB', 'CLIC1', 'CAMKK2', 'H08563', 'NDST1', 'LOC400451', 'INPP5F', 'UBA52', 'FN1', 'MED11', 'SPINT2', 'FBXW7', 'IMAGE.33267', 'FBXL16', 'PALLD', 'NDUFB11', 'HMOX1', 'MAPKBP1', 'FLJ38984', 'OSBPL1A', 'AA479357', 'T51726', 'LSP1', 'HLA.G', 'LOC388610', 'IQSEC1', 'ITGA3', 'NLGN1', 'EDG3', 'RAB27B', 'SYNGR3', 'ZNF226', 'NCF2', 'PARD3', 'R70684', 'PRKCZ', 'USP3', 'TIMP3', 'CBX6', 'AEBP1', 'T97457', 'GPNMB', 'HBA1', 'S100A11', 'IL1RAP', 'POSTN', 'GPSM2', 'CHI3L2', 'MASP1', 'S100A10', 'CA12', 'CCL2', 'CD53', 'RUNX1', 'YWHAG', 'SP100', 'MAL2', 'MOAP1', 'AA489629', 'ADCY1', 'CBLN2', 'ADFP', 'DECR2', 'LTF', 'ITGA9', 'AI262682', 'ZNF217', 'PRKAR1B', 'BGN', 'S100A1', 'AA029415', 'GYPA', 'EGLN2', 'KCNMA1', 'RAB20', 'L3MBTL4', 'WDR7', 'ANK3', 'FAM84A', 'CHN1', 'UGCG', 'USP6NL', 'DUS3L', 'RPS19BP1', 'CAP2', 'AI350724', 'HEY1', 'PEG3', 'LOC283070', 'AIF1', 'ITGA5', 'NNMT', 'NSF', 'PRKCG', 'ZNF160', 'CTHRC1', 'ANXA5', 'PRKCB1', 'KCNK6', 'LOC146795', 'LMO7', 'KNS2', 'LRBA', 'MSN', 'MYC', 'LILRA1', 'SERPINA3', 'IGF2BP3', 'LAMB1', 'CSPG2', 'PRRX1', 'R52960', 'KLRC1', 'NLK', 'PLAU', 'H91845', 'MTHFD2', 'TIMP1', 'IFI30', 'FAM46A', 'CCDC3', 'COL3A1', 'H10054', 'CEAL1', 'APCS', 'KCNJ1', 'SLC35A2', 'LGALS3', 'IGHG1', 'LYN', 'SVIL', 'AI263051', 'RAB30', 'CALM1', 'CYBA', 'T62491', 'APOC1', 'ZNF233', 'AA975768', 'RBP4', 'ATP6V1C1', 'TNC', 'PARP14', 'LAMA4', 'MST150', 'AA281932', 'LUM', 'SCN2B', 'STC1', 'CCR1', 'FBXO32', 'CLTB', 'MGC42367', 'GBP2', 'C8orf4', 'AA181288', 'PPP3CA', 'SETD5', 'PLP2', 'UBE4B', 'DLL3', 'MVP', 'NCF1', 'CLSTN3', 'AKR1C1', 'F13A1', 'LY96', 'MRC2', 'VASP', 'GYPC', 'STEAP3', 'CLCA3', 'GBP1', 'FAM84B', 'VEGF', 'DPYD', 'H20822', 'ID3', 'PLTP', 'NUAK1', 'PTPRZ1', 'CD44', 'DIP2C', 'LAPTM5', 'FREQ', 'TNFAIP3', 'MB', 'TSPAN4', 'SNRPN', 'PLAUR', 'L1CAM', 'CACNB3', 'GOT1', 'ESM1', 'ITPKA', 'HLA.A', 'YWHAH', 'RND3', 'AA598555', 'AI871056', 'LOC283130', 'DKFZp313A2432', 'H78560', 'SERPINH1', 'SRPX', 'DMN', 'HLA.DRB1', 'SERPINI1', 'NR4A1', 'RTN3', 'SOX4', 'PLA2G2A', 'AA906888', 'BCAM', 'FCGRT', 'DSCR1L1', 'CAV1', 'PDE2A', 'AI357047', 'KIAA0963', 'MICAL2', 'EXT1', 'CAMK2A', 'SUV39H1', 'SOCS3', 'AA131320', 'TSPAN6', 'CYR61', 'C4A', 'PNCK', 'ASPA', 'NY.SAR.48', 'WASF1', 'TSPYL1', 'ABCC3', 'APOC2', 'CA11', 'PYGL', 'LOC389831', 'KLRC2', 'PSG5', 'AP4B1', 'AA398420', 'LOC613212', 'AA490257', 'CASP1', 'LHFPL2', 'FBL', 'SERPING1', 'C1orf187', 'MDFI', 'A2BP1', 'ADARB2', 'AA669383', 'R61377', 'IGSF3', 'STMN1', 'MDK', 'W93688', 'IGFBP3', 'GABBR1', 'PYHIN1', 'CAPG', 'HSPG2', 'TMEM49', 'AKR1C2', 'DEF6', 'NMNAT2', 'IL32', 'CD47', 'ID4', 'MGC39606', 'WWTR1', 'KIAA1644', 'KIAA1543', 'COL1A1', 'DES', 'AI005038', 'TCTEX1D1', 'TFDP2', 'HCLS1', 'X37864', 'FGF13', 'TncRNA', 'H86813', 'FBXO2', 'NEFH', 'FABP3', 'IL21R', 'AI822135', 'X38595', 'VAMP2', 'MYBPC2', 'CDKN1A', 'IGFBP5', 'DDIT4', 'MGC26694', 'SORT1', 'PCDHGC3', 'RGS16']}]
INCOMING
{'PCs': 43, <COParams.SEND_PROJ: ('Send projections', False)>: False, 'Row names': ['COL6A2', 'HBXIP', 'SCAMP5', 'C1R', 'FCGR2B', 'H24428', 'COX6A2', 'MGP', 'PDE4DIP', 'PRSS3', 'NPC2', 'KLRC3', 'PRSS1', 'FLJ35740', 'HLA.F', 'GADD45B', 'RBP7', 'RPS3A', 'MGC18216', 'CKMT1A', 'AA598631', 'ZFHX1B', 'TNFRSF12A', 'SYT7', 'R70506', 'DCLRE1B', 'DNASE1L1', 'NOTCH1', 'ACAD8', 'MYCBP2', 'H41096', 'TGFBI', 'PLOD2', 'AI002301', 'COL9A2', 'PSG1', 'EFHB', 'CDC20B', 'TOMM40', 'PDLIM7', 'PDPN', 'EID.3', 'AA401952', 'C1orf63', 'LOC57228', 'MMP2', 'LOC541471', 'MSTP9', 'CDKN2D', 'COX7A1', 'SPAG6', 'C9orf48', 'SLC15A2', 'EPHB1', 'COL1A2', 'STK17A', 'ZNF419B', 'SNCG', 'TAP1', 'KCNQ2', 'C6orf12', 'VSNL1', 'ADAM19', 'RALY', 'MST1', 'TTC23', 'TCF7L1', 'PHLDA1', 'TXNDC', 'IGF1R', 'SBP1', 'SAA2', 'AA424849', 'HPCA', 'PPP1R14A', 'DDEF1', 'AI335002', 'RAB11FIP4', 'HNRNPG.T', 'D21S2089E', 'EDG1', 'C16orf5', 'PPP3CB', 'ANXA1', 'EPB49', 'HAMP', 'NPTX1', 'STXBP1', 'HPRT1', 'EMP3', 'FAS', 'HK2', 'EDNRB', 'DYNLT1', 'TLL2', 'URP2', 'PRG1', 'TMEM146', 'FZD7', 'COL4A2', 'BCL2A1', 'DDN', 'SPARC', 'CACNB2', 'BNIP2', 'CD58', 'SLC16A3', 'ZNF549', 'NPL', 'TBC1D7', 'OSR1', 'ABCA5', 'PSD3', 'GAS1', 'ARPP.19', 'ZNF329', 'RFXAP', 'PYCR1', 'PCP4', 'ADM', 'PDXP', 'N98591', 'BLVRB', 'CLIC1', 'CAMKK2', 'H08563', 'NDST1', 'LOC400451', 'INPP5F', 'UBA52', 'FN1', 'MED11', 'SPINT2', 'FBXW7', 'IMAGE.33267', 'FBXL16', 'PALLD', 'NDUFB11', 'HMOX1', 'MAPKBP1', 'FLJ38984', 'OSBPL1A', 'AA479357', 'T51726', 'LSP1', 'HLA.G', 'LOC388610', 'IQSEC1', 'ITGA3', 'NLGN1', 'EDG3', 'RAB27B', 'SYNGR3', 'ZNF226', 'NCF2', 'PARD3', 'R70684', 'PRKCZ', 'USP3', 'TIMP3', 'CBX6', 'AEBP1', 'T97457', 'GPNMB', 'HBA1', 'S100A11', 'IL1RAP', 'POSTN', 'GPSM2', 'CHI3L2', 'MASP1', 'S100A10', 'CA12', 'CCL2', 'CD53', 'RUNX1', 'YWHAG', 'SP100', 'MAL2', 'MOAP1', 'AA489629', 'ADCY1', 'CBLN2', 'ADFP', 'DECR2', 'LTF', 'ITGA9', 'AI262682', 'ZNF217', 'PRKAR1B', 'BGN', 'S100A1', 'AA029415', 'GYPA', 'EGLN2', 'KCNMA1', 'RAB20', 'L3MBTL4', 'WDR7', 'ANK3', 'FAM84A', 'CHN1', 'UGCG', 'USP6NL', 'DUS3L', 'RPS19BP1', 'CAP2', 'AI350724', 'HEY1', 'PEG3', 'LOC283070', 'AIF1', 'ITGA5', 'NNMT', 'NSF', 'PRKCG', 'ZNF160', 'CTHRC1', 'ANXA5', 'PRKCB1', 'KCNK6', 'LOC146795', 'LMO7', 'KNS2', 'LRBA', 'MSN', 'MYC', 'LILRA1', 'SERPINA3', 'IGF2BP3', 'LAMB1', 'CSPG2', 'PRRX1', 'R52960', 'KLRC1', 'NLK', 'PLAU', 'H91845', 'MTHFD2', 'TIMP1', 'IFI30', 'FAM46A', 'CCDC3', 'COL3A1', 'H10054', 'CEAL1', 'APCS', 'KCNJ1', 'SLC35A2', 'LGALS3', 'IGHG1', 'LYN', 'SVIL', 'AI263051', 'RAB30', 'CALM1', 'CYBA', 'T62491', 'APOC1', 'ZNF233', 'AA975768', 'RBP4', 'ATP6V1C1', 'TNC', 'PARP14', 'LAMA4', 'MST150', 'AA281932', 'LUM', 'SCN2B', 'STC1', 'CCR1', 'FBXO32', 'CLTB', 'MGC42367', 'GBP2', 'C8orf4', 'AA181288', 'PPP3CA', 'SETD5', 'PLP2', 'UBE4B', 'DLL3', 'MVP', 'NCF1', 'CLSTN3', 'AKR1C1', 'F13A1', 'LY96', 'MRC2', 'VASP', 'GYPC', 'STEAP3', 'CLCA3', 'GBP1', 'FAM84B', 'VEGF', 'DPYD', 'H20822', 'ID3', 'PLTP', 'NUAK1', 'PTPRZ1', 'CD44', 'DIP2C', 'LAPTM5', 'FREQ', 'TNFAIP3', 'MB', 'TSPAN4', 'SNRPN', 'PLAUR', 'L1CAM', 'CACNB3', 'GOT1', 'ESM1', 'ITPKA', 'HLA.A', 'YWHAH', 'RND3', 'AA598555', 'AI871056', 'LOC283130', 'DKFZp313A2432', 'H78560', 'SERPINH1', 'SRPX', 'DMN', 'HLA.DRB1', 'SERPINI1', 'NR4A1', 'RTN3', 'SOX4', 'PLA2G2A', 'AA906888', 'BCAM', 'FCGRT', 'DSCR1L1', 'CAV1', 'PDE2A', 'AI357047', 'KIAA0963', 'MICAL2', 'EXT1', 'CAMK2A', 'SUV39H1', 'SOCS3', 'AA131320', 'TSPAN6', 'CYR61', 'C4A', 'PNCK', 'ASPA', 'NY.SAR.48', 'WASF1', 'TSPYL1', 'ABCC3', 'APOC2', 'CA11', 'PYGL', 'LOC389831', 'KLRC2', 'PSG5', 'AP4B1', 'AA398420', 'LOC613212', 'AA490257', 'CASP1', 'LHFPL2', 'FBL', 'SERPING1', 'C1orf187', 'MDFI', 'A2BP1', 'ADARB2', 'AA669383', 'R61377', 'IGSF3', 'STMN1', 'MDK', 'W93688', 'IGFBP3', 'GABBR1', 'PYHIN1', 'CAPG', 'HSPG2', 'TMEM49', 'AKR1C2', 'DEF6', 'NMNAT2', 'IL32', 'CD47', 'ID4', 'MGC39606', 'WWTR1', 'KIAA1644', 'KIAA1543', 'COL1A1', 'DES', 'AI005038', 'TCTEX1D1', 'TFDP2', 'HCLS1', 'X37864', 'FGF13', 'TncRNA', 'H86813', 'FBXO2', 'NEFH', 'FABP3', 'IL21R', 'AI822135', 'X38595', 'VAMP2', 'MYBPC2', 'CDKN1A', 'IGFBP5', 'DDIT4', 'MGC26694', 'SORT1', 'PCDHGC3', 'RGS16']}
K
[43, 43]
incoming[COParams.PCS.n]
43
INCOMING
{'PCs': 43, <COParams.SEND_PROJ: ('Send projections', False)>: False, 'Row names': ['COL6A2', 'HBXIP', 'SCAMP5', 'C1R', 'FCGR2B', 'H24428', 'COX6A2', 'MGP', 'PDE4DIP', 'PRSS3', 'NPC2', 'KLRC3', 'PRSS1', 'FLJ35740', 'HLA.F', 'GADD45B', 'RBP7', 'RPS3A', 'MGC18216', 'CKMT1A', 'AA598631', 'ZFHX1B', 'TNFRSF12A', 'SYT7', 'R70506', 'DCLRE1B', 'DNASE1L1', 'NOTCH1', 'ACAD8', 'MYCBP2', 'H41096', 'TGFBI', 'PLOD2', 'AI002301', 'COL9A2', 'PSG1', 'EFHB', 'CDC20B', 'TOMM40', 'PDLIM7', 'PDPN', 'EID.3', 'AA401952', 'C1orf63', 'LOC57228', 'MMP2', 'LOC541471', 'MSTP9', 'CDKN2D', 'COX7A1', 'SPAG6', 'C9orf48', 'SLC15A2', 'EPHB1', 'COL1A2', 'STK17A', 'ZNF419B', 'SNCG', 'TAP1', 'KCNQ2', 'C6orf12', 'VSNL1', 'ADAM19', 'RALY', 'MST1', 'TTC23', 'TCF7L1', 'PHLDA1', 'TXNDC', 'IGF1R', 'SBP1', 'SAA2', 'AA424849', 'HPCA', 'PPP1R14A', 'DDEF1', 'AI335002', 'RAB11FIP4', 'HNRNPG.T', 'D21S2089E', 'EDG1', 'C16orf5', 'PPP3CB', 'ANXA1', 'EPB49', 'HAMP', 'NPTX1', 'STXBP1', 'HPRT1', 'EMP3', 'FAS', 'HK2', 'EDNRB', 'DYNLT1', 'TLL2', 'URP2', 'PRG1', 'TMEM146', 'FZD7', 'COL4A2', 'BCL2A1', 'DDN', 'SPARC', 'CACNB2', 'BNIP2', 'CD58', 'SLC16A3', 'ZNF549', 'NPL', 'TBC1D7', 'OSR1', 'ABCA5', 'PSD3', 'GAS1', 'ARPP.19', 'ZNF329', 'RFXAP', 'PYCR1', 'PCP4', 'ADM', 'PDXP', 'N98591', 'BLVRB', 'CLIC1', 'CAMKK2', 'H08563', 'NDST1', 'LOC400451', 'INPP5F', 'UBA52', 'FN1', 'MED11', 'SPINT2', 'FBXW7', 'IMAGE.33267', 'FBXL16', 'PALLD', 'NDUFB11', 'HMOX1', 'MAPKBP1', 'FLJ38984', 'OSBPL1A', 'AA479357', 'T51726', 'LSP1', 'HLA.G', 'LOC388610', 'IQSEC1', 'ITGA3', 'NLGN1', 'EDG3', 'RAB27B', 'SYNGR3', 'ZNF226', 'NCF2', 'PARD3', 'R70684', 'PRKCZ', 'USP3', 'TIMP3', 'CBX6', 'AEBP1', 'T97457', 'GPNMB', 'HBA1', 'S100A11', 'IL1RAP', 'POSTN', 'GPSM2', 'CHI3L2', 'MASP1', 'S100A10', 'CA12', 'CCL2', 'CD53', 'RUNX1', 'YWHAG', 'SP100', 'MAL2', 'MOAP1', 'AA489629', 'ADCY1', 'CBLN2', 'ADFP', 'DECR2', 'LTF', 'ITGA9', 'AI262682', 'ZNF217', 'PRKAR1B', 'BGN', 'S100A1', 'AA029415', 'GYPA', 'EGLN2', 'KCNMA1', 'RAB20', 'L3MBTL4', 'WDR7', 'ANK3', 'FAM84A', 'CHN1', 'UGCG', 'USP6NL', 'DUS3L', 'RPS19BP1', 'CAP2', 'AI350724', 'HEY1', 'PEG3', 'LOC283070', 'AIF1', 'ITGA5', 'NNMT', 'NSF', 'PRKCG', 'ZNF160', 'CTHRC1', 'ANXA5', 'PRKCB1', 'KCNK6', 'LOC146795', 'LMO7', 'KNS2', 'LRBA', 'MSN', 'MYC', 'LILRA1', 'SERPINA3', 'IGF2BP3', 'LAMB1', 'CSPG2', 'PRRX1', 'R52960', 'KLRC1', 'NLK', 'PLAU', 'H91845', 'MTHFD2', 'TIMP1', 'IFI30', 'FAM46A', 'CCDC3', 'COL3A1', 'H10054', 'CEAL1', 'APCS', 'KCNJ1', 'SLC35A2', 'LGALS3', 'IGHG1', 'LYN', 'SVIL', 'AI263051', 'RAB30', 'CALM1', 'CYBA', 'T62491', 'APOC1', 'ZNF233', 'AA975768', 'RBP4', 'ATP6V1C1', 'TNC', 'PARP14', 'LAMA4', 'MST150', 'AA281932', 'LUM', 'SCN2B', 'STC1', 'CCR1', 'FBXO32', 'CLTB', 'MGC42367', 'GBP2', 'C8orf4', 'AA181288', 'PPP3CA', 'SETD5', 'PLP2', 'UBE4B', 'DLL3', 'MVP', 'NCF1', 'CLSTN3', 'AKR1C1', 'F13A1', 'LY96', 'MRC2', 'VASP', 'GYPC', 'STEAP3', 'CLCA3', 'GBP1', 'FAM84B', 'VEGF', 'DPYD', 'H20822', 'ID3', 'PLTP', 'NUAK1', 'PTPRZ1', 'CD44', 'DIP2C', 'LAPTM5', 'FREQ', 'TNFAIP3', 'MB', 'TSPAN4', 'SNRPN', 'PLAUR', 'L1CAM', 'CACNB3', 'GOT1', 'ESM1', 'ITPKA', 'HLA.A', 'YWHAH', 'RND3', 'AA598555', 'AI871056', 'LOC283130', 'DKFZp313A2432', 'H78560', 'SERPINH1', 'SRPX', 'DMN', 'HLA.DRB1', 'SERPINI1', 'NR4A1', 'RTN3', 'SOX4', 'PLA2G2A', 'AA906888', 'BCAM', 'FCGRT', 'DSCR1L1', 'CAV1', 'PDE2A', 'AI357047', 'KIAA0963', 'MICAL2', 'EXT1', 'CAMK2A', 'SUV39H1', 'SOCS3', 'AA131320', 'TSPAN6', 'CYR61', 'C4A', 'PNCK', 'ASPA', 'NY.SAR.48', 'WASF1', 'TSPYL1', 'ABCC3', 'APOC2', 'CA11', 'PYGL', 'LOC389831', 'KLRC2', 'PSG5', 'AP4B1', 'AA398420', 'LOC613212', 'AA490257', 'CASP1', 'LHFPL2', 'FBL', 'SERPING1', 'C1orf187', 'MDFI', 'A2BP1', 'ADARB2', 'AA669383', 'R61377', 'IGSF3', 'STMN1', 'MDK', 'W93688', 'IGFBP3', 'GABBR1', 'PYHIN1', 'CAPG', 'HSPG2', 'TMEM49', 'AKR1C2', 'DEF6', 'NMNAT2', 'IL32', 'CD47', 'ID4', 'MGC39606', 'WWTR1', 'KIAA1644', 'KIAA1543', 'COL1A1', 'DES', 'AI005038', 'TCTEX1D1', 'TFDP2', 'HCLS1', 'X37864', 'FGF13', 'TncRNA', 'H86813', 'FBXO2', 'NEFH', 'FABP3', 'IL21R', 'AI822135', 'X38595', 'VAMP2', 'MYBPC2', 'CDKN1A', 'IGFBP5', 'DDIT4', 'MGC26694', 'SORT1', 'PCDHGC3', 'RGS16']}
K
[43, 43]
incoming[COParams.PCS.n]
43
['COL6A2', 'HBXIP', 'SCAMP5', 'C1R', 'FCGR2B', 'H24428', 'COX6A2', 'MGP', 'PDE4DIP', 'PRSS3', 'NPC2', 'KLRC3', 'PRSS1', 'FLJ35740', 'HLA.F', 'GADD45B', 'RBP7', 'RPS3A', 'MGC18216', 'CKMT1A', 'AA598631', 'ZFHX1B', 'TNFRSF12A', 'SYT7', 'R70506', 'DCLRE1B', 'DNASE1L1', 'NOTCH1', 'ACAD8', 'MYCBP2', 'H41096', 'TGFBI', 'PLOD2', 'AI002301', 'COL9A2', 'PSG1', 'EFHB', 'CDC20B', 'TOMM40', 'PDLIM7', 'PDPN', 'EID.3', 'AA401952', 'C1orf63', 'LOC57228', 'MMP2', 'LOC541471', 'MSTP9', 'CDKN2D', 'COX7A1', 'SPAG6', 'C9orf48', 'SLC15A2', 'EPHB1', 'COL1A2', 'STK17A', 'ZNF419B', 'SNCG', 'TAP1', 'KCNQ2', 'C6orf12', 'VSNL1', 'ADAM19', 'RALY', 'MST1', 'TTC23', 'TCF7L1', 'PHLDA1', 'TXNDC', 'IGF1R', 'SBP1', 'SAA2', 'AA424849', 'HPCA', 'PPP1R14A', 'DDEF1', 'AI335002', 'RAB11FIP4', 'HNRNPG.T', 'D21S2089E', 'EDG1', 'C16orf5', 'PPP3CB', 'ANXA1', 'EPB49', 'HAMP', 'NPTX1', 'STXBP1', 'HPRT1', 'EMP3', 'FAS', 'HK2', 'EDNRB', 'DYNLT1', 'TLL2', 'URP2', 'PRG1', 'TMEM146', 'FZD7', 'COL4A2', 'BCL2A1', 'DDN', 'SPARC', 'CACNB2', 'BNIP2', 'CD58', 'SLC16A3', 'ZNF549', 'NPL', 'TBC1D7', 'OSR1', 'ABCA5', 'PSD3', 'GAS1', 'ARPP.19', 'ZNF329', 'RFXAP', 'PYCR1', 'PCP4', 'ADM', 'PDXP', 'N98591', 'BLVRB', 'CLIC1', 'CAMKK2', 'H08563', 'NDST1', 'LOC400451', 'INPP5F', 'UBA52', 'FN1', 'MED11', 'SPINT2', 'FBXW7', 'IMAGE.33267', 'FBXL16', 'PALLD', 'NDUFB11', 'HMOX1', 'MAPKBP1', 'FLJ38984', 'OSBPL1A', 'AA479357', 'T51726', 'LSP1', 'HLA.G', 'LOC388610', 'IQSEC1', 'ITGA3', 'NLGN1', 'EDG3', 'RAB27B', 'SYNGR3', 'ZNF226', 'NCF2', 'PARD3', 'R70684', 'PRKCZ', 'USP3', 'TIMP3', 'CBX6', 'AEBP1', 'T97457', 'GPNMB', 'HBA1', 'S100A11', 'IL1RAP', 'POSTN', 'GPSM2', 'CHI3L2', 'MASP1', 'S100A10', 'CA12', 'CCL2', 'CD53', 'RUNX1', 'YWHAG', 'SP100', 'MAL2', 'MOAP1', 'AA489629', 'ADCY1', 'CBLN2', 'ADFP', 'DECR2', 'LTF', 'ITGA9', 'AI262682', 'ZNF217', 'PRKAR1B', 'BGN', 'S100A1', 'AA029415', 'GYPA', 'EGLN2', 'KCNMA1', 'RAB20', 'L3MBTL4', 'WDR7', 'ANK3', 'FAM84A', 'CHN1', 'UGCG', 'USP6NL', 'DUS3L', 'RPS19BP1', 'CAP2', 'AI350724', 'HEY1', 'PEG3', 'LOC283070', 'AIF1', 'ITGA5', 'NNMT', 'NSF', 'PRKCG', 'ZNF160', 'CTHRC1', 'ANXA5', 'PRKCB1', 'KCNK6', 'LOC146795', 'LMO7', 'KNS2', 'LRBA', 'MSN', 'MYC', 'LILRA1', 'SERPINA3', 'IGF2BP3', 'LAMB1', 'CSPG2', 'PRRX1', 'R52960', 'KLRC1', 'NLK', 'PLAU', 'H91845', 'MTHFD2', 'TIMP1', 'IFI30', 'FAM46A', 'CCDC3', 'COL3A1', 'H10054', 'CEAL1', 'APCS', 'KCNJ1', 'SLC35A2', 'LGALS3', 'IGHG1', 'LYN', 'SVIL', 'AI263051', 'RAB30', 'CALM1', 'CYBA', 'T62491', 'APOC1', 'ZNF233', 'AA975768', 'RBP4', 'ATP6V1C1', 'TNC', 'PARP14', 'LAMA4', 'MST150', 'AA281932', 'LUM', 'SCN2B', 'STC1', 'CCR1', 'FBXO32', 'CLTB', 'MGC42367', 'GBP2', 'C8orf4', 'AA181288', 'PPP3CA', 'SETD5', 'PLP2', 'UBE4B', 'DLL3', 'MVP', 'NCF1', 'CLSTN3', 'AKR1C1', 'F13A1', 'LY96', 'MRC2', 'VASP', 'GYPC', 'STEAP3', 'CLCA3', 'GBP1', 'FAM84B', 'VEGF', 'DPYD', 'H20822', 'ID3', 'PLTP', 'NUAK1', 'PTPRZ1', 'CD44', 'DIP2C', 'LAPTM5', 'FREQ', 'TNFAIP3', 'MB', 'TSPAN4', 'SNRPN', 'PLAUR', 'L1CAM', 'CACNB3', 'GOT1', 'ESM1', 'ITPKA', 'HLA.A', 'YWHAH', 'RND3', 'AA598555', 'AI871056', 'LOC283130', 'DKFZp313A2432', 'H78560', 'SERPINH1', 'SRPX', 'DMN', 'HLA.DRB1', 'SERPINI1', 'NR4A1', 'RTN3', 'SOX4', 'PLA2G2A', 'AA906888', 'BCAM', 'FCGRT', 'DSCR1L1', 'CAV1', 'PDE2A', 'AI357047', 'KIAA0963', 'MICAL2', 'EXT1', 'CAMK2A', 'SUV39H1', 'SOCS3', 'AA131320', 'TSPAN6', 'CYR61', 'C4A', 'PNCK', 'ASPA', 'NY.SAR.48', 'WASF1', 'TSPYL1', 'ABCC3', 'APOC2', 'CA11', 'PYGL', 'LOC389831', 'KLRC2', 'PSG5', 'AP4B1', 'AA398420', 'LOC613212', 'AA490257', 'CASP1', 'LHFPL2', 'FBL', 'SERPING1', 'C1orf187', 'MDFI', 'A2BP1', 'ADARB2', 'AA669383', 'R61377', 'IGSF3', 'STMN1', 'MDK', 'W93688', 'IGFBP3', 'GABBR1', 'PYHIN1', 'CAPG', 'HSPG2', 'TMEM49', 'AKR1C2', 'DEF6', 'NMNAT2', 'IL32', 'CD47', 'ID4', 'MGC39606', 'WWTR1', 'KIAA1644', 'KIAA1543', 'COL1A1', 'DES', 'AI005038', 'TCTEX1D1', 'TFDP2', 'HCLS1', 'X37864', 'FGF13', 'TncRNA', 'H86813', 'FBXO2', 'NEFH', 'FABP3', 'IL21R', 'AI822135', 'X38595', 'VAMP2', 'MYBPC2', 'CDKN1A', 'IGFBP5', 'DDIT4', 'MGC26694', 'SORT1', 'PCDHGC3', 'RGS16']
INDEX
[159, 23, 182, 189, 240, 279, 59, 423, 323, 317, 364, 116, 368, 201, 366, 412, 63, 183, 35, 278, 377, 400, 71, 405, 177, 28, 308, 237, 13, 73, 383, 358, 268, 350, 197, 66, 262, 265, 360, 253, 86, 20, 386, 14, 137, 324, 79, 230, 269, 18, 6, 109, 421, 191, 158, 415, 31, 218, 357, 277, 335, 313, 375, 97, 134, 62, 132, 260, 396, 52, 39, 369, 391, 384, 420, 32, 215, 282, 43, 42, 25, 155, 78, 179, 393, 304, 422, 206, 288, 74, 306, 291, 111, 387, 53, 285, 418, 55, 411, 122, 343, 336, 403, 16, 410, 133, 142, 29, 119, 129, 41, 131, 106, 388, 120, 38, 164, 220, 379, 144, 168, 419, 65, 99, 295, 69, 402, 156, 322, 93, 202, 406, 314, 376, 84, 188, 397, 61, 175, 170, 242, 294, 231, 371, 211, 329, 203, 362, 373, 154, 321, 151, 372, 24, 316, 5, 398, 200, 256, 123, 150, 157, 92, 309, 310, 90, 328, 267, 50, 87, 88, 325, 110, 274, 283, 107, 213, 208, 333, 169, 180, 303, 337, 227, 135, 232, 331, 194, 233, 212, 70, 341, 199, 11, 48, 228, 389, 222, 126, 349, 382, 374, 346, 15, 21, 162, 319, 367, 160, 139, 27, 365, 77, 128, 281, 416, 45, 385, 192, 339, 56, 195, 226, 245, 46, 68, 264, 47, 198, 250, 320, 148, 327, 342, 118, 348, 184, 298, 176, 82, 104, 275, 8, 152, 401, 19, 287, 34, 299, 113, 381, 395, 2, 359, 239, 251, 355, 311, 51, 58, 236, 292, 105, 165, 407, 289, 138, 101, 378, 404, 167, 332, 37, 214, 40, 338, 315, 249, 112, 91, 89, 60, 94, 273, 351, 271, 7, 340, 248, 130, 12, 263, 114, 17, 246, 96, 100, 223, 224, 356, 318, 307, 302, 305, 1, 326, 345, 266, 238, 330, 244, 124, 296, 172, 261, 390, 290, 217, 344, 174, 354, 204, 414, 166, 80, 143, 380, 33, 417, 347, 392, 75, 196, 276, 193, 49, 300, 334, 399, 121, 207, 280, 408, 0, 286, 163, 85, 136, 258, 370, 241, 125, 81, 353, 149, 95, 221, 178, 352, 243, 235, 117, 36, 44, 83, 98, 234, 252, 108, 413, 173, 361, 394, 216, 4, 270, 185, 64, 187, 272, 255, 115, 146, 297, 72, 161, 140, 9, 254, 145, 247, 103, 171, 3, 190, 153, 22, 102, 363, 301, 10, 57, 209, 127, 205, 409, 181, 312, 186, 141, 284, 225, 257, 147, 67, 259, 219, 293, 210, 26, 229, 76]
['COL6A2', 'HBXIP', 'SCAMP5', 'C1R', 'FCGR2B', 'H24428', 'COX6A2', 'MGP', 'PDE4DIP', 'PRSS3', 'NPC2', 'KLRC3', 'PRSS1', 'FLJ35740', 'HLA.F', 'GADD45B', 'RBP7', 'RPS3A', 'MGC18216', 'CKMT1A', 'AA598631', 'ZFHX1B', 'TNFRSF12A', 'SYT7', 'R70506', 'DCLRE1B', 'DNASE1L1', 'NOTCH1', 'ACAD8', 'MYCBP2', 'H41096', 'TGFBI', 'PLOD2', 'AI002301', 'COL9A2', 'PSG1', 'EFHB', 'CDC20B', 'TOMM40', 'PDLIM7', 'PDPN', 'EID.3', 'AA401952', 'C1orf63', 'LOC57228', 'MMP2', 'LOC541471', 'MSTP9', 'CDKN2D', 'COX7A1', 'SPAG6', 'C9orf48', 'SLC15A2', 'EPHB1', 'COL1A2', 'STK17A', 'ZNF419B', 'SNCG', 'TAP1', 'KCNQ2', 'C6orf12', 'VSNL1', 'ADAM19', 'RALY', 'MST1', 'TTC23', 'TCF7L1', 'PHLDA1', 'TXNDC', 'IGF1R', 'SBP1', 'SAA2', 'AA424849', 'HPCA', 'PPP1R14A', 'DDEF1', 'AI335002', 'RAB11FIP4', 'HNRNPG.T', 'D21S2089E', 'EDG1', 'C16orf5', 'PPP3CB', 'ANXA1', 'EPB49', 'HAMP', 'NPTX1', 'STXBP1', 'HPRT1', 'EMP3', 'FAS', 'HK2', 'EDNRB', 'DYNLT1', 'TLL2', 'URP2', 'PRG1', 'TMEM146', 'FZD7', 'COL4A2', 'BCL2A1', 'DDN', 'SPARC', 'CACNB2', 'BNIP2', 'CD58', 'SLC16A3', 'ZNF549', 'NPL', 'TBC1D7', 'OSR1', 'ABCA5', 'PSD3', 'GAS1', 'ARPP.19', 'ZNF329', 'RFXAP', 'PYCR1', 'PCP4', 'ADM', 'PDXP', 'N98591', 'BLVRB', 'CLIC1', 'CAMKK2', 'H08563', 'NDST1', 'LOC400451', 'INPP5F', 'UBA52', 'FN1', 'MED11', 'SPINT2', 'FBXW7', 'IMAGE.33267', 'FBXL16', 'PALLD', 'NDUFB11', 'HMOX1', 'MAPKBP1', 'FLJ38984', 'OSBPL1A', 'AA479357', 'T51726', 'LSP1', 'HLA.G', 'LOC388610', 'IQSEC1', 'ITGA3', 'NLGN1', 'EDG3', 'RAB27B', 'SYNGR3', 'ZNF226', 'NCF2', 'PARD3', 'R70684', 'PRKCZ', 'USP3', 'TIMP3', 'CBX6', 'AEBP1', 'T97457', 'GPNMB', 'HBA1', 'S100A11', 'IL1RAP', 'POSTN', 'GPSM2', 'CHI3L2', 'MASP1', 'S100A10', 'CA12', 'CCL2', 'CD53', 'RUNX1', 'YWHAG', 'SP100', 'MAL2', 'MOAP1', 'AA489629', 'ADCY1', 'CBLN2', 'ADFP', 'DECR2', 'LTF', 'ITGA9', 'AI262682', 'ZNF217', 'PRKAR1B', 'BGN', 'S100A1', 'AA029415', 'GYPA', 'EGLN2', 'KCNMA1', 'RAB20', 'L3MBTL4', 'WDR7', 'ANK3', 'FAM84A', 'CHN1', 'UGCG', 'USP6NL', 'DUS3L', 'RPS19BP1', 'CAP2', 'AI350724', 'HEY1', 'PEG3', 'LOC283070', 'AIF1', 'ITGA5', 'NNMT', 'NSF', 'PRKCG', 'ZNF160', 'CTHRC1', 'ANXA5', 'PRKCB1', 'KCNK6', 'LOC146795', 'LMO7', 'KNS2', 'LRBA', 'MSN', 'MYC', 'LILRA1', 'SERPINA3', 'IGF2BP3', 'LAMB1', 'CSPG2', 'PRRX1', 'R52960', 'KLRC1', 'NLK', 'PLAU', 'H91845', 'MTHFD2', 'TIMP1', 'IFI30', 'FAM46A', 'CCDC3', 'COL3A1', 'H10054', 'CEAL1', 'APCS', 'KCNJ1', 'SLC35A2', 'LGALS3', 'IGHG1', 'LYN', 'SVIL', 'AI263051', 'RAB30', 'CALM1', 'CYBA', 'T62491', 'APOC1', 'ZNF233', 'AA975768', 'RBP4', 'ATP6V1C1', 'TNC', 'PARP14', 'LAMA4', 'MST150', 'AA281932', 'LUM', 'SCN2B', 'STC1', 'CCR1', 'FBXO32', 'CLTB', 'MGC42367', 'GBP2', 'C8orf4', 'AA181288', 'PPP3CA', 'SETD5', 'PLP2', 'UBE4B', 'DLL3', 'MVP', 'NCF1', 'CLSTN3', 'AKR1C1', 'F13A1', 'LY96', 'MRC2', 'VASP', 'GYPC', 'STEAP3', 'CLCA3', 'GBP1', 'FAM84B', 'VEGF', 'DPYD', 'H20822', 'ID3', 'PLTP', 'NUAK1', 'PTPRZ1', 'CD44', 'DIP2C', 'LAPTM5', 'FREQ', 'TNFAIP3', 'MB', 'TSPAN4', 'SNRPN', 'PLAUR', 'L1CAM', 'CACNB3', 'GOT1', 'ESM1', 'ITPKA', 'HLA.A', 'YWHAH', 'RND3', 'AA598555', 'AI871056', 'LOC283130', 'DKFZp313A2432', 'H78560', 'SERPINH1', 'SRPX', 'DMN', 'HLA.DRB1', 'SERPINI1', 'NR4A1', 'RTN3', 'SOX4', 'PLA2G2A', 'AA906888', 'BCAM', 'FCGRT', 'DSCR1L1', 'CAV1', 'PDE2A', 'AI357047', 'KIAA0963', 'MICAL2', 'EXT1', 'CAMK2A', 'SUV39H1', 'SOCS3', 'AA131320', 'TSPAN6', 'CYR61', 'C4A', 'PNCK', 'ASPA', 'NY.SAR.48', 'WASF1', 'TSPYL1', 'ABCC3', 'APOC2', 'CA11', 'PYGL', 'LOC389831', 'KLRC2', 'PSG5', 'AP4B1', 'AA398420', 'LOC613212', 'AA490257', 'CASP1', 'LHFPL2', 'FBL', 'SERPING1', 'C1orf187', 'MDFI', 'A2BP1', 'ADARB2', 'AA669383', 'R61377', 'IGSF3', 'STMN1', 'MDK', 'W93688', 'IGFBP3', 'GABBR1', 'PYHIN1', 'CAPG', 'HSPG2', 'TMEM49', 'AKR1C2', 'DEF6', 'NMNAT2', 'IL32', 'CD47', 'ID4', 'MGC39606', 'WWTR1', 'KIAA1644', 'KIAA1543', 'COL1A1', 'DES', 'AI005038', 'TCTEX1D1', 'TFDP2', 'HCLS1', 'X37864', 'FGF13', 'TncRNA', 'H86813', 'FBXO2', 'NEFH', 'FABP3', 'IL21R', 'AI822135', 'X38595', 'VAMP2', 'MYBPC2', 'CDKN1A', 'IGFBP5', 'DDIT4', 'MGC26694', 'SORT1', 'PCDHGC3', 'RGS16']
INDEX
[159, 23, 182, 189, 240, 279, 59, 423, 323, 317, 364, 116, 368, 201, 366, 412, 63, 183, 35, 278, 377, 400, 71, 405, 177, 28, 308, 237, 13, 73, 383, 358, 268, 350, 197, 66, 262, 265, 360, 253, 86, 20, 386, 14, 137, 324, 79, 230, 269, 18, 6, 109, 421, 191, 158, 415, 31, 218, 357, 277, 335, 313, 375, 97, 134, 62, 132, 260, 396, 52, 39, 369, 391, 384, 420, 32, 215, 282, 43, 42, 25, 155, 78, 179, 393, 304, 422, 206, 288, 74, 306, 291, 111, 387, 53, 285, 418, 55, 411, 122, 343, 336, 403, 16, 410, 133, 142, 29, 119, 129, 41, 131, 106, 388, 120, 38, 164, 220, 379, 144, 168, 419, 65, 99, 295, 69, 402, 156, 322, 93, 202, 406, 314, 376, 84, 188, 397, 61, 175, 170, 242, 294, 231, 371, 211, 329, 203, 362, 373, 154, 321, 151, 372, 24, 316, 5, 398, 200, 256, 123, 150, 157, 92, 309, 310, 90, 328, 267, 50, 87, 88, 325, 110, 274, 283, 107, 213, 208, 333, 169, 180, 303, 337, 227, 135, 232, 331, 194, 233, 212, 70, 341, 199, 11, 48, 228, 389, 222, 126, 349, 382, 374, 346, 15, 21, 162, 319, 367, 160, 139, 27, 365, 77, 128, 281, 416, 45, 385, 192, 339, 56, 195, 226, 245, 46, 68, 264, 47, 198, 250, 320, 148, 327, 342, 118, 348, 184, 298, 176, 82, 104, 275, 8, 152, 401, 19, 287, 34, 299, 113, 381, 395, 2, 359, 239, 251, 355, 311, 51, 58, 236, 292, 105, 165, 407, 289, 138, 101, 378, 404, 167, 332, 37, 214, 40, 338, 315, 249, 112, 91, 89, 60, 94, 273, 351, 271, 7, 340, 248, 130, 12, 263, 114, 17, 246, 96, 100, 223, 224, 356, 318, 307, 302, 305, 1, 326, 345, 266, 238, 330, 244, 124, 296, 172, 261, 390, 290, 217, 344, 174, 354, 204, 414, 166, 80, 143, 380, 33, 417, 347, 392, 75, 196, 276, 193, 49, 300, 334, 399, 121, 207, 280, 408, 0, 286, 163, 85, 136, 258, 370, 241, 125, 81, 353, 149, 95, 221, 178, 352, 243, 235, 117, 36, 44, 83, 98, 234, 252, 108, 413, 173, 361, 394, 216, 4, 270, 185, 64, 187, 272, 255, 115, 146, 297, 72, 161, 140, 9, 254, 145, 247, 103, 171, 3, 190, 153, 22, 102, 363, 301, 10, 57, 209, 127, 205, 409, 181, 312, 186, 141, 284, 225, 257, 147, 67, 259, 219, 293, 210, 26, 229, 76]
[Time: 28.06.23 08:25:09] [Level: info] transition: compute_std
[Time: 28.06.23 08:25:10] [Level: info] state: compute_std
[CTRL] GET /data
[CTRL] POST /data
(422, 1)
(422, 1)
[Time: 28.06.23 08:25:12] [Level: info] transition: apply_scaling
[Time: 28.06.23 08:25:13] [Level: info] state: apply_scaling
[CTRL] GET /data
[CTRL] POST /data
TEST
[ 37  12   9 321 261 268 293 136 328 301 400 259 168 216 131 318 336 123
 201 141  42 245 300 377  58 392 393 419 194 362 151  80 193 347 232  15
 102 304 152  70  97 110 394 413  25  35  41 211  20 231  13  38  56 343
   4 154 121 235 401 153  17  96 335 109   2  78 255 198 160  62 289 220
 242 103 155  95 156 298  48 264  74 101 108 274 206 370 286  98  75  34
 308 294  26  84 275 373  69 252 145 116 368 107 119 180 217 262 150  50
  52 352 272 287   6 329 376 174 137  47 345 351 420  33 409  93 250  10
 173 104 246 120 305  71 306  63 374 366 256   8  90 169 243 195  24 337
 319  59 421 251  29 396 192 213 189 157 265 148 382 188 227 200 129 402
 182 208   3 258  60  92 179 389 161 327 358 350  30 364  19 385 176 164
 147 314 380  27 223 122 404 114 270 271  28 125  79  82 229 290 166 165
 214 126   5 204  89  32 247  83 233 399 361 171 225 186 279 196 133  16
  99 407 124  44 183 138 357 344 388 209 383 142 218 249 416 310 326 207
 197 239 378 332  85 276 283 248 185 224 414  76 149 172 341  87 387  77
 139 403 363 359 331 228 371 203 313 118 115 234 240 221 284 257  53 356
 320 222  51 238 277  94 163 267 297 325 260  65   7 170 199  72 322  49
 367 346  61 302  31 323 309  57 417 191 215 134  88 175 296 342 106   0
 230  55 285 330 375  81 202 299 241 395 384 381 282 128 333 273 386  40
 415  67 315 317 418 181 167 312 210   1 105 295 253 159 177  43  23 130
 111  18 190 406 266 143  68 100  54 135 291 263 348 219 288 237  11 339
 391  22  45 411 278 340 390 127 338  36 316 269 140  66 144 412 205 334
 117]
(array([  9,  12,  37, 261, 321]),)
/app/apps/svd/FC_Federated_MFA.py:205: RuntimeWarning: invalid value encountered in true_divide
  self.tabdatas[idx].scaled = self.tabdatas[idx].scaled/self.std[idx]
[261   9 321  12 268 293 328 300  42 216 168 336  35 343 393 131 302 245
  69 419  96 259 264 154 400 232   4   6  70 136  78  38 193 108 305 396
 272 255 392  25  28 194 327 401 377  41 347  13 200  26 317 211  20 370
 153 229 137  47  75 413  52 308 147 350 402  34 198  97 235 287 145 262
 155 283  80   2 304 382 121 201 102 403 368 286  60 351 110  79 139 126
 220  58 109 335 294   8 384  65  95 242 373 231 352  43 250 164 362  62
 358  68 246 421 140 114  37   5 256  27 176 394 223   1 354 318 409 141
 148 298  10 404 306 252 420 227 185  63 221 174 196 157 116 225 290 188
 191  71 138 103  81 301 331 248 251 363 183  33 311 142  53 277  87 122
  82 120 228 150 180 383 254 107 124 149 179  48  22  15 418  17 111 398
  93 192 364 367 315 240 159 104  83 151  56  90 357 160 130 285 165  24
 241 416 125 414 134 297 257 189 275 380 182 274 206 276 322 270  44 289
  72 214 166  55 205 239  74 391 204  84 346  30 177  89 389 291 316 258
 281 156 101 128  50  92 208 132 265 387   3 366 215 135 181 169 309 344
 375 376 173 129 197  40 175  98 219  77 360 314  21 118 224 329 213  18
 324  23  46   0 395 355 170 292 244 203 119 374 171 371 353  85 386 266
 184 190 415 313 260 307 112  59 269  19 388 253 146 186 310 397 161  99
 243 412 247 217 236 127 348  11 345 284 278 113 326  14 162 333 207 337
  49  36 100 323 123 320 143 133 163 296  91 312  39 417 288 233 210 299
  54  86  61  51 406   7 342 372 267 319 356  45 263 407  32 222 405  88
 359 303 385 249 152 365  29 378 340 330 334  57 325 218 105 369 279  76
 172]
(array([  9,  12, 261, 321]),)
[Time: 28.06.23 08:25:15] [Level: info] transition: mfa_prerequisites
[Time: 28.06.23 08:25:16] [Level: info] state: mfa_prerequisites
Calling prerequisites
[Time: 28.06.23 08:25:16] [Level: info] transition: seperate_pca
[Time: 28.06.23 08:25:17] [Level: info] state: seperate_pca
Init pca
[Time: 28.06.23 08:25:17] [Level: info] Traceback (most recent call last):
  File "/app/engine/app.py", line 169, in guarded_run
    self.run()
  File "/app/engine/app.py", line 184, in run
    transition = self.current_state.run()
  File "/app/apps/svd/app.py", line 201, in run
    self.store(key='data', value=self.load('mfa').get_omics_data(counter))
  File "/app/apps/svd/FC_Federated_MFA.py", line 77, in get_omics_data
    'total_sampels': self.total_sampels[idx]
IndexError: list index out of range

