2023-06-28 07:50:42,479 CRIT Supervisor is running as root.  Privileges were not dropped because no user is specified in the config file.  If you intend to run as root, you can set user=root in the config file to avoid this message.
2023-06-28 07:50:42,481 INFO supervisord started with pid 7
2023-06-28 07:50:43,483 INFO spawned: 'nginx' with pid 10
2023-06-28 07:50:43,484 INFO spawned: 'app' with pid 11
2023-06-28 07:50:44,507 INFO success: nginx entered RUNNING state, process has stayed up for > than 1 seconds (startsecs)
2023-06-28 07:50:44,508 INFO success: app entered RUNNING state, process has stayed up for > than 1 seconds (startsecs)
[CTRL] POST /setup
[Time: 28.06.23 07:50:46] [Level: info] id: fd38502dc682ac86
[Time: 28.06.23 07:50:46] [Level: info] coordinator: False
[Time: 28.06.23 07:50:46] [Level: info] clients: ['fd38502dc682ac86', 'e81f6f0a8e007bc1']
[Time: 28.06.23 07:50:46] [Level: info] state: initial
[CLIENT] Parsing parameter file...
[API] /setup parsing parameter file 
[API] /setup config file found ... parsing file: /mnt/input/config.yaml
YAML file does not follow specification: missing key: eigenvalues
Setting default: eigenvalues.tsv
YAML file does not follow specification: missing key: explained_variance
Setting default: eigenvalues.tsv
YAML file does not follow specification: missing key: output delimiter
Setting default: tab
[API] /setup config file found ... parsing done
[CLIENT] finished parsing parameter file.
[STARTUP] Instantiate SVD
[STARTUP] Copy configuration and create dir
[STARTUP] Configuration copied
Log Transform performed
[[ 6.74542027e-02  1.81002875e-01  1.61967477e-01 ...  5.41621673e-02
   2.44542698e-01 -2.60220260e-01]
 [-4.61545797e-01 -1.99712471e-03  2.53967477e-01 ...  8.65162167e-01
  -9.04573017e-02  1.22779740e-01]
 [ 1.17454203e-01  1.64002875e-01 -1.81032523e-01 ...  1.16216733e-03
   2.59542698e-01 -1.47220260e-01]
 ...
 [ 6.77109851e-01  5.27812409e-01  8.69196496e-01 ...  1.60968399e+00
   4.71524132e-01  6.26844003e-01]
 [-2.01389015e+00  7.88124088e-02  9.97196496e-01 ...  5.29683994e-01
   6.37524132e-01  1.15884400e+00]
 [-9.82890149e-01  4.64312409e-01  1.32619650e+00 ...  1.64683994e-01
   2.29524132e-01  5.23344003e-01]]
/app/apps/svd/FC_Federated_MFA.py:126: RuntimeWarning: invalid value encountered in log2
  tabdata.scaled = np.log2(tabdata.scaled+1)
[[ 9.41741748e-02  2.40012477e-01  2.16569689e-01 ...  7.60968214e-02
   3.15615728e-01 -4.34832304e-01]
 [-8.93104451e-01 -2.88412285e-03  3.26499931e-01 ...  8.99301072e-01
  -1.36786728e-01  1.67074937e-01]
 [ 1.60215706e-01  2.19094622e-01 -2.88121934e-01 ...  1.67567952e-03
   3.32900030e-01 -2.29754931e-01]
 ...
 [ 7.45977189e-01  6.11467414e-01  9.02418238e-01 ...  1.38387512e+00
   5.57311202e-01  7.02075918e-01]
 [            nan  1.09444021e-01  9.97976281e-01 ...  6.13233648e-01
   7.11516168e-01  1.11025900e+00]
 [-5.86902895e+00  5.50223383e-01  1.21797297e+00 ...  2.19938570e-01
   2.98100052e-01  6.07241769e-01]]
Log Transform performed
[[ 6.74542027e-02  1.81002875e-01  1.61967477e-01 ...  5.41621673e-02
   2.44542698e-01 -2.60220260e-01]
 [-4.61545797e-01 -1.99712471e-03  2.53967477e-01 ...  8.65162167e-01
  -9.04573017e-02  1.22779740e-01]
 [ 1.17454203e-01  1.64002875e-01 -1.81032523e-01 ...  1.16216733e-03
   2.59542698e-01 -1.47220260e-01]
 ...
 [ 6.77109851e-01  5.27812409e-01  8.69196496e-01 ...  1.60968399e+00
   4.71524132e-01  6.26844003e-01]
 [-2.01389015e+00  7.88124088e-02  9.97196496e-01 ...  5.29683994e-01
   6.37524132e-01  1.15884400e+00]
 [-9.82890149e-01  4.64312409e-01  1.32619650e+00 ...  1.64683994e-01
   2.29524132e-01  5.23344003e-01]]
/app/apps/svd/FC_Federated_MFA.py:126: RuntimeWarning: invalid value encountered in log2
  tabdata.scaled = np.log2(tabdata.scaled+1)
[[ 9.41741748e-02  2.40012477e-01  2.16569689e-01 ...  7.60968214e-02
   3.15615728e-01 -4.34832304e-01]
 [-8.93104451e-01 -2.88412285e-03  3.26499931e-01 ...  8.99301072e-01
  -1.36786728e-01  1.67074937e-01]
 [ 1.60215706e-01  2.19094622e-01 -2.88121934e-01 ...  1.67567952e-03
   3.32900030e-01 -2.29754931e-01]
 ...
 [ 7.45977189e-01  6.11467414e-01  9.02418238e-01 ...  1.38387512e+00
   5.57311202e-01  7.02075918e-01]
 [            nan  1.09444021e-01  9.97976281e-01 ...  6.13233648e-01
   7.11516168e-01  1.11025900e+00]
 [-5.86902895e+00  5.50223383e-01  1.21797297e+00 ...  2.19938570e-01
   2.98100052e-01  6.07241769e-01]]
[Time: 28.06.23 07:50:46] [Level: info] transition: wait_for_params
[Time: 28.06.23 07:50:47] [Level: info] state: wait_for_params
[CTRL] GET /data
[CTRL] POST /data
setting parameters
INCOMINGS
[{'PCs': 43, <COParams.SEND_PROJ: ('Send projections', False)>: False, 'Row names': ['AA281932', 'PDPN', 'TXNDC', 'MYBPC2', 'EDNRB', 'PPP1R14A', 'IL1RAP', 'SVIL', 'C4A', 'MST1', 'LOC541471', 'CBX6', 'AA490257', 'PNCK', 'PRKCG', 'LOC400451', 'MAPKBP1', 'DMN', 'GYPC', 'W93688', 'BNIP2', 'USP3', 'AI263051', 'HEY1', 'DDEF1', 'MASP1', 'ZNF226', 'CLIC1', 'LAMB1', 'AI822135', 'UGCG', 'CD44', 'CSPG2', 'BGN', 'PLP2', 'NR4A1', 'AI335002', 'MST150', 'COL1A2', 'KIAA1543', 'SPARC', 'AKR1C1', 'MGP', 'POSTN', 'T62491', 'NLK', 'SLC35A2', 'TAP1', 'EFHB', 'ZNF233', 'DCLRE1B', 'ITGA5', 'SYNGR3', 'AP4B1', 'KLRC2', 'CDC20B', 'YWHAH', 'PRG1', 'C1R', 'DUS3L', 'PLAUR', 'ZNF419B', 'H08563', 'CTHRC1', 'SETD5', 'NLGN1', 'CHN1', 'C9orf48', 'AA424849', 'LOC613212', 'DEF6', 'TCTEX1D1', 'FBXL16', 'AI871056', 'HK2', 'AA598555', 'PSD3', 'NUAK1', 'FLJ35740', 'CDKN2D', 'T51726', 'PRSS3', 'IGFBP3', 'DECR2', 'NPL', 'CD58', 'PSG5', 'MRC2', 'VAMP2', 'EMP3', 'IGFBP5', 'CDKN1A', 'DDIT4', 'GPNMB', 'LAPTM5', 'COL6A2', 'IGSF3', 'STC1', 'CAMK2A', 'HCLS1', 'ITGA3', 'MGC42367', 'YWHAG', 'PLA2G2A', 'CD47', 'RAB30', 'HNRNPG.T', 'PDE4DIP', 'AA398420', 'PCDHGC3', 'SERPING1', 'PRKAR1B', 'LMO7', 'CA12', 'BCAM', 'OSBPL1A', 'NPTX1', 'TBC1D7', 'LOC146795', 'HPCA', 'EPB49', 'USP6NL', 'APCS', 'GAS1', 'ITPKA', 'NCF1', 'NEFH', 'RND3', 'CCL2', 'MOAP1', 'N98591', 'ACAD8', 'UBA52', 'C1orf187', 'LYN', 'MDFI', 'CHI3L2', 'IMAGE.33267', 'SERPINH1', 'HLA.A', 'CEAL1', 'PYCR1', 'GBP1', 'FCGRT', 'LOC283070', 'AA181288', 'INPP5F', 'MB', 'S100A10', 'PTPRZ1', 'NMNAT2', 'NY.SAR.48', 'EDG3', 'ITGA9', 'NSF', 'ARPP.19', 'CCDC3', 'MYCBP2', 'TIMP3', 'URP2', 'LUM', 'CLCA3', 'DPYD', 'VEGF', 'HMOX1', 'SNCG', 'ABCC3', 'S100A11', 'R70684', 'LOC389831', 'TSPAN6', 'ID4', 'KLRC3', 'LGALS3', 'F13A1', 'KNS2', 'APOC1', 'NCF2', 'C8orf4', 'COL4A2', 'SLC16A3', 'X38595', 'LOC57228', 'SRPX', 'ANXA1', 'AA479357', 'RAB20', 'PDXP', 'HBA1', 'ADARB2', 'H78560', 'HLA.G', 'S100A1', 'TLL2', 'AA029415', 'MED11', 'H20822', 'ZNF549', 'TGFBI', 'DNASE1L1', 'IQSEC1', 'AA131320', 'IL32', 'MGC26694', 'NDUFB11', 'PRKCB1', 'MMP2', 'HLA.DRB1', 'LOC283130', 'CYR61', 'FN1', 'EXT1', 'SYT7', 'CBLN2', 'KCNQ2', 'NDST1', 'RALY', 'RBP7', 'KLRC1', 'LRBA', 'SERPINA3', 'RPS19BP1', 'LILRA1', 'TNC', 'SCAMP5', 'CAV1', 'AA598631', 'PCP4', 'FAM84A', 'ZFHX1B', 'NPC2', 'IGF2BP3', 'CACNB3', 'AA906888', 'CAPG', 'TOMM40', 'AI262682', 'PLTP', 'H10054', 'DDN', 'FAS', 'ID3', 'MSTP9', 'RAB11FIP4', 'LY96', 'CYBA', 'AA669383', 'KIAA1644', 'HLA.F', 'ANXA5', 'GBP2', 'FREQ', 'FAM84B', 'PRKCZ', 'PEG3', 'PDLIM7', 'KCNJ1', 'TMEM49', 'KCNMA1', 'FZD7', 'PARP14', 'MGC39606', 'CLSTN3', 'X37864', 'DYNLT1', 'HAMP', 'SORT1', 'TIMP1', 'AI350724', 'TMEM146', 'ADFP', 'MYC', 'PLAU', 'ESM1', 'WDR7', 'H91845', 'TCF7L1', 'PSG1', 'BCL2A1', 'PYHIN1', 'ZNF217', 'R52960', 'STEAP3', 'ABCA5', 'SP100', 'C16orf5', 'VSNL1', 'ADAM19', 'COL9A2', 'CD53', 'EPHB1', 'ANK3', 'APOC2', 'H41096', 'HPRT1', 'DES', 'RPS3A', 'R70506', 'NOTCH1', 'H24428', 'MVP', 'FBL', 'MICAL2', 'CA11', 'SNRPN', 'IL21R', 'COL3A1', 'LTF', 'MGC18216', 'AI002301', 'TSPYL1', 'MAL2', 'DSCR1L1', 'PPP3CA', 'STMN1', 'PLOD2', 'EDG1', 'TFDP2', 'PALLD', 'GYPA', 'GOT1', 'KIAA0963', 'ADM', 'PYGL', 'CKMT1A', 'LHFPL2', 'OSR1', 'WWTR1', 'NNMT', 'VASP', 'FBXO32', 'L3MBTL4', 'WASF1', 'FGF13', 'A2BP1', 'TNFAIP3', 'AI005038', 'SCN2B', 'AIF1', 'ATP6V1C1', 'T97457', 'AA401952', 'GPSM2', 'HSPG2', 'PARD3', 'IGHG1', 'STXBP1', 'DLL3', 'CACNB2', 'RBP4', 'HBXIP', 'DKFZp313A2432', 'PRSS1', 'SPINT2', 'RGS16', 'MSN', 'LSP1', 'CLTB', 'FLJ38984', 'FABP3', 'R61377', 'CCR1', 'CAP2', 'RTN3', 'L1CAM', 'ADCY1', 'AEBP1', 'PDE2A', 'BLVRB', 'DIP2C', 'IFI30', 'CALM1', 'AA975768', 'CAMKK2', 'TSPAN4', 'SBP1', 'C1orf63', 'GADD45B', 'LOC388610', 'RFXAP', 'AA489629', 'SOX4', 'UBE4B', 'SAA2', 'AI357047', 'TNFRSF12A', 'LAMA4', 'EID.3', 'GABBR1', 'FAM46A', 'PHLDA1', 'H86813', 'FCGR2B', 'STK17A', 'C6orf12', 'ZNF160', 'SUV39H1', 'FBXW7', 'SLC15A2', 'COX6A2', 'TncRNA', 'ZNF329', 'PRRX1', 'D21S2089E', 'FBXO2', 'AKR1C2', 'RUNX1', 'SERPINI1', 'PPP3CB', 'IGF1R', 'TTC23', 'EGLN2', 'CASP1', 'SOCS3', 'MDK', 'COX7A1', 'MTHFD2', 'ASPA', 'KCNK6', 'COL1A1', 'SPAG6', 'RAB27B']}, {'PCs': 43, <COParams.SEND_PROJ: ('Send projections', False)>: False, 'Row names': ['AA281932', 'PDPN', 'TXNDC', 'MYBPC2', 'EDNRB', 'PPP1R14A', 'IL1RAP', 'SVIL', 'C4A', 'MST1', 'LOC541471', 'CBX6', 'AA490257', 'PNCK', 'PRKCG', 'LOC400451', 'MAPKBP1', 'DMN', 'GYPC', 'W93688', 'BNIP2', 'USP3', 'AI263051', 'HEY1', 'DDEF1', 'MASP1', 'ZNF226', 'CLIC1', 'LAMB1', 'AI822135', 'UGCG', 'CD44', 'CSPG2', 'BGN', 'PLP2', 'NR4A1', 'AI335002', 'MST150', 'COL1A2', 'KIAA1543', 'SPARC', 'AKR1C1', 'MGP', 'POSTN', 'T62491', 'NLK', 'SLC35A2', 'TAP1', 'EFHB', 'ZNF233', 'DCLRE1B', 'ITGA5', 'SYNGR3', 'AP4B1', 'KLRC2', 'CDC20B', 'YWHAH', 'PRG1', 'C1R', 'DUS3L', 'PLAUR', 'ZNF419B', 'H08563', 'CTHRC1', 'SETD5', 'NLGN1', 'CHN1', 'C9orf48', 'AA424849', 'LOC613212', 'DEF6', 'TCTEX1D1', 'FBXL16', 'AI871056', 'HK2', 'AA598555', 'PSD3', 'NUAK1', 'FLJ35740', 'CDKN2D', 'T51726', 'PRSS3', 'IGFBP3', 'DECR2', 'NPL', 'CD58', 'PSG5', 'MRC2', 'VAMP2', 'EMP3', 'IGFBP5', 'CDKN1A', 'DDIT4', 'GPNMB', 'LAPTM5', 'COL6A2', 'IGSF3', 'STC1', 'CAMK2A', 'HCLS1', 'ITGA3', 'MGC42367', 'YWHAG', 'PLA2G2A', 'CD47', 'RAB30', 'HNRNPG.T', 'PDE4DIP', 'AA398420', 'PCDHGC3', 'SERPING1', 'PRKAR1B', 'LMO7', 'CA12', 'BCAM', 'OSBPL1A', 'NPTX1', 'TBC1D7', 'LOC146795', 'HPCA', 'EPB49', 'USP6NL', 'APCS', 'GAS1', 'ITPKA', 'NCF1', 'NEFH', 'RND3', 'CCL2', 'MOAP1', 'N98591', 'ACAD8', 'UBA52', 'C1orf187', 'LYN', 'MDFI', 'CHI3L2', 'IMAGE.33267', 'SERPINH1', 'HLA.A', 'CEAL1', 'PYCR1', 'GBP1', 'FCGRT', 'LOC283070', 'AA181288', 'INPP5F', 'MB', 'S100A10', 'PTPRZ1', 'NMNAT2', 'NY.SAR.48', 'EDG3', 'ITGA9', 'NSF', 'ARPP.19', 'CCDC3', 'MYCBP2', 'TIMP3', 'URP2', 'LUM', 'CLCA3', 'DPYD', 'VEGF', 'HMOX1', 'SNCG', 'ABCC3', 'S100A11', 'R70684', 'LOC389831', 'TSPAN6', 'ID4', 'KLRC3', 'LGALS3', 'F13A1', 'KNS2', 'APOC1', 'NCF2', 'C8orf4', 'COL4A2', 'SLC16A3', 'X38595', 'LOC57228', 'SRPX', 'ANXA1', 'AA479357', 'RAB20', 'PDXP', 'HBA1', 'ADARB2', 'H78560', 'HLA.G', 'S100A1', 'TLL2', 'AA029415', 'MED11', 'H20822', 'ZNF549', 'TGFBI', 'DNASE1L1', 'IQSEC1', 'AA131320', 'IL32', 'MGC26694', 'NDUFB11', 'PRKCB1', 'MMP2', 'HLA.DRB1', 'LOC283130', 'CYR61', 'FN1', 'EXT1', 'SYT7', 'CBLN2', 'KCNQ2', 'NDST1', 'RALY', 'RBP7', 'KLRC1', 'LRBA', 'SERPINA3', 'RPS19BP1', 'LILRA1', 'TNC', 'SCAMP5', 'CAV1', 'AA598631', 'PCP4', 'FAM84A', 'ZFHX1B', 'NPC2', 'IGF2BP3', 'CACNB3', 'AA906888', 'CAPG', 'TOMM40', 'AI262682', 'PLTP', 'H10054', 'DDN', 'FAS', 'ID3', 'MSTP9', 'RAB11FIP4', 'LY96', 'CYBA', 'AA669383', 'KIAA1644', 'HLA.F', 'ANXA5', 'GBP2', 'FREQ', 'FAM84B', 'PRKCZ', 'PEG3', 'PDLIM7', 'KCNJ1', 'TMEM49', 'KCNMA1', 'FZD7', 'PARP14', 'MGC39606', 'CLSTN3', 'X37864', 'DYNLT1', 'HAMP', 'SORT1', 'TIMP1', 'AI350724', 'TMEM146', 'ADFP', 'MYC', 'PLAU', 'ESM1', 'WDR7', 'H91845', 'TCF7L1', 'PSG1', 'BCL2A1', 'PYHIN1', 'ZNF217', 'R52960', 'STEAP3', 'ABCA5', 'SP100', 'C16orf5', 'VSNL1', 'ADAM19', 'COL9A2', 'CD53', 'EPHB1', 'ANK3', 'APOC2', 'H41096', 'HPRT1', 'DES', 'RPS3A', 'R70506', 'NOTCH1', 'H24428', 'MVP', 'FBL', 'MICAL2', 'CA11', 'SNRPN', 'IL21R', 'COL3A1', 'LTF', 'MGC18216', 'AI002301', 'TSPYL1', 'MAL2', 'DSCR1L1', 'PPP3CA', 'STMN1', 'PLOD2', 'EDG1', 'TFDP2', 'PALLD', 'GYPA', 'GOT1', 'KIAA0963', 'ADM', 'PYGL', 'CKMT1A', 'LHFPL2', 'OSR1', 'WWTR1', 'NNMT', 'VASP', 'FBXO32', 'L3MBTL4', 'WASF1', 'FGF13', 'A2BP1', 'TNFAIP3', 'AI005038', 'SCN2B', 'AIF1', 'ATP6V1C1', 'T97457', 'AA401952', 'GPSM2', 'HSPG2', 'PARD3', 'IGHG1', 'STXBP1', 'DLL3', 'CACNB2', 'RBP4', 'HBXIP', 'DKFZp313A2432', 'PRSS1', 'SPINT2', 'RGS16', 'MSN', 'LSP1', 'CLTB', 'FLJ38984', 'FABP3', 'R61377', 'CCR1', 'CAP2', 'RTN3', 'L1CAM', 'ADCY1', 'AEBP1', 'PDE2A', 'BLVRB', 'DIP2C', 'IFI30', 'CALM1', 'AA975768', 'CAMKK2', 'TSPAN4', 'SBP1', 'C1orf63', 'GADD45B', 'LOC388610', 'RFXAP', 'AA489629', 'SOX4', 'UBE4B', 'SAA2', 'AI357047', 'TNFRSF12A', 'LAMA4', 'EID.3', 'GABBR1', 'FAM46A', 'PHLDA1', 'H86813', 'FCGR2B', 'STK17A', 'C6orf12', 'ZNF160', 'SUV39H1', 'FBXW7', 'SLC15A2', 'COX6A2', 'TncRNA', 'ZNF329', 'PRRX1', 'D21S2089E', 'FBXO2', 'AKR1C2', 'RUNX1', 'SERPINI1', 'PPP3CB', 'IGF1R', 'TTC23', 'EGLN2', 'CASP1', 'SOCS3', 'MDK', 'COX7A1', 'MTHFD2', 'ASPA', 'KCNK6', 'COL1A1', 'SPAG6', 'RAB27B']}]
INCOMING
{'PCs': 43, <COParams.SEND_PROJ: ('Send projections', False)>: False, 'Row names': ['AA281932', 'PDPN', 'TXNDC', 'MYBPC2', 'EDNRB', 'PPP1R14A', 'IL1RAP', 'SVIL', 'C4A', 'MST1', 'LOC541471', 'CBX6', 'AA490257', 'PNCK', 'PRKCG', 'LOC400451', 'MAPKBP1', 'DMN', 'GYPC', 'W93688', 'BNIP2', 'USP3', 'AI263051', 'HEY1', 'DDEF1', 'MASP1', 'ZNF226', 'CLIC1', 'LAMB1', 'AI822135', 'UGCG', 'CD44', 'CSPG2', 'BGN', 'PLP2', 'NR4A1', 'AI335002', 'MST150', 'COL1A2', 'KIAA1543', 'SPARC', 'AKR1C1', 'MGP', 'POSTN', 'T62491', 'NLK', 'SLC35A2', 'TAP1', 'EFHB', 'ZNF233', 'DCLRE1B', 'ITGA5', 'SYNGR3', 'AP4B1', 'KLRC2', 'CDC20B', 'YWHAH', 'PRG1', 'C1R', 'DUS3L', 'PLAUR', 'ZNF419B', 'H08563', 'CTHRC1', 'SETD5', 'NLGN1', 'CHN1', 'C9orf48', 'AA424849', 'LOC613212', 'DEF6', 'TCTEX1D1', 'FBXL16', 'AI871056', 'HK2', 'AA598555', 'PSD3', 'NUAK1', 'FLJ35740', 'CDKN2D', 'T51726', 'PRSS3', 'IGFBP3', 'DECR2', 'NPL', 'CD58', 'PSG5', 'MRC2', 'VAMP2', 'EMP3', 'IGFBP5', 'CDKN1A', 'DDIT4', 'GPNMB', 'LAPTM5', 'COL6A2', 'IGSF3', 'STC1', 'CAMK2A', 'HCLS1', 'ITGA3', 'MGC42367', 'YWHAG', 'PLA2G2A', 'CD47', 'RAB30', 'HNRNPG.T', 'PDE4DIP', 'AA398420', 'PCDHGC3', 'SERPING1', 'PRKAR1B', 'LMO7', 'CA12', 'BCAM', 'OSBPL1A', 'NPTX1', 'TBC1D7', 'LOC146795', 'HPCA', 'EPB49', 'USP6NL', 'APCS', 'GAS1', 'ITPKA', 'NCF1', 'NEFH', 'RND3', 'CCL2', 'MOAP1', 'N98591', 'ACAD8', 'UBA52', 'C1orf187', 'LYN', 'MDFI', 'CHI3L2', 'IMAGE.33267', 'SERPINH1', 'HLA.A', 'CEAL1', 'PYCR1', 'GBP1', 'FCGRT', 'LOC283070', 'AA181288', 'INPP5F', 'MB', 'S100A10', 'PTPRZ1', 'NMNAT2', 'NY.SAR.48', 'EDG3', 'ITGA9', 'NSF', 'ARPP.19', 'CCDC3', 'MYCBP2', 'TIMP3', 'URP2', 'LUM', 'CLCA3', 'DPYD', 'VEGF', 'HMOX1', 'SNCG', 'ABCC3', 'S100A11', 'R70684', 'LOC389831', 'TSPAN6', 'ID4', 'KLRC3', 'LGALS3', 'F13A1', 'KNS2', 'APOC1', 'NCF2', 'C8orf4', 'COL4A2', 'SLC16A3', 'X38595', 'LOC57228', 'SRPX', 'ANXA1', 'AA479357', 'RAB20', 'PDXP', 'HBA1', 'ADARB2', 'H78560', 'HLA.G', 'S100A1', 'TLL2', 'AA029415', 'MED11', 'H20822', 'ZNF549', 'TGFBI', 'DNASE1L1', 'IQSEC1', 'AA131320', 'IL32', 'MGC26694', 'NDUFB11', 'PRKCB1', 'MMP2', 'HLA.DRB1', 'LOC283130', 'CYR61', 'FN1', 'EXT1', 'SYT7', 'CBLN2', 'KCNQ2', 'NDST1', 'RALY', 'RBP7', 'KLRC1', 'LRBA', 'SERPINA3', 'RPS19BP1', 'LILRA1', 'TNC', 'SCAMP5', 'CAV1', 'AA598631', 'PCP4', 'FAM84A', 'ZFHX1B', 'NPC2', 'IGF2BP3', 'CACNB3', 'AA906888', 'CAPG', 'TOMM40', 'AI262682', 'PLTP', 'H10054', 'DDN', 'FAS', 'ID3', 'MSTP9', 'RAB11FIP4', 'LY96', 'CYBA', 'AA669383', 'KIAA1644', 'HLA.F', 'ANXA5', 'GBP2', 'FREQ', 'FAM84B', 'PRKCZ', 'PEG3', 'PDLIM7', 'KCNJ1', 'TMEM49', 'KCNMA1', 'FZD7', 'PARP14', 'MGC39606', 'CLSTN3', 'X37864', 'DYNLT1', 'HAMP', 'SORT1', 'TIMP1', 'AI350724', 'TMEM146', 'ADFP', 'MYC', 'PLAU', 'ESM1', 'WDR7', 'H91845', 'TCF7L1', 'PSG1', 'BCL2A1', 'PYHIN1', 'ZNF217', 'R52960', 'STEAP3', 'ABCA5', 'SP100', 'C16orf5', 'VSNL1', 'ADAM19', 'COL9A2', 'CD53', 'EPHB1', 'ANK3', 'APOC2', 'H41096', 'HPRT1', 'DES', 'RPS3A', 'R70506', 'NOTCH1', 'H24428', 'MVP', 'FBL', 'MICAL2', 'CA11', 'SNRPN', 'IL21R', 'COL3A1', 'LTF', 'MGC18216', 'AI002301', 'TSPYL1', 'MAL2', 'DSCR1L1', 'PPP3CA', 'STMN1', 'PLOD2', 'EDG1', 'TFDP2', 'PALLD', 'GYPA', 'GOT1', 'KIAA0963', 'ADM', 'PYGL', 'CKMT1A', 'LHFPL2', 'OSR1', 'WWTR1', 'NNMT', 'VASP', 'FBXO32', 'L3MBTL4', 'WASF1', 'FGF13', 'A2BP1', 'TNFAIP3', 'AI005038', 'SCN2B', 'AIF1', 'ATP6V1C1', 'T97457', 'AA401952', 'GPSM2', 'HSPG2', 'PARD3', 'IGHG1', 'STXBP1', 'DLL3', 'CACNB2', 'RBP4', 'HBXIP', 'DKFZp313A2432', 'PRSS1', 'SPINT2', 'RGS16', 'MSN', 'LSP1', 'CLTB', 'FLJ38984', 'FABP3', 'R61377', 'CCR1', 'CAP2', 'RTN3', 'L1CAM', 'ADCY1', 'AEBP1', 'PDE2A', 'BLVRB', 'DIP2C', 'IFI30', 'CALM1', 'AA975768', 'CAMKK2', 'TSPAN4', 'SBP1', 'C1orf63', 'GADD45B', 'LOC388610', 'RFXAP', 'AA489629', 'SOX4', 'UBE4B', 'SAA2', 'AI357047', 'TNFRSF12A', 'LAMA4', 'EID.3', 'GABBR1', 'FAM46A', 'PHLDA1', 'H86813', 'FCGR2B', 'STK17A', 'C6orf12', 'ZNF160', 'SUV39H1', 'FBXW7', 'SLC15A2', 'COX6A2', 'TncRNA', 'ZNF329', 'PRRX1', 'D21S2089E', 'FBXO2', 'AKR1C2', 'RUNX1', 'SERPINI1', 'PPP3CB', 'IGF1R', 'TTC23', 'EGLN2', 'CASP1', 'SOCS3', 'MDK', 'COX7A1', 'MTHFD2', 'ASPA', 'KCNK6', 'COL1A1', 'SPAG6', 'RAB27B']}
K
[43, 43]
incoming[COParams.PCS.n]
43
INCOMING
{'PCs': 43, <COParams.SEND_PROJ: ('Send projections', False)>: False, 'Row names': ['AA281932', 'PDPN', 'TXNDC', 'MYBPC2', 'EDNRB', 'PPP1R14A', 'IL1RAP', 'SVIL', 'C4A', 'MST1', 'LOC541471', 'CBX6', 'AA490257', 'PNCK', 'PRKCG', 'LOC400451', 'MAPKBP1', 'DMN', 'GYPC', 'W93688', 'BNIP2', 'USP3', 'AI263051', 'HEY1', 'DDEF1', 'MASP1', 'ZNF226', 'CLIC1', 'LAMB1', 'AI822135', 'UGCG', 'CD44', 'CSPG2', 'BGN', 'PLP2', 'NR4A1', 'AI335002', 'MST150', 'COL1A2', 'KIAA1543', 'SPARC', 'AKR1C1', 'MGP', 'POSTN', 'T62491', 'NLK', 'SLC35A2', 'TAP1', 'EFHB', 'ZNF233', 'DCLRE1B', 'ITGA5', 'SYNGR3', 'AP4B1', 'KLRC2', 'CDC20B', 'YWHAH', 'PRG1', 'C1R', 'DUS3L', 'PLAUR', 'ZNF419B', 'H08563', 'CTHRC1', 'SETD5', 'NLGN1', 'CHN1', 'C9orf48', 'AA424849', 'LOC613212', 'DEF6', 'TCTEX1D1', 'FBXL16', 'AI871056', 'HK2', 'AA598555', 'PSD3', 'NUAK1', 'FLJ35740', 'CDKN2D', 'T51726', 'PRSS3', 'IGFBP3', 'DECR2', 'NPL', 'CD58', 'PSG5', 'MRC2', 'VAMP2', 'EMP3', 'IGFBP5', 'CDKN1A', 'DDIT4', 'GPNMB', 'LAPTM5', 'COL6A2', 'IGSF3', 'STC1', 'CAMK2A', 'HCLS1', 'ITGA3', 'MGC42367', 'YWHAG', 'PLA2G2A', 'CD47', 'RAB30', 'HNRNPG.T', 'PDE4DIP', 'AA398420', 'PCDHGC3', 'SERPING1', 'PRKAR1B', 'LMO7', 'CA12', 'BCAM', 'OSBPL1A', 'NPTX1', 'TBC1D7', 'LOC146795', 'HPCA', 'EPB49', 'USP6NL', 'APCS', 'GAS1', 'ITPKA', 'NCF1', 'NEFH', 'RND3', 'CCL2', 'MOAP1', 'N98591', 'ACAD8', 'UBA52', 'C1orf187', 'LYN', 'MDFI', 'CHI3L2', 'IMAGE.33267', 'SERPINH1', 'HLA.A', 'CEAL1', 'PYCR1', 'GBP1', 'FCGRT', 'LOC283070', 'AA181288', 'INPP5F', 'MB', 'S100A10', 'PTPRZ1', 'NMNAT2', 'NY.SAR.48', 'EDG3', 'ITGA9', 'NSF', 'ARPP.19', 'CCDC3', 'MYCBP2', 'TIMP3', 'URP2', 'LUM', 'CLCA3', 'DPYD', 'VEGF', 'HMOX1', 'SNCG', 'ABCC3', 'S100A11', 'R70684', 'LOC389831', 'TSPAN6', 'ID4', 'KLRC3', 'LGALS3', 'F13A1', 'KNS2', 'APOC1', 'NCF2', 'C8orf4', 'COL4A2', 'SLC16A3', 'X38595', 'LOC57228', 'SRPX', 'ANXA1', 'AA479357', 'RAB20', 'PDXP', 'HBA1', 'ADARB2', 'H78560', 'HLA.G', 'S100A1', 'TLL2', 'AA029415', 'MED11', 'H20822', 'ZNF549', 'TGFBI', 'DNASE1L1', 'IQSEC1', 'AA131320', 'IL32', 'MGC26694', 'NDUFB11', 'PRKCB1', 'MMP2', 'HLA.DRB1', 'LOC283130', 'CYR61', 'FN1', 'EXT1', 'SYT7', 'CBLN2', 'KCNQ2', 'NDST1', 'RALY', 'RBP7', 'KLRC1', 'LRBA', 'SERPINA3', 'RPS19BP1', 'LILRA1', 'TNC', 'SCAMP5', 'CAV1', 'AA598631', 'PCP4', 'FAM84A', 'ZFHX1B', 'NPC2', 'IGF2BP3', 'CACNB3', 'AA906888', 'CAPG', 'TOMM40', 'AI262682', 'PLTP', 'H10054', 'DDN', 'FAS', 'ID3', 'MSTP9', 'RAB11FIP4', 'LY96', 'CYBA', 'AA669383', 'KIAA1644', 'HLA.F', 'ANXA5', 'GBP2', 'FREQ', 'FAM84B', 'PRKCZ', 'PEG3', 'PDLIM7', 'KCNJ1', 'TMEM49', 'KCNMA1', 'FZD7', 'PARP14', 'MGC39606', 'CLSTN3', 'X37864', 'DYNLT1', 'HAMP', 'SORT1', 'TIMP1', 'AI350724', 'TMEM146', 'ADFP', 'MYC', 'PLAU', 'ESM1', 'WDR7', 'H91845', 'TCF7L1', 'PSG1', 'BCL2A1', 'PYHIN1', 'ZNF217', 'R52960', 'STEAP3', 'ABCA5', 'SP100', 'C16orf5', 'VSNL1', 'ADAM19', 'COL9A2', 'CD53', 'EPHB1', 'ANK3', 'APOC2', 'H41096', 'HPRT1', 'DES', 'RPS3A', 'R70506', 'NOTCH1', 'H24428', 'MVP', 'FBL', 'MICAL2', 'CA11', 'SNRPN', 'IL21R', 'COL3A1', 'LTF', 'MGC18216', 'AI002301', 'TSPYL1', 'MAL2', 'DSCR1L1', 'PPP3CA', 'STMN1', 'PLOD2', 'EDG1', 'TFDP2', 'PALLD', 'GYPA', 'GOT1', 'KIAA0963', 'ADM', 'PYGL', 'CKMT1A', 'LHFPL2', 'OSR1', 'WWTR1', 'NNMT', 'VASP', 'FBXO32', 'L3MBTL4', 'WASF1', 'FGF13', 'A2BP1', 'TNFAIP3', 'AI005038', 'SCN2B', 'AIF1', 'ATP6V1C1', 'T97457', 'AA401952', 'GPSM2', 'HSPG2', 'PARD3', 'IGHG1', 'STXBP1', 'DLL3', 'CACNB2', 'RBP4', 'HBXIP', 'DKFZp313A2432', 'PRSS1', 'SPINT2', 'RGS16', 'MSN', 'LSP1', 'CLTB', 'FLJ38984', 'FABP3', 'R61377', 'CCR1', 'CAP2', 'RTN3', 'L1CAM', 'ADCY1', 'AEBP1', 'PDE2A', 'BLVRB', 'DIP2C', 'IFI30', 'CALM1', 'AA975768', 'CAMKK2', 'TSPAN4', 'SBP1', 'C1orf63', 'GADD45B', 'LOC388610', 'RFXAP', 'AA489629', 'SOX4', 'UBE4B', 'SAA2', 'AI357047', 'TNFRSF12A', 'LAMA4', 'EID.3', 'GABBR1', 'FAM46A', 'PHLDA1', 'H86813', 'FCGR2B', 'STK17A', 'C6orf12', 'ZNF160', 'SUV39H1', 'FBXW7', 'SLC15A2', 'COX6A2', 'TncRNA', 'ZNF329', 'PRRX1', 'D21S2089E', 'FBXO2', 'AKR1C2', 'RUNX1', 'SERPINI1', 'PPP3CB', 'IGF1R', 'TTC23', 'EGLN2', 'CASP1', 'SOCS3', 'MDK', 'COX7A1', 'MTHFD2', 'ASPA', 'KCNK6', 'COL1A1', 'SPAG6', 'RAB27B']}
K
[43, 43]
incoming[COParams.PCS.n]
43
['AA281932', 'PDPN', 'TXNDC', 'MYBPC2', 'EDNRB', 'PPP1R14A', 'IL1RAP', 'SVIL', 'C4A', 'MST1', 'LOC541471', 'CBX6', 'AA490257', 'PNCK', 'PRKCG', 'LOC400451', 'MAPKBP1', 'DMN', 'GYPC', 'W93688', 'BNIP2', 'USP3', 'AI263051', 'HEY1', 'DDEF1', 'MASP1', 'ZNF226', 'CLIC1', 'LAMB1', 'AI822135', 'UGCG', 'CD44', 'CSPG2', 'BGN', 'PLP2', 'NR4A1', 'AI335002', 'MST150', 'COL1A2', 'KIAA1543', 'SPARC', 'AKR1C1', 'MGP', 'POSTN', 'T62491', 'NLK', 'SLC35A2', 'TAP1', 'EFHB', 'ZNF233', 'DCLRE1B', 'ITGA5', 'SYNGR3', 'AP4B1', 'KLRC2', 'CDC20B', 'YWHAH', 'PRG1', 'C1R', 'DUS3L', 'PLAUR', 'ZNF419B', 'H08563', 'CTHRC1', 'SETD5', 'NLGN1', 'CHN1', 'C9orf48', 'AA424849', 'LOC613212', 'DEF6', 'TCTEX1D1', 'FBXL16', 'AI871056', 'HK2', 'AA598555', 'PSD3', 'NUAK1', 'FLJ35740', 'CDKN2D', 'T51726', 'PRSS3', 'IGFBP3', 'DECR2', 'NPL', 'CD58', 'PSG5', 'MRC2', 'VAMP2', 'EMP3', 'IGFBP5', 'CDKN1A', 'DDIT4', 'GPNMB', 'LAPTM5', 'COL6A2', 'IGSF3', 'STC1', 'CAMK2A', 'HCLS1', 'ITGA3', 'MGC42367', 'YWHAG', 'PLA2G2A', 'CD47', 'RAB30', 'HNRNPG.T', 'PDE4DIP', 'AA398420', 'PCDHGC3', 'SERPING1', 'PRKAR1B', 'LMO7', 'CA12', 'BCAM', 'OSBPL1A', 'NPTX1', 'TBC1D7', 'LOC146795', 'HPCA', 'EPB49', 'USP6NL', 'APCS', 'GAS1', 'ITPKA', 'NCF1', 'NEFH', 'RND3', 'CCL2', 'MOAP1', 'N98591', 'ACAD8', 'UBA52', 'C1orf187', 'LYN', 'MDFI', 'CHI3L2', 'IMAGE.33267', 'SERPINH1', 'HLA.A', 'CEAL1', 'PYCR1', 'GBP1', 'FCGRT', 'LOC283070', 'AA181288', 'INPP5F', 'MB', 'S100A10', 'PTPRZ1', 'NMNAT2', 'NY.SAR.48', 'EDG3', 'ITGA9', 'NSF', 'ARPP.19', 'CCDC3', 'MYCBP2', 'TIMP3', 'URP2', 'LUM', 'CLCA3', 'DPYD', 'VEGF', 'HMOX1', 'SNCG', 'ABCC3', 'S100A11', 'R70684', 'LOC389831', 'TSPAN6', 'ID4', 'KLRC3', 'LGALS3', 'F13A1', 'KNS2', 'APOC1', 'NCF2', 'C8orf4', 'COL4A2', 'SLC16A3', 'X38595', 'LOC57228', 'SRPX', 'ANXA1', 'AA479357', 'RAB20', 'PDXP', 'HBA1', 'ADARB2', 'H78560', 'HLA.G', 'S100A1', 'TLL2', 'AA029415', 'MED11', 'H20822', 'ZNF549', 'TGFBI', 'DNASE1L1', 'IQSEC1', 'AA131320', 'IL32', 'MGC26694', 'NDUFB11', 'PRKCB1', 'MMP2', 'HLA.DRB1', 'LOC283130', 'CYR61', 'FN1', 'EXT1', 'SYT7', 'CBLN2', 'KCNQ2', 'NDST1', 'RALY', 'RBP7', 'KLRC1', 'LRBA', 'SERPINA3', 'RPS19BP1', 'LILRA1', 'TNC', 'SCAMP5', 'CAV1', 'AA598631', 'PCP4', 'FAM84A', 'ZFHX1B', 'NPC2', 'IGF2BP3', 'CACNB3', 'AA906888', 'CAPG', 'TOMM40', 'AI262682', 'PLTP', 'H10054', 'DDN', 'FAS', 'ID3', 'MSTP9', 'RAB11FIP4', 'LY96', 'CYBA', 'AA669383', 'KIAA1644', 'HLA.F', 'ANXA5', 'GBP2', 'FREQ', 'FAM84B', 'PRKCZ', 'PEG3', 'PDLIM7', 'KCNJ1', 'TMEM49', 'KCNMA1', 'FZD7', 'PARP14', 'MGC39606', 'CLSTN3', 'X37864', 'DYNLT1', 'HAMP', 'SORT1', 'TIMP1', 'AI350724', 'TMEM146', 'ADFP', 'MYC', 'PLAU', 'ESM1', 'WDR7', 'H91845', 'TCF7L1', 'PSG1', 'BCL2A1', 'PYHIN1', 'ZNF217', 'R52960', 'STEAP3', 'ABCA5', 'SP100', 'C16orf5', 'VSNL1', 'ADAM19', 'COL9A2', 'CD53', 'EPHB1', 'ANK3', 'APOC2', 'H41096', 'HPRT1', 'DES', 'RPS3A', 'R70506', 'NOTCH1', 'H24428', 'MVP', 'FBL', 'MICAL2', 'CA11', 'SNRPN', 'IL21R', 'COL3A1', 'LTF', 'MGC18216', 'AI002301', 'TSPYL1', 'MAL2', 'DSCR1L1', 'PPP3CA', 'STMN1', 'PLOD2', 'EDG1', 'TFDP2', 'PALLD', 'GYPA', 'GOT1', 'KIAA0963', 'ADM', 'PYGL', 'CKMT1A', 'LHFPL2', 'OSR1', 'WWTR1', 'NNMT', 'VASP', 'FBXO32', 'L3MBTL4', 'WASF1', 'FGF13', 'A2BP1', 'TNFAIP3', 'AI005038', 'SCN2B', 'AIF1', 'ATP6V1C1', 'T97457', 'AA401952', 'GPSM2', 'HSPG2', 'PARD3', 'IGHG1', 'STXBP1', 'DLL3', 'CACNB2', 'RBP4', 'HBXIP', 'DKFZp313A2432', 'PRSS1', 'SPINT2', 'RGS16', 'MSN', 'LSP1', 'CLTB', 'FLJ38984', 'FABP3', 'R61377', 'CCR1', 'CAP2', 'RTN3', 'L1CAM', 'ADCY1', 'AEBP1', 'PDE2A', 'BLVRB', 'DIP2C', 'IFI30', 'CALM1', 'AA975768', 'CAMKK2', 'TSPAN4', 'SBP1', 'C1orf63', 'GADD45B', 'LOC388610', 'RFXAP', 'AA489629', 'SOX4', 'UBE4B', 'SAA2', 'AI357047', 'TNFRSF12A', 'LAMA4', 'EID.3', 'GABBR1', 'FAM46A', 'PHLDA1', 'H86813', 'FCGR2B', 'STK17A', 'C6orf12', 'ZNF160', 'SUV39H1', 'FBXW7', 'SLC15A2', 'COX6A2', 'TncRNA', 'ZNF329', 'PRRX1', 'D21S2089E', 'FBXO2', 'AKR1C2', 'RUNX1', 'SERPINI1', 'PPP3CB', 'IGF1R', 'TTC23', 'EGLN2', 'CASP1', 'SOCS3', 'MDK', 'COX7A1', 'MTHFD2', 'ASPA', 'KCNK6', 'COL1A1', 'SPAG6', 'RAB27B']
INDEX
[101, 86, 396, 67, 111, 420, 328, 2, 241, 134, 79, 150, 234, 125, 416, 156, 170, 33, 263, 255, 410, 256, 359, 160, 32, 88, 24, 99, 320, 225, 346, 305, 148, 70, 89, 392, 215, 138, 158, 22, 403, 7, 423, 267, 311, 348, 299, 357, 262, 58, 28, 77, 372, 44, 117, 265, 344, 418, 189, 21, 124, 31, 69, 385, 91, 154, 374, 109, 391, 98, 254, 10, 188, 204, 291, 354, 106, 307, 201, 269, 371, 317, 115, 135, 119, 133, 36, 130, 147, 74, 219, 259, 293, 309, 326, 159, 64, 167, 286, 209, 373, 40, 213, 276, 103, 239, 43, 323, 83, 229, 173, 212, 226, 110, 49, 294, 422, 129, 195, 384, 393, 15, 287, 388, 290, 351, 186, 174, 274, 169, 419, 13, 93, 361, 395, 394, 87, 84, 143, 217, 19, 220, 246, 300, 27, 249, 322, 238, 325, 302, 145, 353, 321, 331, 281, 120, 8, 73, 123, 285, 378, 17, 223, 100, 175, 218, 221, 90, 398, 235, 258, 171, 116, 113, 340, 245, 51, 316, 315, 122, 142, 257, 137, 380, 179, 231, 389, 168, 310, 4, 80, 329, 341, 53, 199, 406, 224, 29, 358, 308, 362, 136, 247, 210, 61, 339, 324, 417, 414, 370, 202, 0, 405, 337, 277, 402, 97, 63, 118, 46, 198, 162, 47, 165, 182, 399, 377, 379, 382, 400, 364, 250, 172, 193, 72, 360, 194, 318, 401, 336, 306, 356, 230, 282, 248, 355, 270, 153, 366, 192, 338, 345, 96, 200, 139, 253, 34, 140, 228, 411, 407, 3, 271, 127, 387, 304, 26, 82, 367, 55, 227, 264, 184, 390, 126, 298, 132, 66, 343, 297, 233, 342, 114, 131, 208, 155, 313, 375, 197, 283, 191, 349, 178, 383, 288, 363, 183, 177, 237, 279, 273, 413, 408, 352, 244, 284, 152, 232, 35, 350, 95, 333, 334, 112, 187, 268, 25, 57, 397, 11, 261, 280, 144, 243, 278, 108, 41, 190, 128, 12, 37, 222, 149, 205, 216, 266, 301, 404, 365, 105, 92, 386, 50, 161, 5, 381, 206, 94, 16, 292, 23, 166, 368, 314, 76, 68, 211, 214, 242, 141, 185, 332, 319, 75, 296, 303, 157, 121, 65, 1, 104, 251, 236, 295, 330, 39, 14, 412, 203, 164, 180, 196, 60, 369, 207, 71, 289, 20, 146, 275, 260, 181, 240, 415, 335, 45, 163, 376, 421, 59, 409, 38, 327, 42, 312, 9, 107, 347, 78, 52, 62, 48, 252, 85, 272, 18, 176, 81, 56, 102, 6, 151]
['AA281932', 'PDPN', 'TXNDC', 'MYBPC2', 'EDNRB', 'PPP1R14A', 'IL1RAP', 'SVIL', 'C4A', 'MST1', 'LOC541471', 'CBX6', 'AA490257', 'PNCK', 'PRKCG', 'LOC400451', 'MAPKBP1', 'DMN', 'GYPC', 'W93688', 'BNIP2', 'USP3', 'AI263051', 'HEY1', 'DDEF1', 'MASP1', 'ZNF226', 'CLIC1', 'LAMB1', 'AI822135', 'UGCG', 'CD44', 'CSPG2', 'BGN', 'PLP2', 'NR4A1', 'AI335002', 'MST150', 'COL1A2', 'KIAA1543', 'SPARC', 'AKR1C1', 'MGP', 'POSTN', 'T62491', 'NLK', 'SLC35A2', 'TAP1', 'EFHB', 'ZNF233', 'DCLRE1B', 'ITGA5', 'SYNGR3', 'AP4B1', 'KLRC2', 'CDC20B', 'YWHAH', 'PRG1', 'C1R', 'DUS3L', 'PLAUR', 'ZNF419B', 'H08563', 'CTHRC1', 'SETD5', 'NLGN1', 'CHN1', 'C9orf48', 'AA424849', 'LOC613212', 'DEF6', 'TCTEX1D1', 'FBXL16', 'AI871056', 'HK2', 'AA598555', 'PSD3', 'NUAK1', 'FLJ35740', 'CDKN2D', 'T51726', 'PRSS3', 'IGFBP3', 'DECR2', 'NPL', 'CD58', 'PSG5', 'MRC2', 'VAMP2', 'EMP3', 'IGFBP5', 'CDKN1A', 'DDIT4', 'GPNMB', 'LAPTM5', 'COL6A2', 'IGSF3', 'STC1', 'CAMK2A', 'HCLS1', 'ITGA3', 'MGC42367', 'YWHAG', 'PLA2G2A', 'CD47', 'RAB30', 'HNRNPG.T', 'PDE4DIP', 'AA398420', 'PCDHGC3', 'SERPING1', 'PRKAR1B', 'LMO7', 'CA12', 'BCAM', 'OSBPL1A', 'NPTX1', 'TBC1D7', 'LOC146795', 'HPCA', 'EPB49', 'USP6NL', 'APCS', 'GAS1', 'ITPKA', 'NCF1', 'NEFH', 'RND3', 'CCL2', 'MOAP1', 'N98591', 'ACAD8', 'UBA52', 'C1orf187', 'LYN', 'MDFI', 'CHI3L2', 'IMAGE.33267', 'SERPINH1', 'HLA.A', 'CEAL1', 'PYCR1', 'GBP1', 'FCGRT', 'LOC283070', 'AA181288', 'INPP5F', 'MB', 'S100A10', 'PTPRZ1', 'NMNAT2', 'NY.SAR.48', 'EDG3', 'ITGA9', 'NSF', 'ARPP.19', 'CCDC3', 'MYCBP2', 'TIMP3', 'URP2', 'LUM', 'CLCA3', 'DPYD', 'VEGF', 'HMOX1', 'SNCG', 'ABCC3', 'S100A11', 'R70684', 'LOC389831', 'TSPAN6', 'ID4', 'KLRC3', 'LGALS3', 'F13A1', 'KNS2', 'APOC1', 'NCF2', 'C8orf4', 'COL4A2', 'SLC16A3', 'X38595', 'LOC57228', 'SRPX', 'ANXA1', 'AA479357', 'RAB20', 'PDXP', 'HBA1', 'ADARB2', 'H78560', 'HLA.G', 'S100A1', 'TLL2', 'AA029415', 'MED11', 'H20822', 'ZNF549', 'TGFBI', 'DNASE1L1', 'IQSEC1', 'AA131320', 'IL32', 'MGC26694', 'NDUFB11', 'PRKCB1', 'MMP2', 'HLA.DRB1', 'LOC283130', 'CYR61', 'FN1', 'EXT1', 'SYT7', 'CBLN2', 'KCNQ2', 'NDST1', 'RALY', 'RBP7', 'KLRC1', 'LRBA', 'SERPINA3', 'RPS19BP1', 'LILRA1', 'TNC', 'SCAMP5', 'CAV1', 'AA598631', 'PCP4', 'FAM84A', 'ZFHX1B', 'NPC2', 'IGF2BP3', 'CACNB3', 'AA906888', 'CAPG', 'TOMM40', 'AI262682', 'PLTP', 'H10054', 'DDN', 'FAS', 'ID3', 'MSTP9', 'RAB11FIP4', 'LY96', 'CYBA', 'AA669383', 'KIAA1644', 'HLA.F', 'ANXA5', 'GBP2', 'FREQ', 'FAM84B', 'PRKCZ', 'PEG3', 'PDLIM7', 'KCNJ1', 'TMEM49', 'KCNMA1', 'FZD7', 'PARP14', 'MGC39606', 'CLSTN3', 'X37864', 'DYNLT1', 'HAMP', 'SORT1', 'TIMP1', 'AI350724', 'TMEM146', 'ADFP', 'MYC', 'PLAU', 'ESM1', 'WDR7', 'H91845', 'TCF7L1', 'PSG1', 'BCL2A1', 'PYHIN1', 'ZNF217', 'R52960', 'STEAP3', 'ABCA5', 'SP100', 'C16orf5', 'VSNL1', 'ADAM19', 'COL9A2', 'CD53', 'EPHB1', 'ANK3', 'APOC2', 'H41096', 'HPRT1', 'DES', 'RPS3A', 'R70506', 'NOTCH1', 'H24428', 'MVP', 'FBL', 'MICAL2', 'CA11', 'SNRPN', 'IL21R', 'COL3A1', 'LTF', 'MGC18216', 'AI002301', 'TSPYL1', 'MAL2', 'DSCR1L1', 'PPP3CA', 'STMN1', 'PLOD2', 'EDG1', 'TFDP2', 'PALLD', 'GYPA', 'GOT1', 'KIAA0963', 'ADM', 'PYGL', 'CKMT1A', 'LHFPL2', 'OSR1', 'WWTR1', 'NNMT', 'VASP', 'FBXO32', 'L3MBTL4', 'WASF1', 'FGF13', 'A2BP1', 'TNFAIP3', 'AI005038', 'SCN2B', 'AIF1', 'ATP6V1C1', 'T97457', 'AA401952', 'GPSM2', 'HSPG2', 'PARD3', 'IGHG1', 'STXBP1', 'DLL3', 'CACNB2', 'RBP4', 'HBXIP', 'DKFZp313A2432', 'PRSS1', 'SPINT2', 'RGS16', 'MSN', 'LSP1', 'CLTB', 'FLJ38984', 'FABP3', 'R61377', 'CCR1', 'CAP2', 'RTN3', 'L1CAM', 'ADCY1', 'AEBP1', 'PDE2A', 'BLVRB', 'DIP2C', 'IFI30', 'CALM1', 'AA975768', 'CAMKK2', 'TSPAN4', 'SBP1', 'C1orf63', 'GADD45B', 'LOC388610', 'RFXAP', 'AA489629', 'SOX4', 'UBE4B', 'SAA2', 'AI357047', 'TNFRSF12A', 'LAMA4', 'EID.3', 'GABBR1', 'FAM46A', 'PHLDA1', 'H86813', 'FCGR2B', 'STK17A', 'C6orf12', 'ZNF160', 'SUV39H1', 'FBXW7', 'SLC15A2', 'COX6A2', 'TncRNA', 'ZNF329', 'PRRX1', 'D21S2089E', 'FBXO2', 'AKR1C2', 'RUNX1', 'SERPINI1', 'PPP3CB', 'IGF1R', 'TTC23', 'EGLN2', 'CASP1', 'SOCS3', 'MDK', 'COX7A1', 'MTHFD2', 'ASPA', 'KCNK6', 'COL1A1', 'SPAG6', 'RAB27B']
INDEX
[101, 86, 396, 67, 111, 420, 328, 2, 241, 134, 79, 150, 234, 125, 416, 156, 170, 33, 263, 255, 410, 256, 359, 160, 32, 88, 24, 99, 320, 225, 346, 305, 148, 70, 89, 392, 215, 138, 158, 22, 403, 7, 423, 267, 311, 348, 299, 357, 262, 58, 28, 77, 372, 44, 117, 265, 344, 418, 189, 21, 124, 31, 69, 385, 91, 154, 374, 109, 391, 98, 254, 10, 188, 204, 291, 354, 106, 307, 201, 269, 371, 317, 115, 135, 119, 133, 36, 130, 147, 74, 219, 259, 293, 309, 326, 159, 64, 167, 286, 209, 373, 40, 213, 276, 103, 239, 43, 323, 83, 229, 173, 212, 226, 110, 49, 294, 422, 129, 195, 384, 393, 15, 287, 388, 290, 351, 186, 174, 274, 169, 419, 13, 93, 361, 395, 394, 87, 84, 143, 217, 19, 220, 246, 300, 27, 249, 322, 238, 325, 302, 145, 353, 321, 331, 281, 120, 8, 73, 123, 285, 378, 17, 223, 100, 175, 218, 221, 90, 398, 235, 258, 171, 116, 113, 340, 245, 51, 316, 315, 122, 142, 257, 137, 380, 179, 231, 389, 168, 310, 4, 80, 329, 341, 53, 199, 406, 224, 29, 358, 308, 362, 136, 247, 210, 61, 339, 324, 417, 414, 370, 202, 0, 405, 337, 277, 402, 97, 63, 118, 46, 198, 162, 47, 165, 182, 399, 377, 379, 382, 400, 364, 250, 172, 193, 72, 360, 194, 318, 401, 336, 306, 356, 230, 282, 248, 355, 270, 153, 366, 192, 338, 345, 96, 200, 139, 253, 34, 140, 228, 411, 407, 3, 271, 127, 387, 304, 26, 82, 367, 55, 227, 264, 184, 390, 126, 298, 132, 66, 343, 297, 233, 342, 114, 131, 208, 155, 313, 375, 197, 283, 191, 349, 178, 383, 288, 363, 183, 177, 237, 279, 273, 413, 408, 352, 244, 284, 152, 232, 35, 350, 95, 333, 334, 112, 187, 268, 25, 57, 397, 11, 261, 280, 144, 243, 278, 108, 41, 190, 128, 12, 37, 222, 149, 205, 216, 266, 301, 404, 365, 105, 92, 386, 50, 161, 5, 381, 206, 94, 16, 292, 23, 166, 368, 314, 76, 68, 211, 214, 242, 141, 185, 332, 319, 75, 296, 303, 157, 121, 65, 1, 104, 251, 236, 295, 330, 39, 14, 412, 203, 164, 180, 196, 60, 369, 207, 71, 289, 20, 146, 275, 260, 181, 240, 415, 335, 45, 163, 376, 421, 59, 409, 38, 327, 42, 312, 9, 107, 347, 78, 52, 62, 48, 252, 85, 272, 18, 176, 81, 56, 102, 6, 151]
[Time: 28.06.23 07:50:50] [Level: info] transition: compute_std
[Time: 28.06.23 07:50:51] [Level: info] state: compute_std
[CTRL] GET /data
[CTRL] POST /data
(422, 1)
(422, 1)
[Time: 28.06.23 07:50:53] [Level: info] transition: apply_scaling
[Time: 28.06.23 07:50:54] [Level: info] state: apply_scaling
[CTRL] GET /data
[CTRL] POST /data
[Time: 28.06.23 07:50:56] [Level: info] Traceback (most recent call last):
  File "/app/engine/app.py", line 169, in guarded_run
    self.run()
  File "/app/engine/app.py", line 184, in run
    transition = self.current_state.run()
  File "/app/apps/svd/app.py", line 172, in run
    self.load('svd').apply_scaling(incoming, highly_variable=config.highly_variable) # mfa
AttributeError: 'NoneType' object has no attribute 'apply_scaling'

