2023-07-01 13:21:06,220 CRIT Supervisor is running as root.  Privileges were not dropped because no user is specified in the config file.  If you intend to run as root, you can set user=root in the config file to avoid this message.
2023-07-01 13:21:06,225 INFO supervisord started with pid 7
2023-07-01 13:21:07,228 INFO spawned: 'nginx' with pid 10
2023-07-01 13:21:07,230 INFO spawned: 'app' with pid 11
2023-07-01 13:21:08,263 INFO success: nginx entered RUNNING state, process has stayed up for > than 1 seconds (startsecs)
2023-07-01 13:21:08,263 INFO success: app entered RUNNING state, process has stayed up for > than 1 seconds (startsecs)
[CTRL] POST /setup
[Time: 01.07.23 13:21:10] [Level: info] id: 0e561bd8822b355b
[Time: 01.07.23 13:21:10] [Level: info] coordinator: False
[Time: 01.07.23 13:21:10] [Level: info] clients: ['dd744528bdc1b01e', '0e561bd8822b355b']
[Time: 01.07.23 13:21:10] [Level: info] state: initial
[CLIENT] Parsing parameter file...
[API] /setup parsing parameter file 
[API] /setup config file found ... parsing file: /mnt/input/config.yaml
YAML file does not follow specification: missing key: eigenvalues
Setting default: eigenvalues.tsv
YAML file does not follow specification: missing key: explained_variance
Setting default: eigenvalues.tsv
YAML file does not follow specification: missing key: output delimiter
Setting default: tab
[API] /setup config file found ... parsing done
[CLIENT] finished parsing parameter file.
[STARTUP] Instantiate SVD
[Time: 01.07.23 13:21:10] [Level: info] transition: init_pca
[Time: 01.07.23 13:21:11] [Level: info] state: init_pca
[STARTUP] Copy configuration and create dir
/mnt/input/hospital_data_bredel_1.csv
TEST: ['/mnt/input/data_wine_1.csv', '/mnt/input/data_wine_2.csv', '/mnt/input/data_wine_3.csv']
[STARTUP] Configuration copied
Log Transform performed
out {'Row names': array(['fruity', 'woody', 'coffee'], dtype=object), 'Sample count': 3, 'Nans': array([0, 0, 0])}
[Time: 01.07.23 13:21:11] [Level: info] transition: wait_for_params
[Time: 01.07.23 13:21:12] [Level: info] state: wait_for_params
[CTRL] GET /data
[CTRL] POST /data
setting parameters
[API] Setting parameters
['woody', 'coffee', 'fruity']
INDEX
[1, 2, 0]
[Time: 01.07.23 13:21:14] [Level: info] transition: compute_std
[Time: 01.07.23 13:21:15] [Level: info] state: compute_std
[CTRL] GET /data
[CTRL] POST /data
(3, 1)
[Time: 01.07.23 13:21:17] [Level: info] transition: apply_scaling
[Time: 01.07.23 13:21:18] [Level: info] state: apply_scaling
[CTRL] GET /data
[CTRL] POST /data
[1 2]
(array([], dtype=int64),)
CURRENT DATA:  <apps.svd.TabData.TabData object at 0x7fe52c7d5370>
[Time: 01.07.23 13:21:20] [Level: info] transition: mfa_prerequisites
[Time: 01.07.23 13:21:21] [Level: info] state: mfa_prerequisites
Calling start_power_iteration
[Time: 01.07.23 13:21:21] [Level: info] transition: start_power_iteration
[Time: 01.07.23 13:21:22] [Level: info] state: start_power_iteration
[STARTUP] Computing covariance matrix
[STARTUP] Random initialisation
TABDATA SCALED
[[-1.21264378  0.80546508  0.47054734]
 [-0.53813037  0.49463657  0.49463657]
 [ 1.07944432 -0.74520945 -0.21002947]]
[Time: 01.07.23 13:21:22] [Level: info] transition: compute_final_h_cov
[Time: 01.07.23 13:21:23] [Level: info] state: compute_final_h_cov
[CTRL] GET /data
[CTRL] POST /data
Setting k
starting eigenvector norms
2
[Time: 01.07.23 13:21:26] [Level: info] transition: compute_local_conorm
[Time: 01.07.23 13:21:27] [Level: info] state: compute_local_conorm
[CTRL] GET /data
[CTRL] POST /data
[Time: 01.07.23 13:21:29] [Level: info] transition: compute_local_norm
[Time: 01.07.23 13:21:30] [Level: info] state: compute_local_norm
[CTRL] GET /data
[CTRL] POST /data
starting orthogonalise_current
ending orthogonalise_current
starting eigenvector norms
2
[Time: 01.07.23 13:21:32] [Level: info] transition: normalize_g
[Time: 01.07.23 13:21:33] [Level: info] state: normalize_g
[CTRL] GET /data
[CTRL] POST /data
Normalising
(3, 2)
2
End normalising
(3, 2)
(2, 2)
(2,)
(3, 2)
[Time: 01.07.23 13:21:35] [Level: info] transition: separate_pca
[Time: 01.07.23 13:21:36] [Level: info] state: separate_pca
[Time: 01.07.23 13:21:36] [Level: info] transition: init_pca
[Time: 01.07.23 13:21:37] [Level: info] state: init_pca
[STARTUP] Copy configuration and create dir
/mnt/input/hospital_data_bredel_1.csv
TEST: ['/mnt/input/data_wine_1.csv', '/mnt/input/data_wine_2.csv', '/mnt/input/data_wine_3.csv']
[STARTUP] Configuration copied
Log Transform performed
out {'Row names': array(['red_fruit', 'roasted', 'vanillin', 'woody_2'], dtype=object), 'Sample count': 3, 'Nans': array([0, 0, 0, 0])}
[Time: 01.07.23 13:21:37] [Level: info] transition: wait_for_params
[Time: 01.07.23 13:21:38] [Level: info] state: wait_for_params
[CTRL] GET /data
[CTRL] POST /data
setting parameters
[API] Setting parameters
['roasted', 'woody_2', 'red_fruit', 'vanillin']
INDEX
[1, 3, 0, 2]
[Time: 01.07.23 13:21:41] [Level: info] transition: compute_std
[Time: 01.07.23 13:21:42] [Level: info] state: compute_std
[CTRL] GET /data
[CTRL] POST /data
(4, 1)
[Time: 01.07.23 13:21:44] [Level: info] transition: apply_scaling
[Time: 01.07.23 13:21:45] [Level: info] state: apply_scaling
[CTRL] GET /data
[CTRL] POST /data
[0 2 1]
(array([], dtype=int64),)
CURRENT DATA:  <apps.svd.TabData.TabData object at 0x7fe52c7d5070>
[Time: 01.07.23 13:21:47] [Level: info] transition: mfa_prerequisites
[Time: 01.07.23 13:21:48] [Level: info] state: mfa_prerequisites
Calling start_power_iteration
[Time: 01.07.23 13:21:48] [Level: info] transition: start_power_iteration
[Time: 01.07.23 13:21:49] [Level: info] state: start_power_iteration
[STARTUP] Computing covariance matrix
[STARTUP] Random initialisation
TABDATA SCALED
[[-1.26314037  0.76493348  0.76493348]
 [-0.60073593  0.76590344  0.76590344]
 [ 1.5044393  -0.49785477 -0.49785477]
 [-1.22927739  0.83707     0.28208191]]
[Time: 01.07.23 13:21:49] [Level: info] transition: compute_final_h_cov
[Time: 01.07.23 13:21:50] [Level: info] state: compute_final_h_cov
[CTRL] GET /data
[CTRL] POST /data
Setting k
starting eigenvector norms
3
[Time: 01.07.23 13:21:53] [Level: info] transition: compute_local_conorm
[Time: 01.07.23 13:21:54] [Level: info] state: compute_local_conorm
[CTRL] GET /data
[CTRL] POST /data
[Time: 01.07.23 13:21:56] [Level: info] transition: compute_local_norm
[Time: 01.07.23 13:21:57] [Level: info] state: compute_local_norm
[CTRL] GET /data
[CTRL] POST /data
starting orthogonalise_current
ending orthogonalise_current
starting eigenvector norms
3
[Time: 01.07.23 13:21:59] [Level: info] transition: compute_local_conorm
[Time: 01.07.23 13:22:00] [Level: info] state: compute_local_conorm
[CTRL] GET /data
[CTRL] POST /data
[Time: 01.07.23 13:22:02] [Level: info] transition: compute_local_norm
[Time: 01.07.23 13:22:03] [Level: info] state: compute_local_norm
[CTRL] GET /data
[CTRL] POST /data
starting orthogonalise_current
ending orthogonalise_current
starting eigenvector norms
3
[Time: 01.07.23 13:22:05] [Level: info] transition: normalize_g
[Time: 01.07.23 13:22:06] [Level: info] state: normalize_g
[CTRL] GET /data
[CTRL] POST /data
Normalising
(3, 3)
3
End normalising
(3, 3)
(3, 3)
(3,)
(3, 3)
[Time: 01.07.23 13:22:08] [Level: info] transition: separate_pca
[Time: 01.07.23 13:22:09] [Level: info] state: separate_pca
[Time: 01.07.23 13:22:09] [Level: info] transition: init_pca
[Time: 01.07.23 13:22:10] [Level: info] state: init_pca
[STARTUP] Copy configuration and create dir
/mnt/input/hospital_data_bredel_1.csv
TEST: ['/mnt/input/data_wine_1.csv', '/mnt/input/data_wine_2.csv', '/mnt/input/data_wine_3.csv']
[STARTUP] Configuration copied
Log Transform performed
out {'Row names': array(['fruity_2', 'butter', 'woody_3'], dtype=object), 'Sample count': 3, 'Nans': array([0, 0, 0])}
[Time: 01.07.23 13:22:10] [Level: info] transition: wait_for_params
[Time: 01.07.23 13:22:11] [Level: info] state: wait_for_params
[CTRL] GET /data
[CTRL] POST /data
setting parameters
[API] Setting parameters
['fruity_2', 'woody_3', 'butter']
INDEX
[0, 2, 1]
[Time: 01.07.23 13:22:14] [Level: info] transition: compute_std
[Time: 01.07.23 13:22:15] [Level: info] state: compute_std
[CTRL] GET /data
[CTRL] POST /data
(3, 1)
[Time: 01.07.23 13:22:17] [Level: info] transition: apply_scaling
[Time: 01.07.23 13:22:18] [Level: info] state: apply_scaling
[CTRL] GET /data
[CTRL] POST /data
[0 1]
(array([], dtype=int64),)
CURRENT DATA:  <apps.svd.TabData.TabData object at 0x7fe52c6cba90>
[Time: 01.07.23 13:22:20] [Level: info] transition: mfa_prerequisites
[Time: 01.07.23 13:22:21] [Level: info] state: mfa_prerequisites
Calling start_power_iteration
[Time: 01.07.23 13:22:21] [Level: info] transition: start_power_iteration
[Time: 01.07.23 13:22:22] [Level: info] state: start_power_iteration
[STARTUP] Computing covariance matrix
[STARTUP] Random initialisation
TABDATA SCALED
[[-0.47630665 -0.47630665 -1.3197291 ]
 [-0.74520945  0.83103354  0.54426434]
 [-0.83662619  0.69288031  0.93392557]]
[Time: 01.07.23 13:22:22] [Level: info] transition: compute_final_h_cov
[Time: 01.07.23 13:22:23] [Level: info] state: compute_final_h_cov
[CTRL] GET /data
[CTRL] POST /data
Setting k
starting eigenvector norms
2
[Time: 01.07.23 13:22:26] [Level: info] transition: compute_local_conorm
[Time: 01.07.23 13:22:27] [Level: info] state: compute_local_conorm
[CTRL] GET /data
[CTRL] POST /data
[Time: 01.07.23 13:22:29] [Level: info] transition: compute_local_norm
[Time: 01.07.23 13:22:30] [Level: info] state: compute_local_norm
[CTRL] GET /data
[CTRL] POST /data
starting orthogonalise_current
ending orthogonalise_current
starting eigenvector norms
2
[Time: 01.07.23 13:22:32] [Level: info] transition: normalize_g
[Time: 01.07.23 13:22:33] [Level: info] state: normalize_g
[CTRL] GET /data
[CTRL] POST /data
Normalising
(3, 2)
2
End normalising
(3, 2)
(2, 2)
(2,)
(3, 2)
[Time: 01.07.23 13:22:35] [Level: info] transition: separate_pca
[Time: 01.07.23 13:22:36] [Level: info] state: separate_pca
Starting scale tabdata
[Time: 01.07.23 13:22:36] [Level: info] transition: scale_tabdata
[Time: 01.07.23 13:22:37] [Level: info] state: scale_tabdata
Starting merge tabdata
[Time: 01.07.23 13:22:37] [Level: info] transition: merging_tabdata
[Time: 01.07.23 13:22:38] [Level: info] state: merging_tabdata
Starting global pca
[Time: 01.07.23 13:22:38] [Level: info] transition: init_pca
[Time: 01.07.23 13:22:39] [Level: info] state: init_pca
[STARTUP] Copy configuration and create dir
/mnt/input/hospital_data_bredel_1.csv
TEST: ['/mnt/input/data_wine_1.csv', '/mnt/input/data_wine_2.csv', '/mnt/input/data_wine_3.csv']
Log Transform performed
out {'Row names': array(['woody', 'coffee', 'fruity', 'roasted', 'woody_2', 'red_fruit',
       'vanillin', 'fruity_2', 'woody_3', 'butter'], dtype=object), 'Sample count': 3, 'Nans': array([0, 0, 0, 0, 0, 0, 0, 0, 0, 0])}
[Time: 01.07.23 13:22:39] [Level: info] transition: wait_for_params
[CTRL] GET /data
[Time: 01.07.23 13:22:40] [Level: info] state: wait_for_params
[CTRL] POST /data
setting parameters
[API] Setting parameters
['vanillin', 'woody_3', 'red_fruit', 'coffee', 'roasted', 'woody', 'fruity_2', 'butter', 'fruity', 'woody_2']
INDEX
[6, 8, 5, 1, 3, 0, 7, 9, 2, 4]
[Time: 01.07.23 13:22:41] [Level: info] transition: compute_std
[Time: 01.07.23 13:22:42] [Level: info] state: compute_std
[CTRL] GET /data
[CTRL] POST /data
(10, 1)
[Time: 01.07.23 13:22:44] [Level: info] transition: apply_scaling
[Time: 01.07.23 13:22:45] [Level: info] state: apply_scaling
[CTRL] GET /data
[CTRL] POST /data
[2 9 0 6 3 4 5 8 1]
(array([], dtype=int64),)
CURRENT DATA:  <apps.svd.TabData.TabData object at 0x7fe52c7d5700>
[Time: 01.07.23 13:22:47] [Level: info] transition: mfa_prerequisites
[Time: 01.07.23 13:22:48] [Level: info] state: mfa_prerequisites
Calling start_power_iteration
[Time: 01.07.23 13:22:48] [Level: info] transition: start_power_iteration
[Time: 01.07.23 13:22:49] [Level: info] state: start_power_iteration
[STARTUP] Computing covariance matrix
[STARTUP] Random initialisation
TABDATA SCALED
[[-1.26817869  0.77872632  0.42920577]
 [-0.40674389  0.71930767  0.57460204]
 [ 1.1999393  -0.29394295 -0.29394295]
 [-0.29486351  0.58784112  0.58784112]
 [-1.28025387  0.72321829  0.72321829]
 [-1.26174359  0.76367254  0.56532965]
 [-0.2402658  -0.2402658  -1.70527145]
 [-0.43598684  0.62328667  0.72852877]
 [ 0.84447177 -0.42845581  0.07977852]
 [-0.35993602  0.74171239  0.74171239]]
[Time: 01.07.23 13:22:49] [Level: info] transition: compute_final_h_cov
[Time: 01.07.23 13:22:50] [Level: info] state: compute_final_h_cov
[CTRL] GET /data
[CTRL] POST /data
Setting k
starting eigenvector norms
3
[Time: 01.07.23 13:22:53] [Level: info] transition: compute_local_conorm
[Time: 01.07.23 13:22:54] [Level: info] state: compute_local_conorm
[CTRL] GET /data
[CTRL] POST /data
[Time: 01.07.23 13:22:56] [Level: info] transition: compute_local_norm
[Time: 01.07.23 13:22:57] [Level: info] state: compute_local_norm
[CTRL] GET /data
[CTRL] POST /data
starting orthogonalise_current
ending orthogonalise_current
starting eigenvector norms
3
[Time: 01.07.23 13:22:59] [Level: info] transition: compute_local_conorm
[Time: 01.07.23 13:23:00] [Level: info] state: compute_local_conorm
[CTRL] GET /data
[CTRL] POST /data
[Time: 01.07.23 13:23:02] [Level: info] transition: compute_local_norm
[Time: 01.07.23 13:23:03] [Level: info] state: compute_local_norm
[CTRL] GET /data
[CTRL] POST /data
starting orthogonalise_current
ending orthogonalise_current
starting eigenvector norms
3
[Time: 01.07.23 13:23:05] [Level: info] transition: normalize_g
[Time: 01.07.23 13:23:06] [Level: info] state: normalize_g
[CTRL] GET /data
[CTRL] POST /data
Normalising
(3, 3)
3
End normalising
(3, 3)
(3, 3)
(3,)
(3, 3)
[Time: 01.07.23 13:23:08] [Level: info] transition: separate_pca
[Time: 01.07.23 13:23:09] [Level: info] state: separate_pca
Starting factor analysis
[Time: 01.07.23 13:23:09] [Level: info] transition: waiting_for_projection_matrix
[Time: 01.07.23 13:23:10] [Level: info] state: waiting_for_projection_matrix
