2023-06-28 07:52:30,253 CRIT Supervisor is running as root.  Privileges were not dropped because no user is specified in the config file.  If you intend to run as root, you can set user=root in the config file to avoid this message.
2023-06-28 07:52:30,254 INFO supervisord started with pid 7
2023-06-28 07:52:31,257 INFO spawned: 'nginx' with pid 10
2023-06-28 07:52:31,259 INFO spawned: 'app' with pid 11
2023-06-28 07:52:32,273 INFO success: nginx entered RUNNING state, process has stayed up for > than 1 seconds (startsecs)
2023-06-28 07:52:32,273 INFO success: app entered RUNNING state, process has stayed up for > than 1 seconds (startsecs)
[CTRL] POST /setup
[Time: 28.06.23 07:52:34] [Level: info] id: b0fc53b980a7495b
[Time: 28.06.23 07:52:34] [Level: info] coordinator: False
[Time: 28.06.23 07:52:34] [Level: info] clients: ['b0fc53b980a7495b', '8b9a772fad9680ba']
[Time: 28.06.23 07:52:34] [Level: info] state: initial
[CLIENT] Parsing parameter file...
[API] /setup parsing parameter file 
[API] /setup config file found ... parsing file: /mnt/input/config.yaml
YAML file does not follow specification: missing key: eigenvalues
Setting default: eigenvalues.tsv
YAML file does not follow specification: missing key: explained_variance
Setting default: eigenvalues.tsv
YAML file does not follow specification: missing key: output delimiter
Setting default: tab
[API] /setup config file found ... parsing done
[CLIENT] finished parsing parameter file.
[STARTUP] Instantiate SVD
[STARTUP] Copy configuration and create dir
[STARTUP] Configuration copied
Log Transform performed
[[ 6.74542027e-02  1.81002875e-01  1.61967477e-01 ...  5.41621673e-02
   2.44542698e-01 -2.60220260e-01]
 [-4.61545797e-01 -1.99712471e-03  2.53967477e-01 ...  8.65162167e-01
  -9.04573017e-02  1.22779740e-01]
 [ 1.17454203e-01  1.64002875e-01 -1.81032523e-01 ...  1.16216733e-03
   2.59542698e-01 -1.47220260e-01]
 ...
 [ 6.77109851e-01  5.27812409e-01  8.69196496e-01 ...  1.60968399e+00
   4.71524132e-01  6.26844003e-01]
 [-2.01389015e+00  7.88124088e-02  9.97196496e-01 ...  5.29683994e-01
   6.37524132e-01  1.15884400e+00]
 [-9.82890149e-01  4.64312409e-01  1.32619650e+00 ...  1.64683994e-01
   2.29524132e-01  5.23344003e-01]]
/app/apps/svd/FC_Federated_MFA.py:126: RuntimeWarning: invalid value encountered in log2
  tabdata.scaled = np.log2(tabdata.scaled+1)
[[ 9.41741748e-02  2.40012477e-01  2.16569689e-01 ...  7.60968214e-02
   3.15615728e-01 -4.34832304e-01]
 [-8.93104451e-01 -2.88412285e-03  3.26499931e-01 ...  8.99301072e-01
  -1.36786728e-01  1.67074937e-01]
 [ 1.60215706e-01  2.19094622e-01 -2.88121934e-01 ...  1.67567952e-03
   3.32900030e-01 -2.29754931e-01]
 ...
 [ 7.45977189e-01  6.11467414e-01  9.02418238e-01 ...  1.38387512e+00
   5.57311202e-01  7.02075918e-01]
 [            nan  1.09444021e-01  9.97976281e-01 ...  6.13233648e-01
   7.11516168e-01  1.11025900e+00]
 [-5.86902895e+00  5.50223383e-01  1.21797297e+00 ...  2.19938570e-01
   2.98100052e-01  6.07241769e-01]]
Log Transform performed
[[ 6.74542027e-02  1.81002875e-01  1.61967477e-01 ...  5.41621673e-02
   2.44542698e-01 -2.60220260e-01]
 [-4.61545797e-01 -1.99712471e-03  2.53967477e-01 ...  8.65162167e-01
  -9.04573017e-02  1.22779740e-01]
 [ 1.17454203e-01  1.64002875e-01 -1.81032523e-01 ...  1.16216733e-03
   2.59542698e-01 -1.47220260e-01]
/app/apps/svd/FC_Federated_MFA.py:126: RuntimeWarning: invalid value encountered in log2
  tabdata.scaled = np.log2(tabdata.scaled+1)
 ...
 [ 6.77109851e-01  5.27812409e-01  8.69196496e-01 ...  1.60968399e+00
   4.71524132e-01  6.26844003e-01]
 [-2.01389015e+00  7.88124088e-02  9.97196496e-01 ...  5.29683994e-01
   6.37524132e-01  1.15884400e+00]
 [-9.82890149e-01  4.64312409e-01  1.32619650e+00 ...  1.64683994e-01
   2.29524132e-01  5.23344003e-01]]
[[ 9.41741748e-02  2.40012477e-01  2.16569689e-01 ...  7.60968214e-02
   3.15615728e-01 -4.34832304e-01]
 [-8.93104451e-01 -2.88412285e-03  3.26499931e-01 ...  8.99301072e-01
  -1.36786728e-01  1.67074937e-01]
 [ 1.60215706e-01  2.19094622e-01 -2.88121934e-01 ...  1.67567952e-03
   3.32900030e-01 -2.29754931e-01]
 ...
 [ 7.45977189e-01  6.11467414e-01  9.02418238e-01 ...  1.38387512e+00
   5.57311202e-01  7.02075918e-01]
 [            nan  1.09444021e-01  9.97976281e-01 ...  6.13233648e-01
   7.11516168e-01  1.11025900e+00]
 [-5.86902895e+00  5.50223383e-01  1.21797297e+00 ...  2.19938570e-01
   2.98100052e-01  6.07241769e-01]]
[Time: 28.06.23 07:52:34] [Level: info] transition: wait_for_params
[Time: 28.06.23 07:52:35] [Level: info] state: wait_for_params
[CTRL] GET /data
[CTRL] POST /data
setting parameters
INCOMINGS
[{'PCs': 43, <COParams.SEND_PROJ: ('Send projections', False)>: False, 'Row names': ['CSPG2', 'POSTN', 'AI263051', 'CD47', 'MSN', 'TIMP3', 'DKFZp313A2432', 'LOC613212', 'CCDC3', 'H91845', 'H78560', 'ID3', 'STK17A', 'T97457', 'PDE4DIP', 'NMNAT2', 'OSBPL1A', 'SOCS3', 'KCNMA1', 'CAMK2A', 'R61377', 'EDNRB', 'EDG1', 'ZNF160', 'VASP', 'ANXA1', 'ZNF329', 'COL1A1', 'AA489629', 'HK2', 'SNRPN', 'AA281932', 'SVIL', 'LAMA4', 'C1orf63', 'KCNQ2', 'HBXIP', 'NLGN1', 'SRPX', 'SORT1', 'KLRC2', 'HLA.G', 'ARPP.19', 'ESM1', 'RBP4', 'AI005038', 'AI002301', 'SAA2', 'ZFHX1B', 'PEG3', 'CLSTN3', 'CAPG', 'BCAM', 'MRC2', 'DUS3L', 'ANXA5', 'PALLD', 'TIMP1', 'VEGF', 'AI262682', 'AEBP1', 'ASPA', 'ADAM19', 'KIAA1543', 'NDUFB11', 'OSR1', 'IQSEC1', 'DDN', 'COL1A2', 'SERPING1', 'HBA1', 'STC1', 'LTF', 'GPSM2', 'T62491', 'TLL2', 'AA181288', 'MED11', 'MYC', 'MGC42367', 'STXBP1', 'APOC2', 'NEFH', 'LOC389831', 'CDC20B', 'R70684', 'AA906888', 'FGF13', 'C6orf12', 'AA479357', 'FBXO2', 'SERPINI1', 'DMN', 'NCF1', 'H41096', 'BNIP2', 'ACAD8', 'EDG3', 'DYNLT1', 'AKR1C1', 'ADFP', 'TTC23', 'IGHG1', 'CD58', 'CKMT1A', 'DSCR1L1', 'SLC35A2', 'CACNB3', 'PPP3CA', 'NCF2', 'PPP3CB', 'DEF6', 'KLRC3', 'H20822', 'MGC18216', 'CLCA3', 'HSPG2', 'H10054', 'CALM1', 'CLTB', 'ID4', 'FBXL16', 'SCN2B', 'IFI30', 'L3MBTL4', 'SOX4', 'ITGA9', 'RAB20', 'PLAU', 'IL21R', 'BCL2A1', 'AA598555', 'DECR2', 'CBLN2', 'CA11', 'CHN1', 'NPC2', 'C1R', 'ZNF549', 'A2BP1', 'STEAP3', 'X38595', 'KIAA1644', 'CCL2', 'PYGL', 'FAM84B', 'LOC541471', 'HCLS1', 'COX6A2', 'NY.SAR.48', 'PRSS3', 'AI822135', 'TNFAIP3', 'PNCK', 'AA975768', 'COL6A2', 'PRKCG', 'ATP6V1C1', 'MVP', 'IGF1R', 'RUNX1', 'AKR1C2', 'ZNF419B', 'ITGA5', 'AA598631', 'ADM', 'CAMKK2', 'PRG1', 'WDR7', 'DDEF1', 'RPS19BP1', 'KLRC1', 'PYCR1', 'MAPKBP1', 'IGF2BP3', 'FCGRT', 'TMEM49', 'PLP2', 'APOC1', 'CDKN2D', 'GBP1', 'LHFPL2', 'CYR61', 'PPP1R14A', 'LOC146795', 'H86813', 'VAMP2', 'MOAP1', 'LRBA', 'SNCG', 'ZNF217', 'L1CAM', 'TNC', 'TCF7L1', 'MSTP9', 'AA398420', 'LUM', 'MGC26694', 'MDK', 'LSP1', 'EGLN2', 'AA424849', 'SP100', 'C1orf187', 'BLVRB', 'HLA.A', 'FLJ35740', 'DES', 'D21S2089E', 'FAM46A', 'S100A10', 'MICAL2', 'EMP3', 'RGS16', 'TSPAN4', 'H08563', 'COL4A2', 'STMN1', 'APCS', 'HAMP', 'CA12', 'PHLDA1', 'YWHAH', 'LYN', 'SLC15A2', 'RPS3A', 'MYBPC2', 'S100A11', 'N98591', 'FN1', 'MYCBP2', 'EXT1', 'PCDHGC3', 'CACNB2', 'SUV39H1', 'DLL3', 'PRKAR1B', 'LMO7', 'HEY1', 'CD44', 'RBP7', 'TMEM146', 'ITGA3', 'ANK3', 'SYNGR3', 'MTHFD2', 'CAP2', 'SERPINA3', 'PRKCZ', 'NR4A1', 'IL1RAP', 'KNS2', 'WWTR1', 'LOC400451', 'RTN3', 'MDFI', 'TAP1', 'CCR1', 'TncRNA', 'AP4B1', 'EFHB', 'VSNL1', 'H24428', 'ADCY1', 'NSF', 'SYT7', 'TFDP2', 'BGN', 'TGFBI', 'MST150', 'CYBA', 'FREQ', 'CASP1', 'HNRNPG.T', 'FBXO32', 'PSD3', 'HPRT1', 'HLA.DRB1', 'NNMT', 'KCNK6', 'FAS', 'INPP5F', 'MST1', 'RFXAP', 'CBX6', 'NOTCH1', 'PRKCB1', 'SCAMP5', 'FABP3', 'PYHIN1', 'AI871056', 'URP2', 'PDLIM7', 'NLK', 'SBP1', 'LILRA1', 'RALY', 'AA490257', 'HPCA', 'CD53', 'FLJ38984', 'DCLRE1B', 'USP6NL', 'WASF1', 'MB', 'PLAUR', 'ITPKA', 'DPYD', 'MASP1', 'IGSF3', 'FAM84A', 'ZNF233', 'PDXP', 'C16orf5', 'DDIT4', 'S100A1', 'PDPN', 'RAB27B', 'SLC16A3', 'SPINT2', 'X37864', 'SERPINH1', 'UBA52', 'LY96', 'GPNMB', 'COX7A1', 'MGC39606', 'C4A', 'PSG1', 'COL9A2', 'FBL', 'LAPTM5', 'PLA2G2A', 'LOC283070', 'HMOX1', 'DIP2C', 'LAMB1', 'CTHRC1', 'PLTP', 'IGFBP5', 'LGALS3', 'RAB11FIP4', 'NDST1', 'CAV1', 'PSG5', 'NUAK1', 'EPHB1', 'DNASE1L1', 'HLA.F', 'UGCG', 'LOC57228', 'AI335002', 'TBC1D7', 'TXNDC', 'R70506', 'GYPC', 'LOC283130', 'EPB49', 'TOMM40', 'PARP14', 'GADD45B', 'AA131320', 'NPTX1', 'KCNJ1', 'EID.3', 'TSPYL1', 'RND3', 'FZD7', 'AA029415', 'PRRX1', 'AA401952', 'GAS1', 'GOT1', 'NPL', 'PDE2A', 'PLOD2', 'TSPAN6', 'PTPRZ1', 'CLIC1', 'RAB30', 'AI357047', 'PCP4', 'SETD5', 'SPARC', 'AI350724', 'FBXW7', 'USP3', 'UBE4B', 'LOC388610', 'IGFBP3', 'TNFRSF12A', 'MGP', 'CHI3L2', 'GABBR1', 'F13A1', 'CEAL1', 'ABCC3', 'TCTEX1D1', 'R52960', 'ADARB2', 'SPAG6', 'PRSS1', 'AIF1', 'IMAGE.33267', 'MMP2', 'C8orf4', 'C9orf48', 'CDKN1A', 'T51726', 'ZNF226', 'KIAA0963', 'PARD3', 'MAL2', 'FCGR2B', 'GBP2', 'AA669383', 'YWHAG', 'GYPA', 'COL3A1', 'IL32', 'ABCA5', 'W93688']}, {'PCs': 43, <COParams.SEND_PROJ: ('Send projections', False)>: False, 'Row names': ['CSPG2', 'POSTN', 'AI263051', 'CD47', 'MSN', 'TIMP3', 'DKFZp313A2432', 'LOC613212', 'CCDC3', 'H91845', 'H78560', 'ID3', 'STK17A', 'T97457', 'PDE4DIP', 'NMNAT2', 'OSBPL1A', 'SOCS3', 'KCNMA1', 'CAMK2A', 'R61377', 'EDNRB', 'EDG1', 'ZNF160', 'VASP', 'ANXA1', 'ZNF329', 'COL1A1', 'AA489629', 'HK2', 'SNRPN', 'AA281932', 'SVIL', 'LAMA4', 'C1orf63', 'KCNQ2', 'HBXIP', 'NLGN1', 'SRPX', 'SORT1', 'KLRC2', 'HLA.G', 'ARPP.19', 'ESM1', 'RBP4', 'AI005038', 'AI002301', 'SAA2', 'ZFHX1B', 'PEG3', 'CLSTN3', 'CAPG', 'BCAM', 'MRC2', 'DUS3L', 'ANXA5', 'PALLD', 'TIMP1', 'VEGF', 'AI262682', 'AEBP1', 'ASPA', 'ADAM19', 'KIAA1543', 'NDUFB11', 'OSR1', 'IQSEC1', 'DDN', 'COL1A2', 'SERPING1', 'HBA1', 'STC1', 'LTF', 'GPSM2', 'T62491', 'TLL2', 'AA181288', 'MED11', 'MYC', 'MGC42367', 'STXBP1', 'APOC2', 'NEFH', 'LOC389831', 'CDC20B', 'R70684', 'AA906888', 'FGF13', 'C6orf12', 'AA479357', 'FBXO2', 'SERPINI1', 'DMN', 'NCF1', 'H41096', 'BNIP2', 'ACAD8', 'EDG3', 'DYNLT1', 'AKR1C1', 'ADFP', 'TTC23', 'IGHG1', 'CD58', 'CKMT1A', 'DSCR1L1', 'SLC35A2', 'CACNB3', 'PPP3CA', 'NCF2', 'PPP3CB', 'DEF6', 'KLRC3', 'H20822', 'MGC18216', 'CLCA3', 'HSPG2', 'H10054', 'CALM1', 'CLTB', 'ID4', 'FBXL16', 'SCN2B', 'IFI30', 'L3MBTL4', 'SOX4', 'ITGA9', 'RAB20', 'PLAU', 'IL21R', 'BCL2A1', 'AA598555', 'DECR2', 'CBLN2', 'CA11', 'CHN1', 'NPC2', 'C1R', 'ZNF549', 'A2BP1', 'STEAP3', 'X38595', 'KIAA1644', 'CCL2', 'PYGL', 'FAM84B', 'LOC541471', 'HCLS1', 'COX6A2', 'NY.SAR.48', 'PRSS3', 'AI822135', 'TNFAIP3', 'PNCK', 'AA975768', 'COL6A2', 'PRKCG', 'ATP6V1C1', 'MVP', 'IGF1R', 'RUNX1', 'AKR1C2', 'ZNF419B', 'ITGA5', 'AA598631', 'ADM', 'CAMKK2', 'PRG1', 'WDR7', 'DDEF1', 'RPS19BP1', 'KLRC1', 'PYCR1', 'MAPKBP1', 'IGF2BP3', 'FCGRT', 'TMEM49', 'PLP2', 'APOC1', 'CDKN2D', 'GBP1', 'LHFPL2', 'CYR61', 'PPP1R14A', 'LOC146795', 'H86813', 'VAMP2', 'MOAP1', 'LRBA', 'SNCG', 'ZNF217', 'L1CAM', 'TNC', 'TCF7L1', 'MSTP9', 'AA398420', 'LUM', 'MGC26694', 'MDK', 'LSP1', 'EGLN2', 'AA424849', 'SP100', 'C1orf187', 'BLVRB', 'HLA.A', 'FLJ35740', 'DES', 'D21S2089E', 'FAM46A', 'S100A10', 'MICAL2', 'EMP3', 'RGS16', 'TSPAN4', 'H08563', 'COL4A2', 'STMN1', 'APCS', 'HAMP', 'CA12', 'PHLDA1', 'YWHAH', 'LYN', 'SLC15A2', 'RPS3A', 'MYBPC2', 'S100A11', 'N98591', 'FN1', 'MYCBP2', 'EXT1', 'PCDHGC3', 'CACNB2', 'SUV39H1', 'DLL3', 'PRKAR1B', 'LMO7', 'HEY1', 'CD44', 'RBP7', 'TMEM146', 'ITGA3', 'ANK3', 'SYNGR3', 'MTHFD2', 'CAP2', 'SERPINA3', 'PRKCZ', 'NR4A1', 'IL1RAP', 'KNS2', 'WWTR1', 'LOC400451', 'RTN3', 'MDFI', 'TAP1', 'CCR1', 'TncRNA', 'AP4B1', 'EFHB', 'VSNL1', 'H24428', 'ADCY1', 'NSF', 'SYT7', 'TFDP2', 'BGN', 'TGFBI', 'MST150', 'CYBA', 'FREQ', 'CASP1', 'HNRNPG.T', 'FBXO32', 'PSD3', 'HPRT1', 'HLA.DRB1', 'NNMT', 'KCNK6', 'FAS', 'INPP5F', 'MST1', 'RFXAP', 'CBX6', 'NOTCH1', 'PRKCB1', 'SCAMP5', 'FABP3', 'PYHIN1', 'AI871056', 'URP2', 'PDLIM7', 'NLK', 'SBP1', 'LILRA1', 'RALY', 'AA490257', 'HPCA', 'CD53', 'FLJ38984', 'DCLRE1B', 'USP6NL', 'WASF1', 'MB', 'PLAUR', 'ITPKA', 'DPYD', 'MASP1', 'IGSF3', 'FAM84A', 'ZNF233', 'PDXP', 'C16orf5', 'DDIT4', 'S100A1', 'PDPN', 'RAB27B', 'SLC16A3', 'SPINT2', 'X37864', 'SERPINH1', 'UBA52', 'LY96', 'GPNMB', 'COX7A1', 'MGC39606', 'C4A', 'PSG1', 'COL9A2', 'FBL', 'LAPTM5', 'PLA2G2A', 'LOC283070', 'HMOX1', 'DIP2C', 'LAMB1', 'CTHRC1', 'PLTP', 'IGFBP5', 'LGALS3', 'RAB11FIP4', 'NDST1', 'CAV1', 'PSG5', 'NUAK1', 'EPHB1', 'DNASE1L1', 'HLA.F', 'UGCG', 'LOC57228', 'AI335002', 'TBC1D7', 'TXNDC', 'R70506', 'GYPC', 'LOC283130', 'EPB49', 'TOMM40', 'PARP14', 'GADD45B', 'AA131320', 'NPTX1', 'KCNJ1', 'EID.3', 'TSPYL1', 'RND3', 'FZD7', 'AA029415', 'PRRX1', 'AA401952', 'GAS1', 'GOT1', 'NPL', 'PDE2A', 'PLOD2', 'TSPAN6', 'PTPRZ1', 'CLIC1', 'RAB30', 'AI357047', 'PCP4', 'SETD5', 'SPARC', 'AI350724', 'FBXW7', 'USP3', 'UBE4B', 'LOC388610', 'IGFBP3', 'TNFRSF12A', 'MGP', 'CHI3L2', 'GABBR1', 'F13A1', 'CEAL1', 'ABCC3', 'TCTEX1D1', 'R52960', 'ADARB2', 'SPAG6', 'PRSS1', 'AIF1', 'IMAGE.33267', 'MMP2', 'C8orf4', 'C9orf48', 'CDKN1A', 'T51726', 'ZNF226', 'KIAA0963', 'PARD3', 'MAL2', 'FCGR2B', 'GBP2', 'AA669383', 'YWHAG', 'GYPA', 'COL3A1', 'IL32', 'ABCA5', 'W93688']}]
INCOMING
{'PCs': 43, <COParams.SEND_PROJ: ('Send projections', False)>: False, 'Row names': ['CSPG2', 'POSTN', 'AI263051', 'CD47', 'MSN', 'TIMP3', 'DKFZp313A2432', 'LOC613212', 'CCDC3', 'H91845', 'H78560', 'ID3', 'STK17A', 'T97457', 'PDE4DIP', 'NMNAT2', 'OSBPL1A', 'SOCS3', 'KCNMA1', 'CAMK2A', 'R61377', 'EDNRB', 'EDG1', 'ZNF160', 'VASP', 'ANXA1', 'ZNF329', 'COL1A1', 'AA489629', 'HK2', 'SNRPN', 'AA281932', 'SVIL', 'LAMA4', 'C1orf63', 'KCNQ2', 'HBXIP', 'NLGN1', 'SRPX', 'SORT1', 'KLRC2', 'HLA.G', 'ARPP.19', 'ESM1', 'RBP4', 'AI005038', 'AI002301', 'SAA2', 'ZFHX1B', 'PEG3', 'CLSTN3', 'CAPG', 'BCAM', 'MRC2', 'DUS3L', 'ANXA5', 'PALLD', 'TIMP1', 'VEGF', 'AI262682', 'AEBP1', 'ASPA', 'ADAM19', 'KIAA1543', 'NDUFB11', 'OSR1', 'IQSEC1', 'DDN', 'COL1A2', 'SERPING1', 'HBA1', 'STC1', 'LTF', 'GPSM2', 'T62491', 'TLL2', 'AA181288', 'MED11', 'MYC', 'MGC42367', 'STXBP1', 'APOC2', 'NEFH', 'LOC389831', 'CDC20B', 'R70684', 'AA906888', 'FGF13', 'C6orf12', 'AA479357', 'FBXO2', 'SERPINI1', 'DMN', 'NCF1', 'H41096', 'BNIP2', 'ACAD8', 'EDG3', 'DYNLT1', 'AKR1C1', 'ADFP', 'TTC23', 'IGHG1', 'CD58', 'CKMT1A', 'DSCR1L1', 'SLC35A2', 'CACNB3', 'PPP3CA', 'NCF2', 'PPP3CB', 'DEF6', 'KLRC3', 'H20822', 'MGC18216', 'CLCA3', 'HSPG2', 'H10054', 'CALM1', 'CLTB', 'ID4', 'FBXL16', 'SCN2B', 'IFI30', 'L3MBTL4', 'SOX4', 'ITGA9', 'RAB20', 'PLAU', 'IL21R', 'BCL2A1', 'AA598555', 'DECR2', 'CBLN2', 'CA11', 'CHN1', 'NPC2', 'C1R', 'ZNF549', 'A2BP1', 'STEAP3', 'X38595', 'KIAA1644', 'CCL2', 'PYGL', 'FAM84B', 'LOC541471', 'HCLS1', 'COX6A2', 'NY.SAR.48', 'PRSS3', 'AI822135', 'TNFAIP3', 'PNCK', 'AA975768', 'COL6A2', 'PRKCG', 'ATP6V1C1', 'MVP', 'IGF1R', 'RUNX1', 'AKR1C2', 'ZNF419B', 'ITGA5', 'AA598631', 'ADM', 'CAMKK2', 'PRG1', 'WDR7', 'DDEF1', 'RPS19BP1', 'KLRC1', 'PYCR1', 'MAPKBP1', 'IGF2BP3', 'FCGRT', 'TMEM49', 'PLP2', 'APOC1', 'CDKN2D', 'GBP1', 'LHFPL2', 'CYR61', 'PPP1R14A', 'LOC146795', 'H86813', 'VAMP2', 'MOAP1', 'LRBA', 'SNCG', 'ZNF217', 'L1CAM', 'TNC', 'TCF7L1', 'MSTP9', 'AA398420', 'LUM', 'MGC26694', 'MDK', 'LSP1', 'EGLN2', 'AA424849', 'SP100', 'C1orf187', 'BLVRB', 'HLA.A', 'FLJ35740', 'DES', 'D21S2089E', 'FAM46A', 'S100A10', 'MICAL2', 'EMP3', 'RGS16', 'TSPAN4', 'H08563', 'COL4A2', 'STMN1', 'APCS', 'HAMP', 'CA12', 'PHLDA1', 'YWHAH', 'LYN', 'SLC15A2', 'RPS3A', 'MYBPC2', 'S100A11', 'N98591', 'FN1', 'MYCBP2', 'EXT1', 'PCDHGC3', 'CACNB2', 'SUV39H1', 'DLL3', 'PRKAR1B', 'LMO7', 'HEY1', 'CD44', 'RBP7', 'TMEM146', 'ITGA3', 'ANK3', 'SYNGR3', 'MTHFD2', 'CAP2', 'SERPINA3', 'PRKCZ', 'NR4A1', 'IL1RAP', 'KNS2', 'WWTR1', 'LOC400451', 'RTN3', 'MDFI', 'TAP1', 'CCR1', 'TncRNA', 'AP4B1', 'EFHB', 'VSNL1', 'H24428', 'ADCY1', 'NSF', 'SYT7', 'TFDP2', 'BGN', 'TGFBI', 'MST150', 'CYBA', 'FREQ', 'CASP1', 'HNRNPG.T', 'FBXO32', 'PSD3', 'HPRT1', 'HLA.DRB1', 'NNMT', 'KCNK6', 'FAS', 'INPP5F', 'MST1', 'RFXAP', 'CBX6', 'NOTCH1', 'PRKCB1', 'SCAMP5', 'FABP3', 'PYHIN1', 'AI871056', 'URP2', 'PDLIM7', 'NLK', 'SBP1', 'LILRA1', 'RALY', 'AA490257', 'HPCA', 'CD53', 'FLJ38984', 'DCLRE1B', 'USP6NL', 'WASF1', 'MB', 'PLAUR', 'ITPKA', 'DPYD', 'MASP1', 'IGSF3', 'FAM84A', 'ZNF233', 'PDXP', 'C16orf5', 'DDIT4', 'S100A1', 'PDPN', 'RAB27B', 'SLC16A3', 'SPINT2', 'X37864', 'SERPINH1', 'UBA52', 'LY96', 'GPNMB', 'COX7A1', 'MGC39606', 'C4A', 'PSG1', 'COL9A2', 'FBL', 'LAPTM5', 'PLA2G2A', 'LOC283070', 'HMOX1', 'DIP2C', 'LAMB1', 'CTHRC1', 'PLTP', 'IGFBP5', 'LGALS3', 'RAB11FIP4', 'NDST1', 'CAV1', 'PSG5', 'NUAK1', 'EPHB1', 'DNASE1L1', 'HLA.F', 'UGCG', 'LOC57228', 'AI335002', 'TBC1D7', 'TXNDC', 'R70506', 'GYPC', 'LOC283130', 'EPB49', 'TOMM40', 'PARP14', 'GADD45B', 'AA131320', 'NPTX1', 'KCNJ1', 'EID.3', 'TSPYL1', 'RND3', 'FZD7', 'AA029415', 'PRRX1', 'AA401952', 'GAS1', 'GOT1', 'NPL', 'PDE2A', 'PLOD2', 'TSPAN6', 'PTPRZ1', 'CLIC1', 'RAB30', 'AI357047', 'PCP4', 'SETD5', 'SPARC', 'AI350724', 'FBXW7', 'USP3', 'UBE4B', 'LOC388610', 'IGFBP3', 'TNFRSF12A', 'MGP', 'CHI3L2', 'GABBR1', 'F13A1', 'CEAL1', 'ABCC3', 'TCTEX1D1', 'R52960', 'ADARB2', 'SPAG6', 'PRSS1', 'AIF1', 'IMAGE.33267', 'MMP2', 'C8orf4', 'C9orf48', 'CDKN1A', 'T51726', 'ZNF226', 'KIAA0963', 'PARD3', 'MAL2', 'FCGR2B', 'GBP2', 'AA669383', 'YWHAG', 'GYPA', 'COL3A1', 'IL32', 'ABCA5', 'W93688']}
K
[43, 43]
incoming[COParams.PCS.n]
43
INCOMING
{'PCs': 43, <COParams.SEND_PROJ: ('Send projections', False)>: False, 'Row names': ['CSPG2', 'POSTN', 'AI263051', 'CD47', 'MSN', 'TIMP3', 'DKFZp313A2432', 'LOC613212', 'CCDC3', 'H91845', 'H78560', 'ID3', 'STK17A', 'T97457', 'PDE4DIP', 'NMNAT2', 'OSBPL1A', 'SOCS3', 'KCNMA1', 'CAMK2A', 'R61377', 'EDNRB', 'EDG1', 'ZNF160', 'VASP', 'ANXA1', 'ZNF329', 'COL1A1', 'AA489629', 'HK2', 'SNRPN', 'AA281932', 'SVIL', 'LAMA4', 'C1orf63', 'KCNQ2', 'HBXIP', 'NLGN1', 'SRPX', 'SORT1', 'KLRC2', 'HLA.G', 'ARPP.19', 'ESM1', 'RBP4', 'AI005038', 'AI002301', 'SAA2', 'ZFHX1B', 'PEG3', 'CLSTN3', 'CAPG', 'BCAM', 'MRC2', 'DUS3L', 'ANXA5', 'PALLD', 'TIMP1', 'VEGF', 'AI262682', 'AEBP1', 'ASPA', 'ADAM19', 'KIAA1543', 'NDUFB11', 'OSR1', 'IQSEC1', 'DDN', 'COL1A2', 'SERPING1', 'HBA1', 'STC1', 'LTF', 'GPSM2', 'T62491', 'TLL2', 'AA181288', 'MED11', 'MYC', 'MGC42367', 'STXBP1', 'APOC2', 'NEFH', 'LOC389831', 'CDC20B', 'R70684', 'AA906888', 'FGF13', 'C6orf12', 'AA479357', 'FBXO2', 'SERPINI1', 'DMN', 'NCF1', 'H41096', 'BNIP2', 'ACAD8', 'EDG3', 'DYNLT1', 'AKR1C1', 'ADFP', 'TTC23', 'IGHG1', 'CD58', 'CKMT1A', 'DSCR1L1', 'SLC35A2', 'CACNB3', 'PPP3CA', 'NCF2', 'PPP3CB', 'DEF6', 'KLRC3', 'H20822', 'MGC18216', 'CLCA3', 'HSPG2', 'H10054', 'CALM1', 'CLTB', 'ID4', 'FBXL16', 'SCN2B', 'IFI30', 'L3MBTL4', 'SOX4', 'ITGA9', 'RAB20', 'PLAU', 'IL21R', 'BCL2A1', 'AA598555', 'DECR2', 'CBLN2', 'CA11', 'CHN1', 'NPC2', 'C1R', 'ZNF549', 'A2BP1', 'STEAP3', 'X38595', 'KIAA1644', 'CCL2', 'PYGL', 'FAM84B', 'LOC541471', 'HCLS1', 'COX6A2', 'NY.SAR.48', 'PRSS3', 'AI822135', 'TNFAIP3', 'PNCK', 'AA975768', 'COL6A2', 'PRKCG', 'ATP6V1C1', 'MVP', 'IGF1R', 'RUNX1', 'AKR1C2', 'ZNF419B', 'ITGA5', 'AA598631', 'ADM', 'CAMKK2', 'PRG1', 'WDR7', 'DDEF1', 'RPS19BP1', 'KLRC1', 'PYCR1', 'MAPKBP1', 'IGF2BP3', 'FCGRT', 'TMEM49', 'PLP2', 'APOC1', 'CDKN2D', 'GBP1', 'LHFPL2', 'CYR61', 'PPP1R14A', 'LOC146795', 'H86813', 'VAMP2', 'MOAP1', 'LRBA', 'SNCG', 'ZNF217', 'L1CAM', 'TNC', 'TCF7L1', 'MSTP9', 'AA398420', 'LUM', 'MGC26694', 'MDK', 'LSP1', 'EGLN2', 'AA424849', 'SP100', 'C1orf187', 'BLVRB', 'HLA.A', 'FLJ35740', 'DES', 'D21S2089E', 'FAM46A', 'S100A10', 'MICAL2', 'EMP3', 'RGS16', 'TSPAN4', 'H08563', 'COL4A2', 'STMN1', 'APCS', 'HAMP', 'CA12', 'PHLDA1', 'YWHAH', 'LYN', 'SLC15A2', 'RPS3A', 'MYBPC2', 'S100A11', 'N98591', 'FN1', 'MYCBP2', 'EXT1', 'PCDHGC3', 'CACNB2', 'SUV39H1', 'DLL3', 'PRKAR1B', 'LMO7', 'HEY1', 'CD44', 'RBP7', 'TMEM146', 'ITGA3', 'ANK3', 'SYNGR3', 'MTHFD2', 'CAP2', 'SERPINA3', 'PRKCZ', 'NR4A1', 'IL1RAP', 'KNS2', 'WWTR1', 'LOC400451', 'RTN3', 'MDFI', 'TAP1', 'CCR1', 'TncRNA', 'AP4B1', 'EFHB', 'VSNL1', 'H24428', 'ADCY1', 'NSF', 'SYT7', 'TFDP2', 'BGN', 'TGFBI', 'MST150', 'CYBA', 'FREQ', 'CASP1', 'HNRNPG.T', 'FBXO32', 'PSD3', 'HPRT1', 'HLA.DRB1', 'NNMT', 'KCNK6', 'FAS', 'INPP5F', 'MST1', 'RFXAP', 'CBX6', 'NOTCH1', 'PRKCB1', 'SCAMP5', 'FABP3', 'PYHIN1', 'AI871056', 'URP2', 'PDLIM7', 'NLK', 'SBP1', 'LILRA1', 'RALY', 'AA490257', 'HPCA', 'CD53', 'FLJ38984', 'DCLRE1B', 'USP6NL', 'WASF1', 'MB', 'PLAUR', 'ITPKA', 'DPYD', 'MASP1', 'IGSF3', 'FAM84A', 'ZNF233', 'PDXP', 'C16orf5', 'DDIT4', 'S100A1', 'PDPN', 'RAB27B', 'SLC16A3', 'SPINT2', 'X37864', 'SERPINH1', 'UBA52', 'LY96', 'GPNMB', 'COX7A1', 'MGC39606', 'C4A', 'PSG1', 'COL9A2', 'FBL', 'LAPTM5', 'PLA2G2A', 'LOC283070', 'HMOX1', 'DIP2C', 'LAMB1', 'CTHRC1', 'PLTP', 'IGFBP5', 'LGALS3', 'RAB11FIP4', 'NDST1', 'CAV1', 'PSG5', 'NUAK1', 'EPHB1', 'DNASE1L1', 'HLA.F', 'UGCG', 'LOC57228', 'AI335002', 'TBC1D7', 'TXNDC', 'R70506', 'GYPC', 'LOC283130', 'EPB49', 'TOMM40', 'PARP14', 'GADD45B', 'AA131320', 'NPTX1', 'KCNJ1', 'EID.3', 'TSPYL1', 'RND3', 'FZD7', 'AA029415', 'PRRX1', 'AA401952', 'GAS1', 'GOT1', 'NPL', 'PDE2A', 'PLOD2', 'TSPAN6', 'PTPRZ1', 'CLIC1', 'RAB30', 'AI357047', 'PCP4', 'SETD5', 'SPARC', 'AI350724', 'FBXW7', 'USP3', 'UBE4B', 'LOC388610', 'IGFBP3', 'TNFRSF12A', 'MGP', 'CHI3L2', 'GABBR1', 'F13A1', 'CEAL1', 'ABCC3', 'TCTEX1D1', 'R52960', 'ADARB2', 'SPAG6', 'PRSS1', 'AIF1', 'IMAGE.33267', 'MMP2', 'C8orf4', 'C9orf48', 'CDKN1A', 'T51726', 'ZNF226', 'KIAA0963', 'PARD3', 'MAL2', 'FCGR2B', 'GBP2', 'AA669383', 'YWHAG', 'GYPA', 'COL3A1', 'IL32', 'ABCA5', 'W93688']}
K
[43, 43]
incoming[COParams.PCS.n]
43
['CSPG2', 'POSTN', 'AI263051', 'CD47', 'MSN', 'TIMP3', 'DKFZp313A2432', 'LOC613212', 'CCDC3', 'H91845', 'H78560', 'ID3', 'STK17A', 'T97457', 'PDE4DIP', 'NMNAT2', 'OSBPL1A', 'SOCS3', 'KCNMA1', 'CAMK2A', 'R61377', 'EDNRB', 'EDG1', 'ZNF160', 'VASP', 'ANXA1', 'ZNF329', 'COL1A1', 'AA489629', 'HK2', 'SNRPN', 'AA281932', 'SVIL', 'LAMA4', 'C1orf63', 'KCNQ2', 'HBXIP', 'NLGN1', 'SRPX', 'SORT1', 'KLRC2', 'HLA.G', 'ARPP.19', 'ESM1', 'RBP4', 'AI005038', 'AI002301', 'SAA2', 'ZFHX1B', 'PEG3', 'CLSTN3', 'CAPG', 'BCAM', 'MRC2', 'DUS3L', 'ANXA5', 'PALLD', 'TIMP1', 'VEGF', 'AI262682', 'AEBP1', 'ASPA', 'ADAM19', 'KIAA1543', 'NDUFB11', 'OSR1', 'IQSEC1', 'DDN', 'COL1A2', 'SERPING1', 'HBA1', 'STC1', 'LTF', 'GPSM2', 'T62491', 'TLL2', 'AA181288', 'MED11', 'MYC', 'MGC42367', 'STXBP1', 'APOC2', 'NEFH', 'LOC389831', 'CDC20B', 'R70684', 'AA906888', 'FGF13', 'C6orf12', 'AA479357', 'FBXO2', 'SERPINI1', 'DMN', 'NCF1', 'H41096', 'BNIP2', 'ACAD8', 'EDG3', 'DYNLT1', 'AKR1C1', 'ADFP', 'TTC23', 'IGHG1', 'CD58', 'CKMT1A', 'DSCR1L1', 'SLC35A2', 'CACNB3', 'PPP3CA', 'NCF2', 'PPP3CB', 'DEF6', 'KLRC3', 'H20822', 'MGC18216', 'CLCA3', 'HSPG2', 'H10054', 'CALM1', 'CLTB', 'ID4', 'FBXL16', 'SCN2B', 'IFI30', 'L3MBTL4', 'SOX4', 'ITGA9', 'RAB20', 'PLAU', 'IL21R', 'BCL2A1', 'AA598555', 'DECR2', 'CBLN2', 'CA11', 'CHN1', 'NPC2', 'C1R', 'ZNF549', 'A2BP1', 'STEAP3', 'X38595', 'KIAA1644', 'CCL2', 'PYGL', 'FAM84B', 'LOC541471', 'HCLS1', 'COX6A2', 'NY.SAR.48', 'PRSS3', 'AI822135', 'TNFAIP3', 'PNCK', 'AA975768', 'COL6A2', 'PRKCG', 'ATP6V1C1', 'MVP', 'IGF1R', 'RUNX1', 'AKR1C2', 'ZNF419B', 'ITGA5', 'AA598631', 'ADM', 'CAMKK2', 'PRG1', 'WDR7', 'DDEF1', 'RPS19BP1', 'KLRC1', 'PYCR1', 'MAPKBP1', 'IGF2BP3', 'FCGRT', 'TMEM49', 'PLP2', 'APOC1', 'CDKN2D', 'GBP1', 'LHFPL2', 'CYR61', 'PPP1R14A', 'LOC146795', 'H86813', 'VAMP2', 'MOAP1', 'LRBA', 'SNCG', 'ZNF217', 'L1CAM', 'TNC', 'TCF7L1', 'MSTP9', 'AA398420', 'LUM', 'MGC26694', 'MDK', 'LSP1', 'EGLN2', 'AA424849', 'SP100', 'C1orf187', 'BLVRB', 'HLA.A', 'FLJ35740', 'DES', 'D21S2089E', 'FAM46A', 'S100A10', 'MICAL2', 'EMP3', 'RGS16', 'TSPAN4', 'H08563', 'COL4A2', 'STMN1', 'APCS', 'HAMP', 'CA12', 'PHLDA1', 'YWHAH', 'LYN', 'SLC15A2', 'RPS3A', 'MYBPC2', 'S100A11', 'N98591', 'FN1', 'MYCBP2', 'EXT1', 'PCDHGC3', 'CACNB2', 'SUV39H1', 'DLL3', 'PRKAR1B', 'LMO7', 'HEY1', 'CD44', 'RBP7', 'TMEM146', 'ITGA3', 'ANK3', 'SYNGR3', 'MTHFD2', 'CAP2', 'SERPINA3', 'PRKCZ', 'NR4A1', 'IL1RAP', 'KNS2', 'WWTR1', 'LOC400451', 'RTN3', 'MDFI', 'TAP1', 'CCR1', 'TncRNA', 'AP4B1', 'EFHB', 'VSNL1', 'H24428', 'ADCY1', 'NSF', 'SYT7', 'TFDP2', 'BGN', 'TGFBI', 'MST150', 'CYBA', 'FREQ', 'CASP1', 'HNRNPG.T', 'FBXO32', 'PSD3', 'HPRT1', 'HLA.DRB1', 'NNMT', 'KCNK6', 'FAS', 'INPP5F', 'MST1', 'RFXAP', 'CBX6', 'NOTCH1', 'PRKCB1', 'SCAMP5', 'FABP3', 'PYHIN1', 'AI871056', 'URP2', 'PDLIM7', 'NLK', 'SBP1', 'LILRA1', 'RALY', 'AA490257', 'HPCA', 'CD53', 'FLJ38984', 'DCLRE1B', 'USP6NL', 'WASF1', 'MB', 'PLAUR', 'ITPKA', 'DPYD', 'MASP1', 'IGSF3', 'FAM84A', 'ZNF233', 'PDXP', 'C16orf5', 'DDIT4', 'S100A1', 'PDPN', 'RAB27B', 'SLC16A3', 'SPINT2', 'X37864', 'SERPINH1', 'UBA52', 'LY96', 'GPNMB', 'COX7A1', 'MGC39606', 'C4A', 'PSG1', 'COL9A2', 'FBL', 'LAPTM5', 'PLA2G2A', 'LOC283070', 'HMOX1', 'DIP2C', 'LAMB1', 'CTHRC1', 'PLTP', 'IGFBP5', 'LGALS3', 'RAB11FIP4', 'NDST1', 'CAV1', 'PSG5', 'NUAK1', 'EPHB1', 'DNASE1L1', 'HLA.F', 'UGCG', 'LOC57228', 'AI335002', 'TBC1D7', 'TXNDC', 'R70506', 'GYPC', 'LOC283130', 'EPB49', 'TOMM40', 'PARP14', 'GADD45B', 'AA131320', 'NPTX1', 'KCNJ1', 'EID.3', 'TSPYL1', 'RND3', 'FZD7', 'AA029415', 'PRRX1', 'AA401952', 'GAS1', 'GOT1', 'NPL', 'PDE2A', 'PLOD2', 'TSPAN6', 'PTPRZ1', 'CLIC1', 'RAB30', 'AI357047', 'PCP4', 'SETD5', 'SPARC', 'AI350724', 'FBXW7', 'USP3', 'UBE4B', 'LOC388610', 'IGFBP3', 'TNFRSF12A', 'MGP', 'CHI3L2', 'GABBR1', 'F13A1', 'CEAL1', 'ABCC3', 'TCTEX1D1', 'R52960', 'ADARB2', 'SPAG6', 'PRSS1', 'AIF1', 'IMAGE.33267', 'MMP2', 'C8orf4', 'C9orf48', 'CDKN1A', 'T51726', 'ZNF226', 'KIAA0963', 'PARD3', 'MAL2', 'FCGR2B', 'GBP2', 'AA669383', 'YWHAG', 'GYPA', 'COL3A1', 'IL32', 'ABCA5', 'W93688']
INDEX
[148, 267, 359, 103, 68, 123, 166, 98, 8, 298, 80, 356, 415, 92, 323, 145, 294, 85, 228, 286, 185, 111, 25, 45, 12, 179, 38, 102, 180, 291, 244, 101, 2, 289, 14, 277, 23, 154, 380, 26, 117, 329, 120, 390, 292, 301, 350, 369, 400, 139, 271, 72, 49, 130, 21, 192, 397, 82, 100, 194, 157, 81, 375, 22, 61, 41, 362, 336, 158, 173, 310, 167, 232, 50, 311, 53, 249, 406, 264, 40, 206, 178, 186, 235, 265, 398, 193, 205, 335, 231, 312, 347, 33, 351, 383, 410, 13, 321, 387, 7, 227, 62, 381, 133, 278, 334, 299, 172, 112, 316, 78, 254, 116, 224, 35, 17, 161, 401, 251, 214, 171, 188, 404, 104, 222, 196, 331, 389, 184, 284, 343, 354, 135, 337, 352, 374, 364, 189, 29, 216, 114, 257, 153, 274, 243, 96, 79, 209, 59, 353, 317, 225, 266, 125, 236, 159, 416, 105, 273, 52, 107, 9, 31, 77, 377, 144, 295, 418, 126, 32, 162, 118, 220, 170, 250, 300, 140, 89, 51, 269, 246, 108, 370, 420, 195, 181, 147, 169, 46, 218, 233, 296, 165, 132, 230, 83, 378, 210, 272, 211, 48, 391, 208, 361, 65, 217, 201, 363, 42, 275, 325, 408, 74, 76, 330, 69, 122, 187, 287, 304, 110, 260, 344, 395, 421, 183, 67, 90, 419, 202, 73, 0, 229, 16, 163, 94, 212, 226, 160, 305, 63, 55, 373, 349, 372, 176, 319, 198, 200, 392, 328, 245, 190, 156, 75, 394, 357, 332, 409, 44, 262, 313, 279, 303, 281, 405, 57, 70, 358, 138, 355, 345, 252, 43, 37, 106, 288, 417, 128, 56, 306, 322, 134, 164, 150, 237, 339, 182, 141, 297, 204, 285, 253, 348, 39, 47, 97, 234, 384, 283, 242, 28, 15, 149, 238, 124, 290, 223, 88, 64, 382, 58, 168, 155, 293, 341, 86, 151, 142, 314, 127, 143, 93, 248, 309, 18, 3, 241, 66, 197, 413, 326, 276, 27, 175, 1, 320, 385, 318, 219, 113, 282, 402, 399, 36, 307, 191, 308, 366, 346, 137, 215, 129, 396, 177, 263, 414, 393, 360, 407, 412, 136, 422, 34, 20, 95, 174, 411, 199, 327, 386, 388, 261, 119, 121, 268, 258, 302, 99, 239, 207, 379, 91, 403, 367, 376, 256, 60, 203, 115, 71, 423, 87, 146, 340, 19, 221, 10, 342, 4, 6, 368, 365, 84, 324, 315, 109, 259, 371, 24, 280, 5, 333, 240, 338, 270, 213, 11, 152, 247, 131, 255]
['CSPG2', 'POSTN', 'AI263051', 'CD47', 'MSN', 'TIMP3', 'DKFZp313A2432', 'LOC613212', 'CCDC3', 'H91845', 'H78560', 'ID3', 'STK17A', 'T97457', 'PDE4DIP', 'NMNAT2', 'OSBPL1A', 'SOCS3', 'KCNMA1', 'CAMK2A', 'R61377', 'EDNRB', 'EDG1', 'ZNF160', 'VASP', 'ANXA1', 'ZNF329', 'COL1A1', 'AA489629', 'HK2', 'SNRPN', 'AA281932', 'SVIL', 'LAMA4', 'C1orf63', 'KCNQ2', 'HBXIP', 'NLGN1', 'SRPX', 'SORT1', 'KLRC2', 'HLA.G', 'ARPP.19', 'ESM1', 'RBP4', 'AI005038', 'AI002301', 'SAA2', 'ZFHX1B', 'PEG3', 'CLSTN3', 'CAPG', 'BCAM', 'MRC2', 'DUS3L', 'ANXA5', 'PALLD', 'TIMP1', 'VEGF', 'AI262682', 'AEBP1', 'ASPA', 'ADAM19', 'KIAA1543', 'NDUFB11', 'OSR1', 'IQSEC1', 'DDN', 'COL1A2', 'SERPING1', 'HBA1', 'STC1', 'LTF', 'GPSM2', 'T62491', 'TLL2', 'AA181288', 'MED11', 'MYC', 'MGC42367', 'STXBP1', 'APOC2', 'NEFH', 'LOC389831', 'CDC20B', 'R70684', 'AA906888', 'FGF13', 'C6orf12', 'AA479357', 'FBXO2', 'SERPINI1', 'DMN', 'NCF1', 'H41096', 'BNIP2', 'ACAD8', 'EDG3', 'DYNLT1', 'AKR1C1', 'ADFP', 'TTC23', 'IGHG1', 'CD58', 'CKMT1A', 'DSCR1L1', 'SLC35A2', 'CACNB3', 'PPP3CA', 'NCF2', 'PPP3CB', 'DEF6', 'KLRC3', 'H20822', 'MGC18216', 'CLCA3', 'HSPG2', 'H10054', 'CALM1', 'CLTB', 'ID4', 'FBXL16', 'SCN2B', 'IFI30', 'L3MBTL4', 'SOX4', 'ITGA9', 'RAB20', 'PLAU', 'IL21R', 'BCL2A1', 'AA598555', 'DECR2', 'CBLN2', 'CA11', 'CHN1', 'NPC2', 'C1R', 'ZNF549', 'A2BP1', 'STEAP3', 'X38595', 'KIAA1644', 'CCL2', 'PYGL', 'FAM84B', 'LOC541471', 'HCLS1', 'COX6A2', 'NY.SAR.48', 'PRSS3', 'AI822135', 'TNFAIP3', 'PNCK', 'AA975768', 'COL6A2', 'PRKCG', 'ATP6V1C1', 'MVP', 'IGF1R', 'RUNX1', 'AKR1C2', 'ZNF419B', 'ITGA5', 'AA598631', 'ADM', 'CAMKK2', 'PRG1', 'WDR7', 'DDEF1', 'RPS19BP1', 'KLRC1', 'PYCR1', 'MAPKBP1', 'IGF2BP3', 'FCGRT', 'TMEM49', 'PLP2', 'APOC1', 'CDKN2D', 'GBP1', 'LHFPL2', 'CYR61', 'PPP1R14A', 'LOC146795', 'H86813', 'VAMP2', 'MOAP1', 'LRBA', 'SNCG', 'ZNF217', 'L1CAM', 'TNC', 'TCF7L1', 'MSTP9', 'AA398420', 'LUM', 'MGC26694', 'MDK', 'LSP1', 'EGLN2', 'AA424849', 'SP100', 'C1orf187', 'BLVRB', 'HLA.A', 'FLJ35740', 'DES', 'D21S2089E', 'FAM46A', 'S100A10', 'MICAL2', 'EMP3', 'RGS16', 'TSPAN4', 'H08563', 'COL4A2', 'STMN1', 'APCS', 'HAMP', 'CA12', 'PHLDA1', 'YWHAH', 'LYN', 'SLC15A2', 'RPS3A', 'MYBPC2', 'S100A11', 'N98591', 'FN1', 'MYCBP2', 'EXT1', 'PCDHGC3', 'CACNB2', 'SUV39H1', 'DLL3', 'PRKAR1B', 'LMO7', 'HEY1', 'CD44', 'RBP7', 'TMEM146', 'ITGA3', 'ANK3', 'SYNGR3', 'MTHFD2', 'CAP2', 'SERPINA3', 'PRKCZ', 'NR4A1', 'IL1RAP', 'KNS2', 'WWTR1', 'LOC400451', 'RTN3', 'MDFI', 'TAP1', 'CCR1', 'TncRNA', 'AP4B1', 'EFHB', 'VSNL1', 'H24428', 'ADCY1', 'NSF', 'SYT7', 'TFDP2', 'BGN', 'TGFBI', 'MST150', 'CYBA', 'FREQ', 'CASP1', 'HNRNPG.T', 'FBXO32', 'PSD3', 'HPRT1', 'HLA.DRB1', 'NNMT', 'KCNK6', 'FAS', 'INPP5F', 'MST1', 'RFXAP', 'CBX6', 'NOTCH1', 'PRKCB1', 'SCAMP5', 'FABP3', 'PYHIN1', 'AI871056', 'URP2', 'PDLIM7', 'NLK', 'SBP1', 'LILRA1', 'RALY', 'AA490257', 'HPCA', 'CD53', 'FLJ38984', 'DCLRE1B', 'USP6NL', 'WASF1', 'MB', 'PLAUR', 'ITPKA', 'DPYD', 'MASP1', 'IGSF3', 'FAM84A', 'ZNF233', 'PDXP', 'C16orf5', 'DDIT4', 'S100A1', 'PDPN', 'RAB27B', 'SLC16A3', 'SPINT2', 'X37864', 'SERPINH1', 'UBA52', 'LY96', 'GPNMB', 'COX7A1', 'MGC39606', 'C4A', 'PSG1', 'COL9A2', 'FBL', 'LAPTM5', 'PLA2G2A', 'LOC283070', 'HMOX1', 'DIP2C', 'LAMB1', 'CTHRC1', 'PLTP', 'IGFBP5', 'LGALS3', 'RAB11FIP4', 'NDST1', 'CAV1', 'PSG5', 'NUAK1', 'EPHB1', 'DNASE1L1', 'HLA.F', 'UGCG', 'LOC57228', 'AI335002', 'TBC1D7', 'TXNDC', 'R70506', 'GYPC', 'LOC283130', 'EPB49', 'TOMM40', 'PARP14', 'GADD45B', 'AA131320', 'NPTX1', 'KCNJ1', 'EID.3', 'TSPYL1', 'RND3', 'FZD7', 'AA029415', 'PRRX1', 'AA401952', 'GAS1', 'GOT1', 'NPL', 'PDE2A', 'PLOD2', 'TSPAN6', 'PTPRZ1', 'CLIC1', 'RAB30', 'AI357047', 'PCP4', 'SETD5', 'SPARC', 'AI350724', 'FBXW7', 'USP3', 'UBE4B', 'LOC388610', 'IGFBP3', 'TNFRSF12A', 'MGP', 'CHI3L2', 'GABBR1', 'F13A1', 'CEAL1', 'ABCC3', 'TCTEX1D1', 'R52960', 'ADARB2', 'SPAG6', 'PRSS1', 'AIF1', 'IMAGE.33267', 'MMP2', 'C8orf4', 'C9orf48', 'CDKN1A', 'T51726', 'ZNF226', 'KIAA0963', 'PARD3', 'MAL2', 'FCGR2B', 'GBP2', 'AA669383', 'YWHAG', 'GYPA', 'COL3A1', 'IL32', 'ABCA5', 'W93688']
INDEX
[148, 267, 359, 103, 68, 123, 166, 98, 8, 298, 80, 356, 415, 92, 323, 145, 294, 85, 228, 286, 185, 111, 25, 45, 12, 179, 38, 102, 180, 291, 244, 101, 2, 289, 14, 277, 23, 154, 380, 26, 117, 329, 120, 390, 292, 301, 350, 369, 400, 139, 271, 72, 49, 130, 21, 192, 397, 82, 100, 194, 157, 81, 375, 22, 61, 41, 362, 336, 158, 173, 310, 167, 232, 50, 311, 53, 249, 406, 264, 40, 206, 178, 186, 235, 265, 398, 193, 205, 335, 231, 312, 347, 33, 351, 383, 410, 13, 321, 387, 7, 227, 62, 381, 133, 278, 334, 299, 172, 112, 316, 78, 254, 116, 224, 35, 17, 161, 401, 251, 214, 171, 188, 404, 104, 222, 196, 331, 389, 184, 284, 343, 354, 135, 337, 352, 374, 364, 189, 29, 216, 114, 257, 153, 274, 243, 96, 79, 209, 59, 353, 317, 225, 266, 125, 236, 159, 416, 105, 273, 52, 107, 9, 31, 77, 377, 144, 295, 418, 126, 32, 162, 118, 220, 170, 250, 300, 140, 89, 51, 269, 246, 108, 370, 420, 195, 181, 147, 169, 46, 218, 233, 296, 165, 132, 230, 83, 378, 210, 272, 211, 48, 391, 208, 361, 65, 217, 201, 363, 42, 275, 325, 408, 74, 76, 330, 69, 122, 187, 287, 304, 110, 260, 344, 395, 421, 183, 67, 90, 419, 202, 73, 0, 229, 16, 163, 94, 212, 226, 160, 305, 63, 55, 373, 349, 372, 176, 319, 198, 200, 392, 328, 245, 190, 156, 75, 394, 357, 332, 409, 44, 262, 313, 279, 303, 281, 405, 57, 70, 358, 138, 355, 345, 252, 43, 37, 106, 288, 417, 128, 56, 306, 322, 134, 164, 150, 237, 339, 182, 141, 297, 204, 285, 253, 348, 39, 47, 97, 234, 384, 283, 242, 28, 15, 149, 238, 124, 290, 223, 88, 64, 382, 58, 168, 155, 293, 341, 86, 151, 142, 314, 127, 143, 93, 248, 309, 18, 3, 241, 66, 197, 413, 326, 276, 27, 175, 1, 320, 385, 318, 219, 113, 282, 402, 399, 36, 307, 191, 308, 366, 346, 137, 215, 129, 396, 177, 263, 414, 393, 360, 407, 412, 136, 422, 34, 20, 95, 174, 411, 199, 327, 386, 388, 261, 119, 121, 268, 258, 302, 99, 239, 207, 379, 91, 403, 367, 376, 256, 60, 203, 115, 71, 423, 87, 146, 340, 19, 221, 10, 342, 4, 6, 368, 365, 84, 324, 315, 109, 259, 371, 24, 280, 5, 333, 240, 338, 270, 213, 11, 152, 247, 131, 255]
[Time: 28.06.23 07:52:38] [Level: info] transition: compute_std
[Time: 28.06.23 07:52:39] [Level: info] state: compute_std
[CTRL] GET /data
[CTRL] POST /data
(422, 1)
(422, 1)
[Time: 28.06.23 07:52:41] [Level: info] transition: apply_scaling
[Time: 28.06.23 07:52:42] [Level: info] state: apply_scaling
[CTRL] GET /data
[CTRL] POST /data
[Time: 28.06.23 07:52:44] [Level: info] Traceback (most recent call last):
  File "/app/engine/app.py", line 169, in guarded_run
    self.run()
  File "/app/engine/app.py", line 184, in run
    transition = self.current_state.run()
  File "/app/apps/svd/app.py", line 172, in run
    self.load('mfa').apply_scaling(incoming, highly_variable=config.highly_variable)
  File "/app/apps/svd/FC_Federated_MFA.py", line 190, in apply_scaling
    self.std[idx] = incoming[COParams.STDS.n].reshape((len(incoming[COParams.STDS.n]),1))
AttributeError: 'list' object has no attribute 'reshape'

[WEB] GET /
