2023-06-30 07:30:24,332 CRIT Supervisor is running as root.  Privileges were not dropped because no user is specified in the config file.  If you intend to run as root, you can set user=root in the config file to avoid this message.
2023-06-30 07:30:24,333 INFO supervisord started with pid 7
2023-06-30 07:30:25,335 INFO spawned: 'nginx' with pid 10
2023-06-30 07:30:25,337 INFO spawned: 'app' with pid 11
2023-06-30 07:30:26,347 INFO success: nginx entered RUNNING state, process has stayed up for > than 1 seconds (startsecs)
2023-06-30 07:30:26,347 INFO success: app entered RUNNING state, process has stayed up for > than 1 seconds (startsecs)
[CTRL] POST /setup
[Time: 30.06.23 07:30:28] [Level: info] id: a2f6ecb3cf44e41d
[Time: 30.06.23 07:30:28] [Level: info] coordinator: False
[Time: 30.06.23 07:30:28] [Level: info] clients: ['a2f6ecb3cf44e41d', '5b44801dee02389d']
[Time: 30.06.23 07:30:28] [Level: info] state: initial
[CLIENT] Parsing parameter file...
[API] /setup parsing parameter file 
[API] /setup config file found ... parsing file: /mnt/input/config.yaml
YAML file does not follow specification: missing key: eigenvalues
Setting default: eigenvalues.tsv
YAML file does not follow specification: missing key: explained_variance
Setting default: eigenvalues.tsv
YAML file does not follow specification: missing key: output delimiter
Setting default: tab
[API] /setup config file found ... parsing done
[CLIENT] finished parsing parameter file.
[STARTUP] Instantiate SVD
[Time: 30.06.23 07:30:28] [Level: info] transition: init_pca
[Time: 30.06.23 07:30:29] [Level: info] state: init_pca
[STARTUP] Copy configuration and create dir
/mnt/input/hospital_data_bredel_1.csv
TEST: ['/mnt/input/hospital_data_bredel_1 - Copy.csv', '/mnt/input/hospital_data_bredel_1.csv']
RUNNING ON:  /mnt/input/hospital_data_bredel_1 - Copy.csv
number of omics:  2
[STARTUP] Configuration copied
Log Transform performed
/app/apps/svd/FC_Federated_PCA.py:97: RuntimeWarning: invalid value encountered in log2
  self.tabdata.scaled = np.log2(self.tabdata.scaled+1)
[Time: 30.06.23 07:30:29] [Level: info] transition: wait_for_params
[Time: 30.06.23 07:30:30] [Level: info] state: wait_for_params
[CTRL] GET /data
[CTRL] POST /data
setting parameters
[API] Setting parameters
['HK2', 'PDXP', 'CD44', 'IGF2BP3', 'SAA2', 'PRKCG', 'HPRT1', 'KCNMA1', 'X37864', 'STMN1', 'AKR1C2', 'NLK', 'LOC283130', 'CLCA3', 'PCP4', 'ABCA5', 'HLA.G', 'MGC26694', 'SUV39H1', 'CLSTN3', 'N98591', 'COX6A2', 'H91845', 'SYNGR3', 'TncRNA', 'C8orf4', 'AI263051', 'KIAA1644', 'MGC18216', 'FGF13', 'CYR61', 'ZNF160', 'ANXA1', 'CALM1', 'NNMT', 'NUAK1', 'URP2', 'PCDHGC3', 'WASF1', 'LOC613212', 'PDPN', 'ZFHX1B', 'LOC146795', 'PRSS3', 'IGHG1', 'CLTB', 'CCL2', 'FN1', 'H08563', 'TSPYL1', 'LAMA4', 'BNIP2', 'W93688', 'NPL', 'AI350724', 'RAB20', 'EDG1', 'LOC283070', 'MST150', 'R52960', 'FAM84A', 'MVP', 'NY.SAR.48', 'TLL2', 'UBE4B', 'FREQ', 'STEAP3', 'NR4A1', 'TGFBI', 'AA281932', 'NOTCH1', 'CCDC3', 'TMEM146', 'AI335002', 'CDKN1A', 'GYPA', 'CEAL1', 'VEGF', 'CBLN2', 'FABP3', 'ITGA5', 'ADM', 'RAB30', 'TSPAN4', 'CYBA', 'USP3', 'EPB49', 'RBP4', 'APOC2', 'CD47', 'LOC388610', 'TNFRSF12A', 'PDE2A', 'PTPRZ1', 'LOC400451', 'RPS3A', 'MMP2', 'CAPG', 'WDR7', 'RGS16', 'FAM84B', 'FAS', 'MICAL2', 'IMAGE.33267', 'OSBPL1A', 'AA598555', 'HCLS1', 'KLRC2', 'EID.3', 'RAB27B', 'RND3', 'OSR1', 'PARD3', 'SETD5', 'PRG1', 'HAMP', 'HEY1', 'LRBA', 'RAB11FIP4', 'IFI30', 'MASP1', 'GPSM2', 'SCAMP5', 'X38595', 'PRSS1', 'MAPKBP1', 'COL6A2', 'KCNK6', 'GBP2', 'DMN', 'IGFBP5', 'SNCG', 'ADFP', 'LUM', 'GADD45B', 'HLA.F', 'SERPINH1', 'EPHB1', 'BLVRB', 'SCN2B', 'RALY', 'CCR1', 'PRKAR1B', 'AA479357', 'CDC20B', 'CSPG2', 'TMEM49', 'AI005038', 'TCTEX1D1', 'KNS2', 'PLTP', 'KLRC1', 'LSP1', 'SP100', 'NLGN1', 'T51726', 'TOMM40', 'PDE4DIP', 'S100A1', 'SERPINI1', 'PRKCZ', 'ITPKA', 'INPP5F', 'YWHAG', 'TBC1D7', 'AA131320', 'CA12', 'VSNL1', 'DPYD', 'IL32', 'CBX6', 'PNCK', 'DCLRE1B', 'EDG3', 'MGP', 'LMO7', 'PRRX1', 'LTF', 'L1CAM', 'NDST1', 'TCF7L1', 'AA490257', 'AA424849', 'RUNX1', 'TNFAIP3', 'EXT1', 'AA975768', 'GBP1', 'DSCR1L1', 'LILRA1', 'COL3A1', 'A2BP1', 'MB', 'C1orf187', 'USP6NL', 'CD58', 'AI002301', 'DDEF1', 'S100A11', 'DEF6', 'IGF1R', 'ZNF233', 'MSN', 'SYT7', 'HBXIP', 'DLL3', 'HLA.A', 'MTHFD2', 'STXBP1', 'MST1', 'FBXW7', 'R70684', 'SERPING1', 'COX7A1', 'AP4B1', 'COL1A1', 'PLA2G2A', 'LGALS3', 'CAV1', 'ZNF226', 'SRPX', 'PHLDA1', 'PSD3', 'MAL2', 'CACNB2', 'ZNF419B', 'EDNRB', 'CHN1', 'LOC57228', 'CD53', 'IGSF3', 'IL21R', 'FLJ38984', 'AA401952', 'MYC', 'FZD7', 'H78560', 'TSPAN6', 'IGFBP3', 'C1R', 'IL1RAP', 'WWTR1', 'PLOD2', 'TXNDC', 'CASP1', 'RFXAP', 'AI822135', 'AA906888', 'ITGA9', 'MRC2', 'SBP1', 'PYCR1', 'GOT1', 'PSG1', 'DNASE1L1', 'AA598631', 'PPP3CA', 'ACAD8', 'TIMP1', 'RPS19BP1', 'SNRPN', 'ANK3', 'HNRNPG.T', 'AA669383', 'R70506', 'NPTX1', 'ZNF329', 'ESM1', 'ATP6V1C1', 'MDFI', 'PSG5', 'APCS', 'MOAP1', 'SPAG6', 'C9orf48', 'C6orf12', 'LY96', 'TNC', 'MED11', 'PYGL', 'FBL', 'PEG3', 'GABBR1', 'FCGRT', 'SPINT2', 'AEBP1', 'CTHRC1', 'ZNF217', 'LOC541471', 'GYPC', 'NMNAT2', 'TTC23', 'NDUFB11', 'T97457', 'NEFH', 'VASP', 'HBA1', 'SOCS3', 'PLP2', 'AI357047', 'NCF1', 'DIP2C', 'SOX4', 'AKR1C1', 'MSTP9', 'SVIL', 'LAMB1', 'IQSEC1', 'STK17A', 'SLC15A2', 'TFDP2', 'EFHB', 'FLJ35740', 'STC1', 'SLC35A2', 'LHFPL2', 'APOC1', 'PDLIM7', 'ANXA5', 'PALLD', 'ZNF549', 'BGN', 'D21S2089E', 'PPP1R14A', 'COL1A2', 'CACNB3', 'DDIT4', 'ADCY1', 'EMP3', 'KIAA0963', 'VAMP2', 'S100A10', 'AI262682', 'ID4', 'ADAM19', 'PLAU', 'KCNQ2', 'C1orf63', 'AA489629', 'ABCC3', 'PYHIN1', 'ID3', 'AA398420', 'CA11', 'H86813', 'GAS1', 'EGLN2', 'DUS3L', 'FBXO32', 'L3MBTL4', 'FCGR2B', 'KIAA1543', 'ARPP.19', 'CDKN2D', 'LOC389831', 'T62491', 'YWHAH', 'NSF', 'RTN3', 'DKFZp313A2432', 'CAP2', 'POSTN', 'UBA52', 'AA029415', 'DYNLT1', 'MGC42367', 'CHI3L2', 'F13A1', 'UGCG', 'MGC39606', 'H24428', 'COL9A2', 'MYCBP2', 'HLA.DRB1', 'BCAM', 'PPP3CB', 'HMOX1', 'PRKCB1', 'AI871056', 'AIF1', 'ITGA3', 'CLIC1', 'MYBPC2', 'CKMT1A', 'FBXO2', 'H20822', 'TAP1', 'KLRC3', 'C16orf5', 'SPARC', 'CAMKK2', 'HSPG2', 'KCNJ1', 'SLC16A3', 'FBXL16', 'R61377', 'H10054', 'SORT1', 'TIMP3', 'LYN', 'FAM46A', 'H41096', 'PARP14', 'DECR2', 'COL4A2', 'NCF2', 'PLAUR', 'RBP7', 'ADARB2', 'GPNMB', 'HPCA', 'NPC2', 'CAMK2A', 'LAPTM5', 'DES', 'SERPINA3', 'MDK', 'C4A', 'AA181288', 'BCL2A1', 'ASPA', 'DDN']
INDEX
[291, 168, 305, 250, 369, 416, 288, 228, 127, 187, 9, 348, 414, 17, 379, 131, 329, 210, 163, 271, 419, 59, 298, 372, 409, 315, 359, 153, 35, 205, 370, 45, 179, 251, 128, 307, 285, 229, 149, 98, 86, 400, 195, 317, 381, 214, 274, 202, 69, 95, 289, 410, 255, 119, 367, 389, 25, 27, 138, 342, 382, 273, 353, 53, 60, 345, 114, 392, 358, 101, 237, 8, 55, 215, 259, 11, 19, 100, 337, 141, 77, 144, 239, 330, 355, 256, 393, 292, 178, 103, 203, 71, 121, 302, 156, 183, 324, 72, 126, 76, 96, 306, 408, 84, 294, 354, 209, 117, 20, 151, 174, 41, 5, 91, 418, 304, 160, 46, 282, 104, 88, 50, 182, 257, 368, 170, 159, 56, 338, 33, 219, 218, 227, 378, 412, 366, 143, 191, 65, 404, 97, 332, 212, 231, 265, 148, 140, 301, 10, 245, 318, 118, 211, 208, 154, 371, 360, 323, 341, 347, 200, 290, 322, 213, 129, 136, 110, 313, 223, 247, 150, 125, 28, 321, 423, 226, 327, 232, 296, 402, 132, 234, 391, 107, 266, 0, 236, 246, 334, 47, 152, 216, 238, 361, 15, 133, 350, 32, 90, 254, 52, 58, 68, 405, 23, 94, 217, 176, 206, 134, 376, 398, 173, 18, 44, 102, 276, 113, 399, 24, 380, 260, 106, 333, 16, 31, 111, 374, 137, 283, 64, 284, 242, 386, 264, 411, 80, 258, 115, 189, 328, 190, 268, 396, 252, 164, 225, 193, 331, 130, 39, 220, 261, 66, 308, 377, 112, 13, 82, 162, 244, 349, 43, 270, 177, 422, 38, 390, 105, 394, 36, 287, 169, 6, 109, 335, 248, 165, 406, 243, 413, 139, 146, 300, 314, 157, 385, 233, 79, 263, 145, 62, 61, 92, 186, 12, 310, 85, 89, 207, 351, 1, 196, 7, 230, 2, 320, 362, 415, 421, 57, 262, 201, 167, 299, 108, 51, 253, 192, 397, 29, 70, 42, 420, 158, 172, 293, 303, 74, 280, 147, 325, 194, 171, 375, 184, 277, 14, 180, 221, 297, 356, 83, 352, 181, 388, 48, 21, 37, 222, 240, 22, 120, 269, 235, 311, 344, 281, 75, 166, 319, 267, 93, 199, 387, 40, 87, 340, 346, 3, 279, 197, 73, 417, 49, 78, 175, 339, 204, 365, 373, 99, 67, 278, 312, 224, 357, 116, 155, 403, 295, 161, 34, 142, 188, 185, 401, 26, 123, 395, 275, 383, 407, 135, 122, 316, 124, 63, 4, 309, 384, 364, 286, 326, 363, 198, 272, 241, 249, 343, 81, 336]
[Time: 30.06.23 07:30:32] [Level: info] transition: compute_std
[Time: 30.06.23 07:30:33] [Level: info] state: compute_std
[CTRL] GET /data
[CTRL] POST /data
(422, 1)
[Time: 30.06.23 07:30:35] [Level: info] transition: apply_scaling
[Time: 30.06.23 07:30:36] [Level: info] state: apply_scaling
[CTRL] GET /data
[CTRL] POST /data
[124  43 133  13 373  31 121 283 150 233 278 319 253  76 201 148 369 397
 185 250 230 176  75 333 108 165 405 346 156 350 172 114 200 255 312 262
  33 379 402 310 330  72 227 219  53  11  21 301  56 254 212 386  20 348
  98 389 371 197 192 413 122 111 287 112 145 292 309 304 351  16 270 374
 367  60 127 268 164 303 356 315  71  36 104 129 241 334 187 191 171 106
 307 420 417 257  35  44 282 385 157 305 271 275  84  79 411  99 224  37
 245 343   4 109 322  65  95 380 296 229 179 163 134 140   3 173 196 149
  70 352 370 353 189  61 338 160 225 320  29 399 170 364   1   8 125  51
 363 295 264 128  55 202 323  93 272 365 138 360 101 375 249 132 342 376
 314  48 177 390 142 211  78 143 208 421 291 273  32 198 340 214  86  52
  88 313  42 358 328 401 154  34 181 316 116 357 206  97 130 239  50 290
 382 395 240  46 415 226 235 366 418 347 137 228 158 119 159  25 362 388
 408 258 355 349 381 204 336 182 337 168 244 412 252  10 331 327  19  81
  12 103  17 400 267  18  91 117 118 190 243 297 308 194 383 126 286  83
  14 193 199 285 398 392   5 248 115 183 289 144  15 404 188 120 232 162
  27 260  54 325 263  47 393 220 153  40 105 186  59 210 161 300 110  38
 203 377 146  89 394 414 251  74  28  58  82 406 391 213 384  77  26 372
 259 216 409   6 359 274 321 155 242 326 339  64  69 174 102 167 341 279
 217  66 178  62  23 236 175 139   9  67 419 396 113 136  57 237 207  94
 107 256 318 293 387 123 407  73 324 169 344 311 284 166 345 276  90 403
 288 218 265  24 215 141 135 277 131  96   7 184 335 147   0 222  63 368
 261]
(array([ 43, 124]),)
[Time: 30.06.23 07:30:38] [Level: info] transition: mfa_prerequisites
[Time: 30.06.23 07:30:39] [Level: info] state: mfa_prerequisites
Calling start_power_iteration
[Time: 30.06.23 07:30:39] [Level: info] transition: start_power_iteration
[Time: 30.06.23 07:30:40] [Level: info] state: start_power_iteration
[STARTUP] Computing covariance matrix
[STARTUP] Random initialisation
TABDATA SCALED
[[ 0.0045612   0.          0.         ...  0.         -1.82147829
   0.44632012]
 [ 0.38767183  0.51710748  0.88009016 ...  0.49749837 -0.13836178
  -3.29786138]
 [ 0.82885711  0.          0.         ...  0.          0.
  -0.10482419]
 ...
 [ 0.         -0.23039861  0.         ...  0.18902135  0.
  -0.06753923]
 [-1.30708014 -0.89635565 -0.93345353 ... -1.06475723  0.63629587
  -0.26275139]
 [ 0.21700046  0.38750499  1.30751748 ...  1.10632279 -1.64741495
   0.32790579]]
[Time: 30.06.23 07:30:40] [Level: info] transition: compute_final_h_cov
[Time: 30.06.23 07:30:41] [Level: info] state: compute_final_h_cov
[CTRL] GET /data
[CTRL] POST /data
Setting k
starting eigenvector norms
17
[Time: 30.06.23 07:30:44] [Level: info] transition: compute_local_conorm
[Time: 30.06.23 07:30:45] [Level: info] state: compute_local_conorm
[CTRL] GET /data
[CTRL] POST /data
[Time: 30.06.23 07:30:47] [Level: info] transition: compute_local_norm
[Time: 30.06.23 07:30:48] [Level: info] state: compute_local_norm
[CTRL] GET /data
[CTRL] POST /data
starting orthogonalise_current
ending orthogonalise_current
starting eigenvector norms
17
[Time: 30.06.23 07:30:50] [Level: info] transition: compute_local_conorm
[Time: 30.06.23 07:30:51] [Level: info] state: compute_local_conorm
[CTRL] GET /data
[CTRL] POST /data
[Time: 30.06.23 07:30:53] [Level: info] transition: compute_local_norm
[Time: 30.06.23 07:30:54] [Level: info] state: compute_local_norm
[CTRL] GET /data
[CTRL] POST /data
starting orthogonalise_current
ending orthogonalise_current
starting eigenvector norms
17
[Time: 30.06.23 07:30:56] [Level: info] transition: compute_local_conorm
[Time: 30.06.23 07:30:57] [Level: info] state: compute_local_conorm
[CTRL] GET /data
[CTRL] POST /data
[Time: 30.06.23 07:30:59] [Level: info] transition: compute_local_norm
[Time: 30.06.23 07:31:00] [Level: info] state: compute_local_norm
[CTRL] GET /data
[CTRL] POST /data
starting orthogonalise_current
ending orthogonalise_current
starting eigenvector norms
17
[Time: 30.06.23 07:31:02] [Level: info] transition: compute_local_conorm
[Time: 30.06.23 07:31:03] [Level: info] state: compute_local_conorm
[CTRL] GET /data
[CTRL] POST /data
[Time: 30.06.23 07:31:05] [Level: info] transition: compute_local_norm
[Time: 30.06.23 07:31:06] [Level: info] state: compute_local_norm
[CTRL] GET /data
[CTRL] POST /data
starting orthogonalise_current
ending orthogonalise_current
starting eigenvector norms
17
[Time: 30.06.23 07:31:08] [Level: info] transition: compute_local_conorm
[Time: 30.06.23 07:31:09] [Level: info] state: compute_local_conorm
[CTRL] GET /data
[CTRL] POST /data
[Time: 30.06.23 07:31:11] [Level: info] transition: compute_local_norm
[Time: 30.06.23 07:31:12] [Level: info] state: compute_local_norm
[CTRL] GET /data
[CTRL] POST /data
starting orthogonalise_current
ending orthogonalise_current
starting eigenvector norms
17
[Time: 30.06.23 07:31:14] [Level: info] transition: compute_local_conorm
[Time: 30.06.23 07:31:15] [Level: info] state: compute_local_conorm
[CTRL] GET /data
[CTRL] POST /data
[Time: 30.06.23 07:31:17] [Level: info] transition: compute_local_norm
[Time: 30.06.23 07:31:18] [Level: info] state: compute_local_norm
[CTRL] GET /data
[CTRL] POST /data
starting orthogonalise_current
ending orthogonalise_current
starting eigenvector norms
17
[Time: 30.06.23 07:31:20] [Level: info] transition: compute_local_conorm
[Time: 30.06.23 07:31:21] [Level: info] state: compute_local_conorm
[CTRL] GET /data
[CTRL] POST /data
[Time: 30.06.23 07:31:23] [Level: info] transition: compute_local_norm
[Time: 30.06.23 07:31:24] [Level: info] state: compute_local_norm
[CTRL] GET /data
[CTRL] POST /data
starting orthogonalise_current
ending orthogonalise_current
starting eigenvector norms
17
[Time: 30.06.23 07:31:26] [Level: info] transition: compute_local_conorm
[Time: 30.06.23 07:31:27] [Level: info] state: compute_local_conorm
[CTRL] GET /data
[CTRL] POST /data
[Time: 30.06.23 07:31:29] [Level: info] transition: compute_local_norm
[Time: 30.06.23 07:31:30] [Level: info] state: compute_local_norm
[CTRL] GET /data
[CTRL] POST /data
starting orthogonalise_current
ending orthogonalise_current
starting eigenvector norms
17
[Time: 30.06.23 07:31:32] [Level: info] transition: compute_local_conorm
[Time: 30.06.23 07:31:33] [Level: info] state: compute_local_conorm
[CTRL] GET /data
[CTRL] POST /data
[Time: 30.06.23 07:31:35] [Level: info] transition: compute_local_norm
[Time: 30.06.23 07:31:36] [Level: info] state: compute_local_norm
[CTRL] GET /data
[CTRL] POST /data
starting orthogonalise_current
ending orthogonalise_current
starting eigenvector norms
17
[Time: 30.06.23 07:31:38] [Level: info] transition: compute_local_conorm
[Time: 30.06.23 07:31:39] [Level: info] state: compute_local_conorm
[CTRL] GET /data
[CTRL] POST /data
[Time: 30.06.23 07:31:41] [Level: info] transition: compute_local_norm
[Time: 30.06.23 07:31:42] [Level: info] state: compute_local_norm
[CTRL] GET /data
[CTRL] POST /data
starting orthogonalise_current
ending orthogonalise_current
starting eigenvector norms
17
[Time: 30.06.23 07:31:44] [Level: info] transition: compute_local_conorm
[Time: 30.06.23 07:31:45] [Level: info] state: compute_local_conorm
[CTRL] GET /data
[CTRL] POST /data
[Time: 30.06.23 07:31:47] [Level: info] transition: compute_local_norm
[Time: 30.06.23 07:31:48] [Level: info] state: compute_local_norm
[CTRL] GET /data
[CTRL] POST /data
starting orthogonalise_current
ending orthogonalise_current
starting eigenvector norms
17
[Time: 30.06.23 07:31:50] [Level: info] transition: compute_local_conorm
[Time: 30.06.23 07:31:51] [Level: info] state: compute_local_conorm
[CTRL] GET /data
[CTRL] POST /data
[Time: 30.06.23 07:31:53] [Level: info] transition: compute_local_norm
[Time: 30.06.23 07:31:54] [Level: info] state: compute_local_norm
[CTRL] GET /data
[CTRL] POST /data
starting orthogonalise_current
ending orthogonalise_current
starting eigenvector norms
17
[Time: 30.06.23 07:31:56] [Level: info] transition: compute_local_conorm
[Time: 30.06.23 07:31:57] [Level: info] state: compute_local_conorm
[CTRL] GET /data
[CTRL] POST /data
[Time: 30.06.23 07:31:59] [Level: info] transition: compute_local_norm
[Time: 30.06.23 07:32:00] [Level: info] state: compute_local_norm
[CTRL] GET /data
[CTRL] POST /data
starting orthogonalise_current
ending orthogonalise_current
starting eigenvector norms
17
[Time: 30.06.23 07:32:02] [Level: info] transition: compute_local_conorm
[Time: 30.06.23 07:32:03] [Level: info] state: compute_local_conorm
[CTRL] GET /data
[CTRL] POST /data
[Time: 30.06.23 07:32:05] [Level: info] transition: compute_local_norm
[Time: 30.06.23 07:32:06] [Level: info] state: compute_local_norm
[CTRL] GET /data
[CTRL] POST /data
starting orthogonalise_current
ending orthogonalise_current
starting eigenvector norms
17
[Time: 30.06.23 07:32:08] [Level: info] transition: compute_local_conorm
[Time: 30.06.23 07:32:09] [Level: info] state: compute_local_conorm
[CTRL] GET /data
[CTRL] POST /data
[Time: 30.06.23 07:32:11] [Level: info] transition: compute_local_norm
[Time: 30.06.23 07:32:12] [Level: info] state: compute_local_norm
[CTRL] GET /data
[CTRL] POST /data
starting orthogonalise_current
ending orthogonalise_current
starting eigenvector norms
17
[Time: 30.06.23 07:32:14] [Level: info] transition: compute_local_conorm
[Time: 30.06.23 07:32:15] [Level: info] state: compute_local_conorm
[CTRL] GET /data
[CTRL] POST /data
[Time: 30.06.23 07:32:17] [Level: info] transition: compute_local_norm
[Time: 30.06.23 07:32:18] [Level: info] state: compute_local_norm
[CTRL] GET /data
[CTRL] POST /data
starting orthogonalise_current
ending orthogonalise_current
starting eigenvector norms
17
[Time: 30.06.23 07:32:20] [Level: info] transition: normalize_g
[Time: 30.06.23 07:32:21] [Level: info] state: normalize_g
[CTRL] GET /data
[CTRL] POST /data
Normalising
(26, 17)
17
End normalising
(26, 17)
(17, 17)
(17,)
(26, 17)
[Time: 30.06.23 07:32:23] [Level: info] transition: seperate_pca
[Time: 30.06.23 07:32:24] [Level: info] state: seperate_pca
EIGEN_VALUES [array([ 1.9916541 , -0.5280239 , -0.79882828,  1.92601995,  0.39132982,
       -0.48459305,  0.983302  ,  1.00229018,  0.10562318, -2.50797187,
        1.45267103, -0.30873637,  0.35319856, -0.05535765,  0.05775298,
        2.56389973,  0.32738093, -0.4903452 ,  0.9817146 , -0.50912057,
        0.19628907,  0.54824244, -0.18321359, -0.13839234,  1.41726518,
        0.05238373])]
DATA:  None
[Time: 30.06.23 07:32:24] [Level: info] transition: init_pca
[Time: 30.06.23 07:32:25] [Level: info] state: init_pca
[STARTUP] Copy configuration and create dir
/mnt/input/hospital_data_bredel_1.csv
TEST: ['/mnt/input/hospital_data_bredel_1 - Copy.csv', '/mnt/input/hospital_data_bredel_1.csv']
RUNNING ON:  /mnt/input/hospital_data_bredel_1.csv
number of omics:  2
[STARTUP] Configuration copied
Log Transform performed
/app/apps/svd/FC_Federated_PCA.py:97: RuntimeWarning: invalid value encountered in log2
  self.tabdata.scaled = np.log2(self.tabdata.scaled+1)
[Time: 30.06.23 07:32:25] [Level: info] transition: wait_for_params
[Time: 30.06.23 07:32:26] [Level: info] state: wait_for_params
[CTRL] GET /data
[CTRL] POST /data
setting parameters
[API] Setting parameters
['HK2', 'PDXP', 'CD44', 'IGF2BP3', 'SAA2', 'PRKCG', 'HPRT1', 'KCNMA1', 'X37864', 'STMN1', 'AKR1C2', 'NLK', 'LOC283130', 'CLCA3', 'PCP4', 'ABCA5', 'HLA.G', 'MGC26694', 'SUV39H1', 'CLSTN3', 'N98591', 'COX6A2', 'H91845', 'SYNGR3', 'TncRNA', 'C8orf4', 'AI263051', 'KIAA1644', 'MGC18216', 'FGF13', 'CYR61', 'ZNF160', 'ANXA1', 'CALM1', 'NNMT', 'NUAK1', 'URP2', 'PCDHGC3', 'WASF1', 'LOC613212', 'PDPN', 'ZFHX1B', 'LOC146795', 'PRSS3', 'IGHG1', 'CLTB', 'CCL2', 'FN1', 'H08563', 'TSPYL1', 'LAMA4', 'BNIP2', 'W93688', 'NPL', 'AI350724', 'RAB20', 'EDG1', 'LOC283070', 'MST150', 'R52960', 'FAM84A', 'MVP', 'NY.SAR.48', 'TLL2', 'UBE4B', 'FREQ', 'STEAP3', 'NR4A1', 'TGFBI', 'AA281932', 'NOTCH1', 'CCDC3', 'TMEM146', 'AI335002', 'CDKN1A', 'GYPA', 'CEAL1', 'VEGF', 'CBLN2', 'FABP3', 'ITGA5', 'ADM', 'RAB30', 'TSPAN4', 'CYBA', 'USP3', 'EPB49', 'RBP4', 'APOC2', 'CD47', 'LOC388610', 'TNFRSF12A', 'PDE2A', 'PTPRZ1', 'LOC400451', 'RPS3A', 'MMP2', 'CAPG', 'WDR7', 'RGS16', 'FAM84B', 'FAS', 'MICAL2', 'IMAGE.33267', 'OSBPL1A', 'AA598555', 'HCLS1', 'KLRC2', 'EID.3', 'RAB27B', 'RND3', 'OSR1', 'PARD3', 'SETD5', 'PRG1', 'HAMP', 'HEY1', 'LRBA', 'RAB11FIP4', 'IFI30', 'MASP1', 'GPSM2', 'SCAMP5', 'X38595', 'PRSS1', 'MAPKBP1', 'COL6A2', 'KCNK6', 'GBP2', 'DMN', 'IGFBP5', 'SNCG', 'ADFP', 'LUM', 'GADD45B', 'HLA.F', 'SERPINH1', 'EPHB1', 'BLVRB', 'SCN2B', 'RALY', 'CCR1', 'PRKAR1B', 'AA479357', 'CDC20B', 'CSPG2', 'TMEM49', 'AI005038', 'TCTEX1D1', 'KNS2', 'PLTP', 'KLRC1', 'LSP1', 'SP100', 'NLGN1', 'T51726', 'TOMM40', 'PDE4DIP', 'S100A1', 'SERPINI1', 'PRKCZ', 'ITPKA', 'INPP5F', 'YWHAG', 'TBC1D7', 'AA131320', 'CA12', 'VSNL1', 'DPYD', 'IL32', 'CBX6', 'PNCK', 'DCLRE1B', 'EDG3', 'MGP', 'LMO7', 'PRRX1', 'LTF', 'L1CAM', 'NDST1', 'TCF7L1', 'AA490257', 'AA424849', 'RUNX1', 'TNFAIP3', 'EXT1', 'AA975768', 'GBP1', 'DSCR1L1', 'LILRA1', 'COL3A1', 'A2BP1', 'MB', 'C1orf187', 'USP6NL', 'CD58', 'AI002301', 'DDEF1', 'S100A11', 'DEF6', 'IGF1R', 'ZNF233', 'MSN', 'SYT7', 'HBXIP', 'DLL3', 'HLA.A', 'MTHFD2', 'STXBP1', 'MST1', 'FBXW7', 'R70684', 'SERPING1', 'COX7A1', 'AP4B1', 'COL1A1', 'PLA2G2A', 'LGALS3', 'CAV1', 'ZNF226', 'SRPX', 'PHLDA1', 'PSD3', 'MAL2', 'CACNB2', 'ZNF419B', 'EDNRB', 'CHN1', 'LOC57228', 'CD53', 'IGSF3', 'IL21R', 'FLJ38984', 'AA401952', 'MYC', 'FZD7', 'H78560', 'TSPAN6', 'IGFBP3', 'C1R', 'IL1RAP', 'WWTR1', 'PLOD2', 'TXNDC', 'CASP1', 'RFXAP', 'AI822135', 'AA906888', 'ITGA9', 'MRC2', 'SBP1', 'PYCR1', 'GOT1', 'PSG1', 'DNASE1L1', 'AA598631', 'PPP3CA', 'ACAD8', 'TIMP1', 'RPS19BP1', 'SNRPN', 'ANK3', 'HNRNPG.T', 'AA669383', 'R70506', 'NPTX1', 'ZNF329', 'ESM1', 'ATP6V1C1', 'MDFI', 'PSG5', 'APCS', 'MOAP1', 'SPAG6', 'C9orf48', 'C6orf12', 'LY96', 'TNC', 'MED11', 'PYGL', 'FBL', 'PEG3', 'GABBR1', 'FCGRT', 'SPINT2', 'AEBP1', 'CTHRC1', 'ZNF217', 'LOC541471', 'GYPC', 'NMNAT2', 'TTC23', 'NDUFB11', 'T97457', 'NEFH', 'VASP', 'HBA1', 'SOCS3', 'PLP2', 'AI357047', 'NCF1', 'DIP2C', 'SOX4', 'AKR1C1', 'MSTP9', 'SVIL', 'LAMB1', 'IQSEC1', 'STK17A', 'SLC15A2', 'TFDP2', 'EFHB', 'FLJ35740', 'STC1', 'SLC35A2', 'LHFPL2', 'APOC1', 'PDLIM7', 'ANXA5', 'PALLD', 'ZNF549', 'BGN', 'D21S2089E', 'PPP1R14A', 'COL1A2', 'CACNB3', 'DDIT4', 'ADCY1', 'EMP3', 'KIAA0963', 'VAMP2', 'S100A10', 'AI262682', 'ID4', 'ADAM19', 'PLAU', 'KCNQ2', 'C1orf63', 'AA489629', 'ABCC3', 'PYHIN1', 'ID3', 'AA398420', 'CA11', 'H86813', 'GAS1', 'EGLN2', 'DUS3L', 'FBXO32', 'L3MBTL4', 'FCGR2B', 'KIAA1543', 'ARPP.19', 'CDKN2D', 'LOC389831', 'T62491', 'YWHAH', 'NSF', 'RTN3', 'DKFZp313A2432', 'CAP2', 'POSTN', 'UBA52', 'AA029415', 'DYNLT1', 'MGC42367', 'CHI3L2', 'F13A1', 'UGCG', 'MGC39606', 'H24428', 'COL9A2', 'MYCBP2', 'HLA.DRB1', 'BCAM', 'PPP3CB', 'HMOX1', 'PRKCB1', 'AI871056', 'AIF1', 'ITGA3', 'CLIC1', 'MYBPC2', 'CKMT1A', 'FBXO2', 'H20822', 'TAP1', 'KLRC3', 'C16orf5', 'SPARC', 'CAMKK2', 'HSPG2', 'KCNJ1', 'SLC16A3', 'FBXL16', 'R61377', 'H10054', 'SORT1', 'TIMP3', 'LYN', 'FAM46A', 'H41096', 'PARP14', 'DECR2', 'COL4A2', 'NCF2', 'PLAUR', 'RBP7', 'ADARB2', 'GPNMB', 'HPCA', 'NPC2', 'CAMK2A', 'LAPTM5', 'DES', 'SERPINA3', 'MDK', 'C4A', 'AA181288', 'BCL2A1', 'ASPA', 'DDN']
INDEX
[291, 168, 305, 250, 369, 416, 288, 228, 127, 187, 9, 348, 414, 17, 379, 131, 329, 210, 163, 271, 419, 59, 298, 372, 409, 315, 359, 153, 35, 205, 370, 45, 179, 251, 128, 307, 285, 229, 149, 98, 86, 400, 195, 317, 381, 214, 274, 202, 69, 95, 289, 410, 255, 119, 367, 389, 25, 27, 138, 342, 382, 273, 353, 53, 60, 345, 114, 392, 358, 101, 237, 8, 55, 215, 259, 11, 19, 100, 337, 141, 77, 144, 239, 330, 355, 256, 393, 292, 178, 103, 203, 71, 121, 302, 156, 183, 324, 72, 126, 76, 96, 306, 408, 84, 294, 354, 209, 117, 20, 151, 174, 41, 5, 91, 418, 304, 160, 46, 282, 104, 88, 50, 182, 257, 368, 170, 159, 56, 338, 33, 219, 218, 227, 378, 412, 366, 143, 191, 65, 404, 97, 332, 212, 231, 265, 148, 140, 301, 10, 245, 318, 118, 211, 208, 154, 371, 360, 323, 341, 347, 200, 290, 322, 213, 129, 136, 110, 313, 223, 247, 150, 125, 28, 321, 423, 226, 327, 232, 296, 402, 132, 234, 391, 107, 266, 0, 236, 246, 334, 47, 152, 216, 238, 361, 15, 133, 350, 32, 90, 254, 52, 58, 68, 405, 23, 94, 217, 176, 206, 134, 376, 398, 173, 18, 44, 102, 276, 113, 399, 24, 380, 260, 106, 333, 16, 31, 111, 374, 137, 283, 64, 284, 242, 386, 264, 411, 80, 258, 115, 189, 328, 190, 268, 396, 252, 164, 225, 193, 331, 130, 39, 220, 261, 66, 308, 377, 112, 13, 82, 162, 244, 349, 43, 270, 177, 422, 38, 390, 105, 394, 36, 287, 169, 6, 109, 335, 248, 165, 406, 243, 413, 139, 146, 300, 314, 157, 385, 233, 79, 263, 145, 62, 61, 92, 186, 12, 310, 85, 89, 207, 351, 1, 196, 7, 230, 2, 320, 362, 415, 421, 57, 262, 201, 167, 299, 108, 51, 253, 192, 397, 29, 70, 42, 420, 158, 172, 293, 303, 74, 280, 147, 325, 194, 171, 375, 184, 277, 14, 180, 221, 297, 356, 83, 352, 181, 388, 48, 21, 37, 222, 240, 22, 120, 269, 235, 311, 344, 281, 75, 166, 319, 267, 93, 199, 387, 40, 87, 340, 346, 3, 279, 197, 73, 417, 49, 78, 175, 339, 204, 365, 373, 99, 67, 278, 312, 224, 357, 116, 155, 403, 295, 161, 34, 142, 188, 185, 401, 26, 123, 395, 275, 383, 407, 135, 122, 316, 124, 63, 4, 309, 384, 364, 286, 326, 363, 198, 272, 241, 249, 343, 81, 336]
[Time: 30.06.23 07:32:29] [Level: info] transition: compute_std
[Time: 30.06.23 07:32:30] [Level: info] state: compute_std
[CTRL] GET /data
[CTRL] POST /data
(422, 1)
[Time: 30.06.23 07:32:32] [Level: info] transition: apply_scaling
[Time: 30.06.23 07:32:33] [Level: info] state: apply_scaling
[CTRL] GET /data
[CTRL] POST /data
[124  43 133  13 373  31 121 283 150 233 278 319 253  76 201 148 369 397
 185 250 230 176  75 333 108 165 405 346 156 350 172 114 200 255 312 262
  33 379 402 310 330  72 227 219  53  11  21 301  56 254 212 386  20 348
  98 389 371 197 192 413 122 111 287 112 145 292 309 304 351  16 270 374
 367  60 127 268 164 303 356 315  71  36 104 129 241 334 187 191 171 106
 307 420 417 257  35  44 282 385 157 305 271 275  84  79 411  99 224  37
 245 343   4 109 322  65  95 380 296 229 179 163 134 140   3 173 196 149
  70 352 370 353 189  61 338 160 225 320  29 399 170 364   1   8 125  51
 363 295 264 128  55 202 323  93 272 365 138 360 101 375 249 132 342 376
 314  48 177 390 142 211  78 143 208 421 291 273  32 198 340 214  86  52
  88 313  42 358 328 401 154  34 181 316 116 357 206  97 130 239  50 290
 382 395 240  46 415 226 235 366 418 347 137 228 158 119 159  25 362 388
 408 258 355 349 381 204 336 182 337 168 244 412 252  10 331 327  19  81
  12 103  17 400 267  18  91 117 118 190 243 297 308 194 383 126 286  83
  14 193 199 285 398 392   5 248 115 183 289 144  15 404 188 120 232 162
  27 260  54 325 263  47 393 220 153  40 105 186  59 210 161 300 110  38
 203 377 146  89 394 414 251  74  28  58  82 406 391 213 384  77  26 372
 259 216 409   6 359 274 321 155 242 326 339  64  69 174 102 167 341 279
 217  66 178  62  23 236 175 139   9  67 419 396 113 136  57 237 207  94
 107 256 318 293 387 123 407  73 324 169 344 311 284 166 345 276  90 403
 288 218 265  24 215 141 135 277 131  96   7 184 335 147   0 222  63 368
 261]
(array([ 43, 124]),)
[Time: 30.06.23 07:32:35] [Level: info] transition: mfa_prerequisites
[Time: 30.06.23 07:32:36] [Level: info] state: mfa_prerequisites
Calling start_power_iteration
[Time: 30.06.23 07:32:36] [Level: info] transition: start_power_iteration
[Time: 30.06.23 07:32:37] [Level: info] state: start_power_iteration
[STARTUP] Computing covariance matrix
[STARTUP] Random initialisation
TABDATA SCALED
[[ 0.0045612   0.          0.         ...  0.         -1.82147829
   0.44632012]
 [ 0.38767183  0.51710748  0.88009016 ...  0.49749837 -0.13836178
  -3.29786138]
 [ 0.82885711  0.          0.         ...  0.          0.
  -0.10482419]
 ...
 [ 0.         -0.23039861  0.         ...  0.18902135  0.
  -0.06753923]
 [-1.30708014 -0.89635565 -0.93345353 ... -1.06475723  0.63629587
  -0.26275139]
 [ 0.21700046  0.38750499  1.30751748 ...  1.10632279 -1.64741495
   0.32790579]]
[Time: 30.06.23 07:32:37] [Level: info] transition: compute_final_h_cov
[CTRL] GET /data
[Time: 30.06.23 07:32:38] [Level: info] state: compute_final_h_cov
[CTRL] POST /data
Setting k
starting eigenvector norms
17
[Time: 30.06.23 07:32:41] [Level: info] transition: compute_local_conorm
[Time: 30.06.23 07:32:42] [Level: info] state: compute_local_conorm
[CTRL] GET /data
[CTRL] POST /data
[Time: 30.06.23 07:32:44] [Level: info] transition: compute_local_norm
[Time: 30.06.23 07:32:45] [Level: info] state: compute_local_norm
[CTRL] GET /data
[CTRL] POST /data
starting orthogonalise_current
ending orthogonalise_current
starting eigenvector norms
17
[Time: 30.06.23 07:32:47] [Level: info] transition: compute_local_conorm
[Time: 30.06.23 07:32:48] [Level: info] state: compute_local_conorm
[CTRL] GET /data
[CTRL] POST /data
[Time: 30.06.23 07:32:50] [Level: info] transition: compute_local_norm
[Time: 30.06.23 07:32:51] [Level: info] state: compute_local_norm
[CTRL] GET /data
[CTRL] POST /data
starting orthogonalise_current
ending orthogonalise_current
starting eigenvector norms
17
[Time: 30.06.23 07:32:53] [Level: info] transition: compute_local_conorm
[Time: 30.06.23 07:32:54] [Level: info] state: compute_local_conorm
[CTRL] GET /data
[CTRL] POST /data
[Time: 30.06.23 07:32:56] [Level: info] transition: compute_local_norm
[Time: 30.06.23 07:32:57] [Level: info] state: compute_local_norm
[CTRL] GET /data
[CTRL] POST /data
starting orthogonalise_current
ending orthogonalise_current
starting eigenvector norms
17
[Time: 30.06.23 07:32:59] [Level: info] transition: compute_local_conorm
[Time: 30.06.23 07:33:00] [Level: info] state: compute_local_conorm
[CTRL] GET /data
[CTRL] POST /data
[Time: 30.06.23 07:33:02] [Level: info] transition: compute_local_norm
[Time: 30.06.23 07:33:03] [Level: info] state: compute_local_norm
[CTRL] GET /data
[CTRL] POST /data
starting orthogonalise_current
ending orthogonalise_current
starting eigenvector norms
17
[Time: 30.06.23 07:33:05] [Level: info] transition: compute_local_conorm
[Time: 30.06.23 07:33:06] [Level: info] state: compute_local_conorm
[CTRL] GET /data
[CTRL] POST /data
[Time: 30.06.23 07:33:08] [Level: info] transition: compute_local_norm
[Time: 30.06.23 07:33:09] [Level: info] state: compute_local_norm
[CTRL] GET /data
[CTRL] POST /data
starting orthogonalise_current
ending orthogonalise_current
starting eigenvector norms
17
[Time: 30.06.23 07:33:11] [Level: info] transition: compute_local_conorm
[Time: 30.06.23 07:33:12] [Level: info] state: compute_local_conorm
[CTRL] GET /data
[CTRL] POST /data
[Time: 30.06.23 07:33:14] [Level: info] transition: compute_local_norm
[Time: 30.06.23 07:33:15] [Level: info] state: compute_local_norm
[CTRL] GET /data
[CTRL] POST /data
starting orthogonalise_current
ending orthogonalise_current
starting eigenvector norms
17
[Time: 30.06.23 07:33:17] [Level: info] transition: compute_local_conorm
[Time: 30.06.23 07:33:18] [Level: info] state: compute_local_conorm
[CTRL] GET /data
[CTRL] POST /data
[Time: 30.06.23 07:33:20] [Level: info] transition: compute_local_norm
[Time: 30.06.23 07:33:21] [Level: info] state: compute_local_norm
[CTRL] GET /data
[CTRL] POST /data
starting orthogonalise_current
ending orthogonalise_current
starting eigenvector norms
17
[Time: 30.06.23 07:33:23] [Level: info] transition: compute_local_conorm
[Time: 30.06.23 07:33:24] [Level: info] state: compute_local_conorm
[CTRL] GET /data
[CTRL] POST /data
[Time: 30.06.23 07:33:26] [Level: info] transition: compute_local_norm
[Time: 30.06.23 07:33:27] [Level: info] state: compute_local_norm
[CTRL] GET /data
[CTRL] POST /data
starting orthogonalise_current
ending orthogonalise_current
starting eigenvector norms
17
[Time: 30.06.23 07:33:29] [Level: info] transition: compute_local_conorm
[Time: 30.06.23 07:33:30] [Level: info] state: compute_local_conorm
[CTRL] GET /data
[CTRL] POST /data
[Time: 30.06.23 07:33:32] [Level: info] transition: compute_local_norm
[Time: 30.06.23 07:33:33] [Level: info] state: compute_local_norm
[CTRL] GET /data
[CTRL] POST /data
starting orthogonalise_current
ending orthogonalise_current
starting eigenvector norms
17
[Time: 30.06.23 07:33:35] [Level: info] transition: compute_local_conorm
[Time: 30.06.23 07:33:36] [Level: info] state: compute_local_conorm
[CTRL] GET /data
[CTRL] POST /data
[Time: 30.06.23 07:33:38] [Level: info] transition: compute_local_norm
[Time: 30.06.23 07:33:39] [Level: info] state: compute_local_norm
[CTRL] GET /data
[CTRL] POST /data
starting orthogonalise_current
ending orthogonalise_current
starting eigenvector norms
17
[Time: 30.06.23 07:33:41] [Level: info] transition: compute_local_conorm
[Time: 30.06.23 07:33:42] [Level: info] state: compute_local_conorm
[CTRL] GET /data
[CTRL] POST /data
[Time: 30.06.23 07:33:44] [Level: info] transition: compute_local_norm
[Time: 30.06.23 07:33:45] [Level: info] state: compute_local_norm
[CTRL] GET /data
[CTRL] POST /data
starting orthogonalise_current
ending orthogonalise_current
starting eigenvector norms
17
[Time: 30.06.23 07:33:47] [Level: info] transition: compute_local_conorm
[Time: 30.06.23 07:33:48] [Level: info] state: compute_local_conorm
[CTRL] GET /data
[CTRL] POST /data
[Time: 30.06.23 07:33:50] [Level: info] transition: compute_local_norm
[Time: 30.06.23 07:33:51] [Level: info] state: compute_local_norm
[CTRL] GET /data
[CTRL] POST /data
starting orthogonalise_current
ending orthogonalise_current
starting eigenvector norms
17
[Time: 30.06.23 07:33:53] [Level: info] transition: compute_local_conorm
[Time: 30.06.23 07:33:54] [Level: info] state: compute_local_conorm
[CTRL] GET /data
[CTRL] POST /data
[Time: 30.06.23 07:33:56] [Level: info] transition: compute_local_norm
[Time: 30.06.23 07:33:57] [Level: info] state: compute_local_norm
[CTRL] GET /data
[CTRL] POST /data
starting orthogonalise_current
ending orthogonalise_current
starting eigenvector norms
17
[Time: 30.06.23 07:33:59] [Level: info] transition: compute_local_conorm
[Time: 30.06.23 07:34:00] [Level: info] state: compute_local_conorm
[CTRL] GET /data
[CTRL] POST /data
[Time: 30.06.23 07:34:02] [Level: info] transition: compute_local_norm
[Time: 30.06.23 07:34:03] [Level: info] state: compute_local_norm
[CTRL] GET /data
[CTRL] POST /data
starting orthogonalise_current
ending orthogonalise_current
starting eigenvector norms
17
[Time: 30.06.23 07:34:05] [Level: info] transition: compute_local_conorm
[Time: 30.06.23 07:34:06] [Level: info] state: compute_local_conorm
[CTRL] GET /data
[CTRL] POST /data
[Time: 30.06.23 07:34:09] [Level: info] transition: compute_local_norm
[Time: 30.06.23 07:34:10] [Level: info] state: compute_local_norm
[CTRL] GET /data
[CTRL] POST /data
starting orthogonalise_current
ending orthogonalise_current
starting eigenvector norms
17
[Time: 30.06.23 07:34:12] [Level: info] transition: compute_local_conorm
[Time: 30.06.23 07:34:13] [Level: info] state: compute_local_conorm
[CTRL] GET /data
[CTRL] POST /data
[Time: 30.06.23 07:34:15] [Level: info] transition: compute_local_norm
[Time: 30.06.23 07:34:16] [Level: info] state: compute_local_norm
[CTRL] GET /data
[CTRL] POST /data
starting orthogonalise_current
ending orthogonalise_current
starting eigenvector norms
17
[Time: 30.06.23 07:34:18] [Level: info] transition: normalize_g
[Time: 30.06.23 07:34:19] [Level: info] state: normalize_g
[CTRL] GET /data
[CTRL] POST /data
Normalising
(26, 17)
17
End normalising
(26, 17)
(17, 17)
(17,)
(26, 17)
[Time: 30.06.23 07:34:21] [Level: info] transition: seperate_pca
[Time: 30.06.23 07:34:22] [Level: info] state: seperate_pca
Starting factor analysis
[Time: 30.06.23 07:34:22] [Level: info] transition: factor_analysis
[Time: 30.06.23 07:34:23] [Level: info] state: factor_analysis
Starting MFA final
[Time: 30.06.23 07:34:23] [Level: info] transition: mfa_final
[Time: 30.06.23 07:34:24] [Level: info] state: mfa_final
Starting save results
[Time: 30.06.23 07:34:24] [Level: info] transition: save_results
[Time: 30.06.23 07:34:25] [Level: info] state: save_results
SAVING RESULTS
saving pca/mnt/output/pca/left_eigenvectors.tsv
	
MOVE INPUT TO OUTPUT
[Time: 30.06.23 07:34:25] [Level: info] transition: finalize
[Time: 30.06.23 07:34:26] [Level: info] state: finalize
[Time: 30.06.23 07:34:26] [Level: info] transition: terminal
[Time: 30.06.23 07:34:26] [Level: info] done
[CTRL] GET /data
