{"component":"MAIN","instance":"","level":"info","msg":"Controller start","time":"2023-06-28T07:10:46Z"}
{"component":"MAIN","instance":"","level":"info","msg":"Mode: Dockerized (isolated)","time":"2023-06-28T07:10:46Z"}
{"component":"MAIN","instance":"","level":"info","msg":"Configuration value 'HasGPU': false","time":"2023-06-28T07:10:46Z"}
{"component":"DOCKER","instance":"","level":"info","msg":"Removing leftover Docker entities for label: fc-controller-label","time":"2023-06-28T07:10:46Z"}
{"component":"DOCKER","instance":"","level":"info","msg":"Removed 0 of 0 leftover containers","time":"2023-06-28T07:10:46Z"}
{"component":"DOCKER","instance":"","level":"info","msg":"Removed 0 of 0 leftover volumes","time":"2023-06-28T07:10:46Z"}
{"component":"DOCKER","instance":"","level":"info","msg":"Removed 1 of 1 leftover networks","time":"2023-06-28T07:10:47Z"}
{"component":"GLOBAL","instance":"","level":"info","msg":"Listening on port 9151","time":"2023-06-28T07:10:47Z"}
{"component":"GLOBAL","instance":"","level":"info","msg":"Listening on port 9150","time":"2023-06-28T07:10:47Z"}
{"component":"TESTBED","instance":"","level":"info","msg":"Create new test","time":"2023-06-28T07:11:23Z"}
{"component":"TESTBED","instance":"1","level":"info","msg":"Create volumes and containers...","time":"2023-06-28T07:11:23Z"}
{"component":"DOCKER","instance":"","level":"info","msg":"Create volume test_1_input_0_1687936283","time":"2023-06-28T07:11:23Z"}
{"component":"DOCKER","instance":"","level":"info","msg":"Create volume test_1_output_0_1687936283","time":"2023-06-28T07:11:23Z"}
{"component":"TESTBED","instance":"1","level":"info","msg":"Move data to workspace from /mnt/c/dev/multiplefactoranalysis/data/h1","time":"2023-06-28T07:11:23Z"}
{"component":"DOCKER","instance":"","level":"info","msg":"Move data to workspace","time":"2023-06-28T07:11:23Z"}
{"component":"DOCKER","instance":"","level":"info","msg":"Attach to internal network","time":"2023-06-28T07:11:24Z"}
{"component":"DOCKER","instance":"","level":"info","msg":"Remove application","time":"2023-06-28T07:11:25Z"}
{"component":"DOCKER","instance":"","level":"info","msg":"Intermediary container used for moving data from host to volume has been removed","time":"2023-06-28T07:11:26Z"}
{"component":"TESTBED","instance":"1","level":"info","msg":"Move generic data to input volume from /mnt/c/dev/multiplefactoranalysis/data/generic","time":"2023-06-28T07:11:26Z"}
{"component":"DOCKER","instance":"","level":"info","msg":"Move data to workspace","time":"2023-06-28T07:11:26Z"}
{"component":"DOCKER","instance":"","level":"info","msg":"Attach to internal network","time":"2023-06-28T07:11:27Z"}
{"component":"DOCKER","instance":"","level":"info","msg":"Remove application","time":"2023-06-28T07:11:28Z"}
{"component":"DOCKER","instance":"","level":"info","msg":"Intermediary container used for moving data from host to volume has been removed","time":"2023-06-28T07:11:29Z"}
{"component":"TESTBED","instance":"1","level":"info","msg":"Start application","time":"2023-06-28T07:11:29Z"}
{"component":"DOCKER","instance":"","level":"info","msg":"Attach to internal network","time":"2023-06-28T07:11:29Z"}
{"component":"TESTBED","instance":"1","level":"info","msg":"Append app to list","time":"2023-06-28T07:11:31Z"}
{"component":"DOCKER","instance":"","level":"info","msg":"Create volume test_1_input_1_1687936291","time":"2023-06-28T07:11:31Z"}
{"component":"DOCKER","instance":"","level":"info","msg":"Create volume test_1_output_1_1687936291","time":"2023-06-28T07:11:31Z"}
{"component":"TESTBED","instance":"1","level":"info","msg":"Move data to workspace from /mnt/c/dev/multiplefactoranalysis/data/h2","time":"2023-06-28T07:11:31Z"}
{"component":"DOCKER","instance":"","level":"info","msg":"Move data to workspace","time":"2023-06-28T07:11:31Z"}
{"component":"DOCKER","instance":"","level":"info","msg":"Attach to internal network","time":"2023-06-28T07:11:31Z"}
{"component":"DOCKER","instance":"","level":"info","msg":"Remove application","time":"2023-06-28T07:11:33Z"}
{"component":"DOCKER","instance":"","level":"info","msg":"Intermediary container used for moving data from host to volume has been removed","time":"2023-06-28T07:11:34Z"}
{"component":"TESTBED","instance":"1","level":"info","msg":"Move generic data to input volume from /mnt/c/dev/multiplefactoranalysis/data/generic","time":"2023-06-28T07:11:34Z"}
{"component":"DOCKER","instance":"","level":"info","msg":"Move data to workspace","time":"2023-06-28T07:11:34Z"}
{"component":"DOCKER","instance":"","level":"info","msg":"Attach to internal network","time":"2023-06-28T07:11:34Z"}
{"component":"DOCKER","instance":"","level":"info","msg":"Remove application","time":"2023-06-28T07:11:35Z"}
{"component":"DOCKER","instance":"","level":"info","msg":"Intermediary container used for moving data from host to volume has been removed","time":"2023-06-28T07:11:36Z"}
{"component":"TESTBED","instance":"1","level":"info","msg":"Start application","time":"2023-06-28T07:11:36Z"}
{"component":"DOCKER","instance":"","level":"info","msg":"Attach to internal network","time":"2023-06-28T07:11:37Z"}
{"component":"TESTBED","instance":"1","level":"info","msg":"Append app to list","time":"2023-06-28T07:11:38Z"}
{"component":"TESTBED","instance":"1","level":"info","msg":"Link fc_featurecloudaifcmultiplefactoranalysis_835619728 with global socket server","time":"2023-06-28T07:11:38Z"}
{"component":"TESTBED","instance":"1","level":"info","msg":"Link fc_featurecloudaifcmultiplefactoranalysis_999560369 with global socket server","time":"2023-06-28T07:11:38Z"}
{"component":"TESTBED","instance":"1","level":"info","msg":"Start local socket server","time":"2023-06-28T07:11:38Z"}
{"component":"TESTBED","instance":"1","level":"info","msg":"Start local socket server","time":"2023-06-28T07:11:38Z"}
{"component":"TESTBED","instance":"1","level":"info","msg":"Link to global address","time":"2023-06-28T07:11:38Z"}
{"component":"TESTBED","instance":"1","level":"info","msg":"Link to global address","time":"2023-06-28T07:11:38Z"}
{"component":"GLOBAL","instance":"","level":"info","msg":"Registered new coordinator controller","time":"2023-06-28T07:11:38Z"}
{"component":"GLOBAL","instance":"","level":"info","msg":"Registered new participant controller","time":"2023-06-28T07:11:38Z"}
{"component":"LOCAL","instance":"","level":"info","msg":"Received setup trigger","time":"2023-06-28T07:11:38Z"}
{"component":"LOCAL","instance":"","level":"info","msg":"Received setup trigger","time":"2023-06-28T07:11:38Z"}
{"component":"LOCAL","instance":"","level":"error","msg":"Got error during setup to http://172.30.0.4:9000: Post \"http://172.30.0.4:9000/setup\": dial tcp 172.30.0.4:9000: connect: connection refused","time":"2023-06-28T07:11:38Z"}
{"component":"GLOBAL","instance":"","level":"info","msg":"Setup ca28deb7de5daaf044792d7ec9ce1afdf40f055cd32b5cfa45c2551a9be5cc4d","time":"2023-06-28T07:11:39Z"}
{"component":"TESTBED","instance":"1","level":"info","msg":"Setup triggered","time":"2023-06-28T07:11:39Z"}
{"component":"TESTBED","instance":"1","level":"info","msg":"2 apps and server created and running","time":"2023-06-28T07:11:39Z"}
{"component":"LOCAL","instance":"","level":"info","msg":"http://172.30.0.4:9000/status: New data available","time":"2023-06-28T07:11:44Z"}
{"component":"LOCAL","instance":"","level":"info","msg":"Mode: plain","time":"2023-06-28T07:11:44Z"}
{"component":"LOCAL","instance":"","level":"debug","msg":"http://172.30.0.4:9000/data: Fetched 14510 bytes","time":"2023-06-28T07:11:44Z"}
{"component":"GLOBAL","instance":"","level":"info","msg":"[GLOBAL] Participant (ID: 50760d78ebec9c01) sending 14510 bytes to Coordinator","time":"2023-06-28T07:11:44Z"}
{"component":"LOCAL","instance":"","level":"info","msg":"received 14510 bytes from Client 50760d78ebec9c01","time":"2023-06-28T07:11:44Z"}
{"component":"LOCAL","instance":"","level":"info","msg":"POST to http://172.30.0.3:9000/data?client=50760d78ebec9c01 [Try 1/3]","time":"2023-06-28T07:11:44Z"}
{"component":"LOCAL","instance":"","level":"info","msg":"http://172.30.0.3:9000/status: New data available","time":"2023-06-28T07:11:45Z"}
{"component":"LOCAL","instance":"","level":"info","msg":"Mode: plain","time":"2023-06-28T07:11:45Z"}
{"component":"LOCAL","instance":"","level":"debug","msg":"http://172.30.0.3:9000/data: Fetched 617 bytes","time":"2023-06-28T07:11:45Z"}
{"component":"GLOBAL","instance":"","level":"info","msg":"Coordinator (ID: 4d8bc2d994db4636) broadcasting 617 bytes","time":"2023-06-28T07:11:45Z"}
{"component":"LOCAL","instance":"","level":"info","msg":"received 617 bytes from Client 4d8bc2d994db4636","time":"2023-06-28T07:11:45Z"}
{"component":"LOCAL","instance":"","level":"info","msg":"POST to http://172.30.0.4:9000/data?client=4d8bc2d994db4636 [Try 1/3]","time":"2023-06-28T07:11:45Z"}
{"component":"LOCAL","instance":"","level":"info","msg":"http://172.30.0.4:9000/status: Finished","time":"2023-06-28T07:11:47Z"}
{"component":"GLOBAL","instance":"","level":"info","msg":"[GLOBAL] Participant (ID: 50760d78ebec9c01) finished the current step","time":"2023-06-28T07:11:47Z"}
{"component":"LOCAL","instance":"","level":"info","msg":"Shutdown","time":"2023-06-28T07:11:48Z"}
{"component":"LOCAL","instance":"","level":"info","msg":"Shutdown","time":"2023-06-28T07:11:48Z"}
{"component":"GLOBAL","instance":"","level":"error","msg":"Participant (ID: 4d8bc2d994db4636): relaying stopped due to: EOF","time":"2023-06-28T07:11:48Z"}
{"component":"TESTBED","instance":"1","level":"info","msg":"Stopping test id: 1","time":"2023-06-28T07:11:48Z"}
{"component":"TESTBED","instance":"1","level":"info","msg":"Stopping container fc_featurecloudaifcmultiplefactoranalysis_835619728","time":"2023-06-28T07:11:48Z"}
{"component":"GLOBAL","instance":"","level":"error","msg":"Participant (ID: 50760d78ebec9c01): relaying stopped due to: EOF","time":"2023-06-28T07:11:48Z"}
{"component":"DOCKER","instance":"","level":"info","msg":"Move data to host","time":"2023-06-28T07:11:48Z"}
{"component":"DOCKER","instance":"","level":"info","msg":"Attach to internal network","time":"2023-06-28T07:11:49Z"}
{"component":"DOCKER","instance":"","level":"info","msg":"Remove application","time":"2023-06-28T07:11:50Z"}
{"component":"DOCKER","instance":"","level":"debug","msg":"Intermediary container used for moving data from volume to host has been removed","time":"2023-06-28T07:11:51Z"}
{"component":"TESTBED","instance":"1","level":"info","msg":"Saved output volume content to /data/tests/results_test_1_client_0_fc_featurecloudaifcmultiplefactoranalysis_835619728.zip","time":"2023-06-28T07:11:51Z"}
{"component":"DOCKER","instance":"","level":"info","msg":"Remove volume test_1_output_0_1687936283","time":"2023-06-28T07:11:51Z"}
{"component":"TESTBED","instance":"1","level":"info","msg":"Deleted volume test_1_output_0_1687936283","time":"2023-06-28T07:11:51Z"}
{"component":"DOCKER","instance":"","level":"info","msg":"Remove volume test_1_input_0_1687936283","time":"2023-06-28T07:11:51Z"}
{"component":"TESTBED","instance":"1","level":"info","msg":"Deleted volume test_1_input_0_1687936283","time":"2023-06-28T07:11:51Z"}
{"component":"TESTBED","instance":"1","level":"info","msg":"Stopping container fc_featurecloudaifcmultiplefactoranalysis_999560369","time":"2023-06-28T07:11:51Z"}
{"component":"DOCKER","instance":"","level":"info","msg":"Move data to host","time":"2023-06-28T07:11:52Z"}
{"component":"DOCKER","instance":"","level":"info","msg":"Attach to internal network","time":"2023-06-28T07:11:52Z"}
{"component":"DOCKER","instance":"","level":"info","msg":"Remove application","time":"2023-06-28T07:11:53Z"}
{"component":"DOCKER","instance":"","level":"debug","msg":"Intermediary container used for moving data from volume to host has been removed","time":"2023-06-28T07:11:54Z"}
{"component":"TESTBED","instance":"1","level":"info","msg":"Saved output volume content to /data/tests/results_test_1_client_1_fc_featurecloudaifcmultiplefactoranalysis_999560369.zip","time":"2023-06-28T07:11:55Z"}
{"component":"DOCKER","instance":"","level":"info","msg":"Remove volume test_1_output_1_1687936291","time":"2023-06-28T07:11:55Z"}
{"component":"TESTBED","instance":"1","level":"info","msg":"Deleted volume test_1_output_1_1687936291","time":"2023-06-28T07:11:55Z"}
{"component":"DOCKER","instance":"","level":"info","msg":"Remove volume test_1_input_1_1687936291","time":"2023-06-28T07:11:55Z"}
{"component":"TESTBED","instance":"1","level":"info","msg":"Deleted volume test_1_input_1_1687936291","time":"2023-06-28T07:11:55Z"}
{"component":"FLOW","instance":"","level":"error","msg":"Error getting workflow data: Get \"https://featurecloud.ai/api/project-states/12639/?token=e90c6964-01e8-4b46-a26a-e896d5884041\": dial tcp: lookup featurecloud.ai on 127.0.0.11:53: no such host","time":"2023-06-28T07:21:48Z"}
{"component":"FLOW","instance":"","level":"error","msg":"Error getting workflow data: Get \"https://featurecloud.ai/api/project-states/12639/?token=e90c6964-01e8-4b46-a26a-e896d5884041\": dial tcp: lookup featurecloud.ai on 127.0.0.11:53: no such host","time":"2023-06-28T07:21:51Z"}
{"component":"FLOW","instance":"","level":"error","msg":"Error getting workflow data: Get \"https://featurecloud.ai/api/project-states/12639/?token=e90c6964-01e8-4b46-a26a-e896d5884041\": dial tcp: lookup featurecloud.ai on 127.0.0.11:53: no such host","time":"2023-06-28T07:21:54Z"}
{"component":"FLOW","instance":"","level":"error","msg":"Error getting workflow data: Get \"https://featurecloud.ai/api/project-states/12639/?token=e90c6964-01e8-4b46-a26a-e896d5884041\": dial tcp: lookup featurecloud.ai on 127.0.0.11:53: no such host","time":"2023-06-28T07:21:57Z"}
{"component":"FLOW","instance":"","level":"error","msg":"Error getting workflow data: Get \"https://featurecloud.ai/api/project-states/12639/?token=e90c6964-01e8-4b46-a26a-e896d5884041\": dial tcp: lookup featurecloud.ai on 127.0.0.11:53: no such host","time":"2023-06-28T07:22:00Z"}
