{"component":"MAIN","instance":"","level":"info","msg":"Controller start","time":"2023-06-28T13:02:33Z"}
{"component":"MAIN","instance":"","level":"info","msg":"Mode: Dockerized (isolated)","time":"2023-06-28T13:02:33Z"}
{"component":"MAIN","instance":"","level":"info","msg":"Configuration value 'HasGPU': false","time":"2023-06-28T13:02:33Z"}
{"component":"DOCKER","instance":"","level":"info","msg":"Removing leftover Docker entities for label: fc-controller-label","time":"2023-06-28T13:02:33Z"}
{"component":"DOCKER","instance":"","level":"info","msg":"Removed 0 of 0 leftover containers","time":"2023-06-28T13:02:33Z"}
{"component":"DOCKER","instance":"","level":"info","msg":"Removed 0 of 0 leftover volumes","time":"2023-06-28T13:02:33Z"}
{"component":"DOCKER","instance":"","level":"info","msg":"Removed 1 of 1 leftover networks","time":"2023-06-28T13:02:33Z"}
{"component":"GLOBAL","instance":"","level":"info","msg":"Listening on port 9151","time":"2023-06-28T13:02:33Z"}
{"component":"GLOBAL","instance":"","level":"info","msg":"Listening on port 9150","time":"2023-06-28T13:02:33Z"}
{"component":"TESTBED","instance":"","level":"info","msg":"Create new test","time":"2023-06-28T13:03:02Z"}
{"component":"TESTBED","instance":"1","level":"info","msg":"Create volumes and containers...","time":"2023-06-28T13:03:02Z"}
{"component":"DOCKER","instance":"","level":"info","msg":"Create volume test_1_input_0_1687957382","time":"2023-06-28T13:03:02Z"}
{"component":"DOCKER","instance":"","level":"info","msg":"Create volume test_1_output_0_1687957382","time":"2023-06-28T13:03:02Z"}
{"component":"TESTBED","instance":"1","level":"info","msg":"Move data to workspace from /mnt/c/dev/multiplefactoranalysis/data/h1","time":"2023-06-28T13:03:02Z"}
{"component":"DOCKER","instance":"","level":"info","msg":"Move data to workspace","time":"2023-06-28T13:03:02Z"}
{"component":"DOCKER","instance":"","level":"info","msg":"Attach to internal network","time":"2023-06-28T13:03:02Z"}
{"component":"DOCKER","instance":"","level":"info","msg":"Remove application","time":"2023-06-28T13:03:04Z"}
{"component":"DOCKER","instance":"","level":"info","msg":"Intermediary container used for moving data from host to volume has been removed","time":"2023-06-28T13:03:05Z"}
{"component":"TESTBED","instance":"1","level":"info","msg":"Move generic data to input volume from /mnt/c/dev/multiplefactoranalysis/data/generic","time":"2023-06-28T13:03:05Z"}
{"component":"DOCKER","instance":"","level":"info","msg":"Move data to workspace","time":"2023-06-28T13:03:05Z"}
{"component":"DOCKER","instance":"","level":"info","msg":"Attach to internal network","time":"2023-06-28T13:03:05Z"}
{"component":"DOCKER","instance":"","level":"info","msg":"Remove application","time":"2023-06-28T13:03:07Z"}
{"component":"DOCKER","instance":"","level":"info","msg":"Intermediary container used for moving data from host to volume has been removed","time":"2023-06-28T13:03:08Z"}
{"component":"TESTBED","instance":"1","level":"info","msg":"Start application","time":"2023-06-28T13:03:08Z"}
{"component":"DOCKER","instance":"","level":"info","msg":"Attach to internal network","time":"2023-06-28T13:03:08Z"}
{"component":"TESTBED","instance":"1","level":"info","msg":"Append app to list","time":"2023-06-28T13:03:09Z"}
{"component":"DOCKER","instance":"","level":"info","msg":"Create volume test_1_input_1_1687957389","time":"2023-06-28T13:03:09Z"}
{"component":"DOCKER","instance":"","level":"info","msg":"Create volume test_1_output_1_1687957389","time":"2023-06-28T13:03:09Z"}
{"component":"TESTBED","instance":"1","level":"info","msg":"Move data to workspace from /mnt/c/dev/multiplefactoranalysis/data/h2","time":"2023-06-28T13:03:09Z"}
{"component":"DOCKER","instance":"","level":"info","msg":"Move data to workspace","time":"2023-06-28T13:03:09Z"}
{"component":"DOCKER","instance":"","level":"info","msg":"Attach to internal network","time":"2023-06-28T13:03:10Z"}
{"component":"DOCKER","instance":"","level":"info","msg":"Remove application","time":"2023-06-28T13:03:11Z"}
{"component":"DOCKER","instance":"","level":"info","msg":"Intermediary container used for moving data from host to volume has been removed","time":"2023-06-28T13:03:12Z"}
{"component":"TESTBED","instance":"1","level":"info","msg":"Move generic data to input volume from /mnt/c/dev/multiplefactoranalysis/data/generic","time":"2023-06-28T13:03:12Z"}
{"component":"DOCKER","instance":"","level":"info","msg":"Move data to workspace","time":"2023-06-28T13:03:12Z"}
{"component":"DOCKER","instance":"","level":"info","msg":"Attach to internal network","time":"2023-06-28T13:03:13Z"}
{"component":"DOCKER","instance":"","level":"info","msg":"Remove application","time":"2023-06-28T13:03:14Z"}
{"component":"DOCKER","instance":"","level":"info","msg":"Intermediary container used for moving data from host to volume has been removed","time":"2023-06-28T13:03:15Z"}
{"component":"TESTBED","instance":"1","level":"info","msg":"Start application","time":"2023-06-28T13:03:15Z"}
{"component":"DOCKER","instance":"","level":"info","msg":"Attach to internal network","time":"2023-06-28T13:03:15Z"}
{"component":"TESTBED","instance":"1","level":"info","msg":"Append app to list","time":"2023-06-28T13:03:17Z"}
{"component":"TESTBED","instance":"1","level":"info","msg":"Link fc_featurecloudaifcmultiplefactoranalysis_132390393 with global socket server","time":"2023-06-28T13:03:17Z"}
{"component":"TESTBED","instance":"1","level":"info","msg":"Link fc_featurecloudaifcmultiplefactoranalysis_876011075 with global socket server","time":"2023-06-28T13:03:17Z"}
{"component":"TESTBED","instance":"1","level":"info","msg":"Start local socket server","time":"2023-06-28T13:03:17Z"}
{"component":"TESTBED","instance":"1","level":"info","msg":"Start local socket server","time":"2023-06-28T13:03:17Z"}
{"component":"TESTBED","instance":"1","level":"info","msg":"Link to global address","time":"2023-06-28T13:03:17Z"}
{"component":"TESTBED","instance":"1","level":"info","msg":"Link to global address","time":"2023-06-28T13:03:17Z"}
{"component":"GLOBAL","instance":"","level":"info","msg":"Registered new participant controller","time":"2023-06-28T13:03:17Z"}
{"component":"GLOBAL","instance":"","level":"info","msg":"Registered new coordinator controller","time":"2023-06-28T13:03:17Z"}
{"component":"LOCAL","instance":"","level":"info","msg":"Received setup trigger","time":"2023-06-28T13:03:17Z"}
{"component":"LOCAL","instance":"","level":"info","msg":"Received setup trigger","time":"2023-06-28T13:03:17Z"}
{"component":"LOCAL","instance":"","level":"error","msg":"Got error code during setup: 502","time":"2023-06-28T13:03:17Z"}
{"component":"LOCAL","instance":"","level":"error","msg":"Got error during setup to http://172.27.0.4:9000: Post \"http://172.27.0.4:9000/setup\": dial tcp 172.27.0.4:9000: connect: connection refused","time":"2023-06-28T13:03:17Z"}
{"component":"GLOBAL","instance":"","level":"info","msg":"Setup bd8d861de831f6456ad235da7e3e6a9894841f67067560315d747519b47b6747","time":"2023-06-28T13:03:18Z"}
{"component":"TESTBED","instance":"1","level":"info","msg":"Setup triggered","time":"2023-06-28T13:03:18Z"}
{"component":"TESTBED","instance":"1","level":"info","msg":"2 apps and server created and running","time":"2023-06-28T13:03:18Z"}
{"component":"LOCAL","instance":"","level":"error","msg":"Got error code during setup: 502","time":"2023-06-28T13:03:19Z"}
{"component":"LOCAL","instance":"","level":"error","msg":"Got error code during setup: 502","time":"2023-06-28T13:03:19Z"}
{"component":"LOCAL","instance":"","level":"error","msg":"Got error code during setup: 502","time":"2023-06-28T13:03:23Z"}
{"component":"LOCAL","instance":"","level":"error","msg":"Got error code during setup: 502","time":"2023-06-28T13:03:23Z"}
{"component":"LOCAL","instance":"","level":"error","msg":"Got error code during setup: 502","time":"2023-06-28T13:03:31Z"}
{"component":"LOCAL","instance":"","level":"error","msg":"Got error code during setup: 502","time":"2023-06-28T13:03:31Z"}
{"component":"LOCAL","instance":"","level":"error","msg":"Got error code during setup: 502","time":"2023-06-28T13:03:47Z"}
{"component":"LOCAL","instance":"","level":"error","msg":"Got error code during setup: 502","time":"2023-06-28T13:03:47Z"}
{"component":"LOCAL","instance":"","level":"error","msg":"Got error code during setup: 502","time":"2023-06-28T13:04:19Z"}
{"component":"TESTBED","instance":"1","level":"error","msg":"failed to setup, maybe the container got stuck during startup","time":"2023-06-28T13:04:19Z"}
{"component":"LOCAL","instance":"","level":"error","msg":"Got error code during setup: 502","time":"2023-06-28T13:04:19Z"}
{"component":"TESTBED","instance":"1","level":"error","msg":"failed to setup, maybe the container got stuck during startup","time":"2023-06-28T13:04:19Z"}
{"component":"LOCAL","instance":"","level":"info","msg":"Shutdown","time":"2023-06-28T13:04:19Z"}
{"component":"LOCAL","instance":"","level":"info","msg":"Shutdown","time":"2023-06-28T13:04:19Z"}
{"component":"TESTBED","instance":"1","level":"info","msg":"Stopping test id: 1","time":"2023-06-28T13:04:19Z"}
{"component":"TESTBED","instance":"1","level":"info","msg":"Stopping container fc_featurecloudaifcmultiplefactoranalysis_132390393","time":"2023-06-28T13:04:19Z"}
{"component":"GLOBAL","instance":"","level":"error","msg":"Participant (ID: 6e81f21d25c6ac55): relaying stopped due to: read tcp 127.0.0.1:9150-\u003e127.0.0.1:51784: read: connection reset by peer","time":"2023-06-28T13:04:19Z"}
{"component":"GLOBAL","instance":"","level":"error","msg":"Participant (ID: bfa8b5c6253bb662): relaying stopped due to: read tcp 127.0.0.1:9150-\u003e127.0.0.1:51788: read: connection reset by peer","time":"2023-06-28T13:04:19Z"}
{"component":"DOCKER","instance":"","level":"info","msg":"Move data to host","time":"2023-06-28T13:04:20Z"}
{"component":"DOCKER","instance":"","level":"info","msg":"Attach to internal network","time":"2023-06-28T13:04:20Z"}
