{"component":"MAIN","instance":"","level":"info","msg":"Controller start","time":"2023-06-29T13:16:08Z"}
{"component":"MAIN","instance":"","level":"info","msg":"Mode: Dockerized (isolated)","time":"2023-06-29T13:16:08Z"}
{"component":"MAIN","instance":"","level":"info","msg":"Configuration value 'HasGPU': false","time":"2023-06-29T13:16:08Z"}
{"component":"DOCKER","instance":"","level":"info","msg":"Removing leftover Docker entities for label: fc-controller-label","time":"2023-06-29T13:16:08Z"}
{"component":"DOCKER","instance":"","level":"info","msg":"Removed 0 of 0 leftover containers","time":"2023-06-29T13:16:08Z"}
{"component":"DOCKER","instance":"","level":"info","msg":"Removed 0 of 1 leftover volumes","time":"2023-06-29T13:16:08Z"}
{"component":"DOCKER","instance":"","level":"info","msg":"Removed 1 of 1 leftover networks","time":"2023-06-29T13:16:08Z"}
{"component":"GLOBAL","instance":"","level":"info","msg":"Listening on port 9151","time":"2023-06-29T13:16:08Z"}
{"component":"GLOBAL","instance":"","level":"info","msg":"Listening on port 9150","time":"2023-06-29T13:16:08Z"}
{"component":"TESTBED","instance":"","level":"info","msg":"Create new test","time":"2023-06-29T13:16:16Z"}
{"component":"TESTBED","instance":"1","level":"info","msg":"Create volumes and containers...","time":"2023-06-29T13:16:16Z"}
{"component":"DOCKER","instance":"","level":"info","msg":"Create volume test_1_input_0_1688044576","time":"2023-06-29T13:16:16Z"}
{"component":"DOCKER","instance":"","level":"info","msg":"Create volume test_1_output_0_1688044576","time":"2023-06-29T13:16:16Z"}
{"component":"TESTBED","instance":"1","level":"info","msg":"Move data to workspace from /mnt/c/dev/multiplefactoranalysis/data/h1","time":"2023-06-29T13:16:17Z"}
{"component":"DOCKER","instance":"","level":"info","msg":"Move data to workspace","time":"2023-06-29T13:16:17Z"}
{"component":"DOCKER","instance":"","level":"info","msg":"Attach to internal network","time":"2023-06-29T13:16:17Z"}
{"component":"DOCKER","instance":"","level":"info","msg":"Remove application","time":"2023-06-29T13:16:19Z"}
{"component":"DOCKER","instance":"","level":"info","msg":"Intermediary container used for moving data from host to volume has been removed","time":"2023-06-29T13:16:20Z"}
{"component":"TESTBED","instance":"1","level":"info","msg":"Move generic data to input volume from /mnt/c/dev/multiplefactoranalysis/data/generic","time":"2023-06-29T13:16:20Z"}
{"component":"DOCKER","instance":"","level":"info","msg":"Move data to workspace","time":"2023-06-29T13:16:20Z"}
{"component":"DOCKER","instance":"","level":"info","msg":"Attach to internal network","time":"2023-06-29T13:16:20Z"}
{"component":"DOCKER","instance":"","level":"info","msg":"Remove application","time":"2023-06-29T13:16:22Z"}
{"component":"DOCKER","instance":"","level":"info","msg":"Intermediary container used for moving data from host to volume has been removed","time":"2023-06-29T13:16:23Z"}
{"component":"TESTBED","instance":"1","level":"info","msg":"Start application","time":"2023-06-29T13:16:23Z"}
{"component":"DOCKER","instance":"","level":"info","msg":"Attach to internal network","time":"2023-06-29T13:16:23Z"}
{"component":"TESTBED","instance":"1","level":"info","msg":"Append app to list","time":"2023-06-29T13:16:25Z"}
{"component":"DOCKER","instance":"","level":"info","msg":"Create volume test_1_input_1_1688044585","time":"2023-06-29T13:16:25Z"}
{"component":"DOCKER","instance":"","level":"info","msg":"Create volume test_1_output_1_1688044585","time":"2023-06-29T13:16:25Z"}
{"component":"TESTBED","instance":"1","level":"info","msg":"Move data to workspace from /mnt/c/dev/multiplefactoranalysis/data/h2","time":"2023-06-29T13:16:25Z"}
{"component":"DOCKER","instance":"","level":"info","msg":"Move data to workspace","time":"2023-06-29T13:16:25Z"}
{"component":"DOCKER","instance":"","level":"info","msg":"Attach to internal network","time":"2023-06-29T13:16:25Z"}
{"component":"DOCKER","instance":"","level":"info","msg":"Remove application","time":"2023-06-29T13:16:27Z"}
{"component":"DOCKER","instance":"","level":"info","msg":"Intermediary container used for moving data from host to volume has been removed","time":"2023-06-29T13:16:28Z"}
{"component":"TESTBED","instance":"1","level":"info","msg":"Move generic data to input volume from /mnt/c/dev/multiplefactoranalysis/data/generic","time":"2023-06-29T13:16:28Z"}
{"component":"DOCKER","instance":"","level":"info","msg":"Move data to workspace","time":"2023-06-29T13:16:28Z"}
{"component":"DOCKER","instance":"","level":"info","msg":"Attach to internal network","time":"2023-06-29T13:16:28Z"}
{"component":"DOCKER","instance":"","level":"info","msg":"Remove application","time":"2023-06-29T13:16:29Z"}
{"component":"DOCKER","instance":"","level":"info","msg":"Intermediary container used for moving data from host to volume has been removed","time":"2023-06-29T13:16:30Z"}
{"component":"TESTBED","instance":"1","level":"info","msg":"Start application","time":"2023-06-29T13:16:30Z"}
{"component":"DOCKER","instance":"","level":"info","msg":"Attach to internal network","time":"2023-06-29T13:16:30Z"}
{"component":"TESTBED","instance":"1","level":"info","msg":"Append app to list","time":"2023-06-29T13:16:32Z"}
{"component":"TESTBED","instance":"1","level":"info","msg":"Link fc_featurecloudaifcmultiplefactoranalysis_539008221 with global socket server","time":"2023-06-29T13:16:32Z"}
{"component":"TESTBED","instance":"1","level":"info","msg":"Link fc_featurecloudaifcmultiplefactoranalysis_915875502 with global socket server","time":"2023-06-29T13:16:32Z"}
{"component":"TESTBED","instance":"1","level":"info","msg":"Start local socket server","time":"2023-06-29T13:16:32Z"}
{"component":"TESTBED","instance":"1","level":"info","msg":"Start local socket server","time":"2023-06-29T13:16:32Z"}
{"component":"TESTBED","instance":"1","level":"info","msg":"Link to global address","time":"2023-06-29T13:16:32Z"}
{"component":"TESTBED","instance":"1","level":"info","msg":"Link to global address","time":"2023-06-29T13:16:32Z"}
{"component":"GLOBAL","instance":"","level":"info","msg":"Registered new participant controller","time":"2023-06-29T13:16:32Z"}
{"component":"GLOBAL","instance":"","level":"info","msg":"Registered new coordinator controller","time":"2023-06-29T13:16:32Z"}
{"component":"LOCAL","instance":"","level":"info","msg":"Received setup trigger","time":"2023-06-29T13:16:32Z"}
{"component":"LOCAL","instance":"","level":"info","msg":"Received setup trigger","time":"2023-06-29T13:16:32Z"}
{"component":"LOCAL","instance":"","level":"error","msg":"Got error during setup to http://192.168.32.4:9000: Post \"http://192.168.32.4:9000/setup\": dial tcp 192.168.32.4:9000: connect: connection refused","time":"2023-06-29T13:16:32Z"}
{"component":"GLOBAL","instance":"","level":"info","msg":"Setup 0f59b409cdd8c733d6b24bf092d21f9f130a507a9eea13485ee7f4c86f0d7d58","time":"2023-06-29T13:16:33Z"}
{"component":"TESTBED","instance":"1","level":"info","msg":"Setup triggered","time":"2023-06-29T13:16:33Z"}
{"component":"TESTBED","instance":"1","level":"info","msg":"2 apps and server created and running","time":"2023-06-29T13:16:33Z"}
{"component":"LOCAL","instance":"","level":"info","msg":"http://192.168.32.4:9000/status: Finished","time":"2023-06-29T13:16:35Z"}
{"component":"GLOBAL","instance":"","level":"info","msg":"[GLOBAL] Participant (ID: b5099222d6c3db64) finished the current step","time":"2023-06-29T13:16:35Z"}
{"component":"LOCAL","instance":"","level":"info","msg":"Shutdown","time":"2023-06-29T13:16:36Z"}
{"component":"LOCAL","instance":"","level":"info","msg":"Shutdown","time":"2023-06-29T13:16:36Z"}
{"component":"GLOBAL","instance":"","level":"error","msg":"Participant (ID: b5099222d6c3db64): relaying stopped due to: EOF","time":"2023-06-29T13:16:36Z"}
{"component":"TESTBED","instance":"1","level":"info","msg":"Stopping test id: 1","time":"2023-06-29T13:16:36Z"}
{"component":"TESTBED","instance":"1","level":"info","msg":"Stopping container fc_featurecloudaifcmultiplefactoranalysis_539008221","time":"2023-06-29T13:16:36Z"}
{"component":"GLOBAL","instance":"","level":"error","msg":"Participant (ID: 6f0fe6aa67d9fa0d): relaying stopped due to: EOF","time":"2023-06-29T13:16:36Z"}
{"component":"DOCKER","instance":"","level":"info","msg":"Move data to host","time":"2023-06-29T13:16:36Z"}
{"component":"DOCKER","instance":"","level":"info","msg":"Attach to internal network","time":"2023-06-29T13:16:36Z"}
{"component":"DOCKER","instance":"","level":"info","msg":"Remove application","time":"2023-06-29T13:16:38Z"}
{"component":"DOCKER","instance":"","level":"debug","msg":"Intermediary container used for moving data from volume to host has been removed","time":"2023-06-29T13:16:39Z"}
{"component":"TESTBED","instance":"1","level":"info","msg":"Saved output volume content to /data/tests/results_test_1_client_0_fc_featurecloudaifcmultiplefactoranalysis_539008221.zip","time":"2023-06-29T13:16:39Z"}
{"component":"DOCKER","instance":"","level":"info","msg":"Remove volume test_1_output_0_1688044576","time":"2023-06-29T13:16:39Z"}
{"component":"TESTBED","instance":"1","level":"info","msg":"Deleted volume test_1_output_0_1688044576","time":"2023-06-29T13:16:39Z"}
{"component":"DOCKER","instance":"","level":"info","msg":"Remove volume test_1_input_0_1688044576","time":"2023-06-29T13:16:39Z"}
{"component":"TESTBED","instance":"1","level":"info","msg":"Deleted volume test_1_input_0_1688044576","time":"2023-06-29T13:16:39Z"}
{"component":"TESTBED","instance":"1","level":"info","msg":"Stopping container fc_featurecloudaifcmultiplefactoranalysis_915875502","time":"2023-06-29T13:16:39Z"}
{"component":"DOCKER","instance":"","level":"info","msg":"Move data to host","time":"2023-06-29T13:16:39Z"}
{"component":"DOCKER","instance":"","level":"info","msg":"Attach to internal network","time":"2023-06-29T13:16:40Z"}
{"component":"DOCKER","instance":"","level":"info","msg":"Remove application","time":"2023-06-29T13:16:41Z"}
{"component":"DOCKER","instance":"","level":"debug","msg":"Intermediary container used for moving data from volume to host has been removed","time":"2023-06-29T13:16:42Z"}
{"component":"TESTBED","instance":"1","level":"info","msg":"Saved output volume content to /data/tests/results_test_1_client_1_fc_featurecloudaifcmultiplefactoranalysis_915875502.zip","time":"2023-06-29T13:16:42Z"}
{"component":"DOCKER","instance":"","level":"info","msg":"Remove volume test_1_output_1_1688044585","time":"2023-06-29T13:16:42Z"}
{"component":"TESTBED","instance":"1","level":"info","msg":"Deleted volume test_1_output_1_1688044585","time":"2023-06-29T13:16:42Z"}
{"component":"DOCKER","instance":"","level":"info","msg":"Remove volume test_1_input_1_1688044585","time":"2023-06-29T13:16:42Z"}
{"component":"TESTBED","instance":"1","level":"info","msg":"Deleted volume test_1_input_1_1688044585","time":"2023-06-29T13:16:42Z"}
