{"component":"MAIN","instance":"","level":"info","msg":"Controller start","time":"2023-06-28T13:08:49Z"}
{"component":"MAIN","instance":"","level":"info","msg":"Mode: Dockerized (isolated)","time":"2023-06-28T13:08:49Z"}
{"component":"MAIN","instance":"","level":"info","msg":"Configuration value 'HasGPU': false","time":"2023-06-28T13:08:49Z"}
{"component":"DOCKER","instance":"","level":"info","msg":"Removing leftover Docker entities for label: fc-controller-label","time":"2023-06-28T13:08:50Z"}
{"component":"DOCKER","instance":"","level":"info","msg":"Removed 0 of 0 leftover containers","time":"2023-06-28T13:08:50Z"}
{"component":"DOCKER","instance":"","level":"info","msg":"Removed 0 of 1 leftover volumes","time":"2023-06-28T13:08:50Z"}
{"component":"DOCKER","instance":"","level":"info","msg":"Removed 1 of 1 leftover networks","time":"2023-06-28T13:08:50Z"}
{"component":"GLOBAL","instance":"","level":"info","msg":"Listening on port 9151","time":"2023-06-28T13:08:50Z"}
{"component":"GLOBAL","instance":"","level":"info","msg":"Listening on port 9150","time":"2023-06-28T13:08:50Z"}
{"component":"TESTBED","instance":"","level":"info","msg":"Create new test","time":"2023-06-28T13:08:55Z"}
{"component":"TESTBED","instance":"1","level":"info","msg":"Create volumes and containers...","time":"2023-06-28T13:08:55Z"}
{"component":"DOCKER","instance":"","level":"info","msg":"Create volume test_1_input_0_1687957735","time":"2023-06-28T13:08:55Z"}
{"component":"DOCKER","instance":"","level":"info","msg":"Create volume test_1_output_0_1687957735","time":"2023-06-28T13:08:55Z"}
{"component":"TESTBED","instance":"1","level":"info","msg":"Move data to workspace from /mnt/c/dev/multiplefactoranalysis/data/h1","time":"2023-06-28T13:08:56Z"}
{"component":"DOCKER","instance":"","level":"info","msg":"Move data to workspace","time":"2023-06-28T13:08:56Z"}
{"component":"DOCKER","instance":"","level":"info","msg":"Attach to internal network","time":"2023-06-28T13:08:56Z"}
{"component":"DOCKER","instance":"","level":"info","msg":"Remove application","time":"2023-06-28T13:08:57Z"}
{"component":"DOCKER","instance":"","level":"info","msg":"Intermediary container used for moving data from host to volume has been removed","time":"2023-06-28T13:08:58Z"}
{"component":"TESTBED","instance":"1","level":"info","msg":"Move generic data to input volume from /mnt/c/dev/multiplefactoranalysis/data/generic","time":"2023-06-28T13:08:58Z"}
{"component":"DOCKER","instance":"","level":"info","msg":"Move data to workspace","time":"2023-06-28T13:08:58Z"}
{"component":"DOCKER","instance":"","level":"info","msg":"Attach to internal network","time":"2023-06-28T13:08:59Z"}
{"component":"DOCKER","instance":"","level":"info","msg":"Remove application","time":"2023-06-28T13:09:01Z"}
{"component":"DOCKER","instance":"","level":"info","msg":"Intermediary container used for moving data from host to volume has been removed","time":"2023-06-28T13:09:02Z"}
{"component":"TESTBED","instance":"1","level":"info","msg":"Start application","time":"2023-06-28T13:09:02Z"}
{"component":"DOCKER","instance":"","level":"info","msg":"Attach to internal network","time":"2023-06-28T13:09:02Z"}
{"component":"TESTBED","instance":"1","level":"info","msg":"Append app to list","time":"2023-06-28T13:09:03Z"}
{"component":"DOCKER","instance":"","level":"info","msg":"Create volume test_1_input_1_1687957743","time":"2023-06-28T13:09:03Z"}
{"component":"DOCKER","instance":"","level":"info","msg":"Create volume test_1_output_1_1687957743","time":"2023-06-28T13:09:03Z"}
{"component":"TESTBED","instance":"1","level":"info","msg":"Move data to workspace from /mnt/c/dev/multiplefactoranalysis/data/h2","time":"2023-06-28T13:09:03Z"}
{"component":"DOCKER","instance":"","level":"info","msg":"Move data to workspace","time":"2023-06-28T13:09:03Z"}
{"component":"DOCKER","instance":"","level":"info","msg":"Attach to internal network","time":"2023-06-28T13:09:04Z"}
{"component":"DOCKER","instance":"","level":"info","msg":"Remove application","time":"2023-06-28T13:09:05Z"}
{"component":"DOCKER","instance":"","level":"info","msg":"Intermediary container used for moving data from host to volume has been removed","time":"2023-06-28T13:09:06Z"}
{"component":"TESTBED","instance":"1","level":"info","msg":"Move generic data to input volume from /mnt/c/dev/multiplefactoranalysis/data/generic","time":"2023-06-28T13:09:06Z"}
{"component":"DOCKER","instance":"","level":"info","msg":"Move data to workspace","time":"2023-06-28T13:09:06Z"}
{"component":"DOCKER","instance":"","level":"info","msg":"Attach to internal network","time":"2023-06-28T13:09:07Z"}
{"component":"DOCKER","instance":"","level":"info","msg":"Remove application","time":"2023-06-28T13:09:08Z"}
{"component":"DOCKER","instance":"","level":"info","msg":"Intermediary container used for moving data from host to volume has been removed","time":"2023-06-28T13:09:09Z"}
{"component":"TESTBED","instance":"1","level":"info","msg":"Start application","time":"2023-06-28T13:09:09Z"}
{"component":"DOCKER","instance":"","level":"info","msg":"Attach to internal network","time":"2023-06-28T13:09:09Z"}
{"component":"TESTBED","instance":"1","level":"info","msg":"Append app to list","time":"2023-06-28T13:09:11Z"}
{"component":"TESTBED","instance":"1","level":"info","msg":"Link fc_featurecloudaifcmultiplefactoranalysis_97681123 with global socket server","time":"2023-06-28T13:09:11Z"}
{"component":"TESTBED","instance":"1","level":"info","msg":"Link fc_featurecloudaifcmultiplefactoranalysis_881498737 with global socket server","time":"2023-06-28T13:09:11Z"}
{"component":"TESTBED","instance":"1","level":"info","msg":"Start local socket server","time":"2023-06-28T13:09:11Z"}
{"component":"TESTBED","instance":"1","level":"info","msg":"Start local socket server","time":"2023-06-28T13:09:11Z"}
{"component":"TESTBED","instance":"1","level":"info","msg":"Link to global address","time":"2023-06-28T13:09:11Z"}
{"component":"TESTBED","instance":"1","level":"info","msg":"Link to global address","time":"2023-06-28T13:09:11Z"}
{"component":"GLOBAL","instance":"","level":"info","msg":"Registered new participant controller","time":"2023-06-28T13:09:11Z"}
{"component":"GLOBAL","instance":"","level":"info","msg":"Registered new coordinator controller","time":"2023-06-28T13:09:11Z"}
{"component":"LOCAL","instance":"","level":"info","msg":"Received setup trigger","time":"2023-06-28T13:09:11Z"}
{"component":"LOCAL","instance":"","level":"info","msg":"Received setup trigger","time":"2023-06-28T13:09:11Z"}
{"component":"LOCAL","instance":"","level":"error","msg":"Got error during setup to http://172.30.0.4:9000: Post \"http://172.30.0.4:9000/setup\": dial tcp 172.30.0.4:9000: connect: connection refused","time":"2023-06-28T13:09:11Z"}
{"component":"GLOBAL","instance":"","level":"info","msg":"Setup 80e47c94309bc5b53202b57abcfb2ac40edfea463669d7bd79f579a7fca64451","time":"2023-06-28T13:09:12Z"}
{"component":"TESTBED","instance":"1","level":"info","msg":"Setup triggered","time":"2023-06-28T13:09:12Z"}
{"component":"TESTBED","instance":"1","level":"info","msg":"2 apps and server created and running","time":"2023-06-28T13:09:12Z"}
{"component":"LOCAL","instance":"","level":"info","msg":"http://172.30.0.4:9000/status: New data available","time":"2023-06-28T13:09:17Z"}
{"component":"LOCAL","instance":"","level":"info","msg":"Mode: plain","time":"2023-06-28T13:09:17Z"}
{"component":"LOCAL","instance":"","level":"debug","msg":"http://172.30.0.4:9000/data: Fetched 21386 bytes","time":"2023-06-28T13:09:17Z"}
{"component":"GLOBAL","instance":"","level":"info","msg":"[GLOBAL] Participant (ID: 3ad315082b9f4e6f) sending 21386 bytes to Coordinator","time":"2023-06-28T13:09:17Z"}
{"component":"LOCAL","instance":"","level":"info","msg":"received 21386 bytes from Client 3ad315082b9f4e6f","time":"2023-06-28T13:09:17Z"}
{"component":"LOCAL","instance":"","level":"info","msg":"POST to http://172.30.0.3:9000/data?client=3ad315082b9f4e6f [Try 1/3]","time":"2023-06-28T13:09:17Z"}
{"component":"LOCAL","instance":"","level":"info","msg":"http://172.30.0.3:9000/status: Finished","time":"2023-06-28T13:09:18Z"}
{"component":"GLOBAL","instance":"","level":"info","msg":"[GLOBAL] Participant (ID: 61afcc0d088c52d4) finished the current step","time":"2023-06-28T13:09:18Z"}
{"component":"LOCAL","instance":"","level":"info","msg":"Shutdown","time":"2023-06-28T13:09:19Z"}
{"component":"LOCAL","instance":"","level":"info","msg":"Shutdown","time":"2023-06-28T13:09:19Z"}
{"component":"GLOBAL","instance":"","level":"error","msg":"Participant (ID: 3ad315082b9f4e6f): relaying stopped due to: EOF","time":"2023-06-28T13:09:19Z"}
{"component":"TESTBED","instance":"1","level":"info","msg":"Stopping test id: 1","time":"2023-06-28T13:09:19Z"}
{"component":"TESTBED","instance":"1","level":"info","msg":"Stopping container fc_featurecloudaifcmultiplefactoranalysis_97681123","time":"2023-06-28T13:09:19Z"}
{"component":"GLOBAL","instance":"","level":"error","msg":"Participant (ID: 61afcc0d088c52d4): relaying stopped due to: EOF","time":"2023-06-28T13:09:19Z"}
{"component":"DOCKER","instance":"","level":"info","msg":"Move data to host","time":"2023-06-28T13:09:19Z"}
{"component":"DOCKER","instance":"","level":"info","msg":"Attach to internal network","time":"2023-06-28T13:09:20Z"}
{"component":"DOCKER","instance":"","level":"info","msg":"Remove application","time":"2023-06-28T13:09:21Z"}
{"component":"DOCKER","instance":"","level":"debug","msg":"Intermediary container used for moving data from volume to host has been removed","time":"2023-06-28T13:09:22Z"}
{"component":"TESTBED","instance":"1","level":"info","msg":"Saved output volume content to /data/tests/results_test_1_client_0_fc_featurecloudaifcmultiplefactoranalysis_97681123.zip","time":"2023-06-28T13:09:22Z"}
{"component":"DOCKER","instance":"","level":"info","msg":"Remove volume test_1_output_0_1687957735","time":"2023-06-28T13:09:22Z"}
{"component":"TESTBED","instance":"1","level":"info","msg":"Deleted volume test_1_output_0_1687957735","time":"2023-06-28T13:09:22Z"}
{"component":"DOCKER","instance":"","level":"info","msg":"Remove volume test_1_input_0_1687957735","time":"2023-06-28T13:09:23Z"}
{"component":"TESTBED","instance":"1","level":"info","msg":"Deleted volume test_1_input_0_1687957735","time":"2023-06-28T13:09:23Z"}
{"component":"TESTBED","instance":"1","level":"info","msg":"Stopping container fc_featurecloudaifcmultiplefactoranalysis_881498737","time":"2023-06-28T13:09:23Z"}
{"component":"DOCKER","instance":"","level":"info","msg":"Move data to host","time":"2023-06-28T13:09:23Z"}
{"component":"DOCKER","instance":"","level":"info","msg":"Attach to internal network","time":"2023-06-28T13:09:23Z"}
{"component":"DOCKER","instance":"","level":"info","msg":"Remove application","time":"2023-06-28T13:09:25Z"}
{"component":"DOCKER","instance":"","level":"debug","msg":"Intermediary container used for moving data from volume to host has been removed","time":"2023-06-28T13:09:26Z"}
{"component":"TESTBED","instance":"1","level":"info","msg":"Saved output volume content to /data/tests/results_test_1_client_1_fc_featurecloudaifcmultiplefactoranalysis_881498737.zip","time":"2023-06-28T13:09:26Z"}
{"component":"DOCKER","instance":"","level":"info","msg":"Remove volume test_1_output_1_1687957743","time":"2023-06-28T13:09:26Z"}
{"component":"TESTBED","instance":"1","level":"info","msg":"Deleted volume test_1_output_1_1687957743","time":"2023-06-28T13:09:26Z"}
{"component":"DOCKER","instance":"","level":"info","msg":"Remove volume test_1_input_1_1687957743","time":"2023-06-28T13:09:26Z"}
{"component":"TESTBED","instance":"1","level":"info","msg":"Deleted volume test_1_input_1_1687957743","time":"2023-06-28T13:09:26Z"}
