{"component":"MAIN","instance":"","level":"info","msg":"Controller start","time":"2023-06-28T13:22:30Z"}
{"component":"MAIN","instance":"","level":"info","msg":"Mode: Dockerized (isolated)","time":"2023-06-28T13:22:30Z"}
{"component":"MAIN","instance":"","level":"info","msg":"Configuration value 'HasGPU': false","time":"2023-06-28T13:22:30Z"}
{"component":"DOCKER","instance":"","level":"info","msg":"Removing leftover Docker entities for label: fc-controller-label","time":"2023-06-28T13:22:30Z"}
{"component":"DOCKER","instance":"","level":"info","msg":"Removed 0 of 0 leftover containers","time":"2023-06-28T13:22:30Z"}
{"component":"DOCKER","instance":"","level":"info","msg":"Removed 0 of 1 leftover volumes","time":"2023-06-28T13:22:30Z"}
{"component":"DOCKER","instance":"","level":"info","msg":"Removed 1 of 1 leftover networks","time":"2023-06-28T13:22:30Z"}
{"component":"GLOBAL","instance":"","level":"info","msg":"Listening on port 9151","time":"2023-06-28T13:22:30Z"}
{"component":"GLOBAL","instance":"","level":"info","msg":"Listening on port 9150","time":"2023-06-28T13:22:30Z"}
{"component":"TESTBED","instance":"","level":"info","msg":"Create new test","time":"2023-06-28T13:22:37Z"}
{"component":"TESTBED","instance":"1","level":"info","msg":"Create volumes and containers...","time":"2023-06-28T13:22:37Z"}
{"component":"DOCKER","instance":"","level":"info","msg":"Create volume test_1_input_0_1687958557","time":"2023-06-28T13:22:37Z"}
{"component":"DOCKER","instance":"","level":"info","msg":"Create volume test_1_output_0_1687958557","time":"2023-06-28T13:22:37Z"}
{"component":"TESTBED","instance":"1","level":"info","msg":"Move data to workspace from /mnt/c/dev/multiplefactoranalysis/data/h1","time":"2023-06-28T13:22:37Z"}
{"component":"DOCKER","instance":"","level":"info","msg":"Move data to workspace","time":"2023-06-28T13:22:37Z"}
{"component":"DOCKER","instance":"","level":"info","msg":"Attach to internal network","time":"2023-06-28T13:22:38Z"}
{"component":"DOCKER","instance":"","level":"info","msg":"Remove application","time":"2023-06-28T13:22:40Z"}
{"component":"DOCKER","instance":"","level":"info","msg":"Intermediary container used for moving data from host to volume has been removed","time":"2023-06-28T13:22:41Z"}
{"component":"TESTBED","instance":"1","level":"info","msg":"Move generic data to input volume from /mnt/c/dev/multiplefactoranalysis/data/generic","time":"2023-06-28T13:22:41Z"}
{"component":"DOCKER","instance":"","level":"info","msg":"Move data to workspace","time":"2023-06-28T13:22:41Z"}
{"component":"DOCKER","instance":"","level":"info","msg":"Attach to internal network","time":"2023-06-28T13:22:41Z"}
{"component":"DOCKER","instance":"","level":"info","msg":"Remove application","time":"2023-06-28T13:22:43Z"}
{"component":"DOCKER","instance":"","level":"info","msg":"Intermediary container used for moving data from host to volume has been removed","time":"2023-06-28T13:22:44Z"}
{"component":"TESTBED","instance":"1","level":"info","msg":"Start application","time":"2023-06-28T13:22:44Z"}
{"component":"DOCKER","instance":"","level":"info","msg":"Attach to internal network","time":"2023-06-28T13:22:44Z"}
{"component":"TESTBED","instance":"1","level":"info","msg":"Append app to list","time":"2023-06-28T13:22:45Z"}
{"component":"DOCKER","instance":"","level":"info","msg":"Create volume test_1_input_1_1687958565","time":"2023-06-28T13:22:45Z"}
{"component":"DOCKER","instance":"","level":"info","msg":"Create volume test_1_output_1_1687958565","time":"2023-06-28T13:22:45Z"}
{"component":"TESTBED","instance":"1","level":"info","msg":"Move data to workspace from /mnt/c/dev/multiplefactoranalysis/data/h2","time":"2023-06-28T13:22:45Z"}
{"component":"DOCKER","instance":"","level":"info","msg":"Move data to workspace","time":"2023-06-28T13:22:45Z"}
{"component":"DOCKER","instance":"","level":"info","msg":"Attach to internal network","time":"2023-06-28T13:22:46Z"}
{"component":"DOCKER","instance":"","level":"info","msg":"Remove application","time":"2023-06-28T13:22:47Z"}
{"component":"DOCKER","instance":"","level":"info","msg":"Intermediary container used for moving data from host to volume has been removed","time":"2023-06-28T13:22:48Z"}
{"component":"TESTBED","instance":"1","level":"info","msg":"Move generic data to input volume from /mnt/c/dev/multiplefactoranalysis/data/generic","time":"2023-06-28T13:22:48Z"}
{"component":"DOCKER","instance":"","level":"info","msg":"Move data to workspace","time":"2023-06-28T13:22:48Z"}
{"component":"DOCKER","instance":"","level":"info","msg":"Attach to internal network","time":"2023-06-28T13:22:49Z"}
{"component":"DOCKER","instance":"","level":"info","msg":"Remove application","time":"2023-06-28T13:22:51Z"}
{"component":"DOCKER","instance":"","level":"info","msg":"Intermediary container used for moving data from host to volume has been removed","time":"2023-06-28T13:22:52Z"}
{"component":"TESTBED","instance":"1","level":"info","msg":"Start application","time":"2023-06-28T13:22:52Z"}
{"component":"DOCKER","instance":"","level":"info","msg":"Attach to internal network","time":"2023-06-28T13:22:52Z"}
{"component":"TESTBED","instance":"1","level":"info","msg":"Append app to list","time":"2023-06-28T13:22:53Z"}
{"component":"TESTBED","instance":"1","level":"info","msg":"Link fc_featurecloudaifcmultiplefactoranalysis_386783011 with global socket server","time":"2023-06-28T13:22:53Z"}
{"component":"TESTBED","instance":"1","level":"info","msg":"Link fc_featurecloudaifcmultiplefactoranalysis_44131069 with global socket server","time":"2023-06-28T13:22:53Z"}
{"component":"TESTBED","instance":"1","level":"info","msg":"Start local socket server","time":"2023-06-28T13:22:53Z"}
{"component":"TESTBED","instance":"1","level":"info","msg":"Start local socket server","time":"2023-06-28T13:22:53Z"}
{"component":"TESTBED","instance":"1","level":"info","msg":"Link to global address","time":"2023-06-28T13:22:53Z"}
{"component":"TESTBED","instance":"1","level":"info","msg":"Link to global address","time":"2023-06-28T13:22:53Z"}
{"component":"GLOBAL","instance":"","level":"info","msg":"Registered new participant controller","time":"2023-06-28T13:22:53Z"}
{"component":"GLOBAL","instance":"","level":"info","msg":"Registered new coordinator controller","time":"2023-06-28T13:22:53Z"}
{"component":"LOCAL","instance":"","level":"info","msg":"Received setup trigger","time":"2023-06-28T13:22:53Z"}
{"component":"LOCAL","instance":"","level":"info","msg":"Received setup trigger","time":"2023-06-28T13:22:53Z"}
{"component":"LOCAL","instance":"","level":"error","msg":"Got error during setup to http://192.168.32.4:9000: Post \"http://192.168.32.4:9000/setup\": dial tcp 192.168.32.4:9000: connect: connection refused","time":"2023-06-28T13:22:53Z"}
{"component":"GLOBAL","instance":"","level":"info","msg":"Setup 8a9769d4c875d58d93a2cc507e87ef428d80d4642346d927b536d289d85d2138","time":"2023-06-28T13:22:54Z"}
{"component":"TESTBED","instance":"1","level":"info","msg":"Setup triggered","time":"2023-06-28T13:22:54Z"}
{"component":"TESTBED","instance":"1","level":"info","msg":"2 apps and server created and running","time":"2023-06-28T13:22:54Z"}
{"component":"LOCAL","instance":"","level":"info","msg":"http://192.168.32.4:9000/status: New data available","time":"2023-06-28T13:22:59Z"}
{"component":"LOCAL","instance":"","level":"info","msg":"Mode: plain","time":"2023-06-28T13:22:59Z"}
{"component":"LOCAL","instance":"","level":"debug","msg":"http://192.168.32.4:9000/data: Fetched 21386 bytes","time":"2023-06-28T13:22:59Z"}
{"component":"GLOBAL","instance":"","level":"info","msg":"[GLOBAL] Participant (ID: 5af1115342fca851) sending 21386 bytes to Coordinator","time":"2023-06-28T13:22:59Z"}
{"component":"LOCAL","instance":"","level":"info","msg":"received 21386 bytes from Client 5af1115342fca851","time":"2023-06-28T13:22:59Z"}
{"component":"LOCAL","instance":"","level":"info","msg":"POST to http://192.168.32.3:9000/data?client=5af1115342fca851 [Try 1/3]","time":"2023-06-28T13:22:59Z"}
{"component":"LOCAL","instance":"","level":"info","msg":"http://192.168.32.3:9000/status: Finished","time":"2023-06-28T13:23:00Z"}
{"component":"GLOBAL","instance":"","level":"info","msg":"[GLOBAL] Participant (ID: cd2e7a9d1acbc23e) finished the current step","time":"2023-06-28T13:23:00Z"}
{"component":"LOCAL","instance":"","level":"info","msg":"Shutdown","time":"2023-06-28T13:23:01Z"}
{"component":"GLOBAL","instance":"","level":"error","msg":"Participant (ID: 5af1115342fca851): relaying stopped due to: EOF","time":"2023-06-28T13:23:01Z"}
{"component":"LOCAL","instance":"","level":"info","msg":"Shutdown","time":"2023-06-28T13:23:01Z"}
{"component":"GLOBAL","instance":"","level":"error","msg":"Participant (ID: cd2e7a9d1acbc23e): relaying stopped due to: EOF","time":"2023-06-28T13:23:01Z"}
{"component":"TESTBED","instance":"1","level":"info","msg":"Stopping test id: 1","time":"2023-06-28T13:23:01Z"}
{"component":"TESTBED","instance":"1","level":"info","msg":"Stopping container fc_featurecloudaifcmultiplefactoranalysis_386783011","time":"2023-06-28T13:23:01Z"}
{"component":"DOCKER","instance":"","level":"info","msg":"Move data to host","time":"2023-06-28T13:23:02Z"}
{"component":"DOCKER","instance":"","level":"info","msg":"Attach to internal network","time":"2023-06-28T13:23:02Z"}
{"component":"DOCKER","instance":"","level":"info","msg":"Remove application","time":"2023-06-28T13:23:04Z"}
{"component":"DOCKER","instance":"","level":"debug","msg":"Intermediary container used for moving data from volume to host has been removed","time":"2023-06-28T13:23:05Z"}
{"component":"TESTBED","instance":"1","level":"info","msg":"Saved output volume content to /data/tests/results_test_1_client_0_fc_featurecloudaifcmultiplefactoranalysis_386783011.zip","time":"2023-06-28T13:23:05Z"}
{"component":"DOCKER","instance":"","level":"info","msg":"Remove volume test_1_output_0_1687958557","time":"2023-06-28T13:23:05Z"}
{"component":"TESTBED","instance":"1","level":"info","msg":"Deleted volume test_1_output_0_1687958557","time":"2023-06-28T13:23:05Z"}
{"component":"DOCKER","instance":"","level":"info","msg":"Remove volume test_1_input_0_1687958557","time":"2023-06-28T13:23:05Z"}
{"component":"TESTBED","instance":"1","level":"info","msg":"Deleted volume test_1_input_0_1687958557","time":"2023-06-28T13:23:05Z"}
{"component":"TESTBED","instance":"1","level":"info","msg":"Stopping container fc_featurecloudaifcmultiplefactoranalysis_44131069","time":"2023-06-28T13:23:05Z"}
{"component":"DOCKER","instance":"","level":"info","msg":"Move data to host","time":"2023-06-28T13:23:05Z"}
{"component":"DOCKER","instance":"","level":"info","msg":"Attach to internal network","time":"2023-06-28T13:23:06Z"}
{"component":"DOCKER","instance":"","level":"info","msg":"Remove application","time":"2023-06-28T13:23:07Z"}
{"component":"DOCKER","instance":"","level":"debug","msg":"Intermediary container used for moving data from volume to host has been removed","time":"2023-06-28T13:23:08Z"}
{"component":"TESTBED","instance":"1","level":"info","msg":"Saved output volume content to /data/tests/results_test_1_client_1_fc_featurecloudaifcmultiplefactoranalysis_44131069.zip","time":"2023-06-28T13:23:08Z"}
{"component":"DOCKER","instance":"","level":"info","msg":"Remove volume test_1_output_1_1687958565","time":"2023-06-28T13:23:08Z"}
{"component":"TESTBED","instance":"1","level":"info","msg":"Deleted volume test_1_output_1_1687958565","time":"2023-06-28T13:23:08Z"}
{"component":"DOCKER","instance":"","level":"info","msg":"Remove volume test_1_input_1_1687958565","time":"2023-06-28T13:23:08Z"}
{"component":"TESTBED","instance":"1","level":"info","msg":"Deleted volume test_1_input_1_1687958565","time":"2023-06-28T13:23:08Z"}
{"component":"DOCKER","instance":"","level":"error","msg":"Error: No such container: dc6e3c51ae18dfe7bb6534780dafa288c1187035ea2e7fb8d247e008b144558d","time":"2023-06-28T13:23:14Z"}
