{"component":"MAIN","instance":"","level":"info","msg":"Controller start","time":"2023-06-28T07:41:40Z"}
{"component":"MAIN","instance":"","level":"info","msg":"Mode: Dockerized (isolated)","time":"2023-06-28T07:41:40Z"}
{"component":"MAIN","instance":"","level":"info","msg":"Configuration value 'HasGPU': false","time":"2023-06-28T07:41:40Z"}
{"component":"DOCKER","instance":"","level":"info","msg":"Removing leftover Docker entities for label: fc-controller-label","time":"2023-06-28T07:41:40Z"}
{"component":"DOCKER","instance":"","level":"info","msg":"Removed 0 of 0 leftover containers","time":"2023-06-28T07:41:40Z"}
{"component":"DOCKER","instance":"","level":"info","msg":"Removed 0 of 0 leftover volumes","time":"2023-06-28T07:41:40Z"}
{"component":"DOCKER","instance":"","level":"info","msg":"Removed 1 of 1 leftover networks","time":"2023-06-28T07:41:41Z"}
{"component":"GLOBAL","instance":"","level":"info","msg":"Listening on port 9151","time":"2023-06-28T07:41:41Z"}
{"component":"GLOBAL","instance":"","level":"info","msg":"Listening on port 9150","time":"2023-06-28T07:41:41Z"}
{"component":"TESTBED","instance":"","level":"info","msg":"Create new test","time":"2023-06-28T07:41:51Z"}
{"component":"TESTBED","instance":"1","level":"info","msg":"Create volumes and containers...","time":"2023-06-28T07:41:51Z"}
{"component":"DOCKER","instance":"","level":"info","msg":"Create volume test_1_input_0_1687938111","time":"2023-06-28T07:41:51Z"}
{"component":"DOCKER","instance":"","level":"info","msg":"Create volume test_1_output_0_1687938111","time":"2023-06-28T07:41:51Z"}
{"component":"TESTBED","instance":"1","level":"info","msg":"Move data to workspace from /mnt/c/dev/multiplefactoranalysis/data/h1","time":"2023-06-28T07:41:51Z"}
{"component":"DOCKER","instance":"","level":"info","msg":"Move data to workspace","time":"2023-06-28T07:41:51Z"}
{"component":"DOCKER","instance":"","level":"info","msg":"Attach to internal network","time":"2023-06-28T07:41:51Z"}
{"component":"DOCKER","instance":"","level":"info","msg":"Remove application","time":"2023-06-28T07:41:53Z"}
{"component":"DOCKER","instance":"","level":"info","msg":"Intermediary container used for moving data from host to volume has been removed","time":"2023-06-28T07:41:54Z"}
{"component":"TESTBED","instance":"1","level":"info","msg":"Move generic data to input volume from /mnt/c/dev/multiplefactoranalysis/data/generic","time":"2023-06-28T07:41:54Z"}
{"component":"DOCKER","instance":"","level":"info","msg":"Move data to workspace","time":"2023-06-28T07:41:54Z"}
{"component":"DOCKER","instance":"","level":"info","msg":"Attach to internal network","time":"2023-06-28T07:41:55Z"}
{"component":"DOCKER","instance":"","level":"info","msg":"Remove application","time":"2023-06-28T07:41:56Z"}
{"component":"DOCKER","instance":"","level":"info","msg":"Intermediary container used for moving data from host to volume has been removed","time":"2023-06-28T07:41:58Z"}
{"component":"TESTBED","instance":"1","level":"info","msg":"Start application","time":"2023-06-28T07:41:58Z"}
{"component":"DOCKER","instance":"","level":"info","msg":"Attach to internal network","time":"2023-06-28T07:41:58Z"}
{"component":"TESTBED","instance":"1","level":"info","msg":"Append app to list","time":"2023-06-28T07:41:59Z"}
{"component":"DOCKER","instance":"","level":"info","msg":"Create volume test_1_input_1_1687938119","time":"2023-06-28T07:41:59Z"}
{"component":"DOCKER","instance":"","level":"info","msg":"Create volume test_1_output_1_1687938119","time":"2023-06-28T07:41:59Z"}
{"component":"TESTBED","instance":"1","level":"info","msg":"Move data to workspace from /mnt/c/dev/multiplefactoranalysis/data/h2","time":"2023-06-28T07:41:59Z"}
{"component":"DOCKER","instance":"","level":"info","msg":"Move data to workspace","time":"2023-06-28T07:41:59Z"}
{"component":"DOCKER","instance":"","level":"info","msg":"Attach to internal network","time":"2023-06-28T07:42:00Z"}
{"component":"DOCKER","instance":"","level":"info","msg":"Remove application","time":"2023-06-28T07:42:01Z"}
{"component":"DOCKER","instance":"","level":"info","msg":"Intermediary container used for moving data from host to volume has been removed","time":"2023-06-28T07:42:02Z"}
{"component":"TESTBED","instance":"1","level":"info","msg":"Move generic data to input volume from /mnt/c/dev/multiplefactoranalysis/data/generic","time":"2023-06-28T07:42:02Z"}
{"component":"DOCKER","instance":"","level":"info","msg":"Move data to workspace","time":"2023-06-28T07:42:02Z"}
{"component":"DOCKER","instance":"","level":"info","msg":"Attach to internal network","time":"2023-06-28T07:42:03Z"}
{"component":"DOCKER","instance":"","level":"info","msg":"Remove application","time":"2023-06-28T07:42:04Z"}
{"component":"DOCKER","instance":"","level":"info","msg":"Intermediary container used for moving data from host to volume has been removed","time":"2023-06-28T07:42:05Z"}
{"component":"TESTBED","instance":"1","level":"info","msg":"Start application","time":"2023-06-28T07:42:05Z"}
{"component":"DOCKER","instance":"","level":"info","msg":"Attach to internal network","time":"2023-06-28T07:42:05Z"}
{"component":"TESTBED","instance":"1","level":"info","msg":"Append app to list","time":"2023-06-28T07:42:07Z"}
{"component":"TESTBED","instance":"1","level":"info","msg":"Link fc_featurecloudaifcmultiplefactoranalysis_10572135 with global socket server","time":"2023-06-28T07:42:07Z"}
{"component":"TESTBED","instance":"1","level":"info","msg":"Link fc_featurecloudaifcmultiplefactoranalysis_801069994 with global socket server","time":"2023-06-28T07:42:07Z"}
{"component":"TESTBED","instance":"1","level":"info","msg":"Start local socket server","time":"2023-06-28T07:42:07Z"}
{"component":"TESTBED","instance":"1","level":"info","msg":"Start local socket server","time":"2023-06-28T07:42:07Z"}
{"component":"TESTBED","instance":"1","level":"info","msg":"Link to global address","time":"2023-06-28T07:42:07Z"}
{"component":"TESTBED","instance":"1","level":"info","msg":"Link to global address","time":"2023-06-28T07:42:07Z"}
{"component":"GLOBAL","instance":"","level":"info","msg":"Registered new participant controller","time":"2023-06-28T07:42:07Z"}
{"component":"GLOBAL","instance":"","level":"info","msg":"Registered new coordinator controller","time":"2023-06-28T07:42:07Z"}
{"component":"LOCAL","instance":"","level":"info","msg":"Received setup trigger","time":"2023-06-28T07:42:07Z"}
{"component":"LOCAL","instance":"","level":"info","msg":"Received setup trigger","time":"2023-06-28T07:42:07Z"}
{"component":"LOCAL","instance":"","level":"error","msg":"Got error during setup to http://192.168.0.4:9000: Post \"http://192.168.0.4:9000/setup\": dial tcp 192.168.0.4:9000: connect: connection refused","time":"2023-06-28T07:42:07Z"}
{"component":"GLOBAL","instance":"","level":"info","msg":"Setup 96d3f7d8baf9a62fe700245eabbaa2f30aa43e97137d7f0241719b7f4e4986aa","time":"2023-06-28T07:42:08Z"}
{"component":"TESTBED","instance":"1","level":"info","msg":"Setup triggered","time":"2023-06-28T07:42:08Z"}
{"component":"TESTBED","instance":"1","level":"info","msg":"2 apps and server created and running","time":"2023-06-28T07:42:08Z"}
{"component":"LOCAL","instance":"","level":"info","msg":"http://192.168.0.4:9000/status: New data available","time":"2023-06-28T07:42:13Z"}
{"component":"LOCAL","instance":"","level":"info","msg":"Mode: plain","time":"2023-06-28T07:42:13Z"}
{"component":"LOCAL","instance":"","level":"debug","msg":"http://192.168.0.4:9000/data: Fetched 14510 bytes","time":"2023-06-28T07:42:13Z"}
{"component":"GLOBAL","instance":"","level":"info","msg":"[GLOBAL] Participant (ID: 5101c66afee5c45a) sending 14510 bytes to Coordinator","time":"2023-06-28T07:42:13Z"}
{"component":"LOCAL","instance":"","level":"info","msg":"received 14510 bytes from Client 5101c66afee5c45a","time":"2023-06-28T07:42:13Z"}
{"component":"LOCAL","instance":"","level":"info","msg":"POST to http://192.168.0.3:9000/data?client=5101c66afee5c45a [Try 1/3]","time":"2023-06-28T07:42:13Z"}
{"component":"LOCAL","instance":"","level":"info","msg":"http://192.168.0.3:9000/status: New data available","time":"2023-06-28T07:42:14Z"}
{"component":"LOCAL","instance":"","level":"info","msg":"Mode: plain","time":"2023-06-28T07:42:14Z"}
{"component":"LOCAL","instance":"","level":"debug","msg":"http://192.168.0.3:9000/data: Fetched 609 bytes","time":"2023-06-28T07:42:14Z"}
{"component":"GLOBAL","instance":"","level":"info","msg":"Coordinator (ID: 844ee6cb2f11d9dc) broadcasting 609 bytes","time":"2023-06-28T07:42:14Z"}
{"component":"LOCAL","instance":"","level":"info","msg":"received 609 bytes from Client 844ee6cb2f11d9dc","time":"2023-06-28T07:42:14Z"}
{"component":"LOCAL","instance":"","level":"info","msg":"POST to http://192.168.0.4:9000/data?client=844ee6cb2f11d9dc [Try 1/3]","time":"2023-06-28T07:42:14Z"}
{"component":"LOCAL","instance":"","level":"info","msg":"http://192.168.0.4:9000/status: Finished","time":"2023-06-28T07:42:16Z"}
{"component":"GLOBAL","instance":"","level":"info","msg":"[GLOBAL] Participant (ID: 5101c66afee5c45a) finished the current step","time":"2023-06-28T07:42:16Z"}
{"component":"LOCAL","instance":"","level":"info","msg":"Shutdown","time":"2023-06-28T07:42:17Z"}
{"component":"LOCAL","instance":"","level":"info","msg":"Shutdown","time":"2023-06-28T07:42:17Z"}
{"component":"GLOBAL","instance":"","level":"error","msg":"Participant (ID: 844ee6cb2f11d9dc): relaying stopped due to: EOF","time":"2023-06-28T07:42:17Z"}
{"component":"GLOBAL","instance":"","level":"error","msg":"Participant (ID: 5101c66afee5c45a): relaying stopped due to: EOF","time":"2023-06-28T07:42:17Z"}
{"component":"TESTBED","instance":"1","level":"info","msg":"Stopping test id: 1","time":"2023-06-28T07:42:17Z"}
{"component":"TESTBED","instance":"1","level":"info","msg":"Stopping container fc_featurecloudaifcmultiplefactoranalysis_10572135","time":"2023-06-28T07:42:17Z"}
{"component":"DOCKER","instance":"","level":"info","msg":"Move data to host","time":"2023-06-28T07:42:17Z"}
{"component":"DOCKER","instance":"","level":"info","msg":"Attach to internal network","time":"2023-06-28T07:42:18Z"}
{"component":"DOCKER","instance":"","level":"info","msg":"Remove application","time":"2023-06-28T07:42:19Z"}
{"component":"DOCKER","instance":"","level":"debug","msg":"Intermediary container used for moving data from volume to host has been removed","time":"2023-06-28T07:42:20Z"}
{"component":"TESTBED","instance":"1","level":"info","msg":"Saved output volume content to /data/tests/results_test_1_client_0_fc_featurecloudaifcmultiplefactoranalysis_10572135.zip","time":"2023-06-28T07:42:20Z"}
{"component":"DOCKER","instance":"","level":"info","msg":"Remove volume test_1_output_0_1687938111","time":"2023-06-28T07:42:20Z"}
{"component":"TESTBED","instance":"1","level":"info","msg":"Deleted volume test_1_output_0_1687938111","time":"2023-06-28T07:42:20Z"}
{"component":"DOCKER","instance":"","level":"info","msg":"Remove volume test_1_input_0_1687938111","time":"2023-06-28T07:42:20Z"}
{"component":"TESTBED","instance":"1","level":"info","msg":"Deleted volume test_1_input_0_1687938111","time":"2023-06-28T07:42:20Z"}
{"component":"TESTBED","instance":"1","level":"info","msg":"Stopping container fc_featurecloudaifcmultiplefactoranalysis_801069994","time":"2023-06-28T07:42:20Z"}
{"component":"DOCKER","instance":"","level":"info","msg":"Move data to host","time":"2023-06-28T07:42:21Z"}
{"component":"DOCKER","instance":"","level":"info","msg":"Attach to internal network","time":"2023-06-28T07:42:21Z"}
{"component":"DOCKER","instance":"","level":"info","msg":"Remove application","time":"2023-06-28T07:42:23Z"}
{"component":"DOCKER","instance":"","level":"debug","msg":"Intermediary container used for moving data from volume to host has been removed","time":"2023-06-28T07:42:24Z"}
{"component":"TESTBED","instance":"1","level":"info","msg":"Saved output volume content to /data/tests/results_test_1_client_1_fc_featurecloudaifcmultiplefactoranalysis_801069994.zip","time":"2023-06-28T07:42:24Z"}
{"component":"DOCKER","instance":"","level":"info","msg":"Remove volume test_1_output_1_1687938119","time":"2023-06-28T07:42:24Z"}
{"component":"TESTBED","instance":"1","level":"info","msg":"Deleted volume test_1_output_1_1687938119","time":"2023-06-28T07:42:24Z"}
{"component":"DOCKER","instance":"","level":"info","msg":"Remove volume test_1_input_1_1687938119","time":"2023-06-28T07:42:24Z"}
{"component":"TESTBED","instance":"1","level":"info","msg":"Deleted volume test_1_input_1_1687938119","time":"2023-06-28T07:42:24Z"}
