{"component":"MAIN","instance":"","level":"info","msg":"Controller start","time":"2023-07-01T09:24:45Z"}
{"component":"MAIN","instance":"","level":"info","msg":"Mode: Dockerized (isolated)","time":"2023-07-01T09:24:45Z"}
{"component":"MAIN","instance":"","level":"info","msg":"Configuration value 'HasGPU': false","time":"2023-07-01T09:24:45Z"}
{"component":"DOCKER","instance":"","level":"info","msg":"Removing leftover Docker entities for label: fc-controller-label","time":"2023-07-01T09:24:45Z"}
{"component":"DOCKER","instance":"","level":"info","msg":"Removed 0 of 0 leftover containers","time":"2023-07-01T09:24:45Z"}
{"component":"DOCKER","instance":"","level":"info","msg":"Removed 0 of 1 leftover volumes","time":"2023-07-01T09:24:45Z"}
{"component":"DOCKER","instance":"","level":"info","msg":"Removed 1 of 1 leftover networks","time":"2023-07-01T09:24:45Z"}
{"component":"GLOBAL","instance":"","level":"info","msg":"Listening on port 9151","time":"2023-07-01T09:24:45Z"}
{"component":"GLOBAL","instance":"","level":"info","msg":"Listening on port 9150","time":"2023-07-01T09:24:45Z"}
{"component":"TESTBED","instance":"","level":"info","msg":"Create new test","time":"2023-07-01T09:24:56Z"}
{"component":"TESTBED","instance":"1","level":"info","msg":"Create volumes and containers...","time":"2023-07-01T09:24:56Z"}
{"component":"DOCKER","instance":"","level":"info","msg":"Create volume test_1_input_0_1688203496","time":"2023-07-01T09:24:56Z"}
{"component":"DOCKER","instance":"","level":"info","msg":"Create volume test_1_output_0_1688203496","time":"2023-07-01T09:24:56Z"}
{"component":"TESTBED","instance":"1","level":"info","msg":"Move data to workspace from /mnt/c/dev/multiplefactoranalysis/data/h1","time":"2023-07-01T09:24:56Z"}
{"component":"DOCKER","instance":"","level":"info","msg":"Move data to workspace","time":"2023-07-01T09:24:56Z"}
{"component":"DOCKER","instance":"","level":"info","msg":"Attach to internal network","time":"2023-07-01T09:24:56Z"}
{"component":"DOCKER","instance":"","level":"info","msg":"Remove application","time":"2023-07-01T09:24:59Z"}
{"component":"DOCKER","instance":"","level":"info","msg":"Intermediary container used for moving data from host to volume has been removed","time":"2023-07-01T09:25:00Z"}
{"component":"TESTBED","instance":"1","level":"info","msg":"Move generic data to input volume from /mnt/c/dev/multiplefactoranalysis/data/generic","time":"2023-07-01T09:25:00Z"}
{"component":"DOCKER","instance":"","level":"info","msg":"Move data to workspace","time":"2023-07-01T09:25:00Z"}
{"component":"DOCKER","instance":"","level":"info","msg":"Attach to internal network","time":"2023-07-01T09:25:00Z"}
{"component":"DOCKER","instance":"","level":"info","msg":"Remove application","time":"2023-07-01T09:25:02Z"}
{"component":"DOCKER","instance":"","level":"info","msg":"Intermediary container used for moving data from host to volume has been removed","time":"2023-07-01T09:25:03Z"}
{"component":"TESTBED","instance":"1","level":"info","msg":"Start application","time":"2023-07-01T09:25:03Z"}
{"component":"DOCKER","instance":"","level":"info","msg":"Attach to internal network","time":"2023-07-01T09:25:03Z"}
{"component":"TESTBED","instance":"1","level":"info","msg":"Append app to list","time":"2023-07-01T09:25:04Z"}
{"component":"DOCKER","instance":"","level":"info","msg":"Create volume test_1_input_1_1688203504","time":"2023-07-01T09:25:04Z"}
{"component":"DOCKER","instance":"","level":"info","msg":"Create volume test_1_output_1_1688203504","time":"2023-07-01T09:25:04Z"}
{"component":"TESTBED","instance":"1","level":"info","msg":"Move data to workspace from /mnt/c/dev/multiplefactoranalysis/data/h2","time":"2023-07-01T09:25:05Z"}
{"component":"DOCKER","instance":"","level":"info","msg":"Move data to workspace","time":"2023-07-01T09:25:05Z"}
{"component":"DOCKER","instance":"","level":"info","msg":"Attach to internal network","time":"2023-07-01T09:25:05Z"}
{"component":"DOCKER","instance":"","level":"info","msg":"Remove application","time":"2023-07-01T09:25:07Z"}
{"component":"DOCKER","instance":"","level":"info","msg":"Intermediary container used for moving data from host to volume has been removed","time":"2023-07-01T09:25:08Z"}
{"component":"TESTBED","instance":"1","level":"info","msg":"Move generic data to input volume from /mnt/c/dev/multiplefactoranalysis/data/generic","time":"2023-07-01T09:25:08Z"}
{"component":"DOCKER","instance":"","level":"info","msg":"Move data to workspace","time":"2023-07-01T09:25:08Z"}
{"component":"DOCKER","instance":"","level":"info","msg":"Attach to internal network","time":"2023-07-01T09:25:08Z"}
{"component":"DOCKER","instance":"","level":"info","msg":"Remove application","time":"2023-07-01T09:25:10Z"}
{"component":"DOCKER","instance":"","level":"info","msg":"Intermediary container used for moving data from host to volume has been removed","time":"2023-07-01T09:25:11Z"}
{"component":"TESTBED","instance":"1","level":"info","msg":"Start application","time":"2023-07-01T09:25:11Z"}
{"component":"DOCKER","instance":"","level":"info","msg":"Attach to internal network","time":"2023-07-01T09:25:11Z"}
{"component":"TESTBED","instance":"1","level":"info","msg":"Append app to list","time":"2023-07-01T09:25:13Z"}
{"component":"TESTBED","instance":"1","level":"info","msg":"Link fc_featurecloudaifcmultiplefactoranalysis_314337306 with global socket server","time":"2023-07-01T09:25:13Z"}
{"component":"TESTBED","instance":"1","level":"info","msg":"Link fc_featurecloudaifcmultiplefactoranalysis_864447735 with global socket server","time":"2023-07-01T09:25:13Z"}
{"component":"TESTBED","instance":"1","level":"info","msg":"Start local socket server","time":"2023-07-01T09:25:13Z"}
{"component":"TESTBED","instance":"1","level":"info","msg":"Start local socket server","time":"2023-07-01T09:25:13Z"}
{"component":"TESTBED","instance":"1","level":"info","msg":"Link to global address","time":"2023-07-01T09:25:13Z"}
{"component":"TESTBED","instance":"1","level":"info","msg":"Link to global address","time":"2023-07-01T09:25:13Z"}
{"component":"GLOBAL","instance":"","level":"info","msg":"Registered new participant controller","time":"2023-07-01T09:25:13Z"}
{"component":"GLOBAL","instance":"","level":"info","msg":"Registered new coordinator controller","time":"2023-07-01T09:25:13Z"}
{"component":"LOCAL","instance":"","level":"info","msg":"Received setup trigger","time":"2023-07-01T09:25:13Z"}
{"component":"LOCAL","instance":"","level":"info","msg":"Received setup trigger","time":"2023-07-01T09:25:13Z"}
{"component":"LOCAL","instance":"","level":"error","msg":"Got error during setup to http://172.22.0.4:9000: Post \"http://172.22.0.4:9000/setup\": dial tcp 172.22.0.4:9000: connect: connection refused","time":"2023-07-01T09:25:13Z"}
{"component":"LOCAL","instance":"","level":"error","msg":"Got error code during setup: 502","time":"2023-07-01T09:25:13Z"}
{"component":"GLOBAL","instance":"","level":"info","msg":"Setup 7183b58bae3a06f676cc042eb835f3ea7f70e9f894265c2b53ff0036b0f40818","time":"2023-07-01T09:25:14Z"}
{"component":"TESTBED","instance":"1","level":"info","msg":"Setup triggered","time":"2023-07-01T09:25:14Z"}
{"component":"TESTBED","instance":"1","level":"info","msg":"2 apps and server created and running","time":"2023-07-01T09:25:14Z"}
{"component":"LOCAL","instance":"","level":"error","msg":"Got error code during setup: 502","time":"2023-07-01T09:25:15Z"}
{"component":"LOCAL","instance":"","level":"error","msg":"Got error code during setup: 502","time":"2023-07-01T09:25:15Z"}
{"component":"LOCAL","instance":"","level":"error","msg":"Got error code during setup: 502","time":"2023-07-01T09:25:19Z"}
{"component":"LOCAL","instance":"","level":"error","msg":"Got error code during setup: 502","time":"2023-07-01T09:25:19Z"}
{"component":"LOCAL","instance":"","level":"error","msg":"Got error code during setup: 502","time":"2023-07-01T09:25:27Z"}
{"component":"LOCAL","instance":"","level":"error","msg":"Got error code during setup: 502","time":"2023-07-01T09:25:27Z"}
{"component":"LOCAL","instance":"","level":"error","msg":"Got error code during setup: 502","time":"2023-07-01T09:25:43Z"}
{"component":"LOCAL","instance":"","level":"error","msg":"Got error code during setup: 502","time":"2023-07-01T09:25:43Z"}
{"component":"LOCAL","instance":"","level":"error","msg":"Got error code during setup: 502","time":"2023-07-01T09:26:15Z"}
{"component":"TESTBED","instance":"1","level":"error","msg":"failed to setup, maybe the container got stuck during startup","time":"2023-07-01T09:26:15Z"}
{"component":"LOCAL","instance":"","level":"error","msg":"Got error code during setup: 502","time":"2023-07-01T09:26:15Z"}
{"component":"TESTBED","instance":"1","level":"error","msg":"failed to setup, maybe the container got stuck during startup","time":"2023-07-01T09:26:15Z"}
{"component":"LOCAL","instance":"","level":"info","msg":"Shutdown","time":"2023-07-01T09:26:15Z"}
{"component":"LOCAL","instance":"","level":"info","msg":"Shutdown","time":"2023-07-01T09:26:15Z"}
{"component":"TESTBED","instance":"1","level":"info","msg":"Stopping test id: 1","time":"2023-07-01T09:26:15Z"}
{"component":"TESTBED","instance":"1","level":"info","msg":"Stopping container fc_featurecloudaifcmultiplefactoranalysis_314337306","time":"2023-07-01T09:26:15Z"}
{"component":"GLOBAL","instance":"","level":"error","msg":"Participant (ID: bf8ccfa5bb7a1740): relaying stopped due to: read tcp 127.0.0.1:9150-\u003e127.0.0.1:57606: read: connection reset by peer","time":"2023-07-01T09:26:15Z"}
{"component":"GLOBAL","instance":"","level":"error","msg":"Participant (ID: 86e9d871f934b975): relaying stopped due to: read tcp 127.0.0.1:9150-\u003e127.0.0.1:57604: read: connection reset by peer","time":"2023-07-01T09:26:15Z"}
{"component":"DOCKER","instance":"","level":"info","msg":"Move data to host","time":"2023-07-01T09:26:16Z"}
{"component":"DOCKER","instance":"","level":"info","msg":"Attach to internal network","time":"2023-07-01T09:26:16Z"}
{"component":"DOCKER","instance":"","level":"info","msg":"Remove application","time":"2023-07-01T09:26:17Z"}
{"component":"DOCKER","instance":"","level":"debug","msg":"Intermediary container used for moving data from volume to host has been removed","time":"2023-07-01T09:26:18Z"}
{"component":"TESTBED","instance":"1","level":"info","msg":"Saved output volume content to /data/tests/results_test_1_client_0_fc_featurecloudaifcmultiplefactoranalysis_314337306.zip","time":"2023-07-01T09:26:19Z"}
{"component":"DOCKER","instance":"","level":"info","msg":"Remove volume test_1_output_0_1688203496","time":"2023-07-01T09:26:19Z"}
{"component":"TESTBED","instance":"1","level":"info","msg":"Deleted volume test_1_output_0_1688203496","time":"2023-07-01T09:26:19Z"}
{"component":"DOCKER","instance":"","level":"info","msg":"Remove volume test_1_input_0_1688203496","time":"2023-07-01T09:26:19Z"}
{"component":"TESTBED","instance":"1","level":"info","msg":"Deleted volume test_1_input_0_1688203496","time":"2023-07-01T09:26:19Z"}
{"component":"TESTBED","instance":"1","level":"info","msg":"Stopping container fc_featurecloudaifcmultiplefactoranalysis_864447735","time":"2023-07-01T09:26:19Z"}
{"component":"DOCKER","instance":"","level":"info","msg":"Move data to host","time":"2023-07-01T09:26:19Z"}
{"component":"DOCKER","instance":"","level":"info","msg":"Attach to internal network","time":"2023-07-01T09:26:19Z"}
{"component":"DOCKER","instance":"","level":"info","msg":"Remove application","time":"2023-07-01T09:26:21Z"}
{"component":"DOCKER","instance":"","level":"debug","msg":"Intermediary container used for moving data from volume to host has been removed","time":"2023-07-01T09:26:22Z"}
{"component":"TESTBED","instance":"1","level":"info","msg":"Saved output volume content to /data/tests/results_test_1_client_1_fc_featurecloudaifcmultiplefactoranalysis_864447735.zip","time":"2023-07-01T09:26:22Z"}
{"component":"DOCKER","instance":"","level":"info","msg":"Remove volume test_1_output_1_1688203504","time":"2023-07-01T09:26:22Z"}
{"component":"TESTBED","instance":"1","level":"info","msg":"Deleted volume test_1_output_1_1688203504","time":"2023-07-01T09:26:22Z"}
{"component":"DOCKER","instance":"","level":"info","msg":"Remove volume test_1_input_1_1688203504","time":"2023-07-01T09:26:22Z"}
{"component":"TESTBED","instance":"1","level":"info","msg":"Deleted volume test_1_input_1_1688203504","time":"2023-07-01T09:26:22Z"}
