{"component":"MAIN","instance":"","level":"info","msg":"Controller start","time":"2023-06-28T08:07:22Z"}
{"component":"MAIN","instance":"","level":"info","msg":"Mode: Dockerized (isolated)","time":"2023-06-28T08:07:22Z"}
{"component":"MAIN","instance":"","level":"info","msg":"Configuration value 'HasGPU': false","time":"2023-06-28T08:07:22Z"}
{"component":"DOCKER","instance":"","level":"info","msg":"Removing leftover Docker entities for label: fc-controller-label","time":"2023-06-28T08:07:22Z"}
{"component":"DOCKER","instance":"","level":"info","msg":"Removed 0 of 0 leftover containers","time":"2023-06-28T08:07:22Z"}
{"component":"DOCKER","instance":"","level":"info","msg":"Removed 0 of 0 leftover volumes","time":"2023-06-28T08:07:22Z"}
{"component":"DOCKER","instance":"","level":"info","msg":"Removed 1 of 1 leftover networks","time":"2023-06-28T08:07:23Z"}
{"component":"GLOBAL","instance":"","level":"info","msg":"Listening on port 9151","time":"2023-06-28T08:07:23Z"}
{"component":"GLOBAL","instance":"","level":"info","msg":"Listening on port 9150","time":"2023-06-28T08:07:23Z"}
{"component":"TESTBED","instance":"","level":"info","msg":"Create new test","time":"2023-06-28T08:07:30Z"}
{"component":"TESTBED","instance":"1","level":"info","msg":"Create volumes and containers...","time":"2023-06-28T08:07:30Z"}
{"component":"DOCKER","instance":"","level":"info","msg":"Create volume test_1_input_0_1687939650","time":"2023-06-28T08:07:30Z"}
{"component":"DOCKER","instance":"","level":"info","msg":"Create volume test_1_output_0_1687939650","time":"2023-06-28T08:07:30Z"}
{"component":"TESTBED","instance":"1","level":"info","msg":"Move data to workspace from /mnt/c/dev/multiplefactoranalysis/data/h1","time":"2023-06-28T08:07:30Z"}
{"component":"DOCKER","instance":"","level":"info","msg":"Move data to workspace","time":"2023-06-28T08:07:30Z"}
{"component":"DOCKER","instance":"","level":"info","msg":"Attach to internal network","time":"2023-06-28T08:07:31Z"}
{"component":"DOCKER","instance":"","level":"info","msg":"Remove application","time":"2023-06-28T08:07:32Z"}
{"component":"DOCKER","instance":"","level":"info","msg":"Intermediary container used for moving data from host to volume has been removed","time":"2023-06-28T08:07:33Z"}
{"component":"TESTBED","instance":"1","level":"info","msg":"Move generic data to input volume from /mnt/c/dev/multiplefactoranalysis/data/generic","time":"2023-06-28T08:07:33Z"}
{"component":"DOCKER","instance":"","level":"info","msg":"Move data to workspace","time":"2023-06-28T08:07:33Z"}
{"component":"DOCKER","instance":"","level":"info","msg":"Attach to internal network","time":"2023-06-28T08:07:34Z"}
{"component":"DOCKER","instance":"","level":"info","msg":"Remove application","time":"2023-06-28T08:07:35Z"}
{"component":"DOCKER","instance":"","level":"info","msg":"Intermediary container used for moving data from host to volume has been removed","time":"2023-06-28T08:07:36Z"}
{"component":"TESTBED","instance":"1","level":"info","msg":"Start application","time":"2023-06-28T08:07:36Z"}
{"component":"DOCKER","instance":"","level":"info","msg":"Attach to internal network","time":"2023-06-28T08:07:36Z"}
{"component":"TESTBED","instance":"1","level":"info","msg":"Append app to list","time":"2023-06-28T08:07:38Z"}
{"component":"DOCKER","instance":"","level":"info","msg":"Create volume test_1_input_1_1687939658","time":"2023-06-28T08:07:38Z"}
{"component":"DOCKER","instance":"","level":"info","msg":"Create volume test_1_output_1_1687939658","time":"2023-06-28T08:07:38Z"}
{"component":"TESTBED","instance":"1","level":"info","msg":"Move data to workspace from /mnt/c/dev/multiplefactoranalysis/data/h2","time":"2023-06-28T08:07:38Z"}
{"component":"DOCKER","instance":"","level":"info","msg":"Move data to workspace","time":"2023-06-28T08:07:38Z"}
{"component":"DOCKER","instance":"","level":"info","msg":"Attach to internal network","time":"2023-06-28T08:07:38Z"}
{"component":"DOCKER","instance":"","level":"info","msg":"Remove application","time":"2023-06-28T08:07:39Z"}
{"component":"DOCKER","instance":"","level":"info","msg":"Intermediary container used for moving data from host to volume has been removed","time":"2023-06-28T08:07:40Z"}
{"component":"TESTBED","instance":"1","level":"info","msg":"Move generic data to input volume from /mnt/c/dev/multiplefactoranalysis/data/generic","time":"2023-06-28T08:07:40Z"}
{"component":"DOCKER","instance":"","level":"info","msg":"Move data to workspace","time":"2023-06-28T08:07:40Z"}
{"component":"DOCKER","instance":"","level":"info","msg":"Attach to internal network","time":"2023-06-28T08:07:41Z"}
{"component":"DOCKER","instance":"","level":"info","msg":"Remove application","time":"2023-06-28T08:07:42Z"}
{"component":"DOCKER","instance":"","level":"info","msg":"Intermediary container used for moving data from host to volume has been removed","time":"2023-06-28T08:07:43Z"}
{"component":"TESTBED","instance":"1","level":"info","msg":"Start application","time":"2023-06-28T08:07:43Z"}
{"component":"DOCKER","instance":"","level":"info","msg":"Attach to internal network","time":"2023-06-28T08:07:43Z"}
{"component":"TESTBED","instance":"1","level":"info","msg":"Append app to list","time":"2023-06-28T08:07:45Z"}
{"component":"TESTBED","instance":"1","level":"info","msg":"Link fc_featurecloudaifcmultiplefactoranalysis_670804280 with global socket server","time":"2023-06-28T08:07:45Z"}
{"component":"TESTBED","instance":"1","level":"info","msg":"Link fc_featurecloudaifcmultiplefactoranalysis_792427931 with global socket server","time":"2023-06-28T08:07:45Z"}
{"component":"TESTBED","instance":"1","level":"info","msg":"Start local socket server","time":"2023-06-28T08:07:45Z"}
{"component":"TESTBED","instance":"1","level":"info","msg":"Start local socket server","time":"2023-06-28T08:07:45Z"}
{"component":"TESTBED","instance":"1","level":"info","msg":"Link to global address","time":"2023-06-28T08:07:45Z"}
{"component":"TESTBED","instance":"1","level":"info","msg":"Link to global address","time":"2023-06-28T08:07:45Z"}
{"component":"GLOBAL","instance":"","level":"info","msg":"Registered new coordinator controller","time":"2023-06-28T08:07:45Z"}
{"component":"GLOBAL","instance":"","level":"info","msg":"Registered new participant controller","time":"2023-06-28T08:07:45Z"}
{"component":"LOCAL","instance":"","level":"info","msg":"Received setup trigger","time":"2023-06-28T08:07:45Z"}
{"component":"LOCAL","instance":"","level":"info","msg":"Received setup trigger","time":"2023-06-28T08:07:45Z"}
{"component":"LOCAL","instance":"","level":"error","msg":"Got error during setup to http://192.168.128.4:9000: Post \"http://192.168.128.4:9000/setup\": dial tcp 192.168.128.4:9000: connect: connection refused","time":"2023-06-28T08:07:45Z"}
{"component":"GLOBAL","instance":"","level":"info","msg":"Setup 71b0407f5b6127a089e7413718edb1b846dc36ab6c2c739402c6ed9a91bcf865","time":"2023-06-28T08:07:46Z"}
{"component":"TESTBED","instance":"1","level":"info","msg":"Setup triggered","time":"2023-06-28T08:07:46Z"}
{"component":"TESTBED","instance":"1","level":"info","msg":"2 apps and server created and running","time":"2023-06-28T08:07:46Z"}
{"component":"LOCAL","instance":"","level":"info","msg":"http://192.168.128.4:9000/status: New data available","time":"2023-06-28T08:07:51Z"}
{"component":"LOCAL","instance":"","level":"info","msg":"Mode: plain","time":"2023-06-28T08:07:51Z"}
{"component":"LOCAL","instance":"","level":"debug","msg":"http://192.168.128.4:9000/data: Fetched 14314 bytes","time":"2023-06-28T08:07:51Z"}
{"component":"GLOBAL","instance":"","level":"info","msg":"[GLOBAL] Participant (ID: 10d16455028cd427) sending 14314 bytes to Coordinator","time":"2023-06-28T08:07:51Z"}
{"component":"LOCAL","instance":"","level":"info","msg":"received 14314 bytes from Client 10d16455028cd427","time":"2023-06-28T08:07:51Z"}
{"component":"LOCAL","instance":"","level":"info","msg":"POST to http://192.168.128.3:9000/data?client=10d16455028cd427 [Try 1/3]","time":"2023-06-28T08:07:51Z"}
{"component":"LOCAL","instance":"","level":"info","msg":"http://192.168.128.3:9000/status: New data available","time":"2023-06-28T08:07:52Z"}
{"component":"LOCAL","instance":"","level":"info","msg":"Mode: plain","time":"2023-06-28T08:07:52Z"}
{"component":"LOCAL","instance":"","level":"debug","msg":"http://192.168.128.3:9000/data: Fetched 7287 bytes","time":"2023-06-28T08:07:52Z"}
{"component":"GLOBAL","instance":"","level":"info","msg":"Coordinator (ID: 26ef83cd6e42d24d) broadcasting 7287 bytes","time":"2023-06-28T08:07:52Z"}
{"component":"LOCAL","instance":"","level":"info","msg":"received 7287 bytes from Client 26ef83cd6e42d24d","time":"2023-06-28T08:07:52Z"}
{"component":"LOCAL","instance":"","level":"info","msg":"POST to http://192.168.128.4:9000/data?client=26ef83cd6e42d24d [Try 1/3]","time":"2023-06-28T08:07:52Z"}
{"component":"LOCAL","instance":"","level":"info","msg":"http://192.168.128.4:9000/status: New data available","time":"2023-06-28T08:07:54Z"}
{"component":"LOCAL","instance":"","level":"info","msg":"Mode: plain","time":"2023-06-28T08:07:54Z"}
{"component":"LOCAL","instance":"","level":"debug","msg":"http://192.168.128.4:9000/data: Fetched 6979 bytes","time":"2023-06-28T08:07:54Z"}
{"component":"GLOBAL","instance":"","level":"info","msg":"[GLOBAL] Participant (ID: 10d16455028cd427) sending 6979 bytes to Coordinator","time":"2023-06-28T08:07:54Z"}
{"component":"LOCAL","instance":"","level":"info","msg":"received 6979 bytes from Client 10d16455028cd427","time":"2023-06-28T08:07:54Z"}
{"component":"LOCAL","instance":"","level":"info","msg":"POST to http://192.168.128.3:9000/data?client=10d16455028cd427 [Try 1/3]","time":"2023-06-28T08:07:54Z"}
{"component":"LOCAL","instance":"","level":"info","msg":"http://192.168.128.3:9000/status: New data available","time":"2023-06-28T08:07:55Z"}
{"component":"LOCAL","instance":"","level":"info","msg":"Mode: plain","time":"2023-06-28T08:07:55Z"}
{"component":"LOCAL","instance":"","level":"debug","msg":"http://192.168.128.3:9000/data: Fetched 6991 bytes","time":"2023-06-28T08:07:55Z"}
{"component":"GLOBAL","instance":"","level":"info","msg":"Coordinator (ID: 26ef83cd6e42d24d) broadcasting 6991 bytes","time":"2023-06-28T08:07:55Z"}
{"component":"LOCAL","instance":"","level":"info","msg":"received 6991 bytes from Client 26ef83cd6e42d24d","time":"2023-06-28T08:07:55Z"}
{"component":"LOCAL","instance":"","level":"info","msg":"POST to http://192.168.128.4:9000/data?client=26ef83cd6e42d24d [Try 1/3]","time":"2023-06-28T08:07:55Z"}
{"component":"LOCAL","instance":"","level":"info","msg":"http://192.168.128.4:9000/status: New data available","time":"2023-06-28T08:07:57Z"}
{"component":"LOCAL","instance":"","level":"info","msg":"Mode: plain","time":"2023-06-28T08:07:57Z"}
{"component":"LOCAL","instance":"","level":"debug","msg":"http://192.168.128.4:9000/data: Fetched 6966 bytes","time":"2023-06-28T08:07:57Z"}
{"component":"GLOBAL","instance":"","level":"info","msg":"[GLOBAL] Participant (ID: 10d16455028cd427) sending 6966 bytes to Coordinator","time":"2023-06-28T08:07:57Z"}
{"component":"LOCAL","instance":"","level":"info","msg":"received 6966 bytes from Client 10d16455028cd427","time":"2023-06-28T08:07:57Z"}
{"component":"LOCAL","instance":"","level":"info","msg":"POST to http://192.168.128.3:9000/data?client=10d16455028cd427 [Try 1/3]","time":"2023-06-28T08:07:57Z"}
{"component":"LOCAL","instance":"","level":"info","msg":"http://192.168.128.3:9000/status: New data available","time":"2023-06-28T08:07:58Z"}
{"component":"LOCAL","instance":"","level":"info","msg":"Mode: plain","time":"2023-06-28T08:07:58Z"}
{"component":"LOCAL","instance":"","level":"debug","msg":"http://192.168.128.3:9000/data: Fetched 20165 bytes","time":"2023-06-28T08:07:58Z"}
{"component":"GLOBAL","instance":"","level":"info","msg":"Coordinator (ID: 26ef83cd6e42d24d) broadcasting 20165 bytes","time":"2023-06-28T08:07:58Z"}
{"component":"LOCAL","instance":"","level":"info","msg":"received 20165 bytes from Client 26ef83cd6e42d24d","time":"2023-06-28T08:07:58Z"}
{"component":"LOCAL","instance":"","level":"info","msg":"POST to http://192.168.128.4:9000/data?client=26ef83cd6e42d24d [Try 1/3]","time":"2023-06-28T08:07:58Z"}
{"component":"LOCAL","instance":"","level":"info","msg":"http://192.168.128.4:9000/status: Finished","time":"2023-06-28T08:08:00Z"}
{"component":"GLOBAL","instance":"","level":"info","msg":"[GLOBAL] Participant (ID: 10d16455028cd427) finished the current step","time":"2023-06-28T08:08:00Z"}
{"component":"LOCAL","instance":"","level":"info","msg":"Shutdown","time":"2023-06-28T08:08:01Z"}
{"component":"GLOBAL","instance":"","level":"error","msg":"Participant (ID: 26ef83cd6e42d24d): relaying stopped due to: EOF","time":"2023-06-28T08:08:01Z"}
{"component":"LOCAL","instance":"","level":"info","msg":"Shutdown","time":"2023-06-28T08:08:01Z"}
{"component":"TESTBED","instance":"1","level":"info","msg":"Stopping test id: 1","time":"2023-06-28T08:08:01Z"}
{"component":"TESTBED","instance":"1","level":"info","msg":"Stopping container fc_featurecloudaifcmultiplefactoranalysis_670804280","time":"2023-06-28T08:08:01Z"}
{"component":"GLOBAL","instance":"","level":"error","msg":"Participant (ID: 10d16455028cd427): relaying stopped due to: EOF","time":"2023-06-28T08:08:01Z"}
{"component":"DOCKER","instance":"","level":"info","msg":"Move data to host","time":"2023-06-28T08:08:01Z"}
{"component":"DOCKER","instance":"","level":"info","msg":"Attach to internal network","time":"2023-06-28T08:08:02Z"}
{"component":"DOCKER","instance":"","level":"info","msg":"Remove application","time":"2023-06-28T08:08:04Z"}
{"component":"DOCKER","instance":"","level":"debug","msg":"Intermediary container used for moving data from volume to host has been removed","time":"2023-06-28T08:08:05Z"}
{"component":"TESTBED","instance":"1","level":"info","msg":"Saved output volume content to /data/tests/results_test_1_client_0_fc_featurecloudaifcmultiplefactoranalysis_670804280.zip","time":"2023-06-28T08:08:05Z"}
{"component":"DOCKER","instance":"","level":"info","msg":"Remove volume test_1_output_0_1687939650","time":"2023-06-28T08:08:05Z"}
{"component":"TESTBED","instance":"1","level":"info","msg":"Deleted volume test_1_output_0_1687939650","time":"2023-06-28T08:08:05Z"}
{"component":"DOCKER","instance":"","level":"info","msg":"Remove volume test_1_input_0_1687939650","time":"2023-06-28T08:08:05Z"}
{"component":"TESTBED","instance":"1","level":"info","msg":"Deleted volume test_1_input_0_1687939650","time":"2023-06-28T08:08:05Z"}
{"component":"TESTBED","instance":"1","level":"info","msg":"Stopping container fc_featurecloudaifcmultiplefactoranalysis_792427931","time":"2023-06-28T08:08:05Z"}
{"component":"DOCKER","instance":"","level":"error","msg":"Error: No such container: c993956f537ccd7f69e146b4d1afa4ed1b6739d234c66a5e7280d85d72d0a8d9","time":"2023-06-28T08:08:05Z"}
{"component":"DOCKER","instance":"","level":"info","msg":"Move data to host","time":"2023-06-28T08:08:05Z"}
{"component":"DOCKER","instance":"","level":"info","msg":"Attach to internal network","time":"2023-06-28T08:08:06Z"}
{"component":"DOCKER","instance":"","level":"info","msg":"Remove application","time":"2023-06-28T08:08:07Z"}
{"component":"DOCKER","instance":"","level":"debug","msg":"Intermediary container used for moving data from volume to host has been removed","time":"2023-06-28T08:08:08Z"}
{"component":"TESTBED","instance":"1","level":"info","msg":"Saved output volume content to /data/tests/results_test_1_client_1_fc_featurecloudaifcmultiplefactoranalysis_792427931.zip","time":"2023-06-28T08:08:08Z"}
{"component":"DOCKER","instance":"","level":"info","msg":"Remove volume test_1_output_1_1687939658","time":"2023-06-28T08:08:08Z"}
{"component":"TESTBED","instance":"1","level":"info","msg":"Deleted volume test_1_output_1_1687939658","time":"2023-06-28T08:08:08Z"}
{"component":"DOCKER","instance":"","level":"info","msg":"Remove volume test_1_input_1_1687939658","time":"2023-06-28T08:08:08Z"}
{"component":"TESTBED","instance":"1","level":"info","msg":"Deleted volume test_1_input_1_1687939658","time":"2023-06-28T08:08:08Z"}
