{"component":"MAIN","instance":"","level":"info","msg":"Controller start","time":"2023-06-29T10:46:38Z"}
{"component":"MAIN","instance":"","level":"info","msg":"Mode: Dockerized (isolated)","time":"2023-06-29T10:46:38Z"}
{"component":"MAIN","instance":"","level":"info","msg":"Configuration value 'HasGPU': false","time":"2023-06-29T10:46:38Z"}
{"component":"DOCKER","instance":"","level":"info","msg":"Removing leftover Docker entities for label: fc-controller-label","time":"2023-06-29T10:46:38Z"}
{"component":"DOCKER","instance":"","level":"info","msg":"Removed 0 of 0 leftover containers","time":"2023-06-29T10:46:38Z"}
{"component":"DOCKER","instance":"","level":"info","msg":"Removed 0 of 1 leftover volumes","time":"2023-06-29T10:46:38Z"}
{"component":"DOCKER","instance":"","level":"info","msg":"Removed 1 of 1 leftover networks","time":"2023-06-29T10:46:39Z"}
{"component":"GLOBAL","instance":"","level":"info","msg":"Listening on port 9151","time":"2023-06-29T10:46:39Z"}
{"component":"GLOBAL","instance":"","level":"info","msg":"Listening on port 9150","time":"2023-06-29T10:46:39Z"}
{"component":"TESTBED","instance":"","level":"info","msg":"Create new test","time":"2023-06-29T10:46:47Z"}
{"component":"TESTBED","instance":"1","level":"info","msg":"Create volumes and containers...","time":"2023-06-29T10:46:47Z"}
{"component":"DOCKER","instance":"","level":"info","msg":"Create volume test_1_input_0_1688035607","time":"2023-06-29T10:46:47Z"}
{"component":"DOCKER","instance":"","level":"info","msg":"Create volume test_1_output_0_1688035607","time":"2023-06-29T10:46:47Z"}
{"component":"TESTBED","instance":"1","level":"info","msg":"Move data to workspace from /mnt/c/dev/multiplefactoranalysis/data/h1","time":"2023-06-29T10:46:47Z"}
{"component":"DOCKER","instance":"","level":"info","msg":"Move data to workspace","time":"2023-06-29T10:46:47Z"}
{"component":"DOCKER","instance":"","level":"info","msg":"Attach to internal network","time":"2023-06-29T10:46:47Z"}
{"component":"DOCKER","instance":"","level":"info","msg":"Remove application","time":"2023-06-29T10:46:49Z"}
{"component":"DOCKER","instance":"","level":"info","msg":"Intermediary container used for moving data from host to volume has been removed","time":"2023-06-29T10:46:50Z"}
{"component":"TESTBED","instance":"1","level":"info","msg":"Move generic data to input volume from /mnt/c/dev/multiplefactoranalysis/data/generic","time":"2023-06-29T10:46:50Z"}
{"component":"DOCKER","instance":"","level":"info","msg":"Move data to workspace","time":"2023-06-29T10:46:50Z"}
{"component":"DOCKER","instance":"","level":"info","msg":"Attach to internal network","time":"2023-06-29T10:46:51Z"}
{"component":"DOCKER","instance":"","level":"info","msg":"Remove application","time":"2023-06-29T10:46:52Z"}
{"component":"DOCKER","instance":"","level":"info","msg":"Intermediary container used for moving data from host to volume has been removed","time":"2023-06-29T10:46:54Z"}
{"component":"TESTBED","instance":"1","level":"info","msg":"Start application","time":"2023-06-29T10:46:54Z"}
{"component":"DOCKER","instance":"","level":"info","msg":"Attach to internal network","time":"2023-06-29T10:46:54Z"}
{"component":"TESTBED","instance":"1","level":"info","msg":"Append app to list","time":"2023-06-29T10:46:55Z"}
{"component":"DOCKER","instance":"","level":"info","msg":"Create volume test_1_input_1_1688035615","time":"2023-06-29T10:46:55Z"}
{"component":"DOCKER","instance":"","level":"info","msg":"Create volume test_1_output_1_1688035615","time":"2023-06-29T10:46:55Z"}
{"component":"TESTBED","instance":"1","level":"info","msg":"Move data to workspace from /mnt/c/dev/multiplefactoranalysis/data/h2","time":"2023-06-29T10:46:55Z"}
{"component":"DOCKER","instance":"","level":"info","msg":"Move data to workspace","time":"2023-06-29T10:46:55Z"}
{"component":"DOCKER","instance":"","level":"info","msg":"Attach to internal network","time":"2023-06-29T10:46:56Z"}
{"component":"DOCKER","instance":"","level":"info","msg":"Remove application","time":"2023-06-29T10:46:57Z"}
{"component":"DOCKER","instance":"","level":"info","msg":"Intermediary container used for moving data from host to volume has been removed","time":"2023-06-29T10:46:58Z"}
{"component":"TESTBED","instance":"1","level":"info","msg":"Move generic data to input volume from /mnt/c/dev/multiplefactoranalysis/data/generic","time":"2023-06-29T10:46:58Z"}
{"component":"DOCKER","instance":"","level":"info","msg":"Move data to workspace","time":"2023-06-29T10:46:58Z"}
{"component":"DOCKER","instance":"","level":"info","msg":"Attach to internal network","time":"2023-06-29T10:46:59Z"}
{"component":"DOCKER","instance":"","level":"info","msg":"Remove application","time":"2023-06-29T10:47:00Z"}
{"component":"DOCKER","instance":"","level":"info","msg":"Intermediary container used for moving data from host to volume has been removed","time":"2023-06-29T10:47:01Z"}
{"component":"TESTBED","instance":"1","level":"info","msg":"Start application","time":"2023-06-29T10:47:01Z"}
{"component":"DOCKER","instance":"","level":"info","msg":"Attach to internal network","time":"2023-06-29T10:47:01Z"}
{"component":"TESTBED","instance":"1","level":"info","msg":"Append app to list","time":"2023-06-29T10:47:03Z"}
{"component":"TESTBED","instance":"1","level":"info","msg":"Link fc_featurecloudaifcmultiplefactoranalysis_20898364 with global socket server","time":"2023-06-29T10:47:03Z"}
{"component":"TESTBED","instance":"1","level":"info","msg":"Link fc_featurecloudaifcmultiplefactoranalysis_717707611 with global socket server","time":"2023-06-29T10:47:03Z"}
{"component":"TESTBED","instance":"1","level":"info","msg":"Start local socket server","time":"2023-06-29T10:47:03Z"}
{"component":"TESTBED","instance":"1","level":"info","msg":"Start local socket server","time":"2023-06-29T10:47:03Z"}
{"component":"TESTBED","instance":"1","level":"info","msg":"Link to global address","time":"2023-06-29T10:47:03Z"}
{"component":"TESTBED","instance":"1","level":"info","msg":"Link to global address","time":"2023-06-29T10:47:03Z"}
{"component":"GLOBAL","instance":"","level":"info","msg":"Registered new participant controller","time":"2023-06-29T10:47:03Z"}
{"component":"GLOBAL","instance":"","level":"info","msg":"Registered new coordinator controller","time":"2023-06-29T10:47:03Z"}
{"component":"LOCAL","instance":"","level":"info","msg":"Received setup trigger","time":"2023-06-29T10:47:03Z"}
{"component":"LOCAL","instance":"","level":"info","msg":"Received setup trigger","time":"2023-06-29T10:47:03Z"}
{"component":"LOCAL","instance":"","level":"error","msg":"Got error during setup to http://172.25.0.4:9000: Post \"http://172.25.0.4:9000/setup\": dial tcp 172.25.0.4:9000: connect: connection refused","time":"2023-06-29T10:47:03Z"}
{"component":"GLOBAL","instance":"","level":"info","msg":"Setup 2b660ad4522a79e2b54fada3ba005864c7dd99631246110b62281a675eace352","time":"2023-06-29T10:47:04Z"}
{"component":"TESTBED","instance":"1","level":"info","msg":"Setup triggered","time":"2023-06-29T10:47:04Z"}
{"component":"TESTBED","instance":"1","level":"info","msg":"2 apps and server created and running","time":"2023-06-29T10:47:04Z"}
{"component":"LOCAL","instance":"","level":"info","msg":"http://172.25.0.4:9000/status: New data available","time":"2023-06-29T10:47:09Z"}
{"component":"LOCAL","instance":"","level":"info","msg":"Mode: plain","time":"2023-06-29T10:47:09Z"}
{"component":"LOCAL","instance":"","level":"debug","msg":"http://172.25.0.4:9000/data: Fetched 21386 bytes","time":"2023-06-29T10:47:09Z"}
{"component":"GLOBAL","instance":"","level":"info","msg":"[GLOBAL] Participant (ID: e5b7ef63a6f17247) sending 21386 bytes to Coordinator","time":"2023-06-29T10:47:09Z"}
{"component":"LOCAL","instance":"","level":"info","msg":"received 21386 bytes from Client e5b7ef63a6f17247","time":"2023-06-29T10:47:09Z"}
{"component":"LOCAL","instance":"","level":"info","msg":"POST to http://172.25.0.3:9000/data?client=e5b7ef63a6f17247 [Try 1/3]","time":"2023-06-29T10:47:09Z"}
{"component":"LOCAL","instance":"","level":"info","msg":"http://172.25.0.3:9000/status: New data available","time":"2023-06-29T10:47:10Z"}
{"component":"LOCAL","instance":"","level":"info","msg":"Mode: plain","time":"2023-06-29T10:47:10Z"}
{"component":"LOCAL","instance":"","level":"debug","msg":"http://172.25.0.3:9000/data: Fetched 10887 bytes","time":"2023-06-29T10:47:10Z"}
{"component":"GLOBAL","instance":"","level":"info","msg":"Coordinator (ID: 779e6d2456c8a6d9) broadcasting 10887 bytes","time":"2023-06-29T10:47:10Z"}
{"component":"LOCAL","instance":"","level":"info","msg":"received 10887 bytes from Client 779e6d2456c8a6d9","time":"2023-06-29T10:47:10Z"}
{"component":"LOCAL","instance":"","level":"info","msg":"POST to http://172.25.0.4:9000/data?client=779e6d2456c8a6d9 [Try 1/3]","time":"2023-06-29T10:47:10Z"}
{"component":"LOCAL","instance":"","level":"info","msg":"http://172.25.0.4:9000/status: New data available","time":"2023-06-29T10:47:12Z"}
{"component":"LOCAL","instance":"","level":"info","msg":"Mode: plain","time":"2023-06-29T10:47:12Z"}
{"component":"LOCAL","instance":"","level":"debug","msg":"http://172.25.0.4:9000/data: Fetched 10399 bytes","time":"2023-06-29T10:47:12Z"}
{"component":"GLOBAL","instance":"","level":"info","msg":"[GLOBAL] Participant (ID: e5b7ef63a6f17247) sending 10399 bytes to Coordinator","time":"2023-06-29T10:47:12Z"}
{"component":"LOCAL","instance":"","level":"info","msg":"received 10399 bytes from Client e5b7ef63a6f17247","time":"2023-06-29T10:47:12Z"}
{"component":"LOCAL","instance":"","level":"info","msg":"POST to http://172.25.0.3:9000/data?client=e5b7ef63a6f17247 [Try 1/3]","time":"2023-06-29T10:47:12Z"}
{"component":"LOCAL","instance":"","level":"info","msg":"http://172.25.0.3:9000/status: New data available","time":"2023-06-29T10:47:13Z"}
{"component":"LOCAL","instance":"","level":"info","msg":"Mode: plain","time":"2023-06-29T10:47:13Z"}
{"component":"LOCAL","instance":"","level":"debug","msg":"http://172.25.0.3:9000/data: Fetched 10372 bytes","time":"2023-06-29T10:47:13Z"}
{"component":"GLOBAL","instance":"","level":"info","msg":"Coordinator (ID: 779e6d2456c8a6d9) broadcasting 10372 bytes","time":"2023-06-29T10:47:13Z"}
{"component":"LOCAL","instance":"","level":"info","msg":"received 10372 bytes from Client 779e6d2456c8a6d9","time":"2023-06-29T10:47:13Z"}
{"component":"LOCAL","instance":"","level":"info","msg":"POST to http://172.25.0.4:9000/data?client=779e6d2456c8a6d9 [Try 1/3]","time":"2023-06-29T10:47:13Z"}
{"component":"LOCAL","instance":"","level":"info","msg":"http://172.25.0.4:9000/status: New data available","time":"2023-06-29T10:47:15Z"}
{"component":"LOCAL","instance":"","level":"info","msg":"Mode: plain","time":"2023-06-29T10:47:15Z"}
{"component":"LOCAL","instance":"","level":"debug","msg":"http://172.25.0.4:9000/data: Fetched 10381 bytes","time":"2023-06-29T10:47:15Z"}
{"component":"GLOBAL","instance":"","level":"info","msg":"[GLOBAL] Participant (ID: e5b7ef63a6f17247) sending 10381 bytes to Coordinator","time":"2023-06-29T10:47:15Z"}
{"component":"LOCAL","instance":"","level":"info","msg":"received 10381 bytes from Client e5b7ef63a6f17247","time":"2023-06-29T10:47:15Z"}
{"component":"LOCAL","instance":"","level":"info","msg":"POST to http://172.25.0.3:9000/data?client=e5b7ef63a6f17247 [Try 1/3]","time":"2023-06-29T10:47:15Z"}
{"component":"LOCAL","instance":"","level":"info","msg":"http://172.25.0.3:9000/status: New data available","time":"2023-06-29T10:47:16Z"}
{"component":"LOCAL","instance":"","level":"info","msg":"Mode: plain","time":"2023-06-29T10:47:16Z"}
{"component":"LOCAL","instance":"","level":"debug","msg":"http://172.25.0.3:9000/data: Fetched 30039 bytes","time":"2023-06-29T10:47:16Z"}
{"component":"GLOBAL","instance":"","level":"info","msg":"Coordinator (ID: 779e6d2456c8a6d9) broadcasting 30039 bytes","time":"2023-06-29T10:47:16Z"}
{"component":"LOCAL","instance":"","level":"info","msg":"received 30039 bytes from Client 779e6d2456c8a6d9","time":"2023-06-29T10:47:16Z"}
{"component":"LOCAL","instance":"","level":"info","msg":"POST to http://172.25.0.4:9000/data?client=779e6d2456c8a6d9 [Try 1/3]","time":"2023-06-29T10:47:16Z"}
{"component":"LOCAL","instance":"","level":"info","msg":"http://172.25.0.3:9000/status: Finished","time":"2023-06-29T10:47:19Z"}
{"component":"GLOBAL","instance":"","level":"info","msg":"[GLOBAL] Participant (ID: 779e6d2456c8a6d9) finished the current step","time":"2023-06-29T10:47:19Z"}
{"component":"LOCAL","instance":"","level":"info","msg":"Shutdown","time":"2023-06-29T10:47:20Z"}
{"component":"LOCAL","instance":"","level":"info","msg":"Shutdown","time":"2023-06-29T10:47:20Z"}
{"component":"GLOBAL","instance":"","level":"error","msg":"Participant (ID: e5b7ef63a6f17247): relaying stopped due to: EOF","time":"2023-06-29T10:47:20Z"}
{"component":"TESTBED","instance":"1","level":"info","msg":"Stopping test id: 1","time":"2023-06-29T10:47:20Z"}
{"component":"TESTBED","instance":"1","level":"info","msg":"Stopping container fc_featurecloudaifcmultiplefactoranalysis_20898364","time":"2023-06-29T10:47:20Z"}
{"component":"GLOBAL","instance":"","level":"error","msg":"Participant (ID: 779e6d2456c8a6d9): relaying stopped due to: EOF","time":"2023-06-29T10:47:20Z"}
{"component":"DOCKER","instance":"","level":"info","msg":"Move data to host","time":"2023-06-29T10:47:20Z"}
{"component":"DOCKER","instance":"","level":"info","msg":"Attach to internal network","time":"2023-06-29T10:47:21Z"}
{"component":"DOCKER","instance":"","level":"info","msg":"Remove application","time":"2023-06-29T10:47:22Z"}
{"component":"DOCKER","instance":"","level":"debug","msg":"Intermediary container used for moving data from volume to host has been removed","time":"2023-06-29T10:47:23Z"}
{"component":"TESTBED","instance":"1","level":"info","msg":"Saved output volume content to /data/tests/results_test_1_client_0_fc_featurecloudaifcmultiplefactoranalysis_20898364.zip","time":"2023-06-29T10:47:23Z"}
{"component":"DOCKER","instance":"","level":"info","msg":"Remove volume test_1_output_0_1688035607","time":"2023-06-29T10:47:23Z"}
{"component":"TESTBED","instance":"1","level":"info","msg":"Deleted volume test_1_output_0_1688035607","time":"2023-06-29T10:47:23Z"}
{"component":"DOCKER","instance":"","level":"info","msg":"Remove volume test_1_input_0_1688035607","time":"2023-06-29T10:47:23Z"}
{"component":"TESTBED","instance":"1","level":"info","msg":"Deleted volume test_1_input_0_1688035607","time":"2023-06-29T10:47:23Z"}
{"component":"TESTBED","instance":"1","level":"info","msg":"Stopping container fc_featurecloudaifcmultiplefactoranalysis_717707611","time":"2023-06-29T10:47:23Z"}
{"component":"DOCKER","instance":"","level":"info","msg":"Move data to host","time":"2023-06-29T10:47:24Z"}
{"component":"DOCKER","instance":"","level":"info","msg":"Attach to internal network","time":"2023-06-29T10:47:24Z"}
{"component":"DOCKER","instance":"","level":"info","msg":"Remove application","time":"2023-06-29T10:47:26Z"}
{"component":"DOCKER","instance":"","level":"debug","msg":"Intermediary container used for moving data from volume to host has been removed","time":"2023-06-29T10:47:27Z"}
{"component":"TESTBED","instance":"1","level":"info","msg":"Saved output volume content to /data/tests/results_test_1_client_1_fc_featurecloudaifcmultiplefactoranalysis_717707611.zip","time":"2023-06-29T10:47:27Z"}
{"component":"DOCKER","instance":"","level":"info","msg":"Remove volume test_1_output_1_1688035615","time":"2023-06-29T10:47:27Z"}
{"component":"TESTBED","instance":"1","level":"info","msg":"Deleted volume test_1_output_1_1688035615","time":"2023-06-29T10:47:27Z"}
{"component":"DOCKER","instance":"","level":"info","msg":"Remove volume test_1_input_1_1688035615","time":"2023-06-29T10:47:27Z"}
{"component":"TESTBED","instance":"1","level":"info","msg":"Deleted volume test_1_input_1_1688035615","time":"2023-06-29T10:47:27Z"}
{"component":"DOCKER","instance":"","level":"error","msg":"Error: No such container: 8d305fda5ae42b64381e30b4cafa701e148f4359a9dab900251af51ac3661a5d","time":"2023-06-29T10:47:42Z"}
{"component":"DOCKER","instance":"","level":"error","msg":"Error: No such container: b7fadc6722ad891837ecef1be171dc24603b65aaadd4cb38732a25ce88f3eee6","time":"2023-06-29T10:47:44Z"}
