{"component":"MAIN","instance":"","level":"info","msg":"Controller start","time":"2023-06-28T12:31:35Z"}
{"component":"MAIN","instance":"","level":"info","msg":"Mode: Dockerized (isolated)","time":"2023-06-28T12:31:35Z"}
{"component":"MAIN","instance":"","level":"info","msg":"Configuration value 'HasGPU': false","time":"2023-06-28T12:31:35Z"}
{"component":"DOCKER","instance":"","level":"info","msg":"Removing leftover Docker entities for label: fc-controller-label","time":"2023-06-28T12:31:36Z"}
{"component":"DOCKER","instance":"","level":"info","msg":"Removed 0 of 0 leftover containers","time":"2023-06-28T12:31:36Z"}
{"component":"DOCKER","instance":"","level":"info","msg":"Removed 0 of 0 leftover volumes","time":"2023-06-28T12:31:36Z"}
{"component":"DOCKER","instance":"","level":"info","msg":"Removed 1 of 1 leftover networks","time":"2023-06-28T12:31:36Z"}
{"component":"GLOBAL","instance":"","level":"info","msg":"Listening on port 9151","time":"2023-06-28T12:31:36Z"}
{"component":"GLOBAL","instance":"","level":"info","msg":"Listening on port 9150","time":"2023-06-28T12:31:36Z"}
{"component":"TESTBED","instance":"","level":"info","msg":"Create new test","time":"2023-06-28T12:31:42Z"}
{"component":"TESTBED","instance":"1","level":"info","msg":"Create volumes and containers...","time":"2023-06-28T12:31:42Z"}
{"component":"DOCKER","instance":"","level":"info","msg":"Create volume test_1_input_0_1687955502","time":"2023-06-28T12:31:42Z"}
{"component":"DOCKER","instance":"","level":"info","msg":"Create volume test_1_output_0_1687955502","time":"2023-06-28T12:31:42Z"}
{"component":"TESTBED","instance":"1","level":"info","msg":"Move data to workspace from /mnt/c/dev/multiplefactoranalysis/data/h1","time":"2023-06-28T12:31:42Z"}
{"component":"DOCKER","instance":"","level":"info","msg":"Move data to workspace","time":"2023-06-28T12:31:42Z"}
{"component":"DOCKER","instance":"","level":"info","msg":"Attach to internal network","time":"2023-06-28T12:31:43Z"}
{"component":"DOCKER","instance":"","level":"info","msg":"Remove application","time":"2023-06-28T12:31:54Z"}
{"component":"DOCKER","instance":"","level":"info","msg":"Intermediary container used for moving data from host to volume has been removed","time":"2023-06-28T12:31:55Z"}
{"component":"TESTBED","instance":"1","level":"info","msg":"Move generic data to input volume from /mnt/c/dev/multiplefactoranalysis/data/generic","time":"2023-06-28T12:31:55Z"}
{"component":"DOCKER","instance":"","level":"info","msg":"Move data to workspace","time":"2023-06-28T12:31:55Z"}
{"component":"DOCKER","instance":"","level":"info","msg":"Attach to internal network","time":"2023-06-28T12:31:55Z"}
{"component":"DOCKER","instance":"","level":"info","msg":"Remove application","time":"2023-06-28T12:31:57Z"}
{"component":"DOCKER","instance":"","level":"info","msg":"Intermediary container used for moving data from host to volume has been removed","time":"2023-06-28T12:31:58Z"}
{"component":"TESTBED","instance":"1","level":"info","msg":"Start application","time":"2023-06-28T12:31:58Z"}
{"component":"DOCKER","instance":"","level":"info","msg":"Attach to internal network","time":"2023-06-28T12:31:58Z"}
{"component":"TESTBED","instance":"1","level":"info","msg":"Append app to list","time":"2023-06-28T12:32:00Z"}
{"component":"DOCKER","instance":"","level":"info","msg":"Create volume test_1_input_1_1687955520","time":"2023-06-28T12:32:00Z"}
{"component":"DOCKER","instance":"","level":"info","msg":"Create volume test_1_output_1_1687955520","time":"2023-06-28T12:32:00Z"}
{"component":"TESTBED","instance":"1","level":"info","msg":"Move data to workspace from /mnt/c/dev/multiplefactoranalysis/data/h2","time":"2023-06-28T12:32:00Z"}
{"component":"DOCKER","instance":"","level":"info","msg":"Move data to workspace","time":"2023-06-28T12:32:00Z"}
{"component":"DOCKER","instance":"","level":"info","msg":"Attach to internal network","time":"2023-06-28T12:32:00Z"}
{"component":"DOCKER","instance":"","level":"info","msg":"Remove application","time":"2023-06-28T12:32:02Z"}
{"component":"DOCKER","instance":"","level":"info","msg":"Intermediary container used for moving data from host to volume has been removed","time":"2023-06-28T12:32:03Z"}
{"component":"TESTBED","instance":"1","level":"info","msg":"Move generic data to input volume from /mnt/c/dev/multiplefactoranalysis/data/generic","time":"2023-06-28T12:32:03Z"}
{"component":"DOCKER","instance":"","level":"info","msg":"Move data to workspace","time":"2023-06-28T12:32:03Z"}
{"component":"DOCKER","instance":"","level":"info","msg":"Attach to internal network","time":"2023-06-28T12:32:03Z"}
{"component":"DOCKER","instance":"","level":"info","msg":"Remove application","time":"2023-06-28T12:32:05Z"}
{"component":"DOCKER","instance":"","level":"info","msg":"Intermediary container used for moving data from host to volume has been removed","time":"2023-06-28T12:32:06Z"}
{"component":"TESTBED","instance":"1","level":"info","msg":"Start application","time":"2023-06-28T12:32:06Z"}
{"component":"DOCKER","instance":"","level":"info","msg":"Attach to internal network","time":"2023-06-28T12:32:06Z"}
{"component":"TESTBED","instance":"1","level":"info","msg":"Append app to list","time":"2023-06-28T12:32:08Z"}
{"component":"TESTBED","instance":"1","level":"info","msg":"Link fc_featurecloudaifcmultiplefactoranalysis_534243865 with global socket server","time":"2023-06-28T12:32:08Z"}
{"component":"TESTBED","instance":"1","level":"info","msg":"Link fc_featurecloudaifcmultiplefactoranalysis_543390414 with global socket server","time":"2023-06-28T12:32:08Z"}
{"component":"TESTBED","instance":"1","level":"info","msg":"Start local socket server","time":"2023-06-28T12:32:08Z"}
{"component":"TESTBED","instance":"1","level":"info","msg":"Start local socket server","time":"2023-06-28T12:32:08Z"}
{"component":"TESTBED","instance":"1","level":"info","msg":"Link to global address","time":"2023-06-28T12:32:08Z"}
{"component":"TESTBED","instance":"1","level":"info","msg":"Link to global address","time":"2023-06-28T12:32:08Z"}
{"component":"GLOBAL","instance":"","level":"info","msg":"Registered new participant controller","time":"2023-06-28T12:32:08Z"}
{"component":"GLOBAL","instance":"","level":"info","msg":"Registered new coordinator controller","time":"2023-06-28T12:32:08Z"}
{"component":"LOCAL","instance":"","level":"info","msg":"Received setup trigger","time":"2023-06-28T12:32:08Z"}
{"component":"LOCAL","instance":"","level":"info","msg":"Received setup trigger","time":"2023-06-28T12:32:08Z"}
{"component":"LOCAL","instance":"","level":"error","msg":"Got error during setup to http://172.21.0.4:9000: Post \"http://172.21.0.4:9000/setup\": dial tcp 172.21.0.4:9000: connect: connection refused","time":"2023-06-28T12:32:08Z"}
{"component":"GLOBAL","instance":"","level":"info","msg":"Setup 605464f834f6868eeb37716bc02848924442ab96fcf5d76c0871b194569448d0","time":"2023-06-28T12:32:09Z"}
{"component":"TESTBED","instance":"1","level":"info","msg":"Setup triggered","time":"2023-06-28T12:32:09Z"}
{"component":"TESTBED","instance":"1","level":"info","msg":"2 apps and server created and running","time":"2023-06-28T12:32:09Z"}
{"component":"LOCAL","instance":"","level":"info","msg":"http://172.21.0.4:9000/status: New data available","time":"2023-06-28T12:32:14Z"}
{"component":"LOCAL","instance":"","level":"info","msg":"Mode: plain","time":"2023-06-28T12:32:14Z"}
{"component":"LOCAL","instance":"","level":"debug","msg":"http://172.21.0.4:9000/data: Fetched 7241 bytes","time":"2023-06-28T12:32:14Z"}
{"component":"GLOBAL","instance":"","level":"info","msg":"[GLOBAL] Participant (ID: b246505b395ebb87) sending 7241 bytes to Coordinator","time":"2023-06-28T12:32:14Z"}
{"component":"LOCAL","instance":"","level":"info","msg":"received 7241 bytes from Client b246505b395ebb87","time":"2023-06-28T12:32:14Z"}
{"component":"LOCAL","instance":"","level":"info","msg":"POST to http://172.21.0.3:9000/data?client=b246505b395ebb87 [Try 1/3]","time":"2023-06-28T12:32:14Z"}
{"component":"LOCAL","instance":"","level":"info","msg":"http://172.21.0.3:9000/status: Finished","time":"2023-06-28T12:32:15Z"}
{"component":"GLOBAL","instance":"","level":"info","msg":"[GLOBAL] Participant (ID: 1dddd01353c546ce) finished the current step","time":"2023-06-28T12:32:15Z"}
{"component":"LOCAL","instance":"","level":"info","msg":"Shutdown","time":"2023-06-28T12:32:16Z"}
{"component":"LOCAL","instance":"","level":"info","msg":"Shutdown","time":"2023-06-28T12:32:16Z"}
{"component":"TESTBED","instance":"1","level":"info","msg":"Stopping test id: 1","time":"2023-06-28T12:32:16Z"}
{"component":"GLOBAL","instance":"","level":"error","msg":"Participant (ID: 1dddd01353c546ce): relaying stopped due to: EOF","time":"2023-06-28T12:32:16Z"}
{"component":"TESTBED","instance":"1","level":"info","msg":"Stopping container fc_featurecloudaifcmultiplefactoranalysis_534243865","time":"2023-06-28T12:32:16Z"}
{"component":"GLOBAL","instance":"","level":"error","msg":"Participant (ID: b246505b395ebb87): relaying stopped due to: EOF","time":"2023-06-28T12:32:16Z"}
{"component":"DOCKER","instance":"","level":"info","msg":"Move data to host","time":"2023-06-28T12:32:16Z"}
{"component":"DOCKER","instance":"","level":"info","msg":"Attach to internal network","time":"2023-06-28T12:32:17Z"}
{"component":"DOCKER","instance":"","level":"error","msg":"Error: No such container: 001f88109b9e05ef936c295d6a0318a75d19ab37d4ee4ea5da8df42ac15ca776","time":"2023-06-28T12:32:17Z"}
{"component":"DOCKER","instance":"","level":"info","msg":"Remove application","time":"2023-06-28T12:32:18Z"}
{"component":"DOCKER","instance":"","level":"debug","msg":"Intermediary container used for moving data from volume to host has been removed","time":"2023-06-28T12:32:19Z"}
{"component":"TESTBED","instance":"1","level":"info","msg":"Saved output volume content to /data/tests/results_test_1_client_0_fc_featurecloudaifcmultiplefactoranalysis_534243865.zip","time":"2023-06-28T12:32:20Z"}
{"component":"DOCKER","instance":"","level":"info","msg":"Remove volume test_1_output_0_1687955502","time":"2023-06-28T12:32:20Z"}
{"component":"TESTBED","instance":"1","level":"info","msg":"Deleted volume test_1_output_0_1687955502","time":"2023-06-28T12:32:20Z"}
{"component":"DOCKER","instance":"","level":"info","msg":"Remove volume test_1_input_0_1687955502","time":"2023-06-28T12:32:20Z"}
{"component":"TESTBED","instance":"1","level":"info","msg":"Deleted volume test_1_input_0_1687955502","time":"2023-06-28T12:32:20Z"}
{"component":"TESTBED","instance":"1","level":"info","msg":"Stopping container fc_featurecloudaifcmultiplefactoranalysis_543390414","time":"2023-06-28T12:32:20Z"}
{"component":"DOCKER","instance":"","level":"info","msg":"Move data to host","time":"2023-06-28T12:32:20Z"}
{"component":"DOCKER","instance":"","level":"info","msg":"Attach to internal network","time":"2023-06-28T12:32:21Z"}
{"component":"DOCKER","instance":"","level":"info","msg":"Remove application","time":"2023-06-28T12:32:22Z"}
{"component":"DOCKER","instance":"","level":"debug","msg":"Intermediary container used for moving data from volume to host has been removed","time":"2023-06-28T12:32:23Z"}
{"component":"TESTBED","instance":"1","level":"info","msg":"Saved output volume content to /data/tests/results_test_1_client_1_fc_featurecloudaifcmultiplefactoranalysis_543390414.zip","time":"2023-06-28T12:32:23Z"}
{"component":"DOCKER","instance":"","level":"info","msg":"Remove volume test_1_output_1_1687955520","time":"2023-06-28T12:32:23Z"}
{"component":"TESTBED","instance":"1","level":"info","msg":"Deleted volume test_1_output_1_1687955520","time":"2023-06-28T12:32:23Z"}
{"component":"DOCKER","instance":"","level":"info","msg":"Remove volume test_1_input_1_1687955520","time":"2023-06-28T12:32:23Z"}
{"component":"TESTBED","instance":"1","level":"info","msg":"Deleted volume test_1_input_1_1687955520","time":"2023-06-28T12:32:23Z"}
