{"component":"MAIN","instance":"","level":"info","msg":"Controller start","time":"2023-06-28T13:32:35Z"}
{"component":"MAIN","instance":"","level":"info","msg":"Mode: Dockerized (isolated)","time":"2023-06-28T13:32:35Z"}
{"component":"MAIN","instance":"","level":"info","msg":"Configuration value 'HasGPU': false","time":"2023-06-28T13:32:35Z"}
{"component":"DOCKER","instance":"","level":"info","msg":"Removing leftover Docker entities for label: fc-controller-label","time":"2023-06-28T13:32:35Z"}
{"component":"DOCKER","instance":"","level":"info","msg":"Removed 0 of 0 leftover containers","time":"2023-06-28T13:32:35Z"}
{"component":"DOCKER","instance":"","level":"info","msg":"Removed 0 of 1 leftover volumes","time":"2023-06-28T13:32:35Z"}
{"component":"DOCKER","instance":"","level":"info","msg":"Removed 1 of 1 leftover networks","time":"2023-06-28T13:32:35Z"}
{"component":"GLOBAL","instance":"","level":"info","msg":"Listening on port 9151","time":"2023-06-28T13:32:35Z"}
{"component":"GLOBAL","instance":"","level":"info","msg":"Listening on port 9150","time":"2023-06-28T13:32:35Z"}
{"component":"TESTBED","instance":"","level":"info","msg":"Create new test","time":"2023-06-28T13:32:44Z"}
{"component":"TESTBED","instance":"1","level":"info","msg":"Create volumes and containers...","time":"2023-06-28T13:32:44Z"}
{"component":"DOCKER","instance":"","level":"info","msg":"Create volume test_1_input_0_1687959164","time":"2023-06-28T13:32:44Z"}
{"component":"DOCKER","instance":"","level":"info","msg":"Create volume test_1_output_0_1687959164","time":"2023-06-28T13:32:44Z"}
{"component":"TESTBED","instance":"1","level":"info","msg":"Move data to workspace from /mnt/c/dev/multiplefactoranalysis/data/h1","time":"2023-06-28T13:32:44Z"}
{"component":"DOCKER","instance":"","level":"info","msg":"Move data to workspace","time":"2023-06-28T13:32:44Z"}
{"component":"DOCKER","instance":"","level":"info","msg":"Attach to internal network","time":"2023-06-28T13:32:44Z"}
{"component":"DOCKER","instance":"","level":"info","msg":"Remove application","time":"2023-06-28T13:32:47Z"}
{"component":"DOCKER","instance":"","level":"info","msg":"Intermediary container used for moving data from host to volume has been removed","time":"2023-06-28T13:32:48Z"}
{"component":"TESTBED","instance":"1","level":"info","msg":"Move generic data to input volume from /mnt/c/dev/multiplefactoranalysis/data/generic","time":"2023-06-28T13:32:48Z"}
{"component":"DOCKER","instance":"","level":"info","msg":"Move data to workspace","time":"2023-06-28T13:32:48Z"}
{"component":"DOCKER","instance":"","level":"info","msg":"Attach to internal network","time":"2023-06-28T13:32:48Z"}
{"component":"DOCKER","instance":"","level":"info","msg":"Remove application","time":"2023-06-28T13:32:50Z"}
{"component":"DOCKER","instance":"","level":"info","msg":"Intermediary container used for moving data from host to volume has been removed","time":"2023-06-28T13:32:51Z"}
{"component":"TESTBED","instance":"1","level":"info","msg":"Start application","time":"2023-06-28T13:32:51Z"}
{"component":"DOCKER","instance":"","level":"info","msg":"Attach to internal network","time":"2023-06-28T13:32:51Z"}
{"component":"TESTBED","instance":"1","level":"info","msg":"Append app to list","time":"2023-06-28T13:32:52Z"}
{"component":"DOCKER","instance":"","level":"info","msg":"Create volume test_1_input_1_1687959172","time":"2023-06-28T13:32:52Z"}
{"component":"DOCKER","instance":"","level":"info","msg":"Create volume test_1_output_1_1687959173","time":"2023-06-28T13:32:53Z"}
{"component":"TESTBED","instance":"1","level":"info","msg":"Move data to workspace from /mnt/c/dev/multiplefactoranalysis/data/h2","time":"2023-06-28T13:32:53Z"}
{"component":"DOCKER","instance":"","level":"info","msg":"Move data to workspace","time":"2023-06-28T13:32:53Z"}
{"component":"DOCKER","instance":"","level":"info","msg":"Attach to internal network","time":"2023-06-28T13:32:53Z"}
{"component":"DOCKER","instance":"","level":"info","msg":"Remove application","time":"2023-06-28T13:32:55Z"}
{"component":"DOCKER","instance":"","level":"info","msg":"Intermediary container used for moving data from host to volume has been removed","time":"2023-06-28T13:32:56Z"}
{"component":"TESTBED","instance":"1","level":"info","msg":"Move generic data to input volume from /mnt/c/dev/multiplefactoranalysis/data/generic","time":"2023-06-28T13:32:56Z"}
{"component":"DOCKER","instance":"","level":"info","msg":"Move data to workspace","time":"2023-06-28T13:32:56Z"}
{"component":"DOCKER","instance":"","level":"info","msg":"Attach to internal network","time":"2023-06-28T13:32:56Z"}
{"component":"DOCKER","instance":"","level":"info","msg":"Remove application","time":"2023-06-28T13:32:58Z"}
{"component":"DOCKER","instance":"","level":"info","msg":"Intermediary container used for moving data from host to volume has been removed","time":"2023-06-28T13:32:59Z"}
{"component":"TESTBED","instance":"1","level":"info","msg":"Start application","time":"2023-06-28T13:32:59Z"}
{"component":"DOCKER","instance":"","level":"info","msg":"Attach to internal network","time":"2023-06-28T13:32:59Z"}
{"component":"TESTBED","instance":"1","level":"info","msg":"Append app to list","time":"2023-06-28T13:33:00Z"}
{"component":"TESTBED","instance":"1","level":"info","msg":"Link fc_featurecloudaifcmultiplefactoranalysis_350258662 with global socket server","time":"2023-06-28T13:33:00Z"}
{"component":"TESTBED","instance":"1","level":"info","msg":"Link fc_featurecloudaifcmultiplefactoranalysis_315374069 with global socket server","time":"2023-06-28T13:33:00Z"}
{"component":"TESTBED","instance":"1","level":"info","msg":"Start local socket server","time":"2023-06-28T13:33:00Z"}
{"component":"TESTBED","instance":"1","level":"info","msg":"Start local socket server","time":"2023-06-28T13:33:00Z"}
{"component":"TESTBED","instance":"1","level":"info","msg":"Link to global address","time":"2023-06-28T13:33:00Z"}
{"component":"TESTBED","instance":"1","level":"info","msg":"Link to global address","time":"2023-06-28T13:33:00Z"}
{"component":"GLOBAL","instance":"","level":"info","msg":"Registered new participant controller","time":"2023-06-28T13:33:00Z"}
{"component":"GLOBAL","instance":"","level":"info","msg":"Registered new coordinator controller","time":"2023-06-28T13:33:00Z"}
{"component":"LOCAL","instance":"","level":"info","msg":"Received setup trigger","time":"2023-06-28T13:33:00Z"}
{"component":"LOCAL","instance":"","level":"info","msg":"Received setup trigger","time":"2023-06-28T13:33:00Z"}
{"component":"LOCAL","instance":"","level":"error","msg":"Got error during setup to http://192.168.96.4:9000: Post \"http://192.168.96.4:9000/setup\": dial tcp 192.168.96.4:9000: connect: connection refused","time":"2023-06-28T13:33:00Z"}
{"component":"GLOBAL","instance":"","level":"info","msg":"Setup c82f15b0ca4b2a9a377fa61e6a4f207a34588fc29774d6b1eac19b2b1ec0e64b","time":"2023-06-28T13:33:01Z"}
{"component":"TESTBED","instance":"1","level":"info","msg":"Setup triggered","time":"2023-06-28T13:33:01Z"}
{"component":"TESTBED","instance":"1","level":"info","msg":"2 apps and server created and running","time":"2023-06-28T13:33:01Z"}
{"component":"LOCAL","instance":"","level":"info","msg":"http://192.168.96.4:9000/status: New data available","time":"2023-06-28T13:33:06Z"}
{"component":"LOCAL","instance":"","level":"info","msg":"Mode: plain","time":"2023-06-28T13:33:06Z"}
{"component":"LOCAL","instance":"","level":"debug","msg":"http://192.168.96.4:9000/data: Fetched 21386 bytes","time":"2023-06-28T13:33:06Z"}
{"component":"GLOBAL","instance":"","level":"info","msg":"[GLOBAL] Participant (ID: 07e37fbc45c4997d) sending 21386 bytes to Coordinator","time":"2023-06-28T13:33:06Z"}
{"component":"LOCAL","instance":"","level":"info","msg":"received 21386 bytes from Client 07e37fbc45c4997d","time":"2023-06-28T13:33:06Z"}
{"component":"LOCAL","instance":"","level":"info","msg":"POST to http://192.168.96.3:9000/data?client=07e37fbc45c4997d [Try 1/3]","time":"2023-06-28T13:33:06Z"}
{"component":"LOCAL","instance":"","level":"info","msg":"http://192.168.96.3:9000/status: Finished","time":"2023-06-28T13:33:07Z"}
{"component":"GLOBAL","instance":"","level":"info","msg":"[GLOBAL] Participant (ID: 7b4baa47903b3265) finished the current step","time":"2023-06-28T13:33:07Z"}
{"component":"LOCAL","instance":"","level":"info","msg":"Shutdown","time":"2023-06-28T13:33:07Z"}
{"component":"LOCAL","instance":"","level":"info","msg":"Shutdown","time":"2023-06-28T13:33:07Z"}
{"component":"GLOBAL","instance":"","level":"error","msg":"Participant (ID: 07e37fbc45c4997d): relaying stopped due to: EOF","time":"2023-06-28T13:33:07Z"}
{"component":"TESTBED","instance":"1","level":"info","msg":"Stopping test id: 1","time":"2023-06-28T13:33:07Z"}
{"component":"TESTBED","instance":"1","level":"info","msg":"Stopping container fc_featurecloudaifcmultiplefactoranalysis_350258662","time":"2023-06-28T13:33:07Z"}
{"component":"GLOBAL","instance":"","level":"error","msg":"Participant (ID: 7b4baa47903b3265): relaying stopped due to: EOF","time":"2023-06-28T13:33:07Z"}
{"component":"DOCKER","instance":"","level":"info","msg":"Move data to host","time":"2023-06-28T13:33:08Z"}
{"component":"DOCKER","instance":"","level":"info","msg":"Attach to internal network","time":"2023-06-28T13:33:08Z"}
{"component":"DOCKER","instance":"","level":"info","msg":"Remove application","time":"2023-06-28T13:33:10Z"}
{"component":"DOCKER","instance":"","level":"debug","msg":"Intermediary container used for moving data from volume to host has been removed","time":"2023-06-28T13:33:11Z"}
{"component":"TESTBED","instance":"1","level":"info","msg":"Saved output volume content to /data/tests/results_test_1_client_0_fc_featurecloudaifcmultiplefactoranalysis_350258662.zip","time":"2023-06-28T13:33:11Z"}
{"component":"DOCKER","instance":"","level":"info","msg":"Remove volume test_1_output_0_1687959164","time":"2023-06-28T13:33:11Z"}
{"component":"TESTBED","instance":"1","level":"info","msg":"Deleted volume test_1_output_0_1687959164","time":"2023-06-28T13:33:11Z"}
{"component":"DOCKER","instance":"","level":"info","msg":"Remove volume test_1_input_0_1687959164","time":"2023-06-28T13:33:11Z"}
{"component":"TESTBED","instance":"1","level":"info","msg":"Deleted volume test_1_input_0_1687959164","time":"2023-06-28T13:33:11Z"}
{"component":"TESTBED","instance":"1","level":"info","msg":"Stopping container fc_featurecloudaifcmultiplefactoranalysis_315374069","time":"2023-06-28T13:33:11Z"}
{"component":"DOCKER","instance":"","level":"info","msg":"Move data to host","time":"2023-06-28T13:33:12Z"}
{"component":"DOCKER","instance":"","level":"info","msg":"Attach to internal network","time":"2023-06-28T13:33:12Z"}
{"component":"DOCKER","instance":"","level":"info","msg":"Remove application","time":"2023-06-28T13:33:14Z"}
{"component":"DOCKER","instance":"","level":"debug","msg":"Intermediary container used for moving data from volume to host has been removed","time":"2023-06-28T13:33:15Z"}
{"component":"TESTBED","instance":"1","level":"info","msg":"Saved output volume content to /data/tests/results_test_1_client_1_fc_featurecloudaifcmultiplefactoranalysis_315374069.zip","time":"2023-06-28T13:33:15Z"}
{"component":"DOCKER","instance":"","level":"info","msg":"Remove volume test_1_output_1_1687959173","time":"2023-06-28T13:33:15Z"}
{"component":"TESTBED","instance":"1","level":"info","msg":"Deleted volume test_1_output_1_1687959173","time":"2023-06-28T13:33:15Z"}
{"component":"DOCKER","instance":"","level":"info","msg":"Remove volume test_1_input_1_1687959172","time":"2023-06-28T13:33:15Z"}
{"component":"TESTBED","instance":"1","level":"info","msg":"Deleted volume test_1_input_1_1687959172","time":"2023-06-28T13:33:15Z"}
{"component":"DOCKER","instance":"","level":"error","msg":"Error: No such container: c647ec7c8367ee1989b6770c8d2b1739174f6c5eeb6bc6d1f47922c68a37c5f9","time":"2023-06-28T13:33:15Z"}
