{"component":"MAIN","instance":"","level":"info","msg":"Controller start","time":"2023-07-03T13:43:10Z"}
{"component":"MAIN","instance":"","level":"info","msg":"Mode: Dockerized (isolated)","time":"2023-07-03T13:43:10Z"}
{"component":"MAIN","instance":"","level":"info","msg":"Configuration value 'HasGPU': false","time":"2023-07-03T13:43:10Z"}
{"component":"DOCKER","instance":"","level":"info","msg":"Removing leftover Docker entities for label: fc-controller-label","time":"2023-07-03T13:43:11Z"}
{"component":"DOCKER","instance":"","level":"info","msg":"Removed 0 of 0 leftover containers","time":"2023-07-03T13:43:11Z"}
{"component":"DOCKER","instance":"","level":"info","msg":"Removed 0 of 1 leftover volumes","time":"2023-07-03T13:43:11Z"}
{"component":"DOCKER","instance":"","level":"info","msg":"Removed 1 of 1 leftover networks","time":"2023-07-03T13:43:11Z"}
{"component":"GLOBAL","instance":"","level":"info","msg":"Listening on port 9151","time":"2023-07-03T13:43:11Z"}
{"component":"GLOBAL","instance":"","level":"info","msg":"Listening on port 9150","time":"2023-07-03T13:43:11Z"}
{"component":"TESTBED","instance":"","level":"info","msg":"Create new test","time":"2023-07-03T13:43:19Z"}
{"component":"TESTBED","instance":"1","level":"info","msg":"Create volumes and containers...","time":"2023-07-03T13:43:19Z"}
{"component":"DOCKER","instance":"","level":"info","msg":"Create volume test_1_input_0_1688391799","time":"2023-07-03T13:43:19Z"}
{"component":"DOCKER","instance":"","level":"info","msg":"Create volume test_1_output_0_1688391799","time":"2023-07-03T13:43:19Z"}
{"component":"TESTBED","instance":"1","level":"info","msg":"Move data to workspace from /mnt/c/dev/multiplefactoranalysis/data/h1","time":"2023-07-03T13:43:19Z"}
{"component":"DOCKER","instance":"","level":"info","msg":"Move data to workspace","time":"2023-07-03T13:43:19Z"}
{"component":"DOCKER","instance":"","level":"info","msg":"Attach to internal network","time":"2023-07-03T13:43:19Z"}
{"component":"DOCKER","instance":"","level":"info","msg":"Remove application","time":"2023-07-03T13:43:21Z"}
{"component":"DOCKER","instance":"","level":"info","msg":"Intermediary container used for moving data from host to volume has been removed","time":"2023-07-03T13:43:22Z"}
{"component":"TESTBED","instance":"1","level":"info","msg":"Move generic data to input volume from /mnt/c/dev/multiplefactoranalysis/data/generic","time":"2023-07-03T13:43:22Z"}
{"component":"DOCKER","instance":"","level":"info","msg":"Move data to workspace","time":"2023-07-03T13:43:22Z"}
{"component":"DOCKER","instance":"","level":"info","msg":"Attach to internal network","time":"2023-07-03T13:43:22Z"}
{"component":"DOCKER","instance":"","level":"info","msg":"Remove application","time":"2023-07-03T13:43:23Z"}
{"component":"DOCKER","instance":"","level":"info","msg":"Intermediary container used for moving data from host to volume has been removed","time":"2023-07-03T13:43:24Z"}
{"component":"TESTBED","instance":"1","level":"info","msg":"Start application","time":"2023-07-03T13:43:24Z"}
{"component":"DOCKER","instance":"","level":"info","msg":"Attach to internal network","time":"2023-07-03T13:43:24Z"}
{"component":"TESTBED","instance":"1","level":"info","msg":"Append app to list","time":"2023-07-03T13:43:26Z"}
{"component":"TESTBED","instance":"1","level":"info","msg":"Link fc_featurecloudaifcmultiplefactoranalysis_874322119 with global socket server","time":"2023-07-03T13:43:26Z"}
{"component":"TESTBED","instance":"1","level":"info","msg":"Start local socket server","time":"2023-07-03T13:43:26Z"}
{"component":"TESTBED","instance":"1","level":"info","msg":"Link to global address","time":"2023-07-03T13:43:26Z"}
{"component":"GLOBAL","instance":"","level":"info","msg":"Registered new coordinator controller","time":"2023-07-03T13:43:26Z"}
{"component":"LOCAL","instance":"","level":"info","msg":"Received setup trigger","time":"2023-07-03T13:43:26Z"}
{"component":"LOCAL","instance":"","level":"error","msg":"Got error during setup to http://172.19.0.3:9000: Post \"http://172.19.0.3:9000/setup\": dial tcp 172.19.0.3:9000: connect: connection refused","time":"2023-07-03T13:43:26Z"}
{"component":"GLOBAL","instance":"","level":"info","msg":"Setup 423075a4e081bd2d2a1979eee7fbfa7e80af03e59479db8374c27c5626940b2f","time":"2023-07-03T13:43:27Z"}
{"component":"TESTBED","instance":"1","level":"info","msg":"Setup triggered","time":"2023-07-03T13:43:27Z"}
{"component":"TESTBED","instance":"1","level":"info","msg":"1 apps and server created and running","time":"2023-07-03T13:43:27Z"}
{"component":"LOCAL","instance":"","level":"info","msg":"http://172.19.0.3:9000/status: New data available","time":"2023-07-03T13:43:32Z"}
{"component":"LOCAL","instance":"","level":"info","msg":"Mode: plain","time":"2023-07-03T13:43:32Z"}
{"component":"LOCAL","instance":"","level":"debug","msg":"http://172.19.0.3:9000/data: Fetched 199 bytes","time":"2023-07-03T13:43:32Z"}
{"component":"GLOBAL","instance":"","level":"info","msg":"Coordinator (ID: 9f70d2372495c360) broadcasting 199 bytes","time":"2023-07-03T13:43:32Z"}
{"component":"LOCAL","instance":"","level":"info","msg":"http://172.19.0.3:9000/status: New data available","time":"2023-07-03T13:43:35Z"}
{"component":"LOCAL","instance":"","level":"info","msg":"Mode: plain","time":"2023-07-03T13:43:35Z"}
{"component":"LOCAL","instance":"","level":"debug","msg":"http://172.19.0.3:9000/data: Fetched 238 bytes","time":"2023-07-03T13:43:35Z"}
{"component":"GLOBAL","instance":"","level":"info","msg":"Coordinator (ID: 9f70d2372495c360) broadcasting 238 bytes","time":"2023-07-03T13:43:35Z"}
{"component":"LOCAL","instance":"","level":"info","msg":"http://172.19.0.3:9000/status: New data available","time":"2023-07-03T13:43:38Z"}
{"component":"LOCAL","instance":"","level":"info","msg":"Mode: plain","time":"2023-07-03T13:43:38Z"}
{"component":"LOCAL","instance":"","level":"debug","msg":"http://172.19.0.3:9000/data: Fetched 563 bytes","time":"2023-07-03T13:43:38Z"}
{"component":"LOCAL","instance":"","level":"info","msg":"http://172.19.0.3:9000/status: Finished","time":"2023-07-03T13:43:38Z"}
{"component":"GLOBAL","instance":"","level":"info","msg":"Coordinator (ID: 9f70d2372495c360) broadcasting 563 bytes","time":"2023-07-03T13:43:38Z"}
{"component":"GLOBAL","instance":"","level":"info","msg":"[GLOBAL] Participant (ID: 9f70d2372495c360) finished the current step","time":"2023-07-03T13:43:38Z"}
{"component":"LOCAL","instance":"","level":"info","msg":"Shutdown","time":"2023-07-03T13:43:39Z"}
{"component":"TESTBED","instance":"1","level":"info","msg":"Stopping test id: 1","time":"2023-07-03T13:43:39Z"}
{"component":"TESTBED","instance":"1","level":"info","msg":"Stopping container fc_featurecloudaifcmultiplefactoranalysis_874322119","time":"2023-07-03T13:43:39Z"}
{"component":"GLOBAL","instance":"","level":"error","msg":"Participant (ID: 9f70d2372495c360): relaying stopped due to: EOF","time":"2023-07-03T13:43:39Z"}
{"component":"DOCKER","instance":"","level":"info","msg":"Move data to host","time":"2023-07-03T13:43:39Z"}
{"component":"DOCKER","instance":"","level":"info","msg":"Attach to internal network","time":"2023-07-03T13:43:40Z"}
{"component":"DOCKER","instance":"","level":"info","msg":"Remove application","time":"2023-07-03T13:43:41Z"}
{"component":"DOCKER","instance":"","level":"debug","msg":"Intermediary container used for moving data from volume to host has been removed","time":"2023-07-03T13:43:42Z"}
{"component":"TESTBED","instance":"1","level":"info","msg":"Saved output volume content to /data/tests/results_test_1_client_0_fc_featurecloudaifcmultiplefactoranalysis_874322119.zip","time":"2023-07-03T13:43:42Z"}
{"component":"DOCKER","instance":"","level":"info","msg":"Remove volume test_1_output_0_1688391799","time":"2023-07-03T13:43:42Z"}
{"component":"TESTBED","instance":"1","level":"info","msg":"Deleted volume test_1_output_0_1688391799","time":"2023-07-03T13:43:42Z"}
{"component":"DOCKER","instance":"","level":"info","msg":"Remove volume test_1_input_0_1688391799","time":"2023-07-03T13:43:42Z"}
{"component":"TESTBED","instance":"1","level":"info","msg":"Deleted volume test_1_input_0_1688391799","time":"2023-07-03T13:43:42Z"}
