{"component":"MAIN","instance":"","level":"info","msg":"Controller start","time":"2023-07-01T09:16:24Z"}
{"component":"MAIN","instance":"","level":"info","msg":"Mode: Dockerized (isolated)","time":"2023-07-01T09:16:24Z"}
{"component":"MAIN","instance":"","level":"info","msg":"Configuration value 'HasGPU': false","time":"2023-07-01T09:16:24Z"}
{"component":"DOCKER","instance":"","level":"info","msg":"Removing leftover Docker entities for label: fc-controller-label","time":"2023-07-01T09:16:24Z"}
{"component":"DOCKER","instance":"","level":"info","msg":"Removed 0 of 0 leftover containers","time":"2023-07-01T09:16:24Z"}
{"component":"DOCKER","instance":"","level":"info","msg":"Removed 0 of 1 leftover volumes","time":"2023-07-01T09:16:24Z"}
{"component":"DOCKER","instance":"","level":"info","msg":"Removed 1 of 1 leftover networks","time":"2023-07-01T09:16:24Z"}
{"component":"GLOBAL","instance":"","level":"info","msg":"Listening on port 9151","time":"2023-07-01T09:16:24Z"}
{"component":"GLOBAL","instance":"","level":"info","msg":"Listening on port 9150","time":"2023-07-01T09:16:24Z"}
{"component":"TESTBED","instance":"","level":"info","msg":"Create new test","time":"2023-07-01T09:16:37Z"}
{"component":"TESTBED","instance":"1","level":"info","msg":"Create volumes and containers...","time":"2023-07-01T09:16:37Z"}
{"component":"DOCKER","instance":"","level":"info","msg":"Create volume test_1_input_0_1688202997","time":"2023-07-01T09:16:37Z"}
{"component":"DOCKER","instance":"","level":"info","msg":"Create volume test_1_output_0_1688202997","time":"2023-07-01T09:16:37Z"}
{"component":"TESTBED","instance":"1","level":"info","msg":"Move data to workspace from /mnt/c/dev/multiplefactoranalysis/data/h1","time":"2023-07-01T09:16:37Z"}
{"component":"DOCKER","instance":"","level":"info","msg":"Move data to workspace","time":"2023-07-01T09:16:37Z"}
{"component":"DOCKER","instance":"","level":"info","msg":"Attach to internal network","time":"2023-07-01T09:16:37Z"}
{"component":"DOCKER","instance":"","level":"info","msg":"Remove application","time":"2023-07-01T09:16:39Z"}
{"component":"DOCKER","instance":"","level":"info","msg":"Intermediary container used for moving data from host to volume has been removed","time":"2023-07-01T09:16:40Z"}
{"component":"TESTBED","instance":"1","level":"info","msg":"Move generic data to input volume from /mnt/c/dev/multiplefactoranalysis/data/generic","time":"2023-07-01T09:16:40Z"}
{"component":"DOCKER","instance":"","level":"info","msg":"Move data to workspace","time":"2023-07-01T09:16:40Z"}
{"component":"DOCKER","instance":"","level":"info","msg":"Attach to internal network","time":"2023-07-01T09:16:41Z"}
{"component":"DOCKER","instance":"","level":"info","msg":"Remove application","time":"2023-07-01T09:16:42Z"}
{"component":"DOCKER","instance":"","level":"info","msg":"Intermediary container used for moving data from host to volume has been removed","time":"2023-07-01T09:16:43Z"}
{"component":"TESTBED","instance":"1","level":"info","msg":"Start application","time":"2023-07-01T09:16:43Z"}
{"component":"DOCKER","instance":"","level":"info","msg":"Attach to internal network","time":"2023-07-01T09:16:43Z"}
{"component":"TESTBED","instance":"1","level":"info","msg":"Append app to list","time":"2023-07-01T09:16:45Z"}
{"component":"DOCKER","instance":"","level":"info","msg":"Create volume test_1_input_1_1688203005","time":"2023-07-01T09:16:45Z"}
{"component":"DOCKER","instance":"","level":"info","msg":"Create volume test_1_output_1_1688203005","time":"2023-07-01T09:16:45Z"}
{"component":"TESTBED","instance":"1","level":"info","msg":"Move data to workspace from /mnt/c/dev/multiplefactoranalysis/data/h2","time":"2023-07-01T09:16:45Z"}
{"component":"DOCKER","instance":"","level":"info","msg":"Move data to workspace","time":"2023-07-01T09:16:45Z"}
{"component":"DOCKER","instance":"","level":"info","msg":"Attach to internal network","time":"2023-07-01T09:16:46Z"}
{"component":"DOCKER","instance":"","level":"info","msg":"Remove application","time":"2023-07-01T09:16:47Z"}
{"component":"DOCKER","instance":"","level":"info","msg":"Intermediary container used for moving data from host to volume has been removed","time":"2023-07-01T09:16:48Z"}
{"component":"TESTBED","instance":"1","level":"info","msg":"Move generic data to input volume from /mnt/c/dev/multiplefactoranalysis/data/generic","time":"2023-07-01T09:16:48Z"}
{"component":"DOCKER","instance":"","level":"info","msg":"Move data to workspace","time":"2023-07-01T09:16:48Z"}
{"component":"DOCKER","instance":"","level":"info","msg":"Attach to internal network","time":"2023-07-01T09:16:49Z"}
{"component":"DOCKER","instance":"","level":"info","msg":"Remove application","time":"2023-07-01T09:16:51Z"}
{"component":"DOCKER","instance":"","level":"info","msg":"Intermediary container used for moving data from host to volume has been removed","time":"2023-07-01T09:16:52Z"}
{"component":"TESTBED","instance":"1","level":"info","msg":"Start application","time":"2023-07-01T09:16:52Z"}
{"component":"DOCKER","instance":"","level":"info","msg":"Attach to internal network","time":"2023-07-01T09:16:52Z"}
{"component":"TESTBED","instance":"1","level":"info","msg":"Append app to list","time":"2023-07-01T09:16:54Z"}
{"component":"TESTBED","instance":"1","level":"info","msg":"Link fc_featurecloudaifcmultiplefactoranalysis_824554169 with global socket server","time":"2023-07-01T09:16:54Z"}
{"component":"TESTBED","instance":"1","level":"info","msg":"Link fc_featurecloudaifcmultiplefactoranalysis_260625432 with global socket server","time":"2023-07-01T09:16:54Z"}
{"component":"TESTBED","instance":"1","level":"info","msg":"Start local socket server","time":"2023-07-01T09:16:54Z"}
{"component":"TESTBED","instance":"1","level":"info","msg":"Start local socket server","time":"2023-07-01T09:16:54Z"}
{"component":"TESTBED","instance":"1","level":"info","msg":"Link to global address","time":"2023-07-01T09:16:54Z"}
{"component":"TESTBED","instance":"1","level":"info","msg":"Link to global address","time":"2023-07-01T09:16:54Z"}
{"component":"GLOBAL","instance":"","level":"info","msg":"Registered new participant controller","time":"2023-07-01T09:16:54Z"}
{"component":"GLOBAL","instance":"","level":"info","msg":"Registered new coordinator controller","time":"2023-07-01T09:16:54Z"}
{"component":"LOCAL","instance":"","level":"info","msg":"Received setup trigger","time":"2023-07-01T09:16:54Z"}
{"component":"LOCAL","instance":"","level":"info","msg":"Received setup trigger","time":"2023-07-01T09:16:54Z"}
{"component":"LOCAL","instance":"","level":"error","msg":"Got error during setup to http://172.21.0.4:9000: Post \"http://172.21.0.4:9000/setup\": dial tcp 172.21.0.4:9000: connect: connection refused","time":"2023-07-01T09:16:54Z"}
{"component":"LOCAL","instance":"","level":"error","msg":"Got error code during setup: 502","time":"2023-07-01T09:16:54Z"}
{"component":"GLOBAL","instance":"","level":"info","msg":"Setup 1d8e1346001d1fede6140afdccb5b78b24e5c91def0df02d75508243867112a0","time":"2023-07-01T09:16:55Z"}
{"component":"TESTBED","instance":"1","level":"info","msg":"Setup triggered","time":"2023-07-01T09:16:55Z"}
{"component":"TESTBED","instance":"1","level":"info","msg":"2 apps and server created and running","time":"2023-07-01T09:16:55Z"}
{"component":"LOCAL","instance":"","level":"error","msg":"Got error code during setup: 502","time":"2023-07-01T09:16:56Z"}
{"component":"LOCAL","instance":"","level":"error","msg":"Got error code during setup: 502","time":"2023-07-01T09:16:56Z"}
{"component":"LOCAL","instance":"","level":"error","msg":"Got error code during setup: 502","time":"2023-07-01T09:17:00Z"}
{"component":"LOCAL","instance":"","level":"error","msg":"Got error code during setup: 502","time":"2023-07-01T09:17:00Z"}
{"component":"LOCAL","instance":"","level":"error","msg":"Got error code during setup: 502","time":"2023-07-01T09:17:08Z"}
{"component":"LOCAL","instance":"","level":"error","msg":"Got error code during setup: 502","time":"2023-07-01T09:17:08Z"}
{"component":"LOCAL","instance":"","level":"error","msg":"Got error code during setup: 502","time":"2023-07-01T09:17:24Z"}
{"component":"LOCAL","instance":"","level":"error","msg":"Got error code during setup: 502","time":"2023-07-01T09:17:24Z"}
{"component":"LOCAL","instance":"","level":"error","msg":"Got error code during setup: 502","time":"2023-07-01T09:17:56Z"}
{"component":"TESTBED","instance":"1","level":"error","msg":"failed to setup, maybe the container got stuck during startup","time":"2023-07-01T09:17:56Z"}
{"component":"LOCAL","instance":"","level":"error","msg":"Got error code during setup: 502","time":"2023-07-01T09:17:56Z"}
{"component":"TESTBED","instance":"1","level":"error","msg":"failed to setup, maybe the container got stuck during startup","time":"2023-07-01T09:17:56Z"}
{"component":"LOCAL","instance":"","level":"info","msg":"Shutdown","time":"2023-07-01T09:17:56Z"}
{"component":"LOCAL","instance":"","level":"info","msg":"Shutdown","time":"2023-07-01T09:17:56Z"}
{"component":"TESTBED","instance":"1","level":"info","msg":"Stopping test id: 1","time":"2023-07-01T09:17:56Z"}
{"component":"TESTBED","instance":"1","level":"info","msg":"Stopping container fc_featurecloudaifcmultiplefactoranalysis_824554169","time":"2023-07-01T09:17:56Z"}
{"component":"GLOBAL","instance":"","level":"error","msg":"Participant (ID: ad76d75a8fa6fb3e): relaying stopped due to: read tcp 127.0.0.1:9150-\u003e127.0.0.1:33366: read: connection reset by peer","time":"2023-07-01T09:17:56Z"}
{"component":"GLOBAL","instance":"","level":"error","msg":"Participant (ID: 13874816c4931f5f): relaying stopped due to: read tcp 127.0.0.1:9150-\u003e127.0.0.1:33364: read: connection reset by peer","time":"2023-07-01T09:17:56Z"}
{"component":"DOCKER","instance":"","level":"info","msg":"Move data to host","time":"2023-07-01T09:17:56Z"}
{"component":"DOCKER","instance":"","level":"info","msg":"Attach to internal network","time":"2023-07-01T09:17:56Z"}
{"component":"DOCKER","instance":"","level":"info","msg":"Remove application","time":"2023-07-01T09:17:58Z"}
{"component":"DOCKER","instance":"","level":"debug","msg":"Intermediary container used for moving data from volume to host has been removed","time":"2023-07-01T09:17:59Z"}
{"component":"TESTBED","instance":"1","level":"info","msg":"Saved output volume content to /data/tests/results_test_1_client_0_fc_featurecloudaifcmultiplefactoranalysis_824554169.zip","time":"2023-07-01T09:17:59Z"}
{"component":"DOCKER","instance":"","level":"info","msg":"Remove volume test_1_output_0_1688202997","time":"2023-07-01T09:17:59Z"}
{"component":"TESTBED","instance":"1","level":"info","msg":"Deleted volume test_1_output_0_1688202997","time":"2023-07-01T09:17:59Z"}
{"component":"DOCKER","instance":"","level":"info","msg":"Remove volume test_1_input_0_1688202997","time":"2023-07-01T09:17:59Z"}
{"component":"TESTBED","instance":"1","level":"info","msg":"Deleted volume test_1_input_0_1688202997","time":"2023-07-01T09:17:59Z"}
{"component":"TESTBED","instance":"1","level":"info","msg":"Stopping container fc_featurecloudaifcmultiplefactoranalysis_260625432","time":"2023-07-01T09:17:59Z"}
{"component":"DOCKER","instance":"","level":"info","msg":"Move data to host","time":"2023-07-01T09:17:59Z"}
{"component":"DOCKER","instance":"","level":"info","msg":"Attach to internal network","time":"2023-07-01T09:18:00Z"}
{"component":"DOCKER","instance":"","level":"info","msg":"Remove application","time":"2023-07-01T09:18:01Z"}
{"component":"DOCKER","instance":"","level":"debug","msg":"Intermediary container used for moving data from volume to host has been removed","time":"2023-07-01T09:18:02Z"}
{"component":"TESTBED","instance":"1","level":"info","msg":"Saved output volume content to /data/tests/results_test_1_client_1_fc_featurecloudaifcmultiplefactoranalysis_260625432.zip","time":"2023-07-01T09:18:02Z"}
{"component":"DOCKER","instance":"","level":"info","msg":"Remove volume test_1_output_1_1688203005","time":"2023-07-01T09:18:02Z"}
{"component":"TESTBED","instance":"1","level":"info","msg":"Deleted volume test_1_output_1_1688203005","time":"2023-07-01T09:18:02Z"}
{"component":"DOCKER","instance":"","level":"info","msg":"Remove volume test_1_input_1_1688203005","time":"2023-07-01T09:18:02Z"}
{"component":"TESTBED","instance":"1","level":"info","msg":"Deleted volume test_1_input_1_1688203005","time":"2023-07-01T09:18:02Z"}
