{"component":"MAIN","instance":"","level":"info","msg":"Controller start","time":"2023-06-28T08:22:40Z"}
{"component":"MAIN","instance":"","level":"info","msg":"Mode: Dockerized (isolated)","time":"2023-06-28T08:22:40Z"}
{"component":"MAIN","instance":"","level":"info","msg":"Configuration value 'HasGPU': false","time":"2023-06-28T08:22:40Z"}
{"component":"DOCKER","instance":"","level":"info","msg":"Removing leftover Docker entities for label: fc-controller-label","time":"2023-06-28T08:22:40Z"}
{"component":"DOCKER","instance":"","level":"info","msg":"Removed 0 of 0 leftover containers","time":"2023-06-28T08:22:40Z"}
{"component":"DOCKER","instance":"","level":"info","msg":"Removed 0 of 0 leftover volumes","time":"2023-06-28T08:22:40Z"}
{"component":"DOCKER","instance":"","level":"info","msg":"Removed 1 of 1 leftover networks","time":"2023-06-28T08:22:40Z"}
{"component":"GLOBAL","instance":"","level":"info","msg":"Listening on port 9151","time":"2023-06-28T08:22:40Z"}
{"component":"GLOBAL","instance":"","level":"info","msg":"Listening on port 9150","time":"2023-06-28T08:22:40Z"}
{"component":"HTTP","instance":"","level":"debug","msg":"Set site received","time":"2023-06-28T08:22:54Z"}
{"component":"TESTBED","instance":"","level":"info","msg":"Create new test","time":"2023-06-28T08:22:59Z"}
{"component":"TESTBED","instance":"1","level":"info","msg":"Create volumes and containers...","time":"2023-06-28T08:22:59Z"}
{"component":"DOCKER","instance":"","level":"info","msg":"Create volume test_1_input_0_1687940579","time":"2023-06-28T08:22:59Z"}
{"component":"DOCKER","instance":"","level":"info","msg":"Create volume test_1_output_0_1687940579","time":"2023-06-28T08:22:59Z"}
{"component":"TESTBED","instance":"1","level":"info","msg":"Move data to workspace from /mnt/c/dev/multiplefactoranalysis/data/h1","time":"2023-06-28T08:22:59Z"}
{"component":"DOCKER","instance":"","level":"info","msg":"Move data to workspace","time":"2023-06-28T08:22:59Z"}
{"component":"DOCKER","instance":"","level":"info","msg":"Attach to internal network","time":"2023-06-28T08:22:59Z"}
{"component":"DOCKER","instance":"","level":"info","msg":"Remove application","time":"2023-06-28T08:23:01Z"}
{"component":"DOCKER","instance":"","level":"info","msg":"Intermediary container used for moving data from host to volume has been removed","time":"2023-06-28T08:23:02Z"}
{"component":"TESTBED","instance":"1","level":"info","msg":"Move generic data to input volume from /mnt/c/dev/multiplefactoranalysis/data/generic","time":"2023-06-28T08:23:02Z"}
{"component":"DOCKER","instance":"","level":"info","msg":"Move data to workspace","time":"2023-06-28T08:23:02Z"}
{"component":"DOCKER","instance":"","level":"info","msg":"Attach to internal network","time":"2023-06-28T08:23:02Z"}
{"component":"DOCKER","instance":"","level":"info","msg":"Remove application","time":"2023-06-28T08:23:04Z"}
{"component":"DOCKER","instance":"","level":"info","msg":"Intermediary container used for moving data from host to volume has been removed","time":"2023-06-28T08:23:05Z"}
{"component":"TESTBED","instance":"1","level":"info","msg":"Start application","time":"2023-06-28T08:23:05Z"}
{"component":"DOCKER","instance":"","level":"info","msg":"Attach to internal network","time":"2023-06-28T08:23:05Z"}
{"component":"TESTBED","instance":"1","level":"info","msg":"Append app to list","time":"2023-06-28T08:23:06Z"}
{"component":"DOCKER","instance":"","level":"info","msg":"Create volume test_1_input_1_1687940586","time":"2023-06-28T08:23:06Z"}
{"component":"DOCKER","instance":"","level":"info","msg":"Create volume test_1_output_1_1687940586","time":"2023-06-28T08:23:06Z"}
{"component":"TESTBED","instance":"1","level":"info","msg":"Move data to workspace from /mnt/c/dev/multiplefactoranalysis/data/h2","time":"2023-06-28T08:23:06Z"}
{"component":"DOCKER","instance":"","level":"info","msg":"Move data to workspace","time":"2023-06-28T08:23:06Z"}
{"component":"DOCKER","instance":"","level":"info","msg":"Attach to internal network","time":"2023-06-28T08:23:07Z"}
{"component":"DOCKER","instance":"","level":"info","msg":"Remove application","time":"2023-06-28T08:23:08Z"}
{"component":"DOCKER","instance":"","level":"info","msg":"Intermediary container used for moving data from host to volume has been removed","time":"2023-06-28T08:23:09Z"}
{"component":"TESTBED","instance":"1","level":"info","msg":"Move generic data to input volume from /mnt/c/dev/multiplefactoranalysis/data/generic","time":"2023-06-28T08:23:09Z"}
{"component":"DOCKER","instance":"","level":"info","msg":"Move data to workspace","time":"2023-06-28T08:23:09Z"}
{"component":"DOCKER","instance":"","level":"info","msg":"Attach to internal network","time":"2023-06-28T08:23:10Z"}
{"component":"DOCKER","instance":"","level":"info","msg":"Remove application","time":"2023-06-28T08:23:11Z"}
{"component":"DOCKER","instance":"","level":"info","msg":"Intermediary container used for moving data from host to volume has been removed","time":"2023-06-28T08:23:12Z"}
{"component":"TESTBED","instance":"1","level":"info","msg":"Start application","time":"2023-06-28T08:23:12Z"}
{"component":"DOCKER","instance":"","level":"info","msg":"Attach to internal network","time":"2023-06-28T08:23:12Z"}
{"component":"TESTBED","instance":"1","level":"info","msg":"Append app to list","time":"2023-06-28T08:23:14Z"}
{"component":"TESTBED","instance":"1","level":"info","msg":"Link fc_featurecloudaifcmultiplefactoranalysis_304764567 with global socket server","time":"2023-06-28T08:23:14Z"}
{"component":"TESTBED","instance":"1","level":"info","msg":"Link fc_featurecloudaifcmultiplefactoranalysis_705798196 with global socket server","time":"2023-06-28T08:23:14Z"}
{"component":"TESTBED","instance":"1","level":"info","msg":"Start local socket server","time":"2023-06-28T08:23:14Z"}
{"component":"TESTBED","instance":"1","level":"info","msg":"Start local socket server","time":"2023-06-28T08:23:14Z"}
{"component":"TESTBED","instance":"1","level":"info","msg":"Link to global address","time":"2023-06-28T08:23:14Z"}
{"component":"GLOBAL","instance":"","level":"info","msg":"Registered new participant controller","time":"2023-06-28T08:23:14Z"}
{"component":"TESTBED","instance":"1","level":"info","msg":"Link to global address","time":"2023-06-28T08:23:14Z"}
{"component":"GLOBAL","instance":"","level":"info","msg":"Registered new coordinator controller","time":"2023-06-28T08:23:14Z"}
{"component":"LOCAL","instance":"","level":"info","msg":"Received setup trigger","time":"2023-06-28T08:23:14Z"}
{"component":"LOCAL","instance":"","level":"info","msg":"Received setup trigger","time":"2023-06-28T08:23:14Z"}
{"component":"LOCAL","instance":"","level":"error","msg":"Got error during setup to http://192.168.208.4:9000: Post \"http://192.168.208.4:9000/setup\": dial tcp 192.168.208.4:9000: connect: connection refused","time":"2023-06-28T08:23:14Z"}
{"component":"GLOBAL","instance":"","level":"info","msg":"Setup c1e0754c71d2fd6e5d31f3ea4dbe8e4660cc961e9051f4cfea8135adc65cdfd3","time":"2023-06-28T08:23:15Z"}
{"component":"TESTBED","instance":"1","level":"info","msg":"Setup triggered","time":"2023-06-28T08:23:15Z"}
{"component":"TESTBED","instance":"1","level":"info","msg":"2 apps and server created and running","time":"2023-06-28T08:23:15Z"}
{"component":"LOCAL","instance":"","level":"info","msg":"http://192.168.208.4:9000/status: New data available","time":"2023-06-28T08:23:20Z"}
{"component":"LOCAL","instance":"","level":"info","msg":"Mode: plain","time":"2023-06-28T08:23:20Z"}
{"component":"LOCAL","instance":"","level":"debug","msg":"http://192.168.208.4:9000/data: Fetched 14314 bytes","time":"2023-06-28T08:23:20Z"}
{"component":"GLOBAL","instance":"","level":"info","msg":"[GLOBAL] Participant (ID: 3e076a80cda24b49) sending 14314 bytes to Coordinator","time":"2023-06-28T08:23:20Z"}
{"component":"LOCAL","instance":"","level":"info","msg":"received 14314 bytes from Client 3e076a80cda24b49","time":"2023-06-28T08:23:20Z"}
{"component":"LOCAL","instance":"","level":"info","msg":"POST to http://192.168.208.3:9000/data?client=3e076a80cda24b49 [Try 1/3]","time":"2023-06-28T08:23:20Z"}
{"component":"LOCAL","instance":"","level":"info","msg":"http://192.168.208.3:9000/status: New data available","time":"2023-06-28T08:23:21Z"}
{"component":"LOCAL","instance":"","level":"info","msg":"Mode: plain","time":"2023-06-28T08:23:21Z"}
{"component":"LOCAL","instance":"","level":"debug","msg":"http://192.168.208.3:9000/data: Fetched 7287 bytes","time":"2023-06-28T08:23:21Z"}
{"component":"GLOBAL","instance":"","level":"info","msg":"Coordinator (ID: f6e8c01929e4f453) broadcasting 7287 bytes","time":"2023-06-28T08:23:21Z"}
{"component":"LOCAL","instance":"","level":"info","msg":"received 7287 bytes from Client f6e8c01929e4f453","time":"2023-06-28T08:23:21Z"}
{"component":"LOCAL","instance":"","level":"info","msg":"POST to http://192.168.208.4:9000/data?client=f6e8c01929e4f453 [Try 1/3]","time":"2023-06-28T08:23:21Z"}
{"component":"LOCAL","instance":"","level":"info","msg":"http://192.168.208.4:9000/status: New data available","time":"2023-06-28T08:23:23Z"}
{"component":"LOCAL","instance":"","level":"info","msg":"Mode: plain","time":"2023-06-28T08:23:23Z"}
{"component":"LOCAL","instance":"","level":"debug","msg":"http://192.168.208.4:9000/data: Fetched 6979 bytes","time":"2023-06-28T08:23:23Z"}
{"component":"GLOBAL","instance":"","level":"info","msg":"[GLOBAL] Participant (ID: 3e076a80cda24b49) sending 6979 bytes to Coordinator","time":"2023-06-28T08:23:23Z"}
{"component":"LOCAL","instance":"","level":"info","msg":"received 6979 bytes from Client 3e076a80cda24b49","time":"2023-06-28T08:23:23Z"}
{"component":"LOCAL","instance":"","level":"info","msg":"POST to http://192.168.208.3:9000/data?client=3e076a80cda24b49 [Try 1/3]","time":"2023-06-28T08:23:23Z"}
{"component":"LOCAL","instance":"","level":"info","msg":"http://192.168.208.3:9000/status: New data available","time":"2023-06-28T08:23:24Z"}
{"component":"LOCAL","instance":"","level":"info","msg":"Mode: plain","time":"2023-06-28T08:23:24Z"}
{"component":"LOCAL","instance":"","level":"debug","msg":"http://192.168.208.3:9000/data: Fetched 6991 bytes","time":"2023-06-28T08:23:24Z"}
{"component":"GLOBAL","instance":"","level":"info","msg":"Coordinator (ID: f6e8c01929e4f453) broadcasting 6991 bytes","time":"2023-06-28T08:23:24Z"}
{"component":"LOCAL","instance":"","level":"info","msg":"received 6991 bytes from Client f6e8c01929e4f453","time":"2023-06-28T08:23:24Z"}
{"component":"LOCAL","instance":"","level":"info","msg":"POST to http://192.168.208.4:9000/data?client=f6e8c01929e4f453 [Try 1/3]","time":"2023-06-28T08:23:24Z"}
{"component":"LOCAL","instance":"","level":"info","msg":"http://192.168.208.4:9000/status: New data available","time":"2023-06-28T08:23:26Z"}
{"component":"LOCAL","instance":"","level":"info","msg":"Mode: plain","time":"2023-06-28T08:23:26Z"}
{"component":"LOCAL","instance":"","level":"debug","msg":"http://192.168.208.4:9000/data: Fetched 6966 bytes","time":"2023-06-28T08:23:26Z"}
{"component":"GLOBAL","instance":"","level":"info","msg":"[GLOBAL] Participant (ID: 3e076a80cda24b49) sending 6966 bytes to Coordinator","time":"2023-06-28T08:23:26Z"}
{"component":"LOCAL","instance":"","level":"info","msg":"received 6966 bytes from Client 3e076a80cda24b49","time":"2023-06-28T08:23:26Z"}
{"component":"LOCAL","instance":"","level":"info","msg":"POST to http://192.168.208.3:9000/data?client=3e076a80cda24b49 [Try 1/3]","time":"2023-06-28T08:23:26Z"}
{"component":"LOCAL","instance":"","level":"info","msg":"http://192.168.208.3:9000/status: New data available","time":"2023-06-28T08:23:27Z"}
{"component":"LOCAL","instance":"","level":"info","msg":"Mode: plain","time":"2023-06-28T08:23:27Z"}
{"component":"LOCAL","instance":"","level":"debug","msg":"http://192.168.208.3:9000/data: Fetched 20165 bytes","time":"2023-06-28T08:23:27Z"}
{"component":"GLOBAL","instance":"","level":"info","msg":"Coordinator (ID: f6e8c01929e4f453) broadcasting 20165 bytes","time":"2023-06-28T08:23:27Z"}
{"component":"LOCAL","instance":"","level":"info","msg":"received 20165 bytes from Client f6e8c01929e4f453","time":"2023-06-28T08:23:27Z"}
{"component":"LOCAL","instance":"","level":"info","msg":"POST to http://192.168.208.4:9000/data?client=f6e8c01929e4f453 [Try 1/3]","time":"2023-06-28T08:23:27Z"}
{"component":"LOCAL","instance":"","level":"info","msg":"http://192.168.208.4:9000/status: Finished","time":"2023-06-28T08:23:29Z"}
{"component":"GLOBAL","instance":"","level":"info","msg":"[GLOBAL] Participant (ID: 3e076a80cda24b49) finished the current step","time":"2023-06-28T08:23:29Z"}
{"component":"LOCAL","instance":"","level":"info","msg":"Shutdown","time":"2023-06-28T08:23:30Z"}
{"component":"LOCAL","instance":"","level":"info","msg":"Shutdown","time":"2023-06-28T08:23:30Z"}
{"component":"GLOBAL","instance":"","level":"error","msg":"Participant (ID: 3e076a80cda24b49): relaying stopped due to: EOF","time":"2023-06-28T08:23:30Z"}
{"component":"TESTBED","instance":"1","level":"info","msg":"Stopping test id: 1","time":"2023-06-28T08:23:30Z"}
{"component":"GLOBAL","instance":"","level":"error","msg":"Participant (ID: f6e8c01929e4f453): relaying stopped due to: EOF","time":"2023-06-28T08:23:30Z"}
{"component":"TESTBED","instance":"1","level":"info","msg":"Stopping container fc_featurecloudaifcmultiplefactoranalysis_304764567","time":"2023-06-28T08:23:30Z"}
{"component":"DOCKER","instance":"","level":"info","msg":"Move data to host","time":"2023-06-28T08:23:30Z"}
{"component":"DOCKER","instance":"","level":"info","msg":"Attach to internal network","time":"2023-06-28T08:23:31Z"}
{"component":"DOCKER","instance":"","level":"info","msg":"Remove application","time":"2023-06-28T08:23:32Z"}
{"component":"DOCKER","instance":"","level":"debug","msg":"Intermediary container used for moving data from volume to host has been removed","time":"2023-06-28T08:23:33Z"}
{"component":"TESTBED","instance":"1","level":"info","msg":"Saved output volume content to /data/tests/results_test_1_client_0_fc_featurecloudaifcmultiplefactoranalysis_304764567.zip","time":"2023-06-28T08:23:34Z"}
{"component":"DOCKER","instance":"","level":"info","msg":"Remove volume test_1_output_0_1687940579","time":"2023-06-28T08:23:34Z"}
{"component":"TESTBED","instance":"1","level":"info","msg":"Deleted volume test_1_output_0_1687940579","time":"2023-06-28T08:23:34Z"}
{"component":"DOCKER","instance":"","level":"info","msg":"Remove volume test_1_input_0_1687940579","time":"2023-06-28T08:23:34Z"}
{"component":"TESTBED","instance":"1","level":"info","msg":"Deleted volume test_1_input_0_1687940579","time":"2023-06-28T08:23:34Z"}
{"component":"TESTBED","instance":"1","level":"info","msg":"Stopping container fc_featurecloudaifcmultiplefactoranalysis_705798196","time":"2023-06-28T08:23:34Z"}
{"component":"DOCKER","instance":"","level":"info","msg":"Move data to host","time":"2023-06-28T08:23:34Z"}
{"component":"DOCKER","instance":"","level":"info","msg":"Attach to internal network","time":"2023-06-28T08:23:35Z"}
{"component":"DOCKER","instance":"","level":"error","msg":"Error: No such container: 268bf36d6a8168c6a9085d4d9693ca8f8134c2796c15d7be5a0ea026ebd9b76c","time":"2023-06-28T08:23:36Z"}
{"component":"DOCKER","instance":"","level":"info","msg":"Remove application","time":"2023-06-28T08:23:36Z"}
{"component":"DOCKER","instance":"","level":"debug","msg":"Intermediary container used for moving data from volume to host has been removed","time":"2023-06-28T08:23:37Z"}
{"component":"TESTBED","instance":"1","level":"info","msg":"Saved output volume content to /data/tests/results_test_1_client_1_fc_featurecloudaifcmultiplefactoranalysis_705798196.zip","time":"2023-06-28T08:23:37Z"}
{"component":"DOCKER","instance":"","level":"info","msg":"Remove volume test_1_output_1_1687940586","time":"2023-06-28T08:23:37Z"}
{"component":"TESTBED","instance":"1","level":"info","msg":"Deleted volume test_1_output_1_1687940586","time":"2023-06-28T08:23:37Z"}
{"component":"DOCKER","instance":"","level":"info","msg":"Remove volume test_1_input_1_1687940586","time":"2023-06-28T08:23:37Z"}
{"component":"TESTBED","instance":"1","level":"info","msg":"Deleted volume test_1_input_1_1687940586","time":"2023-06-28T08:23:37Z"}
{"component":"TESTBED","instance":"","level":"info","msg":"Create new test","time":"2023-06-28T08:24:45Z"}
{"component":"TESTBED","instance":"2","level":"info","msg":"Create volumes and containers...","time":"2023-06-28T08:24:45Z"}
{"component":"DOCKER","instance":"","level":"info","msg":"Create volume test_2_input_0_1687940685","time":"2023-06-28T08:24:45Z"}
{"component":"DOCKER","instance":"","level":"info","msg":"Create volume test_2_output_0_1687940685","time":"2023-06-28T08:24:45Z"}
{"component":"TESTBED","instance":"2","level":"info","msg":"Move data to workspace from /mnt/c/dev/multiplefactoranalysis/data/h1","time":"2023-06-28T08:24:45Z"}
{"component":"DOCKER","instance":"","level":"info","msg":"Move data to workspace","time":"2023-06-28T08:24:45Z"}
{"component":"DOCKER","instance":"","level":"info","msg":"Attach to internal network","time":"2023-06-28T08:24:46Z"}
{"component":"DOCKER","instance":"","level":"info","msg":"Remove application","time":"2023-06-28T08:24:48Z"}
{"component":"DOCKER","instance":"","level":"info","msg":"Intermediary container used for moving data from host to volume has been removed","time":"2023-06-28T08:24:49Z"}
{"component":"TESTBED","instance":"2","level":"info","msg":"Move generic data to input volume from /mnt/c/dev/multiplefactoranalysis/data/generic","time":"2023-06-28T08:24:49Z"}
{"component":"DOCKER","instance":"","level":"info","msg":"Move data to workspace","time":"2023-06-28T08:24:49Z"}
{"component":"DOCKER","instance":"","level":"info","msg":"Attach to internal network","time":"2023-06-28T08:24:49Z"}
{"component":"DOCKER","instance":"","level":"info","msg":"Remove application","time":"2023-06-28T08:24:51Z"}
{"component":"DOCKER","instance":"","level":"info","msg":"Intermediary container used for moving data from host to volume has been removed","time":"2023-06-28T08:24:52Z"}
{"component":"TESTBED","instance":"2","level":"info","msg":"Start application","time":"2023-06-28T08:24:52Z"}
{"component":"DOCKER","instance":"","level":"info","msg":"Attach to internal network","time":"2023-06-28T08:24:52Z"}
{"component":"TESTBED","instance":"2","level":"info","msg":"Append app to list","time":"2023-06-28T08:24:54Z"}
{"component":"DOCKER","instance":"","level":"info","msg":"Create volume test_2_input_1_1687940694","time":"2023-06-28T08:24:54Z"}
{"component":"DOCKER","instance":"","level":"info","msg":"Create volume test_2_output_1_1687940694","time":"2023-06-28T08:24:54Z"}
{"component":"TESTBED","instance":"2","level":"info","msg":"Move data to workspace from /mnt/c/dev/multiplefactoranalysis/data/h2","time":"2023-06-28T08:24:54Z"}
{"component":"DOCKER","instance":"","level":"info","msg":"Move data to workspace","time":"2023-06-28T08:24:54Z"}
{"component":"DOCKER","instance":"","level":"info","msg":"Attach to internal network","time":"2023-06-28T08:24:54Z"}
{"component":"DOCKER","instance":"","level":"info","msg":"Remove application","time":"2023-06-28T08:24:56Z"}
{"component":"DOCKER","instance":"","level":"info","msg":"Intermediary container used for moving data from host to volume has been removed","time":"2023-06-28T08:24:57Z"}
{"component":"TESTBED","instance":"2","level":"info","msg":"Move generic data to input volume from /mnt/c/dev/multiplefactoranalysis/data/generic","time":"2023-06-28T08:24:57Z"}
{"component":"DOCKER","instance":"","level":"info","msg":"Move data to workspace","time":"2023-06-28T08:24:57Z"}
{"component":"DOCKER","instance":"","level":"info","msg":"Attach to internal network","time":"2023-06-28T08:24:57Z"}
{"component":"DOCKER","instance":"","level":"info","msg":"Remove application","time":"2023-06-28T08:24:59Z"}
{"component":"DOCKER","instance":"","level":"info","msg":"Intermediary container used for moving data from host to volume has been removed","time":"2023-06-28T08:25:00Z"}
{"component":"TESTBED","instance":"2","level":"info","msg":"Start application","time":"2023-06-28T08:25:00Z"}
{"component":"DOCKER","instance":"","level":"info","msg":"Attach to internal network","time":"2023-06-28T08:25:00Z"}
{"component":"TESTBED","instance":"2","level":"info","msg":"Append app to list","time":"2023-06-28T08:25:01Z"}
{"component":"TESTBED","instance":"2","level":"info","msg":"Link fc_featurecloudaifcmultiplefactoranalysis_420490443 with global socket server","time":"2023-06-28T08:25:01Z"}
{"component":"TESTBED","instance":"2","level":"info","msg":"Link fc_featurecloudaifcmultiplefactoranalysis_428219915 with global socket server","time":"2023-06-28T08:25:01Z"}
{"component":"TESTBED","instance":"2","level":"info","msg":"Start local socket server","time":"2023-06-28T08:25:01Z"}
{"component":"TESTBED","instance":"2","level":"info","msg":"Start local socket server","time":"2023-06-28T08:25:01Z"}
{"component":"TESTBED","instance":"2","level":"info","msg":"Link to global address","time":"2023-06-28T08:25:01Z"}
{"component":"TESTBED","instance":"2","level":"info","msg":"Link to global address","time":"2023-06-28T08:25:01Z"}
{"component":"GLOBAL","instance":"","level":"info","msg":"Registered new participant controller","time":"2023-06-28T08:25:01Z"}
{"component":"GLOBAL","instance":"","level":"info","msg":"Registered new coordinator controller","time":"2023-06-28T08:25:01Z"}
{"component":"LOCAL","instance":"","level":"info","msg":"Received setup trigger","time":"2023-06-28T08:25:01Z"}
{"component":"LOCAL","instance":"","level":"info","msg":"Received setup trigger","time":"2023-06-28T08:25:01Z"}
{"component":"LOCAL","instance":"","level":"error","msg":"Got error during setup to http://192.168.208.4:9000: Post \"http://192.168.208.4:9000/setup\": dial tcp 192.168.208.4:9000: connect: connection refused","time":"2023-06-28T08:25:01Z"}
{"component":"GLOBAL","instance":"","level":"info","msg":"Setup d28db26e0b0e66536198331dced5e7d3298b40b7287a96bce9d509a6471c8926","time":"2023-06-28T08:25:02Z"}
{"component":"TESTBED","instance":"2","level":"info","msg":"Setup triggered","time":"2023-06-28T08:25:02Z"}
{"component":"TESTBED","instance":"2","level":"info","msg":"2 apps and server created and running","time":"2023-06-28T08:25:02Z"}
{"component":"LOCAL","instance":"","level":"info","msg":"http://192.168.208.4:9000/status: New data available","time":"2023-06-28T08:25:07Z"}
{"component":"LOCAL","instance":"","level":"info","msg":"Mode: plain","time":"2023-06-28T08:25:07Z"}
{"component":"LOCAL","instance":"","level":"debug","msg":"http://192.168.208.4:9000/data: Fetched 14314 bytes","time":"2023-06-28T08:25:07Z"}
{"component":"GLOBAL","instance":"","level":"info","msg":"[GLOBAL] Participant (ID: 8d51de4079914062) sending 14314 bytes to Coordinator","time":"2023-06-28T08:25:07Z"}
{"component":"LOCAL","instance":"","level":"info","msg":"received 14314 bytes from Client 8d51de4079914062","time":"2023-06-28T08:25:07Z"}
{"component":"LOCAL","instance":"","level":"info","msg":"POST to http://192.168.208.3:9000/data?client=8d51de4079914062 [Try 1/3]","time":"2023-06-28T08:25:08Z"}
{"component":"LOCAL","instance":"","level":"info","msg":"http://192.168.208.3:9000/status: New data available","time":"2023-06-28T08:25:08Z"}
{"component":"LOCAL","instance":"","level":"info","msg":"Mode: plain","time":"2023-06-28T08:25:08Z"}
{"component":"LOCAL","instance":"","level":"debug","msg":"http://192.168.208.3:9000/data: Fetched 7287 bytes","time":"2023-06-28T08:25:08Z"}
{"component":"GLOBAL","instance":"","level":"info","msg":"Coordinator (ID: 477bd02331cba4e4) broadcasting 7287 bytes","time":"2023-06-28T08:25:08Z"}
{"component":"LOCAL","instance":"","level":"info","msg":"received 7287 bytes from Client 477bd02331cba4e4","time":"2023-06-28T08:25:08Z"}
{"component":"LOCAL","instance":"","level":"info","msg":"POST to http://192.168.208.4:9000/data?client=477bd02331cba4e4 [Try 1/3]","time":"2023-06-28T08:25:08Z"}
{"component":"LOCAL","instance":"","level":"info","msg":"http://192.168.208.4:9000/status: New data available","time":"2023-06-28T08:25:10Z"}
{"component":"LOCAL","instance":"","level":"info","msg":"Mode: plain","time":"2023-06-28T08:25:11Z"}
{"component":"LOCAL","instance":"","level":"debug","msg":"http://192.168.208.4:9000/data: Fetched 6979 bytes","time":"2023-06-28T08:25:11Z"}
{"component":"GLOBAL","instance":"","level":"info","msg":"[GLOBAL] Participant (ID: 8d51de4079914062) sending 6979 bytes to Coordinator","time":"2023-06-28T08:25:11Z"}
{"component":"LOCAL","instance":"","level":"info","msg":"received 6979 bytes from Client 8d51de4079914062","time":"2023-06-28T08:25:11Z"}
{"component":"LOCAL","instance":"","level":"info","msg":"POST to http://192.168.208.3:9000/data?client=8d51de4079914062 [Try 1/3]","time":"2023-06-28T08:25:11Z"}
{"component":"LOCAL","instance":"","level":"info","msg":"http://192.168.208.3:9000/status: New data available","time":"2023-06-28T08:25:11Z"}
{"component":"LOCAL","instance":"","level":"info","msg":"Mode: plain","time":"2023-06-28T08:25:11Z"}
{"component":"LOCAL","instance":"","level":"debug","msg":"http://192.168.208.3:9000/data: Fetched 6991 bytes","time":"2023-06-28T08:25:11Z"}
{"component":"GLOBAL","instance":"","level":"info","msg":"Coordinator (ID: 477bd02331cba4e4) broadcasting 6991 bytes","time":"2023-06-28T08:25:11Z"}
{"component":"LOCAL","instance":"","level":"info","msg":"received 6991 bytes from Client 477bd02331cba4e4","time":"2023-06-28T08:25:11Z"}
{"component":"LOCAL","instance":"","level":"info","msg":"POST to http://192.168.208.4:9000/data?client=477bd02331cba4e4 [Try 1/3]","time":"2023-06-28T08:25:11Z"}
{"component":"LOCAL","instance":"","level":"info","msg":"http://192.168.208.4:9000/status: New data available","time":"2023-06-28T08:25:14Z"}
{"component":"LOCAL","instance":"","level":"info","msg":"Mode: plain","time":"2023-06-28T08:25:14Z"}
{"component":"LOCAL","instance":"","level":"debug","msg":"http://192.168.208.4:9000/data: Fetched 6966 bytes","time":"2023-06-28T08:25:14Z"}
{"component":"GLOBAL","instance":"","level":"info","msg":"[GLOBAL] Participant (ID: 8d51de4079914062) sending 6966 bytes to Coordinator","time":"2023-06-28T08:25:14Z"}
{"component":"LOCAL","instance":"","level":"info","msg":"received 6966 bytes from Client 8d51de4079914062","time":"2023-06-28T08:25:14Z"}
{"component":"LOCAL","instance":"","level":"info","msg":"POST to http://192.168.208.3:9000/data?client=8d51de4079914062 [Try 1/3]","time":"2023-06-28T08:25:14Z"}
{"component":"LOCAL","instance":"","level":"info","msg":"http://192.168.208.3:9000/status: New data available","time":"2023-06-28T08:25:14Z"}
{"component":"LOCAL","instance":"","level":"info","msg":"Mode: plain","time":"2023-06-28T08:25:15Z"}
{"component":"LOCAL","instance":"","level":"debug","msg":"http://192.168.208.3:9000/data: Fetched 20165 bytes","time":"2023-06-28T08:25:15Z"}
{"component":"GLOBAL","instance":"","level":"info","msg":"Coordinator (ID: 477bd02331cba4e4) broadcasting 20165 bytes","time":"2023-06-28T08:25:15Z"}
{"component":"LOCAL","instance":"","level":"info","msg":"received 20165 bytes from Client 477bd02331cba4e4","time":"2023-06-28T08:25:15Z"}
{"component":"LOCAL","instance":"","level":"info","msg":"POST to http://192.168.208.4:9000/data?client=477bd02331cba4e4 [Try 1/3]","time":"2023-06-28T08:25:15Z"}
{"component":"LOCAL","instance":"","level":"info","msg":"http://192.168.208.3:9000/status: Finished","time":"2023-06-28T08:25:18Z"}
{"component":"GLOBAL","instance":"","level":"info","msg":"[GLOBAL] Participant (ID: 477bd02331cba4e4) finished the current step","time":"2023-06-28T08:25:18Z"}
{"component":"LOCAL","instance":"","level":"info","msg":"Shutdown","time":"2023-06-28T08:25:18Z"}
{"component":"LOCAL","instance":"","level":"info","msg":"Shutdown","time":"2023-06-28T08:25:19Z"}
{"component":"GLOBAL","instance":"","level":"error","msg":"Participant (ID: 477bd02331cba4e4): relaying stopped due to: EOF","time":"2023-06-28T08:25:19Z"}
{"component":"GLOBAL","instance":"","level":"error","msg":"Participant (ID: 8d51de4079914062): relaying stopped due to: EOF","time":"2023-06-28T08:25:19Z"}
{"component":"TESTBED","instance":"2","level":"info","msg":"Stopping test id: 2","time":"2023-06-28T08:25:19Z"}
{"component":"TESTBED","instance":"2","level":"info","msg":"Stopping container fc_featurecloudaifcmultiplefactoranalysis_420490443","time":"2023-06-28T08:25:19Z"}
{"component":"DOCKER","instance":"","level":"info","msg":"Move data to host","time":"2023-06-28T08:25:19Z"}
{"component":"DOCKER","instance":"","level":"info","msg":"Attach to internal network","time":"2023-06-28T08:25:19Z"}
{"component":"DOCKER","instance":"","level":"info","msg":"Remove application","time":"2023-06-28T08:25:21Z"}
{"component":"DOCKER","instance":"","level":"debug","msg":"Intermediary container used for moving data from volume to host has been removed","time":"2023-06-28T08:25:22Z"}
{"component":"TESTBED","instance":"2","level":"info","msg":"Saved output volume content to /data/tests/results_test_2_client_0_fc_featurecloudaifcmultiplefactoranalysis_420490443.zip","time":"2023-06-28T08:25:22Z"}
{"component":"DOCKER","instance":"","level":"info","msg":"Remove volume test_2_output_0_1687940685","time":"2023-06-28T08:25:22Z"}
{"component":"TESTBED","instance":"2","level":"info","msg":"Deleted volume test_2_output_0_1687940685","time":"2023-06-28T08:25:22Z"}
{"component":"DOCKER","instance":"","level":"info","msg":"Remove volume test_2_input_0_1687940685","time":"2023-06-28T08:25:22Z"}
{"component":"TESTBED","instance":"2","level":"info","msg":"Deleted volume test_2_input_0_1687940685","time":"2023-06-28T08:25:22Z"}
{"component":"TESTBED","instance":"2","level":"info","msg":"Stopping container fc_featurecloudaifcmultiplefactoranalysis_428219915","time":"2023-06-28T08:25:22Z"}
{"component":"DOCKER","instance":"","level":"info","msg":"Move data to host","time":"2023-06-28T08:25:22Z"}
{"component":"DOCKER","instance":"","level":"info","msg":"Attach to internal network","time":"2023-06-28T08:25:23Z"}
{"component":"DOCKER","instance":"","level":"info","msg":"Remove application","time":"2023-06-28T08:25:24Z"}
{"component":"DOCKER","instance":"","level":"debug","msg":"Intermediary container used for moving data from volume to host has been removed","time":"2023-06-28T08:25:25Z"}
{"component":"TESTBED","instance":"2","level":"info","msg":"Saved output volume content to /data/tests/results_test_2_client_1_fc_featurecloudaifcmultiplefactoranalysis_428219915.zip","time":"2023-06-28T08:25:25Z"}
{"component":"DOCKER","instance":"","level":"info","msg":"Remove volume test_2_output_1_1687940694","time":"2023-06-28T08:25:25Z"}
{"component":"TESTBED","instance":"2","level":"info","msg":"Deleted volume test_2_output_1_1687940694","time":"2023-06-28T08:25:25Z"}
{"component":"DOCKER","instance":"","level":"info","msg":"Remove volume test_2_input_1_1687940694","time":"2023-06-28T08:25:25Z"}
{"component":"TESTBED","instance":"2","level":"info","msg":"Deleted volume test_2_input_1_1687940694","time":"2023-06-28T08:25:25Z"}
