{"component":"MAIN","instance":"","level":"info","msg":"Controller start","time":"2023-06-28T06:59:29Z"}
{"component":"MAIN","instance":"","level":"info","msg":"Mode: Dockerized (isolated)","time":"2023-06-28T06:59:29Z"}
{"component":"MAIN","instance":"","level":"info","msg":"Configuration value 'HasGPU': false","time":"2023-06-28T06:59:29Z"}
{"component":"DOCKER","instance":"","level":"info","msg":"Removing leftover Docker entities for label: fc-controller-label","time":"2023-06-28T06:59:30Z"}
{"component":"DOCKER","instance":"","level":"info","msg":"Removed 0 of 0 leftover containers","time":"2023-06-28T06:59:30Z"}
{"component":"DOCKER","instance":"","level":"info","msg":"Removed 0 of 0 leftover volumes","time":"2023-06-28T06:59:30Z"}
{"component":"DOCKER","instance":"","level":"info","msg":"Removed 1 of 1 leftover networks","time":"2023-06-28T06:59:30Z"}
{"component":"GLOBAL","instance":"","level":"info","msg":"Listening on port 9151","time":"2023-06-28T06:59:30Z"}
{"component":"GLOBAL","instance":"","level":"info","msg":"Listening on port 9150","time":"2023-06-28T06:59:30Z"}
{"component":"TESTBED","instance":"","level":"info","msg":"Create new test","time":"2023-06-28T06:59:38Z"}
{"component":"TESTBED","instance":"1","level":"info","msg":"Create volumes and containers...","time":"2023-06-28T06:59:38Z"}
{"component":"DOCKER","instance":"","level":"info","msg":"Create volume test_1_input_0_1687935578","time":"2023-06-28T06:59:38Z"}
{"component":"DOCKER","instance":"","level":"info","msg":"Create volume test_1_output_0_1687935578","time":"2023-06-28T06:59:38Z"}
{"component":"TESTBED","instance":"1","level":"info","msg":"Move data to workspace from /mnt/c/dev/multiplefactoranalysis/data/h1","time":"2023-06-28T06:59:38Z"}
{"component":"DOCKER","instance":"","level":"info","msg":"Move data to workspace","time":"2023-06-28T06:59:38Z"}
{"component":"DOCKER","instance":"","level":"info","msg":"Attach to internal network","time":"2023-06-28T06:59:38Z"}
{"component":"DOCKER","instance":"","level":"info","msg":"Remove application","time":"2023-06-28T06:59:41Z"}
{"component":"DOCKER","instance":"","level":"info","msg":"Intermediary container used for moving data from host to volume has been removed","time":"2023-06-28T06:59:42Z"}
{"component":"TESTBED","instance":"1","level":"info","msg":"Move generic data to input volume from /mnt/c/dev/multiplefactoranalysis/data/generic","time":"2023-06-28T06:59:42Z"}
{"component":"DOCKER","instance":"","level":"info","msg":"Move data to workspace","time":"2023-06-28T06:59:42Z"}
{"component":"DOCKER","instance":"","level":"info","msg":"Attach to internal network","time":"2023-06-28T06:59:42Z"}
{"component":"DOCKER","instance":"","level":"info","msg":"Remove application","time":"2023-06-28T06:59:44Z"}
{"component":"DOCKER","instance":"","level":"info","msg":"Intermediary container used for moving data from host to volume has been removed","time":"2023-06-28T06:59:45Z"}
{"component":"TESTBED","instance":"1","level":"info","msg":"Start application","time":"2023-06-28T06:59:45Z"}
{"component":"DOCKER","instance":"","level":"info","msg":"Attach to internal network","time":"2023-06-28T06:59:45Z"}
{"component":"TESTBED","instance":"1","level":"info","msg":"Append app to list","time":"2023-06-28T06:59:47Z"}
{"component":"DOCKER","instance":"","level":"info","msg":"Create volume test_1_input_1_1687935587","time":"2023-06-28T06:59:47Z"}
{"component":"DOCKER","instance":"","level":"info","msg":"Create volume test_1_output_1_1687935587","time":"2023-06-28T06:59:47Z"}
{"component":"TESTBED","instance":"1","level":"info","msg":"Move data to workspace from /mnt/c/dev/multiplefactoranalysis/data/h2","time":"2023-06-28T06:59:47Z"}
{"component":"DOCKER","instance":"","level":"info","msg":"Move data to workspace","time":"2023-06-28T06:59:47Z"}
{"component":"DOCKER","instance":"","level":"info","msg":"Attach to internal network","time":"2023-06-28T06:59:47Z"}
{"component":"DOCKER","instance":"","level":"info","msg":"Remove application","time":"2023-06-28T06:59:49Z"}
{"component":"DOCKER","instance":"","level":"info","msg":"Intermediary container used for moving data from host to volume has been removed","time":"2023-06-28T06:59:50Z"}
{"component":"TESTBED","instance":"1","level":"info","msg":"Move generic data to input volume from /mnt/c/dev/multiplefactoranalysis/data/generic","time":"2023-06-28T06:59:50Z"}
{"component":"DOCKER","instance":"","level":"info","msg":"Move data to workspace","time":"2023-06-28T06:59:50Z"}
{"component":"DOCKER","instance":"","level":"info","msg":"Attach to internal network","time":"2023-06-28T06:59:51Z"}
{"component":"DOCKER","instance":"","level":"info","msg":"Remove application","time":"2023-06-28T06:59:52Z"}
{"component":"DOCKER","instance":"","level":"info","msg":"Intermediary container used for moving data from host to volume has been removed","time":"2023-06-28T06:59:53Z"}
{"component":"TESTBED","instance":"1","level":"info","msg":"Start application","time":"2023-06-28T06:59:53Z"}
{"component":"DOCKER","instance":"","level":"info","msg":"Attach to internal network","time":"2023-06-28T06:59:53Z"}
{"component":"TESTBED","instance":"1","level":"info","msg":"Append app to list","time":"2023-06-28T06:59:55Z"}
{"component":"TESTBED","instance":"1","level":"info","msg":"Link fc_featurecloudaifcmultiplefactoranalysis_529128006 with global socket server","time":"2023-06-28T06:59:55Z"}
{"component":"TESTBED","instance":"1","level":"info","msg":"Link fc_featurecloudaifcmultiplefactoranalysis_724403691 with global socket server","time":"2023-06-28T06:59:55Z"}
{"component":"TESTBED","instance":"1","level":"info","msg":"Start local socket server","time":"2023-06-28T06:59:55Z"}
{"component":"TESTBED","instance":"1","level":"info","msg":"Start local socket server","time":"2023-06-28T06:59:55Z"}
{"component":"TESTBED","instance":"1","level":"info","msg":"Link to global address","time":"2023-06-28T06:59:55Z"}
{"component":"TESTBED","instance":"1","level":"info","msg":"Link to global address","time":"2023-06-28T06:59:55Z"}
{"component":"GLOBAL","instance":"","level":"info","msg":"Registered new participant controller","time":"2023-06-28T06:59:55Z"}
{"component":"GLOBAL","instance":"","level":"info","msg":"Registered new coordinator controller","time":"2023-06-28T06:59:55Z"}
{"component":"LOCAL","instance":"","level":"info","msg":"Received setup trigger","time":"2023-06-28T06:59:55Z"}
{"component":"LOCAL","instance":"","level":"info","msg":"Received setup trigger","time":"2023-06-28T06:59:55Z"}
{"component":"LOCAL","instance":"","level":"error","msg":"Got error during setup to http://172.29.0.4:9000: Post \"http://172.29.0.4:9000/setup\": dial tcp 172.29.0.4:9000: connect: connection refused","time":"2023-06-28T06:59:55Z"}
{"component":"GLOBAL","instance":"","level":"info","msg":"Setup 05e7d3f882f35264b0d2f6a465a786cf802adb6fa393dc9d637588abd53bc8e6","time":"2023-06-28T06:59:56Z"}
{"component":"TESTBED","instance":"1","level":"info","msg":"Setup triggered","time":"2023-06-28T06:59:56Z"}
{"component":"TESTBED","instance":"1","level":"info","msg":"2 apps and server created and running","time":"2023-06-28T06:59:56Z"}
{"component":"LOCAL","instance":"","level":"info","msg":"http://172.29.0.4:9000/status: New data available","time":"2023-06-28T07:00:01Z"}
{"component":"LOCAL","instance":"","level":"info","msg":"Mode: plain","time":"2023-06-28T07:00:01Z"}
{"component":"LOCAL","instance":"","level":"debug","msg":"http://172.29.0.4:9000/data: Fetched 21386 bytes","time":"2023-06-28T07:00:01Z"}
{"component":"GLOBAL","instance":"","level":"info","msg":"[GLOBAL] Participant (ID: 70edb67386aa844a) sending 21386 bytes to Coordinator","time":"2023-06-28T07:00:01Z"}
{"component":"LOCAL","instance":"","level":"info","msg":"received 21386 bytes from Client 70edb67386aa844a","time":"2023-06-28T07:00:01Z"}
{"component":"LOCAL","instance":"","level":"info","msg":"POST to http://172.29.0.3:9000/data?client=70edb67386aa844a [Try 1/3]","time":"2023-06-28T07:00:01Z"}
{"component":"LOCAL","instance":"","level":"info","msg":"http://172.29.0.3:9000/status: New data available","time":"2023-06-28T07:00:02Z"}
{"component":"LOCAL","instance":"","level":"info","msg":"Mode: plain","time":"2023-06-28T07:00:02Z"}
{"component":"LOCAL","instance":"","level":"debug","msg":"http://172.29.0.3:9000/data: Fetched 14532 bytes","time":"2023-06-28T07:00:02Z"}
{"component":"GLOBAL","instance":"","level":"info","msg":"Coordinator (ID: 42fe251f9fe1d534) broadcasting 14532 bytes","time":"2023-06-28T07:00:02Z"}
{"component":"LOCAL","instance":"","level":"info","msg":"received 14532 bytes from Client 42fe251f9fe1d534","time":"2023-06-28T07:00:02Z"}
{"component":"LOCAL","instance":"","level":"info","msg":"POST to http://172.29.0.4:9000/data?client=42fe251f9fe1d534 [Try 1/3]","time":"2023-06-28T07:00:02Z"}
{"component":"LOCAL","instance":"","level":"info","msg":"http://172.29.0.4:9000/status: Finished","time":"2023-06-28T07:00:04Z"}
{"component":"GLOBAL","instance":"","level":"info","msg":"[GLOBAL] Participant (ID: 70edb67386aa844a) finished the current step","time":"2023-06-28T07:00:04Z"}
{"component":"LOCAL","instance":"","level":"info","msg":"Shutdown","time":"2023-06-28T07:00:05Z"}
{"component":"LOCAL","instance":"","level":"info","msg":"Shutdown","time":"2023-06-28T07:00:05Z"}
{"component":"GLOBAL","instance":"","level":"error","msg":"Participant (ID: 70edb67386aa844a): relaying stopped due to: EOF","time":"2023-06-28T07:00:05Z"}
{"component":"TESTBED","instance":"1","level":"info","msg":"Stopping test id: 1","time":"2023-06-28T07:00:05Z"}
{"component":"GLOBAL","instance":"","level":"error","msg":"Participant (ID: 42fe251f9fe1d534): relaying stopped due to: EOF","time":"2023-06-28T07:00:05Z"}
{"component":"TESTBED","instance":"1","level":"info","msg":"Stopping container fc_featurecloudaifcmultiplefactoranalysis_529128006","time":"2023-06-28T07:00:05Z"}
{"component":"DOCKER","instance":"","level":"info","msg":"Move data to host","time":"2023-06-28T07:00:05Z"}
{"component":"DOCKER","instance":"","level":"info","msg":"Attach to internal network","time":"2023-06-28T07:00:06Z"}
{"component":"DOCKER","instance":"","level":"info","msg":"Remove application","time":"2023-06-28T07:00:07Z"}
{"component":"DOCKER","instance":"","level":"debug","msg":"Intermediary container used for moving data from volume to host has been removed","time":"2023-06-28T07:00:08Z"}
{"component":"TESTBED","instance":"1","level":"info","msg":"Saved output volume content to /data/tests/results_test_1_client_0_fc_featurecloudaifcmultiplefactoranalysis_529128006.zip","time":"2023-06-28T07:00:08Z"}
{"component":"DOCKER","instance":"","level":"info","msg":"Remove volume test_1_output_0_1687935578","time":"2023-06-28T07:00:08Z"}
{"component":"TESTBED","instance":"1","level":"info","msg":"Deleted volume test_1_output_0_1687935578","time":"2023-06-28T07:00:08Z"}
{"component":"DOCKER","instance":"","level":"info","msg":"Remove volume test_1_input_0_1687935578","time":"2023-06-28T07:00:08Z"}
{"component":"TESTBED","instance":"1","level":"info","msg":"Deleted volume test_1_input_0_1687935578","time":"2023-06-28T07:00:08Z"}
{"component":"TESTBED","instance":"1","level":"info","msg":"Stopping container fc_featurecloudaifcmultiplefactoranalysis_724403691","time":"2023-06-28T07:00:08Z"}
{"component":"DOCKER","instance":"","level":"info","msg":"Move data to host","time":"2023-06-28T07:00:09Z"}
{"component":"DOCKER","instance":"","level":"info","msg":"Attach to internal network","time":"2023-06-28T07:00:09Z"}
{"component":"DOCKER","instance":"","level":"info","msg":"Remove application","time":"2023-06-28T07:00:11Z"}
{"component":"DOCKER","instance":"","level":"debug","msg":"Intermediary container used for moving data from volume to host has been removed","time":"2023-06-28T07:00:12Z"}
{"component":"TESTBED","instance":"1","level":"info","msg":"Saved output volume content to /data/tests/results_test_1_client_1_fc_featurecloudaifcmultiplefactoranalysis_724403691.zip","time":"2023-06-28T07:00:12Z"}
{"component":"DOCKER","instance":"","level":"info","msg":"Remove volume test_1_output_1_1687935587","time":"2023-06-28T07:00:12Z"}
{"component":"TESTBED","instance":"1","level":"info","msg":"Deleted volume test_1_output_1_1687935587","time":"2023-06-28T07:00:12Z"}
{"component":"DOCKER","instance":"","level":"info","msg":"Remove volume test_1_input_1_1687935587","time":"2023-06-28T07:00:12Z"}
{"component":"TESTBED","instance":"1","level":"info","msg":"Deleted volume test_1_input_1_1687935587","time":"2023-06-28T07:00:12Z"}
