{"component":"MAIN","instance":"","level":"info","msg":"Controller start","time":"2023-06-28T06:44:04Z"}
{"component":"MAIN","instance":"","level":"info","msg":"Mode: Dockerized (isolated)","time":"2023-06-28T06:44:04Z"}
{"component":"MAIN","instance":"","level":"info","msg":"Configuration value 'HasGPU': false","time":"2023-06-28T06:44:04Z"}
{"component":"DOCKER","instance":"","level":"info","msg":"Removing leftover Docker entities for label: fc-controller-label","time":"2023-06-28T06:44:04Z"}
{"component":"DOCKER","instance":"","level":"info","msg":"Removed 0 of 0 leftover containers","time":"2023-06-28T06:44:04Z"}
{"component":"DOCKER","instance":"","level":"info","msg":"Removed 0 of 0 leftover volumes","time":"2023-06-28T06:44:04Z"}
{"component":"DOCKER","instance":"","level":"info","msg":"Removed 1 of 1 leftover networks","time":"2023-06-28T06:44:05Z"}
{"component":"GLOBAL","instance":"","level":"info","msg":"Listening on port 9151","time":"2023-06-28T06:44:05Z"}
{"component":"GLOBAL","instance":"","level":"info","msg":"Listening on port 9150","time":"2023-06-28T06:44:05Z"}
{"component":"TESTBED","instance":"","level":"info","msg":"Create new test","time":"2023-06-28T06:44:22Z"}
{"component":"TESTBED","instance":"1","level":"info","msg":"Create volumes and containers...","time":"2023-06-28T06:44:22Z"}
{"component":"DOCKER","instance":"","level":"info","msg":"Create volume test_1_input_0_1687934662","time":"2023-06-28T06:44:22Z"}
{"component":"DOCKER","instance":"","level":"info","msg":"Create volume test_1_output_0_1687934662","time":"2023-06-28T06:44:22Z"}
{"component":"TESTBED","instance":"1","level":"info","msg":"Move data to workspace from /mnt/c/dev/multiplefactoranalysis/data/h1","time":"2023-06-28T06:44:22Z"}
{"component":"DOCKER","instance":"","level":"info","msg":"Move data to workspace","time":"2023-06-28T06:44:22Z"}
{"component":"DOCKER","instance":"","level":"info","msg":"Attach to internal network","time":"2023-06-28T06:44:23Z"}
{"component":"DOCKER","instance":"","level":"info","msg":"Remove application","time":"2023-06-28T06:44:24Z"}
{"component":"DOCKER","instance":"","level":"info","msg":"Intermediary container used for moving data from host to volume has been removed","time":"2023-06-28T06:44:25Z"}
{"component":"TESTBED","instance":"1","level":"info","msg":"Move generic data to input volume from /mnt/c/dev/multiplefactoranalysis/data/generic","time":"2023-06-28T06:44:25Z"}
{"component":"DOCKER","instance":"","level":"info","msg":"Move data to workspace","time":"2023-06-28T06:44:25Z"}
{"component":"DOCKER","instance":"","level":"info","msg":"Attach to internal network","time":"2023-06-28T06:44:26Z"}
{"component":"DOCKER","instance":"","level":"info","msg":"Remove application","time":"2023-06-28T06:44:28Z"}
{"component":"DOCKER","instance":"","level":"info","msg":"Intermediary container used for moving data from host to volume has been removed","time":"2023-06-28T06:44:29Z"}
{"component":"TESTBED","instance":"1","level":"info","msg":"Start application","time":"2023-06-28T06:44:29Z"}
{"component":"DOCKER","instance":"","level":"info","msg":"Attach to internal network","time":"2023-06-28T06:44:29Z"}
{"component":"TESTBED","instance":"1","level":"info","msg":"Append app to list","time":"2023-06-28T06:44:30Z"}
{"component":"DOCKER","instance":"","level":"info","msg":"Create volume test_1_input_1_1687934670","time":"2023-06-28T06:44:30Z"}
{"component":"DOCKER","instance":"","level":"info","msg":"Create volume test_1_output_1_1687934670","time":"2023-06-28T06:44:30Z"}
{"component":"TESTBED","instance":"1","level":"info","msg":"Move data to workspace from /mnt/c/dev/multiplefactoranalysis/data/h2","time":"2023-06-28T06:44:30Z"}
{"component":"DOCKER","instance":"","level":"info","msg":"Move data to workspace","time":"2023-06-28T06:44:30Z"}
{"component":"DOCKER","instance":"","level":"info","msg":"Attach to internal network","time":"2023-06-28T06:44:30Z"}
{"component":"DOCKER","instance":"","level":"info","msg":"Remove application","time":"2023-06-28T06:44:32Z"}
{"component":"DOCKER","instance":"","level":"info","msg":"Intermediary container used for moving data from host to volume has been removed","time":"2023-06-28T06:44:33Z"}
{"component":"TESTBED","instance":"1","level":"info","msg":"Move generic data to input volume from /mnt/c/dev/multiplefactoranalysis/data/generic","time":"2023-06-28T06:44:33Z"}
{"component":"DOCKER","instance":"","level":"info","msg":"Move data to workspace","time":"2023-06-28T06:44:33Z"}
{"component":"DOCKER","instance":"","level":"info","msg":"Attach to internal network","time":"2023-06-28T06:44:33Z"}
{"component":"DOCKER","instance":"","level":"info","msg":"Remove application","time":"2023-06-28T06:44:35Z"}
{"component":"DOCKER","instance":"","level":"info","msg":"Intermediary container used for moving data from host to volume has been removed","time":"2023-06-28T06:44:36Z"}
{"component":"TESTBED","instance":"1","level":"info","msg":"Start application","time":"2023-06-28T06:44:36Z"}
{"component":"DOCKER","instance":"","level":"info","msg":"Attach to internal network","time":"2023-06-28T06:44:36Z"}
{"component":"TESTBED","instance":"1","level":"info","msg":"Append app to list","time":"2023-06-28T06:44:38Z"}
{"component":"TESTBED","instance":"1","level":"info","msg":"Link fc_featurecloudaifcmultiplefactoranalysis_23685877 with global socket server","time":"2023-06-28T06:44:38Z"}
{"component":"TESTBED","instance":"1","level":"info","msg":"Link fc_featurecloudaifcmultiplefactoranalysis_517598536 with global socket server","time":"2023-06-28T06:44:38Z"}
{"component":"TESTBED","instance":"1","level":"info","msg":"Start local socket server","time":"2023-06-28T06:44:38Z"}
{"component":"TESTBED","instance":"1","level":"info","msg":"Start local socket server","time":"2023-06-28T06:44:38Z"}
{"component":"TESTBED","instance":"1","level":"info","msg":"Link to global address","time":"2023-06-28T06:44:38Z"}
{"component":"TESTBED","instance":"1","level":"info","msg":"Link to global address","time":"2023-06-28T06:44:38Z"}
{"component":"GLOBAL","instance":"","level":"info","msg":"Registered new coordinator controller","time":"2023-06-28T06:44:38Z"}
{"component":"GLOBAL","instance":"","level":"info","msg":"Registered new participant controller","time":"2023-06-28T06:44:38Z"}
{"component":"LOCAL","instance":"","level":"info","msg":"Received setup trigger","time":"2023-06-28T06:44:38Z"}
{"component":"LOCAL","instance":"","level":"info","msg":"Received setup trigger","time":"2023-06-28T06:44:38Z"}
{"component":"LOCAL","instance":"","level":"error","msg":"Got error during setup to http://172.26.0.4:9000: Post \"http://172.26.0.4:9000/setup\": dial tcp 172.26.0.4:9000: connect: connection refused","time":"2023-06-28T06:44:38Z"}
{"component":"GLOBAL","instance":"","level":"info","msg":"Setup 8c31c66b0905afb51fb92e665f1764842e9abc680c42efe99eeb435318dcbdec","time":"2023-06-28T06:44:39Z"}
{"component":"TESTBED","instance":"1","level":"info","msg":"Setup triggered","time":"2023-06-28T06:44:39Z"}
{"component":"TESTBED","instance":"1","level":"info","msg":"2 apps and server created and running","time":"2023-06-28T06:44:39Z"}
{"component":"LOCAL","instance":"","level":"info","msg":"http://172.26.0.4:9000/status: New data available","time":"2023-06-28T06:44:44Z"}
{"component":"LOCAL","instance":"","level":"info","msg":"Mode: plain","time":"2023-06-28T06:44:44Z"}
{"component":"LOCAL","instance":"","level":"debug","msg":"http://172.26.0.4:9000/data: Fetched 7241 bytes","time":"2023-06-28T06:44:44Z"}
{"component":"GLOBAL","instance":"","level":"info","msg":"[GLOBAL] Participant (ID: d32d8725d926d89d) sending 7241 bytes to Coordinator","time":"2023-06-28T06:44:44Z"}
{"component":"LOCAL","instance":"","level":"info","msg":"received 7241 bytes from Client d32d8725d926d89d","time":"2023-06-28T06:44:44Z"}
{"component":"LOCAL","instance":"","level":"info","msg":"POST to http://172.26.0.3:9000/data?client=d32d8725d926d89d [Try 1/3]","time":"2023-06-28T06:44:44Z"}
{"component":"LOCAL","instance":"","level":"info","msg":"http://172.26.0.3:9000/status: New data available","time":"2023-06-28T06:44:45Z"}
{"component":"LOCAL","instance":"","level":"info","msg":"Mode: plain","time":"2023-06-28T06:44:45Z"}
{"component":"LOCAL","instance":"","level":"debug","msg":"http://172.26.0.3:9000/data: Fetched 14532 bytes","time":"2023-06-28T06:44:45Z"}
{"component":"GLOBAL","instance":"","level":"info","msg":"Coordinator (ID: 5529c168f41d0995) broadcasting 14532 bytes","time":"2023-06-28T06:44:45Z"}
{"component":"LOCAL","instance":"","level":"info","msg":"received 14532 bytes from Client 5529c168f41d0995","time":"2023-06-28T06:44:45Z"}
{"component":"LOCAL","instance":"","level":"info","msg":"POST to http://172.26.0.4:9000/data?client=5529c168f41d0995 [Try 1/3]","time":"2023-06-28T06:44:45Z"}
{"component":"LOCAL","instance":"","level":"info","msg":"http://172.26.0.4:9000/status: Finished","time":"2023-06-28T06:44:47Z"}
{"component":"GLOBAL","instance":"","level":"info","msg":"[GLOBAL] Participant (ID: d32d8725d926d89d) finished the current step","time":"2023-06-28T06:44:47Z"}
{"component":"LOCAL","instance":"","level":"info","msg":"Shutdown","time":"2023-06-28T06:44:47Z"}
{"component":"GLOBAL","instance":"","level":"error","msg":"Participant (ID: 5529c168f41d0995): relaying stopped due to: EOF","time":"2023-06-28T06:44:47Z"}
{"component":"LOCAL","instance":"","level":"info","msg":"Shutdown","time":"2023-06-28T06:44:47Z"}
{"component":"TESTBED","instance":"1","level":"info","msg":"Stopping test id: 1","time":"2023-06-28T06:44:47Z"}
{"component":"TESTBED","instance":"1","level":"info","msg":"Stopping container fc_featurecloudaifcmultiplefactoranalysis_23685877","time":"2023-06-28T06:44:47Z"}
{"component":"GLOBAL","instance":"","level":"error","msg":"Participant (ID: d32d8725d926d89d): relaying stopped due to: EOF","time":"2023-06-28T06:44:47Z"}
{"component":"DOCKER","instance":"","level":"info","msg":"Move data to host","time":"2023-06-28T06:44:47Z"}
{"component":"DOCKER","instance":"","level":"info","msg":"Attach to internal network","time":"2023-06-28T06:44:47Z"}
{"component":"DOCKER","instance":"","level":"info","msg":"Remove application","time":"2023-06-28T06:44:49Z"}
{"component":"DOCKER","instance":"","level":"debug","msg":"Intermediary container used for moving data from volume to host has been removed","time":"2023-06-28T06:44:50Z"}
{"component":"TESTBED","instance":"1","level":"info","msg":"Saved output volume content to /data/tests/results_test_1_client_0_fc_featurecloudaifcmultiplefactoranalysis_23685877.zip","time":"2023-06-28T06:44:50Z"}
{"component":"DOCKER","instance":"","level":"info","msg":"Remove volume test_1_output_0_1687934662","time":"2023-06-28T06:44:50Z"}
{"component":"TESTBED","instance":"1","level":"info","msg":"Deleted volume test_1_output_0_1687934662","time":"2023-06-28T06:44:50Z"}
{"component":"DOCKER","instance":"","level":"info","msg":"Remove volume test_1_input_0_1687934662","time":"2023-06-28T06:44:50Z"}
{"component":"TESTBED","instance":"1","level":"info","msg":"Deleted volume test_1_input_0_1687934662","time":"2023-06-28T06:44:50Z"}
{"component":"TESTBED","instance":"1","level":"info","msg":"Stopping container fc_featurecloudaifcmultiplefactoranalysis_517598536","time":"2023-06-28T06:44:50Z"}
{"component":"DOCKER","instance":"","level":"info","msg":"Move data to host","time":"2023-06-28T06:44:50Z"}
{"component":"DOCKER","instance":"","level":"info","msg":"Attach to internal network","time":"2023-06-28T06:44:51Z"}
{"component":"DOCKER","instance":"","level":"info","msg":"Remove application","time":"2023-06-28T06:44:52Z"}
{"component":"DOCKER","instance":"","level":"debug","msg":"Intermediary container used for moving data from volume to host has been removed","time":"2023-06-28T06:44:53Z"}
{"component":"TESTBED","instance":"1","level":"info","msg":"Saved output volume content to /data/tests/results_test_1_client_1_fc_featurecloudaifcmultiplefactoranalysis_517598536.zip","time":"2023-06-28T06:44:53Z"}
{"component":"DOCKER","instance":"","level":"info","msg":"Remove volume test_1_output_1_1687934670","time":"2023-06-28T06:44:53Z"}
{"component":"TESTBED","instance":"1","level":"info","msg":"Deleted volume test_1_output_1_1687934670","time":"2023-06-28T06:44:53Z"}
{"component":"DOCKER","instance":"","level":"info","msg":"Remove volume test_1_input_1_1687934670","time":"2023-06-28T06:44:53Z"}
{"component":"TESTBED","instance":"1","level":"info","msg":"Deleted volume test_1_input_1_1687934670","time":"2023-06-28T06:44:53Z"}
