{"component":"MAIN","instance":"","level":"info","msg":"Controller start","time":"2023-06-28T09:33:04Z"}
{"component":"MAIN","instance":"","level":"info","msg":"Mode: Dockerized (isolated)","time":"2023-06-28T09:33:04Z"}
{"component":"MAIN","instance":"","level":"info","msg":"Configuration value 'HasGPU': false","time":"2023-06-28T09:33:04Z"}
{"component":"DOCKER","instance":"","level":"info","msg":"Removing leftover Docker entities for label: fc-controller-label","time":"2023-06-28T09:33:05Z"}
{"component":"DOCKER","instance":"","level":"info","msg":"Removed 0 of 0 leftover containers","time":"2023-06-28T09:33:05Z"}
{"component":"DOCKER","instance":"","level":"info","msg":"Removed 0 of 0 leftover volumes","time":"2023-06-28T09:33:05Z"}
{"component":"DOCKER","instance":"","level":"info","msg":"Removed 1 of 1 leftover networks","time":"2023-06-28T09:33:05Z"}
{"component":"GLOBAL","instance":"","level":"info","msg":"Listening on port 9151","time":"2023-06-28T09:33:05Z"}
{"component":"GLOBAL","instance":"","level":"info","msg":"Listening on port 9150","time":"2023-06-28T09:33:05Z"}
{"component":"HTTP","instance":"","level":"debug","msg":"Set site received","time":"2023-06-28T09:33:29Z"}
{"component":"TESTBED","instance":"","level":"info","msg":"Create new test","time":"2023-06-28T09:33:37Z"}
{"component":"TESTBED","instance":"1","level":"info","msg":"Create volumes and containers...","time":"2023-06-28T09:33:37Z"}
{"component":"DOCKER","instance":"","level":"info","msg":"Create volume test_1_input_0_1687944817","time":"2023-06-28T09:33:37Z"}
{"component":"DOCKER","instance":"","level":"info","msg":"Create volume test_1_output_0_1687944817","time":"2023-06-28T09:33:37Z"}
{"component":"TESTBED","instance":"1","level":"info","msg":"Move data to workspace from /mnt/c/dev/multiplefactoranalysis/data/h1","time":"2023-06-28T09:33:37Z"}
{"component":"DOCKER","instance":"","level":"info","msg":"Move data to workspace","time":"2023-06-28T09:33:37Z"}
{"component":"DOCKER","instance":"","level":"info","msg":"Attach to internal network","time":"2023-06-28T09:33:37Z"}
{"component":"DOCKER","instance":"","level":"info","msg":"Remove application","time":"2023-06-28T09:33:39Z"}
{"component":"DOCKER","instance":"","level":"info","msg":"Intermediary container used for moving data from host to volume has been removed","time":"2023-06-28T09:33:40Z"}
{"component":"TESTBED","instance":"1","level":"info","msg":"Move generic data to input volume from /mnt/c/dev/multiplefactoranalysis/data/generic","time":"2023-06-28T09:33:40Z"}
{"component":"DOCKER","instance":"","level":"info","msg":"Move data to workspace","time":"2023-06-28T09:33:40Z"}
{"component":"DOCKER","instance":"","level":"info","msg":"Attach to internal network","time":"2023-06-28T09:33:41Z"}
{"component":"DOCKER","instance":"","level":"info","msg":"Remove application","time":"2023-06-28T09:33:42Z"}
{"component":"DOCKER","instance":"","level":"info","msg":"Intermediary container used for moving data from host to volume has been removed","time":"2023-06-28T09:33:43Z"}
{"component":"TESTBED","instance":"1","level":"info","msg":"Start application","time":"2023-06-28T09:33:43Z"}
{"component":"DOCKER","instance":"","level":"info","msg":"Attach to internal network","time":"2023-06-28T09:33:43Z"}
{"component":"TESTBED","instance":"1","level":"info","msg":"Append app to list","time":"2023-06-28T09:33:45Z"}
{"component":"DOCKER","instance":"","level":"info","msg":"Create volume test_1_input_1_1687944825","time":"2023-06-28T09:33:45Z"}
{"component":"DOCKER","instance":"","level":"info","msg":"Create volume test_1_output_1_1687944825","time":"2023-06-28T09:33:45Z"}
{"component":"TESTBED","instance":"1","level":"info","msg":"Move data to workspace from /mnt/c/dev/multiplefactoranalysis/data/h2","time":"2023-06-28T09:33:45Z"}
{"component":"DOCKER","instance":"","level":"info","msg":"Move data to workspace","time":"2023-06-28T09:33:45Z"}
{"component":"DOCKER","instance":"","level":"info","msg":"Attach to internal network","time":"2023-06-28T09:33:46Z"}
{"component":"DOCKER","instance":"","level":"info","msg":"Remove application","time":"2023-06-28T09:33:48Z"}
{"component":"DOCKER","instance":"","level":"info","msg":"Intermediary container used for moving data from host to volume has been removed","time":"2023-06-28T09:33:49Z"}
{"component":"TESTBED","instance":"1","level":"info","msg":"Move generic data to input volume from /mnt/c/dev/multiplefactoranalysis/data/generic","time":"2023-06-28T09:33:49Z"}
{"component":"DOCKER","instance":"","level":"info","msg":"Move data to workspace","time":"2023-06-28T09:33:49Z"}
{"component":"DOCKER","instance":"","level":"info","msg":"Attach to internal network","time":"2023-06-28T09:33:49Z"}
{"component":"DOCKER","instance":"","level":"info","msg":"Remove application","time":"2023-06-28T09:33:51Z"}
{"component":"DOCKER","instance":"","level":"info","msg":"Intermediary container used for moving data from host to volume has been removed","time":"2023-06-28T09:33:52Z"}
{"component":"TESTBED","instance":"1","level":"info","msg":"Start application","time":"2023-06-28T09:33:52Z"}
{"component":"DOCKER","instance":"","level":"info","msg":"Attach to internal network","time":"2023-06-28T09:33:52Z"}
{"component":"TESTBED","instance":"1","level":"info","msg":"Append app to list","time":"2023-06-28T09:33:53Z"}
{"component":"TESTBED","instance":"1","level":"info","msg":"Link fc_featurecloudaifcmultiplefactoranalysis_706337652 with global socket server","time":"2023-06-28T09:33:53Z"}
{"component":"TESTBED","instance":"1","level":"info","msg":"Link fc_featurecloudaifcmultiplefactoranalysis_104883841 with global socket server","time":"2023-06-28T09:33:53Z"}
{"component":"TESTBED","instance":"1","level":"info","msg":"Start local socket server","time":"2023-06-28T09:33:53Z"}
{"component":"TESTBED","instance":"1","level":"info","msg":"Start local socket server","time":"2023-06-28T09:33:53Z"}
{"component":"TESTBED","instance":"1","level":"info","msg":"Link to global address","time":"2023-06-28T09:33:53Z"}
{"component":"TESTBED","instance":"1","level":"info","msg":"Link to global address","time":"2023-06-28T09:33:53Z"}
{"component":"GLOBAL","instance":"","level":"info","msg":"Registered new participant controller","time":"2023-06-28T09:33:53Z"}
{"component":"GLOBAL","instance":"","level":"info","msg":"Registered new coordinator controller","time":"2023-06-28T09:33:53Z"}
{"component":"LOCAL","instance":"","level":"info","msg":"Received setup trigger","time":"2023-06-28T09:33:53Z"}
{"component":"LOCAL","instance":"","level":"info","msg":"Received setup trigger","time":"2023-06-28T09:33:53Z"}
{"component":"LOCAL","instance":"","level":"error","msg":"Got error during setup to http://172.21.0.4:9000: Post \"http://172.21.0.4:9000/setup\": dial tcp 172.21.0.4:9000: connect: connection refused","time":"2023-06-28T09:33:53Z"}
{"component":"GLOBAL","instance":"","level":"info","msg":"Setup 91892a2c9c99acd9fcd99edcb9c69db53be036fdeed1abadfbcdaf9f65417989","time":"2023-06-28T09:33:54Z"}
{"component":"TESTBED","instance":"1","level":"info","msg":"Setup triggered","time":"2023-06-28T09:33:54Z"}
{"component":"TESTBED","instance":"1","level":"info","msg":"2 apps and server created and running","time":"2023-06-28T09:33:54Z"}
{"component":"LOCAL","instance":"","level":"info","msg":"http://172.21.0.4:9000/status: New data available","time":"2023-06-28T09:33:59Z"}
{"component":"LOCAL","instance":"","level":"info","msg":"Mode: plain","time":"2023-06-28T09:33:59Z"}
{"component":"LOCAL","instance":"","level":"debug","msg":"http://172.21.0.4:9000/data: Fetched 7241 bytes","time":"2023-06-28T09:33:59Z"}
{"component":"GLOBAL","instance":"","level":"info","msg":"[GLOBAL] Participant (ID: 48ec43ffe1536b39) sending 7241 bytes to Coordinator","time":"2023-06-28T09:33:59Z"}
{"component":"LOCAL","instance":"","level":"info","msg":"received 7241 bytes from Client 48ec43ffe1536b39","time":"2023-06-28T09:33:59Z"}
{"component":"LOCAL","instance":"","level":"info","msg":"POST to http://172.21.0.3:9000/data?client=48ec43ffe1536b39 [Try 1/3]","time":"2023-06-28T09:33:59Z"}
{"component":"LOCAL","instance":"","level":"info","msg":"http://172.21.0.3:9000/status: New data available","time":"2023-06-28T09:34:00Z"}
{"component":"LOCAL","instance":"","level":"info","msg":"Mode: plain","time":"2023-06-28T09:34:00Z"}
{"component":"LOCAL","instance":"","level":"debug","msg":"http://172.21.0.3:9000/data: Fetched 3686 bytes","time":"2023-06-28T09:34:00Z"}
{"component":"GLOBAL","instance":"","level":"info","msg":"Coordinator (ID: 998e89505c6fa908) broadcasting 3686 bytes","time":"2023-06-28T09:34:00Z"}
{"component":"LOCAL","instance":"","level":"info","msg":"received 3686 bytes from Client 998e89505c6fa908","time":"2023-06-28T09:34:00Z"}
{"component":"LOCAL","instance":"","level":"info","msg":"POST to http://172.21.0.4:9000/data?client=998e89505c6fa908 [Try 1/3]","time":"2023-06-28T09:34:00Z"}
{"component":"LOCAL","instance":"","level":"info","msg":"http://172.21.0.4:9000/status: New data available","time":"2023-06-28T09:34:02Z"}
{"component":"LOCAL","instance":"","level":"info","msg":"Mode: plain","time":"2023-06-28T09:34:02Z"}
{"component":"LOCAL","instance":"","level":"debug","msg":"http://172.21.0.4:9000/data: Fetched 3558 bytes","time":"2023-06-28T09:34:02Z"}
{"component":"GLOBAL","instance":"","level":"info","msg":"[GLOBAL] Participant (ID: 48ec43ffe1536b39) sending 3558 bytes to Coordinator","time":"2023-06-28T09:34:02Z"}
{"component":"LOCAL","instance":"","level":"info","msg":"received 3558 bytes from Client 48ec43ffe1536b39","time":"2023-06-28T09:34:02Z"}
{"component":"LOCAL","instance":"","level":"info","msg":"POST to http://172.21.0.3:9000/data?client=48ec43ffe1536b39 [Try 1/3]","time":"2023-06-28T09:34:02Z"}
{"component":"LOCAL","instance":"","level":"info","msg":"http://172.21.0.3:9000/status: Finished","time":"2023-06-28T09:34:03Z"}
{"component":"GLOBAL","instance":"","level":"info","msg":"[GLOBAL] Participant (ID: 998e89505c6fa908) finished the current step","time":"2023-06-28T09:34:03Z"}
{"component":"LOCAL","instance":"","level":"info","msg":"Shutdown","time":"2023-06-28T09:34:04Z"}
{"component":"LOCAL","instance":"","level":"info","msg":"Shutdown","time":"2023-06-28T09:34:04Z"}
{"component":"GLOBAL","instance":"","level":"error","msg":"Participant (ID: 48ec43ffe1536b39): relaying stopped due to: EOF","time":"2023-06-28T09:34:04Z"}
{"component":"TESTBED","instance":"1","level":"info","msg":"Stopping test id: 1","time":"2023-06-28T09:34:04Z"}
{"component":"GLOBAL","instance":"","level":"error","msg":"Participant (ID: 998e89505c6fa908): relaying stopped due to: EOF","time":"2023-06-28T09:34:04Z"}
{"component":"TESTBED","instance":"1","level":"info","msg":"Stopping container fc_featurecloudaifcmultiplefactoranalysis_706337652","time":"2023-06-28T09:34:04Z"}
{"component":"DOCKER","instance":"","level":"info","msg":"Move data to host","time":"2023-06-28T09:34:05Z"}
{"component":"DOCKER","instance":"","level":"error","msg":"Error: No such container: 2408e2f66615763ffdbb1c9209cd24e9511bf80635148c4d4a29343ada99bdd7","time":"2023-06-28T09:34:05Z"}
{"component":"DOCKER","instance":"","level":"info","msg":"Attach to internal network","time":"2023-06-28T09:34:05Z"}
{"component":"DOCKER","instance":"","level":"info","msg":"Remove application","time":"2023-06-28T09:34:07Z"}
{"component":"DOCKER","instance":"","level":"debug","msg":"Intermediary container used for moving data from volume to host has been removed","time":"2023-06-28T09:34:08Z"}
{"component":"TESTBED","instance":"1","level":"info","msg":"Saved output volume content to /data/tests/results_test_1_client_0_fc_featurecloudaifcmultiplefactoranalysis_706337652.zip","time":"2023-06-28T09:34:08Z"}
{"component":"DOCKER","instance":"","level":"info","msg":"Remove volume test_1_output_0_1687944817","time":"2023-06-28T09:34:08Z"}
{"component":"TESTBED","instance":"1","level":"info","msg":"Deleted volume test_1_output_0_1687944817","time":"2023-06-28T09:34:08Z"}
{"component":"DOCKER","instance":"","level":"info","msg":"Remove volume test_1_input_0_1687944817","time":"2023-06-28T09:34:08Z"}
{"component":"TESTBED","instance":"1","level":"info","msg":"Deleted volume test_1_input_0_1687944817","time":"2023-06-28T09:34:08Z"}
{"component":"TESTBED","instance":"1","level":"info","msg":"Stopping container fc_featurecloudaifcmultiplefactoranalysis_104883841","time":"2023-06-28T09:34:08Z"}
{"component":"DOCKER","instance":"","level":"info","msg":"Move data to host","time":"2023-06-28T09:34:09Z"}
{"component":"DOCKER","instance":"","level":"info","msg":"Attach to internal network","time":"2023-06-28T09:34:10Z"}
{"component":"DOCKER","instance":"","level":"info","msg":"Remove application","time":"2023-06-28T09:34:11Z"}
{"component":"DOCKER","instance":"","level":"debug","msg":"Intermediary container used for moving data from volume to host has been removed","time":"2023-06-28T09:34:12Z"}
{"component":"TESTBED","instance":"1","level":"info","msg":"Saved output volume content to /data/tests/results_test_1_client_1_fc_featurecloudaifcmultiplefactoranalysis_104883841.zip","time":"2023-06-28T09:34:12Z"}
{"component":"DOCKER","instance":"","level":"info","msg":"Remove volume test_1_output_1_1687944825","time":"2023-06-28T09:34:12Z"}
{"component":"TESTBED","instance":"1","level":"info","msg":"Deleted volume test_1_output_1_1687944825","time":"2023-06-28T09:34:12Z"}
{"component":"DOCKER","instance":"","level":"info","msg":"Remove volume test_1_input_1_1687944825","time":"2023-06-28T09:34:12Z"}
{"component":"TESTBED","instance":"1","level":"info","msg":"Deleted volume test_1_input_1_1687944825","time":"2023-06-28T09:34:12Z"}
