{"component":"MAIN","instance":"","level":"info","msg":"Controller start","time":"2023-06-29T10:40:59Z"}
{"component":"MAIN","instance":"","level":"info","msg":"Mode: Dockerized (isolated)","time":"2023-06-29T10:40:59Z"}
{"component":"MAIN","instance":"","level":"info","msg":"Configuration value 'HasGPU': false","time":"2023-06-29T10:40:59Z"}
{"component":"DOCKER","instance":"","level":"info","msg":"Removing leftover Docker entities for label: fc-controller-label","time":"2023-06-29T10:40:59Z"}
{"component":"DOCKER","instance":"","level":"info","msg":"Removed 0 of 0 leftover containers","time":"2023-06-29T10:40:59Z"}
{"component":"DOCKER","instance":"","level":"info","msg":"Removed 0 of 1 leftover volumes","time":"2023-06-29T10:40:59Z"}
{"component":"DOCKER","instance":"","level":"info","msg":"Removed 1 of 1 leftover networks","time":"2023-06-29T10:40:59Z"}
{"component":"GLOBAL","instance":"","level":"info","msg":"Listening on port 9151","time":"2023-06-29T10:40:59Z"}
{"component":"GLOBAL","instance":"","level":"info","msg":"Listening on port 9150","time":"2023-06-29T10:40:59Z"}
{"component":"TESTBED","instance":"","level":"info","msg":"Create new test","time":"2023-06-29T10:41:06Z"}
{"component":"TESTBED","instance":"1","level":"info","msg":"Create volumes and containers...","time":"2023-06-29T10:41:06Z"}
{"component":"DOCKER","instance":"","level":"info","msg":"Create volume test_1_input_0_1688035266","time":"2023-06-29T10:41:06Z"}
{"component":"DOCKER","instance":"","level":"info","msg":"Create volume test_1_output_0_1688035266","time":"2023-06-29T10:41:06Z"}
{"component":"TESTBED","instance":"1","level":"info","msg":"Move data to workspace from /mnt/c/dev/multiplefactoranalysis/data/h1","time":"2023-06-29T10:41:06Z"}
{"component":"DOCKER","instance":"","level":"info","msg":"Move data to workspace","time":"2023-06-29T10:41:06Z"}
{"component":"DOCKER","instance":"","level":"info","msg":"Attach to internal network","time":"2023-06-29T10:41:07Z"}
{"component":"DOCKER","instance":"","level":"info","msg":"Remove application","time":"2023-06-29T10:41:09Z"}
{"component":"DOCKER","instance":"","level":"info","msg":"Intermediary container used for moving data from host to volume has been removed","time":"2023-06-29T10:41:10Z"}
{"component":"TESTBED","instance":"1","level":"info","msg":"Move generic data to input volume from /mnt/c/dev/multiplefactoranalysis/data/generic","time":"2023-06-29T10:41:10Z"}
{"component":"DOCKER","instance":"","level":"info","msg":"Move data to workspace","time":"2023-06-29T10:41:10Z"}
{"component":"DOCKER","instance":"","level":"info","msg":"Attach to internal network","time":"2023-06-29T10:41:10Z"}
{"component":"DOCKER","instance":"","level":"info","msg":"Remove application","time":"2023-06-29T10:41:12Z"}
{"component":"DOCKER","instance":"","level":"info","msg":"Intermediary container used for moving data from host to volume has been removed","time":"2023-06-29T10:41:13Z"}
{"component":"TESTBED","instance":"1","level":"info","msg":"Start application","time":"2023-06-29T10:41:13Z"}
{"component":"DOCKER","instance":"","level":"info","msg":"Attach to internal network","time":"2023-06-29T10:41:13Z"}
{"component":"TESTBED","instance":"1","level":"info","msg":"Append app to list","time":"2023-06-29T10:41:14Z"}
{"component":"DOCKER","instance":"","level":"info","msg":"Create volume test_1_input_1_1688035274","time":"2023-06-29T10:41:14Z"}
{"component":"DOCKER","instance":"","level":"info","msg":"Create volume test_1_output_1_1688035274","time":"2023-06-29T10:41:14Z"}
{"component":"TESTBED","instance":"1","level":"info","msg":"Move data to workspace from /mnt/c/dev/multiplefactoranalysis/data/h2","time":"2023-06-29T10:41:14Z"}
{"component":"DOCKER","instance":"","level":"info","msg":"Move data to workspace","time":"2023-06-29T10:41:14Z"}
{"component":"DOCKER","instance":"","level":"info","msg":"Attach to internal network","time":"2023-06-29T10:41:15Z"}
{"component":"DOCKER","instance":"","level":"info","msg":"Remove application","time":"2023-06-29T10:41:16Z"}
{"component":"DOCKER","instance":"","level":"info","msg":"Intermediary container used for moving data from host to volume has been removed","time":"2023-06-29T10:41:17Z"}
{"component":"TESTBED","instance":"1","level":"info","msg":"Move generic data to input volume from /mnt/c/dev/multiplefactoranalysis/data/generic","time":"2023-06-29T10:41:17Z"}
{"component":"DOCKER","instance":"","level":"info","msg":"Move data to workspace","time":"2023-06-29T10:41:17Z"}
{"component":"DOCKER","instance":"","level":"info","msg":"Attach to internal network","time":"2023-06-29T10:41:18Z"}
{"component":"DOCKER","instance":"","level":"info","msg":"Remove application","time":"2023-06-29T10:41:19Z"}
{"component":"DOCKER","instance":"","level":"info","msg":"Intermediary container used for moving data from host to volume has been removed","time":"2023-06-29T10:41:20Z"}
{"component":"TESTBED","instance":"1","level":"info","msg":"Start application","time":"2023-06-29T10:41:20Z"}
{"component":"DOCKER","instance":"","level":"info","msg":"Attach to internal network","time":"2023-06-29T10:41:20Z"}
{"component":"TESTBED","instance":"1","level":"info","msg":"Append app to list","time":"2023-06-29T10:41:22Z"}
{"component":"TESTBED","instance":"1","level":"info","msg":"Link fc_featurecloudaifcmultiplefactoranalysis_240395562 with global socket server","time":"2023-06-29T10:41:22Z"}
{"component":"TESTBED","instance":"1","level":"info","msg":"Link fc_featurecloudaifcmultiplefactoranalysis_896851081 with global socket server","time":"2023-06-29T10:41:22Z"}
{"component":"TESTBED","instance":"1","level":"info","msg":"Start local socket server","time":"2023-06-29T10:41:22Z"}
{"component":"TESTBED","instance":"1","level":"info","msg":"Start local socket server","time":"2023-06-29T10:41:22Z"}
{"component":"TESTBED","instance":"1","level":"info","msg":"Link to global address","time":"2023-06-29T10:41:22Z"}
{"component":"TESTBED","instance":"1","level":"info","msg":"Link to global address","time":"2023-06-29T10:41:22Z"}
{"component":"GLOBAL","instance":"","level":"info","msg":"Registered new participant controller","time":"2023-06-29T10:41:22Z"}
{"component":"GLOBAL","instance":"","level":"info","msg":"Registered new coordinator controller","time":"2023-06-29T10:41:22Z"}
{"component":"LOCAL","instance":"","level":"info","msg":"Received setup trigger","time":"2023-06-29T10:41:22Z"}
{"component":"LOCAL","instance":"","level":"info","msg":"Received setup trigger","time":"2023-06-29T10:41:22Z"}
{"component":"LOCAL","instance":"","level":"error","msg":"Got error during setup to http://172.24.0.4:9000: Post \"http://172.24.0.4:9000/setup\": dial tcp 172.24.0.4:9000: connect: connection refused","time":"2023-06-29T10:41:22Z"}
{"component":"GLOBAL","instance":"","level":"info","msg":"Setup 5aee9e486e2e358a6eb97eaf8d4b05188d45ffef5864b61d43a5d50f0800e408","time":"2023-06-29T10:41:23Z"}
{"component":"TESTBED","instance":"1","level":"info","msg":"Setup triggered","time":"2023-06-29T10:41:23Z"}
{"component":"TESTBED","instance":"1","level":"info","msg":"2 apps and server created and running","time":"2023-06-29T10:41:23Z"}
{"component":"LOCAL","instance":"","level":"info","msg":"http://172.24.0.4:9000/status: New data available","time":"2023-06-29T10:41:28Z"}
{"component":"LOCAL","instance":"","level":"info","msg":"Mode: plain","time":"2023-06-29T10:41:28Z"}
{"component":"LOCAL","instance":"","level":"debug","msg":"http://172.24.0.4:9000/data: Fetched 21386 bytes","time":"2023-06-29T10:41:28Z"}
{"component":"GLOBAL","instance":"","level":"info","msg":"[GLOBAL] Participant (ID: cc4840422b88d74b) sending 21386 bytes to Coordinator","time":"2023-06-29T10:41:28Z"}
{"component":"LOCAL","instance":"","level":"info","msg":"received 21386 bytes from Client cc4840422b88d74b","time":"2023-06-29T10:41:28Z"}
{"component":"LOCAL","instance":"","level":"info","msg":"POST to http://172.24.0.3:9000/data?client=cc4840422b88d74b [Try 1/3]","time":"2023-06-29T10:41:28Z"}
{"component":"LOCAL","instance":"","level":"info","msg":"http://172.24.0.3:9000/status: New data available","time":"2023-06-29T10:41:29Z"}
{"component":"LOCAL","instance":"","level":"info","msg":"Mode: plain","time":"2023-06-29T10:41:29Z"}
{"component":"LOCAL","instance":"","level":"debug","msg":"http://172.24.0.3:9000/data: Fetched 10887 bytes","time":"2023-06-29T10:41:29Z"}
{"component":"GLOBAL","instance":"","level":"info","msg":"Coordinator (ID: 222666fc2fac8195) broadcasting 10887 bytes","time":"2023-06-29T10:41:29Z"}
{"component":"LOCAL","instance":"","level":"info","msg":"received 10887 bytes from Client 222666fc2fac8195","time":"2023-06-29T10:41:29Z"}
{"component":"LOCAL","instance":"","level":"info","msg":"POST to http://172.24.0.4:9000/data?client=222666fc2fac8195 [Try 1/3]","time":"2023-06-29T10:41:29Z"}
{"component":"LOCAL","instance":"","level":"info","msg":"http://172.24.0.4:9000/status: New data available","time":"2023-06-29T10:41:31Z"}
{"component":"LOCAL","instance":"","level":"info","msg":"Mode: plain","time":"2023-06-29T10:41:31Z"}
{"component":"LOCAL","instance":"","level":"debug","msg":"http://172.24.0.4:9000/data: Fetched 10399 bytes","time":"2023-06-29T10:41:31Z"}
{"component":"GLOBAL","instance":"","level":"info","msg":"[GLOBAL] Participant (ID: cc4840422b88d74b) sending 10399 bytes to Coordinator","time":"2023-06-29T10:41:31Z"}
{"component":"LOCAL","instance":"","level":"info","msg":"received 10399 bytes from Client cc4840422b88d74b","time":"2023-06-29T10:41:31Z"}
{"component":"LOCAL","instance":"","level":"info","msg":"POST to http://172.24.0.3:9000/data?client=cc4840422b88d74b [Try 1/3]","time":"2023-06-29T10:41:31Z"}
{"component":"LOCAL","instance":"","level":"info","msg":"http://172.24.0.3:9000/status: New data available","time":"2023-06-29T10:41:32Z"}
{"component":"LOCAL","instance":"","level":"info","msg":"Mode: plain","time":"2023-06-29T10:41:32Z"}
{"component":"LOCAL","instance":"","level":"debug","msg":"http://172.24.0.3:9000/data: Fetched 10372 bytes","time":"2023-06-29T10:41:32Z"}
{"component":"GLOBAL","instance":"","level":"info","msg":"Coordinator (ID: 222666fc2fac8195) broadcasting 10372 bytes","time":"2023-06-29T10:41:32Z"}
{"component":"LOCAL","instance":"","level":"info","msg":"received 10372 bytes from Client 222666fc2fac8195","time":"2023-06-29T10:41:32Z"}
{"component":"LOCAL","instance":"","level":"info","msg":"POST to http://172.24.0.4:9000/data?client=222666fc2fac8195 [Try 1/3]","time":"2023-06-29T10:41:32Z"}
{"component":"LOCAL","instance":"","level":"info","msg":"http://172.24.0.4:9000/status: New data available","time":"2023-06-29T10:41:34Z"}
{"component":"LOCAL","instance":"","level":"info","msg":"Mode: plain","time":"2023-06-29T10:41:34Z"}
{"component":"LOCAL","instance":"","level":"debug","msg":"http://172.24.0.4:9000/data: Fetched 10381 bytes","time":"2023-06-29T10:41:34Z"}
{"component":"GLOBAL","instance":"","level":"info","msg":"[GLOBAL] Participant (ID: cc4840422b88d74b) sending 10381 bytes to Coordinator","time":"2023-06-29T10:41:34Z"}
{"component":"LOCAL","instance":"","level":"info","msg":"received 10381 bytes from Client cc4840422b88d74b","time":"2023-06-29T10:41:34Z"}
{"component":"LOCAL","instance":"","level":"info","msg":"POST to http://172.24.0.3:9000/data?client=cc4840422b88d74b [Try 1/3]","time":"2023-06-29T10:41:34Z"}
{"component":"LOCAL","instance":"","level":"info","msg":"http://172.24.0.3:9000/status: New data available","time":"2023-06-29T10:41:35Z"}
{"component":"LOCAL","instance":"","level":"info","msg":"Mode: plain","time":"2023-06-29T10:41:35Z"}
{"component":"LOCAL","instance":"","level":"debug","msg":"http://172.24.0.3:9000/data: Fetched 30039 bytes","time":"2023-06-29T10:41:35Z"}
{"component":"GLOBAL","instance":"","level":"info","msg":"Coordinator (ID: 222666fc2fac8195) broadcasting 30039 bytes","time":"2023-06-29T10:41:35Z"}
{"component":"LOCAL","instance":"","level":"info","msg":"received 30039 bytes from Client 222666fc2fac8195","time":"2023-06-29T10:41:35Z"}
{"component":"LOCAL","instance":"","level":"info","msg":"POST to http://172.24.0.4:9000/data?client=222666fc2fac8195 [Try 1/3]","time":"2023-06-29T10:41:35Z"}
{"component":"LOCAL","instance":"","level":"info","msg":"http://172.24.0.3:9000/status: Finished","time":"2023-06-29T10:41:38Z"}
{"component":"LOCAL","instance":"","level":"info","msg":"Shutdown","time":"2023-06-29T10:41:38Z"}
{"component":"GLOBAL","instance":"","level":"info","msg":"[GLOBAL] Participant (ID: 222666fc2fac8195) finished the current step","time":"2023-06-29T10:41:38Z"}
{"component":"LOCAL","instance":"","level":"info","msg":"Shutdown","time":"2023-06-29T10:41:38Z"}
{"component":"TESTBED","instance":"1","level":"info","msg":"Stopping test id: 1","time":"2023-06-29T10:41:38Z"}
{"component":"TESTBED","instance":"1","level":"info","msg":"Stopping container fc_featurecloudaifcmultiplefactoranalysis_240395562","time":"2023-06-29T10:41:38Z"}
{"component":"GLOBAL","instance":"","level":"error","msg":"Participant (ID: cc4840422b88d74b): relaying stopped due to: EOF","time":"2023-06-29T10:41:38Z"}
{"component":"GLOBAL","instance":"","level":"error","msg":"Participant (ID: 222666fc2fac8195): relaying stopped due to: EOF","time":"2023-06-29T10:41:38Z"}
{"component":"DOCKER","instance":"","level":"info","msg":"Move data to host","time":"2023-06-29T10:41:39Z"}
{"component":"DOCKER","instance":"","level":"info","msg":"Attach to internal network","time":"2023-06-29T10:41:39Z"}
{"component":"DOCKER","instance":"","level":"info","msg":"Remove application","time":"2023-06-29T10:41:41Z"}
{"component":"DOCKER","instance":"","level":"debug","msg":"Intermediary container used for moving data from volume to host has been removed","time":"2023-06-29T10:41:42Z"}
{"component":"TESTBED","instance":"1","level":"info","msg":"Saved output volume content to /data/tests/results_test_1_client_0_fc_featurecloudaifcmultiplefactoranalysis_240395562.zip","time":"2023-06-29T10:41:42Z"}
{"component":"DOCKER","instance":"","level":"info","msg":"Remove volume test_1_output_0_1688035266","time":"2023-06-29T10:41:42Z"}
{"component":"TESTBED","instance":"1","level":"info","msg":"Deleted volume test_1_output_0_1688035266","time":"2023-06-29T10:41:42Z"}
{"component":"DOCKER","instance":"","level":"info","msg":"Remove volume test_1_input_0_1688035266","time":"2023-06-29T10:41:42Z"}
{"component":"TESTBED","instance":"1","level":"info","msg":"Deleted volume test_1_input_0_1688035266","time":"2023-06-29T10:41:42Z"}
{"component":"TESTBED","instance":"1","level":"info","msg":"Stopping container fc_featurecloudaifcmultiplefactoranalysis_896851081","time":"2023-06-29T10:41:42Z"}
{"component":"DOCKER","instance":"","level":"info","msg":"Move data to host","time":"2023-06-29T10:41:42Z"}
{"component":"DOCKER","instance":"","level":"info","msg":"Attach to internal network","time":"2023-06-29T10:41:43Z"}
{"component":"DOCKER","instance":"","level":"info","msg":"Remove application","time":"2023-06-29T10:41:45Z"}
{"component":"DOCKER","instance":"","level":"debug","msg":"Intermediary container used for moving data from volume to host has been removed","time":"2023-06-29T10:41:46Z"}
{"component":"TESTBED","instance":"1","level":"info","msg":"Saved output volume content to /data/tests/results_test_1_client_1_fc_featurecloudaifcmultiplefactoranalysis_896851081.zip","time":"2023-06-29T10:41:46Z"}
{"component":"DOCKER","instance":"","level":"info","msg":"Remove volume test_1_output_1_1688035274","time":"2023-06-29T10:41:46Z"}
{"component":"TESTBED","instance":"1","level":"info","msg":"Deleted volume test_1_output_1_1688035274","time":"2023-06-29T10:41:46Z"}
{"component":"DOCKER","instance":"","level":"info","msg":"Remove volume test_1_input_1_1688035274","time":"2023-06-29T10:41:46Z"}
{"component":"TESTBED","instance":"1","level":"info","msg":"Deleted volume test_1_input_1_1688035274","time":"2023-06-29T10:41:46Z"}
{"component":"DOCKER","instance":"","level":"error","msg":"Error: No such container: f0b1ad62d56c23bb869c52590c2f1df6523a59c3a548cfd5f156758a07fa707b","time":"2023-06-29T10:41:56Z"}
{"component":"DOCKER","instance":"","level":"error","msg":"Error: No such container: 70fbab10b2e8c8fa5101bb7be0d2db4326656812272c602e866bab324c3c12e8","time":"2023-06-29T10:41:59Z"}
