{"component":"MAIN","instance":"","level":"info","msg":"Controller start","time":"2023-06-29T13:48:55Z"}
{"component":"MAIN","instance":"","level":"info","msg":"Mode: Dockerized (isolated)","time":"2023-06-29T13:48:55Z"}
{"component":"MAIN","instance":"","level":"info","msg":"Configuration value 'HasGPU': false","time":"2023-06-29T13:48:55Z"}
{"component":"DOCKER","instance":"","level":"info","msg":"Removing leftover Docker entities for label: fc-controller-label","time":"2023-06-29T13:48:56Z"}
{"component":"DOCKER","instance":"","level":"info","msg":"Removed 0 of 0 leftover containers","time":"2023-06-29T13:48:56Z"}
{"component":"DOCKER","instance":"","level":"info","msg":"Removed 0 of 1 leftover volumes","time":"2023-06-29T13:48:56Z"}
{"component":"DOCKER","instance":"","level":"info","msg":"Removed 1 of 1 leftover networks","time":"2023-06-29T13:48:56Z"}
{"component":"GLOBAL","instance":"","level":"info","msg":"Listening on port 9151","time":"2023-06-29T13:48:56Z"}
{"component":"GLOBAL","instance":"","level":"info","msg":"Listening on port 9150","time":"2023-06-29T13:48:56Z"}
{"component":"TESTBED","instance":"","level":"info","msg":"Create new test","time":"2023-06-29T13:49:06Z"}
{"component":"TESTBED","instance":"1","level":"info","msg":"Create volumes and containers...","time":"2023-06-29T13:49:06Z"}
{"component":"DOCKER","instance":"","level":"info","msg":"Create volume test_1_input_0_1688046546","time":"2023-06-29T13:49:06Z"}
{"component":"DOCKER","instance":"","level":"info","msg":"Create volume test_1_output_0_1688046546","time":"2023-06-29T13:49:06Z"}
{"component":"TESTBED","instance":"1","level":"info","msg":"Move data to workspace from /mnt/c/dev/multiplefactoranalysis/data/h1","time":"2023-06-29T13:49:06Z"}
{"component":"DOCKER","instance":"","level":"info","msg":"Move data to workspace","time":"2023-06-29T13:49:06Z"}
{"component":"DOCKER","instance":"","level":"info","msg":"Attach to internal network","time":"2023-06-29T13:49:06Z"}
{"component":"DOCKER","instance":"","level":"info","msg":"Remove application","time":"2023-06-29T13:49:08Z"}
{"component":"DOCKER","instance":"","level":"info","msg":"Intermediary container used for moving data from host to volume has been removed","time":"2023-06-29T13:49:09Z"}
{"component":"TESTBED","instance":"1","level":"info","msg":"Move generic data to input volume from /mnt/c/dev/multiplefactoranalysis/data/generic","time":"2023-06-29T13:49:09Z"}
{"component":"DOCKER","instance":"","level":"info","msg":"Move data to workspace","time":"2023-06-29T13:49:09Z"}
{"component":"DOCKER","instance":"","level":"info","msg":"Attach to internal network","time":"2023-06-29T13:49:09Z"}
{"component":"DOCKER","instance":"","level":"info","msg":"Remove application","time":"2023-06-29T13:49:11Z"}
{"component":"DOCKER","instance":"","level":"info","msg":"Intermediary container used for moving data from host to volume has been removed","time":"2023-06-29T13:49:12Z"}
{"component":"TESTBED","instance":"1","level":"info","msg":"Start application","time":"2023-06-29T13:49:12Z"}
{"component":"DOCKER","instance":"","level":"info","msg":"Attach to internal network","time":"2023-06-29T13:49:12Z"}
{"component":"TESTBED","instance":"1","level":"info","msg":"Append app to list","time":"2023-06-29T13:49:14Z"}
{"component":"DOCKER","instance":"","level":"info","msg":"Create volume test_1_input_1_1688046554","time":"2023-06-29T13:49:14Z"}
{"component":"DOCKER","instance":"","level":"info","msg":"Create volume test_1_output_1_1688046554","time":"2023-06-29T13:49:14Z"}
{"component":"TESTBED","instance":"1","level":"info","msg":"Move data to workspace from /mnt/c/dev/multiplefactoranalysis/data/h2","time":"2023-06-29T13:49:14Z"}
{"component":"DOCKER","instance":"","level":"info","msg":"Move data to workspace","time":"2023-06-29T13:49:14Z"}
{"component":"DOCKER","instance":"","level":"info","msg":"Attach to internal network","time":"2023-06-29T13:49:14Z"}
{"component":"DOCKER","instance":"","level":"info","msg":"Remove application","time":"2023-06-29T13:49:16Z"}
{"component":"DOCKER","instance":"","level":"info","msg":"Intermediary container used for moving data from host to volume has been removed","time":"2023-06-29T13:49:17Z"}
{"component":"TESTBED","instance":"1","level":"info","msg":"Move generic data to input volume from /mnt/c/dev/multiplefactoranalysis/data/generic","time":"2023-06-29T13:49:17Z"}
{"component":"DOCKER","instance":"","level":"info","msg":"Move data to workspace","time":"2023-06-29T13:49:17Z"}
{"component":"DOCKER","instance":"","level":"info","msg":"Attach to internal network","time":"2023-06-29T13:49:17Z"}
{"component":"DOCKER","instance":"","level":"info","msg":"Remove application","time":"2023-06-29T13:49:19Z"}
{"component":"DOCKER","instance":"","level":"info","msg":"Intermediary container used for moving data from host to volume has been removed","time":"2023-06-29T13:49:20Z"}
{"component":"TESTBED","instance":"1","level":"info","msg":"Start application","time":"2023-06-29T13:49:20Z"}
{"component":"DOCKER","instance":"","level":"info","msg":"Attach to internal network","time":"2023-06-29T13:49:20Z"}
{"component":"TESTBED","instance":"1","level":"info","msg":"Append app to list","time":"2023-06-29T13:49:21Z"}
{"component":"TESTBED","instance":"1","level":"info","msg":"Link fc_featurecloudaifcmultiplefactoranalysis_379450581 with global socket server","time":"2023-06-29T13:49:21Z"}
{"component":"TESTBED","instance":"1","level":"info","msg":"Link fc_featurecloudaifcmultiplefactoranalysis_95951591 with global socket server","time":"2023-06-29T13:49:21Z"}
{"component":"TESTBED","instance":"1","level":"info","msg":"Start local socket server","time":"2023-06-29T13:49:21Z"}
{"component":"TESTBED","instance":"1","level":"info","msg":"Start local socket server","time":"2023-06-29T13:49:21Z"}
{"component":"TESTBED","instance":"1","level":"info","msg":"Link to global address","time":"2023-06-29T13:49:21Z"}
{"component":"TESTBED","instance":"1","level":"info","msg":"Link to global address","time":"2023-06-29T13:49:21Z"}
{"component":"GLOBAL","instance":"","level":"info","msg":"Registered new coordinator controller","time":"2023-06-29T13:49:21Z"}
{"component":"GLOBAL","instance":"","level":"info","msg":"Registered new participant controller","time":"2023-06-29T13:49:21Z"}
{"component":"LOCAL","instance":"","level":"info","msg":"Received setup trigger","time":"2023-06-29T13:49:21Z"}
{"component":"LOCAL","instance":"","level":"error","msg":"Got error during setup to http://192.168.128.4:9000: Post \"http://192.168.128.4:9000/setup\": dial tcp 192.168.128.4:9000: connect: connection refused","time":"2023-06-29T13:49:21Z"}
{"component":"GLOBAL","instance":"","level":"info","msg":"Setup fcb3905b382beeb72099f66eea050579721e2d10e599d6572d6615e8d7972342","time":"2023-06-29T13:49:22Z"}
{"component":"TESTBED","instance":"1","level":"info","msg":"Setup triggered","time":"2023-06-29T13:49:22Z"}
{"component":"TESTBED","instance":"1","level":"info","msg":"2 apps and server created and running","time":"2023-06-29T13:49:22Z"}
{"component":"LOCAL","instance":"","level":"info","msg":"http://192.168.128.4:9000/status: New data available","time":"2023-06-29T13:49:24Z"}
{"component":"LOCAL","instance":"","level":"info","msg":"Mode: plain","time":"2023-06-29T13:49:24Z"}
{"component":"LOCAL","instance":"","level":"debug","msg":"http://192.168.128.4:9000/data: Fetched 7238 bytes","time":"2023-06-29T13:49:24Z"}
{"component":"GLOBAL","instance":"","level":"info","msg":"[GLOBAL] Participant (ID: 1ee9f4a8efcb6f92) sending 7238 bytes to Coordinator","time":"2023-06-29T13:49:24Z"}
{"component":"LOCAL","instance":"","level":"info","msg":"received 7238 bytes from Client 1ee9f4a8efcb6f92","time":"2023-06-29T13:49:24Z"}
{"component":"LOCAL","instance":"","level":"info","msg":"POST to http://192.168.128.3:9000/data?client=1ee9f4a8efcb6f92 [Try 1/3]","time":"2023-06-29T13:49:24Z"}
