{"component":"MAIN","instance":"","level":"info","msg":"Controller start","time":"2023-07-03T13:47:24Z"}
{"component":"MAIN","instance":"","level":"info","msg":"Mode: Dockerized (isolated)","time":"2023-07-03T13:47:24Z"}
{"component":"MAIN","instance":"","level":"info","msg":"Configuration value 'HasGPU': false","time":"2023-07-03T13:47:24Z"}
{"component":"DOCKER","instance":"","level":"info","msg":"Removing leftover Docker entities for label: fc-controller-label","time":"2023-07-03T13:47:24Z"}
{"component":"DOCKER","instance":"","level":"info","msg":"Removed 0 of 0 leftover containers","time":"2023-07-03T13:47:24Z"}
{"component":"DOCKER","instance":"","level":"info","msg":"Removed 0 of 1 leftover volumes","time":"2023-07-03T13:47:24Z"}
{"component":"DOCKER","instance":"","level":"info","msg":"Removed 1 of 1 leftover networks","time":"2023-07-03T13:47:24Z"}
{"component":"GLOBAL","instance":"","level":"info","msg":"Listening on port 9150","time":"2023-07-03T13:47:24Z"}
{"component":"GLOBAL","instance":"","level":"info","msg":"Listening on port 9151","time":"2023-07-03T13:47:24Z"}
{"component":"TESTBED","instance":"","level":"info","msg":"Create new test","time":"2023-07-03T13:47:33Z"}
{"component":"TESTBED","instance":"1","level":"info","msg":"Create volumes and containers...","time":"2023-07-03T13:47:33Z"}
{"component":"DOCKER","instance":"","level":"info","msg":"Create volume test_1_input_0_1688392053","time":"2023-07-03T13:47:33Z"}
{"component":"DOCKER","instance":"","level":"info","msg":"Create volume test_1_output_0_1688392053","time":"2023-07-03T13:47:33Z"}
{"component":"TESTBED","instance":"1","level":"info","msg":"Move data to workspace from /mnt/c/dev/multiplefactoranalysis/data/h1","time":"2023-07-03T13:47:33Z"}
{"component":"DOCKER","instance":"","level":"info","msg":"Move data to workspace","time":"2023-07-03T13:47:33Z"}
{"component":"DOCKER","instance":"","level":"info","msg":"Attach to internal network","time":"2023-07-03T13:47:33Z"}
{"component":"DOCKER","instance":"","level":"info","msg":"Remove application","time":"2023-07-03T13:47:35Z"}
{"component":"DOCKER","instance":"","level":"info","msg":"Intermediary container used for moving data from host to volume has been removed","time":"2023-07-03T13:47:36Z"}
{"component":"TESTBED","instance":"1","level":"info","msg":"Move generic data to input volume from /mnt/c/dev/multiplefactoranalysis/data/generic","time":"2023-07-03T13:47:36Z"}
{"component":"DOCKER","instance":"","level":"info","msg":"Move data to workspace","time":"2023-07-03T13:47:36Z"}
{"component":"DOCKER","instance":"","level":"info","msg":"Attach to internal network","time":"2023-07-03T13:47:36Z"}
{"component":"DOCKER","instance":"","level":"info","msg":"Remove application","time":"2023-07-03T13:47:38Z"}
{"component":"DOCKER","instance":"","level":"info","msg":"Intermediary container used for moving data from host to volume has been removed","time":"2023-07-03T13:47:39Z"}
{"component":"TESTBED","instance":"1","level":"info","msg":"Start application","time":"2023-07-03T13:47:39Z"}
{"component":"DOCKER","instance":"","level":"info","msg":"Attach to internal network","time":"2023-07-03T13:47:39Z"}
{"component":"TESTBED","instance":"1","level":"info","msg":"Append app to list","time":"2023-07-03T13:47:40Z"}
{"component":"TESTBED","instance":"1","level":"info","msg":"Link fc_featurecloudaifcmultiplefactoranalysis_384721336 with global socket server","time":"2023-07-03T13:47:40Z"}
{"component":"TESTBED","instance":"1","level":"info","msg":"Start local socket server","time":"2023-07-03T13:47:40Z"}
{"component":"TESTBED","instance":"1","level":"info","msg":"Link to global address","time":"2023-07-03T13:47:40Z"}
{"component":"GLOBAL","instance":"","level":"info","msg":"Registered new coordinator controller","time":"2023-07-03T13:47:40Z"}
{"component":"LOCAL","instance":"","level":"info","msg":"Received setup trigger","time":"2023-07-03T13:47:40Z"}
{"component":"LOCAL","instance":"","level":"error","msg":"Got error during setup to http://172.21.0.3:9000: Post \"http://172.21.0.3:9000/setup\": dial tcp 172.21.0.3:9000: connect: connection refused","time":"2023-07-03T13:47:40Z"}
{"component":"GLOBAL","instance":"","level":"info","msg":"Setup 3ca58c6a25e4d2a0705005fcb0dcf9cbff5354d6e446453c33cbddcbdd6cd33b","time":"2023-07-03T13:47:41Z"}
{"component":"TESTBED","instance":"1","level":"info","msg":"Setup triggered","time":"2023-07-03T13:47:41Z"}
{"component":"TESTBED","instance":"1","level":"info","msg":"1 apps and server created and running","time":"2023-07-03T13:47:41Z"}
{"component":"LOCAL","instance":"","level":"info","msg":"http://172.21.0.3:9000/status: New data available","time":"2023-07-03T13:47:46Z"}
{"component":"LOCAL","instance":"","level":"info","msg":"Mode: plain","time":"2023-07-03T13:47:46Z"}
{"component":"LOCAL","instance":"","level":"debug","msg":"http://172.21.0.3:9000/data: Fetched 199 bytes","time":"2023-07-03T13:47:46Z"}
{"component":"GLOBAL","instance":"","level":"info","msg":"Coordinator (ID: 948c1deea6eef0ef) broadcasting 199 bytes","time":"2023-07-03T13:47:46Z"}
{"component":"LOCAL","instance":"","level":"info","msg":"http://172.21.0.3:9000/status: New data available","time":"2023-07-03T13:47:49Z"}
{"component":"LOCAL","instance":"","level":"info","msg":"Mode: plain","time":"2023-07-03T13:47:49Z"}
{"component":"LOCAL","instance":"","level":"debug","msg":"http://172.21.0.3:9000/data: Fetched 238 bytes","time":"2023-07-03T13:47:49Z"}
{"component":"GLOBAL","instance":"","level":"info","msg":"Coordinator (ID: 948c1deea6eef0ef) broadcasting 238 bytes","time":"2023-07-03T13:47:49Z"}
{"component":"LOCAL","instance":"","level":"info","msg":"http://172.21.0.3:9000/status: New data available","time":"2023-07-03T13:47:52Z"}
{"component":"LOCAL","instance":"","level":"info","msg":"Mode: plain","time":"2023-07-03T13:47:52Z"}
{"component":"LOCAL","instance":"","level":"debug","msg":"http://172.21.0.3:9000/data: Fetched 563 bytes","time":"2023-07-03T13:47:52Z"}
{"component":"LOCAL","instance":"","level":"info","msg":"http://172.21.0.3:9000/status: Finished","time":"2023-07-03T13:47:52Z"}
{"component":"GLOBAL","instance":"","level":"info","msg":"Coordinator (ID: 948c1deea6eef0ef) broadcasting 563 bytes","time":"2023-07-03T13:47:52Z"}
{"component":"GLOBAL","instance":"","level":"info","msg":"[GLOBAL] Participant (ID: 948c1deea6eef0ef) finished the current step","time":"2023-07-03T13:47:52Z"}
{"component":"LOCAL","instance":"","level":"info","msg":"Shutdown","time":"2023-07-03T13:47:53Z"}
{"component":"TESTBED","instance":"1","level":"info","msg":"Stopping test id: 1","time":"2023-07-03T13:47:53Z"}
{"component":"TESTBED","instance":"1","level":"info","msg":"Stopping container fc_featurecloudaifcmultiplefactoranalysis_384721336","time":"2023-07-03T13:47:53Z"}
{"component":"GLOBAL","instance":"","level":"error","msg":"Participant (ID: 948c1deea6eef0ef): relaying stopped due to: EOF","time":"2023-07-03T13:47:53Z"}
{"component":"DOCKER","instance":"","level":"info","msg":"Move data to host","time":"2023-07-03T13:47:54Z"}
{"component":"DOCKER","instance":"","level":"info","msg":"Attach to internal network","time":"2023-07-03T13:47:54Z"}
{"component":"DOCKER","instance":"","level":"info","msg":"Remove application","time":"2023-07-03T13:47:56Z"}
{"component":"DOCKER","instance":"","level":"debug","msg":"Intermediary container used for moving data from volume to host has been removed","time":"2023-07-03T13:47:57Z"}
{"component":"TESTBED","instance":"1","level":"info","msg":"Saved output volume content to /data/tests/results_test_1_client_0_fc_featurecloudaifcmultiplefactoranalysis_384721336.zip","time":"2023-07-03T13:47:57Z"}
{"component":"DOCKER","instance":"","level":"info","msg":"Remove volume test_1_output_0_1688392053","time":"2023-07-03T13:47:57Z"}
{"component":"TESTBED","instance":"1","level":"info","msg":"Deleted volume test_1_output_0_1688392053","time":"2023-07-03T13:47:57Z"}
{"component":"DOCKER","instance":"","level":"info","msg":"Remove volume test_1_input_0_1688392053","time":"2023-07-03T13:47:57Z"}
{"component":"TESTBED","instance":"1","level":"info","msg":"Deleted volume test_1_input_0_1688392053","time":"2023-07-03T13:47:57Z"}
