{"component":"MAIN","instance":"","level":"info","msg":"Controller start","time":"2023-06-29T11:57:14Z"}
{"component":"MAIN","instance":"","level":"info","msg":"Mode: Dockerized (isolated)","time":"2023-06-29T11:57:14Z"}
{"component":"MAIN","instance":"","level":"info","msg":"Configuration value 'HasGPU': false","time":"2023-06-29T11:57:14Z"}
{"component":"DOCKER","instance":"","level":"info","msg":"Removing leftover Docker entities for label: fc-controller-label","time":"2023-06-29T11:57:14Z"}
{"component":"DOCKER","instance":"","level":"info","msg":"Removed 0 of 0 leftover containers","time":"2023-06-29T11:57:14Z"}
{"component":"DOCKER","instance":"","level":"info","msg":"Removed 0 of 1 leftover volumes","time":"2023-06-29T11:57:14Z"}
{"component":"DOCKER","instance":"","level":"info","msg":"Removed 1 of 1 leftover networks","time":"2023-06-29T11:57:14Z"}
{"component":"GLOBAL","instance":"","level":"info","msg":"Listening on port 9151","time":"2023-06-29T11:57:14Z"}
{"component":"GLOBAL","instance":"","level":"info","msg":"Listening on port 9150","time":"2023-06-29T11:57:14Z"}
{"component":"TESTBED","instance":"","level":"info","msg":"Create new test","time":"2023-06-29T11:57:24Z"}
{"component":"TESTBED","instance":"1","level":"info","msg":"Create volumes and containers...","time":"2023-06-29T11:57:24Z"}
{"component":"DOCKER","instance":"","level":"info","msg":"Create volume test_1_input_0_1688039844","time":"2023-06-29T11:57:24Z"}
{"component":"DOCKER","instance":"","level":"info","msg":"Create volume test_1_output_0_1688039844","time":"2023-06-29T11:57:24Z"}
{"component":"TESTBED","instance":"1","level":"info","msg":"Move data to workspace from /mnt/c/dev/multiplefactoranalysis/data/h1","time":"2023-06-29T11:57:24Z"}
{"component":"DOCKER","instance":"","level":"info","msg":"Move data to workspace","time":"2023-06-29T11:57:24Z"}
{"component":"DOCKER","instance":"","level":"info","msg":"Attach to internal network","time":"2023-06-29T11:57:24Z"}
{"component":"DOCKER","instance":"","level":"info","msg":"Remove application","time":"2023-06-29T11:57:26Z"}
{"component":"DOCKER","instance":"","level":"info","msg":"Intermediary container used for moving data from host to volume has been removed","time":"2023-06-29T11:57:27Z"}
{"component":"TESTBED","instance":"1","level":"info","msg":"Move generic data to input volume from /mnt/c/dev/multiplefactoranalysis/data/generic","time":"2023-06-29T11:57:27Z"}
{"component":"DOCKER","instance":"","level":"info","msg":"Move data to workspace","time":"2023-06-29T11:57:27Z"}
{"component":"DOCKER","instance":"","level":"info","msg":"Attach to internal network","time":"2023-06-29T11:57:27Z"}
{"component":"DOCKER","instance":"","level":"info","msg":"Remove application","time":"2023-06-29T11:57:29Z"}
{"component":"DOCKER","instance":"","level":"info","msg":"Intermediary container used for moving data from host to volume has been removed","time":"2023-06-29T11:57:30Z"}
{"component":"TESTBED","instance":"1","level":"info","msg":"Start application","time":"2023-06-29T11:57:30Z"}
{"component":"DOCKER","instance":"","level":"info","msg":"Attach to internal network","time":"2023-06-29T11:57:30Z"}
{"component":"TESTBED","instance":"1","level":"info","msg":"Append app to list","time":"2023-06-29T11:57:32Z"}
{"component":"DOCKER","instance":"","level":"info","msg":"Create volume test_1_input_1_1688039852","time":"2023-06-29T11:57:32Z"}
{"component":"DOCKER","instance":"","level":"info","msg":"Create volume test_1_output_1_1688039852","time":"2023-06-29T11:57:32Z"}
{"component":"TESTBED","instance":"1","level":"info","msg":"Move data to workspace from /mnt/c/dev/multiplefactoranalysis/data/h2","time":"2023-06-29T11:57:32Z"}
{"component":"DOCKER","instance":"","level":"info","msg":"Move data to workspace","time":"2023-06-29T11:57:32Z"}
{"component":"DOCKER","instance":"","level":"info","msg":"Attach to internal network","time":"2023-06-29T11:57:32Z"}
{"component":"DOCKER","instance":"","level":"info","msg":"Remove application","time":"2023-06-29T11:57:34Z"}
{"component":"DOCKER","instance":"","level":"info","msg":"Intermediary container used for moving data from host to volume has been removed","time":"2023-06-29T11:57:35Z"}
{"component":"TESTBED","instance":"1","level":"info","msg":"Move generic data to input volume from /mnt/c/dev/multiplefactoranalysis/data/generic","time":"2023-06-29T11:57:35Z"}
{"component":"DOCKER","instance":"","level":"info","msg":"Move data to workspace","time":"2023-06-29T11:57:35Z"}
{"component":"DOCKER","instance":"","level":"info","msg":"Attach to internal network","time":"2023-06-29T11:57:35Z"}
{"component":"DOCKER","instance":"","level":"info","msg":"Remove application","time":"2023-06-29T11:57:37Z"}
{"component":"DOCKER","instance":"","level":"info","msg":"Intermediary container used for moving data from host to volume has been removed","time":"2023-06-29T11:57:38Z"}
{"component":"TESTBED","instance":"1","level":"info","msg":"Start application","time":"2023-06-29T11:57:38Z"}
{"component":"DOCKER","instance":"","level":"info","msg":"Attach to internal network","time":"2023-06-29T11:57:38Z"}
{"component":"TESTBED","instance":"1","level":"info","msg":"Append app to list","time":"2023-06-29T11:57:39Z"}
{"component":"TESTBED","instance":"1","level":"info","msg":"Link fc_featurecloudaifcmultiplefactoranalysis_540298442 with global socket server","time":"2023-06-29T11:57:39Z"}
{"component":"TESTBED","instance":"1","level":"info","msg":"Link fc_featurecloudaifcmultiplefactoranalysis_150107398 with global socket server","time":"2023-06-29T11:57:39Z"}
{"component":"TESTBED","instance":"1","level":"info","msg":"Start local socket server","time":"2023-06-29T11:57:39Z"}
{"component":"TESTBED","instance":"1","level":"info","msg":"Start local socket server","time":"2023-06-29T11:57:39Z"}
{"component":"TESTBED","instance":"1","level":"info","msg":"Link to global address","time":"2023-06-29T11:57:39Z"}
{"component":"TESTBED","instance":"1","level":"info","msg":"Link to global address","time":"2023-06-29T11:57:39Z"}
{"component":"GLOBAL","instance":"","level":"info","msg":"Registered new participant controller","time":"2023-06-29T11:57:39Z"}
{"component":"GLOBAL","instance":"","level":"info","msg":"Registered new coordinator controller","time":"2023-06-29T11:57:39Z"}
{"component":"LOCAL","instance":"","level":"info","msg":"Received setup trigger","time":"2023-06-29T11:57:39Z"}
{"component":"LOCAL","instance":"","level":"info","msg":"Received setup trigger","time":"2023-06-29T11:57:39Z"}
{"component":"LOCAL","instance":"","level":"error","msg":"Got error during setup to http://172.26.0.4:9000: Post \"http://172.26.0.4:9000/setup\": dial tcp 172.26.0.4:9000: connect: connection refused","time":"2023-06-29T11:57:39Z"}
{"component":"GLOBAL","instance":"","level":"info","msg":"Setup e3c77ffa7d302d3dde8bc1f202674ef1fa61f8c499e3a03d9e3e34b19856fc90","time":"2023-06-29T11:57:40Z"}
{"component":"TESTBED","instance":"1","level":"info","msg":"Setup triggered","time":"2023-06-29T11:57:40Z"}
{"component":"TESTBED","instance":"1","level":"info","msg":"2 apps and server created and running","time":"2023-06-29T11:57:40Z"}
{"component":"LOCAL","instance":"","level":"info","msg":"http://172.26.0.3:9000/status: Finished","time":"2023-06-29T11:57:43Z"}
{"component":"GLOBAL","instance":"","level":"info","msg":"[GLOBAL] Participant (ID: d77d6831a4ee7575) finished the current step","time":"2023-06-29T11:57:43Z"}
{"component":"LOCAL","instance":"","level":"info","msg":"Shutdown","time":"2023-06-29T11:57:44Z"}
{"component":"LOCAL","instance":"","level":"info","msg":"Shutdown","time":"2023-06-29T11:57:44Z"}
{"component":"GLOBAL","instance":"","level":"error","msg":"Participant (ID: 48bac68e932971b1): relaying stopped due to: EOF","time":"2023-06-29T11:57:44Z"}
{"component":"GLOBAL","instance":"","level":"error","msg":"Participant (ID: d77d6831a4ee7575): relaying stopped due to: EOF","time":"2023-06-29T11:57:44Z"}
{"component":"TESTBED","instance":"1","level":"info","msg":"Stopping test id: 1","time":"2023-06-29T11:57:44Z"}
{"component":"TESTBED","instance":"1","level":"info","msg":"Stopping container fc_featurecloudaifcmultiplefactoranalysis_540298442","time":"2023-06-29T11:57:44Z"}
{"component":"DOCKER","instance":"","level":"info","msg":"Move data to host","time":"2023-06-29T11:57:45Z"}
{"component":"DOCKER","instance":"","level":"info","msg":"Attach to internal network","time":"2023-06-29T11:57:45Z"}
{"component":"DOCKER","instance":"","level":"info","msg":"Remove application","time":"2023-06-29T11:57:46Z"}
{"component":"DOCKER","instance":"","level":"debug","msg":"Intermediary container used for moving data from volume to host has been removed","time":"2023-06-29T11:57:47Z"}
{"component":"TESTBED","instance":"1","level":"info","msg":"Saved output volume content to /data/tests/results_test_1_client_0_fc_featurecloudaifcmultiplefactoranalysis_540298442.zip","time":"2023-06-29T11:57:47Z"}
{"component":"DOCKER","instance":"","level":"info","msg":"Remove volume test_1_output_0_1688039844","time":"2023-06-29T11:57:47Z"}
{"component":"TESTBED","instance":"1","level":"info","msg":"Deleted volume test_1_output_0_1688039844","time":"2023-06-29T11:57:47Z"}
{"component":"DOCKER","instance":"","level":"info","msg":"Remove volume test_1_input_0_1688039844","time":"2023-06-29T11:57:47Z"}
{"component":"TESTBED","instance":"1","level":"info","msg":"Deleted volume test_1_input_0_1688039844","time":"2023-06-29T11:57:47Z"}
{"component":"TESTBED","instance":"1","level":"info","msg":"Stopping container fc_featurecloudaifcmultiplefactoranalysis_150107398","time":"2023-06-29T11:57:47Z"}
{"component":"DOCKER","instance":"","level":"info","msg":"Move data to host","time":"2023-06-29T11:57:48Z"}
{"component":"DOCKER","instance":"","level":"info","msg":"Attach to internal network","time":"2023-06-29T11:57:48Z"}
{"component":"DOCKER","instance":"","level":"info","msg":"Remove application","time":"2023-06-29T11:57:50Z"}
{"component":"DOCKER","instance":"","level":"debug","msg":"Intermediary container used for moving data from volume to host has been removed","time":"2023-06-29T11:57:51Z"}
{"component":"TESTBED","instance":"1","level":"info","msg":"Saved output volume content to /data/tests/results_test_1_client_1_fc_featurecloudaifcmultiplefactoranalysis_150107398.zip","time":"2023-06-29T11:57:51Z"}
{"component":"DOCKER","instance":"","level":"info","msg":"Remove volume test_1_output_1_1688039852","time":"2023-06-29T11:57:51Z"}
{"component":"TESTBED","instance":"1","level":"info","msg":"Deleted volume test_1_output_1_1688039852","time":"2023-06-29T11:57:51Z"}
{"component":"DOCKER","instance":"","level":"info","msg":"Remove volume test_1_input_1_1688039852","time":"2023-06-29T11:57:51Z"}
{"component":"TESTBED","instance":"1","level":"info","msg":"Deleted volume test_1_input_1_1688039852","time":"2023-06-29T11:57:51Z"}
