{"component":"MAIN","instance":"","level":"info","msg":"Controller start","time":"2023-06-29T13:38:01Z"}
{"component":"MAIN","instance":"","level":"info","msg":"Mode: Dockerized (isolated)","time":"2023-06-29T13:38:01Z"}
{"component":"MAIN","instance":"","level":"info","msg":"Configuration value 'HasGPU': false","time":"2023-06-29T13:38:01Z"}
{"component":"DOCKER","instance":"","level":"info","msg":"Removing leftover Docker entities for label: fc-controller-label","time":"2023-06-29T13:38:01Z"}
{"component":"DOCKER","instance":"","level":"info","msg":"Removed 0 of 0 leftover containers","time":"2023-06-29T13:38:01Z"}
{"component":"DOCKER","instance":"","level":"info","msg":"Removed 0 of 1 leftover volumes","time":"2023-06-29T13:38:01Z"}
{"component":"DOCKER","instance":"","level":"info","msg":"Removed 1 of 1 leftover networks","time":"2023-06-29T13:38:01Z"}
{"component":"GLOBAL","instance":"","level":"info","msg":"Listening on port 9151","time":"2023-06-29T13:38:01Z"}
{"component":"GLOBAL","instance":"","level":"info","msg":"Listening on port 9150","time":"2023-06-29T13:38:01Z"}
{"component":"TESTBED","instance":"","level":"info","msg":"Create new test","time":"2023-06-29T13:38:07Z"}
{"component":"TESTBED","instance":"1","level":"info","msg":"Create volumes and containers...","time":"2023-06-29T13:38:07Z"}
{"component":"DOCKER","instance":"","level":"info","msg":"Create volume test_1_input_0_1688045887","time":"2023-06-29T13:38:07Z"}
{"component":"DOCKER","instance":"","level":"info","msg":"Create volume test_1_output_0_1688045887","time":"2023-06-29T13:38:07Z"}
{"component":"TESTBED","instance":"1","level":"info","msg":"Move data to workspace from /mnt/c/dev/multiplefactoranalysis/data/h1","time":"2023-06-29T13:38:07Z"}
{"component":"DOCKER","instance":"","level":"info","msg":"Move data to workspace","time":"2023-06-29T13:38:07Z"}
{"component":"DOCKER","instance":"","level":"info","msg":"Attach to internal network","time":"2023-06-29T13:38:08Z"}
{"component":"DOCKER","instance":"","level":"info","msg":"Remove application","time":"2023-06-29T13:38:10Z"}
{"component":"DOCKER","instance":"","level":"info","msg":"Intermediary container used for moving data from host to volume has been removed","time":"2023-06-29T13:38:11Z"}
{"component":"TESTBED","instance":"1","level":"info","msg":"Move generic data to input volume from /mnt/c/dev/multiplefactoranalysis/data/generic","time":"2023-06-29T13:38:11Z"}
{"component":"DOCKER","instance":"","level":"info","msg":"Move data to workspace","time":"2023-06-29T13:38:11Z"}
{"component":"DOCKER","instance":"","level":"info","msg":"Attach to internal network","time":"2023-06-29T13:38:11Z"}
{"component":"DOCKER","instance":"","level":"info","msg":"Remove application","time":"2023-06-29T13:38:13Z"}
{"component":"DOCKER","instance":"","level":"info","msg":"Intermediary container used for moving data from host to volume has been removed","time":"2023-06-29T13:38:14Z"}
{"component":"TESTBED","instance":"1","level":"info","msg":"Start application","time":"2023-06-29T13:38:14Z"}
{"component":"DOCKER","instance":"","level":"info","msg":"Attach to internal network","time":"2023-06-29T13:38:14Z"}
{"component":"TESTBED","instance":"1","level":"info","msg":"Append app to list","time":"2023-06-29T13:38:15Z"}
{"component":"DOCKER","instance":"","level":"info","msg":"Create volume test_1_input_1_1688045895","time":"2023-06-29T13:38:15Z"}
{"component":"DOCKER","instance":"","level":"info","msg":"Create volume test_1_output_1_1688045895","time":"2023-06-29T13:38:15Z"}
{"component":"TESTBED","instance":"1","level":"info","msg":"Move data to workspace from /mnt/c/dev/multiplefactoranalysis/data/h2","time":"2023-06-29T13:38:15Z"}
{"component":"DOCKER","instance":"","level":"info","msg":"Move data to workspace","time":"2023-06-29T13:38:15Z"}
{"component":"DOCKER","instance":"","level":"info","msg":"Attach to internal network","time":"2023-06-29T13:38:16Z"}
{"component":"DOCKER","instance":"","level":"info","msg":"Remove application","time":"2023-06-29T13:38:17Z"}
{"component":"DOCKER","instance":"","level":"info","msg":"Intermediary container used for moving data from host to volume has been removed","time":"2023-06-29T13:38:19Z"}
{"component":"TESTBED","instance":"1","level":"info","msg":"Move generic data to input volume from /mnt/c/dev/multiplefactoranalysis/data/generic","time":"2023-06-29T13:38:19Z"}
{"component":"DOCKER","instance":"","level":"info","msg":"Move data to workspace","time":"2023-06-29T13:38:19Z"}
{"component":"DOCKER","instance":"","level":"info","msg":"Attach to internal network","time":"2023-06-29T13:38:19Z"}
{"component":"DOCKER","instance":"","level":"info","msg":"Remove application","time":"2023-06-29T13:38:21Z"}
{"component":"DOCKER","instance":"","level":"info","msg":"Intermediary container used for moving data from host to volume has been removed","time":"2023-06-29T13:38:22Z"}
{"component":"TESTBED","instance":"1","level":"info","msg":"Start application","time":"2023-06-29T13:38:22Z"}
{"component":"DOCKER","instance":"","level":"info","msg":"Attach to internal network","time":"2023-06-29T13:38:22Z"}
{"component":"TESTBED","instance":"1","level":"info","msg":"Append app to list","time":"2023-06-29T13:38:23Z"}
{"component":"TESTBED","instance":"1","level":"info","msg":"Link fc_featurecloudaifcmultiplefactoranalysis_324157745 with global socket server","time":"2023-06-29T13:38:23Z"}
{"component":"TESTBED","instance":"1","level":"info","msg":"Link fc_featurecloudaifcmultiplefactoranalysis_87061495 with global socket server","time":"2023-06-29T13:38:23Z"}
{"component":"TESTBED","instance":"1","level":"info","msg":"Start local socket server","time":"2023-06-29T13:38:23Z"}
{"component":"TESTBED","instance":"1","level":"info","msg":"Start local socket server","time":"2023-06-29T13:38:23Z"}
{"component":"TESTBED","instance":"1","level":"info","msg":"Link to global address","time":"2023-06-29T13:38:23Z"}
{"component":"TESTBED","instance":"1","level":"info","msg":"Link to global address","time":"2023-06-29T13:38:23Z"}
{"component":"GLOBAL","instance":"","level":"info","msg":"Registered new coordinator controller","time":"2023-06-29T13:38:23Z"}
{"component":"GLOBAL","instance":"","level":"info","msg":"Registered new participant controller","time":"2023-06-29T13:38:23Z"}
{"component":"LOCAL","instance":"","level":"info","msg":"Received setup trigger","time":"2023-06-29T13:38:23Z"}
{"component":"LOCAL","instance":"","level":"info","msg":"Received setup trigger","time":"2023-06-29T13:38:23Z"}
{"component":"LOCAL","instance":"","level":"error","msg":"Got error code during setup: 502","time":"2023-06-29T13:38:23Z"}
{"component":"LOCAL","instance":"","level":"error","msg":"Got error during setup to http://192.168.96.4:9000: Post \"http://192.168.96.4:9000/setup\": dial tcp 192.168.96.4:9000: connect: connection refused","time":"2023-06-29T13:38:23Z"}
{"component":"GLOBAL","instance":"","level":"info","msg":"Setup 0cd887702f6790ced2311c165b1918f4c22fd45da3691e794c54d9d69c9c96f5","time":"2023-06-29T13:38:24Z"}
{"component":"TESTBED","instance":"1","level":"info","msg":"Setup triggered","time":"2023-06-29T13:38:24Z"}
{"component":"TESTBED","instance":"1","level":"info","msg":"2 apps and server created and running","time":"2023-06-29T13:38:24Z"}
{"component":"LOCAL","instance":"","level":"error","msg":"Got error code during setup: 502","time":"2023-06-29T13:38:25Z"}
{"component":"LOCAL","instance":"","level":"error","msg":"Got error code during setup: 502","time":"2023-06-29T13:38:25Z"}
{"component":"LOCAL","instance":"","level":"error","msg":"Got error code during setup: 502","time":"2023-06-29T13:38:29Z"}
{"component":"LOCAL","instance":"","level":"error","msg":"Got error code during setup: 502","time":"2023-06-29T13:38:29Z"}
{"component":"LOCAL","instance":"","level":"error","msg":"Got error code during setup: 502","time":"2023-06-29T13:38:37Z"}
{"component":"LOCAL","instance":"","level":"error","msg":"Got error code during setup: 502","time":"2023-06-29T13:38:37Z"}
{"component":"LOCAL","instance":"","level":"error","msg":"Got error code during setup: 502","time":"2023-06-29T13:38:53Z"}
{"component":"LOCAL","instance":"","level":"error","msg":"Got error code during setup: 502","time":"2023-06-29T13:38:53Z"}
{"component":"LOCAL","instance":"","level":"error","msg":"Got error code during setup: 502","time":"2023-06-29T13:39:25Z"}
{"component":"TESTBED","instance":"1","level":"error","msg":"failed to setup, maybe the container got stuck during startup","time":"2023-06-29T13:39:25Z"}
{"component":"LOCAL","instance":"","level":"error","msg":"Got error code during setup: 502","time":"2023-06-29T13:39:25Z"}
{"component":"TESTBED","instance":"1","level":"error","msg":"failed to setup, maybe the container got stuck during startup","time":"2023-06-29T13:39:25Z"}
{"component":"LOCAL","instance":"","level":"info","msg":"Shutdown","time":"2023-06-29T13:39:25Z"}
{"component":"LOCAL","instance":"","level":"info","msg":"Shutdown","time":"2023-06-29T13:39:25Z"}
{"component":"GLOBAL","instance":"","level":"error","msg":"Participant (ID: d496bd156ababe6c): relaying stopped due to: read tcp 127.0.0.1:9150-\u003e127.0.0.1:47118: read: connection reset by peer","time":"2023-06-29T13:39:25Z"}
{"component":"TESTBED","instance":"1","level":"info","msg":"Stopping test id: 1","time":"2023-06-29T13:39:25Z"}
{"component":"TESTBED","instance":"1","level":"info","msg":"Stopping container fc_featurecloudaifcmultiplefactoranalysis_324157745","time":"2023-06-29T13:39:25Z"}
{"component":"GLOBAL","instance":"","level":"error","msg":"Participant (ID: bc9b70c1da413118): relaying stopped due to: read tcp 127.0.0.1:9150-\u003e127.0.0.1:47114: read: connection reset by peer","time":"2023-06-29T13:39:25Z"}
{"component":"DOCKER","instance":"","level":"info","msg":"Move data to host","time":"2023-06-29T13:39:26Z"}
{"component":"DOCKER","instance":"","level":"info","msg":"Attach to internal network","time":"2023-06-29T13:39:26Z"}
{"component":"DOCKER","instance":"","level":"info","msg":"Remove application","time":"2023-06-29T13:39:27Z"}
{"component":"DOCKER","instance":"","level":"debug","msg":"Intermediary container used for moving data from volume to host has been removed","time":"2023-06-29T13:39:28Z"}
{"component":"TESTBED","instance":"1","level":"info","msg":"Saved output volume content to /data/tests/results_test_1_client_0_fc_featurecloudaifcmultiplefactoranalysis_324157745.zip","time":"2023-06-29T13:39:28Z"}
{"component":"DOCKER","instance":"","level":"info","msg":"Remove volume test_1_output_0_1688045887","time":"2023-06-29T13:39:28Z"}
{"component":"TESTBED","instance":"1","level":"info","msg":"Deleted volume test_1_output_0_1688045887","time":"2023-06-29T13:39:28Z"}
{"component":"DOCKER","instance":"","level":"info","msg":"Remove volume test_1_input_0_1688045887","time":"2023-06-29T13:39:28Z"}
{"component":"TESTBED","instance":"1","level":"info","msg":"Deleted volume test_1_input_0_1688045887","time":"2023-06-29T13:39:28Z"}
{"component":"TESTBED","instance":"1","level":"info","msg":"Stopping container fc_featurecloudaifcmultiplefactoranalysis_87061495","time":"2023-06-29T13:39:28Z"}
{"component":"DOCKER","instance":"","level":"info","msg":"Move data to host","time":"2023-06-29T13:39:29Z"}
{"component":"DOCKER","instance":"","level":"info","msg":"Attach to internal network","time":"2023-06-29T13:39:29Z"}
{"component":"DOCKER","instance":"","level":"info","msg":"Remove application","time":"2023-06-29T13:39:30Z"}
{"component":"DOCKER","instance":"","level":"debug","msg":"Intermediary container used for moving data from volume to host has been removed","time":"2023-06-29T13:39:31Z"}
{"component":"TESTBED","instance":"1","level":"info","msg":"Saved output volume content to /data/tests/results_test_1_client_1_fc_featurecloudaifcmultiplefactoranalysis_87061495.zip","time":"2023-06-29T13:39:31Z"}
{"component":"DOCKER","instance":"","level":"info","msg":"Remove volume test_1_output_1_1688045895","time":"2023-06-29T13:39:31Z"}
{"component":"TESTBED","instance":"1","level":"info","msg":"Deleted volume test_1_output_1_1688045895","time":"2023-06-29T13:39:31Z"}
{"component":"DOCKER","instance":"","level":"info","msg":"Remove volume test_1_input_1_1688045895","time":"2023-06-29T13:39:31Z"}
{"component":"TESTBED","instance":"1","level":"info","msg":"Deleted volume test_1_input_1_1688045895","time":"2023-06-29T13:39:31Z"}
