{"component":"MAIN","instance":"","level":"info","msg":"Controller start","time":"2023-07-02T09:54:42Z"}
{"component":"MAIN","instance":"","level":"info","msg":"Mode: Dockerized (isolated)","time":"2023-07-02T09:54:42Z"}
{"component":"MAIN","instance":"","level":"info","msg":"Configuration value 'HasGPU': false","time":"2023-07-02T09:54:42Z"}
{"component":"DOCKER","instance":"","level":"info","msg":"Removing leftover Docker entities for label: fc-controller-label","time":"2023-07-02T09:54:42Z"}
{"component":"DOCKER","instance":"","level":"info","msg":"Removed 0 of 0 leftover containers","time":"2023-07-02T09:54:42Z"}
{"component":"DOCKER","instance":"","level":"info","msg":"Removed 0 of 1 leftover volumes","time":"2023-07-02T09:54:42Z"}
{"component":"DOCKER","instance":"","level":"info","msg":"Removed 1 of 1 leftover networks","time":"2023-07-02T09:54:42Z"}
{"component":"GLOBAL","instance":"","level":"info","msg":"Listening on port 9151","time":"2023-07-02T09:54:42Z"}
{"component":"GLOBAL","instance":"","level":"info","msg":"Listening on port 9150","time":"2023-07-02T09:54:42Z"}
{"component":"TESTBED","instance":"","level":"info","msg":"Create new test","time":"2023-07-02T09:55:08Z"}
{"component":"TESTBED","instance":"1","level":"info","msg":"Create volumes and containers...","time":"2023-07-02T09:55:08Z"}
{"component":"DOCKER","instance":"","level":"info","msg":"Create volume test_1_input_0_1688291708","time":"2023-07-02T09:55:08Z"}
{"component":"DOCKER","instance":"","level":"info","msg":"Create volume test_1_output_0_1688291708","time":"2023-07-02T09:55:08Z"}
{"component":"TESTBED","instance":"1","level":"info","msg":"Move data to workspace from /mnt/c/dev/multiplefactoranalysis/data/h1","time":"2023-07-02T09:55:08Z"}
{"component":"DOCKER","instance":"","level":"info","msg":"Move data to workspace","time":"2023-07-02T09:55:08Z"}
{"component":"DOCKER","instance":"","level":"info","msg":"Attach to internal network","time":"2023-07-02T09:55:08Z"}
{"component":"DOCKER","instance":"","level":"info","msg":"Remove application","time":"2023-07-02T09:55:09Z"}
{"component":"DOCKER","instance":"","level":"info","msg":"Intermediary container used for moving data from host to volume has been removed","time":"2023-07-02T09:55:10Z"}
{"component":"TESTBED","instance":"1","level":"info","msg":"Move generic data to input volume from /mnt/c/dev/multiplefactoranalysis/data/generic","time":"2023-07-02T09:55:10Z"}
{"component":"DOCKER","instance":"","level":"info","msg":"Move data to workspace","time":"2023-07-02T09:55:10Z"}
{"component":"DOCKER","instance":"","level":"info","msg":"Attach to internal network","time":"2023-07-02T09:55:11Z"}
{"component":"DOCKER","instance":"","level":"info","msg":"Remove application","time":"2023-07-02T09:55:13Z"}
{"component":"DOCKER","instance":"","level":"info","msg":"Intermediary container used for moving data from host to volume has been removed","time":"2023-07-02T09:55:14Z"}
{"component":"TESTBED","instance":"1","level":"info","msg":"Start application","time":"2023-07-02T09:55:14Z"}
{"component":"DOCKER","instance":"","level":"info","msg":"Attach to internal network","time":"2023-07-02T09:55:14Z"}
{"component":"TESTBED","instance":"1","level":"info","msg":"Append app to list","time":"2023-07-02T09:55:15Z"}
{"component":"DOCKER","instance":"","level":"info","msg":"Create volume test_1_input_1_1688291715","time":"2023-07-02T09:55:15Z"}
{"component":"DOCKER","instance":"","level":"info","msg":"Create volume test_1_output_1_1688291715","time":"2023-07-02T09:55:15Z"}
{"component":"TESTBED","instance":"1","level":"info","msg":"Move data to workspace skipped, no source provided","time":"2023-07-02T09:55:15Z"}
{"component":"TESTBED","instance":"1","level":"info","msg":"Move generic data to input volume from /mnt/c/dev/multiplefactoranalysis/data/generic","time":"2023-07-02T09:55:15Z"}
{"component":"DOCKER","instance":"","level":"info","msg":"Move data to workspace","time":"2023-07-02T09:55:15Z"}
{"component":"DOCKER","instance":"","level":"info","msg":"Attach to internal network","time":"2023-07-02T09:55:16Z"}
{"component":"DOCKER","instance":"","level":"info","msg":"Remove application","time":"2023-07-02T09:55:17Z"}
{"component":"DOCKER","instance":"","level":"info","msg":"Intermediary container used for moving data from host to volume has been removed","time":"2023-07-02T09:55:18Z"}
{"component":"TESTBED","instance":"1","level":"info","msg":"Start application","time":"2023-07-02T09:55:18Z"}
{"component":"DOCKER","instance":"","level":"info","msg":"Attach to internal network","time":"2023-07-02T09:55:18Z"}
{"component":"TESTBED","instance":"1","level":"info","msg":"Append app to list","time":"2023-07-02T09:55:20Z"}
{"component":"TESTBED","instance":"1","level":"info","msg":"Link fc_featurecloudaifcmultiplefactoranalysis_180454007 with global socket server","time":"2023-07-02T09:55:20Z"}
{"component":"TESTBED","instance":"1","level":"info","msg":"Link fc_featurecloudaifcmultiplefactoranalysis_724096905 with global socket server","time":"2023-07-02T09:55:20Z"}
{"component":"TESTBED","instance":"1","level":"info","msg":"Start local socket server","time":"2023-07-02T09:55:20Z"}
{"component":"TESTBED","instance":"1","level":"info","msg":"Start local socket server","time":"2023-07-02T09:55:20Z"}
{"component":"TESTBED","instance":"1","level":"info","msg":"Link to global address","time":"2023-07-02T09:55:20Z"}
{"component":"TESTBED","instance":"1","level":"info","msg":"Link to global address","time":"2023-07-02T09:55:20Z"}
{"component":"GLOBAL","instance":"","level":"info","msg":"Registered new participant controller","time":"2023-07-02T09:55:20Z"}
{"component":"GLOBAL","instance":"","level":"info","msg":"Registered new coordinator controller","time":"2023-07-02T09:55:20Z"}
{"component":"LOCAL","instance":"","level":"info","msg":"Received setup trigger","time":"2023-07-02T09:55:20Z"}
{"component":"LOCAL","instance":"","level":"info","msg":"Received setup trigger","time":"2023-07-02T09:55:20Z"}
{"component":"LOCAL","instance":"","level":"error","msg":"Got error during setup to http://172.25.0.4:9000: Post \"http://172.25.0.4:9000/setup\": dial tcp 172.25.0.4:9000: connect: connection refused","time":"2023-07-02T09:55:20Z"}
{"component":"GLOBAL","instance":"","level":"info","msg":"Setup 58bc968b6ed6e8306c0e6fc177f9b84913c6c5dde4abf8dec3819b67c42ec869","time":"2023-07-02T09:55:21Z"}
{"component":"TESTBED","instance":"1","level":"info","msg":"Setup triggered","time":"2023-07-02T09:55:21Z"}
{"component":"TESTBED","instance":"1","level":"info","msg":"2 apps and server created and running","time":"2023-07-02T09:55:21Z"}
{"component":"LOCAL","instance":"","level":"info","msg":"http://172.25.0.4:9000/status: Finished","time":"2023-07-02T09:55:26Z"}
{"component":"GLOBAL","instance":"","level":"info","msg":"[GLOBAL] Participant (ID: d00c6ff30d1a05be) finished the current step","time":"2023-07-02T09:55:26Z"}
{"component":"LOCAL","instance":"","level":"info","msg":"Shutdown","time":"2023-07-02T09:55:26Z"}
{"component":"LOCAL","instance":"","level":"info","msg":"Shutdown","time":"2023-07-02T09:55:26Z"}
{"component":"TESTBED","instance":"1","level":"info","msg":"Stopping test id: 1","time":"2023-07-02T09:55:26Z"}
{"component":"TESTBED","instance":"1","level":"info","msg":"Stopping container fc_featurecloudaifcmultiplefactoranalysis_180454007","time":"2023-07-02T09:55:26Z"}
{"component":"GLOBAL","instance":"","level":"error","msg":"Participant (ID: 24f43cac6b5fd188): relaying stopped due to: EOF","time":"2023-07-02T09:55:26Z"}
{"component":"GLOBAL","instance":"","level":"error","msg":"Participant (ID: d00c6ff30d1a05be): relaying stopped due to: EOF","time":"2023-07-02T09:55:26Z"}
{"component":"DOCKER","instance":"","level":"info","msg":"Move data to host","time":"2023-07-02T09:55:26Z"}
{"component":"DOCKER","instance":"","level":"info","msg":"Attach to internal network","time":"2023-07-02T09:55:27Z"}
{"component":"DOCKER","instance":"","level":"info","msg":"Remove application","time":"2023-07-02T09:55:28Z"}
{"component":"DOCKER","instance":"","level":"debug","msg":"Intermediary container used for moving data from volume to host has been removed","time":"2023-07-02T09:55:29Z"}
{"component":"TESTBED","instance":"1","level":"info","msg":"Saved output volume content to /data/tests/results_test_1_client_0_fc_featurecloudaifcmultiplefactoranalysis_180454007.zip","time":"2023-07-02T09:55:29Z"}
{"component":"DOCKER","instance":"","level":"info","msg":"Remove volume test_1_output_0_1688291708","time":"2023-07-02T09:55:29Z"}
{"component":"TESTBED","instance":"1","level":"info","msg":"Deleted volume test_1_output_0_1688291708","time":"2023-07-02T09:55:29Z"}
{"component":"DOCKER","instance":"","level":"info","msg":"Remove volume test_1_input_0_1688291708","time":"2023-07-02T09:55:29Z"}
{"component":"TESTBED","instance":"1","level":"info","msg":"Deleted volume test_1_input_0_1688291708","time":"2023-07-02T09:55:29Z"}
{"component":"TESTBED","instance":"1","level":"info","msg":"Stopping container fc_featurecloudaifcmultiplefactoranalysis_724096905","time":"2023-07-02T09:55:29Z"}
{"component":"DOCKER","instance":"","level":"info","msg":"Move data to host","time":"2023-07-02T09:55:30Z"}
{"component":"DOCKER","instance":"","level":"info","msg":"Attach to internal network","time":"2023-07-02T09:55:30Z"}
{"component":"DOCKER","instance":"","level":"info","msg":"Remove application","time":"2023-07-02T09:55:31Z"}
{"component":"DOCKER","instance":"","level":"debug","msg":"Intermediary container used for moving data from volume to host has been removed","time":"2023-07-02T09:55:32Z"}
{"component":"TESTBED","instance":"1","level":"info","msg":"Saved output volume content to /data/tests/results_test_1_client_1_fc_featurecloudaifcmultiplefactoranalysis_724096905.zip","time":"2023-07-02T09:55:32Z"}
{"component":"DOCKER","instance":"","level":"info","msg":"Remove volume test_1_output_1_1688291715","time":"2023-07-02T09:55:32Z"}
{"component":"TESTBED","instance":"1","level":"info","msg":"Deleted volume test_1_output_1_1688291715","time":"2023-07-02T09:55:32Z"}
{"component":"DOCKER","instance":"","level":"info","msg":"Remove volume test_1_input_1_1688291715","time":"2023-07-02T09:55:32Z"}
{"component":"TESTBED","instance":"1","level":"info","msg":"Deleted volume test_1_input_1_1688291715","time":"2023-07-02T09:55:32Z"}
