{"component":"MAIN","instance":"","level":"info","msg":"Controller start","time":"2023-06-28T11:26:35Z"}
{"component":"MAIN","instance":"","level":"info","msg":"Mode: Dockerized (isolated)","time":"2023-06-28T11:26:35Z"}
{"component":"MAIN","instance":"","level":"info","msg":"Configuration value 'HasGPU': false","time":"2023-06-28T11:26:35Z"}
{"component":"DOCKER","instance":"","level":"info","msg":"Removing leftover Docker entities for label: fc-controller-label","time":"2023-06-28T11:26:36Z"}
{"component":"DOCKER","instance":"","level":"info","msg":"Removed 0 of 0 leftover containers","time":"2023-06-28T11:26:36Z"}
{"component":"DOCKER","instance":"","level":"info","msg":"Removed 0 of 0 leftover volumes","time":"2023-06-28T11:26:36Z"}
{"component":"DOCKER","instance":"","level":"info","msg":"Removed 1 of 1 leftover networks","time":"2023-06-28T11:26:36Z"}
{"component":"GLOBAL","instance":"","level":"info","msg":"Listening on port 9151","time":"2023-06-28T11:26:36Z"}
{"component":"GLOBAL","instance":"","level":"info","msg":"Listening on port 9150","time":"2023-06-28T11:26:36Z"}
{"component":"FLOW","instance":"","level":"error","msg":"Error getting workflow data: getting project states for siteId 12639 failed with HTTP status 401, details: ","time":"2023-06-28T11:26:37Z"}
{"component":"FLOW","instance":"","level":"error","msg":"Error getting workflow data: getting project states for siteId 12639 failed with HTTP status 401, details: ","time":"2023-06-28T11:26:40Z"}
{"component":"FLOW","instance":"","level":"error","msg":"Error getting workflow data: getting project states for siteId 12639 failed with HTTP status 401, details: ","time":"2023-06-28T11:26:43Z"}
{"component":"FLOW","instance":"","level":"error","msg":"Error getting workflow data: getting project states for siteId 12639 failed with HTTP status 401, details: ","time":"2023-06-28T11:26:46Z"}
{"component":"FLOW","instance":"","level":"error","msg":"Error getting workflow data: getting project states for siteId 12639 failed with HTTP status 401, details: ","time":"2023-06-28T11:26:49Z"}
{"component":"FLOW","instance":"","level":"error","msg":"Error getting workflow data: getting project states for siteId 12639 failed with HTTP status 401, details: ","time":"2023-06-28T11:26:53Z"}
{"component":"FLOW","instance":"","level":"error","msg":"Error getting workflow data: getting project states for siteId 12639 failed with HTTP status 401, details: ","time":"2023-06-28T11:26:56Z"}
{"component":"FLOW","instance":"","level":"error","msg":"Error getting workflow data: getting project states for siteId 12639 failed with HTTP status 401, details: ","time":"2023-06-28T11:26:59Z"}
{"component":"FLOW","instance":"","level":"error","msg":"Error getting workflow data: getting project states for siteId 12639 failed with HTTP status 401, details: ","time":"2023-06-28T11:27:02Z"}
{"component":"FLOW","instance":"","level":"error","msg":"Error getting workflow data: getting project states for siteId 12639 failed with HTTP status 401, details: ","time":"2023-06-28T11:27:05Z"}
{"component":"FLOW","instance":"","level":"error","msg":"Error getting workflow data: getting project states for siteId 12639 failed with HTTP status 401, details: ","time":"2023-06-28T11:27:08Z"}
{"component":"FLOW","instance":"","level":"error","msg":"Error getting workflow data: getting project states for siteId 12639 failed with HTTP status 401, details: ","time":"2023-06-28T11:27:12Z"}
{"component":"FLOW","instance":"","level":"error","msg":"Error getting workflow data: getting project states for siteId 12639 failed with HTTP status 401, details: ","time":"2023-06-28T11:27:15Z"}
{"component":"FLOW","instance":"","level":"error","msg":"Error getting workflow data: getting project states for siteId 12639 failed with HTTP status 401, details: ","time":"2023-06-28T11:27:18Z"}
{"component":"FLOW","instance":"","level":"error","msg":"Error getting workflow data: getting project states for siteId 12639 failed with HTTP status 401, details: ","time":"2023-06-28T11:27:21Z"}
{"component":"FLOW","instance":"","level":"error","msg":"Error getting workflow data: getting project states for siteId 12639 failed with HTTP status 401, details: ","time":"2023-06-28T11:27:24Z"}
{"component":"FLOW","instance":"","level":"error","msg":"Error getting workflow data: getting project states for siteId 12639 failed with HTTP status 401, details: ","time":"2023-06-28T11:27:27Z"}
{"component":"FLOW","instance":"","level":"error","msg":"Error getting workflow data: getting project states for siteId 12639 failed with HTTP status 401, details: ","time":"2023-06-28T11:27:30Z"}
{"component":"FLOW","instance":"","level":"error","msg":"Error getting workflow data: getting project states for siteId 12639 failed with HTTP status 401, details: ","time":"2023-06-28T11:27:33Z"}
{"component":"FLOW","instance":"","level":"error","msg":"Error getting workflow data: getting project states for siteId 12639 failed with HTTP status 401, details: ","time":"2023-06-28T11:27:36Z"}
{"component":"FLOW","instance":"","level":"error","msg":"Error getting workflow data: getting project states for siteId 12639 failed with HTTP status 401, details: ","time":"2023-06-28T11:27:39Z"}
{"component":"FLOW","instance":"","level":"error","msg":"Error getting workflow data: getting project states for siteId 12639 failed with HTTP status 401, details: ","time":"2023-06-28T11:27:42Z"}
{"component":"FLOW","instance":"","level":"error","msg":"Error getting workflow data: getting project states for siteId 12639 failed with HTTP status 401, details: ","time":"2023-06-28T11:27:45Z"}
{"component":"FLOW","instance":"","level":"error","msg":"Error getting workflow data: getting project states for siteId 12639 failed with HTTP status 401, details: ","time":"2023-06-28T11:27:48Z"}
{"component":"FLOW","instance":"","level":"error","msg":"Error getting workflow data: getting project states for siteId 12639 failed with HTTP status 401, details: ","time":"2023-06-28T11:27:51Z"}
{"component":"FLOW","instance":"","level":"error","msg":"Error getting workflow data: getting project states for siteId 12639 failed with HTTP status 401, details: ","time":"2023-06-28T11:27:55Z"}
{"component":"FLOW","instance":"","level":"error","msg":"Error getting workflow data: getting project states for siteId 12639 failed with HTTP status 401, details: ","time":"2023-06-28T11:27:58Z"}
{"component":"FLOW","instance":"","level":"error","msg":"Error getting workflow data: getting project states for siteId 12639 failed with HTTP status 401, details: ","time":"2023-06-28T11:28:01Z"}
{"component":"FLOW","instance":"","level":"error","msg":"Error getting workflow data: getting project states for siteId 12639 failed with HTTP status 401, details: ","time":"2023-06-28T11:28:04Z"}
{"component":"FLOW","instance":"","level":"error","msg":"Error getting workflow data: getting project states for siteId 12639 failed with HTTP status 401, details: ","time":"2023-06-28T11:28:07Z"}
{"component":"FLOW","instance":"","level":"error","msg":"Error getting workflow data: getting project states for siteId 12639 failed with HTTP status 401, details: ","time":"2023-06-28T11:28:10Z"}
{"component":"FLOW","instance":"","level":"error","msg":"Error getting workflow data: getting project states for siteId 12639 failed with HTTP status 401, details: ","time":"2023-06-28T11:28:13Z"}
{"component":"FLOW","instance":"","level":"error","msg":"Error getting workflow data: getting project states for siteId 12639 failed with HTTP status 401, details: ","time":"2023-06-28T11:28:16Z"}
{"component":"FLOW","instance":"","level":"error","msg":"Error getting workflow data: getting project states for siteId 12639 failed with HTTP status 401, details: ","time":"2023-06-28T11:28:19Z"}
{"component":"FLOW","instance":"","level":"error","msg":"Error getting workflow data: getting project states for siteId 12639 failed with HTTP status 401, details: ","time":"2023-06-28T11:28:22Z"}
{"component":"FLOW","instance":"","level":"error","msg":"Error getting workflow data: getting project states for siteId 12639 failed with HTTP status 401, details: ","time":"2023-06-28T11:28:25Z"}
{"component":"FLOW","instance":"","level":"error","msg":"Error getting workflow data: getting project states for siteId 12639 failed with HTTP status 401, details: ","time":"2023-06-28T11:28:28Z"}
{"component":"FLOW","instance":"","level":"error","msg":"Error getting workflow data: getting project states for siteId 12639 failed with HTTP status 401, details: ","time":"2023-06-28T11:28:31Z"}
{"component":"FLOW","instance":"","level":"error","msg":"Error getting workflow data: getting project states for siteId 12639 failed with HTTP status 401, details: ","time":"2023-06-28T11:28:34Z"}
{"component":"FLOW","instance":"","level":"error","msg":"Error getting workflow data: getting project states for siteId 12639 failed with HTTP status 401, details: ","time":"2023-06-28T11:28:37Z"}
{"component":"FLOW","instance":"","level":"error","msg":"Error getting workflow data: getting project states for siteId 12639 failed with HTTP status 401, details: ","time":"2023-06-28T11:28:41Z"}
{"component":"FLOW","instance":"","level":"error","msg":"Error getting workflow data: getting project states for siteId 12639 failed with HTTP status 401, details: ","time":"2023-06-28T11:28:44Z"}
{"component":"FLOW","instance":"","level":"error","msg":"Error getting workflow data: getting project states for siteId 12639 failed with HTTP status 401, details: ","time":"2023-06-28T11:28:47Z"}
{"component":"FLOW","instance":"","level":"error","msg":"Error getting workflow data: getting project states for siteId 12639 failed with HTTP status 401, details: ","time":"2023-06-28T11:28:50Z"}
{"component":"FLOW","instance":"","level":"error","msg":"Error getting workflow data: getting project states for siteId 12639 failed with HTTP status 401, details: ","time":"2023-06-28T11:28:53Z"}
{"component":"FLOW","instance":"","level":"error","msg":"Error getting workflow data: getting project states for siteId 12639 failed with HTTP status 401, details: ","time":"2023-06-28T11:28:56Z"}
{"component":"FLOW","instance":"","level":"error","msg":"Error getting workflow data: getting project states for siteId 12639 failed with HTTP status 401, details: ","time":"2023-06-28T11:28:59Z"}
{"component":"FLOW","instance":"","level":"error","msg":"Error getting workflow data: getting project states for siteId 12639 failed with HTTP status 401, details: ","time":"2023-06-28T11:29:02Z"}
{"component":"FLOW","instance":"","level":"error","msg":"Error getting workflow data: getting project states for siteId 12639 failed with HTTP status 401, details: ","time":"2023-06-28T11:29:05Z"}
{"component":"FLOW","instance":"","level":"error","msg":"Error getting workflow data: getting project states for siteId 12639 failed with HTTP status 401, details: ","time":"2023-06-28T11:29:08Z"}
{"component":"FLOW","instance":"","level":"error","msg":"Error getting workflow data: getting project states for siteId 12639 failed with HTTP status 401, details: ","time":"2023-06-28T11:29:11Z"}
{"component":"FLOW","instance":"","level":"error","msg":"Error getting workflow data: getting project states for siteId 12639 failed with HTTP status 401, details: ","time":"2023-06-28T11:29:14Z"}
{"component":"FLOW","instance":"","level":"error","msg":"Error getting workflow data: getting project states for siteId 12639 failed with HTTP status 401, details: ","time":"2023-06-28T11:29:17Z"}
{"component":"FLOW","instance":"","level":"error","msg":"Error getting workflow data: getting project states for siteId 12639 failed with HTTP status 401, details: ","time":"2023-06-28T11:29:20Z"}
{"component":"FLOW","instance":"","level":"error","msg":"Error getting workflow data: getting project states for siteId 12639 failed with HTTP status 401, details: ","time":"2023-06-28T11:29:23Z"}
{"component":"FLOW","instance":"","level":"error","msg":"Error getting workflow data: getting project states for siteId 12639 failed with HTTP status 401, details: ","time":"2023-06-28T11:29:26Z"}
{"component":"FLOW","instance":"","level":"error","msg":"Error getting workflow data: getting project states for siteId 12639 failed with HTTP status 401, details: ","time":"2023-06-28T11:29:30Z"}
{"component":"FLOW","instance":"","level":"error","msg":"Error getting workflow data: getting project states for siteId 12639 failed with HTTP status 401, details: ","time":"2023-06-28T11:29:33Z"}
{"component":"FLOW","instance":"","level":"error","msg":"Error getting workflow data: getting project states for siteId 12639 failed with HTTP status 401, details: ","time":"2023-06-28T11:29:36Z"}
{"component":"FLOW","instance":"","level":"error","msg":"Error getting workflow data: getting project states for siteId 12639 failed with HTTP status 401, details: ","time":"2023-06-28T11:29:39Z"}
{"component":"FLOW","instance":"","level":"error","msg":"Error getting workflow data: getting project states for siteId 12639 failed with HTTP status 401, details: ","time":"2023-06-28T11:29:42Z"}
{"component":"FLOW","instance":"","level":"error","msg":"Error getting workflow data: getting project states for siteId 12639 failed with HTTP status 401, details: ","time":"2023-06-28T11:29:45Z"}
{"component":"FLOW","instance":"","level":"error","msg":"Error getting workflow data: getting project states for siteId 12639 failed with HTTP status 401, details: ","time":"2023-06-28T11:29:48Z"}
{"component":"FLOW","instance":"","level":"error","msg":"Error getting workflow data: getting project states for siteId 12639 failed with HTTP status 401, details: ","time":"2023-06-28T11:29:51Z"}
{"component":"FLOW","instance":"","level":"error","msg":"Error getting workflow data: getting project states for siteId 12639 failed with HTTP status 401, details: ","time":"2023-06-28T11:29:54Z"}
{"component":"FLOW","instance":"","level":"error","msg":"Error getting workflow data: getting project states for siteId 12639 failed with HTTP status 401, details: ","time":"2023-06-28T11:29:57Z"}
{"component":"FLOW","instance":"","level":"error","msg":"Error getting workflow data: getting project states for siteId 12639 failed with HTTP status 401, details: ","time":"2023-06-28T11:30:00Z"}
{"component":"FLOW","instance":"","level":"error","msg":"Error getting workflow data: getting project states for siteId 12639 failed with HTTP status 401, details: ","time":"2023-06-28T11:30:03Z"}
{"component":"FLOW","instance":"","level":"error","msg":"Error getting workflow data: getting project states for siteId 12639 failed with HTTP status 401, details: ","time":"2023-06-28T11:30:06Z"}
{"component":"FLOW","instance":"","level":"error","msg":"Error getting workflow data: getting project states for siteId 12639 failed with HTTP status 401, details: ","time":"2023-06-28T11:30:09Z"}
{"component":"FLOW","instance":"","level":"error","msg":"Error getting workflow data: getting project states for siteId 12639 failed with HTTP status 401, details: ","time":"2023-06-28T11:30:12Z"}
{"component":"FLOW","instance":"","level":"error","msg":"Error getting workflow data: getting project states for siteId 12639 failed with HTTP status 401, details: ","time":"2023-06-28T11:30:15Z"}
{"component":"FLOW","instance":"","level":"error","msg":"Error getting workflow data: getting project states for siteId 12639 failed with HTTP status 401, details: ","time":"2023-06-28T11:30:19Z"}
{"component":"FLOW","instance":"","level":"error","msg":"Error getting workflow data: getting project states for siteId 12639 failed with HTTP status 401, details: ","time":"2023-06-28T11:30:22Z"}
{"component":"FLOW","instance":"","level":"error","msg":"Error getting workflow data: getting project states for siteId 12639 failed with HTTP status 401, details: ","time":"2023-06-28T11:30:25Z"}
{"component":"FLOW","instance":"","level":"error","msg":"Error getting workflow data: getting project states for siteId 12639 failed with HTTP status 401, details: ","time":"2023-06-28T11:30:28Z"}
{"component":"FLOW","instance":"","level":"error","msg":"Error getting workflow data: getting project states for siteId 12639 failed with HTTP status 401, details: ","time":"2023-06-28T11:30:31Z"}
{"component":"FLOW","instance":"","level":"error","msg":"Error getting workflow data: getting project states for siteId 12639 failed with HTTP status 401, details: ","time":"2023-06-28T11:30:34Z"}
{"component":"FLOW","instance":"","level":"error","msg":"Error getting workflow data: getting project states for siteId 12639 failed with HTTP status 401, details: ","time":"2023-06-28T11:30:37Z"}
{"component":"FLOW","instance":"","level":"error","msg":"Error getting workflow data: getting project states for siteId 12639 failed with HTTP status 401, details: ","time":"2023-06-28T11:30:40Z"}
{"component":"FLOW","instance":"","level":"error","msg":"Error getting workflow data: getting project states for siteId 12639 failed with HTTP status 401, details: ","time":"2023-06-28T11:30:43Z"}
{"component":"FLOW","instance":"","level":"error","msg":"Error getting workflow data: getting project states for siteId 12639 failed with HTTP status 401, details: ","time":"2023-06-28T11:30:46Z"}
{"component":"FLOW","instance":"","level":"error","msg":"Error getting workflow data: getting project states for siteId 12639 failed with HTTP status 401, details: ","time":"2023-06-28T11:30:49Z"}
{"component":"FLOW","instance":"","level":"error","msg":"Error getting workflow data: getting project states for siteId 12639 failed with HTTP status 401, details: ","time":"2023-06-28T11:30:52Z"}
{"component":"FLOW","instance":"","level":"error","msg":"Error getting workflow data: getting project states for siteId 12639 failed with HTTP status 401, details: ","time":"2023-06-28T11:30:55Z"}
{"component":"FLOW","instance":"","level":"error","msg":"Error getting workflow data: getting project states for siteId 12639 failed with HTTP status 401, details: ","time":"2023-06-28T11:30:58Z"}
{"component":"FLOW","instance":"","level":"error","msg":"Error getting workflow data: getting project states for siteId 12639 failed with HTTP status 401, details: ","time":"2023-06-28T11:31:01Z"}
{"component":"FLOW","instance":"","level":"error","msg":"Error getting workflow data: getting project states for siteId 12639 failed with HTTP status 401, details: ","time":"2023-06-28T11:31:04Z"}
{"component":"FLOW","instance":"","level":"error","msg":"Error getting workflow data: getting project states for siteId 12639 failed with HTTP status 401, details: ","time":"2023-06-28T11:31:07Z"}
{"component":"FLOW","instance":"","level":"error","msg":"Error getting workflow data: getting project states for siteId 12639 failed with HTTP status 401, details: ","time":"2023-06-28T11:31:11Z"}
{"component":"FLOW","instance":"","level":"error","msg":"Error getting workflow data: getting project states for siteId 12639 failed with HTTP status 401, details: ","time":"2023-06-28T11:31:14Z"}
{"component":"FLOW","instance":"","level":"error","msg":"Error getting workflow data: getting project states for siteId 12639 failed with HTTP status 401, details: ","time":"2023-06-28T11:31:17Z"}
{"component":"FLOW","instance":"","level":"error","msg":"Error getting workflow data: getting project states for siteId 12639 failed with HTTP status 401, details: ","time":"2023-06-28T11:31:20Z"}
{"component":"FLOW","instance":"","level":"error","msg":"Error getting workflow data: getting project states for siteId 12639 failed with HTTP status 401, details: ","time":"2023-06-28T11:31:23Z"}
{"component":"FLOW","instance":"","level":"error","msg":"Error getting workflow data: getting project states for siteId 12639 failed with HTTP status 401, details: ","time":"2023-06-28T11:31:26Z"}
{"component":"FLOW","instance":"","level":"error","msg":"Error getting workflow data: getting project states for siteId 12639 failed with HTTP status 401, details: ","time":"2023-06-28T11:31:29Z"}
{"component":"FLOW","instance":"","level":"error","msg":"Error getting workflow data: getting project states for siteId 12639 failed with HTTP status 401, details: ","time":"2023-06-28T11:31:32Z"}
{"component":"FLOW","instance":"","level":"error","msg":"Error getting workflow data: getting project states for siteId 12639 failed with HTTP status 401, details: ","time":"2023-06-28T11:31:35Z"}
{"component":"FLOW","instance":"","level":"error","msg":"Error getting workflow data: getting project states for siteId 12639 failed with HTTP status 401, details: ","time":"2023-06-28T11:31:38Z"}
{"component":"FLOW","instance":"","level":"error","msg":"Error getting workflow data: getting project states for siteId 12639 failed with HTTP status 401, details: ","time":"2023-06-28T11:31:41Z"}
{"component":"FLOW","instance":"","level":"error","msg":"Error getting workflow data: getting project states for siteId 12639 failed with HTTP status 401, details: ","time":"2023-06-28T11:31:44Z"}
{"component":"FLOW","instance":"","level":"error","msg":"Error getting workflow data: getting project states for siteId 12639 failed with HTTP status 401, details: ","time":"2023-06-28T11:31:48Z"}
{"component":"FLOW","instance":"","level":"error","msg":"Error getting workflow data: getting project states for siteId 12639 failed with HTTP status 401, details: ","time":"2023-06-28T11:31:51Z"}
{"component":"FLOW","instance":"","level":"error","msg":"Error getting workflow data: getting project states for siteId 12639 failed with HTTP status 401, details: ","time":"2023-06-28T11:31:54Z"}
{"component":"FLOW","instance":"","level":"error","msg":"Error getting workflow data: getting project states for siteId 12639 failed with HTTP status 401, details: ","time":"2023-06-28T11:31:57Z"}
{"component":"FLOW","instance":"","level":"error","msg":"Error getting workflow data: getting project states for siteId 12639 failed with HTTP status 401, details: ","time":"2023-06-28T11:32:00Z"}
{"component":"FLOW","instance":"","level":"error","msg":"Error getting workflow data: getting project states for siteId 12639 failed with HTTP status 401, details: ","time":"2023-06-28T11:32:04Z"}
{"component":"FLOW","instance":"","level":"error","msg":"Error getting workflow data: getting project states for siteId 12639 failed with HTTP status 401, details: ","time":"2023-06-28T11:32:07Z"}
{"component":"FLOW","instance":"","level":"error","msg":"Error getting workflow data: getting project states for siteId 12639 failed with HTTP status 401, details: ","time":"2023-06-28T11:32:10Z"}
{"component":"FLOW","instance":"","level":"error","msg":"Error getting workflow data: getting project states for siteId 12639 failed with HTTP status 401, details: ","time":"2023-06-28T11:32:13Z"}
{"component":"FLOW","instance":"","level":"error","msg":"Error getting workflow data: getting project states for siteId 12639 failed with HTTP status 401, details: ","time":"2023-06-28T11:32:16Z"}
{"component":"FLOW","instance":"","level":"error","msg":"Error getting workflow data: getting project states for siteId 12639 failed with HTTP status 401, details: ","time":"2023-06-28T11:32:19Z"}
{"component":"FLOW","instance":"","level":"error","msg":"Error getting workflow data: getting project states for siteId 12639 failed with HTTP status 401, details: ","time":"2023-06-28T11:32:22Z"}
{"component":"FLOW","instance":"","level":"error","msg":"Error getting workflow data: getting project states for siteId 12639 failed with HTTP status 401, details: ","time":"2023-06-28T11:32:25Z"}
{"component":"FLOW","instance":"","level":"error","msg":"Error getting workflow data: getting project states for siteId 12639 failed with HTTP status 401, details: ","time":"2023-06-28T11:32:28Z"}
{"component":"FLOW","instance":"","level":"error","msg":"Error getting workflow data: getting project states for siteId 12639 failed with HTTP status 401, details: ","time":"2023-06-28T11:32:31Z"}
{"component":"FLOW","instance":"","level":"error","msg":"Error getting workflow data: getting project states for siteId 12639 failed with HTTP status 401, details: ","time":"2023-06-28T11:32:34Z"}
{"component":"FLOW","instance":"","level":"error","msg":"Error getting workflow data: getting project states for siteId 12639 failed with HTTP status 401, details: ","time":"2023-06-28T11:32:37Z"}
{"component":"FLOW","instance":"","level":"error","msg":"Error getting workflow data: getting project states for siteId 12639 failed with HTTP status 401, details: ","time":"2023-06-28T11:32:40Z"}
{"component":"FLOW","instance":"","level":"error","msg":"Error getting workflow data: getting project states for siteId 12639 failed with HTTP status 401, details: ","time":"2023-06-28T11:32:44Z"}
{"component":"FLOW","instance":"","level":"error","msg":"Error getting workflow data: getting project states for siteId 12639 failed with HTTP status 401, details: ","time":"2023-06-28T11:32:47Z"}
{"component":"FLOW","instance":"","level":"error","msg":"Error getting workflow data: getting project states for siteId 12639 failed with HTTP status 401, details: ","time":"2023-06-28T11:32:50Z"}
{"component":"FLOW","instance":"","level":"error","msg":"Error getting workflow data: getting project states for siteId 12639 failed with HTTP status 401, details: ","time":"2023-06-28T11:32:53Z"}
{"component":"FLOW","instance":"","level":"error","msg":"Error getting workflow data: getting project states for siteId 12639 failed with HTTP status 401, details: ","time":"2023-06-28T11:32:56Z"}
{"component":"FLOW","instance":"","level":"error","msg":"Error getting workflow data: getting project states for siteId 12639 failed with HTTP status 401, details: ","time":"2023-06-28T11:32:59Z"}
{"component":"FLOW","instance":"","level":"error","msg":"Error getting workflow data: getting project states for siteId 12639 failed with HTTP status 401, details: ","time":"2023-06-28T11:33:02Z"}
{"component":"FLOW","instance":"","level":"error","msg":"Error getting workflow data: getting project states for siteId 12639 failed with HTTP status 401, details: ","time":"2023-06-28T11:33:05Z"}
{"component":"FLOW","instance":"","level":"error","msg":"Error getting workflow data: getting project states for siteId 12639 failed with HTTP status 401, details: ","time":"2023-06-28T11:33:08Z"}
{"component":"FLOW","instance":"","level":"error","msg":"Error getting workflow data: getting project states for siteId 12639 failed with HTTP status 401, details: ","time":"2023-06-28T11:33:11Z"}
{"component":"FLOW","instance":"","level":"error","msg":"Error getting workflow data: getting project states for siteId 12639 failed with HTTP status 401, details: ","time":"2023-06-28T11:33:14Z"}
{"component":"FLOW","instance":"","level":"error","msg":"Error getting workflow data: getting project states for siteId 12639 failed with HTTP status 401, details: ","time":"2023-06-28T11:33:17Z"}
{"component":"FLOW","instance":"","level":"error","msg":"Error getting workflow data: getting project states for siteId 12639 failed with HTTP status 401, details: ","time":"2023-06-28T11:33:20Z"}
{"component":"FLOW","instance":"","level":"error","msg":"Error getting workflow data: getting project states for siteId 12639 failed with HTTP status 401, details: ","time":"2023-06-28T11:33:23Z"}
{"component":"FLOW","instance":"","level":"error","msg":"Error getting workflow data: getting project states for siteId 12639 failed with HTTP status 401, details: ","time":"2023-06-28T11:33:26Z"}
{"component":"FLOW","instance":"","level":"error","msg":"Error getting workflow data: getting project states for siteId 12639 failed with HTTP status 401, details: ","time":"2023-06-28T11:33:30Z"}
{"component":"FLOW","instance":"","level":"error","msg":"Error getting workflow data: getting project states for siteId 12639 failed with HTTP status 401, details: ","time":"2023-06-28T11:33:33Z"}
{"component":"FLOW","instance":"","level":"error","msg":"Error getting workflow data: getting project states for siteId 12639 failed with HTTP status 401, details: ","time":"2023-06-28T11:33:36Z"}
{"component":"FLOW","instance":"","level":"error","msg":"Error getting workflow data: getting project states for siteId 12639 failed with HTTP status 401, details: ","time":"2023-06-28T11:33:39Z"}
{"component":"FLOW","instance":"","level":"error","msg":"Error getting workflow data: getting project states for siteId 12639 failed with HTTP status 401, details: ","time":"2023-06-28T11:33:42Z"}
{"component":"FLOW","instance":"","level":"error","msg":"Error getting workflow data: getting project states for siteId 12639 failed with HTTP status 401, details: ","time":"2023-06-28T11:33:45Z"}
{"component":"FLOW","instance":"","level":"error","msg":"Error getting workflow data: getting project states for siteId 12639 failed with HTTP status 401, details: ","time":"2023-06-28T11:33:48Z"}
{"component":"FLOW","instance":"","level":"error","msg":"Error getting workflow data: getting project states for siteId 12639 failed with HTTP status 401, details: ","time":"2023-06-28T11:33:51Z"}
{"component":"FLOW","instance":"","level":"error","msg":"Error getting workflow data: getting project states for siteId 12639 failed with HTTP status 401, details: ","time":"2023-06-28T11:33:54Z"}
{"component":"FLOW","instance":"","level":"error","msg":"Error getting workflow data: getting project states for siteId 12639 failed with HTTP status 401, details: ","time":"2023-06-28T11:33:57Z"}
{"component":"FLOW","instance":"","level":"error","msg":"Error getting workflow data: getting project states for siteId 12639 failed with HTTP status 401, details: ","time":"2023-06-28T11:34:00Z"}
{"component":"FLOW","instance":"","level":"error","msg":"Error getting workflow data: getting project states for siteId 12639 failed with HTTP status 401, details: ","time":"2023-06-28T11:34:03Z"}
{"component":"FLOW","instance":"","level":"error","msg":"Error getting workflow data: getting project states for siteId 12639 failed with HTTP status 401, details: ","time":"2023-06-28T11:34:06Z"}
{"component":"FLOW","instance":"","level":"error","msg":"Error getting workflow data: getting project states for siteId 12639 failed with HTTP status 401, details: ","time":"2023-06-28T11:34:09Z"}
{"component":"FLOW","instance":"","level":"error","msg":"Error getting workflow data: getting project states for siteId 12639 failed with HTTP status 401, details: ","time":"2023-06-28T11:34:12Z"}
{"component":"FLOW","instance":"","level":"error","msg":"Error getting workflow data: getting project states for siteId 12639 failed with HTTP status 401, details: ","time":"2023-06-28T11:34:15Z"}
{"component":"FLOW","instance":"","level":"error","msg":"Error getting workflow data: getting project states for siteId 12639 failed with HTTP status 401, details: ","time":"2023-06-28T11:34:19Z"}
{"component":"FLOW","instance":"","level":"error","msg":"Error getting workflow data: getting project states for siteId 12639 failed with HTTP status 401, details: ","time":"2023-06-28T11:34:22Z"}
{"component":"FLOW","instance":"","level":"error","msg":"Error getting workflow data: getting project states for siteId 12639 failed with HTTP status 401, details: ","time":"2023-06-28T11:34:25Z"}
{"component":"FLOW","instance":"","level":"error","msg":"Error getting workflow data: getting project states for siteId 12639 failed with HTTP status 401, details: ","time":"2023-06-28T11:34:28Z"}
{"component":"FLOW","instance":"","level":"error","msg":"Error getting workflow data: getting project states for siteId 12639 failed with HTTP status 401, details: ","time":"2023-06-28T11:34:31Z"}
{"component":"FLOW","instance":"","level":"error","msg":"Error getting workflow data: getting project states for siteId 12639 failed with HTTP status 401, details: ","time":"2023-06-28T11:34:34Z"}
{"component":"FLOW","instance":"","level":"error","msg":"Error getting workflow data: getting project states for siteId 12639 failed with HTTP status 401, details: ","time":"2023-06-28T11:34:37Z"}
{"component":"FLOW","instance":"","level":"error","msg":"Error getting workflow data: getting project states for siteId 12639 failed with HTTP status 401, details: ","time":"2023-06-28T11:34:40Z"}
{"component":"FLOW","instance":"","level":"error","msg":"Error getting workflow data: getting project states for siteId 12639 failed with HTTP status 401, details: ","time":"2023-06-28T11:34:43Z"}
{"component":"FLOW","instance":"","level":"error","msg":"Error getting workflow data: getting project states for siteId 12639 failed with HTTP status 401, details: ","time":"2023-06-28T11:34:46Z"}
{"component":"FLOW","instance":"","level":"error","msg":"Error getting workflow data: getting project states for siteId 12639 failed with HTTP status 401, details: ","time":"2023-06-28T11:34:49Z"}
{"component":"FLOW","instance":"","level":"error","msg":"Error getting workflow data: getting project states for siteId 12639 failed with HTTP status 401, details: ","time":"2023-06-28T11:34:52Z"}
{"component":"FLOW","instance":"","level":"error","msg":"Error getting workflow data: getting project states for siteId 12639 failed with HTTP status 401, details: ","time":"2023-06-28T11:34:55Z"}
{"component":"FLOW","instance":"","level":"error","msg":"Error getting workflow data: getting project states for siteId 12639 failed with HTTP status 401, details: ","time":"2023-06-28T11:34:58Z"}
{"component":"FLOW","instance":"","level":"error","msg":"Error getting workflow data: getting project states for siteId 12639 failed with HTTP status 401, details: ","time":"2023-06-28T11:35:01Z"}
{"component":"FLOW","instance":"","level":"error","msg":"Error getting workflow data: getting project states for siteId 12639 failed with HTTP status 401, details: ","time":"2023-06-28T11:35:04Z"}
{"component":"FLOW","instance":"","level":"error","msg":"Error getting workflow data: getting project states for siteId 12639 failed with HTTP status 401, details: ","time":"2023-06-28T11:35:08Z"}
{"component":"FLOW","instance":"","level":"error","msg":"Error getting workflow data: getting project states for siteId 12639 failed with HTTP status 401, details: ","time":"2023-06-28T11:35:11Z"}
{"component":"FLOW","instance":"","level":"error","msg":"Error getting workflow data: getting project states for siteId 12639 failed with HTTP status 401, details: ","time":"2023-06-28T11:35:14Z"}
{"component":"FLOW","instance":"","level":"error","msg":"Error getting workflow data: getting project states for siteId 12639 failed with HTTP status 401, details: ","time":"2023-06-28T11:35:17Z"}
{"component":"FLOW","instance":"","level":"error","msg":"Error getting workflow data: getting project states for siteId 12639 failed with HTTP status 401, details: ","time":"2023-06-28T11:35:20Z"}
{"component":"FLOW","instance":"","level":"error","msg":"Error getting workflow data: getting project states for siteId 12639 failed with HTTP status 401, details: ","time":"2023-06-28T11:35:23Z"}
{"component":"FLOW","instance":"","level":"error","msg":"Error getting workflow data: getting project states for siteId 12639 failed with HTTP status 401, details: ","time":"2023-06-28T11:35:26Z"}
{"component":"FLOW","instance":"","level":"error","msg":"Error getting workflow data: getting project states for siteId 12639 failed with HTTP status 401, details: ","time":"2023-06-28T11:35:29Z"}
{"component":"FLOW","instance":"","level":"error","msg":"Error getting workflow data: getting project states for siteId 12639 failed with HTTP status 401, details: ","time":"2023-06-28T11:35:32Z"}
{"component":"FLOW","instance":"","level":"error","msg":"Error getting workflow data: getting project states for siteId 12639 failed with HTTP status 401, details: ","time":"2023-06-28T11:35:35Z"}
{"component":"FLOW","instance":"","level":"error","msg":"Error getting workflow data: getting project states for siteId 12639 failed with HTTP status 401, details: ","time":"2023-06-28T11:35:38Z"}
{"component":"FLOW","instance":"","level":"error","msg":"Error getting workflow data: getting project states for siteId 12639 failed with HTTP status 401, details: ","time":"2023-06-28T11:35:41Z"}
{"component":"FLOW","instance":"","level":"error","msg":"Error getting workflow data: getting project states for siteId 12639 failed with HTTP status 401, details: ","time":"2023-06-28T11:35:44Z"}
{"component":"FLOW","instance":"","level":"error","msg":"Error getting workflow data: getting project states for siteId 12639 failed with HTTP status 401, details: ","time":"2023-06-28T11:35:47Z"}
{"component":"FLOW","instance":"","level":"error","msg":"Error getting workflow data: getting project states for siteId 12639 failed with HTTP status 401, details: ","time":"2023-06-28T11:35:50Z"}
{"component":"FLOW","instance":"","level":"error","msg":"Error getting workflow data: getting project states for siteId 12639 failed with HTTP status 401, details: ","time":"2023-06-28T11:35:54Z"}
{"component":"FLOW","instance":"","level":"error","msg":"Error getting workflow data: getting project states for siteId 12639 failed with HTTP status 401, details: ","time":"2023-06-28T11:35:57Z"}
{"component":"FLOW","instance":"","level":"error","msg":"Error getting workflow data: getting project states for siteId 12639 failed with HTTP status 401, details: ","time":"2023-06-28T11:36:00Z"}
{"component":"FLOW","instance":"","level":"error","msg":"Error getting workflow data: getting project states for siteId 12639 failed with HTTP status 401, details: ","time":"2023-06-28T11:36:03Z"}
{"component":"FLOW","instance":"","level":"error","msg":"Error getting workflow data: getting project states for siteId 12639 failed with HTTP status 401, details: ","time":"2023-06-28T11:36:06Z"}
{"component":"FLOW","instance":"","level":"error","msg":"Error getting workflow data: getting project states for siteId 12639 failed with HTTP status 401, details: ","time":"2023-06-28T11:36:09Z"}
{"component":"FLOW","instance":"","level":"error","msg":"Error getting workflow data: getting project states for siteId 12639 failed with HTTP status 401, details: ","time":"2023-06-28T11:36:12Z"}
{"component":"FLOW","instance":"","level":"error","msg":"Error getting workflow data: getting project states for siteId 12639 failed with HTTP status 401, details: ","time":"2023-06-28T11:36:15Z"}
{"component":"FLOW","instance":"","level":"error","msg":"Error getting workflow data: getting project states for siteId 12639 failed with HTTP status 401, details: ","time":"2023-06-28T11:36:18Z"}
{"component":"FLOW","instance":"","level":"error","msg":"Error getting workflow data: getting project states for siteId 12639 failed with HTTP status 401, details: ","time":"2023-06-28T11:36:21Z"}
{"component":"FLOW","instance":"","level":"error","msg":"Error getting workflow data: getting project states for siteId 12639 failed with HTTP status 401, details: ","time":"2023-06-28T11:36:24Z"}
{"component":"FLOW","instance":"","level":"error","msg":"Error getting workflow data: getting project states for siteId 12639 failed with HTTP status 401, details: ","time":"2023-06-28T11:36:27Z"}
{"component":"FLOW","instance":"","level":"error","msg":"Error getting workflow data: getting project states for siteId 12639 failed with HTTP status 401, details: ","time":"2023-06-28T11:36:30Z"}
{"component":"FLOW","instance":"","level":"error","msg":"Error getting workflow data: getting project states for siteId 12639 failed with HTTP status 401, details: ","time":"2023-06-28T11:36:33Z"}
