{"component":"MAIN","instance":"","level":"info","msg":"Controller start","time":"2023-06-28T12:53:16Z"}
{"component":"MAIN","instance":"","level":"info","msg":"Mode: Dockerized (isolated)","time":"2023-06-28T12:53:16Z"}
{"component":"MAIN","instance":"","level":"info","msg":"Configuration value 'HasGPU': false","time":"2023-06-28T12:53:16Z"}
{"component":"DOCKER","instance":"","level":"info","msg":"Removing leftover Docker entities for label: fc-controller-label","time":"2023-06-28T12:53:16Z"}
{"component":"DOCKER","instance":"","level":"info","msg":"Removed 0 of 0 leftover containers","time":"2023-06-28T12:53:16Z"}
{"component":"DOCKER","instance":"","level":"info","msg":"Removed 0 of 0 leftover volumes","time":"2023-06-28T12:53:16Z"}
{"component":"DOCKER","instance":"","level":"info","msg":"Removed 1 of 1 leftover networks","time":"2023-06-28T12:53:17Z"}
{"component":"GLOBAL","instance":"","level":"info","msg":"Listening on port 9151","time":"2023-06-28T12:53:17Z"}
{"component":"GLOBAL","instance":"","level":"info","msg":"Listening on port 9150","time":"2023-06-28T12:53:17Z"}
{"component":"TESTBED","instance":"","level":"info","msg":"Create new test","time":"2023-06-28T12:53:36Z"}
{"component":"TESTBED","instance":"1","level":"info","msg":"Create volumes and containers...","time":"2023-06-28T12:53:36Z"}
{"component":"DOCKER","instance":"","level":"info","msg":"Create volume test_1_input_0_1687956816","time":"2023-06-28T12:53:36Z"}
{"component":"DOCKER","instance":"","level":"info","msg":"Create volume test_1_output_0_1687956816","time":"2023-06-28T12:53:36Z"}
{"component":"TESTBED","instance":"1","level":"info","msg":"Move data to workspace from /mnt/c/dev/multiplefactoranalysis/data/h1","time":"2023-06-28T12:53:36Z"}
{"component":"DOCKER","instance":"","level":"info","msg":"Move data to workspace","time":"2023-06-28T12:53:36Z"}
{"component":"DOCKER","instance":"","level":"info","msg":"Attach to internal network","time":"2023-06-28T12:53:36Z"}
{"component":"DOCKER","instance":"","level":"info","msg":"Remove application","time":"2023-06-28T12:53:38Z"}
{"component":"DOCKER","instance":"","level":"info","msg":"Intermediary container used for moving data from host to volume has been removed","time":"2023-06-28T12:53:39Z"}
{"component":"TESTBED","instance":"1","level":"info","msg":"Move generic data to input volume from /mnt/c/dev/multiplefactoranalysis/data/generic","time":"2023-06-28T12:53:39Z"}
{"component":"DOCKER","instance":"","level":"info","msg":"Move data to workspace","time":"2023-06-28T12:53:39Z"}
{"component":"DOCKER","instance":"","level":"info","msg":"Attach to internal network","time":"2023-06-28T12:53:39Z"}
{"component":"DOCKER","instance":"","level":"info","msg":"Remove application","time":"2023-06-28T12:53:40Z"}
{"component":"DOCKER","instance":"","level":"info","msg":"Intermediary container used for moving data from host to volume has been removed","time":"2023-06-28T12:53:41Z"}
{"component":"TESTBED","instance":"1","level":"info","msg":"Start application","time":"2023-06-28T12:53:41Z"}
{"component":"DOCKER","instance":"","level":"info","msg":"Attach to internal network","time":"2023-06-28T12:53:41Z"}
{"component":"TESTBED","instance":"1","level":"info","msg":"Append app to list","time":"2023-06-28T12:53:43Z"}
{"component":"DOCKER","instance":"","level":"info","msg":"Create volume test_1_input_1_1687956823","time":"2023-06-28T12:53:43Z"}
{"component":"DOCKER","instance":"","level":"info","msg":"Create volume test_1_output_1_1687956823","time":"2023-06-28T12:53:43Z"}
{"component":"TESTBED","instance":"1","level":"info","msg":"Move data to workspace from /mnt/c/dev/multiplefactoranalysis/data/h2","time":"2023-06-28T12:53:43Z"}
{"component":"DOCKER","instance":"","level":"info","msg":"Move data to workspace","time":"2023-06-28T12:53:43Z"}
{"component":"DOCKER","instance":"","level":"info","msg":"Attach to internal network","time":"2023-06-28T12:53:43Z"}
{"component":"DOCKER","instance":"","level":"info","msg":"Remove application","time":"2023-06-28T12:53:45Z"}
{"component":"DOCKER","instance":"","level":"info","msg":"Intermediary container used for moving data from host to volume has been removed","time":"2023-06-28T12:53:46Z"}
{"component":"TESTBED","instance":"1","level":"info","msg":"Move generic data to input volume from /mnt/c/dev/multiplefactoranalysis/data/generic","time":"2023-06-28T12:53:46Z"}
{"component":"DOCKER","instance":"","level":"info","msg":"Move data to workspace","time":"2023-06-28T12:53:46Z"}
{"component":"DOCKER","instance":"","level":"info","msg":"Attach to internal network","time":"2023-06-28T12:53:46Z"}
{"component":"DOCKER","instance":"","level":"info","msg":"Remove application","time":"2023-06-28T12:53:48Z"}
{"component":"DOCKER","instance":"","level":"info","msg":"Intermediary container used for moving data from host to volume has been removed","time":"2023-06-28T12:53:49Z"}
{"component":"TESTBED","instance":"1","level":"info","msg":"Start application","time":"2023-06-28T12:53:49Z"}
{"component":"DOCKER","instance":"","level":"info","msg":"Attach to internal network","time":"2023-06-28T12:53:49Z"}
{"component":"TESTBED","instance":"1","level":"info","msg":"Append app to list","time":"2023-06-28T12:53:50Z"}
{"component":"TESTBED","instance":"1","level":"info","msg":"Link fc_featurecloudaifcmultiplefactoranalysis_891520717 with global socket server","time":"2023-06-28T12:53:50Z"}
{"component":"TESTBED","instance":"1","level":"info","msg":"Link fc_featurecloudaifcmultiplefactoranalysis_344102500 with global socket server","time":"2023-06-28T12:53:50Z"}
{"component":"TESTBED","instance":"1","level":"info","msg":"Start local socket server","time":"2023-06-28T12:53:50Z"}
{"component":"TESTBED","instance":"1","level":"info","msg":"Start local socket server","time":"2023-06-28T12:53:50Z"}
{"component":"TESTBED","instance":"1","level":"info","msg":"Link to global address","time":"2023-06-28T12:53:50Z"}
{"component":"TESTBED","instance":"1","level":"info","msg":"Link to global address","time":"2023-06-28T12:53:50Z"}
{"component":"GLOBAL","instance":"","level":"info","msg":"Registered new participant controller","time":"2023-06-28T12:53:50Z"}
{"component":"GLOBAL","instance":"","level":"info","msg":"Registered new coordinator controller","time":"2023-06-28T12:53:50Z"}
{"component":"LOCAL","instance":"","level":"info","msg":"Received setup trigger","time":"2023-06-28T12:53:50Z"}
{"component":"LOCAL","instance":"","level":"info","msg":"Received setup trigger","time":"2023-06-28T12:53:50Z"}
{"component":"LOCAL","instance":"","level":"error","msg":"Got error during setup to http://172.26.0.4:9000: Post \"http://172.26.0.4:9000/setup\": dial tcp 172.26.0.4:9000: connect: connection refused","time":"2023-06-28T12:53:50Z"}
{"component":"GLOBAL","instance":"","level":"info","msg":"Setup 85a36008eb0d0429a4a4aee8697c4c4c0902e62dcb0638f580b44ac89211d142","time":"2023-06-28T12:53:51Z"}
{"component":"TESTBED","instance":"1","level":"info","msg":"Setup triggered","time":"2023-06-28T12:53:51Z"}
{"component":"TESTBED","instance":"1","level":"info","msg":"2 apps and server created and running","time":"2023-06-28T12:53:51Z"}
{"component":"LOCAL","instance":"","level":"info","msg":"http://172.26.0.4:9000/status: New data available","time":"2023-06-28T12:53:56Z"}
{"component":"LOCAL","instance":"","level":"info","msg":"Mode: plain","time":"2023-06-28T12:53:56Z"}
{"component":"LOCAL","instance":"","level":"debug","msg":"http://172.26.0.4:9000/data: Fetched 21386 bytes","time":"2023-06-28T12:53:56Z"}
{"component":"GLOBAL","instance":"","level":"info","msg":"[GLOBAL] Participant (ID: 9812fe97d1efd04a) sending 21386 bytes to Coordinator","time":"2023-06-28T12:53:56Z"}
{"component":"LOCAL","instance":"","level":"info","msg":"received 21386 bytes from Client 9812fe97d1efd04a","time":"2023-06-28T12:53:56Z"}
{"component":"LOCAL","instance":"","level":"info","msg":"POST to http://172.26.0.3:9000/data?client=9812fe97d1efd04a [Try 1/3]","time":"2023-06-28T12:53:56Z"}
{"component":"LOCAL","instance":"","level":"info","msg":"http://172.26.0.3:9000/status: Finished","time":"2023-06-28T12:53:57Z"}
{"component":"GLOBAL","instance":"","level":"info","msg":"[GLOBAL] Participant (ID: eda8df9e1f041fae) finished the current step","time":"2023-06-28T12:53:57Z"}
{"component":"LOCAL","instance":"","level":"info","msg":"Shutdown","time":"2023-06-28T12:53:58Z"}
{"component":"LOCAL","instance":"","level":"info","msg":"Shutdown","time":"2023-06-28T12:53:58Z"}
{"component":"GLOBAL","instance":"","level":"error","msg":"Participant (ID: 9812fe97d1efd04a): relaying stopped due to: EOF","time":"2023-06-28T12:53:58Z"}
{"component":"TESTBED","instance":"1","level":"info","msg":"Stopping test id: 1","time":"2023-06-28T12:53:58Z"}
{"component":"TESTBED","instance":"1","level":"info","msg":"Stopping container fc_featurecloudaifcmultiplefactoranalysis_891520717","time":"2023-06-28T12:53:58Z"}
{"component":"GLOBAL","instance":"","level":"error","msg":"Participant (ID: eda8df9e1f041fae): relaying stopped due to: EOF","time":"2023-06-28T12:53:58Z"}
{"component":"DOCKER","instance":"","level":"info","msg":"Move data to host","time":"2023-06-28T12:53:59Z"}
{"component":"DOCKER","instance":"","level":"info","msg":"Attach to internal network","time":"2023-06-28T12:53:59Z"}
{"component":"DOCKER","instance":"","level":"info","msg":"Remove application","time":"2023-06-28T12:54:01Z"}
{"component":"DOCKER","instance":"","level":"debug","msg":"Intermediary container used for moving data from volume to host has been removed","time":"2023-06-28T12:54:02Z"}
{"component":"TESTBED","instance":"1","level":"info","msg":"Saved output volume content to /data/tests/results_test_1_client_0_fc_featurecloudaifcmultiplefactoranalysis_891520717.zip","time":"2023-06-28T12:54:02Z"}
{"component":"DOCKER","instance":"","level":"info","msg":"Remove volume test_1_output_0_1687956816","time":"2023-06-28T12:54:02Z"}
{"component":"TESTBED","instance":"1","level":"info","msg":"Deleted volume test_1_output_0_1687956816","time":"2023-06-28T12:54:02Z"}
{"component":"DOCKER","instance":"","level":"info","msg":"Remove volume test_1_input_0_1687956816","time":"2023-06-28T12:54:02Z"}
{"component":"TESTBED","instance":"1","level":"info","msg":"Deleted volume test_1_input_0_1687956816","time":"2023-06-28T12:54:02Z"}
{"component":"TESTBED","instance":"1","level":"info","msg":"Stopping container fc_featurecloudaifcmultiplefactoranalysis_344102500","time":"2023-06-28T12:54:02Z"}
{"component":"DOCKER","instance":"","level":"info","msg":"Move data to host","time":"2023-06-28T12:54:02Z"}
{"component":"DOCKER","instance":"","level":"info","msg":"Attach to internal network","time":"2023-06-28T12:54:03Z"}
{"component":"DOCKER","instance":"","level":"info","msg":"Remove application","time":"2023-06-28T12:54:04Z"}
{"component":"DOCKER","instance":"","level":"debug","msg":"Intermediary container used for moving data from volume to host has been removed","time":"2023-06-28T12:54:05Z"}
{"component":"TESTBED","instance":"1","level":"info","msg":"Saved output volume content to /data/tests/results_test_1_client_1_fc_featurecloudaifcmultiplefactoranalysis_344102500.zip","time":"2023-06-28T12:54:05Z"}
{"component":"DOCKER","instance":"","level":"info","msg":"Remove volume test_1_output_1_1687956823","time":"2023-06-28T12:54:05Z"}
{"component":"TESTBED","instance":"1","level":"info","msg":"Deleted volume test_1_output_1_1687956823","time":"2023-06-28T12:54:05Z"}
{"component":"DOCKER","instance":"","level":"info","msg":"Remove volume test_1_input_1_1687956823","time":"2023-06-28T12:54:05Z"}
{"component":"TESTBED","instance":"1","level":"info","msg":"Deleted volume test_1_input_1_1687956823","time":"2023-06-28T12:54:05Z"}
{"component":"DOCKER","instance":"","level":"error","msg":"Error: No such container: 520f5945e322cc8f8865f568226407f3d06c9f020f9ec1ac3de979f76121356a","time":"2023-06-28T12:54:26Z"}
