{"component":"MAIN","instance":"","level":"info","msg":"Controller start","time":"2023-06-28T06:40:57Z"}
{"component":"MAIN","instance":"","level":"info","msg":"Mode: Dockerized (isolated)","time":"2023-06-28T06:40:57Z"}
{"component":"MAIN","instance":"","level":"info","msg":"Configuration value 'HasGPU': false","time":"2023-06-28T06:40:57Z"}
{"component":"DOCKER","instance":"","level":"info","msg":"Removing leftover Docker entities for label: fc-controller-label","time":"2023-06-28T06:40:57Z"}
{"component":"DOCKER","instance":"","level":"info","msg":"Removed 0 of 0 leftover containers","time":"2023-06-28T06:40:57Z"}
{"component":"DOCKER","instance":"","level":"info","msg":"Removed 0 of 0 leftover volumes","time":"2023-06-28T06:40:57Z"}
{"component":"DOCKER","instance":"","level":"info","msg":"Removed 1 of 1 leftover networks","time":"2023-06-28T06:40:57Z"}
{"component":"GLOBAL","instance":"","level":"info","msg":"Listening on port 9151","time":"2023-06-28T06:40:57Z"}
{"component":"GLOBAL","instance":"","level":"info","msg":"Listening on port 9150","time":"2023-06-28T06:40:57Z"}
{"component":"TESTBED","instance":"","level":"info","msg":"Create new test","time":"2023-06-28T06:41:33Z"}
{"component":"TESTBED","instance":"1","level":"info","msg":"Create volumes and containers...","time":"2023-06-28T06:41:33Z"}
{"component":"DOCKER","instance":"","level":"info","msg":"Create volume test_1_input_0_1687934493","time":"2023-06-28T06:41:33Z"}
{"component":"DOCKER","instance":"","level":"info","msg":"Create volume test_1_output_0_1687934493","time":"2023-06-28T06:41:33Z"}
{"component":"TESTBED","instance":"1","level":"info","msg":"Move data to workspace from /mnt/c/dev/multiplefactoranalysis/data/h1","time":"2023-06-28T06:41:33Z"}
{"component":"DOCKER","instance":"","level":"info","msg":"Move data to workspace","time":"2023-06-28T06:41:33Z"}
{"component":"DOCKER","instance":"","level":"info","msg":"Attach to internal network","time":"2023-06-28T06:41:33Z"}
{"component":"DOCKER","instance":"","level":"info","msg":"Remove application","time":"2023-06-28T06:41:35Z"}
{"component":"DOCKER","instance":"","level":"info","msg":"Intermediary container used for moving data from host to volume has been removed","time":"2023-06-28T06:41:36Z"}
{"component":"TESTBED","instance":"1","level":"info","msg":"Move generic data to input volume from /mnt/c/dev/multiplefactoranalysis/data/generic","time":"2023-06-28T06:41:36Z"}
{"component":"DOCKER","instance":"","level":"info","msg":"Move data to workspace","time":"2023-06-28T06:41:36Z"}
{"component":"DOCKER","instance":"","level":"info","msg":"Attach to internal network","time":"2023-06-28T06:41:36Z"}
{"component":"DOCKER","instance":"","level":"info","msg":"Remove application","time":"2023-06-28T06:41:38Z"}
{"component":"DOCKER","instance":"","level":"info","msg":"Intermediary container used for moving data from host to volume has been removed","time":"2023-06-28T06:41:39Z"}
{"component":"TESTBED","instance":"1","level":"info","msg":"Start application","time":"2023-06-28T06:41:39Z"}
{"component":"DOCKER","instance":"","level":"info","msg":"Attach to internal network","time":"2023-06-28T06:41:39Z"}
{"component":"TESTBED","instance":"1","level":"info","msg":"Append app to list","time":"2023-06-28T06:41:40Z"}
{"component":"DOCKER","instance":"","level":"info","msg":"Create volume test_1_input_1_1687934500","time":"2023-06-28T06:41:40Z"}
{"component":"DOCKER","instance":"","level":"info","msg":"Create volume test_1_output_1_1687934500","time":"2023-06-28T06:41:40Z"}
{"component":"TESTBED","instance":"1","level":"info","msg":"Move data to workspace from /mnt/c/dev/multiplefactoranalysis/data/h2","time":"2023-06-28T06:41:40Z"}
{"component":"DOCKER","instance":"","level":"info","msg":"Move data to workspace","time":"2023-06-28T06:41:40Z"}
{"component":"DOCKER","instance":"","level":"info","msg":"Attach to internal network","time":"2023-06-28T06:41:41Z"}
{"component":"DOCKER","instance":"","level":"info","msg":"Remove application","time":"2023-06-28T06:41:42Z"}
{"component":"DOCKER","instance":"","level":"info","msg":"Intermediary container used for moving data from host to volume has been removed","time":"2023-06-28T06:41:43Z"}
{"component":"TESTBED","instance":"1","level":"info","msg":"Move generic data to input volume from /mnt/c/dev/multiplefactoranalysis/data/generic","time":"2023-06-28T06:41:43Z"}
{"component":"DOCKER","instance":"","level":"info","msg":"Move data to workspace","time":"2023-06-28T06:41:43Z"}
{"component":"DOCKER","instance":"","level":"info","msg":"Attach to internal network","time":"2023-06-28T06:41:44Z"}
{"component":"DOCKER","instance":"","level":"info","msg":"Remove application","time":"2023-06-28T06:41:45Z"}
{"component":"DOCKER","instance":"","level":"info","msg":"Intermediary container used for moving data from host to volume has been removed","time":"2023-06-28T06:41:46Z"}
{"component":"TESTBED","instance":"1","level":"info","msg":"Start application","time":"2023-06-28T06:41:46Z"}
{"component":"DOCKER","instance":"","level":"info","msg":"Attach to internal network","time":"2023-06-28T06:41:46Z"}
{"component":"TESTBED","instance":"1","level":"info","msg":"Append app to list","time":"2023-06-28T06:41:47Z"}
{"component":"TESTBED","instance":"1","level":"info","msg":"Link fc_featurecloudaifcmultiplefactoranalysis_284982278 with global socket server","time":"2023-06-28T06:41:47Z"}
{"component":"TESTBED","instance":"1","level":"info","msg":"Link fc_featurecloudaifcmultiplefactoranalysis_495621117 with global socket server","time":"2023-06-28T06:41:47Z"}
{"component":"TESTBED","instance":"1","level":"info","msg":"Start local socket server","time":"2023-06-28T06:41:47Z"}
{"component":"TESTBED","instance":"1","level":"info","msg":"Start local socket server","time":"2023-06-28T06:41:47Z"}
{"component":"TESTBED","instance":"1","level":"info","msg":"Link to global address","time":"2023-06-28T06:41:47Z"}
{"component":"TESTBED","instance":"1","level":"info","msg":"Link to global address","time":"2023-06-28T06:41:47Z"}
{"component":"GLOBAL","instance":"","level":"info","msg":"Registered new participant controller","time":"2023-06-28T06:41:47Z"}
{"component":"GLOBAL","instance":"","level":"info","msg":"Registered new coordinator controller","time":"2023-06-28T06:41:47Z"}
{"component":"LOCAL","instance":"","level":"info","msg":"Received setup trigger","time":"2023-06-28T06:41:47Z"}
{"component":"LOCAL","instance":"","level":"info","msg":"Received setup trigger","time":"2023-06-28T06:41:47Z"}
{"component":"LOCAL","instance":"","level":"error","msg":"Got error during setup to http://172.25.0.4:9000: Post \"http://172.25.0.4:9000/setup\": dial tcp 172.25.0.4:9000: connect: connection refused","time":"2023-06-28T06:41:47Z"}
{"component":"GLOBAL","instance":"","level":"info","msg":"Setup e3d8f80a4582f4ebc407011dac3260fc3a27cfbb432e419c72c5a75676d56519","time":"2023-06-28T06:41:48Z"}
{"component":"TESTBED","instance":"1","level":"info","msg":"Setup triggered","time":"2023-06-28T06:41:48Z"}
{"component":"TESTBED","instance":"1","level":"info","msg":"2 apps and server created and running","time":"2023-06-28T06:41:48Z"}
{"component":"LOCAL","instance":"","level":"info","msg":"http://172.25.0.4:9000/status: New data available","time":"2023-06-28T06:41:53Z"}
{"component":"LOCAL","instance":"","level":"info","msg":"Mode: plain","time":"2023-06-28T06:41:53Z"}
{"component":"LOCAL","instance":"","level":"debug","msg":"http://172.25.0.4:9000/data: Fetched 7241 bytes","time":"2023-06-28T06:41:53Z"}
{"component":"GLOBAL","instance":"","level":"info","msg":"[GLOBAL] Participant (ID: 508c6b10d0b0af95) sending 7241 bytes to Coordinator","time":"2023-06-28T06:41:53Z"}
{"component":"LOCAL","instance":"","level":"info","msg":"received 7241 bytes from Client 508c6b10d0b0af95","time":"2023-06-28T06:41:53Z"}
{"component":"LOCAL","instance":"","level":"info","msg":"POST to http://172.25.0.3:9000/data?client=508c6b10d0b0af95 [Try 1/3]","time":"2023-06-28T06:41:53Z"}
{"component":"LOCAL","instance":"","level":"info","msg":"http://172.25.0.3:9000/status: New data available","time":"2023-06-28T06:41:54Z"}
{"component":"LOCAL","instance":"","level":"info","msg":"Mode: plain","time":"2023-06-28T06:41:54Z"}
{"component":"LOCAL","instance":"","level":"debug","msg":"http://172.25.0.3:9000/data: Fetched 14532 bytes","time":"2023-06-28T06:41:54Z"}
{"component":"GLOBAL","instance":"","level":"info","msg":"Coordinator (ID: 9053b188d020624f) broadcasting 14532 bytes","time":"2023-06-28T06:41:54Z"}
{"component":"LOCAL","instance":"","level":"info","msg":"received 14532 bytes from Client 9053b188d020624f","time":"2023-06-28T06:41:54Z"}
{"component":"LOCAL","instance":"","level":"info","msg":"POST to http://172.25.0.4:9000/data?client=9053b188d020624f [Try 1/3]","time":"2023-06-28T06:41:54Z"}
{"component":"LOCAL","instance":"","level":"info","msg":"http://172.25.0.4:9000/status: Finished","time":"2023-06-28T06:41:56Z"}
{"component":"GLOBAL","instance":"","level":"info","msg":"[GLOBAL] Participant (ID: 508c6b10d0b0af95) finished the current step","time":"2023-06-28T06:41:56Z"}
{"component":"LOCAL","instance":"","level":"info","msg":"Shutdown","time":"2023-06-28T06:41:57Z"}
{"component":"LOCAL","instance":"","level":"info","msg":"Shutdown","time":"2023-06-28T06:41:57Z"}
{"component":"TESTBED","instance":"1","level":"info","msg":"Stopping test id: 1","time":"2023-06-28T06:41:57Z"}
{"component":"TESTBED","instance":"1","level":"info","msg":"Stopping container fc_featurecloudaifcmultiplefactoranalysis_284982278","time":"2023-06-28T06:41:57Z"}
{"component":"GLOBAL","instance":"","level":"error","msg":"Participant (ID: 9053b188d020624f): relaying stopped due to: EOF","time":"2023-06-28T06:41:57Z"}
{"component":"GLOBAL","instance":"","level":"error","msg":"Participant (ID: 508c6b10d0b0af95): relaying stopped due to: EOF","time":"2023-06-28T06:41:57Z"}
{"component":"DOCKER","instance":"","level":"info","msg":"Move data to host","time":"2023-06-28T06:41:58Z"}
{"component":"DOCKER","instance":"","level":"info","msg":"Attach to internal network","time":"2023-06-28T06:42:00Z"}
{"component":"DOCKER","instance":"","level":"info","msg":"Remove application","time":"2023-06-28T06:42:01Z"}
{"component":"DOCKER","instance":"","level":"debug","msg":"Intermediary container used for moving data from volume to host has been removed","time":"2023-06-28T06:42:02Z"}
{"component":"TESTBED","instance":"1","level":"info","msg":"Saved output volume content to /data/tests/results_test_1_client_0_fc_featurecloudaifcmultiplefactoranalysis_284982278.zip","time":"2023-06-28T06:42:02Z"}
{"component":"DOCKER","instance":"","level":"info","msg":"Remove volume test_1_output_0_1687934493","time":"2023-06-28T06:42:02Z"}
{"component":"TESTBED","instance":"1","level":"info","msg":"Deleted volume test_1_output_0_1687934493","time":"2023-06-28T06:42:02Z"}
{"component":"DOCKER","instance":"","level":"info","msg":"Remove volume test_1_input_0_1687934493","time":"2023-06-28T06:42:02Z"}
{"component":"TESTBED","instance":"1","level":"info","msg":"Deleted volume test_1_input_0_1687934493","time":"2023-06-28T06:42:02Z"}
{"component":"TESTBED","instance":"1","level":"info","msg":"Stopping container fc_featurecloudaifcmultiplefactoranalysis_495621117","time":"2023-06-28T06:42:02Z"}
{"component":"DOCKER","instance":"","level":"info","msg":"Move data to host","time":"2023-06-28T06:42:03Z"}
{"component":"DOCKER","instance":"","level":"info","msg":"Attach to internal network","time":"2023-06-28T06:42:03Z"}
{"component":"DOCKER","instance":"","level":"info","msg":"Remove application","time":"2023-06-28T06:42:04Z"}
{"component":"DOCKER","instance":"","level":"debug","msg":"Intermediary container used for moving data from volume to host has been removed","time":"2023-06-28T06:42:05Z"}
{"component":"TESTBED","instance":"1","level":"info","msg":"Saved output volume content to /data/tests/results_test_1_client_1_fc_featurecloudaifcmultiplefactoranalysis_495621117.zip","time":"2023-06-28T06:42:05Z"}
{"component":"DOCKER","instance":"","level":"info","msg":"Remove volume test_1_output_1_1687934500","time":"2023-06-28T06:42:05Z"}
{"component":"TESTBED","instance":"1","level":"info","msg":"Deleted volume test_1_output_1_1687934500","time":"2023-06-28T06:42:05Z"}
{"component":"DOCKER","instance":"","level":"info","msg":"Remove volume test_1_input_1_1687934500","time":"2023-06-28T06:42:05Z"}
{"component":"TESTBED","instance":"1","level":"info","msg":"Deleted volume test_1_input_1_1687934500","time":"2023-06-28T06:42:05Z"}
