{"component":"MAIN","instance":"","level":"info","msg":"Controller start","time":"2023-06-28T07:50:17Z"}
{"component":"MAIN","instance":"","level":"info","msg":"Mode: Dockerized (isolated)","time":"2023-06-28T07:50:17Z"}
{"component":"MAIN","instance":"","level":"info","msg":"Configuration value 'HasGPU': false","time":"2023-06-28T07:50:17Z"}
{"component":"DOCKER","instance":"","level":"info","msg":"Removing leftover Docker entities for label: fc-controller-label","time":"2023-06-28T07:50:17Z"}
{"component":"DOCKER","instance":"","level":"info","msg":"Removed 0 of 0 leftover containers","time":"2023-06-28T07:50:17Z"}
{"component":"DOCKER","instance":"","level":"info","msg":"Removed 0 of 0 leftover volumes","time":"2023-06-28T07:50:17Z"}
{"component":"DOCKER","instance":"","level":"info","msg":"Removed 1 of 1 leftover networks","time":"2023-06-28T07:50:17Z"}
{"component":"GLOBAL","instance":"","level":"info","msg":"Listening on port 9151","time":"2023-06-28T07:50:17Z"}
{"component":"GLOBAL","instance":"","level":"info","msg":"Listening on port 9150","time":"2023-06-28T07:50:17Z"}
{"component":"TESTBED","instance":"","level":"info","msg":"Create new test","time":"2023-06-28T07:50:27Z"}
{"component":"TESTBED","instance":"1","level":"info","msg":"Create volumes and containers...","time":"2023-06-28T07:50:27Z"}
{"component":"DOCKER","instance":"","level":"info","msg":"Create volume test_1_input_0_1687938627","time":"2023-06-28T07:50:27Z"}
{"component":"DOCKER","instance":"","level":"info","msg":"Create volume test_1_output_0_1687938627","time":"2023-06-28T07:50:27Z"}
{"component":"TESTBED","instance":"1","level":"info","msg":"Move data to workspace from /mnt/c/dev/multiplefactoranalysis/data/h1","time":"2023-06-28T07:50:27Z"}
{"component":"DOCKER","instance":"","level":"info","msg":"Move data to workspace","time":"2023-06-28T07:50:27Z"}
{"component":"DOCKER","instance":"","level":"info","msg":"Attach to internal network","time":"2023-06-28T07:50:27Z"}
{"component":"DOCKER","instance":"","level":"info","msg":"Remove application","time":"2023-06-28T07:50:29Z"}
{"component":"DOCKER","instance":"","level":"info","msg":"Intermediary container used for moving data from host to volume has been removed","time":"2023-06-28T07:50:30Z"}
{"component":"TESTBED","instance":"1","level":"info","msg":"Move generic data to input volume from /mnt/c/dev/multiplefactoranalysis/data/generic","time":"2023-06-28T07:50:30Z"}
{"component":"DOCKER","instance":"","level":"info","msg":"Move data to workspace","time":"2023-06-28T07:50:30Z"}
{"component":"DOCKER","instance":"","level":"info","msg":"Attach to internal network","time":"2023-06-28T07:50:31Z"}
{"component":"DOCKER","instance":"","level":"info","msg":"Remove application","time":"2023-06-28T07:50:33Z"}
{"component":"DOCKER","instance":"","level":"info","msg":"Intermediary container used for moving data from host to volume has been removed","time":"2023-06-28T07:50:34Z"}
{"component":"TESTBED","instance":"1","level":"info","msg":"Start application","time":"2023-06-28T07:50:34Z"}
{"component":"DOCKER","instance":"","level":"info","msg":"Attach to internal network","time":"2023-06-28T07:50:34Z"}
{"component":"TESTBED","instance":"1","level":"info","msg":"Append app to list","time":"2023-06-28T07:50:35Z"}
{"component":"DOCKER","instance":"","level":"info","msg":"Create volume test_1_input_1_1687938635","time":"2023-06-28T07:50:35Z"}
{"component":"DOCKER","instance":"","level":"info","msg":"Create volume test_1_output_1_1687938635","time":"2023-06-28T07:50:35Z"}
{"component":"TESTBED","instance":"1","level":"info","msg":"Move data to workspace from /mnt/c/dev/multiplefactoranalysis/data/h2","time":"2023-06-28T07:50:35Z"}
{"component":"DOCKER","instance":"","level":"info","msg":"Move data to workspace","time":"2023-06-28T07:50:35Z"}
{"component":"DOCKER","instance":"","level":"info","msg":"Attach to internal network","time":"2023-06-28T07:50:36Z"}
{"component":"DOCKER","instance":"","level":"info","msg":"Remove application","time":"2023-06-28T07:50:37Z"}
{"component":"DOCKER","instance":"","level":"info","msg":"Intermediary container used for moving data from host to volume has been removed","time":"2023-06-28T07:50:38Z"}
{"component":"TESTBED","instance":"1","level":"info","msg":"Move generic data to input volume from /mnt/c/dev/multiplefactoranalysis/data/generic","time":"2023-06-28T07:50:38Z"}
{"component":"DOCKER","instance":"","level":"info","msg":"Move data to workspace","time":"2023-06-28T07:50:38Z"}
{"component":"DOCKER","instance":"","level":"info","msg":"Attach to internal network","time":"2023-06-28T07:50:39Z"}
{"component":"DOCKER","instance":"","level":"info","msg":"Remove application","time":"2023-06-28T07:50:40Z"}
{"component":"DOCKER","instance":"","level":"info","msg":"Intermediary container used for moving data from host to volume has been removed","time":"2023-06-28T07:50:41Z"}
{"component":"TESTBED","instance":"1","level":"info","msg":"Start application","time":"2023-06-28T07:50:41Z"}
{"component":"DOCKER","instance":"","level":"info","msg":"Attach to internal network","time":"2023-06-28T07:50:41Z"}
{"component":"TESTBED","instance":"1","level":"info","msg":"Append app to list","time":"2023-06-28T07:50:43Z"}
{"component":"TESTBED","instance":"1","level":"info","msg":"Link fc_featurecloudaifcmultiplefactoranalysis_44312079 with global socket server","time":"2023-06-28T07:50:43Z"}
{"component":"TESTBED","instance":"1","level":"info","msg":"Link fc_featurecloudaifcmultiplefactoranalysis_884814092 with global socket server","time":"2023-06-28T07:50:43Z"}
{"component":"TESTBED","instance":"1","level":"info","msg":"Start local socket server","time":"2023-06-28T07:50:43Z"}
{"component":"TESTBED","instance":"1","level":"info","msg":"Start local socket server","time":"2023-06-28T07:50:43Z"}
{"component":"TESTBED","instance":"1","level":"info","msg":"Link to global address","time":"2023-06-28T07:50:43Z"}
{"component":"TESTBED","instance":"1","level":"info","msg":"Link to global address","time":"2023-06-28T07:50:43Z"}
{"component":"GLOBAL","instance":"","level":"info","msg":"Registered new participant controller","time":"2023-06-28T07:50:43Z"}
{"component":"GLOBAL","instance":"","level":"info","msg":"Registered new coordinator controller","time":"2023-06-28T07:50:43Z"}
{"component":"LOCAL","instance":"","level":"info","msg":"Received setup trigger","time":"2023-06-28T07:50:43Z"}
{"component":"LOCAL","instance":"","level":"info","msg":"Received setup trigger","time":"2023-06-28T07:50:43Z"}
{"component":"LOCAL","instance":"","level":"error","msg":"Got error during setup to http://192.168.48.4:9000: Post \"http://192.168.48.4:9000/setup\": dial tcp 192.168.48.4:9000: connect: connection refused","time":"2023-06-28T07:50:43Z"}
{"component":"GLOBAL","instance":"","level":"info","msg":"Setup c5b2d1166fc9fa839537aa92b5dc3c37fd3672d3e435d4b7671e4309faf1b05a","time":"2023-06-28T07:50:44Z"}
{"component":"TESTBED","instance":"1","level":"info","msg":"Setup triggered","time":"2023-06-28T07:50:44Z"}
{"component":"TESTBED","instance":"1","level":"info","msg":"2 apps and server created and running","time":"2023-06-28T07:50:44Z"}
{"component":"LOCAL","instance":"","level":"info","msg":"http://192.168.48.4:9000/status: New data available","time":"2023-06-28T07:50:49Z"}
{"component":"LOCAL","instance":"","level":"info","msg":"Mode: plain","time":"2023-06-28T07:50:49Z"}
{"component":"LOCAL","instance":"","level":"debug","msg":"http://192.168.48.4:9000/data: Fetched 14314 bytes","time":"2023-06-28T07:50:49Z"}
{"component":"GLOBAL","instance":"","level":"info","msg":"[GLOBAL] Participant (ID: fd38502dc682ac86) sending 14314 bytes to Coordinator","time":"2023-06-28T07:50:49Z"}
{"component":"LOCAL","instance":"","level":"info","msg":"received 14314 bytes from Client fd38502dc682ac86","time":"2023-06-28T07:50:49Z"}
{"component":"LOCAL","instance":"","level":"info","msg":"POST to http://192.168.48.3:9000/data?client=fd38502dc682ac86 [Try 1/3]","time":"2023-06-28T07:50:49Z"}
{"component":"LOCAL","instance":"","level":"info","msg":"http://192.168.48.3:9000/status: New data available","time":"2023-06-28T07:50:50Z"}
{"component":"LOCAL","instance":"","level":"info","msg":"Mode: plain","time":"2023-06-28T07:50:50Z"}
{"component":"LOCAL","instance":"","level":"debug","msg":"http://192.168.48.3:9000/data: Fetched 7287 bytes","time":"2023-06-28T07:50:50Z"}
{"component":"GLOBAL","instance":"","level":"info","msg":"Coordinator (ID: e81f6f0a8e007bc1) broadcasting 7287 bytes","time":"2023-06-28T07:50:50Z"}
{"component":"LOCAL","instance":"","level":"info","msg":"received 7287 bytes from Client e81f6f0a8e007bc1","time":"2023-06-28T07:50:50Z"}
{"component":"LOCAL","instance":"","level":"info","msg":"POST to http://192.168.48.4:9000/data?client=e81f6f0a8e007bc1 [Try 1/3]","time":"2023-06-28T07:50:50Z"}
{"component":"LOCAL","instance":"","level":"info","msg":"http://192.168.48.4:9000/status: New data available","time":"2023-06-28T07:50:52Z"}
{"component":"LOCAL","instance":"","level":"info","msg":"Mode: plain","time":"2023-06-28T07:50:52Z"}
{"component":"LOCAL","instance":"","level":"debug","msg":"http://192.168.48.4:9000/data: Fetched 6979 bytes","time":"2023-06-28T07:50:52Z"}
{"component":"GLOBAL","instance":"","level":"info","msg":"[GLOBAL] Participant (ID: fd38502dc682ac86) sending 6979 bytes to Coordinator","time":"2023-06-28T07:50:52Z"}
{"component":"LOCAL","instance":"","level":"info","msg":"received 6979 bytes from Client fd38502dc682ac86","time":"2023-06-28T07:50:52Z"}
{"component":"LOCAL","instance":"","level":"info","msg":"POST to http://192.168.48.3:9000/data?client=fd38502dc682ac86 [Try 1/3]","time":"2023-06-28T07:50:52Z"}
{"component":"LOCAL","instance":"","level":"info","msg":"http://192.168.48.3:9000/status: New data available","time":"2023-06-28T07:50:53Z"}
{"component":"LOCAL","instance":"","level":"info","msg":"Mode: plain","time":"2023-06-28T07:50:53Z"}
{"component":"LOCAL","instance":"","level":"debug","msg":"http://192.168.48.3:9000/data: Fetched 6991 bytes","time":"2023-06-28T07:50:53Z"}
{"component":"GLOBAL","instance":"","level":"info","msg":"Coordinator (ID: e81f6f0a8e007bc1) broadcasting 6991 bytes","time":"2023-06-28T07:50:53Z"}
{"component":"LOCAL","instance":"","level":"info","msg":"received 6991 bytes from Client e81f6f0a8e007bc1","time":"2023-06-28T07:50:53Z"}
{"component":"LOCAL","instance":"","level":"info","msg":"POST to http://192.168.48.4:9000/data?client=e81f6f0a8e007bc1 [Try 1/3]","time":"2023-06-28T07:50:53Z"}
{"component":"LOCAL","instance":"","level":"info","msg":"http://192.168.48.4:9000/status: New data available","time":"2023-06-28T07:50:55Z"}
{"component":"LOCAL","instance":"","level":"info","msg":"Mode: plain","time":"2023-06-28T07:50:55Z"}
{"component":"LOCAL","instance":"","level":"debug","msg":"http://192.168.48.4:9000/data: Fetched 6966 bytes","time":"2023-06-28T07:50:55Z"}
{"component":"GLOBAL","instance":"","level":"info","msg":"[GLOBAL] Participant (ID: fd38502dc682ac86) sending 6966 bytes to Coordinator","time":"2023-06-28T07:50:55Z"}
{"component":"LOCAL","instance":"","level":"info","msg":"received 6966 bytes from Client fd38502dc682ac86","time":"2023-06-28T07:50:55Z"}
{"component":"LOCAL","instance":"","level":"info","msg":"POST to http://192.168.48.3:9000/data?client=fd38502dc682ac86 [Try 1/3]","time":"2023-06-28T07:50:55Z"}
{"component":"LOCAL","instance":"","level":"info","msg":"http://192.168.48.3:9000/status: New data available","time":"2023-06-28T07:50:56Z"}
{"component":"LOCAL","instance":"","level":"info","msg":"Mode: plain","time":"2023-06-28T07:50:56Z"}
{"component":"LOCAL","instance":"","level":"debug","msg":"http://192.168.48.3:9000/data: Fetched 20165 bytes","time":"2023-06-28T07:50:56Z"}
{"component":"GLOBAL","instance":"","level":"info","msg":"Coordinator (ID: e81f6f0a8e007bc1) broadcasting 20165 bytes","time":"2023-06-28T07:50:56Z"}
{"component":"LOCAL","instance":"","level":"info","msg":"received 20165 bytes from Client e81f6f0a8e007bc1","time":"2023-06-28T07:50:56Z"}
{"component":"LOCAL","instance":"","level":"info","msg":"POST to http://192.168.48.4:9000/data?client=e81f6f0a8e007bc1 [Try 1/3]","time":"2023-06-28T07:50:56Z"}
{"component":"LOCAL","instance":"","level":"info","msg":"http://192.168.48.4:9000/status: Finished","time":"2023-06-28T07:50:58Z"}
{"component":"GLOBAL","instance":"","level":"info","msg":"[GLOBAL] Participant (ID: fd38502dc682ac86) finished the current step","time":"2023-06-28T07:50:58Z"}
{"component":"LOCAL","instance":"","level":"info","msg":"Shutdown","time":"2023-06-28T07:50:59Z"}
{"component":"LOCAL","instance":"","level":"info","msg":"Shutdown","time":"2023-06-28T07:50:59Z"}
{"component":"GLOBAL","instance":"","level":"error","msg":"Participant (ID: e81f6f0a8e007bc1): relaying stopped due to: EOF","time":"2023-06-28T07:50:59Z"}
{"component":"GLOBAL","instance":"","level":"error","msg":"Participant (ID: fd38502dc682ac86): relaying stopped due to: EOF","time":"2023-06-28T07:50:59Z"}
{"component":"TESTBED","instance":"1","level":"info","msg":"Stopping test id: 1","time":"2023-06-28T07:50:59Z"}
{"component":"TESTBED","instance":"1","level":"info","msg":"Stopping container fc_featurecloudaifcmultiplefactoranalysis_44312079","time":"2023-06-28T07:50:59Z"}
{"component":"DOCKER","instance":"","level":"info","msg":"Move data to host","time":"2023-06-28T07:50:59Z"}
{"component":"DOCKER","instance":"","level":"error","msg":"Error: No such container: fa8b196b1dd72bc149a771c7f3dbff762cd5344c78aeaabd287a5cb99960e5f9","time":"2023-06-28T07:51:00Z"}
{"component":"DOCKER","instance":"","level":"info","msg":"Attach to internal network","time":"2023-06-28T07:51:00Z"}
{"component":"DOCKER","instance":"","level":"info","msg":"Remove application","time":"2023-06-28T07:51:02Z"}
{"component":"DOCKER","instance":"","level":"debug","msg":"Intermediary container used for moving data from volume to host has been removed","time":"2023-06-28T07:51:03Z"}
{"component":"TESTBED","instance":"1","level":"info","msg":"Saved output volume content to /data/tests/results_test_1_client_0_fc_featurecloudaifcmultiplefactoranalysis_44312079.zip","time":"2023-06-28T07:51:03Z"}
{"component":"DOCKER","instance":"","level":"info","msg":"Remove volume test_1_output_0_1687938627","time":"2023-06-28T07:51:03Z"}
{"component":"TESTBED","instance":"1","level":"info","msg":"Deleted volume test_1_output_0_1687938627","time":"2023-06-28T07:51:03Z"}
{"component":"DOCKER","instance":"","level":"info","msg":"Remove volume test_1_input_0_1687938627","time":"2023-06-28T07:51:03Z"}
{"component":"TESTBED","instance":"1","level":"info","msg":"Deleted volume test_1_input_0_1687938627","time":"2023-06-28T07:51:03Z"}
{"component":"TESTBED","instance":"1","level":"info","msg":"Stopping container fc_featurecloudaifcmultiplefactoranalysis_884814092","time":"2023-06-28T07:51:03Z"}
{"component":"DOCKER","instance":"","level":"info","msg":"Move data to host","time":"2023-06-28T07:51:03Z"}
{"component":"DOCKER","instance":"","level":"info","msg":"Attach to internal network","time":"2023-06-28T07:51:04Z"}
{"component":"DOCKER","instance":"","level":"info","msg":"Remove application","time":"2023-06-28T07:51:05Z"}
{"component":"DOCKER","instance":"","level":"debug","msg":"Intermediary container used for moving data from volume to host has been removed","time":"2023-06-28T07:51:06Z"}
{"component":"TESTBED","instance":"1","level":"info","msg":"Saved output volume content to /data/tests/results_test_1_client_1_fc_featurecloudaifcmultiplefactoranalysis_884814092.zip","time":"2023-06-28T07:51:06Z"}
{"component":"DOCKER","instance":"","level":"info","msg":"Remove volume test_1_output_1_1687938635","time":"2023-06-28T07:51:06Z"}
{"component":"TESTBED","instance":"1","level":"info","msg":"Deleted volume test_1_output_1_1687938635","time":"2023-06-28T07:51:06Z"}
{"component":"DOCKER","instance":"","level":"info","msg":"Remove volume test_1_input_1_1687938635","time":"2023-06-28T07:51:06Z"}
{"component":"TESTBED","instance":"1","level":"info","msg":"Deleted volume test_1_input_1_1687938635","time":"2023-06-28T07:51:06Z"}
