{"component":"MAIN","instance":"","level":"info","msg":"Controller start","time":"2023-06-28T07:47:44Z"}
{"component":"MAIN","instance":"","level":"info","msg":"Mode: Dockerized (isolated)","time":"2023-06-28T07:47:44Z"}
{"component":"MAIN","instance":"","level":"info","msg":"Configuration value 'HasGPU': false","time":"2023-06-28T07:47:44Z"}
{"component":"DOCKER","instance":"","level":"info","msg":"Removing leftover Docker entities for label: fc-controller-label","time":"2023-06-28T07:47:44Z"}
{"component":"DOCKER","instance":"","level":"info","msg":"Removed 0 of 0 leftover containers","time":"2023-06-28T07:47:44Z"}
{"component":"DOCKER","instance":"","level":"info","msg":"Removed 0 of 0 leftover volumes","time":"2023-06-28T07:47:44Z"}
{"component":"DOCKER","instance":"","level":"info","msg":"Removed 1 of 1 leftover networks","time":"2023-06-28T07:47:45Z"}
{"component":"GLOBAL","instance":"","level":"info","msg":"Listening on port 9151","time":"2023-06-28T07:47:45Z"}
{"component":"GLOBAL","instance":"","level":"info","msg":"Listening on port 9150","time":"2023-06-28T07:47:45Z"}
{"component":"TESTBED","instance":"","level":"info","msg":"Create new test","time":"2023-06-28T07:47:52Z"}
{"component":"TESTBED","instance":"1","level":"info","msg":"Create volumes and containers...","time":"2023-06-28T07:47:52Z"}
{"component":"DOCKER","instance":"","level":"info","msg":"Create volume test_1_input_0_1687938472","time":"2023-06-28T07:47:52Z"}
{"component":"DOCKER","instance":"","level":"info","msg":"Create volume test_1_output_0_1687938472","time":"2023-06-28T07:47:52Z"}
{"component":"TESTBED","instance":"1","level":"info","msg":"Move data to workspace from /mnt/c/dev/multiplefactoranalysis/data/h1","time":"2023-06-28T07:47:52Z"}
{"component":"DOCKER","instance":"","level":"info","msg":"Move data to workspace","time":"2023-06-28T07:47:52Z"}
{"component":"DOCKER","instance":"","level":"info","msg":"Attach to internal network","time":"2023-06-28T07:47:52Z"}
{"component":"DOCKER","instance":"","level":"info","msg":"Remove application","time":"2023-06-28T07:47:54Z"}
{"component":"DOCKER","instance":"","level":"info","msg":"Intermediary container used for moving data from host to volume has been removed","time":"2023-06-28T07:47:55Z"}
{"component":"TESTBED","instance":"1","level":"info","msg":"Move generic data to input volume from /mnt/c/dev/multiplefactoranalysis/data/generic","time":"2023-06-28T07:47:55Z"}
{"component":"DOCKER","instance":"","level":"info","msg":"Move data to workspace","time":"2023-06-28T07:47:55Z"}
{"component":"DOCKER","instance":"","level":"info","msg":"Attach to internal network","time":"2023-06-28T07:47:56Z"}
{"component":"DOCKER","instance":"","level":"info","msg":"Remove application","time":"2023-06-28T07:47:57Z"}
{"component":"DOCKER","instance":"","level":"info","msg":"Intermediary container used for moving data from host to volume has been removed","time":"2023-06-28T07:47:58Z"}
{"component":"TESTBED","instance":"1","level":"info","msg":"Start application","time":"2023-06-28T07:47:58Z"}
{"component":"DOCKER","instance":"","level":"info","msg":"Attach to internal network","time":"2023-06-28T07:47:58Z"}
{"component":"TESTBED","instance":"1","level":"info","msg":"Append app to list","time":"2023-06-28T07:48:00Z"}
{"component":"DOCKER","instance":"","level":"info","msg":"Create volume test_1_input_1_1687938480","time":"2023-06-28T07:48:00Z"}
{"component":"DOCKER","instance":"","level":"info","msg":"Create volume test_1_output_1_1687938480","time":"2023-06-28T07:48:00Z"}
{"component":"TESTBED","instance":"1","level":"info","msg":"Move data to workspace from /mnt/c/dev/multiplefactoranalysis/data/h2","time":"2023-06-28T07:48:00Z"}
{"component":"DOCKER","instance":"","level":"info","msg":"Move data to workspace","time":"2023-06-28T07:48:00Z"}
{"component":"DOCKER","instance":"","level":"info","msg":"Attach to internal network","time":"2023-06-28T07:48:00Z"}
{"component":"DOCKER","instance":"","level":"info","msg":"Remove application","time":"2023-06-28T07:48:02Z"}
{"component":"DOCKER","instance":"","level":"info","msg":"Intermediary container used for moving data from host to volume has been removed","time":"2023-06-28T07:48:03Z"}
{"component":"TESTBED","instance":"1","level":"info","msg":"Move generic data to input volume from /mnt/c/dev/multiplefactoranalysis/data/generic","time":"2023-06-28T07:48:03Z"}
{"component":"DOCKER","instance":"","level":"info","msg":"Move data to workspace","time":"2023-06-28T07:48:03Z"}
{"component":"DOCKER","instance":"","level":"info","msg":"Attach to internal network","time":"2023-06-28T07:48:03Z"}
{"component":"DOCKER","instance":"","level":"info","msg":"Remove application","time":"2023-06-28T07:48:05Z"}
{"component":"DOCKER","instance":"","level":"info","msg":"Intermediary container used for moving data from host to volume has been removed","time":"2023-06-28T07:48:06Z"}
{"component":"TESTBED","instance":"1","level":"info","msg":"Start application","time":"2023-06-28T07:48:06Z"}
{"component":"DOCKER","instance":"","level":"info","msg":"Attach to internal network","time":"2023-06-28T07:48:06Z"}
{"component":"TESTBED","instance":"1","level":"info","msg":"Append app to list","time":"2023-06-28T07:48:08Z"}
{"component":"TESTBED","instance":"1","level":"info","msg":"Link fc_featurecloudaifcmultiplefactoranalysis_878155175 with global socket server","time":"2023-06-28T07:48:08Z"}
{"component":"TESTBED","instance":"1","level":"info","msg":"Link fc_featurecloudaifcmultiplefactoranalysis_551923178 with global socket server","time":"2023-06-28T07:48:08Z"}
{"component":"TESTBED","instance":"1","level":"info","msg":"Start local socket server","time":"2023-06-28T07:48:08Z"}
{"component":"TESTBED","instance":"1","level":"info","msg":"Start local socket server","time":"2023-06-28T07:48:08Z"}
{"component":"TESTBED","instance":"1","level":"info","msg":"Link to global address","time":"2023-06-28T07:48:08Z"}
{"component":"TESTBED","instance":"1","level":"info","msg":"Link to global address","time":"2023-06-28T07:48:08Z"}
{"component":"GLOBAL","instance":"","level":"info","msg":"Registered new coordinator controller","time":"2023-06-28T07:48:08Z"}
{"component":"GLOBAL","instance":"","level":"info","msg":"Registered new participant controller","time":"2023-06-28T07:48:08Z"}
{"component":"LOCAL","instance":"","level":"info","msg":"Received setup trigger","time":"2023-06-28T07:48:08Z"}
{"component":"LOCAL","instance":"","level":"info","msg":"Received setup trigger","time":"2023-06-28T07:48:08Z"}
{"component":"LOCAL","instance":"","level":"error","msg":"Got error during setup to http://192.168.32.4:9000: Post \"http://192.168.32.4:9000/setup\": dial tcp 192.168.32.4:9000: connect: connection refused","time":"2023-06-28T07:48:08Z"}
{"component":"GLOBAL","instance":"","level":"info","msg":"Setup d8473dca507ff2688fd5d63c0e23661fcd9d150ee774ec93197ac5196fb9f5c9","time":"2023-06-28T07:48:09Z"}
{"component":"TESTBED","instance":"1","level":"info","msg":"Setup triggered","time":"2023-06-28T07:48:09Z"}
{"component":"TESTBED","instance":"1","level":"info","msg":"2 apps and server created and running","time":"2023-06-28T07:48:09Z"}
{"component":"LOCAL","instance":"","level":"info","msg":"http://192.168.32.4:9000/status: New data available","time":"2023-06-28T07:48:14Z"}
{"component":"LOCAL","instance":"","level":"info","msg":"Mode: plain","time":"2023-06-28T07:48:14Z"}
{"component":"LOCAL","instance":"","level":"debug","msg":"http://192.168.32.4:9000/data: Fetched 14314 bytes","time":"2023-06-28T07:48:14Z"}
{"component":"GLOBAL","instance":"","level":"info","msg":"[GLOBAL] Participant (ID: 004f245664a6fb1a) sending 14314 bytes to Coordinator","time":"2023-06-28T07:48:14Z"}
{"component":"LOCAL","instance":"","level":"info","msg":"received 14314 bytes from Client 004f245664a6fb1a","time":"2023-06-28T07:48:14Z"}
{"component":"LOCAL","instance":"","level":"info","msg":"POST to http://192.168.32.3:9000/data?client=004f245664a6fb1a [Try 1/3]","time":"2023-06-28T07:48:14Z"}
{"component":"LOCAL","instance":"","level":"info","msg":"http://192.168.32.3:9000/status: New data available","time":"2023-06-28T07:48:15Z"}
{"component":"LOCAL","instance":"","level":"info","msg":"Mode: plain","time":"2023-06-28T07:48:15Z"}
{"component":"LOCAL","instance":"","level":"debug","msg":"http://192.168.32.3:9000/data: Fetched 7287 bytes","time":"2023-06-28T07:48:15Z"}
{"component":"GLOBAL","instance":"","level":"info","msg":"Coordinator (ID: 4a1a279f70becdc0) broadcasting 7287 bytes","time":"2023-06-28T07:48:15Z"}
{"component":"LOCAL","instance":"","level":"info","msg":"received 7287 bytes from Client 4a1a279f70becdc0","time":"2023-06-28T07:48:15Z"}
{"component":"LOCAL","instance":"","level":"info","msg":"POST to http://192.168.32.4:9000/data?client=4a1a279f70becdc0 [Try 1/3]","time":"2023-06-28T07:48:15Z"}
{"component":"LOCAL","instance":"","level":"info","msg":"http://192.168.32.4:9000/status: New data available","time":"2023-06-28T07:48:17Z"}
{"component":"LOCAL","instance":"","level":"info","msg":"Mode: plain","time":"2023-06-28T07:48:17Z"}
{"component":"LOCAL","instance":"","level":"debug","msg":"http://192.168.32.4:9000/data: Fetched 6979 bytes","time":"2023-06-28T07:48:17Z"}
{"component":"GLOBAL","instance":"","level":"info","msg":"[GLOBAL] Participant (ID: 004f245664a6fb1a) sending 6979 bytes to Coordinator","time":"2023-06-28T07:48:17Z"}
{"component":"LOCAL","instance":"","level":"info","msg":"received 6979 bytes from Client 004f245664a6fb1a","time":"2023-06-28T07:48:17Z"}
{"component":"LOCAL","instance":"","level":"info","msg":"POST to http://192.168.32.3:9000/data?client=004f245664a6fb1a [Try 1/3]","time":"2023-06-28T07:48:17Z"}
{"component":"LOCAL","instance":"","level":"info","msg":"http://192.168.32.3:9000/status: New data available","time":"2023-06-28T07:48:18Z"}
{"component":"LOCAL","instance":"","level":"info","msg":"Mode: plain","time":"2023-06-28T07:48:18Z"}
{"component":"LOCAL","instance":"","level":"debug","msg":"http://192.168.32.3:9000/data: Fetched 6991 bytes","time":"2023-06-28T07:48:18Z"}
{"component":"GLOBAL","instance":"","level":"info","msg":"Coordinator (ID: 4a1a279f70becdc0) broadcasting 6991 bytes","time":"2023-06-28T07:48:18Z"}
{"component":"LOCAL","instance":"","level":"info","msg":"received 6991 bytes from Client 4a1a279f70becdc0","time":"2023-06-28T07:48:18Z"}
{"component":"LOCAL","instance":"","level":"info","msg":"POST to http://192.168.32.4:9000/data?client=4a1a279f70becdc0 [Try 1/3]","time":"2023-06-28T07:48:18Z"}
{"component":"LOCAL","instance":"","level":"info","msg":"http://192.168.32.4:9000/status: New data available","time":"2023-06-28T07:48:20Z"}
{"component":"LOCAL","instance":"","level":"info","msg":"Mode: plain","time":"2023-06-28T07:48:20Z"}
{"component":"LOCAL","instance":"","level":"debug","msg":"http://192.168.32.4:9000/data: Fetched 6966 bytes","time":"2023-06-28T07:48:20Z"}
{"component":"GLOBAL","instance":"","level":"info","msg":"[GLOBAL] Participant (ID: 004f245664a6fb1a) sending 6966 bytes to Coordinator","time":"2023-06-28T07:48:20Z"}
{"component":"LOCAL","instance":"","level":"info","msg":"received 6966 bytes from Client 004f245664a6fb1a","time":"2023-06-28T07:48:20Z"}
{"component":"LOCAL","instance":"","level":"info","msg":"POST to http://192.168.32.3:9000/data?client=004f245664a6fb1a [Try 1/3]","time":"2023-06-28T07:48:20Z"}
{"component":"LOCAL","instance":"","level":"info","msg":"http://192.168.32.3:9000/status: Finished","time":"2023-06-28T07:48:21Z"}
{"component":"GLOBAL","instance":"","level":"info","msg":"[GLOBAL] Participant (ID: 4a1a279f70becdc0) finished the current step","time":"2023-06-28T07:48:21Z"}
{"component":"LOCAL","instance":"","level":"info","msg":"Shutdown","time":"2023-06-28T07:48:22Z"}
{"component":"LOCAL","instance":"","level":"info","msg":"Shutdown","time":"2023-06-28T07:48:22Z"}
{"component":"TESTBED","instance":"1","level":"info","msg":"Stopping test id: 1","time":"2023-06-28T07:48:22Z"}
{"component":"TESTBED","instance":"1","level":"info","msg":"Stopping container fc_featurecloudaifcmultiplefactoranalysis_878155175","time":"2023-06-28T07:48:22Z"}
{"component":"GLOBAL","instance":"","level":"error","msg":"Participant (ID: 004f245664a6fb1a): relaying stopped due to: EOF","time":"2023-06-28T07:48:22Z"}
{"component":"GLOBAL","instance":"","level":"error","msg":"Participant (ID: 4a1a279f70becdc0): relaying stopped due to: EOF","time":"2023-06-28T07:48:22Z"}
{"component":"DOCKER","instance":"","level":"info","msg":"Move data to host","time":"2023-06-28T07:48:22Z"}
{"component":"DOCKER","instance":"","level":"info","msg":"Attach to internal network","time":"2023-06-28T07:48:23Z"}
{"component":"DOCKER","instance":"","level":"info","msg":"Remove application","time":"2023-06-28T07:48:24Z"}
{"component":"DOCKER","instance":"","level":"debug","msg":"Intermediary container used for moving data from volume to host has been removed","time":"2023-06-28T07:48:25Z"}
{"component":"TESTBED","instance":"1","level":"info","msg":"Saved output volume content to /data/tests/results_test_1_client_0_fc_featurecloudaifcmultiplefactoranalysis_878155175.zip","time":"2023-06-28T07:48:25Z"}
{"component":"DOCKER","instance":"","level":"info","msg":"Remove volume test_1_output_0_1687938472","time":"2023-06-28T07:48:25Z"}
{"component":"TESTBED","instance":"1","level":"info","msg":"Deleted volume test_1_output_0_1687938472","time":"2023-06-28T07:48:25Z"}
{"component":"DOCKER","instance":"","level":"info","msg":"Remove volume test_1_input_0_1687938472","time":"2023-06-28T07:48:25Z"}
{"component":"TESTBED","instance":"1","level":"info","msg":"Deleted volume test_1_input_0_1687938472","time":"2023-06-28T07:48:25Z"}
{"component":"TESTBED","instance":"1","level":"info","msg":"Stopping container fc_featurecloudaifcmultiplefactoranalysis_551923178","time":"2023-06-28T07:48:25Z"}
{"component":"DOCKER","instance":"","level":"info","msg":"Move data to host","time":"2023-06-28T07:48:26Z"}
{"component":"DOCKER","instance":"","level":"info","msg":"Attach to internal network","time":"2023-06-28T07:48:26Z"}
{"component":"DOCKER","instance":"","level":"info","msg":"Remove application","time":"2023-06-28T07:48:28Z"}
{"component":"DOCKER","instance":"","level":"debug","msg":"Intermediary container used for moving data from volume to host has been removed","time":"2023-06-28T07:48:29Z"}
{"component":"TESTBED","instance":"1","level":"info","msg":"Saved output volume content to /data/tests/results_test_1_client_1_fc_featurecloudaifcmultiplefactoranalysis_551923178.zip","time":"2023-06-28T07:48:29Z"}
{"component":"DOCKER","instance":"","level":"info","msg":"Remove volume test_1_output_1_1687938480","time":"2023-06-28T07:48:29Z"}
{"component":"TESTBED","instance":"1","level":"info","msg":"Deleted volume test_1_output_1_1687938480","time":"2023-06-28T07:48:29Z"}
{"component":"DOCKER","instance":"","level":"info","msg":"Remove volume test_1_input_1_1687938480","time":"2023-06-28T07:48:29Z"}
{"component":"TESTBED","instance":"1","level":"info","msg":"Deleted volume test_1_input_1_1687938480","time":"2023-06-28T07:48:29Z"}
