{"component":"MAIN","instance":"","level":"info","msg":"Controller start","time":"2023-06-28T13:19:45Z"}
{"component":"MAIN","instance":"","level":"info","msg":"Mode: Dockerized (isolated)","time":"2023-06-28T13:19:45Z"}
{"component":"MAIN","instance":"","level":"info","msg":"Configuration value 'HasGPU': false","time":"2023-06-28T13:19:45Z"}
{"component":"DOCKER","instance":"","level":"info","msg":"Removing leftover Docker entities for label: fc-controller-label","time":"2023-06-28T13:19:46Z"}
{"component":"DOCKER","instance":"","level":"info","msg":"Removed 0 of 0 leftover containers","time":"2023-06-28T13:19:46Z"}
{"component":"DOCKER","instance":"","level":"info","msg":"Removed 0 of 1 leftover volumes","time":"2023-06-28T13:19:46Z"}
{"component":"DOCKER","instance":"","level":"info","msg":"Removed 1 of 1 leftover networks","time":"2023-06-28T13:19:46Z"}
{"component":"GLOBAL","instance":"","level":"info","msg":"Listening on port 9151","time":"2023-06-28T13:19:46Z"}
{"component":"GLOBAL","instance":"","level":"info","msg":"Listening on port 9150","time":"2023-06-28T13:19:46Z"}
{"component":"TESTBED","instance":"","level":"info","msg":"Create new test","time":"2023-06-28T13:20:00Z"}
{"component":"TESTBED","instance":"1","level":"info","msg":"Create volumes and containers...","time":"2023-06-28T13:20:00Z"}
{"component":"DOCKER","instance":"","level":"info","msg":"Create volume test_1_input_0_1687958400","time":"2023-06-28T13:20:00Z"}
{"component":"DOCKER","instance":"","level":"info","msg":"Create volume test_1_output_0_1687958400","time":"2023-06-28T13:20:00Z"}
{"component":"TESTBED","instance":"1","level":"info","msg":"Move data to workspace from /mnt/c/dev/multiplefactoranalysis/data/h1","time":"2023-06-28T13:20:00Z"}
{"component":"DOCKER","instance":"","level":"info","msg":"Move data to workspace","time":"2023-06-28T13:20:00Z"}
{"component":"DOCKER","instance":"","level":"info","msg":"Attach to internal network","time":"2023-06-28T13:20:00Z"}
{"component":"DOCKER","instance":"","level":"info","msg":"Remove application","time":"2023-06-28T13:20:02Z"}
{"component":"DOCKER","instance":"","level":"info","msg":"Intermediary container used for moving data from host to volume has been removed","time":"2023-06-28T13:20:03Z"}
{"component":"TESTBED","instance":"1","level":"info","msg":"Move generic data to input volume from /mnt/c/dev/multiplefactoranalysis/data/generic","time":"2023-06-28T13:20:03Z"}
{"component":"DOCKER","instance":"","level":"info","msg":"Move data to workspace","time":"2023-06-28T13:20:03Z"}
{"component":"DOCKER","instance":"","level":"info","msg":"Attach to internal network","time":"2023-06-28T13:20:03Z"}
{"component":"DOCKER","instance":"","level":"info","msg":"Remove application","time":"2023-06-28T13:20:05Z"}
{"component":"DOCKER","instance":"","level":"info","msg":"Intermediary container used for moving data from host to volume has been removed","time":"2023-06-28T13:20:06Z"}
{"component":"TESTBED","instance":"1","level":"info","msg":"Start application","time":"2023-06-28T13:20:06Z"}
{"component":"DOCKER","instance":"","level":"info","msg":"Attach to internal network","time":"2023-06-28T13:20:06Z"}
{"component":"TESTBED","instance":"1","level":"info","msg":"Append app to list","time":"2023-06-28T13:20:07Z"}
{"component":"DOCKER","instance":"","level":"info","msg":"Create volume test_1_input_1_1687958407","time":"2023-06-28T13:20:07Z"}
{"component":"DOCKER","instance":"","level":"info","msg":"Create volume test_1_output_1_1687958407","time":"2023-06-28T13:20:07Z"}
{"component":"TESTBED","instance":"1","level":"info","msg":"Move data to workspace from /mnt/c/dev/multiplefactoranalysis/data/h2","time":"2023-06-28T13:20:07Z"}
{"component":"DOCKER","instance":"","level":"info","msg":"Move data to workspace","time":"2023-06-28T13:20:07Z"}
{"component":"DOCKER","instance":"","level":"info","msg":"Attach to internal network","time":"2023-06-28T13:20:08Z"}
{"component":"DOCKER","instance":"","level":"info","msg":"Remove application","time":"2023-06-28T13:20:09Z"}
{"component":"DOCKER","instance":"","level":"info","msg":"Intermediary container used for moving data from host to volume has been removed","time":"2023-06-28T13:20:10Z"}
{"component":"TESTBED","instance":"1","level":"info","msg":"Move generic data to input volume from /mnt/c/dev/multiplefactoranalysis/data/generic","time":"2023-06-28T13:20:10Z"}
{"component":"DOCKER","instance":"","level":"info","msg":"Move data to workspace","time":"2023-06-28T13:20:10Z"}
{"component":"DOCKER","instance":"","level":"info","msg":"Attach to internal network","time":"2023-06-28T13:20:11Z"}
{"component":"DOCKER","instance":"","level":"info","msg":"Remove application","time":"2023-06-28T13:20:12Z"}
{"component":"DOCKER","instance":"","level":"info","msg":"Intermediary container used for moving data from host to volume has been removed","time":"2023-06-28T13:20:13Z"}
{"component":"TESTBED","instance":"1","level":"info","msg":"Start application","time":"2023-06-28T13:20:13Z"}
{"component":"DOCKER","instance":"","level":"info","msg":"Attach to internal network","time":"2023-06-28T13:20:13Z"}
{"component":"TESTBED","instance":"1","level":"info","msg":"Append app to list","time":"2023-06-28T13:20:14Z"}
{"component":"TESTBED","instance":"1","level":"info","msg":"Link fc_featurecloudaifcmultiplefactoranalysis_272177908 with global socket server","time":"2023-06-28T13:20:14Z"}
{"component":"TESTBED","instance":"1","level":"info","msg":"Link fc_featurecloudaifcmultiplefactoranalysis_513063849 with global socket server","time":"2023-06-28T13:20:14Z"}
{"component":"TESTBED","instance":"1","level":"info","msg":"Start local socket server","time":"2023-06-28T13:20:14Z"}
{"component":"TESTBED","instance":"1","level":"info","msg":"Start local socket server","time":"2023-06-28T13:20:14Z"}
{"component":"TESTBED","instance":"1","level":"info","msg":"Link to global address","time":"2023-06-28T13:20:14Z"}
{"component":"TESTBED","instance":"1","level":"info","msg":"Link to global address","time":"2023-06-28T13:20:14Z"}
{"component":"GLOBAL","instance":"","level":"info","msg":"Registered new participant controller","time":"2023-06-28T13:20:14Z"}
{"component":"GLOBAL","instance":"","level":"info","msg":"Registered new coordinator controller","time":"2023-06-28T13:20:14Z"}
{"component":"LOCAL","instance":"","level":"info","msg":"Received setup trigger","time":"2023-06-28T13:20:14Z"}
{"component":"LOCAL","instance":"","level":"info","msg":"Received setup trigger","time":"2023-06-28T13:20:14Z"}
{"component":"LOCAL","instance":"","level":"error","msg":"Got error during setup to http://192.168.16.4:9000: Post \"http://192.168.16.4:9000/setup\": dial tcp 192.168.16.4:9000: connect: connection refused","time":"2023-06-28T13:20:14Z"}
{"component":"GLOBAL","instance":"","level":"info","msg":"Setup ad0a4fde1d3c498d151292fb3e9ea27f6d3c017bcc0a26dab0faac741b015bc1","time":"2023-06-28T13:20:15Z"}
{"component":"TESTBED","instance":"1","level":"info","msg":"Setup triggered","time":"2023-06-28T13:20:15Z"}
{"component":"TESTBED","instance":"1","level":"info","msg":"2 apps and server created and running","time":"2023-06-28T13:20:15Z"}
{"component":"LOCAL","instance":"","level":"info","msg":"http://192.168.16.4:9000/status: New data available","time":"2023-06-28T13:20:20Z"}
{"component":"LOCAL","instance":"","level":"info","msg":"Mode: plain","time":"2023-06-28T13:20:20Z"}
{"component":"LOCAL","instance":"","level":"debug","msg":"http://192.168.16.4:9000/data: Fetched 21386 bytes","time":"2023-06-28T13:20:20Z"}
{"component":"GLOBAL","instance":"","level":"info","msg":"[GLOBAL] Participant (ID: 9dab2c59057a2ede) sending 21386 bytes to Coordinator","time":"2023-06-28T13:20:20Z"}
{"component":"LOCAL","instance":"","level":"info","msg":"received 21386 bytes from Client 9dab2c59057a2ede","time":"2023-06-28T13:20:20Z"}
{"component":"LOCAL","instance":"","level":"info","msg":"POST to http://192.168.16.3:9000/data?client=9dab2c59057a2ede [Try 1/3]","time":"2023-06-28T13:20:20Z"}
{"component":"LOCAL","instance":"","level":"info","msg":"http://192.168.16.3:9000/status: Finished","time":"2023-06-28T13:20:21Z"}
{"component":"GLOBAL","instance":"","level":"info","msg":"[GLOBAL] Participant (ID: 5497bf573e4be627) finished the current step","time":"2023-06-28T13:20:21Z"}
{"component":"LOCAL","instance":"","level":"info","msg":"Shutdown","time":"2023-06-28T13:20:22Z"}
{"component":"LOCAL","instance":"","level":"info","msg":"Shutdown","time":"2023-06-28T13:20:22Z"}
{"component":"GLOBAL","instance":"","level":"error","msg":"Participant (ID: 5497bf573e4be627): relaying stopped due to: EOF","time":"2023-06-28T13:20:22Z"}
{"component":"GLOBAL","instance":"","level":"error","msg":"Participant (ID: 9dab2c59057a2ede): relaying stopped due to: EOF","time":"2023-06-28T13:20:22Z"}
{"component":"TESTBED","instance":"1","level":"info","msg":"Stopping test id: 1","time":"2023-06-28T13:20:22Z"}
{"component":"TESTBED","instance":"1","level":"info","msg":"Stopping container fc_featurecloudaifcmultiplefactoranalysis_272177908","time":"2023-06-28T13:20:22Z"}
{"component":"DOCKER","instance":"","level":"info","msg":"Move data to host","time":"2023-06-28T13:20:23Z"}
{"component":"DOCKER","instance":"","level":"info","msg":"Attach to internal network","time":"2023-06-28T13:20:23Z"}
{"component":"DOCKER","instance":"","level":"info","msg":"Remove application","time":"2023-06-28T13:20:25Z"}
{"component":"DOCKER","instance":"","level":"debug","msg":"Intermediary container used for moving data from volume to host has been removed","time":"2023-06-28T13:20:26Z"}
{"component":"TESTBED","instance":"1","level":"info","msg":"Saved output volume content to /data/tests/results_test_1_client_0_fc_featurecloudaifcmultiplefactoranalysis_272177908.zip","time":"2023-06-28T13:20:26Z"}
{"component":"DOCKER","instance":"","level":"info","msg":"Remove volume test_1_output_0_1687958400","time":"2023-06-28T13:20:26Z"}
{"component":"TESTBED","instance":"1","level":"info","msg":"Deleted volume test_1_output_0_1687958400","time":"2023-06-28T13:20:26Z"}
{"component":"DOCKER","instance":"","level":"info","msg":"Remove volume test_1_input_0_1687958400","time":"2023-06-28T13:20:26Z"}
{"component":"TESTBED","instance":"1","level":"info","msg":"Deleted volume test_1_input_0_1687958400","time":"2023-06-28T13:20:26Z"}
{"component":"TESTBED","instance":"1","level":"info","msg":"Stopping container fc_featurecloudaifcmultiplefactoranalysis_513063849","time":"2023-06-28T13:20:26Z"}
{"component":"DOCKER","instance":"","level":"error","msg":"Error: No such container: 93c3073ca9d4ef5a344525b89f2bd6268d9651e5ad90772723a931da134ba9f5","time":"2023-06-28T13:20:26Z"}
{"component":"DOCKER","instance":"","level":"info","msg":"Move data to host","time":"2023-06-28T13:20:27Z"}
{"component":"DOCKER","instance":"","level":"info","msg":"Attach to internal network","time":"2023-06-28T13:20:27Z"}
{"component":"DOCKER","instance":"","level":"info","msg":"Remove application","time":"2023-06-28T13:20:28Z"}
{"component":"DOCKER","instance":"","level":"debug","msg":"Intermediary container used for moving data from volume to host has been removed","time":"2023-06-28T13:20:29Z"}
{"component":"TESTBED","instance":"1","level":"info","msg":"Saved output volume content to /data/tests/results_test_1_client_1_fc_featurecloudaifcmultiplefactoranalysis_513063849.zip","time":"2023-06-28T13:20:30Z"}
{"component":"DOCKER","instance":"","level":"info","msg":"Remove volume test_1_output_1_1687958407","time":"2023-06-28T13:20:30Z"}
{"component":"TESTBED","instance":"1","level":"info","msg":"Deleted volume test_1_output_1_1687958407","time":"2023-06-28T13:20:30Z"}
{"component":"DOCKER","instance":"","level":"info","msg":"Remove volume test_1_input_1_1687958407","time":"2023-06-28T13:20:30Z"}
{"component":"TESTBED","instance":"1","level":"info","msg":"Deleted volume test_1_input_1_1687958407","time":"2023-06-28T13:20:30Z"}
