{"component":"MAIN","instance":"","level":"info","msg":"Controller start","time":"2023-07-01T09:40:38Z"}
{"component":"MAIN","instance":"","level":"info","msg":"Mode: Dockerized (isolated)","time":"2023-07-01T09:40:38Z"}
{"component":"MAIN","instance":"","level":"info","msg":"Configuration value 'HasGPU': false","time":"2023-07-01T09:40:38Z"}
{"component":"DOCKER","instance":"","level":"info","msg":"Removing leftover Docker entities for label: fc-controller-label","time":"2023-07-01T09:40:39Z"}
{"component":"DOCKER","instance":"","level":"info","msg":"Removed 0 of 0 leftover containers","time":"2023-07-01T09:40:39Z"}
{"component":"DOCKER","instance":"","level":"info","msg":"Removed 0 of 1 leftover volumes","time":"2023-07-01T09:40:39Z"}
{"component":"DOCKER","instance":"","level":"info","msg":"Removed 1 of 1 leftover networks","time":"2023-07-01T09:40:39Z"}
{"component":"GLOBAL","instance":"","level":"info","msg":"Listening on port 9151","time":"2023-07-01T09:40:39Z"}
{"component":"GLOBAL","instance":"","level":"info","msg":"Listening on port 9150","time":"2023-07-01T09:40:39Z"}
{"component":"TESTBED","instance":"","level":"info","msg":"Create new test","time":"2023-07-01T09:40:48Z"}
{"component":"TESTBED","instance":"1","level":"info","msg":"Create volumes and containers...","time":"2023-07-01T09:40:48Z"}
{"component":"DOCKER","instance":"","level":"info","msg":"Create volume test_1_input_0_1688204448","time":"2023-07-01T09:40:48Z"}
{"component":"DOCKER","instance":"","level":"info","msg":"Create volume test_1_output_0_1688204448","time":"2023-07-01T09:40:48Z"}
{"component":"TESTBED","instance":"1","level":"info","msg":"Move data to workspace from /mnt/c/dev/multiplefactoranalysis/data/h1","time":"2023-07-01T09:40:48Z"}
{"component":"DOCKER","instance":"","level":"info","msg":"Move data to workspace","time":"2023-07-01T09:40:48Z"}
{"component":"DOCKER","instance":"","level":"info","msg":"Attach to internal network","time":"2023-07-01T09:40:48Z"}
{"component":"DOCKER","instance":"","level":"info","msg":"Remove application","time":"2023-07-01T09:40:50Z"}
{"component":"DOCKER","instance":"","level":"info","msg":"Intermediary container used for moving data from host to volume has been removed","time":"2023-07-01T09:40:51Z"}
{"component":"TESTBED","instance":"1","level":"info","msg":"Move generic data to input volume from /mnt/c/dev/multiplefactoranalysis/data/generic","time":"2023-07-01T09:40:51Z"}
{"component":"DOCKER","instance":"","level":"info","msg":"Move data to workspace","time":"2023-07-01T09:40:51Z"}
{"component":"DOCKER","instance":"","level":"info","msg":"Attach to internal network","time":"2023-07-01T09:40:52Z"}
{"component":"DOCKER","instance":"","level":"info","msg":"Remove application","time":"2023-07-01T09:40:53Z"}
{"component":"DOCKER","instance":"","level":"info","msg":"Intermediary container used for moving data from host to volume has been removed","time":"2023-07-01T09:40:54Z"}
{"component":"TESTBED","instance":"1","level":"info","msg":"Start application","time":"2023-07-01T09:40:54Z"}
{"component":"DOCKER","instance":"","level":"info","msg":"Attach to internal network","time":"2023-07-01T09:40:54Z"}
{"component":"TESTBED","instance":"1","level":"info","msg":"Append app to list","time":"2023-07-01T09:40:56Z"}
{"component":"DOCKER","instance":"","level":"info","msg":"Create volume test_1_input_1_1688204456","time":"2023-07-01T09:40:56Z"}
{"component":"DOCKER","instance":"","level":"info","msg":"Create volume test_1_output_1_1688204456","time":"2023-07-01T09:40:56Z"}
{"component":"TESTBED","instance":"1","level":"info","msg":"Move data to workspace from /mnt/c/dev/multiplefactoranalysis/data/h2","time":"2023-07-01T09:40:56Z"}
{"component":"DOCKER","instance":"","level":"info","msg":"Move data to workspace","time":"2023-07-01T09:40:56Z"}
{"component":"DOCKER","instance":"","level":"info","msg":"Attach to internal network","time":"2023-07-01T09:40:57Z"}
{"component":"DOCKER","instance":"","level":"info","msg":"Remove application","time":"2023-07-01T09:40:58Z"}
{"component":"DOCKER","instance":"","level":"info","msg":"Intermediary container used for moving data from host to volume has been removed","time":"2023-07-01T09:40:59Z"}
{"component":"TESTBED","instance":"1","level":"info","msg":"Move generic data to input volume from /mnt/c/dev/multiplefactoranalysis/data/generic","time":"2023-07-01T09:40:59Z"}
{"component":"DOCKER","instance":"","level":"info","msg":"Move data to workspace","time":"2023-07-01T09:40:59Z"}
{"component":"DOCKER","instance":"","level":"info","msg":"Attach to internal network","time":"2023-07-01T09:41:00Z"}
{"component":"DOCKER","instance":"","level":"info","msg":"Remove application","time":"2023-07-01T09:41:02Z"}
{"component":"DOCKER","instance":"","level":"info","msg":"Intermediary container used for moving data from host to volume has been removed","time":"2023-07-01T09:41:03Z"}
{"component":"TESTBED","instance":"1","level":"info","msg":"Start application","time":"2023-07-01T09:41:03Z"}
{"component":"DOCKER","instance":"","level":"info","msg":"Attach to internal network","time":"2023-07-01T09:41:03Z"}
{"component":"TESTBED","instance":"1","level":"info","msg":"Append app to list","time":"2023-07-01T09:41:04Z"}
{"component":"TESTBED","instance":"1","level":"info","msg":"Link fc_featurecloudaifcmultiplefactoranalysis_960056690 with global socket server","time":"2023-07-01T09:41:04Z"}
{"component":"TESTBED","instance":"1","level":"info","msg":"Link fc_featurecloudaifcmultiplefactoranalysis_210052990 with global socket server","time":"2023-07-01T09:41:04Z"}
{"component":"TESTBED","instance":"1","level":"info","msg":"Start local socket server","time":"2023-07-01T09:41:04Z"}
{"component":"TESTBED","instance":"1","level":"info","msg":"Start local socket server","time":"2023-07-01T09:41:04Z"}
{"component":"TESTBED","instance":"1","level":"info","msg":"Link to global address","time":"2023-07-01T09:41:04Z"}
{"component":"TESTBED","instance":"1","level":"info","msg":"Link to global address","time":"2023-07-01T09:41:04Z"}
{"component":"GLOBAL","instance":"","level":"info","msg":"Registered new participant controller","time":"2023-07-01T09:41:04Z"}
{"component":"GLOBAL","instance":"","level":"info","msg":"Registered new coordinator controller","time":"2023-07-01T09:41:04Z"}
{"component":"LOCAL","instance":"","level":"info","msg":"Received setup trigger","time":"2023-07-01T09:41:04Z"}
{"component":"LOCAL","instance":"","level":"info","msg":"Received setup trigger","time":"2023-07-01T09:41:04Z"}
{"component":"LOCAL","instance":"","level":"error","msg":"Got error during setup to http://172.24.0.4:9000: Post \"http://172.24.0.4:9000/setup\": dial tcp 172.24.0.4:9000: connect: connection refused","time":"2023-07-01T09:41:04Z"}
{"component":"LOCAL","instance":"","level":"error","msg":"Got error code during setup: 502","time":"2023-07-01T09:41:04Z"}
{"component":"GLOBAL","instance":"","level":"info","msg":"Setup fabadc3079667fbd3919dfbbdd7a003c242b173a1732f15edef6bdfeeb03c39a","time":"2023-07-01T09:41:05Z"}
{"component":"TESTBED","instance":"1","level":"info","msg":"Setup triggered","time":"2023-07-01T09:41:05Z"}
{"component":"TESTBED","instance":"1","level":"info","msg":"2 apps and server created and running","time":"2023-07-01T09:41:05Z"}
{"component":"LOCAL","instance":"","level":"error","msg":"Got error code during setup: 502","time":"2023-07-01T09:41:06Z"}
{"component":"LOCAL","instance":"","level":"error","msg":"Got error code during setup: 502","time":"2023-07-01T09:41:06Z"}
{"component":"LOCAL","instance":"","level":"error","msg":"Got error code during setup: 502","time":"2023-07-01T09:41:10Z"}
{"component":"LOCAL","instance":"","level":"error","msg":"Got error code during setup: 502","time":"2023-07-01T09:41:10Z"}
{"component":"LOCAL","instance":"","level":"error","msg":"Got error code during setup: 502","time":"2023-07-01T09:41:18Z"}
{"component":"LOCAL","instance":"","level":"error","msg":"Got error code during setup: 502","time":"2023-07-01T09:41:18Z"}
{"component":"LOCAL","instance":"","level":"error","msg":"Got error code during setup: 502","time":"2023-07-01T09:41:34Z"}
{"component":"LOCAL","instance":"","level":"error","msg":"Got error code during setup: 502","time":"2023-07-01T09:41:34Z"}
{"component":"LOCAL","instance":"","level":"error","msg":"Got error code during setup: 502","time":"2023-07-01T09:42:06Z"}
{"component":"TESTBED","instance":"1","level":"error","msg":"failed to setup, maybe the container got stuck during startup","time":"2023-07-01T09:42:06Z"}
{"component":"LOCAL","instance":"","level":"error","msg":"Got error code during setup: 502","time":"2023-07-01T09:42:06Z"}
{"component":"TESTBED","instance":"1","level":"error","msg":"failed to setup, maybe the container got stuck during startup","time":"2023-07-01T09:42:06Z"}
{"component":"LOCAL","instance":"","level":"info","msg":"Shutdown","time":"2023-07-01T09:42:06Z"}
{"component":"LOCAL","instance":"","level":"info","msg":"Shutdown","time":"2023-07-01T09:42:06Z"}
{"component":"GLOBAL","instance":"","level":"error","msg":"Participant (ID: 67d013524a24b086): relaying stopped due to: read tcp 127.0.0.1:9150-\u003e127.0.0.1:50750: read: connection reset by peer","time":"2023-07-01T09:42:06Z"}
{"component":"TESTBED","instance":"1","level":"info","msg":"Stopping test id: 1","time":"2023-07-01T09:42:06Z"}
{"component":"TESTBED","instance":"1","level":"info","msg":"Stopping container fc_featurecloudaifcmultiplefactoranalysis_960056690","time":"2023-07-01T09:42:06Z"}
{"component":"GLOBAL","instance":"","level":"error","msg":"Participant (ID: 23f437ba53bb6159): relaying stopped due to: read tcp 127.0.0.1:9150-\u003e127.0.0.1:50754: read: connection reset by peer","time":"2023-07-01T09:42:06Z"}
{"component":"DOCKER","instance":"","level":"info","msg":"Move data to host","time":"2023-07-01T09:42:07Z"}
{"component":"DOCKER","instance":"","level":"info","msg":"Attach to internal network","time":"2023-07-01T09:42:07Z"}
{"component":"DOCKER","instance":"","level":"info","msg":"Remove application","time":"2023-07-01T09:42:09Z"}
{"component":"DOCKER","instance":"","level":"debug","msg":"Intermediary container used for moving data from volume to host has been removed","time":"2023-07-01T09:42:10Z"}
{"component":"TESTBED","instance":"1","level":"info","msg":"Saved output volume content to /data/tests/results_test_1_client_0_fc_featurecloudaifcmultiplefactoranalysis_960056690.zip","time":"2023-07-01T09:42:10Z"}
{"component":"DOCKER","instance":"","level":"info","msg":"Remove volume test_1_output_0_1688204448","time":"2023-07-01T09:42:10Z"}
{"component":"TESTBED","instance":"1","level":"info","msg":"Deleted volume test_1_output_0_1688204448","time":"2023-07-01T09:42:10Z"}
{"component":"DOCKER","instance":"","level":"info","msg":"Remove volume test_1_input_0_1688204448","time":"2023-07-01T09:42:10Z"}
{"component":"TESTBED","instance":"1","level":"info","msg":"Deleted volume test_1_input_0_1688204448","time":"2023-07-01T09:42:10Z"}
{"component":"TESTBED","instance":"1","level":"info","msg":"Stopping container fc_featurecloudaifcmultiplefactoranalysis_210052990","time":"2023-07-01T09:42:10Z"}
{"component":"DOCKER","instance":"","level":"info","msg":"Move data to host","time":"2023-07-01T09:42:10Z"}
{"component":"DOCKER","instance":"","level":"info","msg":"Attach to internal network","time":"2023-07-01T09:42:11Z"}
{"component":"DOCKER","instance":"","level":"info","msg":"Remove application","time":"2023-07-01T09:42:12Z"}
{"component":"DOCKER","instance":"","level":"debug","msg":"Intermediary container used for moving data from volume to host has been removed","time":"2023-07-01T09:42:13Z"}
{"component":"TESTBED","instance":"1","level":"info","msg":"Saved output volume content to /data/tests/results_test_1_client_1_fc_featurecloudaifcmultiplefactoranalysis_210052990.zip","time":"2023-07-01T09:42:13Z"}
{"component":"DOCKER","instance":"","level":"info","msg":"Remove volume test_1_output_1_1688204456","time":"2023-07-01T09:42:13Z"}
{"component":"TESTBED","instance":"1","level":"info","msg":"Deleted volume test_1_output_1_1688204456","time":"2023-07-01T09:42:13Z"}
{"component":"DOCKER","instance":"","level":"info","msg":"Remove volume test_1_input_1_1688204456","time":"2023-07-01T09:42:13Z"}
{"component":"TESTBED","instance":"1","level":"info","msg":"Deleted volume test_1_input_1_1688204456","time":"2023-07-01T09:42:13Z"}
