{"component":"MAIN","instance":"","level":"info","msg":"Controller start","time":"2023-06-30T07:14:25Z"}
{"component":"MAIN","instance":"","level":"info","msg":"Mode: Dockerized (isolated)","time":"2023-06-30T07:14:25Z"}
{"component":"MAIN","instance":"","level":"info","msg":"Configuration value 'HasGPU': false","time":"2023-06-30T07:14:25Z"}
{"component":"DOCKER","instance":"","level":"info","msg":"Removing leftover Docker entities for label: fc-controller-label","time":"2023-06-30T07:14:26Z"}
{"component":"DOCKER","instance":"","level":"info","msg":"Removed 0 of 0 leftover containers","time":"2023-06-30T07:14:26Z"}
{"component":"DOCKER","instance":"","level":"info","msg":"Removed 0 of 1 leftover volumes","time":"2023-06-30T07:14:26Z"}
{"component":"DOCKER","instance":"","level":"info","msg":"Removed 1 of 1 leftover networks","time":"2023-06-30T07:14:26Z"}
{"component":"GLOBAL","instance":"","level":"info","msg":"Listening on port 9151","time":"2023-06-30T07:14:26Z"}
{"component":"GLOBAL","instance":"","level":"info","msg":"Listening on port 9150","time":"2023-06-30T07:14:26Z"}
{"component":"TESTBED","instance":"","level":"info","msg":"Create new test","time":"2023-06-30T07:14:34Z"}
{"component":"TESTBED","instance":"1","level":"info","msg":"Create volumes and containers...","time":"2023-06-30T07:14:34Z"}
{"component":"DOCKER","instance":"","level":"info","msg":"Create volume test_1_input_0_1688109274","time":"2023-06-30T07:14:34Z"}
{"component":"DOCKER","instance":"","level":"info","msg":"Create volume test_1_output_0_1688109274","time":"2023-06-30T07:14:34Z"}
{"component":"TESTBED","instance":"1","level":"info","msg":"Move data to workspace from /mnt/c/dev/multiplefactoranalysis/data/h1","time":"2023-06-30T07:14:34Z"}
{"component":"DOCKER","instance":"","level":"info","msg":"Move data to workspace","time":"2023-06-30T07:14:34Z"}
{"component":"DOCKER","instance":"","level":"info","msg":"Attach to internal network","time":"2023-06-30T07:14:34Z"}
{"component":"DOCKER","instance":"","level":"info","msg":"Remove application","time":"2023-06-30T07:14:36Z"}
{"component":"DOCKER","instance":"","level":"info","msg":"Intermediary container used for moving data from host to volume has been removed","time":"2023-06-30T07:14:37Z"}
{"component":"TESTBED","instance":"1","level":"info","msg":"Move generic data to input volume from /mnt/c/dev/multiplefactoranalysis/data/generic","time":"2023-06-30T07:14:37Z"}
{"component":"DOCKER","instance":"","level":"info","msg":"Move data to workspace","time":"2023-06-30T07:14:37Z"}
{"component":"DOCKER","instance":"","level":"info","msg":"Attach to internal network","time":"2023-06-30T07:14:38Z"}
{"component":"DOCKER","instance":"","level":"info","msg":"Remove application","time":"2023-06-30T07:14:39Z"}
{"component":"DOCKER","instance":"","level":"info","msg":"Intermediary container used for moving data from host to volume has been removed","time":"2023-06-30T07:14:40Z"}
{"component":"TESTBED","instance":"1","level":"info","msg":"Start application","time":"2023-06-30T07:14:40Z"}
{"component":"DOCKER","instance":"","level":"info","msg":"Attach to internal network","time":"2023-06-30T07:14:40Z"}
{"component":"TESTBED","instance":"1","level":"info","msg":"Append app to list","time":"2023-06-30T07:14:42Z"}
{"component":"DOCKER","instance":"","level":"info","msg":"Create volume test_1_input_1_1688109282","time":"2023-06-30T07:14:42Z"}
{"component":"DOCKER","instance":"","level":"info","msg":"Create volume test_1_output_1_1688109282","time":"2023-06-30T07:14:42Z"}
{"component":"TESTBED","instance":"1","level":"info","msg":"Move data to workspace from /mnt/c/dev/multiplefactoranalysis/data/h2","time":"2023-06-30T07:14:42Z"}
{"component":"DOCKER","instance":"","level":"info","msg":"Move data to workspace","time":"2023-06-30T07:14:42Z"}
{"component":"DOCKER","instance":"","level":"info","msg":"Attach to internal network","time":"2023-06-30T07:14:43Z"}
{"component":"DOCKER","instance":"","level":"info","msg":"Remove application","time":"2023-06-30T07:14:45Z"}
{"component":"DOCKER","instance":"","level":"info","msg":"Intermediary container used for moving data from host to volume has been removed","time":"2023-06-30T07:14:46Z"}
{"component":"TESTBED","instance":"1","level":"info","msg":"Move generic data to input volume from /mnt/c/dev/multiplefactoranalysis/data/generic","time":"2023-06-30T07:14:46Z"}
{"component":"DOCKER","instance":"","level":"info","msg":"Move data to workspace","time":"2023-06-30T07:14:46Z"}
{"component":"DOCKER","instance":"","level":"info","msg":"Attach to internal network","time":"2023-06-30T07:14:46Z"}
{"component":"DOCKER","instance":"","level":"info","msg":"Remove application","time":"2023-06-30T07:14:48Z"}
{"component":"DOCKER","instance":"","level":"info","msg":"Intermediary container used for moving data from host to volume has been removed","time":"2023-06-30T07:14:49Z"}
{"component":"TESTBED","instance":"1","level":"info","msg":"Start application","time":"2023-06-30T07:14:49Z"}
{"component":"DOCKER","instance":"","level":"info","msg":"Attach to internal network","time":"2023-06-30T07:14:49Z"}
{"component":"TESTBED","instance":"1","level":"info","msg":"Append app to list","time":"2023-06-30T07:14:51Z"}
{"component":"TESTBED","instance":"1","level":"info","msg":"Link fc_featurecloudaifcmultiplefactoranalysis_923506497 with global socket server","time":"2023-06-30T07:14:51Z"}
{"component":"TESTBED","instance":"1","level":"info","msg":"Link fc_featurecloudaifcmultiplefactoranalysis_819452991 with global socket server","time":"2023-06-30T07:14:51Z"}
{"component":"TESTBED","instance":"1","level":"info","msg":"Start local socket server","time":"2023-06-30T07:14:51Z"}
{"component":"TESTBED","instance":"1","level":"info","msg":"Start local socket server","time":"2023-06-30T07:14:51Z"}
{"component":"TESTBED","instance":"1","level":"info","msg":"Link to global address","time":"2023-06-30T07:14:51Z"}
{"component":"TESTBED","instance":"1","level":"info","msg":"Link to global address","time":"2023-06-30T07:14:51Z"}
{"component":"GLOBAL","instance":"","level":"info","msg":"Registered new coordinator controller","time":"2023-06-30T07:14:51Z"}
{"component":"GLOBAL","instance":"","level":"info","msg":"Registered new participant controller","time":"2023-06-30T07:14:51Z"}
{"component":"LOCAL","instance":"","level":"info","msg":"Received setup trigger","time":"2023-06-30T07:14:51Z"}
{"component":"LOCAL","instance":"","level":"info","msg":"Received setup trigger","time":"2023-06-30T07:14:51Z"}
{"component":"LOCAL","instance":"","level":"error","msg":"Got error during setup to http://172.18.0.4:9000: Post \"http://172.18.0.4:9000/setup\": dial tcp 172.18.0.4:9000: connect: connection refused","time":"2023-06-30T07:14:51Z"}
{"component":"GLOBAL","instance":"","level":"info","msg":"Setup 3c6db180cd33e586f80ea0b056ced748073d5c858c53a8f08bb34ebe26ba4aa5","time":"2023-06-30T07:14:52Z"}
{"component":"TESTBED","instance":"1","level":"info","msg":"Setup triggered","time":"2023-06-30T07:14:52Z"}
{"component":"TESTBED","instance":"1","level":"info","msg":"2 apps and server created and running","time":"2023-06-30T07:14:52Z"}
{"component":"LOCAL","instance":"","level":"info","msg":"http://172.18.0.3:9000/status: Finished","time":"2023-06-30T07:14:55Z"}
{"component":"GLOBAL","instance":"","level":"info","msg":"[GLOBAL] Participant (ID: 654a550ef8cd41e0) finished the current step","time":"2023-06-30T07:14:55Z"}
{"component":"LOCAL","instance":"","level":"info","msg":"Shutdown","time":"2023-06-30T07:14:56Z"}
{"component":"GLOBAL","instance":"","level":"error","msg":"Participant (ID: 088fdf26c16b0179): relaying stopped due to: EOF","time":"2023-06-30T07:14:56Z"}
{"component":"LOCAL","instance":"","level":"info","msg":"Shutdown","time":"2023-06-30T07:14:56Z"}
{"component":"TESTBED","instance":"1","level":"info","msg":"Stopping test id: 1","time":"2023-06-30T07:14:56Z"}
{"component":"TESTBED","instance":"1","level":"info","msg":"Stopping container fc_featurecloudaifcmultiplefactoranalysis_923506497","time":"2023-06-30T07:14:56Z"}
{"component":"GLOBAL","instance":"","level":"error","msg":"Participant (ID: 654a550ef8cd41e0): relaying stopped due to: EOF","time":"2023-06-30T07:14:56Z"}
{"component":"DOCKER","instance":"","level":"info","msg":"Move data to host","time":"2023-06-30T07:14:57Z"}
{"component":"DOCKER","instance":"","level":"info","msg":"Attach to internal network","time":"2023-06-30T07:14:58Z"}
{"component":"DOCKER","instance":"","level":"info","msg":"Remove application","time":"2023-06-30T07:15:00Z"}
{"component":"DOCKER","instance":"","level":"debug","msg":"Intermediary container used for moving data from volume to host has been removed","time":"2023-06-30T07:15:01Z"}
{"component":"TESTBED","instance":"1","level":"info","msg":"Saved output volume content to /data/tests/results_test_1_client_0_fc_featurecloudaifcmultiplefactoranalysis_923506497.zip","time":"2023-06-30T07:15:01Z"}
{"component":"DOCKER","instance":"","level":"info","msg":"Remove volume test_1_output_0_1688109274","time":"2023-06-30T07:15:01Z"}
{"component":"TESTBED","instance":"1","level":"info","msg":"Deleted volume test_1_output_0_1688109274","time":"2023-06-30T07:15:01Z"}
{"component":"DOCKER","instance":"","level":"info","msg":"Remove volume test_1_input_0_1688109274","time":"2023-06-30T07:15:01Z"}
{"component":"TESTBED","instance":"1","level":"info","msg":"Deleted volume test_1_input_0_1688109274","time":"2023-06-30T07:15:01Z"}
{"component":"TESTBED","instance":"1","level":"info","msg":"Stopping container fc_featurecloudaifcmultiplefactoranalysis_819452991","time":"2023-06-30T07:15:01Z"}
{"component":"DOCKER","instance":"","level":"info","msg":"Move data to host","time":"2023-06-30T07:15:01Z"}
{"component":"DOCKER","instance":"","level":"info","msg":"Attach to internal network","time":"2023-06-30T07:15:02Z"}
{"component":"DOCKER","instance":"","level":"info","msg":"Remove application","time":"2023-06-30T07:15:03Z"}
{"component":"DOCKER","instance":"","level":"debug","msg":"Intermediary container used for moving data from volume to host has been removed","time":"2023-06-30T07:15:04Z"}
{"component":"TESTBED","instance":"1","level":"info","msg":"Saved output volume content to /data/tests/results_test_1_client_1_fc_featurecloudaifcmultiplefactoranalysis_819452991.zip","time":"2023-06-30T07:15:04Z"}
{"component":"DOCKER","instance":"","level":"info","msg":"Remove volume test_1_output_1_1688109282","time":"2023-06-30T07:15:04Z"}
{"component":"TESTBED","instance":"1","level":"info","msg":"Deleted volume test_1_output_1_1688109282","time":"2023-06-30T07:15:04Z"}
{"component":"DOCKER","instance":"","level":"info","msg":"Remove volume test_1_input_1_1688109282","time":"2023-06-30T07:15:04Z"}
{"component":"TESTBED","instance":"1","level":"info","msg":"Deleted volume test_1_input_1_1688109282","time":"2023-06-30T07:15:04Z"}
