{"component":"MAIN","instance":"","level":"info","msg":"Controller start","time":"2023-06-29T10:17:58Z"}
{"component":"MAIN","instance":"","level":"info","msg":"Mode: Dockerized (isolated)","time":"2023-06-29T10:17:58Z"}
{"component":"MAIN","instance":"","level":"info","msg":"Configuration value 'HasGPU': false","time":"2023-06-29T10:17:58Z"}
{"component":"DOCKER","instance":"","level":"info","msg":"Removing leftover Docker entities for label: fc-controller-label","time":"2023-06-29T10:17:58Z"}
{"component":"DOCKER","instance":"","level":"info","msg":"Removed 0 of 0 leftover containers","time":"2023-06-29T10:17:58Z"}
{"component":"DOCKER","instance":"","level":"info","msg":"Removed 0 of 1 leftover volumes","time":"2023-06-29T10:17:58Z"}
{"component":"DOCKER","instance":"","level":"info","msg":"Removed 1 of 1 leftover networks","time":"2023-06-29T10:17:58Z"}
{"component":"GLOBAL","instance":"","level":"info","msg":"Listening on port 9151","time":"2023-06-29T10:17:58Z"}
{"component":"GLOBAL","instance":"","level":"info","msg":"Listening on port 9150","time":"2023-06-29T10:17:58Z"}
{"component":"TESTBED","instance":"","level":"info","msg":"Create new test","time":"2023-06-29T10:18:04Z"}
{"component":"TESTBED","instance":"1","level":"info","msg":"Create volumes and containers...","time":"2023-06-29T10:18:04Z"}
{"component":"DOCKER","instance":"","level":"info","msg":"Create volume test_1_input_0_1688033884","time":"2023-06-29T10:18:04Z"}
{"component":"DOCKER","instance":"","level":"info","msg":"Create volume test_1_output_0_1688033884","time":"2023-06-29T10:18:04Z"}
{"component":"TESTBED","instance":"1","level":"info","msg":"Move data to workspace from /mnt/c/dev/multiplefactoranalysis/data/h1","time":"2023-06-29T10:18:04Z"}
{"component":"DOCKER","instance":"","level":"info","msg":"Move data to workspace","time":"2023-06-29T10:18:04Z"}
{"component":"DOCKER","instance":"","level":"info","msg":"Attach to internal network","time":"2023-06-29T10:18:04Z"}
{"component":"DOCKER","instance":"","level":"info","msg":"Remove application","time":"2023-06-29T10:18:06Z"}
{"component":"DOCKER","instance":"","level":"info","msg":"Intermediary container used for moving data from host to volume has been removed","time":"2023-06-29T10:18:07Z"}
{"component":"TESTBED","instance":"1","level":"info","msg":"Move generic data to input volume from /mnt/c/dev/multiplefactoranalysis/data/generic","time":"2023-06-29T10:18:07Z"}
{"component":"DOCKER","instance":"","level":"info","msg":"Move data to workspace","time":"2023-06-29T10:18:07Z"}
{"component":"DOCKER","instance":"","level":"info","msg":"Attach to internal network","time":"2023-06-29T10:18:07Z"}
{"component":"DOCKER","instance":"","level":"info","msg":"Remove application","time":"2023-06-29T10:18:09Z"}
{"component":"DOCKER","instance":"","level":"info","msg":"Intermediary container used for moving data from host to volume has been removed","time":"2023-06-29T10:18:10Z"}
{"component":"TESTBED","instance":"1","level":"info","msg":"Start application","time":"2023-06-29T10:18:10Z"}
{"component":"DOCKER","instance":"","level":"info","msg":"Attach to internal network","time":"2023-06-29T10:18:10Z"}
{"component":"TESTBED","instance":"1","level":"info","msg":"Append app to list","time":"2023-06-29T10:18:12Z"}
{"component":"DOCKER","instance":"","level":"info","msg":"Create volume test_1_input_1_1688033892","time":"2023-06-29T10:18:12Z"}
{"component":"DOCKER","instance":"","level":"info","msg":"Create volume test_1_output_1_1688033892","time":"2023-06-29T10:18:12Z"}
{"component":"TESTBED","instance":"1","level":"info","msg":"Move data to workspace from /mnt/c/dev/multiplefactoranalysis/data/h2","time":"2023-06-29T10:18:12Z"}
{"component":"DOCKER","instance":"","level":"info","msg":"Move data to workspace","time":"2023-06-29T10:18:12Z"}
{"component":"DOCKER","instance":"","level":"info","msg":"Attach to internal network","time":"2023-06-29T10:18:12Z"}
{"component":"DOCKER","instance":"","level":"info","msg":"Remove application","time":"2023-06-29T10:18:13Z"}
{"component":"DOCKER","instance":"","level":"info","msg":"Intermediary container used for moving data from host to volume has been removed","time":"2023-06-29T10:18:15Z"}
{"component":"TESTBED","instance":"1","level":"info","msg":"Move generic data to input volume from /mnt/c/dev/multiplefactoranalysis/data/generic","time":"2023-06-29T10:18:15Z"}
{"component":"DOCKER","instance":"","level":"info","msg":"Move data to workspace","time":"2023-06-29T10:18:15Z"}
{"component":"DOCKER","instance":"","level":"info","msg":"Attach to internal network","time":"2023-06-29T10:18:15Z"}
{"component":"DOCKER","instance":"","level":"info","msg":"Remove application","time":"2023-06-29T10:18:16Z"}
{"component":"DOCKER","instance":"","level":"info","msg":"Intermediary container used for moving data from host to volume has been removed","time":"2023-06-29T10:18:17Z"}
{"component":"TESTBED","instance":"1","level":"info","msg":"Start application","time":"2023-06-29T10:18:17Z"}
{"component":"DOCKER","instance":"","level":"info","msg":"Attach to internal network","time":"2023-06-29T10:18:17Z"}
{"component":"TESTBED","instance":"1","level":"info","msg":"Append app to list","time":"2023-06-29T10:18:19Z"}
{"component":"TESTBED","instance":"1","level":"info","msg":"Link fc_featurecloudaifcmultiplefactoranalysis_447825043 with global socket server","time":"2023-06-29T10:18:19Z"}
{"component":"TESTBED","instance":"1","level":"info","msg":"Link fc_featurecloudaifcmultiplefactoranalysis_882281457 with global socket server","time":"2023-06-29T10:18:19Z"}
{"component":"TESTBED","instance":"1","level":"info","msg":"Start local socket server","time":"2023-06-29T10:18:19Z"}
{"component":"TESTBED","instance":"1","level":"info","msg":"Start local socket server","time":"2023-06-29T10:18:19Z"}
{"component":"TESTBED","instance":"1","level":"info","msg":"Link to global address","time":"2023-06-29T10:18:19Z"}
{"component":"TESTBED","instance":"1","level":"info","msg":"Link to global address","time":"2023-06-29T10:18:19Z"}
{"component":"GLOBAL","instance":"","level":"info","msg":"Registered new participant controller","time":"2023-06-29T10:18:19Z"}
{"component":"GLOBAL","instance":"","level":"info","msg":"Registered new coordinator controller","time":"2023-06-29T10:18:19Z"}
{"component":"LOCAL","instance":"","level":"info","msg":"Received setup trigger","time":"2023-06-29T10:18:19Z"}
{"component":"LOCAL","instance":"","level":"info","msg":"Received setup trigger","time":"2023-06-29T10:18:19Z"}
{"component":"LOCAL","instance":"","level":"error","msg":"Got error during setup to http://172.20.0.4:9000: Post \"http://172.20.0.4:9000/setup\": dial tcp 172.20.0.4:9000: connect: connection refused","time":"2023-06-29T10:18:19Z"}
{"component":"GLOBAL","instance":"","level":"info","msg":"Setup a551d6fb07108e8d5cadb6fc1cce422701800188d2000cf72fd2253336f84205","time":"2023-06-29T10:18:20Z"}
{"component":"TESTBED","instance":"1","level":"info","msg":"Setup triggered","time":"2023-06-29T10:18:20Z"}
{"component":"TESTBED","instance":"1","level":"info","msg":"2 apps and server created and running","time":"2023-06-29T10:18:20Z"}
{"component":"LOCAL","instance":"","level":"info","msg":"http://172.20.0.4:9000/status: New data available","time":"2023-06-29T10:18:25Z"}
{"component":"LOCAL","instance":"","level":"info","msg":"Mode: plain","time":"2023-06-29T10:18:25Z"}
{"component":"LOCAL","instance":"","level":"debug","msg":"http://172.20.0.4:9000/data: Fetched 21386 bytes","time":"2023-06-29T10:18:25Z"}
{"component":"GLOBAL","instance":"","level":"info","msg":"[GLOBAL] Participant (ID: b1a7480cf10af046) sending 21386 bytes to Coordinator","time":"2023-06-29T10:18:25Z"}
{"component":"LOCAL","instance":"","level":"info","msg":"received 21386 bytes from Client b1a7480cf10af046","time":"2023-06-29T10:18:25Z"}
{"component":"LOCAL","instance":"","level":"info","msg":"POST to http://172.20.0.3:9000/data?client=b1a7480cf10af046 [Try 1/3]","time":"2023-06-29T10:18:25Z"}
{"component":"LOCAL","instance":"","level":"info","msg":"http://172.20.0.3:9000/status: New data available","time":"2023-06-29T10:18:26Z"}
{"component":"LOCAL","instance":"","level":"info","msg":"Mode: plain","time":"2023-06-29T10:18:26Z"}
{"component":"LOCAL","instance":"","level":"debug","msg":"http://172.20.0.3:9000/data: Fetched 5 bytes","time":"2023-06-29T10:18:26Z"}
{"component":"GLOBAL","instance":"","level":"info","msg":"Coordinator (ID: 110cc180fbe1240e) broadcasting 5 bytes","time":"2023-06-29T10:18:26Z"}
{"component":"LOCAL","instance":"","level":"info","msg":"received 5 bytes from Client 110cc180fbe1240e","time":"2023-06-29T10:18:26Z"}
{"component":"LOCAL","instance":"","level":"info","msg":"POST to http://172.20.0.4:9000/data?client=110cc180fbe1240e [Try 1/3]","time":"2023-06-29T10:18:26Z"}
{"component":"LOCAL","instance":"","level":"info","msg":"http://172.20.0.4:9000/status: New data available","time":"2023-06-29T10:18:28Z"}
{"component":"LOCAL","instance":"","level":"info","msg":"Mode: plain","time":"2023-06-29T10:18:28Z"}
{"component":"LOCAL","instance":"","level":"debug","msg":"http://172.20.0.4:9000/data: Fetched 10447 bytes","time":"2023-06-29T10:18:28Z"}
{"component":"GLOBAL","instance":"","level":"info","msg":"[GLOBAL] Participant (ID: b1a7480cf10af046) sending 10447 bytes to Coordinator","time":"2023-06-29T10:18:28Z"}
{"component":"LOCAL","instance":"","level":"info","msg":"received 10447 bytes from Client b1a7480cf10af046","time":"2023-06-29T10:18:28Z"}
{"component":"LOCAL","instance":"","level":"info","msg":"POST to http://172.20.0.3:9000/data?client=b1a7480cf10af046 [Try 1/3]","time":"2023-06-29T10:18:28Z"}
{"component":"LOCAL","instance":"","level":"info","msg":"http://172.20.0.3:9000/status: Finished","time":"2023-06-29T10:18:29Z"}
{"component":"GLOBAL","instance":"","level":"info","msg":"[GLOBAL] Participant (ID: 110cc180fbe1240e) finished the current step","time":"2023-06-29T10:18:29Z"}
{"component":"LOCAL","instance":"","level":"info","msg":"Shutdown","time":"2023-06-29T10:18:29Z"}
{"component":"LOCAL","instance":"","level":"info","msg":"Shutdown","time":"2023-06-29T10:18:29Z"}
{"component":"GLOBAL","instance":"","level":"error","msg":"Participant (ID: b1a7480cf10af046): relaying stopped due to: EOF","time":"2023-06-29T10:18:29Z"}
{"component":"TESTBED","instance":"1","level":"info","msg":"Stopping test id: 1","time":"2023-06-29T10:18:29Z"}
{"component":"TESTBED","instance":"1","level":"info","msg":"Stopping container fc_featurecloudaifcmultiplefactoranalysis_447825043","time":"2023-06-29T10:18:29Z"}
{"component":"GLOBAL","instance":"","level":"error","msg":"Participant (ID: 110cc180fbe1240e): relaying stopped due to: EOF","time":"2023-06-29T10:18:29Z"}
{"component":"DOCKER","instance":"","level":"info","msg":"Move data to host","time":"2023-06-29T10:18:29Z"}
{"component":"DOCKER","instance":"","level":"info","msg":"Attach to internal network","time":"2023-06-29T10:18:30Z"}
{"component":"DOCKER","instance":"","level":"info","msg":"Remove application","time":"2023-06-29T10:18:31Z"}
{"component":"DOCKER","instance":"","level":"debug","msg":"Intermediary container used for moving data from volume to host has been removed","time":"2023-06-29T10:18:32Z"}
{"component":"TESTBED","instance":"1","level":"info","msg":"Saved output volume content to /data/tests/results_test_1_client_0_fc_featurecloudaifcmultiplefactoranalysis_447825043.zip","time":"2023-06-29T10:18:32Z"}
{"component":"DOCKER","instance":"","level":"info","msg":"Remove volume test_1_output_0_1688033884","time":"2023-06-29T10:18:32Z"}
{"component":"TESTBED","instance":"1","level":"info","msg":"Deleted volume test_1_output_0_1688033884","time":"2023-06-29T10:18:32Z"}
{"component":"DOCKER","instance":"","level":"info","msg":"Remove volume test_1_input_0_1688033884","time":"2023-06-29T10:18:32Z"}
{"component":"TESTBED","instance":"1","level":"info","msg":"Deleted volume test_1_input_0_1688033884","time":"2023-06-29T10:18:32Z"}
{"component":"TESTBED","instance":"1","level":"info","msg":"Stopping container fc_featurecloudaifcmultiplefactoranalysis_882281457","time":"2023-06-29T10:18:32Z"}
{"component":"DOCKER","instance":"","level":"info","msg":"Move data to host","time":"2023-06-29T10:18:33Z"}
{"component":"DOCKER","instance":"","level":"info","msg":"Attach to internal network","time":"2023-06-29T10:18:33Z"}
{"component":"DOCKER","instance":"","level":"info","msg":"Remove application","time":"2023-06-29T10:18:35Z"}
{"component":"DOCKER","instance":"","level":"debug","msg":"Intermediary container used for moving data from volume to host has been removed","time":"2023-06-29T10:18:36Z"}
{"component":"TESTBED","instance":"1","level":"info","msg":"Saved output volume content to /data/tests/results_test_1_client_1_fc_featurecloudaifcmultiplefactoranalysis_882281457.zip","time":"2023-06-29T10:18:36Z"}
{"component":"DOCKER","instance":"","level":"info","msg":"Remove volume test_1_output_1_1688033892","time":"2023-06-29T10:18:36Z"}
{"component":"TESTBED","instance":"1","level":"info","msg":"Deleted volume test_1_output_1_1688033892","time":"2023-06-29T10:18:36Z"}
{"component":"DOCKER","instance":"","level":"info","msg":"Remove volume test_1_input_1_1688033892","time":"2023-06-29T10:18:36Z"}
{"component":"TESTBED","instance":"1","level":"info","msg":"Deleted volume test_1_input_1_1688033892","time":"2023-06-29T10:18:36Z"}
