{"component":"MAIN","instance":"","level":"info","msg":"Controller start","time":"2023-06-29T10:34:02Z"}
{"component":"MAIN","instance":"","level":"info","msg":"Mode: Dockerized (isolated)","time":"2023-06-29T10:34:02Z"}
{"component":"MAIN","instance":"","level":"info","msg":"Configuration value 'HasGPU': false","time":"2023-06-29T10:34:02Z"}
{"component":"DOCKER","instance":"","level":"info","msg":"Removing leftover Docker entities for label: fc-controller-label","time":"2023-06-29T10:34:02Z"}
{"component":"DOCKER","instance":"","level":"info","msg":"Removed 0 of 0 leftover containers","time":"2023-06-29T10:34:02Z"}
{"component":"DOCKER","instance":"","level":"info","msg":"Removed 0 of 1 leftover volumes","time":"2023-06-29T10:34:02Z"}
{"component":"DOCKER","instance":"","level":"info","msg":"Removed 1 of 1 leftover networks","time":"2023-06-29T10:34:02Z"}
{"component":"GLOBAL","instance":"","level":"info","msg":"Listening on port 9151","time":"2023-06-29T10:34:02Z"}
{"component":"GLOBAL","instance":"","level":"info","msg":"Listening on port 9150","time":"2023-06-29T10:34:02Z"}
{"component":"TESTBED","instance":"","level":"info","msg":"Create new test","time":"2023-06-29T10:34:14Z"}
{"component":"TESTBED","instance":"1","level":"info","msg":"Create volumes and containers...","time":"2023-06-29T10:34:14Z"}
{"component":"DOCKER","instance":"","level":"info","msg":"Create volume test_1_input_0_1688034854","time":"2023-06-29T10:34:14Z"}
{"component":"DOCKER","instance":"","level":"info","msg":"Create volume test_1_output_0_1688034854","time":"2023-06-29T10:34:14Z"}
{"component":"TESTBED","instance":"1","level":"info","msg":"Move data to workspace from /mnt/c/dev/multiplefactoranalysis/data/h1","time":"2023-06-29T10:34:14Z"}
{"component":"DOCKER","instance":"","level":"info","msg":"Move data to workspace","time":"2023-06-29T10:34:14Z"}
{"component":"DOCKER","instance":"","level":"info","msg":"Attach to internal network","time":"2023-06-29T10:34:15Z"}
{"component":"DOCKER","instance":"","level":"info","msg":"Remove application","time":"2023-06-29T10:34:16Z"}
{"component":"DOCKER","instance":"","level":"info","msg":"Intermediary container used for moving data from host to volume has been removed","time":"2023-06-29T10:34:17Z"}
{"component":"TESTBED","instance":"1","level":"info","msg":"Move generic data to input volume from /mnt/c/dev/multiplefactoranalysis/data/generic","time":"2023-06-29T10:34:17Z"}
{"component":"DOCKER","instance":"","level":"info","msg":"Move data to workspace","time":"2023-06-29T10:34:17Z"}
{"component":"DOCKER","instance":"","level":"info","msg":"Attach to internal network","time":"2023-06-29T10:34:18Z"}
{"component":"DOCKER","instance":"","level":"info","msg":"Remove application","time":"2023-06-29T10:34:19Z"}
{"component":"DOCKER","instance":"","level":"info","msg":"Intermediary container used for moving data from host to volume has been removed","time":"2023-06-29T10:34:20Z"}
{"component":"TESTBED","instance":"1","level":"info","msg":"Start application","time":"2023-06-29T10:34:20Z"}
{"component":"DOCKER","instance":"","level":"info","msg":"Attach to internal network","time":"2023-06-29T10:34:20Z"}
{"component":"TESTBED","instance":"1","level":"info","msg":"Append app to list","time":"2023-06-29T10:34:22Z"}
{"component":"DOCKER","instance":"","level":"info","msg":"Create volume test_1_input_1_1688034862","time":"2023-06-29T10:34:22Z"}
{"component":"DOCKER","instance":"","level":"info","msg":"Create volume test_1_output_1_1688034862","time":"2023-06-29T10:34:22Z"}
{"component":"TESTBED","instance":"1","level":"info","msg":"Move data to workspace from /mnt/c/dev/multiplefactoranalysis/data/h2","time":"2023-06-29T10:34:22Z"}
{"component":"DOCKER","instance":"","level":"info","msg":"Move data to workspace","time":"2023-06-29T10:34:22Z"}
{"component":"DOCKER","instance":"","level":"info","msg":"Attach to internal network","time":"2023-06-29T10:34:22Z"}
{"component":"DOCKER","instance":"","level":"info","msg":"Remove application","time":"2023-06-29T10:34:24Z"}
{"component":"DOCKER","instance":"","level":"info","msg":"Intermediary container used for moving data from host to volume has been removed","time":"2023-06-29T10:34:25Z"}
{"component":"TESTBED","instance":"1","level":"info","msg":"Move generic data to input volume from /mnt/c/dev/multiplefactoranalysis/data/generic","time":"2023-06-29T10:34:25Z"}
{"component":"DOCKER","instance":"","level":"info","msg":"Move data to workspace","time":"2023-06-29T10:34:25Z"}
{"component":"DOCKER","instance":"","level":"info","msg":"Attach to internal network","time":"2023-06-29T10:34:25Z"}
{"component":"DOCKER","instance":"","level":"info","msg":"Remove application","time":"2023-06-29T10:34:27Z"}
{"component":"DOCKER","instance":"","level":"info","msg":"Intermediary container used for moving data from host to volume has been removed","time":"2023-06-29T10:34:28Z"}
{"component":"TESTBED","instance":"1","level":"info","msg":"Start application","time":"2023-06-29T10:34:28Z"}
{"component":"DOCKER","instance":"","level":"info","msg":"Attach to internal network","time":"2023-06-29T10:34:28Z"}
{"component":"TESTBED","instance":"1","level":"info","msg":"Append app to list","time":"2023-06-29T10:34:29Z"}
{"component":"TESTBED","instance":"1","level":"info","msg":"Link fc_featurecloudaifcmultiplefactoranalysis_734892355 with global socket server","time":"2023-06-29T10:34:29Z"}
{"component":"TESTBED","instance":"1","level":"info","msg":"Link fc_featurecloudaifcmultiplefactoranalysis_65675367 with global socket server","time":"2023-06-29T10:34:29Z"}
{"component":"TESTBED","instance":"1","level":"info","msg":"Start local socket server","time":"2023-06-29T10:34:29Z"}
{"component":"TESTBED","instance":"1","level":"info","msg":"Start local socket server","time":"2023-06-29T10:34:29Z"}
{"component":"TESTBED","instance":"1","level":"info","msg":"Link to global address","time":"2023-06-29T10:34:29Z"}
{"component":"TESTBED","instance":"1","level":"info","msg":"Link to global address","time":"2023-06-29T10:34:29Z"}
{"component":"GLOBAL","instance":"","level":"info","msg":"Registered new participant controller","time":"2023-06-29T10:34:29Z"}
{"component":"GLOBAL","instance":"","level":"info","msg":"Registered new coordinator controller","time":"2023-06-29T10:34:29Z"}
{"component":"LOCAL","instance":"","level":"info","msg":"Received setup trigger","time":"2023-06-29T10:34:29Z"}
{"component":"LOCAL","instance":"","level":"info","msg":"Received setup trigger","time":"2023-06-29T10:34:29Z"}
{"component":"LOCAL","instance":"","level":"error","msg":"Got error during setup to http://172.23.0.4:9000: Post \"http://172.23.0.4:9000/setup\": dial tcp 172.23.0.4:9000: connect: connection refused","time":"2023-06-29T10:34:29Z"}
{"component":"GLOBAL","instance":"","level":"info","msg":"Setup c560a6bede0d9ee9201b81e2d8f441d76459b6f882718151d20055cd9138a73c","time":"2023-06-29T10:34:30Z"}
{"component":"TESTBED","instance":"1","level":"info","msg":"Setup triggered","time":"2023-06-29T10:34:30Z"}
{"component":"TESTBED","instance":"1","level":"info","msg":"2 apps and server created and running","time":"2023-06-29T10:34:30Z"}
{"component":"LOCAL","instance":"","level":"info","msg":"http://172.23.0.4:9000/status: New data available","time":"2023-06-29T10:34:35Z"}
{"component":"LOCAL","instance":"","level":"info","msg":"Mode: plain","time":"2023-06-29T10:34:35Z"}
{"component":"LOCAL","instance":"","level":"debug","msg":"http://172.23.0.4:9000/data: Fetched 21386 bytes","time":"2023-06-29T10:34:35Z"}
{"component":"GLOBAL","instance":"","level":"info","msg":"[GLOBAL] Participant (ID: ff1daf8c9a9219b1) sending 21386 bytes to Coordinator","time":"2023-06-29T10:34:35Z"}
{"component":"LOCAL","instance":"","level":"info","msg":"received 21386 bytes from Client ff1daf8c9a9219b1","time":"2023-06-29T10:34:35Z"}
{"component":"LOCAL","instance":"","level":"info","msg":"POST to http://172.23.0.3:9000/data?client=ff1daf8c9a9219b1 [Try 1/3]","time":"2023-06-29T10:34:35Z"}
{"component":"LOCAL","instance":"","level":"info","msg":"http://172.23.0.3:9000/status: New data available","time":"2023-06-29T10:34:36Z"}
{"component":"LOCAL","instance":"","level":"info","msg":"Mode: plain","time":"2023-06-29T10:34:36Z"}
{"component":"LOCAL","instance":"","level":"debug","msg":"http://172.23.0.3:9000/data: Fetched 10887 bytes","time":"2023-06-29T10:34:36Z"}
{"component":"GLOBAL","instance":"","level":"info","msg":"Coordinator (ID: 55add05e88f99cf7) broadcasting 10887 bytes","time":"2023-06-29T10:34:36Z"}
{"component":"LOCAL","instance":"","level":"info","msg":"received 10887 bytes from Client 55add05e88f99cf7","time":"2023-06-29T10:34:36Z"}
{"component":"LOCAL","instance":"","level":"info","msg":"POST to http://172.23.0.4:9000/data?client=55add05e88f99cf7 [Try 1/3]","time":"2023-06-29T10:34:36Z"}
{"component":"LOCAL","instance":"","level":"info","msg":"http://172.23.0.4:9000/status: New data available","time":"2023-06-29T10:34:38Z"}
{"component":"LOCAL","instance":"","level":"info","msg":"Mode: plain","time":"2023-06-29T10:34:38Z"}
{"component":"LOCAL","instance":"","level":"debug","msg":"http://172.23.0.4:9000/data: Fetched 10399 bytes","time":"2023-06-29T10:34:38Z"}
{"component":"GLOBAL","instance":"","level":"info","msg":"[GLOBAL] Participant (ID: ff1daf8c9a9219b1) sending 10399 bytes to Coordinator","time":"2023-06-29T10:34:38Z"}
{"component":"LOCAL","instance":"","level":"info","msg":"received 10399 bytes from Client ff1daf8c9a9219b1","time":"2023-06-29T10:34:38Z"}
{"component":"LOCAL","instance":"","level":"info","msg":"POST to http://172.23.0.3:9000/data?client=ff1daf8c9a9219b1 [Try 1/3]","time":"2023-06-29T10:34:38Z"}
{"component":"LOCAL","instance":"","level":"info","msg":"http://172.23.0.3:9000/status: New data available","time":"2023-06-29T10:34:39Z"}
{"component":"LOCAL","instance":"","level":"info","msg":"Mode: plain","time":"2023-06-29T10:34:39Z"}
{"component":"LOCAL","instance":"","level":"debug","msg":"http://172.23.0.3:9000/data: Fetched 10372 bytes","time":"2023-06-29T10:34:39Z"}
{"component":"GLOBAL","instance":"","level":"info","msg":"Coordinator (ID: 55add05e88f99cf7) broadcasting 10372 bytes","time":"2023-06-29T10:34:39Z"}
{"component":"LOCAL","instance":"","level":"info","msg":"received 10372 bytes from Client 55add05e88f99cf7","time":"2023-06-29T10:34:39Z"}
{"component":"LOCAL","instance":"","level":"info","msg":"POST to http://172.23.0.4:9000/data?client=55add05e88f99cf7 [Try 1/3]","time":"2023-06-29T10:34:39Z"}
{"component":"LOCAL","instance":"","level":"info","msg":"http://172.23.0.4:9000/status: New data available","time":"2023-06-29T10:34:41Z"}
{"component":"LOCAL","instance":"","level":"info","msg":"Mode: plain","time":"2023-06-29T10:34:41Z"}
{"component":"LOCAL","instance":"","level":"debug","msg":"http://172.23.0.4:9000/data: Fetched 10381 bytes","time":"2023-06-29T10:34:41Z"}
{"component":"GLOBAL","instance":"","level":"info","msg":"[GLOBAL] Participant (ID: ff1daf8c9a9219b1) sending 10381 bytes to Coordinator","time":"2023-06-29T10:34:41Z"}
{"component":"LOCAL","instance":"","level":"info","msg":"received 10381 bytes from Client ff1daf8c9a9219b1","time":"2023-06-29T10:34:41Z"}
{"component":"LOCAL","instance":"","level":"info","msg":"POST to http://172.23.0.3:9000/data?client=ff1daf8c9a9219b1 [Try 1/3]","time":"2023-06-29T10:34:41Z"}
{"component":"LOCAL","instance":"","level":"info","msg":"http://172.23.0.3:9000/status: New data available","time":"2023-06-29T10:34:42Z"}
{"component":"LOCAL","instance":"","level":"info","msg":"Mode: plain","time":"2023-06-29T10:34:42Z"}
{"component":"LOCAL","instance":"","level":"debug","msg":"http://172.23.0.3:9000/data: Fetched 30039 bytes","time":"2023-06-29T10:34:42Z"}
{"component":"GLOBAL","instance":"","level":"info","msg":"Coordinator (ID: 55add05e88f99cf7) broadcasting 30039 bytes","time":"2023-06-29T10:34:42Z"}
{"component":"LOCAL","instance":"","level":"info","msg":"received 30039 bytes from Client 55add05e88f99cf7","time":"2023-06-29T10:34:42Z"}
{"component":"LOCAL","instance":"","level":"info","msg":"POST to http://172.23.0.4:9000/data?client=55add05e88f99cf7 [Try 1/3]","time":"2023-06-29T10:34:42Z"}
{"component":"LOCAL","instance":"","level":"info","msg":"http://172.23.0.3:9000/status: Finished","time":"2023-06-29T10:34:45Z"}
{"component":"GLOBAL","instance":"","level":"info","msg":"[GLOBAL] Participant (ID: 55add05e88f99cf7) finished the current step","time":"2023-06-29T10:34:45Z"}
{"component":"LOCAL","instance":"","level":"info","msg":"Shutdown","time":"2023-06-29T10:34:46Z"}
{"component":"LOCAL","instance":"","level":"info","msg":"Shutdown","time":"2023-06-29T10:34:46Z"}
{"component":"GLOBAL","instance":"","level":"error","msg":"Participant (ID: ff1daf8c9a9219b1): relaying stopped due to: EOF","time":"2023-06-29T10:34:46Z"}
{"component":"TESTBED","instance":"1","level":"info","msg":"Stopping test id: 1","time":"2023-06-29T10:34:46Z"}
{"component":"TESTBED","instance":"1","level":"info","msg":"Stopping container fc_featurecloudaifcmultiplefactoranalysis_734892355","time":"2023-06-29T10:34:46Z"}
{"component":"GLOBAL","instance":"","level":"error","msg":"Participant (ID: 55add05e88f99cf7): relaying stopped due to: EOF","time":"2023-06-29T10:34:46Z"}
{"component":"DOCKER","instance":"","level":"info","msg":"Move data to host","time":"2023-06-29T10:34:47Z"}
{"component":"DOCKER","instance":"","level":"info","msg":"Attach to internal network","time":"2023-06-29T10:34:47Z"}
{"component":"DOCKER","instance":"","level":"info","msg":"Remove application","time":"2023-06-29T10:34:49Z"}
{"component":"DOCKER","instance":"","level":"debug","msg":"Intermediary container used for moving data from volume to host has been removed","time":"2023-06-29T10:34:50Z"}
{"component":"TESTBED","instance":"1","level":"info","msg":"Saved output volume content to /data/tests/results_test_1_client_0_fc_featurecloudaifcmultiplefactoranalysis_734892355.zip","time":"2023-06-29T10:34:50Z"}
{"component":"DOCKER","instance":"","level":"info","msg":"Remove volume test_1_output_0_1688034854","time":"2023-06-29T10:34:50Z"}
{"component":"TESTBED","instance":"1","level":"info","msg":"Deleted volume test_1_output_0_1688034854","time":"2023-06-29T10:34:50Z"}
{"component":"DOCKER","instance":"","level":"info","msg":"Remove volume test_1_input_0_1688034854","time":"2023-06-29T10:34:50Z"}
{"component":"TESTBED","instance":"1","level":"info","msg":"Deleted volume test_1_input_0_1688034854","time":"2023-06-29T10:34:50Z"}
{"component":"TESTBED","instance":"1","level":"info","msg":"Stopping container fc_featurecloudaifcmultiplefactoranalysis_65675367","time":"2023-06-29T10:34:50Z"}
{"component":"DOCKER","instance":"","level":"info","msg":"Move data to host","time":"2023-06-29T10:34:51Z"}
{"component":"DOCKER","instance":"","level":"info","msg":"Attach to internal network","time":"2023-06-29T10:34:51Z"}
{"component":"DOCKER","instance":"","level":"info","msg":"Remove application","time":"2023-06-29T10:34:53Z"}
{"component":"DOCKER","instance":"","level":"debug","msg":"Intermediary container used for moving data from volume to host has been removed","time":"2023-06-29T10:34:54Z"}
{"component":"TESTBED","instance":"1","level":"info","msg":"Saved output volume content to /data/tests/results_test_1_client_1_fc_featurecloudaifcmultiplefactoranalysis_65675367.zip","time":"2023-06-29T10:34:54Z"}
{"component":"DOCKER","instance":"","level":"info","msg":"Remove volume test_1_output_1_1688034862","time":"2023-06-29T10:34:54Z"}
{"component":"TESTBED","instance":"1","level":"info","msg":"Deleted volume test_1_output_1_1688034862","time":"2023-06-29T10:34:54Z"}
{"component":"DOCKER","instance":"","level":"info","msg":"Remove volume test_1_input_1_1688034862","time":"2023-06-29T10:34:54Z"}
{"component":"TESTBED","instance":"1","level":"info","msg":"Deleted volume test_1_input_1_1688034862","time":"2023-06-29T10:34:54Z"}
{"component":"DOCKER","instance":"","level":"error","msg":"Error: No such container: 1d981822b37dbaf6cb2625e392492937f71d8d311e8d381640fb463afea62e50","time":"2023-06-29T10:35:05Z"}
{"component":"DOCKER","instance":"","level":"error","msg":"Error: No such container: b4ccda628ee3aa8f5b42a663994786f82dedb5ca80311870bd27a4a78981caef","time":"2023-06-29T10:35:08Z"}
