{"component":"MAIN","instance":"","level":"info","msg":"Controller start","time":"2023-06-30T12:37:57Z"}
{"component":"MAIN","instance":"","level":"info","msg":"Mode: Dockerized (isolated)","time":"2023-06-30T12:37:57Z"}
{"component":"MAIN","instance":"","level":"info","msg":"Configuration value 'HasGPU': false","time":"2023-06-30T12:37:57Z"}
{"component":"DOCKER","instance":"","level":"info","msg":"Removing leftover Docker entities for label: fc-controller-label","time":"2023-06-30T12:37:57Z"}
{"component":"DOCKER","instance":"","level":"info","msg":"Removed 0 of 0 leftover containers","time":"2023-06-30T12:37:57Z"}
{"component":"DOCKER","instance":"","level":"info","msg":"Removed 0 of 1 leftover volumes","time":"2023-06-30T12:37:57Z"}
{"component":"DOCKER","instance":"","level":"info","msg":"Removed 1 of 1 leftover networks","time":"2023-06-30T12:37:57Z"}
{"component":"GLOBAL","instance":"","level":"info","msg":"Listening on port 9151","time":"2023-06-30T12:37:57Z"}
{"component":"GLOBAL","instance":"","level":"info","msg":"Listening on port 9150","time":"2023-06-30T12:37:57Z"}
{"component":"TESTBED","instance":"","level":"info","msg":"Create new test","time":"2023-06-30T12:38:03Z"}
{"component":"TESTBED","instance":"1","level":"info","msg":"Create volumes and containers...","time":"2023-06-30T12:38:03Z"}
{"component":"DOCKER","instance":"","level":"info","msg":"Create volume test_1_input_0_1688128683","time":"2023-06-30T12:38:03Z"}
{"component":"DOCKER","instance":"","level":"info","msg":"Create volume test_1_output_0_1688128683","time":"2023-06-30T12:38:03Z"}
{"component":"TESTBED","instance":"1","level":"info","msg":"Move data to workspace from /mnt/c/dev/multiplefactoranalysis/data/h1","time":"2023-06-30T12:38:03Z"}
{"component":"DOCKER","instance":"","level":"info","msg":"Move data to workspace","time":"2023-06-30T12:38:03Z"}
{"component":"DOCKER","instance":"","level":"info","msg":"Attach to internal network","time":"2023-06-30T12:38:03Z"}
{"component":"DOCKER","instance":"","level":"info","msg":"Remove application","time":"2023-06-30T12:38:05Z"}
{"component":"DOCKER","instance":"","level":"info","msg":"Intermediary container used for moving data from host to volume has been removed","time":"2023-06-30T12:38:06Z"}
{"component":"TESTBED","instance":"1","level":"info","msg":"Move generic data to input volume from /mnt/c/dev/multiplefactoranalysis/data/generic","time":"2023-06-30T12:38:06Z"}
{"component":"DOCKER","instance":"","level":"info","msg":"Move data to workspace","time":"2023-06-30T12:38:06Z"}
{"component":"DOCKER","instance":"","level":"info","msg":"Attach to internal network","time":"2023-06-30T12:38:07Z"}
{"component":"DOCKER","instance":"","level":"info","msg":"Remove application","time":"2023-06-30T12:38:08Z"}
{"component":"DOCKER","instance":"","level":"info","msg":"Intermediary container used for moving data from host to volume has been removed","time":"2023-06-30T12:38:09Z"}
{"component":"TESTBED","instance":"1","level":"info","msg":"Start application","time":"2023-06-30T12:38:09Z"}
{"component":"DOCKER","instance":"","level":"info","msg":"Attach to internal network","time":"2023-06-30T12:38:09Z"}
{"component":"TESTBED","instance":"1","level":"info","msg":"Append app to list","time":"2023-06-30T12:38:11Z"}
{"component":"DOCKER","instance":"","level":"info","msg":"Create volume test_1_input_1_1688128691","time":"2023-06-30T12:38:11Z"}
{"component":"DOCKER","instance":"","level":"info","msg":"Create volume test_1_output_1_1688128691","time":"2023-06-30T12:38:11Z"}
{"component":"TESTBED","instance":"1","level":"info","msg":"Move data to workspace from /mnt/c/dev/multiplefactoranalysis/data/h2","time":"2023-06-30T12:38:11Z"}
{"component":"DOCKER","instance":"","level":"info","msg":"Move data to workspace","time":"2023-06-30T12:38:11Z"}
{"component":"DOCKER","instance":"","level":"info","msg":"Attach to internal network","time":"2023-06-30T12:38:11Z"}
{"component":"DOCKER","instance":"","level":"info","msg":"Remove application","time":"2023-06-30T12:38:13Z"}
{"component":"DOCKER","instance":"","level":"info","msg":"Intermediary container used for moving data from host to volume has been removed","time":"2023-06-30T12:38:14Z"}
{"component":"TESTBED","instance":"1","level":"info","msg":"Move generic data to input volume from /mnt/c/dev/multiplefactoranalysis/data/generic","time":"2023-06-30T12:38:14Z"}
{"component":"DOCKER","instance":"","level":"info","msg":"Move data to workspace","time":"2023-06-30T12:38:14Z"}
{"component":"DOCKER","instance":"","level":"info","msg":"Attach to internal network","time":"2023-06-30T12:38:14Z"}
{"component":"DOCKER","instance":"","level":"info","msg":"Remove application","time":"2023-06-30T12:38:16Z"}
{"component":"DOCKER","instance":"","level":"info","msg":"Intermediary container used for moving data from host to volume has been removed","time":"2023-06-30T12:38:17Z"}
{"component":"TESTBED","instance":"1","level":"info","msg":"Start application","time":"2023-06-30T12:38:17Z"}
{"component":"DOCKER","instance":"","level":"info","msg":"Attach to internal network","time":"2023-06-30T12:38:17Z"}
{"component":"TESTBED","instance":"1","level":"info","msg":"Append app to list","time":"2023-06-30T12:38:18Z"}
{"component":"TESTBED","instance":"1","level":"info","msg":"Link fc_featurecloudaifcmultiplefactoranalysis_701628855 with global socket server","time":"2023-06-30T12:38:18Z"}
{"component":"TESTBED","instance":"1","level":"info","msg":"Link fc_featurecloudaifcmultiplefactoranalysis_381752295 with global socket server","time":"2023-06-30T12:38:18Z"}
{"component":"TESTBED","instance":"1","level":"info","msg":"Start local socket server","time":"2023-06-30T12:38:18Z"}
{"component":"TESTBED","instance":"1","level":"info","msg":"Start local socket server","time":"2023-06-30T12:38:18Z"}
{"component":"TESTBED","instance":"1","level":"info","msg":"Link to global address","time":"2023-06-30T12:38:18Z"}
{"component":"TESTBED","instance":"1","level":"info","msg":"Link to global address","time":"2023-06-30T12:38:18Z"}
{"component":"LOCAL","instance":"","level":"info","msg":"Received setup trigger","time":"2023-06-30T12:38:18Z"}
{"component":"LOCAL","instance":"","level":"error","msg":"Got error during setup to http://192.168.160.4:9000: Post \"http://192.168.160.4:9000/setup\": dial tcp 192.168.160.4:9000: connect: connection refused","time":"2023-06-30T12:38:18Z"}
{"component":"GLOBAL","instance":"","level":"info","msg":"Registered new participant controller","time":"2023-06-30T12:38:18Z"}
{"component":"GLOBAL","instance":"","level":"info","msg":"Registered new coordinator controller","time":"2023-06-30T12:38:18Z"}
{"component":"GLOBAL","instance":"","level":"info","msg":"Setup d334b00c9ab7e3605a64aa06f445d9931b35af6ce9a3c755c558ea0a7f5f64e7","time":"2023-06-30T12:38:19Z"}
{"component":"TESTBED","instance":"1","level":"info","msg":"Setup triggered","time":"2023-06-30T12:38:19Z"}
{"component":"TESTBED","instance":"1","level":"info","msg":"2 apps and server created and running","time":"2023-06-30T12:38:19Z"}
{"component":"LOCAL","instance":"","level":"info","msg":"http://192.168.160.4:9000/status: New data available","time":"2023-06-30T12:38:24Z"}
{"component":"LOCAL","instance":"","level":"info","msg":"Mode: plain","time":"2023-06-30T12:38:24Z"}
{"component":"LOCAL","instance":"","level":"debug","msg":"http://192.168.160.4:9000/data: Fetched 7238 bytes","time":"2023-06-30T12:38:24Z"}
{"component":"GLOBAL","instance":"","level":"info","msg":"[GLOBAL] Participant (ID: bf41b0429f56dc04) sending 7238 bytes to Coordinator","time":"2023-06-30T12:38:24Z"}
{"component":"LOCAL","instance":"","level":"info","msg":"received 7238 bytes from Client bf41b0429f56dc04","time":"2023-06-30T12:38:24Z"}
{"component":"LOCAL","instance":"","level":"info","msg":"POST to http://192.168.160.3:9000/data?client=bf41b0429f56dc04 [Try 1/3]","time":"2023-06-30T12:38:24Z"}
