{"component":"MAIN","instance":"","level":"info","msg":"Controller start","time":"2023-06-28T12:27:35Z"}
{"component":"MAIN","instance":"","level":"info","msg":"Mode: Dockerized (isolated)","time":"2023-06-28T12:27:35Z"}
{"component":"MAIN","instance":"","level":"info","msg":"Configuration value 'HasGPU': false","time":"2023-06-28T12:27:35Z"}
{"component":"DOCKER","instance":"","level":"info","msg":"Removing leftover Docker entities for label: fc-controller-label","time":"2023-06-28T12:27:35Z"}
{"component":"DOCKER","instance":"","level":"info","msg":"Removed 0 of 0 leftover containers","time":"2023-06-28T12:27:35Z"}
{"component":"DOCKER","instance":"","level":"info","msg":"Removed 0 of 0 leftover volumes","time":"2023-06-28T12:27:35Z"}
{"component":"DOCKER","instance":"","level":"info","msg":"Removed 1 of 1 leftover networks","time":"2023-06-28T12:27:35Z"}
{"component":"GLOBAL","instance":"","level":"info","msg":"Listening on port 9151","time":"2023-06-28T12:27:35Z"}
{"component":"GLOBAL","instance":"","level":"info","msg":"Listening on port 9150","time":"2023-06-28T12:27:35Z"}
{"component":"TESTBED","instance":"","level":"info","msg":"Create new test","time":"2023-06-28T12:27:49Z"}
{"component":"TESTBED","instance":"1","level":"info","msg":"Create volumes and containers...","time":"2023-06-28T12:27:49Z"}
{"component":"DOCKER","instance":"","level":"info","msg":"Create volume test_1_input_0_1687955269","time":"2023-06-28T12:27:49Z"}
{"component":"DOCKER","instance":"","level":"info","msg":"Create volume test_1_output_0_1687955269","time":"2023-06-28T12:27:49Z"}
{"component":"TESTBED","instance":"1","level":"info","msg":"Move data to workspace from /mnt/c/dev/multiplefactoranalysis/data/h1","time":"2023-06-28T12:27:49Z"}
{"component":"DOCKER","instance":"","level":"info","msg":"Move data to workspace","time":"2023-06-28T12:27:49Z"}
{"component":"DOCKER","instance":"","level":"info","msg":"Attach to internal network","time":"2023-06-28T12:27:50Z"}
{"component":"DOCKER","instance":"","level":"info","msg":"Remove application","time":"2023-06-28T12:27:52Z"}
{"component":"DOCKER","instance":"","level":"info","msg":"Intermediary container used for moving data from host to volume has been removed","time":"2023-06-28T12:27:53Z"}
{"component":"TESTBED","instance":"1","level":"info","msg":"Move generic data to input volume from /mnt/c/dev/multiplefactoranalysis/data/generic","time":"2023-06-28T12:27:53Z"}
{"component":"DOCKER","instance":"","level":"info","msg":"Move data to workspace","time":"2023-06-28T12:27:53Z"}
{"component":"DOCKER","instance":"","level":"info","msg":"Attach to internal network","time":"2023-06-28T12:27:53Z"}
{"component":"DOCKER","instance":"","level":"info","msg":"Remove application","time":"2023-06-28T12:27:55Z"}
{"component":"DOCKER","instance":"","level":"info","msg":"Intermediary container used for moving data from host to volume has been removed","time":"2023-06-28T12:27:56Z"}
{"component":"TESTBED","instance":"1","level":"info","msg":"Start application","time":"2023-06-28T12:27:56Z"}
{"component":"DOCKER","instance":"","level":"info","msg":"Attach to internal network","time":"2023-06-28T12:27:56Z"}
{"component":"TESTBED","instance":"1","level":"info","msg":"Append app to list","time":"2023-06-28T12:27:58Z"}
{"component":"DOCKER","instance":"","level":"info","msg":"Create volume test_1_input_1_1687955278","time":"2023-06-28T12:27:58Z"}
{"component":"DOCKER","instance":"","level":"info","msg":"Create volume test_1_output_1_1687955278","time":"2023-06-28T12:27:58Z"}
{"component":"TESTBED","instance":"1","level":"info","msg":"Move data to workspace from /mnt/c/dev/multiplefactoranalysis/data/h2","time":"2023-06-28T12:27:58Z"}
{"component":"DOCKER","instance":"","level":"info","msg":"Move data to workspace","time":"2023-06-28T12:27:58Z"}
{"component":"DOCKER","instance":"","level":"info","msg":"Attach to internal network","time":"2023-06-28T12:27:58Z"}
{"component":"DOCKER","instance":"","level":"info","msg":"Remove application","time":"2023-06-28T12:28:00Z"}
{"component":"DOCKER","instance":"","level":"info","msg":"Intermediary container used for moving data from host to volume has been removed","time":"2023-06-28T12:28:01Z"}
{"component":"TESTBED","instance":"1","level":"info","msg":"Move generic data to input volume from /mnt/c/dev/multiplefactoranalysis/data/generic","time":"2023-06-28T12:28:01Z"}
{"component":"DOCKER","instance":"","level":"info","msg":"Move data to workspace","time":"2023-06-28T12:28:01Z"}
{"component":"DOCKER","instance":"","level":"info","msg":"Attach to internal network","time":"2023-06-28T12:28:01Z"}
{"component":"DOCKER","instance":"","level":"info","msg":"Remove application","time":"2023-06-28T12:28:03Z"}
{"component":"DOCKER","instance":"","level":"info","msg":"Intermediary container used for moving data from host to volume has been removed","time":"2023-06-28T12:28:04Z"}
{"component":"TESTBED","instance":"1","level":"info","msg":"Start application","time":"2023-06-28T12:28:04Z"}
{"component":"DOCKER","instance":"","level":"info","msg":"Attach to internal network","time":"2023-06-28T12:28:04Z"}
{"component":"TESTBED","instance":"1","level":"info","msg":"Append app to list","time":"2023-06-28T12:28:06Z"}
{"component":"TESTBED","instance":"1","level":"info","msg":"Link fc_featurecloudaifcmultiplefactoranalysis_479909446 with global socket server","time":"2023-06-28T12:28:06Z"}
{"component":"TESTBED","instance":"1","level":"info","msg":"Link fc_featurecloudaifcmultiplefactoranalysis_394722374 with global socket server","time":"2023-06-28T12:28:06Z"}
{"component":"TESTBED","instance":"1","level":"info","msg":"Start local socket server","time":"2023-06-28T12:28:06Z"}
{"component":"TESTBED","instance":"1","level":"info","msg":"Start local socket server","time":"2023-06-28T12:28:06Z"}
{"component":"TESTBED","instance":"1","level":"info","msg":"Link to global address","time":"2023-06-28T12:28:06Z"}
{"component":"TESTBED","instance":"1","level":"info","msg":"Link to global address","time":"2023-06-28T12:28:06Z"}
{"component":"GLOBAL","instance":"","level":"info","msg":"Registered new participant controller","time":"2023-06-28T12:28:06Z"}
{"component":"GLOBAL","instance":"","level":"info","msg":"Registered new coordinator controller","time":"2023-06-28T12:28:06Z"}
{"component":"LOCAL","instance":"","level":"info","msg":"Received setup trigger","time":"2023-06-28T12:28:06Z"}
{"component":"LOCAL","instance":"","level":"info","msg":"Received setup trigger","time":"2023-06-28T12:28:06Z"}
{"component":"LOCAL","instance":"","level":"error","msg":"Got error during setup to http://172.20.0.4:9000: Post \"http://172.20.0.4:9000/setup\": dial tcp 172.20.0.4:9000: connect: connection refused","time":"2023-06-28T12:28:06Z"}
{"component":"GLOBAL","instance":"","level":"info","msg":"Setup 4e816833da647331cc5e3739a6cd224037a8558c770587ff397f6bffbfc30ef0","time":"2023-06-28T12:28:07Z"}
{"component":"TESTBED","instance":"1","level":"info","msg":"Setup triggered","time":"2023-06-28T12:28:07Z"}
{"component":"TESTBED","instance":"1","level":"info","msg":"2 apps and server created and running","time":"2023-06-28T12:28:07Z"}
{"component":"LOCAL","instance":"","level":"info","msg":"http://172.20.0.4:9000/status: New data available","time":"2023-06-28T12:28:12Z"}
{"component":"LOCAL","instance":"","level":"info","msg":"Mode: plain","time":"2023-06-28T12:28:12Z"}
{"component":"LOCAL","instance":"","level":"debug","msg":"http://172.20.0.4:9000/data: Fetched 7241 bytes","time":"2023-06-28T12:28:12Z"}
{"component":"GLOBAL","instance":"","level":"info","msg":"[GLOBAL] Participant (ID: 952620d5e70a0d48) sending 7241 bytes to Coordinator","time":"2023-06-28T12:28:12Z"}
{"component":"LOCAL","instance":"","level":"info","msg":"received 7241 bytes from Client 952620d5e70a0d48","time":"2023-06-28T12:28:12Z"}
{"component":"LOCAL","instance":"","level":"info","msg":"POST to http://172.20.0.3:9000/data?client=952620d5e70a0d48 [Try 1/3]","time":"2023-06-28T12:28:12Z"}
{"component":"LOCAL","instance":"","level":"info","msg":"http://172.20.0.3:9000/status: Finished","time":"2023-06-28T12:28:13Z"}
{"component":"GLOBAL","instance":"","level":"info","msg":"[GLOBAL] Participant (ID: e1a8eabc24c96a3a) finished the current step","time":"2023-06-28T12:28:13Z"}
{"component":"LOCAL","instance":"","level":"info","msg":"Shutdown","time":"2023-06-28T12:28:14Z"}
{"component":"LOCAL","instance":"","level":"info","msg":"Shutdown","time":"2023-06-28T12:28:14Z"}
{"component":"GLOBAL","instance":"","level":"error","msg":"Participant (ID: 952620d5e70a0d48): relaying stopped due to: EOF","time":"2023-06-28T12:28:14Z"}
{"component":"GLOBAL","instance":"","level":"error","msg":"Participant (ID: e1a8eabc24c96a3a): relaying stopped due to: EOF","time":"2023-06-28T12:28:14Z"}
{"component":"TESTBED","instance":"1","level":"info","msg":"Stopping test id: 1","time":"2023-06-28T12:28:14Z"}
{"component":"TESTBED","instance":"1","level":"info","msg":"Stopping container fc_featurecloudaifcmultiplefactoranalysis_479909446","time":"2023-06-28T12:28:14Z"}
{"component":"DOCKER","instance":"","level":"info","msg":"Move data to host","time":"2023-06-28T12:28:14Z"}
{"component":"DOCKER","instance":"","level":"info","msg":"Attach to internal network","time":"2023-06-28T12:28:15Z"}
{"component":"DOCKER","instance":"","level":"error","msg":"Error: No such container: b7158ff066aa7066c32e07c32bf25507ea989d8333b78d338d00c581d43ccd12","time":"2023-06-28T12:28:15Z"}
{"component":"DOCKER","instance":"","level":"info","msg":"Remove application","time":"2023-06-28T12:28:17Z"}
{"component":"DOCKER","instance":"","level":"debug","msg":"Intermediary container used for moving data from volume to host has been removed","time":"2023-06-28T12:28:18Z"}
{"component":"TESTBED","instance":"1","level":"info","msg":"Saved output volume content to /data/tests/results_test_1_client_0_fc_featurecloudaifcmultiplefactoranalysis_479909446.zip","time":"2023-06-28T12:28:18Z"}
{"component":"DOCKER","instance":"","level":"info","msg":"Remove volume test_1_output_0_1687955269","time":"2023-06-28T12:28:18Z"}
{"component":"TESTBED","instance":"1","level":"info","msg":"Deleted volume test_1_output_0_1687955269","time":"2023-06-28T12:28:18Z"}
{"component":"DOCKER","instance":"","level":"info","msg":"Remove volume test_1_input_0_1687955269","time":"2023-06-28T12:28:18Z"}
{"component":"TESTBED","instance":"1","level":"info","msg":"Deleted volume test_1_input_0_1687955269","time":"2023-06-28T12:28:18Z"}
{"component":"TESTBED","instance":"1","level":"info","msg":"Stopping container fc_featurecloudaifcmultiplefactoranalysis_394722374","time":"2023-06-28T12:28:18Z"}
{"component":"DOCKER","instance":"","level":"info","msg":"Move data to host","time":"2023-06-28T12:28:18Z"}
{"component":"DOCKER","instance":"","level":"info","msg":"Attach to internal network","time":"2023-06-28T12:28:19Z"}
{"component":"DOCKER","instance":"","level":"info","msg":"Remove application","time":"2023-06-28T12:28:21Z"}
{"component":"DOCKER","instance":"","level":"debug","msg":"Intermediary container used for moving data from volume to host has been removed","time":"2023-06-28T12:28:22Z"}
{"component":"TESTBED","instance":"1","level":"info","msg":"Saved output volume content to /data/tests/results_test_1_client_1_fc_featurecloudaifcmultiplefactoranalysis_394722374.zip","time":"2023-06-28T12:28:22Z"}
{"component":"DOCKER","instance":"","level":"info","msg":"Remove volume test_1_output_1_1687955278","time":"2023-06-28T12:28:22Z"}
{"component":"TESTBED","instance":"1","level":"info","msg":"Deleted volume test_1_output_1_1687955278","time":"2023-06-28T12:28:22Z"}
{"component":"DOCKER","instance":"","level":"info","msg":"Remove volume test_1_input_1_1687955278","time":"2023-06-28T12:28:22Z"}
{"component":"TESTBED","instance":"1","level":"info","msg":"Deleted volume test_1_input_1_1687955278","time":"2023-06-28T12:28:22Z"}
