{"component":"MAIN","instance":"","level":"info","msg":"Controller start","time":"2023-06-28T07:52:04Z"}
{"component":"MAIN","instance":"","level":"info","msg":"Mode: Dockerized (isolated)","time":"2023-06-28T07:52:04Z"}
{"component":"MAIN","instance":"","level":"info","msg":"Configuration value 'HasGPU': false","time":"2023-06-28T07:52:04Z"}
{"component":"DOCKER","instance":"","level":"info","msg":"Removing leftover Docker entities for label: fc-controller-label","time":"2023-06-28T07:52:04Z"}
{"component":"DOCKER","instance":"","level":"info","msg":"Removed 0 of 0 leftover containers","time":"2023-06-28T07:52:04Z"}
{"component":"DOCKER","instance":"","level":"info","msg":"Removed 0 of 0 leftover volumes","time":"2023-06-28T07:52:04Z"}
{"component":"DOCKER","instance":"","level":"info","msg":"Removed 1 of 1 leftover networks","time":"2023-06-28T07:52:04Z"}
{"component":"GLOBAL","instance":"","level":"info","msg":"Listening on port 9151","time":"2023-06-28T07:52:04Z"}
{"component":"GLOBAL","instance":"","level":"info","msg":"Listening on port 9150","time":"2023-06-28T07:52:04Z"}
{"component":"TESTBED","instance":"","level":"info","msg":"Create new test","time":"2023-06-28T07:52:15Z"}
{"component":"TESTBED","instance":"1","level":"info","msg":"Create volumes and containers...","time":"2023-06-28T07:52:15Z"}
{"component":"DOCKER","instance":"","level":"info","msg":"Create volume test_1_input_0_1687938735","time":"2023-06-28T07:52:15Z"}
{"component":"DOCKER","instance":"","level":"info","msg":"Create volume test_1_output_0_1687938735","time":"2023-06-28T07:52:15Z"}
{"component":"TESTBED","instance":"1","level":"info","msg":"Move data to workspace from /mnt/c/dev/multiplefactoranalysis/data/h1","time":"2023-06-28T07:52:15Z"}
{"component":"DOCKER","instance":"","level":"info","msg":"Move data to workspace","time":"2023-06-28T07:52:15Z"}
{"component":"DOCKER","instance":"","level":"info","msg":"Attach to internal network","time":"2023-06-28T07:52:15Z"}
{"component":"DOCKER","instance":"","level":"info","msg":"Remove application","time":"2023-06-28T07:52:17Z"}
{"component":"DOCKER","instance":"","level":"info","msg":"Intermediary container used for moving data from host to volume has been removed","time":"2023-06-28T07:52:18Z"}
{"component":"TESTBED","instance":"1","level":"info","msg":"Move generic data to input volume from /mnt/c/dev/multiplefactoranalysis/data/generic","time":"2023-06-28T07:52:18Z"}
{"component":"DOCKER","instance":"","level":"info","msg":"Move data to workspace","time":"2023-06-28T07:52:18Z"}
{"component":"DOCKER","instance":"","level":"info","msg":"Attach to internal network","time":"2023-06-28T07:52:19Z"}
{"component":"DOCKER","instance":"","level":"info","msg":"Remove application","time":"2023-06-28T07:52:20Z"}
{"component":"DOCKER","instance":"","level":"info","msg":"Intermediary container used for moving data from host to volume has been removed","time":"2023-06-28T07:52:21Z"}
{"component":"TESTBED","instance":"1","level":"info","msg":"Start application","time":"2023-06-28T07:52:21Z"}
{"component":"DOCKER","instance":"","level":"info","msg":"Attach to internal network","time":"2023-06-28T07:52:21Z"}
{"component":"TESTBED","instance":"1","level":"info","msg":"Append app to list","time":"2023-06-28T07:52:23Z"}
{"component":"DOCKER","instance":"","level":"info","msg":"Create volume test_1_input_1_1687938743","time":"2023-06-28T07:52:23Z"}
{"component":"DOCKER","instance":"","level":"info","msg":"Create volume test_1_output_1_1687938743","time":"2023-06-28T07:52:23Z"}
{"component":"TESTBED","instance":"1","level":"info","msg":"Move data to workspace from /mnt/c/dev/multiplefactoranalysis/data/h2","time":"2023-06-28T07:52:23Z"}
{"component":"DOCKER","instance":"","level":"info","msg":"Move data to workspace","time":"2023-06-28T07:52:23Z"}
{"component":"DOCKER","instance":"","level":"info","msg":"Attach to internal network","time":"2023-06-28T07:52:23Z"}
{"component":"DOCKER","instance":"","level":"info","msg":"Remove application","time":"2023-06-28T07:52:25Z"}
{"component":"DOCKER","instance":"","level":"info","msg":"Intermediary container used for moving data from host to volume has been removed","time":"2023-06-28T07:52:26Z"}
{"component":"TESTBED","instance":"1","level":"info","msg":"Move generic data to input volume from /mnt/c/dev/multiplefactoranalysis/data/generic","time":"2023-06-28T07:52:26Z"}
{"component":"DOCKER","instance":"","level":"info","msg":"Move data to workspace","time":"2023-06-28T07:52:26Z"}
{"component":"DOCKER","instance":"","level":"info","msg":"Attach to internal network","time":"2023-06-28T07:52:27Z"}
{"component":"DOCKER","instance":"","level":"info","msg":"Remove application","time":"2023-06-28T07:52:28Z"}
{"component":"DOCKER","instance":"","level":"info","msg":"Intermediary container used for moving data from host to volume has been removed","time":"2023-06-28T07:52:29Z"}
{"component":"TESTBED","instance":"1","level":"info","msg":"Start application","time":"2023-06-28T07:52:29Z"}
{"component":"DOCKER","instance":"","level":"info","msg":"Attach to internal network","time":"2023-06-28T07:52:29Z"}
{"component":"TESTBED","instance":"1","level":"info","msg":"Append app to list","time":"2023-06-28T07:52:31Z"}
{"component":"TESTBED","instance":"1","level":"info","msg":"Link fc_featurecloudaifcmultiplefactoranalysis_707874533 with global socket server","time":"2023-06-28T07:52:31Z"}
{"component":"TESTBED","instance":"1","level":"info","msg":"Link fc_featurecloudaifcmultiplefactoranalysis_601944586 with global socket server","time":"2023-06-28T07:52:31Z"}
{"component":"TESTBED","instance":"1","level":"info","msg":"Start local socket server","time":"2023-06-28T07:52:31Z"}
{"component":"TESTBED","instance":"1","level":"info","msg":"Start local socket server","time":"2023-06-28T07:52:31Z"}
{"component":"TESTBED","instance":"1","level":"info","msg":"Link to global address","time":"2023-06-28T07:52:31Z"}
{"component":"TESTBED","instance":"1","level":"info","msg":"Link to global address","time":"2023-06-28T07:52:31Z"}
{"component":"GLOBAL","instance":"","level":"info","msg":"Registered new participant controller","time":"2023-06-28T07:52:31Z"}
{"component":"GLOBAL","instance":"","level":"info","msg":"Registered new coordinator controller","time":"2023-06-28T07:52:31Z"}
{"component":"LOCAL","instance":"","level":"info","msg":"Received setup trigger","time":"2023-06-28T07:52:31Z"}
{"component":"LOCAL","instance":"","level":"info","msg":"Received setup trigger","time":"2023-06-28T07:52:31Z"}
{"component":"LOCAL","instance":"","level":"error","msg":"Got error during setup to http://192.168.80.4:9000: Post \"http://192.168.80.4:9000/setup\": dial tcp 192.168.80.4:9000: connect: connection refused","time":"2023-06-28T07:52:31Z"}
{"component":"GLOBAL","instance":"","level":"info","msg":"Setup ea00eea31e64b4afd174f283533701942351f27b9144b9d22707cbd1bf4896d5","time":"2023-06-28T07:52:32Z"}
{"component":"TESTBED","instance":"1","level":"info","msg":"Setup triggered","time":"2023-06-28T07:52:32Z"}
{"component":"TESTBED","instance":"1","level":"info","msg":"2 apps and server created and running","time":"2023-06-28T07:52:32Z"}
{"component":"LOCAL","instance":"","level":"info","msg":"http://192.168.80.4:9000/status: New data available","time":"2023-06-28T07:52:37Z"}
{"component":"LOCAL","instance":"","level":"info","msg":"Mode: plain","time":"2023-06-28T07:52:37Z"}
{"component":"LOCAL","instance":"","level":"debug","msg":"http://192.168.80.4:9000/data: Fetched 14314 bytes","time":"2023-06-28T07:52:37Z"}
{"component":"GLOBAL","instance":"","level":"info","msg":"[GLOBAL] Participant (ID: b0fc53b980a7495b) sending 14314 bytes to Coordinator","time":"2023-06-28T07:52:37Z"}
{"component":"LOCAL","instance":"","level":"info","msg":"received 14314 bytes from Client b0fc53b980a7495b","time":"2023-06-28T07:52:37Z"}
{"component":"LOCAL","instance":"","level":"info","msg":"POST to http://192.168.80.3:9000/data?client=b0fc53b980a7495b [Try 1/3]","time":"2023-06-28T07:52:37Z"}
{"component":"LOCAL","instance":"","level":"info","msg":"http://192.168.80.3:9000/status: New data available","time":"2023-06-28T07:52:38Z"}
{"component":"LOCAL","instance":"","level":"info","msg":"Mode: plain","time":"2023-06-28T07:52:38Z"}
{"component":"LOCAL","instance":"","level":"debug","msg":"http://192.168.80.3:9000/data: Fetched 7287 bytes","time":"2023-06-28T07:52:38Z"}
{"component":"GLOBAL","instance":"","level":"info","msg":"Coordinator (ID: 8b9a772fad9680ba) broadcasting 7287 bytes","time":"2023-06-28T07:52:38Z"}
{"component":"LOCAL","instance":"","level":"info","msg":"received 7287 bytes from Client 8b9a772fad9680ba","time":"2023-06-28T07:52:38Z"}
{"component":"LOCAL","instance":"","level":"info","msg":"POST to http://192.168.80.4:9000/data?client=8b9a772fad9680ba [Try 1/3]","time":"2023-06-28T07:52:38Z"}
{"component":"LOCAL","instance":"","level":"info","msg":"http://192.168.80.4:9000/status: New data available","time":"2023-06-28T07:52:40Z"}
{"component":"LOCAL","instance":"","level":"info","msg":"Mode: plain","time":"2023-06-28T07:52:40Z"}
{"component":"LOCAL","instance":"","level":"debug","msg":"http://192.168.80.4:9000/data: Fetched 6979 bytes","time":"2023-06-28T07:52:40Z"}
{"component":"GLOBAL","instance":"","level":"info","msg":"[GLOBAL] Participant (ID: b0fc53b980a7495b) sending 6979 bytes to Coordinator","time":"2023-06-28T07:52:40Z"}
{"component":"LOCAL","instance":"","level":"info","msg":"received 6979 bytes from Client b0fc53b980a7495b","time":"2023-06-28T07:52:40Z"}
{"component":"LOCAL","instance":"","level":"info","msg":"POST to http://192.168.80.3:9000/data?client=b0fc53b980a7495b [Try 1/3]","time":"2023-06-28T07:52:40Z"}
{"component":"LOCAL","instance":"","level":"info","msg":"http://192.168.80.3:9000/status: New data available","time":"2023-06-28T07:52:41Z"}
{"component":"LOCAL","instance":"","level":"info","msg":"Mode: plain","time":"2023-06-28T07:52:41Z"}
{"component":"LOCAL","instance":"","level":"debug","msg":"http://192.168.80.3:9000/data: Fetched 6991 bytes","time":"2023-06-28T07:52:41Z"}
{"component":"GLOBAL","instance":"","level":"info","msg":"Coordinator (ID: 8b9a772fad9680ba) broadcasting 6991 bytes","time":"2023-06-28T07:52:41Z"}
{"component":"LOCAL","instance":"","level":"info","msg":"received 6991 bytes from Client 8b9a772fad9680ba","time":"2023-06-28T07:52:41Z"}
{"component":"LOCAL","instance":"","level":"info","msg":"POST to http://192.168.80.4:9000/data?client=8b9a772fad9680ba [Try 1/3]","time":"2023-06-28T07:52:41Z"}
{"component":"LOCAL","instance":"","level":"info","msg":"http://192.168.80.4:9000/status: New data available","time":"2023-06-28T07:52:43Z"}
{"component":"LOCAL","instance":"","level":"info","msg":"Mode: plain","time":"2023-06-28T07:52:43Z"}
{"component":"LOCAL","instance":"","level":"debug","msg":"http://192.168.80.4:9000/data: Fetched 6966 bytes","time":"2023-06-28T07:52:43Z"}
{"component":"GLOBAL","instance":"","level":"info","msg":"[GLOBAL] Participant (ID: b0fc53b980a7495b) sending 6966 bytes to Coordinator","time":"2023-06-28T07:52:43Z"}
{"component":"LOCAL","instance":"","level":"info","msg":"received 6966 bytes from Client b0fc53b980a7495b","time":"2023-06-28T07:52:43Z"}
{"component":"LOCAL","instance":"","level":"info","msg":"POST to http://192.168.80.3:9000/data?client=b0fc53b980a7495b [Try 1/3]","time":"2023-06-28T07:52:43Z"}
{"component":"LOCAL","instance":"","level":"info","msg":"http://192.168.80.3:9000/status: New data available","time":"2023-06-28T07:52:44Z"}
{"component":"LOCAL","instance":"","level":"info","msg":"Mode: plain","time":"2023-06-28T07:52:44Z"}
{"component":"LOCAL","instance":"","level":"debug","msg":"http://192.168.80.3:9000/data: Fetched 20165 bytes","time":"2023-06-28T07:52:44Z"}
{"component":"GLOBAL","instance":"","level":"info","msg":"Coordinator (ID: 8b9a772fad9680ba) broadcasting 20165 bytes","time":"2023-06-28T07:52:44Z"}
{"component":"LOCAL","instance":"","level":"info","msg":"received 20165 bytes from Client 8b9a772fad9680ba","time":"2023-06-28T07:52:44Z"}
{"component":"LOCAL","instance":"","level":"info","msg":"POST to http://192.168.80.4:9000/data?client=8b9a772fad9680ba [Try 1/3]","time":"2023-06-28T07:52:44Z"}
{"component":"LOCAL","instance":"","level":"info","msg":"http://192.168.80.4:9000/status: Finished","time":"2023-06-28T07:52:46Z"}
{"component":"GLOBAL","instance":"","level":"info","msg":"[GLOBAL] Participant (ID: b0fc53b980a7495b) finished the current step","time":"2023-06-28T07:52:46Z"}
{"component":"LOCAL","instance":"","level":"info","msg":"Shutdown","time":"2023-06-28T07:52:47Z"}
{"component":"LOCAL","instance":"","level":"info","msg":"Shutdown","time":"2023-06-28T07:52:47Z"}
{"component":"GLOBAL","instance":"","level":"error","msg":"Participant (ID: b0fc53b980a7495b): relaying stopped due to: EOF","time":"2023-06-28T07:52:47Z"}
{"component":"TESTBED","instance":"1","level":"info","msg":"Stopping test id: 1","time":"2023-06-28T07:52:47Z"}
{"component":"GLOBAL","instance":"","level":"error","msg":"Participant (ID: 8b9a772fad9680ba): relaying stopped due to: EOF","time":"2023-06-28T07:52:47Z"}
{"component":"TESTBED","instance":"1","level":"info","msg":"Stopping container fc_featurecloudaifcmultiplefactoranalysis_707874533","time":"2023-06-28T07:52:47Z"}
{"component":"DOCKER","instance":"","level":"info","msg":"Move data to host","time":"2023-06-28T07:52:47Z"}
{"component":"DOCKER","instance":"","level":"info","msg":"Attach to internal network","time":"2023-06-28T07:52:48Z"}
{"component":"DOCKER","instance":"","level":"info","msg":"Remove application","time":"2023-06-28T07:52:49Z"}
{"component":"DOCKER","instance":"","level":"debug","msg":"Intermediary container used for moving data from volume to host has been removed","time":"2023-06-28T07:52:50Z"}
{"component":"TESTBED","instance":"1","level":"info","msg":"Saved output volume content to /data/tests/results_test_1_client_0_fc_featurecloudaifcmultiplefactoranalysis_707874533.zip","time":"2023-06-28T07:52:50Z"}
{"component":"DOCKER","instance":"","level":"info","msg":"Remove volume test_1_output_0_1687938735","time":"2023-06-28T07:52:50Z"}
{"component":"TESTBED","instance":"1","level":"info","msg":"Deleted volume test_1_output_0_1687938735","time":"2023-06-28T07:52:50Z"}
{"component":"DOCKER","instance":"","level":"info","msg":"Remove volume test_1_input_0_1687938735","time":"2023-06-28T07:52:50Z"}
{"component":"TESTBED","instance":"1","level":"info","msg":"Deleted volume test_1_input_0_1687938735","time":"2023-06-28T07:52:50Z"}
{"component":"TESTBED","instance":"1","level":"info","msg":"Stopping container fc_featurecloudaifcmultiplefactoranalysis_601944586","time":"2023-06-28T07:52:50Z"}
{"component":"DOCKER","instance":"","level":"info","msg":"Move data to host","time":"2023-06-28T07:52:51Z"}
{"component":"DOCKER","instance":"","level":"info","msg":"Attach to internal network","time":"2023-06-28T07:52:51Z"}
{"component":"DOCKER","instance":"","level":"info","msg":"Remove application","time":"2023-06-28T07:52:53Z"}
{"component":"DOCKER","instance":"","level":"debug","msg":"Intermediary container used for moving data from volume to host has been removed","time":"2023-06-28T07:52:54Z"}
{"component":"TESTBED","instance":"1","level":"info","msg":"Saved output volume content to /data/tests/results_test_1_client_1_fc_featurecloudaifcmultiplefactoranalysis_601944586.zip","time":"2023-06-28T07:52:54Z"}
{"component":"DOCKER","instance":"","level":"info","msg":"Remove volume test_1_output_1_1687938743","time":"2023-06-28T07:52:54Z"}
{"component":"TESTBED","instance":"1","level":"info","msg":"Deleted volume test_1_output_1_1687938743","time":"2023-06-28T07:52:54Z"}
{"component":"DOCKER","instance":"","level":"info","msg":"Remove volume test_1_input_1_1687938743","time":"2023-06-28T07:52:54Z"}
{"component":"TESTBED","instance":"1","level":"info","msg":"Deleted volume test_1_input_1_1687938743","time":"2023-06-28T07:52:54Z"}
