{"component":"MAIN","instance":"","level":"info","msg":"Controller start","time":"2023-06-28T07:55:00Z"}
{"component":"MAIN","instance":"","level":"info","msg":"Mode: Dockerized (isolated)","time":"2023-06-28T07:55:00Z"}
{"component":"MAIN","instance":"","level":"info","msg":"Configuration value 'HasGPU': false","time":"2023-06-28T07:55:00Z"}
{"component":"DOCKER","instance":"","level":"info","msg":"Removing leftover Docker entities for label: fc-controller-label","time":"2023-06-28T07:55:00Z"}
{"component":"DOCKER","instance":"","level":"info","msg":"Removed 0 of 0 leftover containers","time":"2023-06-28T07:55:00Z"}
{"component":"DOCKER","instance":"","level":"info","msg":"Removed 0 of 0 leftover volumes","time":"2023-06-28T07:55:00Z"}
{"component":"DOCKER","instance":"","level":"info","msg":"Removed 1 of 1 leftover networks","time":"2023-06-28T07:55:00Z"}
{"component":"GLOBAL","instance":"","level":"info","msg":"Listening on port 9150","time":"2023-06-28T07:55:00Z"}
{"component":"GLOBAL","instance":"","level":"info","msg":"Listening on port 9151","time":"2023-06-28T07:55:00Z"}
{"component":"TESTBED","instance":"","level":"info","msg":"Create new test","time":"2023-06-28T07:55:05Z"}
{"component":"TESTBED","instance":"1","level":"info","msg":"Create volumes and containers...","time":"2023-06-28T07:55:05Z"}
{"component":"DOCKER","instance":"","level":"info","msg":"Create volume test_1_input_0_1687938905","time":"2023-06-28T07:55:05Z"}
{"component":"DOCKER","instance":"","level":"info","msg":"Create volume test_1_output_0_1687938905","time":"2023-06-28T07:55:05Z"}
{"component":"TESTBED","instance":"1","level":"info","msg":"Move data to workspace from /mnt/c/dev/multiplefactoranalysis/data/h1","time":"2023-06-28T07:55:05Z"}
{"component":"DOCKER","instance":"","level":"info","msg":"Move data to workspace","time":"2023-06-28T07:55:05Z"}
{"component":"DOCKER","instance":"","level":"info","msg":"Attach to internal network","time":"2023-06-28T07:55:06Z"}
{"component":"DOCKER","instance":"","level":"info","msg":"Remove application","time":"2023-06-28T07:55:08Z"}
{"component":"DOCKER","instance":"","level":"info","msg":"Intermediary container used for moving data from host to volume has been removed","time":"2023-06-28T07:55:09Z"}
{"component":"TESTBED","instance":"1","level":"info","msg":"Move generic data to input volume from /mnt/c/dev/multiplefactoranalysis/data/generic","time":"2023-06-28T07:55:09Z"}
{"component":"DOCKER","instance":"","level":"info","msg":"Move data to workspace","time":"2023-06-28T07:55:09Z"}
{"component":"DOCKER","instance":"","level":"info","msg":"Attach to internal network","time":"2023-06-28T07:55:09Z"}
{"component":"DOCKER","instance":"","level":"info","msg":"Remove application","time":"2023-06-28T07:55:11Z"}
{"component":"DOCKER","instance":"","level":"info","msg":"Intermediary container used for moving data from host to volume has been removed","time":"2023-06-28T07:55:12Z"}
{"component":"TESTBED","instance":"1","level":"info","msg":"Start application","time":"2023-06-28T07:55:12Z"}
{"component":"DOCKER","instance":"","level":"info","msg":"Attach to internal network","time":"2023-06-28T07:55:12Z"}
{"component":"TESTBED","instance":"1","level":"info","msg":"Append app to list","time":"2023-06-28T07:55:14Z"}
{"component":"DOCKER","instance":"","level":"info","msg":"Create volume test_1_input_1_1687938914","time":"2023-06-28T07:55:14Z"}
{"component":"DOCKER","instance":"","level":"info","msg":"Create volume test_1_output_1_1687938914","time":"2023-06-28T07:55:14Z"}
{"component":"TESTBED","instance":"1","level":"info","msg":"Move data to workspace from /mnt/c/dev/multiplefactoranalysis/data/h2","time":"2023-06-28T07:55:14Z"}
{"component":"DOCKER","instance":"","level":"info","msg":"Move data to workspace","time":"2023-06-28T07:55:14Z"}
{"component":"DOCKER","instance":"","level":"info","msg":"Attach to internal network","time":"2023-06-28T07:55:14Z"}
{"component":"DOCKER","instance":"","level":"info","msg":"Remove application","time":"2023-06-28T07:55:16Z"}
{"component":"DOCKER","instance":"","level":"info","msg":"Intermediary container used for moving data from host to volume has been removed","time":"2023-06-28T07:55:17Z"}
{"component":"TESTBED","instance":"1","level":"info","msg":"Move generic data to input volume from /mnt/c/dev/multiplefactoranalysis/data/generic","time":"2023-06-28T07:55:17Z"}
{"component":"DOCKER","instance":"","level":"info","msg":"Move data to workspace","time":"2023-06-28T07:55:17Z"}
{"component":"DOCKER","instance":"","level":"info","msg":"Attach to internal network","time":"2023-06-28T07:55:17Z"}
{"component":"DOCKER","instance":"","level":"info","msg":"Remove application","time":"2023-06-28T07:55:19Z"}
{"component":"DOCKER","instance":"","level":"info","msg":"Intermediary container used for moving data from host to volume has been removed","time":"2023-06-28T07:55:20Z"}
{"component":"TESTBED","instance":"1","level":"info","msg":"Start application","time":"2023-06-28T07:55:20Z"}
{"component":"DOCKER","instance":"","level":"info","msg":"Attach to internal network","time":"2023-06-28T07:55:20Z"}
{"component":"TESTBED","instance":"1","level":"info","msg":"Append app to list","time":"2023-06-28T07:55:22Z"}
{"component":"TESTBED","instance":"1","level":"info","msg":"Link fc_featurecloudaifcmultiplefactoranalysis_670314379 with global socket server","time":"2023-06-28T07:55:22Z"}
{"component":"TESTBED","instance":"1","level":"info","msg":"Link fc_featurecloudaifcmultiplefactoranalysis_509169842 with global socket server","time":"2023-06-28T07:55:22Z"}
{"component":"TESTBED","instance":"1","level":"info","msg":"Start local socket server","time":"2023-06-28T07:55:22Z"}
{"component":"TESTBED","instance":"1","level":"info","msg":"Start local socket server","time":"2023-06-28T07:55:22Z"}
{"component":"TESTBED","instance":"1","level":"info","msg":"Link to global address","time":"2023-06-28T07:55:22Z"}
{"component":"TESTBED","instance":"1","level":"info","msg":"Link to global address","time":"2023-06-28T07:55:22Z"}
{"component":"GLOBAL","instance":"","level":"info","msg":"Registered new coordinator controller","time":"2023-06-28T07:55:22Z"}
{"component":"GLOBAL","instance":"","level":"info","msg":"Registered new participant controller","time":"2023-06-28T07:55:22Z"}
{"component":"LOCAL","instance":"","level":"info","msg":"Received setup trigger","time":"2023-06-28T07:55:22Z"}
{"component":"LOCAL","instance":"","level":"info","msg":"Received setup trigger","time":"2023-06-28T07:55:22Z"}
{"component":"LOCAL","instance":"","level":"error","msg":"Got error during setup to http://192.168.96.4:9000: Post \"http://192.168.96.4:9000/setup\": dial tcp 192.168.96.4:9000: connect: connection refused","time":"2023-06-28T07:55:22Z"}
{"component":"GLOBAL","instance":"","level":"info","msg":"Setup c943fb7a7ff2f91f4403322e273870e727556ee0298c0f28edad0dd18f81e757","time":"2023-06-28T07:55:23Z"}
{"component":"TESTBED","instance":"1","level":"info","msg":"Setup triggered","time":"2023-06-28T07:55:23Z"}
{"component":"TESTBED","instance":"1","level":"info","msg":"2 apps and server created and running","time":"2023-06-28T07:55:23Z"}
{"component":"LOCAL","instance":"","level":"info","msg":"http://192.168.96.4:9000/status: New data available","time":"2023-06-28T07:55:28Z"}
{"component":"LOCAL","instance":"","level":"info","msg":"Mode: plain","time":"2023-06-28T07:55:28Z"}
{"component":"LOCAL","instance":"","level":"debug","msg":"http://192.168.96.4:9000/data: Fetched 14314 bytes","time":"2023-06-28T07:55:28Z"}
{"component":"GLOBAL","instance":"","level":"info","msg":"[GLOBAL] Participant (ID: 5f0cd0c46e8d5d7a) sending 14314 bytes to Coordinator","time":"2023-06-28T07:55:28Z"}
{"component":"LOCAL","instance":"","level":"info","msg":"received 14314 bytes from Client 5f0cd0c46e8d5d7a","time":"2023-06-28T07:55:28Z"}
{"component":"LOCAL","instance":"","level":"info","msg":"POST to http://192.168.96.3:9000/data?client=5f0cd0c46e8d5d7a [Try 1/3]","time":"2023-06-28T07:55:28Z"}
{"component":"LOCAL","instance":"","level":"info","msg":"http://192.168.96.3:9000/status: New data available","time":"2023-06-28T07:55:29Z"}
{"component":"LOCAL","instance":"","level":"info","msg":"Mode: plain","time":"2023-06-28T07:55:29Z"}
{"component":"LOCAL","instance":"","level":"debug","msg":"http://192.168.96.3:9000/data: Fetched 7287 bytes","time":"2023-06-28T07:55:29Z"}
{"component":"GLOBAL","instance":"","level":"info","msg":"Coordinator (ID: 1c1a9d4e2467e602) broadcasting 7287 bytes","time":"2023-06-28T07:55:29Z"}
{"component":"LOCAL","instance":"","level":"info","msg":"received 7287 bytes from Client 1c1a9d4e2467e602","time":"2023-06-28T07:55:29Z"}
{"component":"LOCAL","instance":"","level":"info","msg":"POST to http://192.168.96.4:9000/data?client=1c1a9d4e2467e602 [Try 1/3]","time":"2023-06-28T07:55:29Z"}
{"component":"LOCAL","instance":"","level":"info","msg":"http://192.168.96.4:9000/status: New data available","time":"2023-06-28T07:55:31Z"}
{"component":"LOCAL","instance":"","level":"info","msg":"Mode: plain","time":"2023-06-28T07:55:31Z"}
{"component":"LOCAL","instance":"","level":"debug","msg":"http://192.168.96.4:9000/data: Fetched 6979 bytes","time":"2023-06-28T07:55:31Z"}
{"component":"GLOBAL","instance":"","level":"info","msg":"[GLOBAL] Participant (ID: 5f0cd0c46e8d5d7a) sending 6979 bytes to Coordinator","time":"2023-06-28T07:55:31Z"}
{"component":"LOCAL","instance":"","level":"info","msg":"received 6979 bytes from Client 5f0cd0c46e8d5d7a","time":"2023-06-28T07:55:31Z"}
{"component":"LOCAL","instance":"","level":"info","msg":"POST to http://192.168.96.3:9000/data?client=5f0cd0c46e8d5d7a [Try 1/3]","time":"2023-06-28T07:55:31Z"}
{"component":"LOCAL","instance":"","level":"info","msg":"http://192.168.96.3:9000/status: New data available","time":"2023-06-28T07:55:32Z"}
{"component":"LOCAL","instance":"","level":"info","msg":"Mode: plain","time":"2023-06-28T07:55:32Z"}
{"component":"LOCAL","instance":"","level":"debug","msg":"http://192.168.96.3:9000/data: Fetched 6991 bytes","time":"2023-06-28T07:55:32Z"}
{"component":"GLOBAL","instance":"","level":"info","msg":"Coordinator (ID: 1c1a9d4e2467e602) broadcasting 6991 bytes","time":"2023-06-28T07:55:32Z"}
{"component":"LOCAL","instance":"","level":"info","msg":"received 6991 bytes from Client 1c1a9d4e2467e602","time":"2023-06-28T07:55:32Z"}
{"component":"LOCAL","instance":"","level":"info","msg":"POST to http://192.168.96.4:9000/data?client=1c1a9d4e2467e602 [Try 1/3]","time":"2023-06-28T07:55:32Z"}
{"component":"LOCAL","instance":"","level":"info","msg":"http://192.168.96.4:9000/status: New data available","time":"2023-06-28T07:55:34Z"}
{"component":"LOCAL","instance":"","level":"info","msg":"Mode: plain","time":"2023-06-28T07:55:34Z"}
{"component":"LOCAL","instance":"","level":"debug","msg":"http://192.168.96.4:9000/data: Fetched 6966 bytes","time":"2023-06-28T07:55:34Z"}
{"component":"GLOBAL","instance":"","level":"info","msg":"[GLOBAL] Participant (ID: 5f0cd0c46e8d5d7a) sending 6966 bytes to Coordinator","time":"2023-06-28T07:55:34Z"}
{"component":"LOCAL","instance":"","level":"info","msg":"received 6966 bytes from Client 5f0cd0c46e8d5d7a","time":"2023-06-28T07:55:34Z"}
{"component":"LOCAL","instance":"","level":"info","msg":"POST to http://192.168.96.3:9000/data?client=5f0cd0c46e8d5d7a [Try 1/3]","time":"2023-06-28T07:55:34Z"}
{"component":"LOCAL","instance":"","level":"info","msg":"http://192.168.96.3:9000/status: New data available","time":"2023-06-28T07:55:35Z"}
{"component":"LOCAL","instance":"","level":"info","msg":"Mode: plain","time":"2023-06-28T07:55:35Z"}
{"component":"LOCAL","instance":"","level":"debug","msg":"http://192.168.96.3:9000/data: Fetched 20165 bytes","time":"2023-06-28T07:55:35Z"}
{"component":"GLOBAL","instance":"","level":"info","msg":"Coordinator (ID: 1c1a9d4e2467e602) broadcasting 20165 bytes","time":"2023-06-28T07:55:35Z"}
{"component":"LOCAL","instance":"","level":"info","msg":"received 20165 bytes from Client 1c1a9d4e2467e602","time":"2023-06-28T07:55:35Z"}
{"component":"LOCAL","instance":"","level":"info","msg":"POST to http://192.168.96.4:9000/data?client=1c1a9d4e2467e602 [Try 1/3]","time":"2023-06-28T07:55:35Z"}
{"component":"LOCAL","instance":"","level":"info","msg":"http://192.168.96.4:9000/status: Finished","time":"2023-06-28T07:55:37Z"}
{"component":"GLOBAL","instance":"","level":"info","msg":"[GLOBAL] Participant (ID: 5f0cd0c46e8d5d7a) finished the current step","time":"2023-06-28T07:55:37Z"}
{"component":"LOCAL","instance":"","level":"info","msg":"Shutdown","time":"2023-06-28T07:55:38Z"}
{"component":"LOCAL","instance":"","level":"info","msg":"Shutdown","time":"2023-06-28T07:55:38Z"}
{"component":"GLOBAL","instance":"","level":"error","msg":"Participant (ID: 5f0cd0c46e8d5d7a): relaying stopped due to: EOF","time":"2023-06-28T07:55:38Z"}
{"component":"GLOBAL","instance":"","level":"error","msg":"Participant (ID: 1c1a9d4e2467e602): relaying stopped due to: EOF","time":"2023-06-28T07:55:38Z"}
{"component":"TESTBED","instance":"1","level":"info","msg":"Stopping test id: 1","time":"2023-06-28T07:55:38Z"}
{"component":"TESTBED","instance":"1","level":"info","msg":"Stopping container fc_featurecloudaifcmultiplefactoranalysis_670314379","time":"2023-06-28T07:55:38Z"}
{"component":"DOCKER","instance":"","level":"info","msg":"Move data to host","time":"2023-06-28T07:55:38Z"}
{"component":"DOCKER","instance":"","level":"error","msg":"Error: No such container: 0df8db2010a5730fcae7bbf474fd09b794ef14746cb73092dcd18fcba6749a21","time":"2023-06-28T07:55:38Z"}
{"component":"DOCKER","instance":"","level":"info","msg":"Attach to internal network","time":"2023-06-28T07:55:39Z"}
{"component":"DOCKER","instance":"","level":"info","msg":"Remove application","time":"2023-06-28T07:55:40Z"}
{"component":"DOCKER","instance":"","level":"debug","msg":"Intermediary container used for moving data from volume to host has been removed","time":"2023-06-28T07:55:41Z"}
{"component":"TESTBED","instance":"1","level":"info","msg":"Saved output volume content to /data/tests/results_test_1_client_0_fc_featurecloudaifcmultiplefactoranalysis_670314379.zip","time":"2023-06-28T07:55:41Z"}
{"component":"DOCKER","instance":"","level":"info","msg":"Remove volume test_1_output_0_1687938905","time":"2023-06-28T07:55:41Z"}
{"component":"TESTBED","instance":"1","level":"info","msg":"Deleted volume test_1_output_0_1687938905","time":"2023-06-28T07:55:41Z"}
{"component":"DOCKER","instance":"","level":"info","msg":"Remove volume test_1_input_0_1687938905","time":"2023-06-28T07:55:41Z"}
{"component":"TESTBED","instance":"1","level":"info","msg":"Deleted volume test_1_input_0_1687938905","time":"2023-06-28T07:55:41Z"}
{"component":"TESTBED","instance":"1","level":"info","msg":"Stopping container fc_featurecloudaifcmultiplefactoranalysis_509169842","time":"2023-06-28T07:55:41Z"}
{"component":"DOCKER","instance":"","level":"info","msg":"Move data to host","time":"2023-06-28T07:55:42Z"}
{"component":"DOCKER","instance":"","level":"info","msg":"Attach to internal network","time":"2023-06-28T07:55:42Z"}
{"component":"DOCKER","instance":"","level":"info","msg":"Remove application","time":"2023-06-28T07:55:44Z"}
{"component":"DOCKER","instance":"","level":"debug","msg":"Intermediary container used for moving data from volume to host has been removed","time":"2023-06-28T07:55:45Z"}
{"component":"TESTBED","instance":"1","level":"info","msg":"Saved output volume content to /data/tests/results_test_1_client_1_fc_featurecloudaifcmultiplefactoranalysis_509169842.zip","time":"2023-06-28T07:55:45Z"}
{"component":"DOCKER","instance":"","level":"info","msg":"Remove volume test_1_output_1_1687938914","time":"2023-06-28T07:55:45Z"}
{"component":"TESTBED","instance":"1","level":"info","msg":"Deleted volume test_1_output_1_1687938914","time":"2023-06-28T07:55:45Z"}
{"component":"DOCKER","instance":"","level":"info","msg":"Remove volume test_1_input_1_1687938914","time":"2023-06-28T07:55:45Z"}
{"component":"TESTBED","instance":"1","level":"info","msg":"Deleted volume test_1_input_1_1687938914","time":"2023-06-28T07:55:45Z"}
